[2023-02-14T12:00:35.123+0000] {processor.py:153} INFO - Started process (PID=76) to work on /home/airflow/.local/lib/python3.7/site-packages/airflow/example_dags/example_short_circuit_operator.py
[2023-02-14T12:00:35.125+0000] {processor.py:743} INFO - Processing file /home/airflow/.local/lib/python3.7/site-packages/airflow/example_dags/example_short_circuit_operator.py for tasks to queue
[2023-02-14T12:00:35.127+0000] {logging_mixin.py:137} INFO - [2023-02-14T12:00:35.127+0000] {dagbag.py:538} INFO - Filling up the DagBag from /home/airflow/.local/lib/python3.7/site-packages/airflow/example_dags/example_short_circuit_operator.py
[2023-02-14T12:00:35.156+0000] {processor.py:753} INFO - DAG(s) dict_keys(['example_short_circuit_operator']) retrieved from /home/airflow/.local/lib/python3.7/site-packages/airflow/example_dags/example_short_circuit_operator.py
[2023-02-14T12:00:35.221+0000] {logging_mixin.py:137} INFO - [2023-02-14T12:00:35.221+0000] {dag.py:2676} INFO - Sync 1 DAGs
[2023-02-14T12:00:35.276+0000] {logging_mixin.py:137} INFO - [2023-02-14T12:00:35.276+0000] {dag.py:3427} INFO - Setting next_dagrun for example_short_circuit_operator to 2023-02-13T12:00:35.276211+00:00, run_after=2023-02-14T12:00:35.276211+00:00
[2023-02-14T12:00:35.310+0000] {processor.py:175} INFO - Processing /home/airflow/.local/lib/python3.7/site-packages/airflow/example_dags/example_short_circuit_operator.py took 0.192 seconds
[2023-02-14T12:01:05.677+0000] {processor.py:153} INFO - Started process (PID=147) to work on /home/airflow/.local/lib/python3.7/site-packages/airflow/example_dags/example_short_circuit_operator.py
[2023-02-14T12:01:05.682+0000] {processor.py:743} INFO - Processing file /home/airflow/.local/lib/python3.7/site-packages/airflow/example_dags/example_short_circuit_operator.py for tasks to queue
[2023-02-14T12:01:05.686+0000] {logging_mixin.py:137} INFO - [2023-02-14T12:01:05.686+0000] {dagbag.py:538} INFO - Filling up the DagBag from /home/airflow/.local/lib/python3.7/site-packages/airflow/example_dags/example_short_circuit_operator.py
[2023-02-14T12:01:05.745+0000] {processor.py:753} INFO - DAG(s) dict_keys(['example_short_circuit_operator']) retrieved from /home/airflow/.local/lib/python3.7/site-packages/airflow/example_dags/example_short_circuit_operator.py
[2023-02-14T12:01:05.845+0000] {logging_mixin.py:137} INFO - [2023-02-14T12:01:05.845+0000] {dag.py:2676} INFO - Sync 1 DAGs
[2023-02-14T12:01:05.892+0000] {logging_mixin.py:137} INFO - [2023-02-14T12:01:05.892+0000] {dag.py:3427} INFO - Setting next_dagrun for example_short_circuit_operator to 2023-02-13T12:01:05.891979+00:00, run_after=2023-02-14T12:01:05.891979+00:00
[2023-02-14T12:01:05.935+0000] {processor.py:175} INFO - Processing /home/airflow/.local/lib/python3.7/site-packages/airflow/example_dags/example_short_circuit_operator.py took 0.269 seconds
[2023-02-14T12:01:35.998+0000] {processor.py:153} INFO - Started process (PID=218) to work on /home/airflow/.local/lib/python3.7/site-packages/airflow/example_dags/example_short_circuit_operator.py
[2023-02-14T12:01:36.001+0000] {processor.py:743} INFO - Processing file /home/airflow/.local/lib/python3.7/site-packages/airflow/example_dags/example_short_circuit_operator.py for tasks to queue
[2023-02-14T12:01:36.003+0000] {logging_mixin.py:137} INFO - [2023-02-14T12:01:36.003+0000] {dagbag.py:538} INFO - Filling up the DagBag from /home/airflow/.local/lib/python3.7/site-packages/airflow/example_dags/example_short_circuit_operator.py
[2023-02-14T12:01:36.029+0000] {processor.py:753} INFO - DAG(s) dict_keys(['example_short_circuit_operator']) retrieved from /home/airflow/.local/lib/python3.7/site-packages/airflow/example_dags/example_short_circuit_operator.py
[2023-02-14T12:01:36.084+0000] {logging_mixin.py:137} INFO - [2023-02-14T12:01:36.084+0000] {dag.py:2676} INFO - Sync 1 DAGs
[2023-02-14T12:01:36.116+0000] {logging_mixin.py:137} INFO - [2023-02-14T12:01:36.115+0000] {dag.py:3427} INFO - Setting next_dagrun for example_short_circuit_operator to 2023-02-13T12:01:36.115543+00:00, run_after=2023-02-14T12:01:36.115543+00:00
[2023-02-14T12:01:36.137+0000] {processor.py:175} INFO - Processing /home/airflow/.local/lib/python3.7/site-packages/airflow/example_dags/example_short_circuit_operator.py took 0.144 seconds
[2023-02-14T12:02:06.497+0000] {processor.py:153} INFO - Started process (PID=305) to work on /home/airflow/.local/lib/python3.7/site-packages/airflow/example_dags/example_short_circuit_operator.py
[2023-02-14T12:02:06.500+0000] {processor.py:743} INFO - Processing file /home/airflow/.local/lib/python3.7/site-packages/airflow/example_dags/example_short_circuit_operator.py for tasks to queue
[2023-02-14T12:02:06.501+0000] {logging_mixin.py:137} INFO - [2023-02-14T12:02:06.501+0000] {dagbag.py:538} INFO - Filling up the DagBag from /home/airflow/.local/lib/python3.7/site-packages/airflow/example_dags/example_short_circuit_operator.py
[2023-02-14T12:02:06.523+0000] {processor.py:753} INFO - DAG(s) dict_keys(['example_short_circuit_operator']) retrieved from /home/airflow/.local/lib/python3.7/site-packages/airflow/example_dags/example_short_circuit_operator.py
[2023-02-14T12:02:06.572+0000] {logging_mixin.py:137} INFO - [2023-02-14T12:02:06.571+0000] {dag.py:2676} INFO - Sync 1 DAGs
[2023-02-14T12:02:06.602+0000] {logging_mixin.py:137} INFO - [2023-02-14T12:02:06.602+0000] {dag.py:3427} INFO - Setting next_dagrun for example_short_circuit_operator to 2023-02-13T12:02:06.602194+00:00, run_after=2023-02-14T12:02:06.602194+00:00
[2023-02-14T12:02:06.623+0000] {processor.py:175} INFO - Processing /home/airflow/.local/lib/python3.7/site-packages/airflow/example_dags/example_short_circuit_operator.py took 0.130 seconds
[2023-02-14T12:02:37.131+0000] {processor.py:153} INFO - Started process (PID=376) to work on /home/airflow/.local/lib/python3.7/site-packages/airflow/example_dags/example_short_circuit_operator.py
[2023-02-14T12:02:37.134+0000] {processor.py:743} INFO - Processing file /home/airflow/.local/lib/python3.7/site-packages/airflow/example_dags/example_short_circuit_operator.py for tasks to queue
[2023-02-14T12:02:37.135+0000] {logging_mixin.py:137} INFO - [2023-02-14T12:02:37.135+0000] {dagbag.py:538} INFO - Filling up the DagBag from /home/airflow/.local/lib/python3.7/site-packages/airflow/example_dags/example_short_circuit_operator.py
[2023-02-14T12:02:37.158+0000] {processor.py:753} INFO - DAG(s) dict_keys(['example_short_circuit_operator']) retrieved from /home/airflow/.local/lib/python3.7/site-packages/airflow/example_dags/example_short_circuit_operator.py
[2023-02-14T12:02:37.204+0000] {logging_mixin.py:137} INFO - [2023-02-14T12:02:37.204+0000] {dag.py:2676} INFO - Sync 1 DAGs
[2023-02-14T12:02:37.241+0000] {logging_mixin.py:137} INFO - [2023-02-14T12:02:37.240+0000] {dag.py:3427} INFO - Setting next_dagrun for example_short_circuit_operator to 2023-02-13T12:02:37.240636+00:00, run_after=2023-02-14T12:02:37.240636+00:00
[2023-02-14T12:02:37.266+0000] {processor.py:175} INFO - Processing /home/airflow/.local/lib/python3.7/site-packages/airflow/example_dags/example_short_circuit_operator.py took 0.139 seconds
[2023-02-14T12:03:08.436+0000] {processor.py:153} INFO - Started process (PID=463) to work on /home/airflow/.local/lib/python3.7/site-packages/airflow/example_dags/example_short_circuit_operator.py
[2023-02-14T12:03:08.438+0000] {processor.py:743} INFO - Processing file /home/airflow/.local/lib/python3.7/site-packages/airflow/example_dags/example_short_circuit_operator.py for tasks to queue
[2023-02-14T12:03:08.440+0000] {logging_mixin.py:137} INFO - [2023-02-14T12:03:08.440+0000] {dagbag.py:538} INFO - Filling up the DagBag from /home/airflow/.local/lib/python3.7/site-packages/airflow/example_dags/example_short_circuit_operator.py
[2023-02-14T12:03:08.463+0000] {processor.py:753} INFO - DAG(s) dict_keys(['example_short_circuit_operator']) retrieved from /home/airflow/.local/lib/python3.7/site-packages/airflow/example_dags/example_short_circuit_operator.py
[2023-02-14T12:03:08.511+0000] {logging_mixin.py:137} INFO - [2023-02-14T12:03:08.511+0000] {dag.py:2676} INFO - Sync 1 DAGs
[2023-02-14T12:03:08.544+0000] {logging_mixin.py:137} INFO - [2023-02-14T12:03:08.544+0000] {dag.py:3427} INFO - Setting next_dagrun for example_short_circuit_operator to 2023-02-13T12:03:08.543761+00:00, run_after=2023-02-14T12:03:08.543761+00:00
[2023-02-14T12:03:08.566+0000] {processor.py:175} INFO - Processing /home/airflow/.local/lib/python3.7/site-packages/airflow/example_dags/example_short_circuit_operator.py took 0.135 seconds
[2023-02-14T12:03:39.009+0000] {processor.py:153} INFO - Started process (PID=534) to work on /home/airflow/.local/lib/python3.7/site-packages/airflow/example_dags/example_short_circuit_operator.py
[2023-02-14T12:03:39.012+0000] {processor.py:743} INFO - Processing file /home/airflow/.local/lib/python3.7/site-packages/airflow/example_dags/example_short_circuit_operator.py for tasks to queue
[2023-02-14T12:03:39.014+0000] {logging_mixin.py:137} INFO - [2023-02-14T12:03:39.014+0000] {dagbag.py:538} INFO - Filling up the DagBag from /home/airflow/.local/lib/python3.7/site-packages/airflow/example_dags/example_short_circuit_operator.py
[2023-02-14T12:03:39.040+0000] {processor.py:753} INFO - DAG(s) dict_keys(['example_short_circuit_operator']) retrieved from /home/airflow/.local/lib/python3.7/site-packages/airflow/example_dags/example_short_circuit_operator.py
[2023-02-14T12:03:39.101+0000] {logging_mixin.py:137} INFO - [2023-02-14T12:03:39.101+0000] {dag.py:2676} INFO - Sync 1 DAGs
[2023-02-14T12:03:39.145+0000] {logging_mixin.py:137} INFO - [2023-02-14T12:03:39.145+0000] {dag.py:3427} INFO - Setting next_dagrun for example_short_circuit_operator to 2023-02-13T12:03:39.145287+00:00, run_after=2023-02-14T12:03:39.145287+00:00
[2023-02-14T12:03:39.175+0000] {processor.py:175} INFO - Processing /home/airflow/.local/lib/python3.7/site-packages/airflow/example_dags/example_short_circuit_operator.py took 0.172 seconds
[2023-02-14T12:04:09.585+0000] {processor.py:153} INFO - Started process (PID=621) to work on /home/airflow/.local/lib/python3.7/site-packages/airflow/example_dags/example_short_circuit_operator.py
[2023-02-14T12:04:09.587+0000] {processor.py:743} INFO - Processing file /home/airflow/.local/lib/python3.7/site-packages/airflow/example_dags/example_short_circuit_operator.py for tasks to queue
[2023-02-14T12:04:09.589+0000] {logging_mixin.py:137} INFO - [2023-02-14T12:04:09.589+0000] {dagbag.py:538} INFO - Filling up the DagBag from /home/airflow/.local/lib/python3.7/site-packages/airflow/example_dags/example_short_circuit_operator.py
[2023-02-14T12:04:09.614+0000] {processor.py:753} INFO - DAG(s) dict_keys(['example_short_circuit_operator']) retrieved from /home/airflow/.local/lib/python3.7/site-packages/airflow/example_dags/example_short_circuit_operator.py
[2023-02-14T12:04:09.667+0000] {logging_mixin.py:137} INFO - [2023-02-14T12:04:09.667+0000] {dag.py:2676} INFO - Sync 1 DAGs
[2023-02-14T12:04:09.703+0000] {logging_mixin.py:137} INFO - [2023-02-14T12:04:09.702+0000] {dag.py:3427} INFO - Setting next_dagrun for example_short_circuit_operator to 2023-02-13T12:04:09.702619+00:00, run_after=2023-02-14T12:04:09.702619+00:00
[2023-02-14T12:04:09.726+0000] {processor.py:175} INFO - Processing /home/airflow/.local/lib/python3.7/site-packages/airflow/example_dags/example_short_circuit_operator.py took 0.146 seconds
[2023-02-14T12:04:40.451+0000] {processor.py:153} INFO - Started process (PID=692) to work on /home/airflow/.local/lib/python3.7/site-packages/airflow/example_dags/example_short_circuit_operator.py
[2023-02-14T12:04:40.455+0000] {processor.py:743} INFO - Processing file /home/airflow/.local/lib/python3.7/site-packages/airflow/example_dags/example_short_circuit_operator.py for tasks to queue
[2023-02-14T12:04:40.457+0000] {logging_mixin.py:137} INFO - [2023-02-14T12:04:40.457+0000] {dagbag.py:538} INFO - Filling up the DagBag from /home/airflow/.local/lib/python3.7/site-packages/airflow/example_dags/example_short_circuit_operator.py
[2023-02-14T12:04:40.482+0000] {processor.py:753} INFO - DAG(s) dict_keys(['example_short_circuit_operator']) retrieved from /home/airflow/.local/lib/python3.7/site-packages/airflow/example_dags/example_short_circuit_operator.py
[2023-02-14T12:04:40.546+0000] {logging_mixin.py:137} INFO - [2023-02-14T12:04:40.546+0000] {dag.py:2676} INFO - Sync 1 DAGs
[2023-02-14T12:04:40.582+0000] {logging_mixin.py:137} INFO - [2023-02-14T12:04:40.582+0000] {dag.py:3427} INFO - Setting next_dagrun for example_short_circuit_operator to 2023-02-13T12:04:40.581669+00:00, run_after=2023-02-14T12:04:40.581669+00:00
[2023-02-14T12:04:40.610+0000] {processor.py:175} INFO - Processing /home/airflow/.local/lib/python3.7/site-packages/airflow/example_dags/example_short_circuit_operator.py took 0.165 seconds
[2023-02-14T12:05:11.452+0000] {processor.py:153} INFO - Started process (PID=772) to work on /home/airflow/.local/lib/python3.7/site-packages/airflow/example_dags/example_short_circuit_operator.py
[2023-02-14T12:05:11.454+0000] {processor.py:743} INFO - Processing file /home/airflow/.local/lib/python3.7/site-packages/airflow/example_dags/example_short_circuit_operator.py for tasks to queue
[2023-02-14T12:05:11.456+0000] {logging_mixin.py:137} INFO - [2023-02-14T12:05:11.456+0000] {dagbag.py:538} INFO - Filling up the DagBag from /home/airflow/.local/lib/python3.7/site-packages/airflow/example_dags/example_short_circuit_operator.py
[2023-02-14T12:05:11.479+0000] {processor.py:753} INFO - DAG(s) dict_keys(['example_short_circuit_operator']) retrieved from /home/airflow/.local/lib/python3.7/site-packages/airflow/example_dags/example_short_circuit_operator.py
[2023-02-14T12:05:11.531+0000] {logging_mixin.py:137} INFO - [2023-02-14T12:05:11.531+0000] {dag.py:2676} INFO - Sync 1 DAGs
[2023-02-14T12:05:11.565+0000] {logging_mixin.py:137} INFO - [2023-02-14T12:05:11.565+0000] {dag.py:3427} INFO - Setting next_dagrun for example_short_circuit_operator to 2023-02-13T12:05:11.565121+00:00, run_after=2023-02-14T12:05:11.565121+00:00
[2023-02-14T12:05:11.587+0000] {processor.py:175} INFO - Processing /home/airflow/.local/lib/python3.7/site-packages/airflow/example_dags/example_short_circuit_operator.py took 0.140 seconds
[2023-02-14T12:05:42.417+0000] {processor.py:153} INFO - Started process (PID=850) to work on /home/airflow/.local/lib/python3.7/site-packages/airflow/example_dags/example_short_circuit_operator.py
[2023-02-14T12:05:42.426+0000] {processor.py:743} INFO - Processing file /home/airflow/.local/lib/python3.7/site-packages/airflow/example_dags/example_short_circuit_operator.py for tasks to queue
[2023-02-14T12:05:42.434+0000] {logging_mixin.py:137} INFO - [2023-02-14T12:05:42.433+0000] {dagbag.py:538} INFO - Filling up the DagBag from /home/airflow/.local/lib/python3.7/site-packages/airflow/example_dags/example_short_circuit_operator.py
[2023-02-14T12:05:42.511+0000] {processor.py:753} INFO - DAG(s) dict_keys(['example_short_circuit_operator']) retrieved from /home/airflow/.local/lib/python3.7/site-packages/airflow/example_dags/example_short_circuit_operator.py
[2023-02-14T12:05:42.613+0000] {logging_mixin.py:137} INFO - [2023-02-14T12:05:42.613+0000] {dag.py:2676} INFO - Sync 1 DAGs
[2023-02-14T12:05:42.656+0000] {logging_mixin.py:137} INFO - [2023-02-14T12:05:42.656+0000] {dag.py:3427} INFO - Setting next_dagrun for example_short_circuit_operator to 2023-02-13T12:05:42.655973+00:00, run_after=2023-02-14T12:05:42.655973+00:00
[2023-02-14T12:05:42.687+0000] {processor.py:175} INFO - Processing /home/airflow/.local/lib/python3.7/site-packages/airflow/example_dags/example_short_circuit_operator.py took 0.286 seconds
[2023-02-14T12:06:12.811+0000] {processor.py:153} INFO - Started process (PID=921) to work on /home/airflow/.local/lib/python3.7/site-packages/airflow/example_dags/example_short_circuit_operator.py
[2023-02-14T12:06:12.814+0000] {processor.py:743} INFO - Processing file /home/airflow/.local/lib/python3.7/site-packages/airflow/example_dags/example_short_circuit_operator.py for tasks to queue
[2023-02-14T12:06:12.815+0000] {logging_mixin.py:137} INFO - [2023-02-14T12:06:12.815+0000] {dagbag.py:538} INFO - Filling up the DagBag from /home/airflow/.local/lib/python3.7/site-packages/airflow/example_dags/example_short_circuit_operator.py
[2023-02-14T12:06:12.836+0000] {processor.py:753} INFO - DAG(s) dict_keys(['example_short_circuit_operator']) retrieved from /home/airflow/.local/lib/python3.7/site-packages/airflow/example_dags/example_short_circuit_operator.py
[2023-02-14T12:06:12.880+0000] {logging_mixin.py:137} INFO - [2023-02-14T12:06:12.880+0000] {dag.py:2676} INFO - Sync 1 DAGs
[2023-02-14T12:06:12.908+0000] {logging_mixin.py:137} INFO - [2023-02-14T12:06:12.908+0000] {dag.py:3427} INFO - Setting next_dagrun for example_short_circuit_operator to 2023-02-13T12:06:12.908295+00:00, run_after=2023-02-14T12:06:12.908295+00:00
[2023-02-14T12:06:12.930+0000] {processor.py:175} INFO - Processing /home/airflow/.local/lib/python3.7/site-packages/airflow/example_dags/example_short_circuit_operator.py took 0.123 seconds
[2023-02-14T12:06:44.260+0000] {processor.py:153} INFO - Started process (PID=1008) to work on /home/airflow/.local/lib/python3.7/site-packages/airflow/example_dags/example_short_circuit_operator.py
[2023-02-14T12:06:44.264+0000] {processor.py:743} INFO - Processing file /home/airflow/.local/lib/python3.7/site-packages/airflow/example_dags/example_short_circuit_operator.py for tasks to queue
[2023-02-14T12:06:44.266+0000] {logging_mixin.py:137} INFO - [2023-02-14T12:06:44.266+0000] {dagbag.py:538} INFO - Filling up the DagBag from /home/airflow/.local/lib/python3.7/site-packages/airflow/example_dags/example_short_circuit_operator.py
[2023-02-14T12:06:44.290+0000] {processor.py:753} INFO - DAG(s) dict_keys(['example_short_circuit_operator']) retrieved from /home/airflow/.local/lib/python3.7/site-packages/airflow/example_dags/example_short_circuit_operator.py
[2023-02-14T12:06:44.342+0000] {logging_mixin.py:137} INFO - [2023-02-14T12:06:44.342+0000] {dag.py:2676} INFO - Sync 1 DAGs
[2023-02-14T12:06:44.376+0000] {logging_mixin.py:137} INFO - [2023-02-14T12:06:44.376+0000] {dag.py:3427} INFO - Setting next_dagrun for example_short_circuit_operator to 2023-02-13T12:06:44.376423+00:00, run_after=2023-02-14T12:06:44.376423+00:00
[2023-02-14T12:06:44.397+0000] {processor.py:175} INFO - Processing /home/airflow/.local/lib/python3.7/site-packages/airflow/example_dags/example_short_circuit_operator.py took 0.142 seconds
[2023-02-14T12:07:14.534+0000] {processor.py:153} INFO - Started process (PID=1080) to work on /home/airflow/.local/lib/python3.7/site-packages/airflow/example_dags/example_short_circuit_operator.py
[2023-02-14T12:07:14.536+0000] {processor.py:743} INFO - Processing file /home/airflow/.local/lib/python3.7/site-packages/airflow/example_dags/example_short_circuit_operator.py for tasks to queue
[2023-02-14T12:07:14.538+0000] {logging_mixin.py:137} INFO - [2023-02-14T12:07:14.538+0000] {dagbag.py:538} INFO - Filling up the DagBag from /home/airflow/.local/lib/python3.7/site-packages/airflow/example_dags/example_short_circuit_operator.py
[2023-02-14T12:07:14.560+0000] {processor.py:753} INFO - DAG(s) dict_keys(['example_short_circuit_operator']) retrieved from /home/airflow/.local/lib/python3.7/site-packages/airflow/example_dags/example_short_circuit_operator.py
[2023-02-14T12:07:14.607+0000] {logging_mixin.py:137} INFO - [2023-02-14T12:07:14.606+0000] {dag.py:2676} INFO - Sync 1 DAGs
[2023-02-14T12:07:14.636+0000] {logging_mixin.py:137} INFO - [2023-02-14T12:07:14.635+0000] {dag.py:3427} INFO - Setting next_dagrun for example_short_circuit_operator to 2023-02-13T12:07:14.635599+00:00, run_after=2023-02-14T12:07:14.635599+00:00
[2023-02-14T12:07:14.656+0000] {processor.py:175} INFO - Processing /home/airflow/.local/lib/python3.7/site-packages/airflow/example_dags/example_short_circuit_operator.py took 0.127 seconds
[2023-02-14T12:07:44.758+0000] {processor.py:153} INFO - Started process (PID=1167) to work on /home/airflow/.local/lib/python3.7/site-packages/airflow/example_dags/example_short_circuit_operator.py
[2023-02-14T12:07:44.760+0000] {processor.py:743} INFO - Processing file /home/airflow/.local/lib/python3.7/site-packages/airflow/example_dags/example_short_circuit_operator.py for tasks to queue
[2023-02-14T12:07:44.762+0000] {logging_mixin.py:137} INFO - [2023-02-14T12:07:44.762+0000] {dagbag.py:538} INFO - Filling up the DagBag from /home/airflow/.local/lib/python3.7/site-packages/airflow/example_dags/example_short_circuit_operator.py
[2023-02-14T12:07:44.787+0000] {processor.py:753} INFO - DAG(s) dict_keys(['example_short_circuit_operator']) retrieved from /home/airflow/.local/lib/python3.7/site-packages/airflow/example_dags/example_short_circuit_operator.py
[2023-02-14T12:07:44.836+0000] {logging_mixin.py:137} INFO - [2023-02-14T12:07:44.836+0000] {dag.py:2676} INFO - Sync 1 DAGs
[2023-02-14T12:07:44.872+0000] {logging_mixin.py:137} INFO - [2023-02-14T12:07:44.872+0000] {dag.py:3427} INFO - Setting next_dagrun for example_short_circuit_operator to 2023-02-13T12:07:44.872101+00:00, run_after=2023-02-14T12:07:44.872101+00:00
[2023-02-14T12:07:44.896+0000] {processor.py:175} INFO - Processing /home/airflow/.local/lib/python3.7/site-packages/airflow/example_dags/example_short_circuit_operator.py took 0.143 seconds
[2023-02-14T12:08:14.949+0000] {processor.py:153} INFO - Started process (PID=1238) to work on /home/airflow/.local/lib/python3.7/site-packages/airflow/example_dags/example_short_circuit_operator.py
[2023-02-14T12:08:14.951+0000] {processor.py:743} INFO - Processing file /home/airflow/.local/lib/python3.7/site-packages/airflow/example_dags/example_short_circuit_operator.py for tasks to queue
[2023-02-14T12:08:14.953+0000] {logging_mixin.py:137} INFO - [2023-02-14T12:08:14.953+0000] {dagbag.py:538} INFO - Filling up the DagBag from /home/airflow/.local/lib/python3.7/site-packages/airflow/example_dags/example_short_circuit_operator.py
[2023-02-14T12:08:14.974+0000] {processor.py:753} INFO - DAG(s) dict_keys(['example_short_circuit_operator']) retrieved from /home/airflow/.local/lib/python3.7/site-packages/airflow/example_dags/example_short_circuit_operator.py
[2023-02-14T12:08:15.018+0000] {logging_mixin.py:137} INFO - [2023-02-14T12:08:15.018+0000] {dag.py:2676} INFO - Sync 1 DAGs
[2023-02-14T12:08:15.047+0000] {logging_mixin.py:137} INFO - [2023-02-14T12:08:15.047+0000] {dag.py:3427} INFO - Setting next_dagrun for example_short_circuit_operator to 2023-02-13T12:08:15.047357+00:00, run_after=2023-02-14T12:08:15.047357+00:00
[2023-02-14T12:08:15.068+0000] {processor.py:175} INFO - Processing /home/airflow/.local/lib/python3.7/site-packages/airflow/example_dags/example_short_circuit_operator.py took 0.124 seconds
[2023-02-14T12:08:45.222+0000] {processor.py:153} INFO - Started process (PID=1325) to work on /home/airflow/.local/lib/python3.7/site-packages/airflow/example_dags/example_short_circuit_operator.py
[2023-02-14T12:08:45.225+0000] {processor.py:743} INFO - Processing file /home/airflow/.local/lib/python3.7/site-packages/airflow/example_dags/example_short_circuit_operator.py for tasks to queue
[2023-02-14T12:08:45.227+0000] {logging_mixin.py:137} INFO - [2023-02-14T12:08:45.226+0000] {dagbag.py:538} INFO - Filling up the DagBag from /home/airflow/.local/lib/python3.7/site-packages/airflow/example_dags/example_short_circuit_operator.py
[2023-02-14T12:08:45.251+0000] {processor.py:753} INFO - DAG(s) dict_keys(['example_short_circuit_operator']) retrieved from /home/airflow/.local/lib/python3.7/site-packages/airflow/example_dags/example_short_circuit_operator.py
[2023-02-14T12:08:45.304+0000] {logging_mixin.py:137} INFO - [2023-02-14T12:08:45.304+0000] {dag.py:2676} INFO - Sync 1 DAGs
[2023-02-14T12:08:45.339+0000] {logging_mixin.py:137} INFO - [2023-02-14T12:08:45.338+0000] {dag.py:3427} INFO - Setting next_dagrun for example_short_circuit_operator to 2023-02-13T12:08:45.338649+00:00, run_after=2023-02-14T12:08:45.338649+00:00
[2023-02-14T12:08:45.363+0000] {processor.py:175} INFO - Processing /home/airflow/.local/lib/python3.7/site-packages/airflow/example_dags/example_short_circuit_operator.py took 0.146 seconds
[2023-02-14T12:09:15.673+0000] {processor.py:153} INFO - Started process (PID=1396) to work on /home/airflow/.local/lib/python3.7/site-packages/airflow/example_dags/example_short_circuit_operator.py
[2023-02-14T12:09:15.675+0000] {processor.py:743} INFO - Processing file /home/airflow/.local/lib/python3.7/site-packages/airflow/example_dags/example_short_circuit_operator.py for tasks to queue
[2023-02-14T12:09:15.678+0000] {logging_mixin.py:137} INFO - [2023-02-14T12:09:15.678+0000] {dagbag.py:538} INFO - Filling up the DagBag from /home/airflow/.local/lib/python3.7/site-packages/airflow/example_dags/example_short_circuit_operator.py
[2023-02-14T12:09:15.708+0000] {processor.py:753} INFO - DAG(s) dict_keys(['example_short_circuit_operator']) retrieved from /home/airflow/.local/lib/python3.7/site-packages/airflow/example_dags/example_short_circuit_operator.py
[2023-02-14T12:09:15.765+0000] {logging_mixin.py:137} INFO - [2023-02-14T12:09:15.765+0000] {dag.py:2676} INFO - Sync 1 DAGs
[2023-02-14T12:09:15.798+0000] {logging_mixin.py:137} INFO - [2023-02-14T12:09:15.798+0000] {dag.py:3427} INFO - Setting next_dagrun for example_short_circuit_operator to 2023-02-13T12:09:15.798160+00:00, run_after=2023-02-14T12:09:15.798160+00:00
[2023-02-14T12:09:15.828+0000] {processor.py:175} INFO - Processing /home/airflow/.local/lib/python3.7/site-packages/airflow/example_dags/example_short_circuit_operator.py took 0.160 seconds
[2023-02-14T12:09:47.057+0000] {processor.py:153} INFO - Started process (PID=1483) to work on /home/airflow/.local/lib/python3.7/site-packages/airflow/example_dags/example_short_circuit_operator.py
[2023-02-14T12:09:47.061+0000] {processor.py:743} INFO - Processing file /home/airflow/.local/lib/python3.7/site-packages/airflow/example_dags/example_short_circuit_operator.py for tasks to queue
[2023-02-14T12:09:47.064+0000] {logging_mixin.py:137} INFO - [2023-02-14T12:09:47.064+0000] {dagbag.py:538} INFO - Filling up the DagBag from /home/airflow/.local/lib/python3.7/site-packages/airflow/example_dags/example_short_circuit_operator.py
[2023-02-14T12:09:47.096+0000] {processor.py:753} INFO - DAG(s) dict_keys(['example_short_circuit_operator']) retrieved from /home/airflow/.local/lib/python3.7/site-packages/airflow/example_dags/example_short_circuit_operator.py
[2023-02-14T12:09:47.209+0000] {logging_mixin.py:137} INFO - [2023-02-14T12:09:47.208+0000] {dag.py:2676} INFO - Sync 1 DAGs
[2023-02-14T12:09:47.266+0000] {logging_mixin.py:137} INFO - [2023-02-14T12:09:47.266+0000] {dag.py:3427} INFO - Setting next_dagrun for example_short_circuit_operator to 2023-02-13T12:09:47.265748+00:00, run_after=2023-02-14T12:09:47.265748+00:00
[2023-02-14T12:09:47.306+0000] {processor.py:175} INFO - Processing /home/airflow/.local/lib/python3.7/site-packages/airflow/example_dags/example_short_circuit_operator.py took 0.257 seconds
[2023-02-14T12:10:17.613+0000] {processor.py:153} INFO - Started process (PID=1554) to work on /home/airflow/.local/lib/python3.7/site-packages/airflow/example_dags/example_short_circuit_operator.py
[2023-02-14T12:10:17.616+0000] {processor.py:743} INFO - Processing file /home/airflow/.local/lib/python3.7/site-packages/airflow/example_dags/example_short_circuit_operator.py for tasks to queue
[2023-02-14T12:10:17.618+0000] {logging_mixin.py:137} INFO - [2023-02-14T12:10:17.618+0000] {dagbag.py:538} INFO - Filling up the DagBag from /home/airflow/.local/lib/python3.7/site-packages/airflow/example_dags/example_short_circuit_operator.py
[2023-02-14T12:10:17.645+0000] {processor.py:753} INFO - DAG(s) dict_keys(['example_short_circuit_operator']) retrieved from /home/airflow/.local/lib/python3.7/site-packages/airflow/example_dags/example_short_circuit_operator.py
[2023-02-14T12:10:17.707+0000] {logging_mixin.py:137} INFO - [2023-02-14T12:10:17.706+0000] {dag.py:2676} INFO - Sync 1 DAGs
[2023-02-14T12:10:17.748+0000] {logging_mixin.py:137} INFO - [2023-02-14T12:10:17.748+0000] {dag.py:3427} INFO - Setting next_dagrun for example_short_circuit_operator to 2023-02-13T12:10:17.748261+00:00, run_after=2023-02-14T12:10:17.748261+00:00
[2023-02-14T12:10:17.784+0000] {processor.py:175} INFO - Processing /home/airflow/.local/lib/python3.7/site-packages/airflow/example_dags/example_short_circuit_operator.py took 0.178 seconds
[2023-02-14T12:10:48.386+0000] {processor.py:153} INFO - Started process (PID=1641) to work on /home/airflow/.local/lib/python3.7/site-packages/airflow/example_dags/example_short_circuit_operator.py
[2023-02-14T12:10:48.389+0000] {processor.py:743} INFO - Processing file /home/airflow/.local/lib/python3.7/site-packages/airflow/example_dags/example_short_circuit_operator.py for tasks to queue
[2023-02-14T12:10:48.391+0000] {logging_mixin.py:137} INFO - [2023-02-14T12:10:48.391+0000] {dagbag.py:538} INFO - Filling up the DagBag from /home/airflow/.local/lib/python3.7/site-packages/airflow/example_dags/example_short_circuit_operator.py
[2023-02-14T12:10:48.416+0000] {processor.py:753} INFO - DAG(s) dict_keys(['example_short_circuit_operator']) retrieved from /home/airflow/.local/lib/python3.7/site-packages/airflow/example_dags/example_short_circuit_operator.py
[2023-02-14T12:10:48.464+0000] {logging_mixin.py:137} INFO - [2023-02-14T12:10:48.464+0000] {dag.py:2676} INFO - Sync 1 DAGs
[2023-02-14T12:10:48.491+0000] {logging_mixin.py:137} INFO - [2023-02-14T12:10:48.491+0000] {dag.py:3427} INFO - Setting next_dagrun for example_short_circuit_operator to 2023-02-13T12:10:48.490882+00:00, run_after=2023-02-14T12:10:48.490882+00:00
[2023-02-14T12:10:48.514+0000] {processor.py:175} INFO - Processing /home/airflow/.local/lib/python3.7/site-packages/airflow/example_dags/example_short_circuit_operator.py took 0.133 seconds
[2023-02-14T12:11:18.601+0000] {processor.py:153} INFO - Started process (PID=1712) to work on /home/airflow/.local/lib/python3.7/site-packages/airflow/example_dags/example_short_circuit_operator.py
[2023-02-14T12:11:18.603+0000] {processor.py:743} INFO - Processing file /home/airflow/.local/lib/python3.7/site-packages/airflow/example_dags/example_short_circuit_operator.py for tasks to queue
[2023-02-14T12:11:18.605+0000] {logging_mixin.py:137} INFO - [2023-02-14T12:11:18.605+0000] {dagbag.py:538} INFO - Filling up the DagBag from /home/airflow/.local/lib/python3.7/site-packages/airflow/example_dags/example_short_circuit_operator.py
[2023-02-14T12:11:18.624+0000] {processor.py:753} INFO - DAG(s) dict_keys(['example_short_circuit_operator']) retrieved from /home/airflow/.local/lib/python3.7/site-packages/airflow/example_dags/example_short_circuit_operator.py
[2023-02-14T12:11:18.669+0000] {logging_mixin.py:137} INFO - [2023-02-14T12:11:18.669+0000] {dag.py:2676} INFO - Sync 1 DAGs
[2023-02-14T12:11:18.695+0000] {logging_mixin.py:137} INFO - [2023-02-14T12:11:18.695+0000] {dag.py:3427} INFO - Setting next_dagrun for example_short_circuit_operator to 2023-02-13T12:11:18.695570+00:00, run_after=2023-02-14T12:11:18.695570+00:00
[2023-02-14T12:11:18.718+0000] {processor.py:175} INFO - Processing /home/airflow/.local/lib/python3.7/site-packages/airflow/example_dags/example_short_circuit_operator.py took 0.122 seconds
