[2023-02-14T12:00:36.214+0000] {processor.py:153} INFO - Started process (PID=85) to work on /home/airflow/.local/lib/python3.7/site-packages/airflow/example_dags/example_branch_python_dop_operator_3.py
[2023-02-14T12:00:36.216+0000] {processor.py:743} INFO - Processing file /home/airflow/.local/lib/python3.7/site-packages/airflow/example_dags/example_branch_python_dop_operator_3.py for tasks to queue
[2023-02-14T12:00:36.218+0000] {logging_mixin.py:137} INFO - [2023-02-14T12:00:36.217+0000] {dagbag.py:538} INFO - Filling up the DagBag from /home/airflow/.local/lib/python3.7/site-packages/airflow/example_dags/example_branch_python_dop_operator_3.py
[2023-02-14T12:00:36.251+0000] {processor.py:753} INFO - DAG(s) dict_keys(['example_branch_dop_operator_v3']) retrieved from /home/airflow/.local/lib/python3.7/site-packages/airflow/example_dags/example_branch_python_dop_operator_3.py
[2023-02-14T12:00:36.307+0000] {logging_mixin.py:137} INFO - [2023-02-14T12:00:36.307+0000] {dag.py:2676} INFO - Sync 1 DAGs
[2023-02-14T12:00:36.345+0000] {logging_mixin.py:137} INFO - [2023-02-14T12:00:36.345+0000] {dag.py:3427} INFO - Setting next_dagrun for example_branch_dop_operator_v3 to 2023-02-14T11:59:00+00:00, run_after=2023-02-14T12:00:00+00:00
[2023-02-14T12:00:36.379+0000] {processor.py:175} INFO - Processing /home/airflow/.local/lib/python3.7/site-packages/airflow/example_dags/example_branch_python_dop_operator_3.py took 0.171 seconds
[2023-02-14T12:01:06.800+0000] {processor.py:153} INFO - Started process (PID=156) to work on /home/airflow/.local/lib/python3.7/site-packages/airflow/example_dags/example_branch_python_dop_operator_3.py
[2023-02-14T12:01:06.803+0000] {processor.py:743} INFO - Processing file /home/airflow/.local/lib/python3.7/site-packages/airflow/example_dags/example_branch_python_dop_operator_3.py for tasks to queue
[2023-02-14T12:01:06.805+0000] {logging_mixin.py:137} INFO - [2023-02-14T12:01:06.805+0000] {dagbag.py:538} INFO - Filling up the DagBag from /home/airflow/.local/lib/python3.7/site-packages/airflow/example_dags/example_branch_python_dop_operator_3.py
[2023-02-14T12:01:06.840+0000] {processor.py:753} INFO - DAG(s) dict_keys(['example_branch_dop_operator_v3']) retrieved from /home/airflow/.local/lib/python3.7/site-packages/airflow/example_dags/example_branch_python_dop_operator_3.py
[2023-02-14T12:01:06.896+0000] {logging_mixin.py:137} INFO - [2023-02-14T12:01:06.895+0000] {dag.py:2676} INFO - Sync 1 DAGs
[2023-02-14T12:01:06.937+0000] {logging_mixin.py:137} INFO - [2023-02-14T12:01:06.937+0000] {dag.py:3427} INFO - Setting next_dagrun for example_branch_dop_operator_v3 to 2023-02-14T12:00:00+00:00, run_after=2023-02-14T12:01:00+00:00
[2023-02-14T12:01:06.963+0000] {processor.py:175} INFO - Processing /home/airflow/.local/lib/python3.7/site-packages/airflow/example_dags/example_branch_python_dop_operator_3.py took 0.168 seconds
[2023-02-14T12:01:37.206+0000] {processor.py:153} INFO - Started process (PID=236) to work on /home/airflow/.local/lib/python3.7/site-packages/airflow/example_dags/example_branch_python_dop_operator_3.py
[2023-02-14T12:01:37.209+0000] {processor.py:743} INFO - Processing file /home/airflow/.local/lib/python3.7/site-packages/airflow/example_dags/example_branch_python_dop_operator_3.py for tasks to queue
[2023-02-14T12:01:37.212+0000] {logging_mixin.py:137} INFO - [2023-02-14T12:01:37.211+0000] {dagbag.py:538} INFO - Filling up the DagBag from /home/airflow/.local/lib/python3.7/site-packages/airflow/example_dags/example_branch_python_dop_operator_3.py
[2023-02-14T12:01:37.255+0000] {processor.py:753} INFO - DAG(s) dict_keys(['example_branch_dop_operator_v3']) retrieved from /home/airflow/.local/lib/python3.7/site-packages/airflow/example_dags/example_branch_python_dop_operator_3.py
[2023-02-14T12:01:37.321+0000] {logging_mixin.py:137} INFO - [2023-02-14T12:01:37.320+0000] {dag.py:2676} INFO - Sync 1 DAGs
[2023-02-14T12:01:37.372+0000] {logging_mixin.py:137} INFO - [2023-02-14T12:01:37.372+0000] {dag.py:3427} INFO - Setting next_dagrun for example_branch_dop_operator_v3 to 2023-02-14T12:00:00+00:00, run_after=2023-02-14T12:01:00+00:00
[2023-02-14T12:01:37.406+0000] {processor.py:175} INFO - Processing /home/airflow/.local/lib/python3.7/site-packages/airflow/example_dags/example_branch_python_dop_operator_3.py took 0.206 seconds
[2023-02-14T12:02:08.297+0000] {processor.py:153} INFO - Started process (PID=314) to work on /home/airflow/.local/lib/python3.7/site-packages/airflow/example_dags/example_branch_python_dop_operator_3.py
[2023-02-14T12:02:08.319+0000] {processor.py:743} INFO - Processing file /home/airflow/.local/lib/python3.7/site-packages/airflow/example_dags/example_branch_python_dop_operator_3.py for tasks to queue
[2023-02-14T12:02:08.353+0000] {logging_mixin.py:137} INFO - [2023-02-14T12:02:08.353+0000] {dagbag.py:538} INFO - Filling up the DagBag from /home/airflow/.local/lib/python3.7/site-packages/airflow/example_dags/example_branch_python_dop_operator_3.py
[2023-02-14T12:02:08.382+0000] {processor.py:753} INFO - DAG(s) dict_keys(['example_branch_dop_operator_v3']) retrieved from /home/airflow/.local/lib/python3.7/site-packages/airflow/example_dags/example_branch_python_dop_operator_3.py
[2023-02-14T12:02:08.427+0000] {logging_mixin.py:137} INFO - [2023-02-14T12:02:08.427+0000] {dag.py:2676} INFO - Sync 1 DAGs
[2023-02-14T12:02:08.462+0000] {logging_mixin.py:137} INFO - [2023-02-14T12:02:08.462+0000] {dag.py:3427} INFO - Setting next_dagrun for example_branch_dop_operator_v3 to 2023-02-14T12:01:00+00:00, run_after=2023-02-14T12:02:00+00:00
[2023-02-14T12:02:08.484+0000] {processor.py:175} INFO - Processing /home/airflow/.local/lib/python3.7/site-packages/airflow/example_dags/example_branch_python_dop_operator_3.py took 0.192 seconds
[2023-02-14T12:02:39.216+0000] {processor.py:153} INFO - Started process (PID=385) to work on /home/airflow/.local/lib/python3.7/site-packages/airflow/example_dags/example_branch_python_dop_operator_3.py
[2023-02-14T12:02:39.228+0000] {processor.py:743} INFO - Processing file /home/airflow/.local/lib/python3.7/site-packages/airflow/example_dags/example_branch_python_dop_operator_3.py for tasks to queue
[2023-02-14T12:02:39.232+0000] {logging_mixin.py:137} INFO - [2023-02-14T12:02:39.232+0000] {dagbag.py:538} INFO - Filling up the DagBag from /home/airflow/.local/lib/python3.7/site-packages/airflow/example_dags/example_branch_python_dop_operator_3.py
[2023-02-14T12:02:39.301+0000] {processor.py:753} INFO - DAG(s) dict_keys(['example_branch_dop_operator_v3']) retrieved from /home/airflow/.local/lib/python3.7/site-packages/airflow/example_dags/example_branch_python_dop_operator_3.py
[2023-02-14T12:02:39.478+0000] {logging_mixin.py:137} INFO - [2023-02-14T12:02:39.478+0000] {dag.py:2676} INFO - Sync 1 DAGs
[2023-02-14T12:02:39.556+0000] {logging_mixin.py:137} INFO - [2023-02-14T12:02:39.555+0000] {dag.py:3427} INFO - Setting next_dagrun for example_branch_dop_operator_v3 to 2023-02-14T12:01:00+00:00, run_after=2023-02-14T12:02:00+00:00
[2023-02-14T12:02:39.596+0000] {processor.py:175} INFO - Processing /home/airflow/.local/lib/python3.7/site-packages/airflow/example_dags/example_branch_python_dop_operator_3.py took 0.396 seconds
[2023-02-14T12:03:10.193+0000] {processor.py:153} INFO - Started process (PID=472) to work on /home/airflow/.local/lib/python3.7/site-packages/airflow/example_dags/example_branch_python_dop_operator_3.py
[2023-02-14T12:03:10.195+0000] {processor.py:743} INFO - Processing file /home/airflow/.local/lib/python3.7/site-packages/airflow/example_dags/example_branch_python_dop_operator_3.py for tasks to queue
[2023-02-14T12:03:10.198+0000] {logging_mixin.py:137} INFO - [2023-02-14T12:03:10.197+0000] {dagbag.py:538} INFO - Filling up the DagBag from /home/airflow/.local/lib/python3.7/site-packages/airflow/example_dags/example_branch_python_dop_operator_3.py
[2023-02-14T12:03:10.227+0000] {processor.py:753} INFO - DAG(s) dict_keys(['example_branch_dop_operator_v3']) retrieved from /home/airflow/.local/lib/python3.7/site-packages/airflow/example_dags/example_branch_python_dop_operator_3.py
[2023-02-14T12:03:10.283+0000] {logging_mixin.py:137} INFO - [2023-02-14T12:03:10.283+0000] {dag.py:2676} INFO - Sync 1 DAGs
[2023-02-14T12:03:10.324+0000] {logging_mixin.py:137} INFO - [2023-02-14T12:03:10.324+0000] {dag.py:3427} INFO - Setting next_dagrun for example_branch_dop_operator_v3 to 2023-02-14T12:02:00+00:00, run_after=2023-02-14T12:03:00+00:00
[2023-02-14T12:03:10.345+0000] {processor.py:175} INFO - Processing /home/airflow/.local/lib/python3.7/site-packages/airflow/example_dags/example_branch_python_dop_operator_3.py took 0.157 seconds
[2023-02-14T12:03:40.815+0000] {processor.py:153} INFO - Started process (PID=543) to work on /home/airflow/.local/lib/python3.7/site-packages/airflow/example_dags/example_branch_python_dop_operator_3.py
[2023-02-14T12:03:40.818+0000] {processor.py:743} INFO - Processing file /home/airflow/.local/lib/python3.7/site-packages/airflow/example_dags/example_branch_python_dop_operator_3.py for tasks to queue
[2023-02-14T12:03:40.820+0000] {logging_mixin.py:137} INFO - [2023-02-14T12:03:40.820+0000] {dagbag.py:538} INFO - Filling up the DagBag from /home/airflow/.local/lib/python3.7/site-packages/airflow/example_dags/example_branch_python_dop_operator_3.py
[2023-02-14T12:03:40.851+0000] {processor.py:753} INFO - DAG(s) dict_keys(['example_branch_dop_operator_v3']) retrieved from /home/airflow/.local/lib/python3.7/site-packages/airflow/example_dags/example_branch_python_dop_operator_3.py
[2023-02-14T12:03:40.894+0000] {logging_mixin.py:137} INFO - [2023-02-14T12:03:40.894+0000] {dag.py:2676} INFO - Sync 1 DAGs
[2023-02-14T12:03:40.928+0000] {logging_mixin.py:137} INFO - [2023-02-14T12:03:40.928+0000] {dag.py:3427} INFO - Setting next_dagrun for example_branch_dop_operator_v3 to 2023-02-14T12:02:00+00:00, run_after=2023-02-14T12:03:00+00:00
[2023-02-14T12:03:40.950+0000] {processor.py:175} INFO - Processing /home/airflow/.local/lib/python3.7/site-packages/airflow/example_dags/example_branch_python_dop_operator_3.py took 0.139 seconds
[2023-02-14T12:04:11.380+0000] {processor.py:153} INFO - Started process (PID=630) to work on /home/airflow/.local/lib/python3.7/site-packages/airflow/example_dags/example_branch_python_dop_operator_3.py
[2023-02-14T12:04:11.383+0000] {processor.py:743} INFO - Processing file /home/airflow/.local/lib/python3.7/site-packages/airflow/example_dags/example_branch_python_dop_operator_3.py for tasks to queue
[2023-02-14T12:04:11.385+0000] {logging_mixin.py:137} INFO - [2023-02-14T12:04:11.384+0000] {dagbag.py:538} INFO - Filling up the DagBag from /home/airflow/.local/lib/python3.7/site-packages/airflow/example_dags/example_branch_python_dop_operator_3.py
[2023-02-14T12:04:11.413+0000] {processor.py:753} INFO - DAG(s) dict_keys(['example_branch_dop_operator_v3']) retrieved from /home/airflow/.local/lib/python3.7/site-packages/airflow/example_dags/example_branch_python_dop_operator_3.py
[2023-02-14T12:04:11.455+0000] {logging_mixin.py:137} INFO - [2023-02-14T12:04:11.455+0000] {dag.py:2676} INFO - Sync 1 DAGs
[2023-02-14T12:04:11.494+0000] {logging_mixin.py:137} INFO - [2023-02-14T12:04:11.493+0000] {dag.py:3427} INFO - Setting next_dagrun for example_branch_dop_operator_v3 to 2023-02-14T12:03:00+00:00, run_after=2023-02-14T12:04:00+00:00
[2023-02-14T12:04:11.515+0000] {processor.py:175} INFO - Processing /home/airflow/.local/lib/python3.7/site-packages/airflow/example_dags/example_branch_python_dop_operator_3.py took 0.139 seconds
[2023-02-14T12:04:42.369+0000] {processor.py:153} INFO - Started process (PID=701) to work on /home/airflow/.local/lib/python3.7/site-packages/airflow/example_dags/example_branch_python_dop_operator_3.py
[2023-02-14T12:04:42.372+0000] {processor.py:743} INFO - Processing file /home/airflow/.local/lib/python3.7/site-packages/airflow/example_dags/example_branch_python_dop_operator_3.py for tasks to queue
[2023-02-14T12:04:42.373+0000] {logging_mixin.py:137} INFO - [2023-02-14T12:04:42.373+0000] {dagbag.py:538} INFO - Filling up the DagBag from /home/airflow/.local/lib/python3.7/site-packages/airflow/example_dags/example_branch_python_dop_operator_3.py
[2023-02-14T12:04:42.404+0000] {processor.py:753} INFO - DAG(s) dict_keys(['example_branch_dop_operator_v3']) retrieved from /home/airflow/.local/lib/python3.7/site-packages/airflow/example_dags/example_branch_python_dop_operator_3.py
[2023-02-14T12:04:42.449+0000] {logging_mixin.py:137} INFO - [2023-02-14T12:04:42.449+0000] {dag.py:2676} INFO - Sync 1 DAGs
[2023-02-14T12:04:42.483+0000] {logging_mixin.py:137} INFO - [2023-02-14T12:04:42.483+0000] {dag.py:3427} INFO - Setting next_dagrun for example_branch_dop_operator_v3 to 2023-02-14T12:03:00+00:00, run_after=2023-02-14T12:04:00+00:00
[2023-02-14T12:04:42.509+0000] {processor.py:175} INFO - Processing /home/airflow/.local/lib/python3.7/site-packages/airflow/example_dags/example_branch_python_dop_operator_3.py took 0.144 seconds
[2023-02-14T12:05:13.239+0000] {processor.py:153} INFO - Started process (PID=788) to work on /home/airflow/.local/lib/python3.7/site-packages/airflow/example_dags/example_branch_python_dop_operator_3.py
[2023-02-14T12:05:13.241+0000] {processor.py:743} INFO - Processing file /home/airflow/.local/lib/python3.7/site-packages/airflow/example_dags/example_branch_python_dop_operator_3.py for tasks to queue
[2023-02-14T12:05:13.244+0000] {logging_mixin.py:137} INFO - [2023-02-14T12:05:13.243+0000] {dagbag.py:538} INFO - Filling up the DagBag from /home/airflow/.local/lib/python3.7/site-packages/airflow/example_dags/example_branch_python_dop_operator_3.py
[2023-02-14T12:05:13.278+0000] {processor.py:753} INFO - DAG(s) dict_keys(['example_branch_dop_operator_v3']) retrieved from /home/airflow/.local/lib/python3.7/site-packages/airflow/example_dags/example_branch_python_dop_operator_3.py
[2023-02-14T12:05:13.333+0000] {logging_mixin.py:137} INFO - [2023-02-14T12:05:13.333+0000] {dag.py:2676} INFO - Sync 1 DAGs
[2023-02-14T12:05:13.376+0000] {logging_mixin.py:137} INFO - [2023-02-14T12:05:13.376+0000] {dag.py:3427} INFO - Setting next_dagrun for example_branch_dop_operator_v3 to 2023-02-14T12:04:00+00:00, run_after=2023-02-14T12:05:00+00:00
[2023-02-14T12:05:13.406+0000] {processor.py:175} INFO - Processing /home/airflow/.local/lib/python3.7/site-packages/airflow/example_dags/example_branch_python_dop_operator_3.py took 0.172 seconds
[2023-02-14T12:05:43.538+0000] {processor.py:153} INFO - Started process (PID=859) to work on /home/airflow/.local/lib/python3.7/site-packages/airflow/example_dags/example_branch_python_dop_operator_3.py
[2023-02-14T12:05:43.541+0000] {processor.py:743} INFO - Processing file /home/airflow/.local/lib/python3.7/site-packages/airflow/example_dags/example_branch_python_dop_operator_3.py for tasks to queue
[2023-02-14T12:05:43.544+0000] {logging_mixin.py:137} INFO - [2023-02-14T12:05:43.543+0000] {dagbag.py:538} INFO - Filling up the DagBag from /home/airflow/.local/lib/python3.7/site-packages/airflow/example_dags/example_branch_python_dop_operator_3.py
[2023-02-14T12:05:43.583+0000] {processor.py:753} INFO - DAG(s) dict_keys(['example_branch_dop_operator_v3']) retrieved from /home/airflow/.local/lib/python3.7/site-packages/airflow/example_dags/example_branch_python_dop_operator_3.py
[2023-02-14T12:05:43.649+0000] {logging_mixin.py:137} INFO - [2023-02-14T12:05:43.649+0000] {dag.py:2676} INFO - Sync 1 DAGs
[2023-02-14T12:05:43.703+0000] {logging_mixin.py:137} INFO - [2023-02-14T12:05:43.703+0000] {dag.py:3427} INFO - Setting next_dagrun for example_branch_dop_operator_v3 to 2023-02-14T12:04:00+00:00, run_after=2023-02-14T12:05:00+00:00
[2023-02-14T12:05:43.736+0000] {processor.py:175} INFO - Processing /home/airflow/.local/lib/python3.7/site-packages/airflow/example_dags/example_branch_python_dop_operator_3.py took 0.206 seconds
[2023-02-14T12:06:14.745+0000] {processor.py:153} INFO - Started process (PID=939) to work on /home/airflow/.local/lib/python3.7/site-packages/airflow/example_dags/example_branch_python_dop_operator_3.py
[2023-02-14T12:06:14.747+0000] {processor.py:743} INFO - Processing file /home/airflow/.local/lib/python3.7/site-packages/airflow/example_dags/example_branch_python_dop_operator_3.py for tasks to queue
[2023-02-14T12:06:14.748+0000] {logging_mixin.py:137} INFO - [2023-02-14T12:06:14.748+0000] {dagbag.py:538} INFO - Filling up the DagBag from /home/airflow/.local/lib/python3.7/site-packages/airflow/example_dags/example_branch_python_dop_operator_3.py
[2023-02-14T12:06:14.775+0000] {processor.py:753} INFO - DAG(s) dict_keys(['example_branch_dop_operator_v3']) retrieved from /home/airflow/.local/lib/python3.7/site-packages/airflow/example_dags/example_branch_python_dop_operator_3.py
[2023-02-14T12:06:14.816+0000] {logging_mixin.py:137} INFO - [2023-02-14T12:06:14.816+0000] {dag.py:2676} INFO - Sync 1 DAGs
[2023-02-14T12:06:14.855+0000] {logging_mixin.py:137} INFO - [2023-02-14T12:06:14.855+0000] {dag.py:3427} INFO - Setting next_dagrun for example_branch_dop_operator_v3 to 2023-02-14T12:05:00+00:00, run_after=2023-02-14T12:06:00+00:00
[2023-02-14T12:06:14.889+0000] {processor.py:175} INFO - Processing /home/airflow/.local/lib/python3.7/site-packages/airflow/example_dags/example_branch_python_dop_operator_3.py took 0.149 seconds
[2023-02-14T12:06:44.985+0000] {processor.py:153} INFO - Started process (PID=1017) to work on /home/airflow/.local/lib/python3.7/site-packages/airflow/example_dags/example_branch_python_dop_operator_3.py
[2023-02-14T12:06:44.987+0000] {processor.py:743} INFO - Processing file /home/airflow/.local/lib/python3.7/site-packages/airflow/example_dags/example_branch_python_dop_operator_3.py for tasks to queue
[2023-02-14T12:06:44.990+0000] {logging_mixin.py:137} INFO - [2023-02-14T12:06:44.989+0000] {dagbag.py:538} INFO - Filling up the DagBag from /home/airflow/.local/lib/python3.7/site-packages/airflow/example_dags/example_branch_python_dop_operator_3.py
[2023-02-14T12:06:45.020+0000] {processor.py:753} INFO - DAG(s) dict_keys(['example_branch_dop_operator_v3']) retrieved from /home/airflow/.local/lib/python3.7/site-packages/airflow/example_dags/example_branch_python_dop_operator_3.py
[2023-02-14T12:06:45.068+0000] {logging_mixin.py:137} INFO - [2023-02-14T12:06:45.068+0000] {dag.py:2676} INFO - Sync 1 DAGs
[2023-02-14T12:06:45.107+0000] {logging_mixin.py:137} INFO - [2023-02-14T12:06:45.107+0000] {dag.py:3427} INFO - Setting next_dagrun for example_branch_dop_operator_v3 to 2023-02-14T12:05:00+00:00, run_after=2023-02-14T12:06:00+00:00
[2023-02-14T12:06:45.133+0000] {processor.py:175} INFO - Processing /home/airflow/.local/lib/python3.7/site-packages/airflow/example_dags/example_branch_python_dop_operator_3.py took 0.154 seconds
[2023-02-14T12:07:15.239+0000] {processor.py:153} INFO - Started process (PID=1089) to work on /home/airflow/.local/lib/python3.7/site-packages/airflow/example_dags/example_branch_python_dop_operator_3.py
[2023-02-14T12:07:15.242+0000] {processor.py:743} INFO - Processing file /home/airflow/.local/lib/python3.7/site-packages/airflow/example_dags/example_branch_python_dop_operator_3.py for tasks to queue
[2023-02-14T12:07:15.244+0000] {logging_mixin.py:137} INFO - [2023-02-14T12:07:15.244+0000] {dagbag.py:538} INFO - Filling up the DagBag from /home/airflow/.local/lib/python3.7/site-packages/airflow/example_dags/example_branch_python_dop_operator_3.py
[2023-02-14T12:07:15.276+0000] {processor.py:753} INFO - DAG(s) dict_keys(['example_branch_dop_operator_v3']) retrieved from /home/airflow/.local/lib/python3.7/site-packages/airflow/example_dags/example_branch_python_dop_operator_3.py
[2023-02-14T12:07:15.319+0000] {logging_mixin.py:137} INFO - [2023-02-14T12:07:15.318+0000] {dag.py:2676} INFO - Sync 1 DAGs
[2023-02-14T12:07:15.357+0000] {logging_mixin.py:137} INFO - [2023-02-14T12:07:15.357+0000] {dag.py:3427} INFO - Setting next_dagrun for example_branch_dop_operator_v3 to 2023-02-14T12:06:00+00:00, run_after=2023-02-14T12:07:00+00:00
[2023-02-14T12:07:15.381+0000] {processor.py:175} INFO - Processing /home/airflow/.local/lib/python3.7/site-packages/airflow/example_dags/example_branch_python_dop_operator_3.py took 0.147 seconds
[2023-02-14T12:07:45.483+0000] {processor.py:153} INFO - Started process (PID=1176) to work on /home/airflow/.local/lib/python3.7/site-packages/airflow/example_dags/example_branch_python_dop_operator_3.py
[2023-02-14T12:07:45.486+0000] {processor.py:743} INFO - Processing file /home/airflow/.local/lib/python3.7/site-packages/airflow/example_dags/example_branch_python_dop_operator_3.py for tasks to queue
[2023-02-14T12:07:45.487+0000] {logging_mixin.py:137} INFO - [2023-02-14T12:07:45.487+0000] {dagbag.py:538} INFO - Filling up the DagBag from /home/airflow/.local/lib/python3.7/site-packages/airflow/example_dags/example_branch_python_dop_operator_3.py
[2023-02-14T12:07:45.519+0000] {processor.py:753} INFO - DAG(s) dict_keys(['example_branch_dop_operator_v3']) retrieved from /home/airflow/.local/lib/python3.7/site-packages/airflow/example_dags/example_branch_python_dop_operator_3.py
[2023-02-14T12:07:45.568+0000] {logging_mixin.py:137} INFO - [2023-02-14T12:07:45.568+0000] {dag.py:2676} INFO - Sync 1 DAGs
[2023-02-14T12:07:45.602+0000] {logging_mixin.py:137} INFO - [2023-02-14T12:07:45.602+0000] {dag.py:3427} INFO - Setting next_dagrun for example_branch_dop_operator_v3 to 2023-02-14T12:06:00+00:00, run_after=2023-02-14T12:07:00+00:00
[2023-02-14T12:07:45.628+0000] {processor.py:175} INFO - Processing /home/airflow/.local/lib/python3.7/site-packages/airflow/example_dags/example_branch_python_dop_operator_3.py took 0.150 seconds
[2023-02-14T12:08:15.877+0000] {processor.py:153} INFO - Started process (PID=1247) to work on /home/airflow/.local/lib/python3.7/site-packages/airflow/example_dags/example_branch_python_dop_operator_3.py
[2023-02-14T12:08:15.879+0000] {processor.py:743} INFO - Processing file /home/airflow/.local/lib/python3.7/site-packages/airflow/example_dags/example_branch_python_dop_operator_3.py for tasks to queue
[2023-02-14T12:08:15.880+0000] {logging_mixin.py:137} INFO - [2023-02-14T12:08:15.880+0000] {dagbag.py:538} INFO - Filling up the DagBag from /home/airflow/.local/lib/python3.7/site-packages/airflow/example_dags/example_branch_python_dop_operator_3.py
[2023-02-14T12:08:15.908+0000] {processor.py:753} INFO - DAG(s) dict_keys(['example_branch_dop_operator_v3']) retrieved from /home/airflow/.local/lib/python3.7/site-packages/airflow/example_dags/example_branch_python_dop_operator_3.py
[2023-02-14T12:08:15.952+0000] {logging_mixin.py:137} INFO - [2023-02-14T12:08:15.951+0000] {dag.py:2676} INFO - Sync 1 DAGs
[2023-02-14T12:08:15.986+0000] {logging_mixin.py:137} INFO - [2023-02-14T12:08:15.986+0000] {dag.py:3427} INFO - Setting next_dagrun for example_branch_dop_operator_v3 to 2023-02-14T12:07:00+00:00, run_after=2023-02-14T12:08:00+00:00
[2023-02-14T12:08:16.008+0000] {processor.py:175} INFO - Processing /home/airflow/.local/lib/python3.7/site-packages/airflow/example_dags/example_branch_python_dop_operator_3.py took 0.136 seconds
[2023-02-14T12:08:46.335+0000] {processor.py:153} INFO - Started process (PID=1334) to work on /home/airflow/.local/lib/python3.7/site-packages/airflow/example_dags/example_branch_python_dop_operator_3.py
[2023-02-14T12:08:46.339+0000] {processor.py:743} INFO - Processing file /home/airflow/.local/lib/python3.7/site-packages/airflow/example_dags/example_branch_python_dop_operator_3.py for tasks to queue
[2023-02-14T12:08:46.341+0000] {logging_mixin.py:137} INFO - [2023-02-14T12:08:46.341+0000] {dagbag.py:538} INFO - Filling up the DagBag from /home/airflow/.local/lib/python3.7/site-packages/airflow/example_dags/example_branch_python_dop_operator_3.py
[2023-02-14T12:08:46.380+0000] {processor.py:753} INFO - DAG(s) dict_keys(['example_branch_dop_operator_v3']) retrieved from /home/airflow/.local/lib/python3.7/site-packages/airflow/example_dags/example_branch_python_dop_operator_3.py
[2023-02-14T12:08:46.438+0000] {logging_mixin.py:137} INFO - [2023-02-14T12:08:46.437+0000] {dag.py:2676} INFO - Sync 1 DAGs
[2023-02-14T12:08:46.482+0000] {logging_mixin.py:137} INFO - [2023-02-14T12:08:46.482+0000] {dag.py:3427} INFO - Setting next_dagrun for example_branch_dop_operator_v3 to 2023-02-14T12:07:00+00:00, run_after=2023-02-14T12:08:00+00:00
[2023-02-14T12:08:46.515+0000] {processor.py:175} INFO - Processing /home/airflow/.local/lib/python3.7/site-packages/airflow/example_dags/example_branch_python_dop_operator_3.py took 0.187 seconds
[2023-02-14T12:09:16.590+0000] {processor.py:153} INFO - Started process (PID=1405) to work on /home/airflow/.local/lib/python3.7/site-packages/airflow/example_dags/example_branch_python_dop_operator_3.py
[2023-02-14T12:09:16.592+0000] {processor.py:743} INFO - Processing file /home/airflow/.local/lib/python3.7/site-packages/airflow/example_dags/example_branch_python_dop_operator_3.py for tasks to queue
[2023-02-14T12:09:16.594+0000] {logging_mixin.py:137} INFO - [2023-02-14T12:09:16.594+0000] {dagbag.py:538} INFO - Filling up the DagBag from /home/airflow/.local/lib/python3.7/site-packages/airflow/example_dags/example_branch_python_dop_operator_3.py
[2023-02-14T12:09:16.620+0000] {processor.py:753} INFO - DAG(s) dict_keys(['example_branch_dop_operator_v3']) retrieved from /home/airflow/.local/lib/python3.7/site-packages/airflow/example_dags/example_branch_python_dop_operator_3.py
[2023-02-14T12:09:16.664+0000] {logging_mixin.py:137} INFO - [2023-02-14T12:09:16.664+0000] {dag.py:2676} INFO - Sync 1 DAGs
[2023-02-14T12:09:16.697+0000] {logging_mixin.py:137} INFO - [2023-02-14T12:09:16.697+0000] {dag.py:3427} INFO - Setting next_dagrun for example_branch_dop_operator_v3 to 2023-02-14T12:08:00+00:00, run_after=2023-02-14T12:09:00+00:00
[2023-02-14T12:09:16.717+0000] {processor.py:175} INFO - Processing /home/airflow/.local/lib/python3.7/site-packages/airflow/example_dags/example_branch_python_dop_operator_3.py took 0.132 seconds
[2023-02-14T12:09:47.985+0000] {processor.py:153} INFO - Started process (PID=1492) to work on /home/airflow/.local/lib/python3.7/site-packages/airflow/example_dags/example_branch_python_dop_operator_3.py
[2023-02-14T12:09:47.987+0000] {processor.py:743} INFO - Processing file /home/airflow/.local/lib/python3.7/site-packages/airflow/example_dags/example_branch_python_dop_operator_3.py for tasks to queue
[2023-02-14T12:09:47.989+0000] {logging_mixin.py:137} INFO - [2023-02-14T12:09:47.989+0000] {dagbag.py:538} INFO - Filling up the DagBag from /home/airflow/.local/lib/python3.7/site-packages/airflow/example_dags/example_branch_python_dop_operator_3.py
[2023-02-14T12:09:48.018+0000] {processor.py:753} INFO - DAG(s) dict_keys(['example_branch_dop_operator_v3']) retrieved from /home/airflow/.local/lib/python3.7/site-packages/airflow/example_dags/example_branch_python_dop_operator_3.py
[2023-02-14T12:09:48.061+0000] {logging_mixin.py:137} INFO - [2023-02-14T12:09:48.061+0000] {dag.py:2676} INFO - Sync 1 DAGs
[2023-02-14T12:09:48.096+0000] {logging_mixin.py:137} INFO - [2023-02-14T12:09:48.096+0000] {dag.py:3427} INFO - Setting next_dagrun for example_branch_dop_operator_v3 to 2023-02-14T12:08:00+00:00, run_after=2023-02-14T12:09:00+00:00
[2023-02-14T12:09:48.118+0000] {processor.py:175} INFO - Processing /home/airflow/.local/lib/python3.7/site-packages/airflow/example_dags/example_branch_python_dop_operator_3.py took 0.138 seconds
[2023-02-14T12:10:18.464+0000] {processor.py:153} INFO - Started process (PID=1563) to work on /home/airflow/.local/lib/python3.7/site-packages/airflow/example_dags/example_branch_python_dop_operator_3.py
[2023-02-14T12:10:18.467+0000] {processor.py:743} INFO - Processing file /home/airflow/.local/lib/python3.7/site-packages/airflow/example_dags/example_branch_python_dop_operator_3.py for tasks to queue
[2023-02-14T12:10:18.469+0000] {logging_mixin.py:137} INFO - [2023-02-14T12:10:18.469+0000] {dagbag.py:538} INFO - Filling up the DagBag from /home/airflow/.local/lib/python3.7/site-packages/airflow/example_dags/example_branch_python_dop_operator_3.py
[2023-02-14T12:10:18.501+0000] {processor.py:753} INFO - DAG(s) dict_keys(['example_branch_dop_operator_v3']) retrieved from /home/airflow/.local/lib/python3.7/site-packages/airflow/example_dags/example_branch_python_dop_operator_3.py
[2023-02-14T12:10:18.555+0000] {logging_mixin.py:137} INFO - [2023-02-14T12:10:18.555+0000] {dag.py:2676} INFO - Sync 1 DAGs
[2023-02-14T12:10:18.594+0000] {logging_mixin.py:137} INFO - [2023-02-14T12:10:18.594+0000] {dag.py:3427} INFO - Setting next_dagrun for example_branch_dop_operator_v3 to 2023-02-14T12:09:00+00:00, run_after=2023-02-14T12:10:00+00:00
[2023-02-14T12:10:18.622+0000] {processor.py:175} INFO - Processing /home/airflow/.local/lib/python3.7/site-packages/airflow/example_dags/example_branch_python_dop_operator_3.py took 0.163 seconds
[2023-02-14T12:10:49.358+0000] {processor.py:153} INFO - Started process (PID=1650) to work on /home/airflow/.local/lib/python3.7/site-packages/airflow/example_dags/example_branch_python_dop_operator_3.py
[2023-02-14T12:10:49.360+0000] {processor.py:743} INFO - Processing file /home/airflow/.local/lib/python3.7/site-packages/airflow/example_dags/example_branch_python_dop_operator_3.py for tasks to queue
[2023-02-14T12:10:49.362+0000] {logging_mixin.py:137} INFO - [2023-02-14T12:10:49.362+0000] {dagbag.py:538} INFO - Filling up the DagBag from /home/airflow/.local/lib/python3.7/site-packages/airflow/example_dags/example_branch_python_dop_operator_3.py
[2023-02-14T12:10:49.389+0000] {processor.py:753} INFO - DAG(s) dict_keys(['example_branch_dop_operator_v3']) retrieved from /home/airflow/.local/lib/python3.7/site-packages/airflow/example_dags/example_branch_python_dop_operator_3.py
[2023-02-14T12:10:49.434+0000] {logging_mixin.py:137} INFO - [2023-02-14T12:10:49.434+0000] {dag.py:2676} INFO - Sync 1 DAGs
[2023-02-14T12:10:49.469+0000] {logging_mixin.py:137} INFO - [2023-02-14T12:10:49.469+0000] {dag.py:3427} INFO - Setting next_dagrun for example_branch_dop_operator_v3 to 2023-02-14T12:09:00+00:00, run_after=2023-02-14T12:10:00+00:00
[2023-02-14T12:10:49.490+0000] {processor.py:175} INFO - Processing /home/airflow/.local/lib/python3.7/site-packages/airflow/example_dags/example_branch_python_dop_operator_3.py took 0.136 seconds
[2023-02-14T12:11:19.759+0000] {processor.py:153} INFO - Started process (PID=1721) to work on /home/airflow/.local/lib/python3.7/site-packages/airflow/example_dags/example_branch_python_dop_operator_3.py
[2023-02-14T12:11:19.761+0000] {processor.py:743} INFO - Processing file /home/airflow/.local/lib/python3.7/site-packages/airflow/example_dags/example_branch_python_dop_operator_3.py for tasks to queue
[2023-02-14T12:11:19.763+0000] {logging_mixin.py:137} INFO - [2023-02-14T12:11:19.763+0000] {dagbag.py:538} INFO - Filling up the DagBag from /home/airflow/.local/lib/python3.7/site-packages/airflow/example_dags/example_branch_python_dop_operator_3.py
[2023-02-14T12:11:19.795+0000] {processor.py:753} INFO - DAG(s) dict_keys(['example_branch_dop_operator_v3']) retrieved from /home/airflow/.local/lib/python3.7/site-packages/airflow/example_dags/example_branch_python_dop_operator_3.py
[2023-02-14T12:11:19.844+0000] {logging_mixin.py:137} INFO - [2023-02-14T12:11:19.844+0000] {dag.py:2676} INFO - Sync 1 DAGs
[2023-02-14T12:11:19.888+0000] {logging_mixin.py:137} INFO - [2023-02-14T12:11:19.888+0000] {dag.py:3427} INFO - Setting next_dagrun for example_branch_dop_operator_v3 to 2023-02-14T12:10:00+00:00, run_after=2023-02-14T12:11:00+00:00
[2023-02-14T12:11:19.936+0000] {processor.py:175} INFO - Processing /home/airflow/.local/lib/python3.7/site-packages/airflow/example_dags/example_branch_python_dop_operator_3.py took 0.182 seconds
[2023-02-14T12:11:49.973+0000] {processor.py:153} INFO - Started process (PID=1808) to work on /home/airflow/.local/lib/python3.7/site-packages/airflow/example_dags/example_branch_python_dop_operator_3.py
[2023-02-14T12:11:49.975+0000] {processor.py:743} INFO - Processing file /home/airflow/.local/lib/python3.7/site-packages/airflow/example_dags/example_branch_python_dop_operator_3.py for tasks to queue
[2023-02-14T12:11:49.977+0000] {logging_mixin.py:137} INFO - [2023-02-14T12:11:49.977+0000] {dagbag.py:538} INFO - Filling up the DagBag from /home/airflow/.local/lib/python3.7/site-packages/airflow/example_dags/example_branch_python_dop_operator_3.py
[2023-02-14T12:11:50.014+0000] {processor.py:753} INFO - DAG(s) dict_keys(['example_branch_dop_operator_v3']) retrieved from /home/airflow/.local/lib/python3.7/site-packages/airflow/example_dags/example_branch_python_dop_operator_3.py
[2023-02-14T12:11:50.070+0000] {logging_mixin.py:137} INFO - [2023-02-14T12:11:50.069+0000] {dag.py:2676} INFO - Sync 1 DAGs
[2023-02-14T12:11:50.112+0000] {logging_mixin.py:137} INFO - [2023-02-14T12:11:50.112+0000] {dag.py:3427} INFO - Setting next_dagrun for example_branch_dop_operator_v3 to 2023-02-14T12:10:00+00:00, run_after=2023-02-14T12:11:00+00:00
[2023-02-14T12:11:50.133+0000] {processor.py:175} INFO - Processing /home/airflow/.local/lib/python3.7/site-packages/airflow/example_dags/example_branch_python_dop_operator_3.py took 0.165 seconds
[2023-02-14T12:12:21.142+0000] {processor.py:153} INFO - Started process (PID=1879) to work on /home/airflow/.local/lib/python3.7/site-packages/airflow/example_dags/example_branch_python_dop_operator_3.py
[2023-02-14T12:12:21.144+0000] {processor.py:743} INFO - Processing file /home/airflow/.local/lib/python3.7/site-packages/airflow/example_dags/example_branch_python_dop_operator_3.py for tasks to queue
[2023-02-14T12:12:21.146+0000] {logging_mixin.py:137} INFO - [2023-02-14T12:12:21.146+0000] {dagbag.py:538} INFO - Filling up the DagBag from /home/airflow/.local/lib/python3.7/site-packages/airflow/example_dags/example_branch_python_dop_operator_3.py
[2023-02-14T12:12:21.181+0000] {processor.py:753} INFO - DAG(s) dict_keys(['example_branch_dop_operator_v3']) retrieved from /home/airflow/.local/lib/python3.7/site-packages/airflow/example_dags/example_branch_python_dop_operator_3.py
[2023-02-14T12:12:21.231+0000] {logging_mixin.py:137} INFO - [2023-02-14T12:12:21.230+0000] {dag.py:2676} INFO - Sync 1 DAGs
[2023-02-14T12:12:21.269+0000] {logging_mixin.py:137} INFO - [2023-02-14T12:12:21.269+0000] {dag.py:3427} INFO - Setting next_dagrun for example_branch_dop_operator_v3 to 2023-02-14T12:11:00+00:00, run_after=2023-02-14T12:12:00+00:00
[2023-02-14T12:12:21.291+0000] {processor.py:175} INFO - Processing /home/airflow/.local/lib/python3.7/site-packages/airflow/example_dags/example_branch_python_dop_operator_3.py took 0.156 seconds
[2023-02-14T12:12:51.914+0000] {processor.py:153} INFO - Started process (PID=1966) to work on /home/airflow/.local/lib/python3.7/site-packages/airflow/example_dags/example_branch_python_dop_operator_3.py
[2023-02-14T12:12:51.917+0000] {processor.py:743} INFO - Processing file /home/airflow/.local/lib/python3.7/site-packages/airflow/example_dags/example_branch_python_dop_operator_3.py for tasks to queue
[2023-02-14T12:12:51.919+0000] {logging_mixin.py:137} INFO - [2023-02-14T12:12:51.919+0000] {dagbag.py:538} INFO - Filling up the DagBag from /home/airflow/.local/lib/python3.7/site-packages/airflow/example_dags/example_branch_python_dop_operator_3.py
[2023-02-14T12:12:51.950+0000] {processor.py:753} INFO - DAG(s) dict_keys(['example_branch_dop_operator_v3']) retrieved from /home/airflow/.local/lib/python3.7/site-packages/airflow/example_dags/example_branch_python_dop_operator_3.py
[2023-02-14T12:12:52.003+0000] {logging_mixin.py:137} INFO - [2023-02-14T12:12:52.002+0000] {dag.py:2676} INFO - Sync 1 DAGs
[2023-02-14T12:12:52.045+0000] {logging_mixin.py:137} INFO - [2023-02-14T12:12:52.044+0000] {dag.py:3427} INFO - Setting next_dagrun for example_branch_dop_operator_v3 to 2023-02-14T12:11:00+00:00, run_after=2023-02-14T12:12:00+00:00
[2023-02-14T12:12:52.079+0000] {processor.py:175} INFO - Processing /home/airflow/.local/lib/python3.7/site-packages/airflow/example_dags/example_branch_python_dop_operator_3.py took 0.170 seconds
[2023-02-14T12:13:22.577+0000] {processor.py:153} INFO - Started process (PID=2037) to work on /home/airflow/.local/lib/python3.7/site-packages/airflow/example_dags/example_branch_python_dop_operator_3.py
[2023-02-14T12:13:22.579+0000] {processor.py:743} INFO - Processing file /home/airflow/.local/lib/python3.7/site-packages/airflow/example_dags/example_branch_python_dop_operator_3.py for tasks to queue
[2023-02-14T12:13:22.581+0000] {logging_mixin.py:137} INFO - [2023-02-14T12:13:22.580+0000] {dagbag.py:538} INFO - Filling up the DagBag from /home/airflow/.local/lib/python3.7/site-packages/airflow/example_dags/example_branch_python_dop_operator_3.py
[2023-02-14T12:13:22.609+0000] {processor.py:753} INFO - DAG(s) dict_keys(['example_branch_dop_operator_v3']) retrieved from /home/airflow/.local/lib/python3.7/site-packages/airflow/example_dags/example_branch_python_dop_operator_3.py
[2023-02-14T12:13:22.653+0000] {logging_mixin.py:137} INFO - [2023-02-14T12:13:22.653+0000] {dag.py:2676} INFO - Sync 1 DAGs
[2023-02-14T12:13:22.688+0000] {logging_mixin.py:137} INFO - [2023-02-14T12:13:22.688+0000] {dag.py:3427} INFO - Setting next_dagrun for example_branch_dop_operator_v3 to 2023-02-14T12:12:00+00:00, run_after=2023-02-14T12:13:00+00:00
[2023-02-14T12:13:22.713+0000] {processor.py:175} INFO - Processing /home/airflow/.local/lib/python3.7/site-packages/airflow/example_dags/example_branch_python_dop_operator_3.py took 0.140 seconds
[2023-02-14T12:13:53.215+0000] {processor.py:153} INFO - Started process (PID=2124) to work on /home/airflow/.local/lib/python3.7/site-packages/airflow/example_dags/example_branch_python_dop_operator_3.py
[2023-02-14T12:13:53.217+0000] {processor.py:743} INFO - Processing file /home/airflow/.local/lib/python3.7/site-packages/airflow/example_dags/example_branch_python_dop_operator_3.py for tasks to queue
[2023-02-14T12:13:53.219+0000] {logging_mixin.py:137} INFO - [2023-02-14T12:13:53.219+0000] {dagbag.py:538} INFO - Filling up the DagBag from /home/airflow/.local/lib/python3.7/site-packages/airflow/example_dags/example_branch_python_dop_operator_3.py
[2023-02-14T12:13:53.250+0000] {processor.py:753} INFO - DAG(s) dict_keys(['example_branch_dop_operator_v3']) retrieved from /home/airflow/.local/lib/python3.7/site-packages/airflow/example_dags/example_branch_python_dop_operator_3.py
[2023-02-14T12:13:53.292+0000] {logging_mixin.py:137} INFO - [2023-02-14T12:13:53.292+0000] {dag.py:2676} INFO - Sync 1 DAGs
[2023-02-14T12:13:53.327+0000] {logging_mixin.py:137} INFO - [2023-02-14T12:13:53.327+0000] {dag.py:3427} INFO - Setting next_dagrun for example_branch_dop_operator_v3 to 2023-02-14T12:12:00+00:00, run_after=2023-02-14T12:13:00+00:00
[2023-02-14T12:13:53.353+0000] {processor.py:175} INFO - Processing /home/airflow/.local/lib/python3.7/site-packages/airflow/example_dags/example_branch_python_dop_operator_3.py took 0.142 seconds
[2023-02-14T12:14:24.004+0000] {processor.py:153} INFO - Started process (PID=2195) to work on /home/airflow/.local/lib/python3.7/site-packages/airflow/example_dags/example_branch_python_dop_operator_3.py
[2023-02-14T12:14:24.006+0000] {processor.py:743} INFO - Processing file /home/airflow/.local/lib/python3.7/site-packages/airflow/example_dags/example_branch_python_dop_operator_3.py for tasks to queue
[2023-02-14T12:14:24.008+0000] {logging_mixin.py:137} INFO - [2023-02-14T12:14:24.008+0000] {dagbag.py:538} INFO - Filling up the DagBag from /home/airflow/.local/lib/python3.7/site-packages/airflow/example_dags/example_branch_python_dop_operator_3.py
[2023-02-14T12:14:24.038+0000] {processor.py:753} INFO - DAG(s) dict_keys(['example_branch_dop_operator_v3']) retrieved from /home/airflow/.local/lib/python3.7/site-packages/airflow/example_dags/example_branch_python_dop_operator_3.py
[2023-02-14T12:14:24.081+0000] {logging_mixin.py:137} INFO - [2023-02-14T12:14:24.081+0000] {dag.py:2676} INFO - Sync 1 DAGs
[2023-02-14T12:14:24.112+0000] {logging_mixin.py:137} INFO - [2023-02-14T12:14:24.112+0000] {dag.py:3427} INFO - Setting next_dagrun for example_branch_dop_operator_v3 to 2023-02-14T12:13:00+00:00, run_after=2023-02-14T12:14:00+00:00
[2023-02-14T12:14:24.136+0000] {processor.py:175} INFO - Processing /home/airflow/.local/lib/python3.7/site-packages/airflow/example_dags/example_branch_python_dop_operator_3.py took 0.138 seconds
[2023-02-14T12:14:54.239+0000] {processor.py:153} INFO - Started process (PID=2275) to work on /home/airflow/.local/lib/python3.7/site-packages/airflow/example_dags/example_branch_python_dop_operator_3.py
[2023-02-14T12:14:54.242+0000] {processor.py:743} INFO - Processing file /home/airflow/.local/lib/python3.7/site-packages/airflow/example_dags/example_branch_python_dop_operator_3.py for tasks to queue
[2023-02-14T12:14:54.245+0000] {logging_mixin.py:137} INFO - [2023-02-14T12:14:54.245+0000] {dagbag.py:538} INFO - Filling up the DagBag from /home/airflow/.local/lib/python3.7/site-packages/airflow/example_dags/example_branch_python_dop_operator_3.py
[2023-02-14T12:14:54.276+0000] {processor.py:753} INFO - DAG(s) dict_keys(['example_branch_dop_operator_v3']) retrieved from /home/airflow/.local/lib/python3.7/site-packages/airflow/example_dags/example_branch_python_dop_operator_3.py
[2023-02-14T12:14:54.323+0000] {logging_mixin.py:137} INFO - [2023-02-14T12:14:54.323+0000] {dag.py:2676} INFO - Sync 1 DAGs
[2023-02-14T12:14:54.359+0000] {logging_mixin.py:137} INFO - [2023-02-14T12:14:54.359+0000] {dag.py:3427} INFO - Setting next_dagrun for example_branch_dop_operator_v3 to 2023-02-14T12:13:00+00:00, run_after=2023-02-14T12:14:00+00:00
[2023-02-14T12:14:54.382+0000] {processor.py:175} INFO - Processing /home/airflow/.local/lib/python3.7/site-packages/airflow/example_dags/example_branch_python_dop_operator_3.py took 0.149 seconds
[2023-02-14T12:15:24.834+0000] {processor.py:153} INFO - Started process (PID=2353) to work on /home/airflow/.local/lib/python3.7/site-packages/airflow/example_dags/example_branch_python_dop_operator_3.py
[2023-02-14T12:15:24.836+0000] {processor.py:743} INFO - Processing file /home/airflow/.local/lib/python3.7/site-packages/airflow/example_dags/example_branch_python_dop_operator_3.py for tasks to queue
[2023-02-14T12:15:24.838+0000] {logging_mixin.py:137} INFO - [2023-02-14T12:15:24.838+0000] {dagbag.py:538} INFO - Filling up the DagBag from /home/airflow/.local/lib/python3.7/site-packages/airflow/example_dags/example_branch_python_dop_operator_3.py
[2023-02-14T12:15:24.869+0000] {processor.py:753} INFO - DAG(s) dict_keys(['example_branch_dop_operator_v3']) retrieved from /home/airflow/.local/lib/python3.7/site-packages/airflow/example_dags/example_branch_python_dop_operator_3.py
[2023-02-14T12:15:24.912+0000] {logging_mixin.py:137} INFO - [2023-02-14T12:15:24.912+0000] {dag.py:2676} INFO - Sync 1 DAGs
[2023-02-14T12:15:24.947+0000] {logging_mixin.py:137} INFO - [2023-02-14T12:15:24.947+0000] {dag.py:3427} INFO - Setting next_dagrun for example_branch_dop_operator_v3 to 2023-02-14T12:14:00+00:00, run_after=2023-02-14T12:15:00+00:00
[2023-02-14T12:15:24.980+0000] {processor.py:175} INFO - Processing /home/airflow/.local/lib/python3.7/site-packages/airflow/example_dags/example_branch_python_dop_operator_3.py took 0.151 seconds
[2023-02-14T12:15:55.662+0000] {processor.py:153} INFO - Started process (PID=2433) to work on /home/airflow/.local/lib/python3.7/site-packages/airflow/example_dags/example_branch_python_dop_operator_3.py
[2023-02-14T12:15:55.667+0000] {processor.py:743} INFO - Processing file /home/airflow/.local/lib/python3.7/site-packages/airflow/example_dags/example_branch_python_dop_operator_3.py for tasks to queue
[2023-02-14T12:15:55.674+0000] {logging_mixin.py:137} INFO - [2023-02-14T12:15:55.674+0000] {dagbag.py:538} INFO - Filling up the DagBag from /home/airflow/.local/lib/python3.7/site-packages/airflow/example_dags/example_branch_python_dop_operator_3.py
[2023-02-14T12:15:55.750+0000] {processor.py:753} INFO - DAG(s) dict_keys(['example_branch_dop_operator_v3']) retrieved from /home/airflow/.local/lib/python3.7/site-packages/airflow/example_dags/example_branch_python_dop_operator_3.py
[2023-02-14T12:15:55.813+0000] {logging_mixin.py:137} INFO - [2023-02-14T12:15:55.812+0000] {dag.py:2676} INFO - Sync 1 DAGs
[2023-02-14T12:15:55.877+0000] {logging_mixin.py:137} INFO - [2023-02-14T12:15:55.877+0000] {dag.py:3427} INFO - Setting next_dagrun for example_branch_dop_operator_v3 to 2023-02-14T12:14:00+00:00, run_after=2023-02-14T12:15:00+00:00
[2023-02-14T12:15:55.920+0000] {processor.py:175} INFO - Processing /home/airflow/.local/lib/python3.7/site-packages/airflow/example_dags/example_branch_python_dop_operator_3.py took 0.264 seconds
[2023-02-14T12:16:30.202+0000] {processor.py:153} INFO - Started process (PID=2511) to work on /home/airflow/.local/lib/python3.7/site-packages/airflow/example_dags/example_branch_python_dop_operator_3.py
[2023-02-14T12:16:30.207+0000] {processor.py:743} INFO - Processing file /home/airflow/.local/lib/python3.7/site-packages/airflow/example_dags/example_branch_python_dop_operator_3.py for tasks to queue
[2023-02-14T12:16:30.210+0000] {logging_mixin.py:137} INFO - [2023-02-14T12:16:30.210+0000] {dagbag.py:538} INFO - Filling up the DagBag from /home/airflow/.local/lib/python3.7/site-packages/airflow/example_dags/example_branch_python_dop_operator_3.py
[2023-02-14T12:16:30.271+0000] {processor.py:753} INFO - DAG(s) dict_keys(['example_branch_dop_operator_v3']) retrieved from /home/airflow/.local/lib/python3.7/site-packages/airflow/example_dags/example_branch_python_dop_operator_3.py
[2023-02-14T12:16:30.350+0000] {logging_mixin.py:137} INFO - [2023-02-14T12:16:30.349+0000] {dag.py:2676} INFO - Sync 1 DAGs
[2023-02-14T12:16:30.404+0000] {logging_mixin.py:137} INFO - [2023-02-14T12:16:30.404+0000] {dag.py:3427} INFO - Setting next_dagrun for example_branch_dop_operator_v3 to 2023-02-14T12:15:00+00:00, run_after=2023-02-14T12:16:00+00:00
[2023-02-14T12:16:30.444+0000] {processor.py:175} INFO - Processing /home/airflow/.local/lib/python3.7/site-packages/airflow/example_dags/example_branch_python_dop_operator_3.py took 0.248 seconds
[2023-02-14T12:17:00.523+0000] {processor.py:153} INFO - Started process (PID=2589) to work on /home/airflow/.local/lib/python3.7/site-packages/airflow/example_dags/example_branch_python_dop_operator_3.py
[2023-02-14T12:17:00.526+0000] {processor.py:743} INFO - Processing file /home/airflow/.local/lib/python3.7/site-packages/airflow/example_dags/example_branch_python_dop_operator_3.py for tasks to queue
[2023-02-14T12:17:00.528+0000] {logging_mixin.py:137} INFO - [2023-02-14T12:17:00.528+0000] {dagbag.py:538} INFO - Filling up the DagBag from /home/airflow/.local/lib/python3.7/site-packages/airflow/example_dags/example_branch_python_dop_operator_3.py
[2023-02-14T12:17:00.565+0000] {processor.py:753} INFO - DAG(s) dict_keys(['example_branch_dop_operator_v3']) retrieved from /home/airflow/.local/lib/python3.7/site-packages/airflow/example_dags/example_branch_python_dop_operator_3.py
[2023-02-14T12:17:00.623+0000] {logging_mixin.py:137} INFO - [2023-02-14T12:17:00.623+0000] {dag.py:2676} INFO - Sync 1 DAGs
[2023-02-14T12:17:00.667+0000] {logging_mixin.py:137} INFO - [2023-02-14T12:17:00.667+0000] {dag.py:3427} INFO - Setting next_dagrun for example_branch_dop_operator_v3 to 2023-02-14T12:16:00+00:00, run_after=2023-02-14T12:17:00+00:00
[2023-02-14T12:17:00.698+0000] {processor.py:175} INFO - Processing /home/airflow/.local/lib/python3.7/site-packages/airflow/example_dags/example_branch_python_dop_operator_3.py took 0.181 seconds
[2023-02-14T12:17:31.197+0000] {processor.py:153} INFO - Started process (PID=2669) to work on /home/airflow/.local/lib/python3.7/site-packages/airflow/example_dags/example_branch_python_dop_operator_3.py
[2023-02-14T12:17:31.200+0000] {processor.py:743} INFO - Processing file /home/airflow/.local/lib/python3.7/site-packages/airflow/example_dags/example_branch_python_dop_operator_3.py for tasks to queue
[2023-02-14T12:17:31.202+0000] {logging_mixin.py:137} INFO - [2023-02-14T12:17:31.201+0000] {dagbag.py:538} INFO - Filling up the DagBag from /home/airflow/.local/lib/python3.7/site-packages/airflow/example_dags/example_branch_python_dop_operator_3.py
[2023-02-14T12:17:31.237+0000] {processor.py:753} INFO - DAG(s) dict_keys(['example_branch_dop_operator_v3']) retrieved from /home/airflow/.local/lib/python3.7/site-packages/airflow/example_dags/example_branch_python_dop_operator_3.py
[2023-02-14T12:17:31.292+0000] {logging_mixin.py:137} INFO - [2023-02-14T12:17:31.292+0000] {dag.py:2676} INFO - Sync 1 DAGs
[2023-02-14T12:17:31.340+0000] {logging_mixin.py:137} INFO - [2023-02-14T12:17:31.340+0000] {dag.py:3427} INFO - Setting next_dagrun for example_branch_dop_operator_v3 to 2023-02-14T12:16:00+00:00, run_after=2023-02-14T12:17:00+00:00
[2023-02-14T12:17:31.378+0000] {processor.py:175} INFO - Processing /home/airflow/.local/lib/python3.7/site-packages/airflow/example_dags/example_branch_python_dop_operator_3.py took 0.186 seconds
[2023-02-14T12:18:01.519+0000] {processor.py:153} INFO - Started process (PID=2740) to work on /home/airflow/.local/lib/python3.7/site-packages/airflow/example_dags/example_branch_python_dop_operator_3.py
[2023-02-14T12:18:01.523+0000] {processor.py:743} INFO - Processing file /home/airflow/.local/lib/python3.7/site-packages/airflow/example_dags/example_branch_python_dop_operator_3.py for tasks to queue
[2023-02-14T12:18:01.526+0000] {logging_mixin.py:137} INFO - [2023-02-14T12:18:01.526+0000] {dagbag.py:538} INFO - Filling up the DagBag from /home/airflow/.local/lib/python3.7/site-packages/airflow/example_dags/example_branch_python_dop_operator_3.py
[2023-02-14T12:18:01.571+0000] {processor.py:753} INFO - DAG(s) dict_keys(['example_branch_dop_operator_v3']) retrieved from /home/airflow/.local/lib/python3.7/site-packages/airflow/example_dags/example_branch_python_dop_operator_3.py
[2023-02-14T12:18:01.645+0000] {logging_mixin.py:137} INFO - [2023-02-14T12:18:01.645+0000] {dag.py:2676} INFO - Sync 1 DAGs
[2023-02-14T12:18:01.689+0000] {logging_mixin.py:137} INFO - [2023-02-14T12:18:01.689+0000] {dag.py:3427} INFO - Setting next_dagrun for example_branch_dop_operator_v3 to 2023-02-14T12:17:00+00:00, run_after=2023-02-14T12:18:00+00:00
[2023-02-14T12:18:01.719+0000] {processor.py:175} INFO - Processing /home/airflow/.local/lib/python3.7/site-packages/airflow/example_dags/example_branch_python_dop_operator_3.py took 0.205 seconds
