[2023-02-14T12:00:35.632+0000] {processor.py:153} INFO - Started process (PID=80) to work on /home/airflow/.local/lib/python3.7/site-packages/airflow/example_dags/example_task_group.py
[2023-02-14T12:00:35.635+0000] {processor.py:743} INFO - Processing file /home/airflow/.local/lib/python3.7/site-packages/airflow/example_dags/example_task_group.py for tasks to queue
[2023-02-14T12:00:35.637+0000] {logging_mixin.py:137} INFO - [2023-02-14T12:00:35.637+0000] {dagbag.py:538} INFO - Filling up the DagBag from /home/airflow/.local/lib/python3.7/site-packages/airflow/example_dags/example_task_group.py
[2023-02-14T12:00:35.661+0000] {processor.py:753} INFO - DAG(s) dict_keys(['example_task_group']) retrieved from /home/airflow/.local/lib/python3.7/site-packages/airflow/example_dags/example_task_group.py
[2023-02-14T12:00:35.713+0000] {logging_mixin.py:137} INFO - [2023-02-14T12:00:35.713+0000] {dag.py:2676} INFO - Sync 1 DAGs
[2023-02-14T12:00:35.750+0000] {logging_mixin.py:137} INFO - [2023-02-14T12:00:35.750+0000] {dag.py:3427} INFO - Setting next_dagrun for example_task_group to 2023-02-13T12:00:35.750415+00:00, run_after=2023-02-14T12:00:35.750415+00:00
[2023-02-14T12:00:35.776+0000] {processor.py:175} INFO - Processing /home/airflow/.local/lib/python3.7/site-packages/airflow/example_dags/example_task_group.py took 0.148 seconds
[2023-02-14T12:01:06.209+0000] {processor.py:153} INFO - Started process (PID=151) to work on /home/airflow/.local/lib/python3.7/site-packages/airflow/example_dags/example_task_group.py
[2023-02-14T12:01:06.212+0000] {processor.py:743} INFO - Processing file /home/airflow/.local/lib/python3.7/site-packages/airflow/example_dags/example_task_group.py for tasks to queue
[2023-02-14T12:01:06.215+0000] {logging_mixin.py:137} INFO - [2023-02-14T12:01:06.215+0000] {dagbag.py:538} INFO - Filling up the DagBag from /home/airflow/.local/lib/python3.7/site-packages/airflow/example_dags/example_task_group.py
[2023-02-14T12:01:06.243+0000] {processor.py:753} INFO - DAG(s) dict_keys(['example_task_group']) retrieved from /home/airflow/.local/lib/python3.7/site-packages/airflow/example_dags/example_task_group.py
[2023-02-14T12:01:06.328+0000] {logging_mixin.py:137} INFO - [2023-02-14T12:01:06.328+0000] {dag.py:2676} INFO - Sync 1 DAGs
[2023-02-14T12:01:06.368+0000] {logging_mixin.py:137} INFO - [2023-02-14T12:01:06.367+0000] {dag.py:3427} INFO - Setting next_dagrun for example_task_group to 2023-02-13T12:01:06.367565+00:00, run_after=2023-02-14T12:01:06.367565+00:00
[2023-02-14T12:01:06.398+0000] {processor.py:175} INFO - Processing /home/airflow/.local/lib/python3.7/site-packages/airflow/example_dags/example_task_group.py took 0.194 seconds
[2023-02-14T12:01:36.566+0000] {processor.py:153} INFO - Started process (PID=222) to work on /home/airflow/.local/lib/python3.7/site-packages/airflow/example_dags/example_task_group.py
[2023-02-14T12:01:36.569+0000] {processor.py:743} INFO - Processing file /home/airflow/.local/lib/python3.7/site-packages/airflow/example_dags/example_task_group.py for tasks to queue
[2023-02-14T12:01:36.571+0000] {logging_mixin.py:137} INFO - [2023-02-14T12:01:36.571+0000] {dagbag.py:538} INFO - Filling up the DagBag from /home/airflow/.local/lib/python3.7/site-packages/airflow/example_dags/example_task_group.py
[2023-02-14T12:01:36.596+0000] {processor.py:753} INFO - DAG(s) dict_keys(['example_task_group']) retrieved from /home/airflow/.local/lib/python3.7/site-packages/airflow/example_dags/example_task_group.py
[2023-02-14T12:01:36.651+0000] {logging_mixin.py:137} INFO - [2023-02-14T12:01:36.651+0000] {dag.py:2676} INFO - Sync 1 DAGs
[2023-02-14T12:01:36.686+0000] {logging_mixin.py:137} INFO - [2023-02-14T12:01:36.686+0000] {dag.py:3427} INFO - Setting next_dagrun for example_task_group to 2023-02-13T12:01:36.686335+00:00, run_after=2023-02-14T12:01:36.686335+00:00
[2023-02-14T12:01:36.714+0000] {processor.py:175} INFO - Processing /home/airflow/.local/lib/python3.7/site-packages/airflow/example_dags/example_task_group.py took 0.153 seconds
[2023-02-14T12:02:06.822+0000] {processor.py:153} INFO - Started process (PID=309) to work on /home/airflow/.local/lib/python3.7/site-packages/airflow/example_dags/example_task_group.py
[2023-02-14T12:02:06.826+0000] {processor.py:743} INFO - Processing file /home/airflow/.local/lib/python3.7/site-packages/airflow/example_dags/example_task_group.py for tasks to queue
[2023-02-14T12:02:06.827+0000] {logging_mixin.py:137} INFO - [2023-02-14T12:02:06.827+0000] {dagbag.py:538} INFO - Filling up the DagBag from /home/airflow/.local/lib/python3.7/site-packages/airflow/example_dags/example_task_group.py
[2023-02-14T12:02:06.848+0000] {processor.py:753} INFO - DAG(s) dict_keys(['example_task_group']) retrieved from /home/airflow/.local/lib/python3.7/site-packages/airflow/example_dags/example_task_group.py
[2023-02-14T12:02:06.898+0000] {logging_mixin.py:137} INFO - [2023-02-14T12:02:06.898+0000] {dag.py:2676} INFO - Sync 1 DAGs
[2023-02-14T12:02:06.932+0000] {logging_mixin.py:137} INFO - [2023-02-14T12:02:06.932+0000] {dag.py:3427} INFO - Setting next_dagrun for example_task_group to 2023-02-13T12:02:06.931842+00:00, run_after=2023-02-14T12:02:06.931842+00:00
[2023-02-14T12:02:06.955+0000] {processor.py:175} INFO - Processing /home/airflow/.local/lib/python3.7/site-packages/airflow/example_dags/example_task_group.py took 0.137 seconds
[2023-02-14T12:02:37.479+0000] {processor.py:153} INFO - Started process (PID=380) to work on /home/airflow/.local/lib/python3.7/site-packages/airflow/example_dags/example_task_group.py
[2023-02-14T12:02:37.481+0000] {processor.py:743} INFO - Processing file /home/airflow/.local/lib/python3.7/site-packages/airflow/example_dags/example_task_group.py for tasks to queue
[2023-02-14T12:02:37.483+0000] {logging_mixin.py:137} INFO - [2023-02-14T12:02:37.483+0000] {dagbag.py:538} INFO - Filling up the DagBag from /home/airflow/.local/lib/python3.7/site-packages/airflow/example_dags/example_task_group.py
[2023-02-14T12:02:37.508+0000] {processor.py:753} INFO - DAG(s) dict_keys(['example_task_group']) retrieved from /home/airflow/.local/lib/python3.7/site-packages/airflow/example_dags/example_task_group.py
[2023-02-14T12:02:37.561+0000] {logging_mixin.py:137} INFO - [2023-02-14T12:02:37.561+0000] {dag.py:2676} INFO - Sync 1 DAGs
[2023-02-14T12:02:37.594+0000] {logging_mixin.py:137} INFO - [2023-02-14T12:02:37.594+0000] {dag.py:3427} INFO - Setting next_dagrun for example_task_group to 2023-02-13T12:02:37.593845+00:00, run_after=2023-02-14T12:02:37.593845+00:00
[2023-02-14T12:02:37.617+0000] {processor.py:175} INFO - Processing /home/airflow/.local/lib/python3.7/site-packages/airflow/example_dags/example_task_group.py took 0.143 seconds
[2023-02-14T12:03:08.763+0000] {processor.py:153} INFO - Started process (PID=467) to work on /home/airflow/.local/lib/python3.7/site-packages/airflow/example_dags/example_task_group.py
[2023-02-14T12:03:08.765+0000] {processor.py:743} INFO - Processing file /home/airflow/.local/lib/python3.7/site-packages/airflow/example_dags/example_task_group.py for tasks to queue
[2023-02-14T12:03:08.767+0000] {logging_mixin.py:137} INFO - [2023-02-14T12:03:08.767+0000] {dagbag.py:538} INFO - Filling up the DagBag from /home/airflow/.local/lib/python3.7/site-packages/airflow/example_dags/example_task_group.py
[2023-02-14T12:03:08.789+0000] {processor.py:753} INFO - DAG(s) dict_keys(['example_task_group']) retrieved from /home/airflow/.local/lib/python3.7/site-packages/airflow/example_dags/example_task_group.py
[2023-02-14T12:03:08.838+0000] {logging_mixin.py:137} INFO - [2023-02-14T12:03:08.838+0000] {dag.py:2676} INFO - Sync 1 DAGs
[2023-02-14T12:03:08.873+0000] {logging_mixin.py:137} INFO - [2023-02-14T12:03:08.873+0000] {dag.py:3427} INFO - Setting next_dagrun for example_task_group to 2023-02-13T12:03:08.872897+00:00, run_after=2023-02-14T12:03:08.872897+00:00
[2023-02-14T12:03:08.894+0000] {processor.py:175} INFO - Processing /home/airflow/.local/lib/python3.7/site-packages/airflow/example_dags/example_task_group.py took 0.137 seconds
[2023-02-14T12:03:39.382+0000] {processor.py:153} INFO - Started process (PID=538) to work on /home/airflow/.local/lib/python3.7/site-packages/airflow/example_dags/example_task_group.py
[2023-02-14T12:03:39.386+0000] {processor.py:743} INFO - Processing file /home/airflow/.local/lib/python3.7/site-packages/airflow/example_dags/example_task_group.py for tasks to queue
[2023-02-14T12:03:39.388+0000] {logging_mixin.py:137} INFO - [2023-02-14T12:03:39.387+0000] {dagbag.py:538} INFO - Filling up the DagBag from /home/airflow/.local/lib/python3.7/site-packages/airflow/example_dags/example_task_group.py
[2023-02-14T12:03:39.409+0000] {processor.py:753} INFO - DAG(s) dict_keys(['example_task_group']) retrieved from /home/airflow/.local/lib/python3.7/site-packages/airflow/example_dags/example_task_group.py
[2023-02-14T12:03:39.453+0000] {logging_mixin.py:137} INFO - [2023-02-14T12:03:39.453+0000] {dag.py:2676} INFO - Sync 1 DAGs
[2023-02-14T12:03:39.482+0000] {logging_mixin.py:137} INFO - [2023-02-14T12:03:39.482+0000] {dag.py:3427} INFO - Setting next_dagrun for example_task_group to 2023-02-13T12:03:39.481837+00:00, run_after=2023-02-14T12:03:39.481837+00:00
[2023-02-14T12:03:39.503+0000] {processor.py:175} INFO - Processing /home/airflow/.local/lib/python3.7/site-packages/airflow/example_dags/example_task_group.py took 0.125 seconds
[2023-02-14T12:04:09.952+0000] {processor.py:153} INFO - Started process (PID=625) to work on /home/airflow/.local/lib/python3.7/site-packages/airflow/example_dags/example_task_group.py
[2023-02-14T12:04:09.955+0000] {processor.py:743} INFO - Processing file /home/airflow/.local/lib/python3.7/site-packages/airflow/example_dags/example_task_group.py for tasks to queue
[2023-02-14T12:04:09.957+0000] {logging_mixin.py:137} INFO - [2023-02-14T12:04:09.957+0000] {dagbag.py:538} INFO - Filling up the DagBag from /home/airflow/.local/lib/python3.7/site-packages/airflow/example_dags/example_task_group.py
[2023-02-14T12:04:09.981+0000] {processor.py:753} INFO - DAG(s) dict_keys(['example_task_group']) retrieved from /home/airflow/.local/lib/python3.7/site-packages/airflow/example_dags/example_task_group.py
[2023-02-14T12:04:10.035+0000] {logging_mixin.py:137} INFO - [2023-02-14T12:04:10.035+0000] {dag.py:2676} INFO - Sync 1 DAGs
[2023-02-14T12:04:10.067+0000] {logging_mixin.py:137} INFO - [2023-02-14T12:04:10.067+0000] {dag.py:3427} INFO - Setting next_dagrun for example_task_group to 2023-02-13T12:04:10.067411+00:00, run_after=2023-02-14T12:04:10.067411+00:00
[2023-02-14T12:04:10.089+0000] {processor.py:175} INFO - Processing /home/airflow/.local/lib/python3.7/site-packages/airflow/example_dags/example_task_group.py took 0.143 seconds
[2023-02-14T12:04:40.871+0000] {processor.py:153} INFO - Started process (PID=696) to work on /home/airflow/.local/lib/python3.7/site-packages/airflow/example_dags/example_task_group.py
[2023-02-14T12:04:40.874+0000] {processor.py:743} INFO - Processing file /home/airflow/.local/lib/python3.7/site-packages/airflow/example_dags/example_task_group.py for tasks to queue
[2023-02-14T12:04:40.876+0000] {logging_mixin.py:137} INFO - [2023-02-14T12:04:40.875+0000] {dagbag.py:538} INFO - Filling up the DagBag from /home/airflow/.local/lib/python3.7/site-packages/airflow/example_dags/example_task_group.py
[2023-02-14T12:04:40.900+0000] {processor.py:753} INFO - DAG(s) dict_keys(['example_task_group']) retrieved from /home/airflow/.local/lib/python3.7/site-packages/airflow/example_dags/example_task_group.py
[2023-02-14T12:04:40.959+0000] {logging_mixin.py:137} INFO - [2023-02-14T12:04:40.959+0000] {dag.py:2676} INFO - Sync 1 DAGs
[2023-02-14T12:04:40.998+0000] {logging_mixin.py:137} INFO - [2023-02-14T12:04:40.998+0000] {dag.py:3427} INFO - Setting next_dagrun for example_task_group to 2023-02-13T12:04:40.998350+00:00, run_after=2023-02-14T12:04:40.998350+00:00
[2023-02-14T12:04:41.028+0000] {processor.py:175} INFO - Processing /home/airflow/.local/lib/python3.7/site-packages/airflow/example_dags/example_task_group.py took 0.162 seconds
[2023-02-14T12:05:11.785+0000] {processor.py:153} INFO - Started process (PID=776) to work on /home/airflow/.local/lib/python3.7/site-packages/airflow/example_dags/example_task_group.py
[2023-02-14T12:05:11.788+0000] {processor.py:743} INFO - Processing file /home/airflow/.local/lib/python3.7/site-packages/airflow/example_dags/example_task_group.py for tasks to queue
[2023-02-14T12:05:11.790+0000] {logging_mixin.py:137} INFO - [2023-02-14T12:05:11.790+0000] {dagbag.py:538} INFO - Filling up the DagBag from /home/airflow/.local/lib/python3.7/site-packages/airflow/example_dags/example_task_group.py
[2023-02-14T12:05:11.815+0000] {processor.py:753} INFO - DAG(s) dict_keys(['example_task_group']) retrieved from /home/airflow/.local/lib/python3.7/site-packages/airflow/example_dags/example_task_group.py
[2023-02-14T12:05:11.862+0000] {logging_mixin.py:137} INFO - [2023-02-14T12:05:11.862+0000] {dag.py:2676} INFO - Sync 1 DAGs
[2023-02-14T12:05:11.896+0000] {logging_mixin.py:137} INFO - [2023-02-14T12:05:11.896+0000] {dag.py:3427} INFO - Setting next_dagrun for example_task_group to 2023-02-13T12:05:11.896228+00:00, run_after=2023-02-14T12:05:11.896228+00:00
[2023-02-14T12:05:11.918+0000] {processor.py:175} INFO - Processing /home/airflow/.local/lib/python3.7/site-packages/airflow/example_dags/example_task_group.py took 0.139 seconds
[2023-02-14T12:05:42.916+0000] {processor.py:153} INFO - Started process (PID=854) to work on /home/airflow/.local/lib/python3.7/site-packages/airflow/example_dags/example_task_group.py
[2023-02-14T12:05:42.919+0000] {processor.py:743} INFO - Processing file /home/airflow/.local/lib/python3.7/site-packages/airflow/example_dags/example_task_group.py for tasks to queue
[2023-02-14T12:05:42.921+0000] {logging_mixin.py:137} INFO - [2023-02-14T12:05:42.921+0000] {dagbag.py:538} INFO - Filling up the DagBag from /home/airflow/.local/lib/python3.7/site-packages/airflow/example_dags/example_task_group.py
[2023-02-14T12:05:42.948+0000] {processor.py:753} INFO - DAG(s) dict_keys(['example_task_group']) retrieved from /home/airflow/.local/lib/python3.7/site-packages/airflow/example_dags/example_task_group.py
[2023-02-14T12:05:43.003+0000] {logging_mixin.py:137} INFO - [2023-02-14T12:05:43.003+0000] {dag.py:2676} INFO - Sync 1 DAGs
[2023-02-14T12:05:43.038+0000] {logging_mixin.py:137} INFO - [2023-02-14T12:05:43.038+0000] {dag.py:3427} INFO - Setting next_dagrun for example_task_group to 2023-02-13T12:05:43.038444+00:00, run_after=2023-02-14T12:05:43.038444+00:00
[2023-02-14T12:05:43.067+0000] {processor.py:175} INFO - Processing /home/airflow/.local/lib/python3.7/site-packages/airflow/example_dags/example_task_group.py took 0.157 seconds
[2023-02-14T12:06:13.298+0000] {processor.py:153} INFO - Started process (PID=925) to work on /home/airflow/.local/lib/python3.7/site-packages/airflow/example_dags/example_task_group.py
[2023-02-14T12:06:13.301+0000] {processor.py:743} INFO - Processing file /home/airflow/.local/lib/python3.7/site-packages/airflow/example_dags/example_task_group.py for tasks to queue
[2023-02-14T12:06:13.303+0000] {logging_mixin.py:137} INFO - [2023-02-14T12:06:13.302+0000] {dagbag.py:538} INFO - Filling up the DagBag from /home/airflow/.local/lib/python3.7/site-packages/airflow/example_dags/example_task_group.py
[2023-02-14T12:06:13.322+0000] {processor.py:753} INFO - DAG(s) dict_keys(['example_task_group']) retrieved from /home/airflow/.local/lib/python3.7/site-packages/airflow/example_dags/example_task_group.py
[2023-02-14T12:06:13.365+0000] {logging_mixin.py:137} INFO - [2023-02-14T12:06:13.365+0000] {dag.py:2676} INFO - Sync 1 DAGs
[2023-02-14T12:06:13.394+0000] {logging_mixin.py:137} INFO - [2023-02-14T12:06:13.394+0000] {dag.py:3427} INFO - Setting next_dagrun for example_task_group to 2023-02-13T12:06:13.394288+00:00, run_after=2023-02-14T12:06:13.394288+00:00
[2023-02-14T12:06:13.415+0000] {processor.py:175} INFO - Processing /home/airflow/.local/lib/python3.7/site-packages/airflow/example_dags/example_task_group.py took 0.121 seconds
[2023-02-14T12:06:44.592+0000] {processor.py:153} INFO - Started process (PID=1012) to work on /home/airflow/.local/lib/python3.7/site-packages/airflow/example_dags/example_task_group.py
[2023-02-14T12:06:44.595+0000] {processor.py:743} INFO - Processing file /home/airflow/.local/lib/python3.7/site-packages/airflow/example_dags/example_task_group.py for tasks to queue
[2023-02-14T12:06:44.597+0000] {logging_mixin.py:137} INFO - [2023-02-14T12:06:44.597+0000] {dagbag.py:538} INFO - Filling up the DagBag from /home/airflow/.local/lib/python3.7/site-packages/airflow/example_dags/example_task_group.py
[2023-02-14T12:06:44.618+0000] {processor.py:753} INFO - DAG(s) dict_keys(['example_task_group']) retrieved from /home/airflow/.local/lib/python3.7/site-packages/airflow/example_dags/example_task_group.py
[2023-02-14T12:06:44.661+0000] {logging_mixin.py:137} INFO - [2023-02-14T12:06:44.661+0000] {dag.py:2676} INFO - Sync 1 DAGs
[2023-02-14T12:06:44.692+0000] {logging_mixin.py:137} INFO - [2023-02-14T12:06:44.691+0000] {dag.py:3427} INFO - Setting next_dagrun for example_task_group to 2023-02-13T12:06:44.691611+00:00, run_after=2023-02-14T12:06:44.691611+00:00
[2023-02-14T12:06:44.713+0000] {processor.py:175} INFO - Processing /home/airflow/.local/lib/python3.7/site-packages/airflow/example_dags/example_task_group.py took 0.125 seconds
[2023-02-14T12:07:14.845+0000] {processor.py:153} INFO - Started process (PID=1084) to work on /home/airflow/.local/lib/python3.7/site-packages/airflow/example_dags/example_task_group.py
[2023-02-14T12:07:14.848+0000] {processor.py:743} INFO - Processing file /home/airflow/.local/lib/python3.7/site-packages/airflow/example_dags/example_task_group.py for tasks to queue
[2023-02-14T12:07:14.850+0000] {logging_mixin.py:137} INFO - [2023-02-14T12:07:14.850+0000] {dagbag.py:538} INFO - Filling up the DagBag from /home/airflow/.local/lib/python3.7/site-packages/airflow/example_dags/example_task_group.py
[2023-02-14T12:07:14.874+0000] {processor.py:753} INFO - DAG(s) dict_keys(['example_task_group']) retrieved from /home/airflow/.local/lib/python3.7/site-packages/airflow/example_dags/example_task_group.py
[2023-02-14T12:07:14.925+0000] {logging_mixin.py:137} INFO - [2023-02-14T12:07:14.924+0000] {dag.py:2676} INFO - Sync 1 DAGs
[2023-02-14T12:07:14.957+0000] {logging_mixin.py:137} INFO - [2023-02-14T12:07:14.957+0000] {dag.py:3427} INFO - Setting next_dagrun for example_task_group to 2023-02-13T12:07:14.957018+00:00, run_after=2023-02-14T12:07:14.957018+00:00
[2023-02-14T12:07:14.981+0000] {processor.py:175} INFO - Processing /home/airflow/.local/lib/python3.7/site-packages/airflow/example_dags/example_task_group.py took 0.141 seconds
[2023-02-14T12:07:45.096+0000] {processor.py:153} INFO - Started process (PID=1171) to work on /home/airflow/.local/lib/python3.7/site-packages/airflow/example_dags/example_task_group.py
[2023-02-14T12:07:45.099+0000] {processor.py:743} INFO - Processing file /home/airflow/.local/lib/python3.7/site-packages/airflow/example_dags/example_task_group.py for tasks to queue
[2023-02-14T12:07:45.100+0000] {logging_mixin.py:137} INFO - [2023-02-14T12:07:45.100+0000] {dagbag.py:538} INFO - Filling up the DagBag from /home/airflow/.local/lib/python3.7/site-packages/airflow/example_dags/example_task_group.py
[2023-02-14T12:07:45.122+0000] {processor.py:753} INFO - DAG(s) dict_keys(['example_task_group']) retrieved from /home/airflow/.local/lib/python3.7/site-packages/airflow/example_dags/example_task_group.py
[2023-02-14T12:07:45.174+0000] {logging_mixin.py:137} INFO - [2023-02-14T12:07:45.173+0000] {dag.py:2676} INFO - Sync 1 DAGs
[2023-02-14T12:07:45.204+0000] {logging_mixin.py:137} INFO - [2023-02-14T12:07:45.204+0000] {dag.py:3427} INFO - Setting next_dagrun for example_task_group to 2023-02-13T12:07:45.204181+00:00, run_after=2023-02-14T12:07:45.204181+00:00
[2023-02-14T12:07:45.230+0000] {processor.py:175} INFO - Processing /home/airflow/.local/lib/python3.7/site-packages/airflow/example_dags/example_task_group.py took 0.139 seconds
[2023-02-14T12:08:15.420+0000] {processor.py:153} INFO - Started process (PID=1242) to work on /home/airflow/.local/lib/python3.7/site-packages/airflow/example_dags/example_task_group.py
[2023-02-14T12:08:15.422+0000] {processor.py:743} INFO - Processing file /home/airflow/.local/lib/python3.7/site-packages/airflow/example_dags/example_task_group.py for tasks to queue
[2023-02-14T12:08:15.424+0000] {logging_mixin.py:137} INFO - [2023-02-14T12:08:15.424+0000] {dagbag.py:538} INFO - Filling up the DagBag from /home/airflow/.local/lib/python3.7/site-packages/airflow/example_dags/example_task_group.py
[2023-02-14T12:08:15.443+0000] {processor.py:753} INFO - DAG(s) dict_keys(['example_task_group']) retrieved from /home/airflow/.local/lib/python3.7/site-packages/airflow/example_dags/example_task_group.py
[2023-02-14T12:08:15.485+0000] {logging_mixin.py:137} INFO - [2023-02-14T12:08:15.485+0000] {dag.py:2676} INFO - Sync 1 DAGs
[2023-02-14T12:08:15.515+0000] {logging_mixin.py:137} INFO - [2023-02-14T12:08:15.515+0000] {dag.py:3427} INFO - Setting next_dagrun for example_task_group to 2023-02-13T12:08:15.514731+00:00, run_after=2023-02-14T12:08:15.514731+00:00
[2023-02-14T12:08:15.536+0000] {processor.py:175} INFO - Processing /home/airflow/.local/lib/python3.7/site-packages/airflow/example_dags/example_task_group.py took 0.121 seconds
[2023-02-14T12:08:45.574+0000] {processor.py:153} INFO - Started process (PID=1328) to work on /home/airflow/.local/lib/python3.7/site-packages/airflow/example_dags/example_task_group.py
[2023-02-14T12:08:45.577+0000] {processor.py:743} INFO - Processing file /home/airflow/.local/lib/python3.7/site-packages/airflow/example_dags/example_task_group.py for tasks to queue
[2023-02-14T12:08:45.579+0000] {logging_mixin.py:137} INFO - [2023-02-14T12:08:45.579+0000] {dagbag.py:538} INFO - Filling up the DagBag from /home/airflow/.local/lib/python3.7/site-packages/airflow/example_dags/example_task_group.py
[2023-02-14T12:08:45.602+0000] {processor.py:753} INFO - DAG(s) dict_keys(['example_task_group']) retrieved from /home/airflow/.local/lib/python3.7/site-packages/airflow/example_dags/example_task_group.py
[2023-02-14T12:08:45.653+0000] {logging_mixin.py:137} INFO - [2023-02-14T12:08:45.653+0000] {dag.py:2676} INFO - Sync 1 DAGs
[2023-02-14T12:08:45.688+0000] {logging_mixin.py:137} INFO - [2023-02-14T12:08:45.688+0000] {dag.py:3427} INFO - Setting next_dagrun for example_task_group to 2023-02-13T12:08:45.687859+00:00, run_after=2023-02-14T12:08:45.687859+00:00
[2023-02-14T12:08:45.710+0000] {processor.py:175} INFO - Processing /home/airflow/.local/lib/python3.7/site-packages/airflow/example_dags/example_task_group.py took 0.141 seconds
[2023-02-14T12:09:15.915+0000] {processor.py:153} INFO - Started process (PID=1399) to work on /home/airflow/.local/lib/python3.7/site-packages/airflow/example_dags/example_task_group.py
[2023-02-14T12:09:15.919+0000] {processor.py:743} INFO - Processing file /home/airflow/.local/lib/python3.7/site-packages/airflow/example_dags/example_task_group.py for tasks to queue
[2023-02-14T12:09:15.922+0000] {logging_mixin.py:137} INFO - [2023-02-14T12:09:15.921+0000] {dagbag.py:538} INFO - Filling up the DagBag from /home/airflow/.local/lib/python3.7/site-packages/airflow/example_dags/example_task_group.py
[2023-02-14T12:09:15.959+0000] {processor.py:753} INFO - DAG(s) dict_keys(['example_task_group']) retrieved from /home/airflow/.local/lib/python3.7/site-packages/airflow/example_dags/example_task_group.py
[2023-02-14T12:09:16.035+0000] {logging_mixin.py:137} INFO - [2023-02-14T12:09:16.034+0000] {dag.py:2676} INFO - Sync 1 DAGs
[2023-02-14T12:09:16.071+0000] {logging_mixin.py:137} INFO - [2023-02-14T12:09:16.071+0000] {dag.py:3427} INFO - Setting next_dagrun for example_task_group to 2023-02-13T12:09:16.070960+00:00, run_after=2023-02-14T12:09:16.070960+00:00
[2023-02-14T12:09:16.102+0000] {processor.py:175} INFO - Processing /home/airflow/.local/lib/python3.7/site-packages/airflow/example_dags/example_task_group.py took 0.192 seconds
[2023-02-14T12:09:47.520+0000] {processor.py:153} INFO - Started process (PID=1487) to work on /home/airflow/.local/lib/python3.7/site-packages/airflow/example_dags/example_task_group.py
[2023-02-14T12:09:47.522+0000] {processor.py:743} INFO - Processing file /home/airflow/.local/lib/python3.7/site-packages/airflow/example_dags/example_task_group.py for tasks to queue
[2023-02-14T12:09:47.525+0000] {logging_mixin.py:137} INFO - [2023-02-14T12:09:47.525+0000] {dagbag.py:538} INFO - Filling up the DagBag from /home/airflow/.local/lib/python3.7/site-packages/airflow/example_dags/example_task_group.py
[2023-02-14T12:09:47.547+0000] {processor.py:753} INFO - DAG(s) dict_keys(['example_task_group']) retrieved from /home/airflow/.local/lib/python3.7/site-packages/airflow/example_dags/example_task_group.py
[2023-02-14T12:09:47.598+0000] {logging_mixin.py:137} INFO - [2023-02-14T12:09:47.597+0000] {dag.py:2676} INFO - Sync 1 DAGs
[2023-02-14T12:09:47.632+0000] {logging_mixin.py:137} INFO - [2023-02-14T12:09:47.631+0000] {dag.py:3427} INFO - Setting next_dagrun for example_task_group to 2023-02-13T12:09:47.631596+00:00, run_after=2023-02-14T12:09:47.631596+00:00
[2023-02-14T12:09:47.660+0000] {processor.py:175} INFO - Processing /home/airflow/.local/lib/python3.7/site-packages/airflow/example_dags/example_task_group.py took 0.144 seconds
[2023-02-14T12:10:18.082+0000] {processor.py:153} INFO - Started process (PID=1558) to work on /home/airflow/.local/lib/python3.7/site-packages/airflow/example_dags/example_task_group.py
[2023-02-14T12:10:18.084+0000] {processor.py:743} INFO - Processing file /home/airflow/.local/lib/python3.7/site-packages/airflow/example_dags/example_task_group.py for tasks to queue
[2023-02-14T12:10:18.087+0000] {logging_mixin.py:137} INFO - [2023-02-14T12:10:18.086+0000] {dagbag.py:538} INFO - Filling up the DagBag from /home/airflow/.local/lib/python3.7/site-packages/airflow/example_dags/example_task_group.py
[2023-02-14T12:10:18.114+0000] {processor.py:753} INFO - DAG(s) dict_keys(['example_task_group']) retrieved from /home/airflow/.local/lib/python3.7/site-packages/airflow/example_dags/example_task_group.py
[2023-02-14T12:10:18.164+0000] {logging_mixin.py:137} INFO - [2023-02-14T12:10:18.164+0000] {dag.py:2676} INFO - Sync 1 DAGs
[2023-02-14T12:10:18.200+0000] {logging_mixin.py:137} INFO - [2023-02-14T12:10:18.200+0000] {dag.py:3427} INFO - Setting next_dagrun for example_task_group to 2023-02-13T12:10:18.200409+00:00, run_after=2023-02-14T12:10:18.200409+00:00
[2023-02-14T12:10:18.225+0000] {processor.py:175} INFO - Processing /home/airflow/.local/lib/python3.7/site-packages/airflow/example_dags/example_task_group.py took 0.150 seconds
[2023-02-14T12:10:48.872+0000] {processor.py:153} INFO - Started process (PID=1645) to work on /home/airflow/.local/lib/python3.7/site-packages/airflow/example_dags/example_task_group.py
[2023-02-14T12:10:48.874+0000] {processor.py:743} INFO - Processing file /home/airflow/.local/lib/python3.7/site-packages/airflow/example_dags/example_task_group.py for tasks to queue
[2023-02-14T12:10:48.876+0000] {logging_mixin.py:137} INFO - [2023-02-14T12:10:48.876+0000] {dagbag.py:538} INFO - Filling up the DagBag from /home/airflow/.local/lib/python3.7/site-packages/airflow/example_dags/example_task_group.py
[2023-02-14T12:10:48.895+0000] {processor.py:753} INFO - DAG(s) dict_keys(['example_task_group']) retrieved from /home/airflow/.local/lib/python3.7/site-packages/airflow/example_dags/example_task_group.py
[2023-02-14T12:10:48.939+0000] {logging_mixin.py:137} INFO - [2023-02-14T12:10:48.939+0000] {dag.py:2676} INFO - Sync 1 DAGs
[2023-02-14T12:10:48.970+0000] {logging_mixin.py:137} INFO - [2023-02-14T12:10:48.969+0000] {dag.py:3427} INFO - Setting next_dagrun for example_task_group to 2023-02-13T12:10:48.969701+00:00, run_after=2023-02-14T12:10:48.969701+00:00
[2023-02-14T12:10:48.991+0000] {processor.py:175} INFO - Processing /home/airflow/.local/lib/python3.7/site-packages/airflow/example_dags/example_task_group.py took 0.124 seconds
[2023-02-14T12:11:19.127+0000] {processor.py:153} INFO - Started process (PID=1716) to work on /home/airflow/.local/lib/python3.7/site-packages/airflow/example_dags/example_task_group.py
[2023-02-14T12:11:19.130+0000] {processor.py:743} INFO - Processing file /home/airflow/.local/lib/python3.7/site-packages/airflow/example_dags/example_task_group.py for tasks to queue
[2023-02-14T12:11:19.133+0000] {logging_mixin.py:137} INFO - [2023-02-14T12:11:19.132+0000] {dagbag.py:538} INFO - Filling up the DagBag from /home/airflow/.local/lib/python3.7/site-packages/airflow/example_dags/example_task_group.py
[2023-02-14T12:11:19.156+0000] {processor.py:753} INFO - DAG(s) dict_keys(['example_task_group']) retrieved from /home/airflow/.local/lib/python3.7/site-packages/airflow/example_dags/example_task_group.py
[2023-02-14T12:11:19.216+0000] {logging_mixin.py:137} INFO - [2023-02-14T12:11:19.216+0000] {dag.py:2676} INFO - Sync 1 DAGs
[2023-02-14T12:11:19.254+0000] {logging_mixin.py:137} INFO - [2023-02-14T12:11:19.253+0000] {dag.py:3427} INFO - Setting next_dagrun for example_task_group to 2023-02-13T12:11:19.253587+00:00, run_after=2023-02-14T12:11:19.253587+00:00
[2023-02-14T12:11:19.288+0000] {processor.py:175} INFO - Processing /home/airflow/.local/lib/python3.7/site-packages/airflow/example_dags/example_task_group.py took 0.166 seconds
[2023-02-14T12:11:49.438+0000] {processor.py:153} INFO - Started process (PID=1803) to work on /home/airflow/.local/lib/python3.7/site-packages/airflow/example_dags/example_task_group.py
[2023-02-14T12:11:49.440+0000] {processor.py:743} INFO - Processing file /home/airflow/.local/lib/python3.7/site-packages/airflow/example_dags/example_task_group.py for tasks to queue
[2023-02-14T12:11:49.442+0000] {logging_mixin.py:137} INFO - [2023-02-14T12:11:49.442+0000] {dagbag.py:538} INFO - Filling up the DagBag from /home/airflow/.local/lib/python3.7/site-packages/airflow/example_dags/example_task_group.py
[2023-02-14T12:11:49.465+0000] {processor.py:753} INFO - DAG(s) dict_keys(['example_task_group']) retrieved from /home/airflow/.local/lib/python3.7/site-packages/airflow/example_dags/example_task_group.py
[2023-02-14T12:11:49.528+0000] {logging_mixin.py:137} INFO - [2023-02-14T12:11:49.528+0000] {dag.py:2676} INFO - Sync 1 DAGs
[2023-02-14T12:11:49.557+0000] {logging_mixin.py:137} INFO - [2023-02-14T12:11:49.557+0000] {dag.py:3427} INFO - Setting next_dagrun for example_task_group to 2023-02-13T12:11:49.557332+00:00, run_after=2023-02-14T12:11:49.557332+00:00
[2023-02-14T12:11:49.579+0000] {processor.py:175} INFO - Processing /home/airflow/.local/lib/python3.7/site-packages/airflow/example_dags/example_task_group.py took 0.146 seconds
[2023-02-14T12:12:19.639+0000] {processor.py:153} INFO - Started process (PID=1874) to work on /home/airflow/.local/lib/python3.7/site-packages/airflow/example_dags/example_task_group.py
[2023-02-14T12:12:19.641+0000] {processor.py:743} INFO - Processing file /home/airflow/.local/lib/python3.7/site-packages/airflow/example_dags/example_task_group.py for tasks to queue
[2023-02-14T12:12:19.643+0000] {logging_mixin.py:137} INFO - [2023-02-14T12:12:19.643+0000] {dagbag.py:538} INFO - Filling up the DagBag from /home/airflow/.local/lib/python3.7/site-packages/airflow/example_dags/example_task_group.py
[2023-02-14T12:12:19.666+0000] {processor.py:753} INFO - DAG(s) dict_keys(['example_task_group']) retrieved from /home/airflow/.local/lib/python3.7/site-packages/airflow/example_dags/example_task_group.py
[2023-02-14T12:12:19.711+0000] {logging_mixin.py:137} INFO - [2023-02-14T12:12:19.711+0000] {dag.py:2676} INFO - Sync 1 DAGs
[2023-02-14T12:12:19.741+0000] {logging_mixin.py:137} INFO - [2023-02-14T12:12:19.740+0000] {dag.py:3427} INFO - Setting next_dagrun for example_task_group to 2023-02-13T12:12:19.740590+00:00, run_after=2023-02-14T12:12:19.740590+00:00
[2023-02-14T12:12:19.762+0000] {processor.py:175} INFO - Processing /home/airflow/.local/lib/python3.7/site-packages/airflow/example_dags/example_task_group.py took 0.128 seconds
[2023-02-14T12:12:50.505+0000] {processor.py:153} INFO - Started process (PID=1954) to work on /home/airflow/.local/lib/python3.7/site-packages/airflow/example_dags/example_task_group.py
[2023-02-14T12:12:50.508+0000] {processor.py:743} INFO - Processing file /home/airflow/.local/lib/python3.7/site-packages/airflow/example_dags/example_task_group.py for tasks to queue
[2023-02-14T12:12:50.509+0000] {logging_mixin.py:137} INFO - [2023-02-14T12:12:50.509+0000] {dagbag.py:538} INFO - Filling up the DagBag from /home/airflow/.local/lib/python3.7/site-packages/airflow/example_dags/example_task_group.py
[2023-02-14T12:12:50.534+0000] {processor.py:753} INFO - DAG(s) dict_keys(['example_task_group']) retrieved from /home/airflow/.local/lib/python3.7/site-packages/airflow/example_dags/example_task_group.py
[2023-02-14T12:12:50.583+0000] {logging_mixin.py:137} INFO - [2023-02-14T12:12:50.583+0000] {dag.py:2676} INFO - Sync 1 DAGs
[2023-02-14T12:12:50.616+0000] {logging_mixin.py:137} INFO - [2023-02-14T12:12:50.615+0000] {dag.py:3427} INFO - Setting next_dagrun for example_task_group to 2023-02-13T12:12:50.615565+00:00, run_after=2023-02-14T12:12:50.615565+00:00
[2023-02-14T12:12:50.637+0000] {processor.py:175} INFO - Processing /home/airflow/.local/lib/python3.7/site-packages/airflow/example_dags/example_task_group.py took 0.137 seconds
[2023-02-14T12:13:21.096+0000] {processor.py:153} INFO - Started process (PID=2032) to work on /home/airflow/.local/lib/python3.7/site-packages/airflow/example_dags/example_task_group.py
[2023-02-14T12:13:21.097+0000] {processor.py:743} INFO - Processing file /home/airflow/.local/lib/python3.7/site-packages/airflow/example_dags/example_task_group.py for tasks to queue
[2023-02-14T12:13:21.099+0000] {logging_mixin.py:137} INFO - [2023-02-14T12:13:21.099+0000] {dagbag.py:538} INFO - Filling up the DagBag from /home/airflow/.local/lib/python3.7/site-packages/airflow/example_dags/example_task_group.py
[2023-02-14T12:13:21.119+0000] {processor.py:753} INFO - DAG(s) dict_keys(['example_task_group']) retrieved from /home/airflow/.local/lib/python3.7/site-packages/airflow/example_dags/example_task_group.py
[2023-02-14T12:13:21.169+0000] {logging_mixin.py:137} INFO - [2023-02-14T12:13:21.169+0000] {dag.py:2676} INFO - Sync 1 DAGs
[2023-02-14T12:13:21.207+0000] {logging_mixin.py:137} INFO - [2023-02-14T12:13:21.207+0000] {dag.py:3427} INFO - Setting next_dagrun for example_task_group to 2023-02-13T12:13:21.207017+00:00, run_after=2023-02-14T12:13:21.207017+00:00
[2023-02-14T12:13:21.233+0000] {processor.py:175} INFO - Processing /home/airflow/.local/lib/python3.7/site-packages/airflow/example_dags/example_task_group.py took 0.142 seconds
[2023-02-14T12:13:51.753+0000] {processor.py:153} INFO - Started process (PID=2110) to work on /home/airflow/.local/lib/python3.7/site-packages/airflow/example_dags/example_task_group.py
[2023-02-14T12:13:51.756+0000] {processor.py:743} INFO - Processing file /home/airflow/.local/lib/python3.7/site-packages/airflow/example_dags/example_task_group.py for tasks to queue
[2023-02-14T12:13:51.759+0000] {logging_mixin.py:137} INFO - [2023-02-14T12:13:51.758+0000] {dagbag.py:538} INFO - Filling up the DagBag from /home/airflow/.local/lib/python3.7/site-packages/airflow/example_dags/example_task_group.py
[2023-02-14T12:13:51.788+0000] {processor.py:753} INFO - DAG(s) dict_keys(['example_task_group']) retrieved from /home/airflow/.local/lib/python3.7/site-packages/airflow/example_dags/example_task_group.py
[2023-02-14T12:13:51.849+0000] {logging_mixin.py:137} INFO - [2023-02-14T12:13:51.849+0000] {dag.py:2676} INFO - Sync 1 DAGs
[2023-02-14T12:13:51.892+0000] {logging_mixin.py:137} INFO - [2023-02-14T12:13:51.892+0000] {dag.py:3427} INFO - Setting next_dagrun for example_task_group to 2023-02-13T12:13:51.892412+00:00, run_after=2023-02-14T12:13:51.892412+00:00
[2023-02-14T12:13:51.916+0000] {processor.py:175} INFO - Processing /home/airflow/.local/lib/python3.7/site-packages/airflow/example_dags/example_task_group.py took 0.168 seconds
[2023-02-14T12:14:22.591+0000] {processor.py:153} INFO - Started process (PID=2190) to work on /home/airflow/.local/lib/python3.7/site-packages/airflow/example_dags/example_task_group.py
[2023-02-14T12:14:22.593+0000] {processor.py:743} INFO - Processing file /home/airflow/.local/lib/python3.7/site-packages/airflow/example_dags/example_task_group.py for tasks to queue
[2023-02-14T12:14:22.595+0000] {logging_mixin.py:137} INFO - [2023-02-14T12:14:22.594+0000] {dagbag.py:538} INFO - Filling up the DagBag from /home/airflow/.local/lib/python3.7/site-packages/airflow/example_dags/example_task_group.py
[2023-02-14T12:14:22.619+0000] {processor.py:753} INFO - DAG(s) dict_keys(['example_task_group']) retrieved from /home/airflow/.local/lib/python3.7/site-packages/airflow/example_dags/example_task_group.py
[2023-02-14T12:14:22.663+0000] {logging_mixin.py:137} INFO - [2023-02-14T12:14:22.663+0000] {dag.py:2676} INFO - Sync 1 DAGs
[2023-02-14T12:14:22.694+0000] {logging_mixin.py:137} INFO - [2023-02-14T12:14:22.694+0000] {dag.py:3427} INFO - Setting next_dagrun for example_task_group to 2023-02-13T12:14:22.694403+00:00, run_after=2023-02-14T12:14:22.694403+00:00
[2023-02-14T12:14:22.715+0000] {processor.py:175} INFO - Processing /home/airflow/.local/lib/python3.7/site-packages/airflow/example_dags/example_task_group.py took 0.129 seconds
[2023-02-14T12:14:53.635+0000] {processor.py:153} INFO - Started process (PID=2270) to work on /home/airflow/.local/lib/python3.7/site-packages/airflow/example_dags/example_task_group.py
[2023-02-14T12:14:53.637+0000] {processor.py:743} INFO - Processing file /home/airflow/.local/lib/python3.7/site-packages/airflow/example_dags/example_task_group.py for tasks to queue
[2023-02-14T12:14:53.639+0000] {logging_mixin.py:137} INFO - [2023-02-14T12:14:53.639+0000] {dagbag.py:538} INFO - Filling up the DagBag from /home/airflow/.local/lib/python3.7/site-packages/airflow/example_dags/example_task_group.py
[2023-02-14T12:14:53.662+0000] {processor.py:753} INFO - DAG(s) dict_keys(['example_task_group']) retrieved from /home/airflow/.local/lib/python3.7/site-packages/airflow/example_dags/example_task_group.py
[2023-02-14T12:14:53.715+0000] {logging_mixin.py:137} INFO - [2023-02-14T12:14:53.715+0000] {dag.py:2676} INFO - Sync 1 DAGs
[2023-02-14T12:14:53.751+0000] {logging_mixin.py:137} INFO - [2023-02-14T12:14:53.751+0000] {dag.py:3427} INFO - Setting next_dagrun for example_task_group to 2023-02-13T12:14:53.750717+00:00, run_after=2023-02-14T12:14:53.750717+00:00
[2023-02-14T12:14:53.777+0000] {processor.py:175} INFO - Processing /home/airflow/.local/lib/python3.7/site-packages/airflow/example_dags/example_task_group.py took 0.146 seconds
[2023-02-14T12:15:24.283+0000] {processor.py:153} INFO - Started process (PID=2348) to work on /home/airflow/.local/lib/python3.7/site-packages/airflow/example_dags/example_task_group.py
[2023-02-14T12:15:24.285+0000] {processor.py:743} INFO - Processing file /home/airflow/.local/lib/python3.7/site-packages/airflow/example_dags/example_task_group.py for tasks to queue
[2023-02-14T12:15:24.287+0000] {logging_mixin.py:137} INFO - [2023-02-14T12:15:24.286+0000] {dagbag.py:538} INFO - Filling up the DagBag from /home/airflow/.local/lib/python3.7/site-packages/airflow/example_dags/example_task_group.py
[2023-02-14T12:15:24.308+0000] {processor.py:753} INFO - DAG(s) dict_keys(['example_task_group']) retrieved from /home/airflow/.local/lib/python3.7/site-packages/airflow/example_dags/example_task_group.py
[2023-02-14T12:15:24.355+0000] {logging_mixin.py:137} INFO - [2023-02-14T12:15:24.355+0000] {dag.py:2676} INFO - Sync 1 DAGs
[2023-02-14T12:15:24.392+0000] {logging_mixin.py:137} INFO - [2023-02-14T12:15:24.391+0000] {dag.py:3427} INFO - Setting next_dagrun for example_task_group to 2023-02-13T12:15:24.391687+00:00, run_after=2023-02-14T12:15:24.391687+00:00
[2023-02-14T12:15:24.418+0000] {processor.py:175} INFO - Processing /home/airflow/.local/lib/python3.7/site-packages/airflow/example_dags/example_task_group.py took 0.139 seconds
[2023-02-14T12:15:54.989+0000] {processor.py:153} INFO - Started process (PID=2426) to work on /home/airflow/.local/lib/python3.7/site-packages/airflow/example_dags/example_task_group.py
[2023-02-14T12:15:54.992+0000] {processor.py:743} INFO - Processing file /home/airflow/.local/lib/python3.7/site-packages/airflow/example_dags/example_task_group.py for tasks to queue
[2023-02-14T12:15:54.995+0000] {logging_mixin.py:137} INFO - [2023-02-14T12:15:54.994+0000] {dagbag.py:538} INFO - Filling up the DagBag from /home/airflow/.local/lib/python3.7/site-packages/airflow/example_dags/example_task_group.py
[2023-02-14T12:15:55.021+0000] {processor.py:753} INFO - DAG(s) dict_keys(['example_task_group']) retrieved from /home/airflow/.local/lib/python3.7/site-packages/airflow/example_dags/example_task_group.py
[2023-02-14T12:15:55.075+0000] {logging_mixin.py:137} INFO - [2023-02-14T12:15:55.075+0000] {dag.py:2676} INFO - Sync 1 DAGs
[2023-02-14T12:15:55.110+0000] {logging_mixin.py:137} INFO - [2023-02-14T12:15:55.110+0000] {dag.py:3427} INFO - Setting next_dagrun for example_task_group to 2023-02-13T12:15:55.109877+00:00, run_after=2023-02-14T12:15:55.109877+00:00
[2023-02-14T12:15:55.140+0000] {processor.py:175} INFO - Processing /home/airflow/.local/lib/python3.7/site-packages/airflow/example_dags/example_task_group.py took 0.156 seconds
[2023-02-14T12:16:29.338+0000] {processor.py:153} INFO - Started process (PID=2506) to work on /home/airflow/.local/lib/python3.7/site-packages/airflow/example_dags/example_task_group.py
[2023-02-14T12:16:29.342+0000] {processor.py:743} INFO - Processing file /home/airflow/.local/lib/python3.7/site-packages/airflow/example_dags/example_task_group.py for tasks to queue
[2023-02-14T12:16:29.344+0000] {logging_mixin.py:137} INFO - [2023-02-14T12:16:29.344+0000] {dagbag.py:538} INFO - Filling up the DagBag from /home/airflow/.local/lib/python3.7/site-packages/airflow/example_dags/example_task_group.py
[2023-02-14T12:16:29.389+0000] {processor.py:753} INFO - DAG(s) dict_keys(['example_task_group']) retrieved from /home/airflow/.local/lib/python3.7/site-packages/airflow/example_dags/example_task_group.py
[2023-02-14T12:16:29.465+0000] {logging_mixin.py:137} INFO - [2023-02-14T12:16:29.464+0000] {dag.py:2676} INFO - Sync 1 DAGs
[2023-02-14T12:16:29.515+0000] {logging_mixin.py:137} INFO - [2023-02-14T12:16:29.515+0000] {dag.py:3427} INFO - Setting next_dagrun for example_task_group to 2023-02-13T12:16:29.515363+00:00, run_after=2023-02-14T12:16:29.515363+00:00
[2023-02-14T12:16:29.561+0000] {processor.py:175} INFO - Processing /home/airflow/.local/lib/python3.7/site-packages/airflow/example_dags/example_task_group.py took 0.239 seconds
[2023-02-14T12:16:59.885+0000] {processor.py:153} INFO - Started process (PID=2577) to work on /home/airflow/.local/lib/python3.7/site-packages/airflow/example_dags/example_task_group.py
[2023-02-14T12:16:59.888+0000] {processor.py:743} INFO - Processing file /home/airflow/.local/lib/python3.7/site-packages/airflow/example_dags/example_task_group.py for tasks to queue
[2023-02-14T12:16:59.890+0000] {logging_mixin.py:137} INFO - [2023-02-14T12:16:59.890+0000] {dagbag.py:538} INFO - Filling up the DagBag from /home/airflow/.local/lib/python3.7/site-packages/airflow/example_dags/example_task_group.py
[2023-02-14T12:16:59.915+0000] {processor.py:753} INFO - DAG(s) dict_keys(['example_task_group']) retrieved from /home/airflow/.local/lib/python3.7/site-packages/airflow/example_dags/example_task_group.py
[2023-02-14T12:16:59.969+0000] {logging_mixin.py:137} INFO - [2023-02-14T12:16:59.969+0000] {dag.py:2676} INFO - Sync 1 DAGs
[2023-02-14T12:17:00.006+0000] {logging_mixin.py:137} INFO - [2023-02-14T12:17:00.006+0000] {dag.py:3427} INFO - Setting next_dagrun for example_task_group to 2023-02-13T12:17:00.006197+00:00, run_after=2023-02-14T12:17:00.006197+00:00
[2023-02-14T12:17:00.038+0000] {processor.py:175} INFO - Processing /home/airflow/.local/lib/python3.7/site-packages/airflow/example_dags/example_task_group.py took 0.160 seconds
[2023-02-14T12:17:30.567+0000] {processor.py:153} INFO - Started process (PID=2664) to work on /home/airflow/.local/lib/python3.7/site-packages/airflow/example_dags/example_task_group.py
[2023-02-14T12:17:30.569+0000] {processor.py:743} INFO - Processing file /home/airflow/.local/lib/python3.7/site-packages/airflow/example_dags/example_task_group.py for tasks to queue
[2023-02-14T12:17:30.570+0000] {logging_mixin.py:137} INFO - [2023-02-14T12:17:30.570+0000] {dagbag.py:538} INFO - Filling up the DagBag from /home/airflow/.local/lib/python3.7/site-packages/airflow/example_dags/example_task_group.py
[2023-02-14T12:17:30.597+0000] {processor.py:753} INFO - DAG(s) dict_keys(['example_task_group']) retrieved from /home/airflow/.local/lib/python3.7/site-packages/airflow/example_dags/example_task_group.py
[2023-02-14T12:17:30.652+0000] {logging_mixin.py:137} INFO - [2023-02-14T12:17:30.652+0000] {dag.py:2676} INFO - Sync 1 DAGs
[2023-02-14T12:17:30.691+0000] {logging_mixin.py:137} INFO - [2023-02-14T12:17:30.691+0000] {dag.py:3427} INFO - Setting next_dagrun for example_task_group to 2023-02-13T12:17:30.691101+00:00, run_after=2023-02-14T12:17:30.691101+00:00
[2023-02-14T12:17:30.723+0000] {processor.py:175} INFO - Processing /home/airflow/.local/lib/python3.7/site-packages/airflow/example_dags/example_task_group.py took 0.161 seconds
[2023-02-14T12:18:00.903+0000] {processor.py:153} INFO - Started process (PID=2735) to work on /home/airflow/.local/lib/python3.7/site-packages/airflow/example_dags/example_task_group.py
[2023-02-14T12:18:00.906+0000] {processor.py:743} INFO - Processing file /home/airflow/.local/lib/python3.7/site-packages/airflow/example_dags/example_task_group.py for tasks to queue
[2023-02-14T12:18:00.911+0000] {logging_mixin.py:137} INFO - [2023-02-14T12:18:00.910+0000] {dagbag.py:538} INFO - Filling up the DagBag from /home/airflow/.local/lib/python3.7/site-packages/airflow/example_dags/example_task_group.py
[2023-02-14T12:18:00.942+0000] {processor.py:753} INFO - DAG(s) dict_keys(['example_task_group']) retrieved from /home/airflow/.local/lib/python3.7/site-packages/airflow/example_dags/example_task_group.py
[2023-02-14T12:18:00.999+0000] {logging_mixin.py:137} INFO - [2023-02-14T12:18:00.999+0000] {dag.py:2676} INFO - Sync 1 DAGs
[2023-02-14T12:18:01.043+0000] {logging_mixin.py:137} INFO - [2023-02-14T12:18:01.043+0000] {dag.py:3427} INFO - Setting next_dagrun for example_task_group to 2023-02-13T12:18:01.042959+00:00, run_after=2023-02-14T12:18:01.042959+00:00
[2023-02-14T12:18:01.074+0000] {processor.py:175} INFO - Processing /home/airflow/.local/lib/python3.7/site-packages/airflow/example_dags/example_task_group.py took 0.176 seconds
