[2023-02-14T12:00:34.211+0000] {processor.py:153} INFO - Started process (PID=70) to work on /home/airflow/.local/lib/python3.7/site-packages/airflow/example_dags/example_branch_day_of_week_operator.py
[2023-02-14T12:00:34.214+0000] {processor.py:743} INFO - Processing file /home/airflow/.local/lib/python3.7/site-packages/airflow/example_dags/example_branch_day_of_week_operator.py for tasks to queue
[2023-02-14T12:00:34.217+0000] {logging_mixin.py:137} INFO - [2023-02-14T12:00:34.216+0000] {dagbag.py:538} INFO - Filling up the DagBag from /home/airflow/.local/lib/python3.7/site-packages/airflow/example_dags/example_branch_day_of_week_operator.py
[2023-02-14T12:00:34.246+0000] {processor.py:753} INFO - DAG(s) dict_keys(['example_weekday_branch_operator']) retrieved from /home/airflow/.local/lib/python3.7/site-packages/airflow/example_dags/example_branch_day_of_week_operator.py
[2023-02-14T12:00:34.315+0000] {logging_mixin.py:137} INFO - [2023-02-14T12:00:34.314+0000] {dag.py:2676} INFO - Sync 1 DAGs
[2023-02-14T12:00:34.352+0000] {logging_mixin.py:137} INFO - [2023-02-14T12:00:34.352+0000] {dag.py:3427} INFO - Setting next_dagrun for example_weekday_branch_operator to 2023-02-13T00:00:00+00:00, run_after=2023-02-14T00:00:00+00:00
[2023-02-14T12:00:34.382+0000] {processor.py:175} INFO - Processing /home/airflow/.local/lib/python3.7/site-packages/airflow/example_dags/example_branch_day_of_week_operator.py took 0.180 seconds
[2023-02-14T12:01:04.782+0000] {processor.py:153} INFO - Started process (PID=141) to work on /home/airflow/.local/lib/python3.7/site-packages/airflow/example_dags/example_branch_day_of_week_operator.py
[2023-02-14T12:01:04.784+0000] {processor.py:743} INFO - Processing file /home/airflow/.local/lib/python3.7/site-packages/airflow/example_dags/example_branch_day_of_week_operator.py for tasks to queue
[2023-02-14T12:01:04.786+0000] {logging_mixin.py:137} INFO - [2023-02-14T12:01:04.786+0000] {dagbag.py:538} INFO - Filling up the DagBag from /home/airflow/.local/lib/python3.7/site-packages/airflow/example_dags/example_branch_day_of_week_operator.py
[2023-02-14T12:01:04.807+0000] {processor.py:753} INFO - DAG(s) dict_keys(['example_weekday_branch_operator']) retrieved from /home/airflow/.local/lib/python3.7/site-packages/airflow/example_dags/example_branch_day_of_week_operator.py
[2023-02-14T12:01:04.863+0000] {logging_mixin.py:137} INFO - [2023-02-14T12:01:04.863+0000] {dag.py:2676} INFO - Sync 1 DAGs
[2023-02-14T12:01:04.898+0000] {logging_mixin.py:137} INFO - [2023-02-14T12:01:04.898+0000] {dag.py:3427} INFO - Setting next_dagrun for example_weekday_branch_operator to 2023-02-13T00:00:00+00:00, run_after=2023-02-14T00:00:00+00:00
[2023-02-14T12:01:04.922+0000] {processor.py:175} INFO - Processing /home/airflow/.local/lib/python3.7/site-packages/airflow/example_dags/example_branch_day_of_week_operator.py took 0.144 seconds
[2023-02-14T12:01:35.241+0000] {processor.py:153} INFO - Started process (PID=212) to work on /home/airflow/.local/lib/python3.7/site-packages/airflow/example_dags/example_branch_day_of_week_operator.py
[2023-02-14T12:01:35.244+0000] {processor.py:743} INFO - Processing file /home/airflow/.local/lib/python3.7/site-packages/airflow/example_dags/example_branch_day_of_week_operator.py for tasks to queue
[2023-02-14T12:01:35.246+0000] {logging_mixin.py:137} INFO - [2023-02-14T12:01:35.246+0000] {dagbag.py:538} INFO - Filling up the DagBag from /home/airflow/.local/lib/python3.7/site-packages/airflow/example_dags/example_branch_day_of_week_operator.py
[2023-02-14T12:01:35.269+0000] {processor.py:753} INFO - DAG(s) dict_keys(['example_weekday_branch_operator']) retrieved from /home/airflow/.local/lib/python3.7/site-packages/airflow/example_dags/example_branch_day_of_week_operator.py
[2023-02-14T12:01:35.327+0000] {logging_mixin.py:137} INFO - [2023-02-14T12:01:35.327+0000] {dag.py:2676} INFO - Sync 1 DAGs
[2023-02-14T12:01:35.365+0000] {logging_mixin.py:137} INFO - [2023-02-14T12:01:35.365+0000] {dag.py:3427} INFO - Setting next_dagrun for example_weekday_branch_operator to 2023-02-13T00:00:00+00:00, run_after=2023-02-14T00:00:00+00:00
[2023-02-14T12:01:35.396+0000] {processor.py:175} INFO - Processing /home/airflow/.local/lib/python3.7/site-packages/airflow/example_dags/example_branch_day_of_week_operator.py took 0.161 seconds
[2023-02-14T12:02:05.956+0000] {processor.py:153} INFO - Started process (PID=299) to work on /home/airflow/.local/lib/python3.7/site-packages/airflow/example_dags/example_branch_day_of_week_operator.py
[2023-02-14T12:02:05.958+0000] {processor.py:743} INFO - Processing file /home/airflow/.local/lib/python3.7/site-packages/airflow/example_dags/example_branch_day_of_week_operator.py for tasks to queue
[2023-02-14T12:02:05.961+0000] {logging_mixin.py:137} INFO - [2023-02-14T12:02:05.960+0000] {dagbag.py:538} INFO - Filling up the DagBag from /home/airflow/.local/lib/python3.7/site-packages/airflow/example_dags/example_branch_day_of_week_operator.py
[2023-02-14T12:02:05.984+0000] {processor.py:753} INFO - DAG(s) dict_keys(['example_weekday_branch_operator']) retrieved from /home/airflow/.local/lib/python3.7/site-packages/airflow/example_dags/example_branch_day_of_week_operator.py
[2023-02-14T12:02:06.041+0000] {logging_mixin.py:137} INFO - [2023-02-14T12:02:06.040+0000] {dag.py:2676} INFO - Sync 1 DAGs
[2023-02-14T12:02:06.081+0000] {logging_mixin.py:137} INFO - [2023-02-14T12:02:06.081+0000] {dag.py:3427} INFO - Setting next_dagrun for example_weekday_branch_operator to 2023-02-13T00:00:00+00:00, run_after=2023-02-14T00:00:00+00:00
[2023-02-14T12:02:06.109+0000] {processor.py:175} INFO - Processing /home/airflow/.local/lib/python3.7/site-packages/airflow/example_dags/example_branch_day_of_week_operator.py took 0.158 seconds
[2023-02-14T12:02:36.613+0000] {processor.py:153} INFO - Started process (PID=370) to work on /home/airflow/.local/lib/python3.7/site-packages/airflow/example_dags/example_branch_day_of_week_operator.py
[2023-02-14T12:02:36.616+0000] {processor.py:743} INFO - Processing file /home/airflow/.local/lib/python3.7/site-packages/airflow/example_dags/example_branch_day_of_week_operator.py for tasks to queue
[2023-02-14T12:02:36.618+0000] {logging_mixin.py:137} INFO - [2023-02-14T12:02:36.618+0000] {dagbag.py:538} INFO - Filling up the DagBag from /home/airflow/.local/lib/python3.7/site-packages/airflow/example_dags/example_branch_day_of_week_operator.py
[2023-02-14T12:02:36.640+0000] {processor.py:753} INFO - DAG(s) dict_keys(['example_weekday_branch_operator']) retrieved from /home/airflow/.local/lib/python3.7/site-packages/airflow/example_dags/example_branch_day_of_week_operator.py
[2023-02-14T12:02:36.695+0000] {logging_mixin.py:137} INFO - [2023-02-14T12:02:36.695+0000] {dag.py:2676} INFO - Sync 1 DAGs
[2023-02-14T12:02:36.736+0000] {logging_mixin.py:137} INFO - [2023-02-14T12:02:36.736+0000] {dag.py:3427} INFO - Setting next_dagrun for example_weekday_branch_operator to 2023-02-13T00:00:00+00:00, run_after=2023-02-14T00:00:00+00:00
[2023-02-14T12:02:36.760+0000] {processor.py:175} INFO - Processing /home/airflow/.local/lib/python3.7/site-packages/airflow/example_dags/example_branch_day_of_week_operator.py took 0.152 seconds
[2023-02-14T12:03:07.815+0000] {processor.py:153} INFO - Started process (PID=457) to work on /home/airflow/.local/lib/python3.7/site-packages/airflow/example_dags/example_branch_day_of_week_operator.py
[2023-02-14T12:03:07.817+0000] {processor.py:743} INFO - Processing file /home/airflow/.local/lib/python3.7/site-packages/airflow/example_dags/example_branch_day_of_week_operator.py for tasks to queue
[2023-02-14T12:03:07.819+0000] {logging_mixin.py:137} INFO - [2023-02-14T12:03:07.819+0000] {dagbag.py:538} INFO - Filling up the DagBag from /home/airflow/.local/lib/python3.7/site-packages/airflow/example_dags/example_branch_day_of_week_operator.py
[2023-02-14T12:03:07.843+0000] {processor.py:753} INFO - DAG(s) dict_keys(['example_weekday_branch_operator']) retrieved from /home/airflow/.local/lib/python3.7/site-packages/airflow/example_dags/example_branch_day_of_week_operator.py
[2023-02-14T12:03:07.897+0000] {logging_mixin.py:137} INFO - [2023-02-14T12:03:07.897+0000] {dag.py:2676} INFO - Sync 1 DAGs
[2023-02-14T12:03:07.936+0000] {logging_mixin.py:137} INFO - [2023-02-14T12:03:07.936+0000] {dag.py:3427} INFO - Setting next_dagrun for example_weekday_branch_operator to 2023-02-13T00:00:00+00:00, run_after=2023-02-14T00:00:00+00:00
[2023-02-14T12:03:07.966+0000] {processor.py:175} INFO - Processing /home/airflow/.local/lib/python3.7/site-packages/airflow/example_dags/example_branch_day_of_week_operator.py took 0.157 seconds
[2023-02-14T12:03:38.492+0000] {processor.py:153} INFO - Started process (PID=528) to work on /home/airflow/.local/lib/python3.7/site-packages/airflow/example_dags/example_branch_day_of_week_operator.py
[2023-02-14T12:03:38.495+0000] {processor.py:743} INFO - Processing file /home/airflow/.local/lib/python3.7/site-packages/airflow/example_dags/example_branch_day_of_week_operator.py for tasks to queue
[2023-02-14T12:03:38.497+0000] {logging_mixin.py:137} INFO - [2023-02-14T12:03:38.496+0000] {dagbag.py:538} INFO - Filling up the DagBag from /home/airflow/.local/lib/python3.7/site-packages/airflow/example_dags/example_branch_day_of_week_operator.py
[2023-02-14T12:03:38.517+0000] {processor.py:753} INFO - DAG(s) dict_keys(['example_weekday_branch_operator']) retrieved from /home/airflow/.local/lib/python3.7/site-packages/airflow/example_dags/example_branch_day_of_week_operator.py
[2023-02-14T12:03:38.569+0000] {logging_mixin.py:137} INFO - [2023-02-14T12:03:38.569+0000] {dag.py:2676} INFO - Sync 1 DAGs
[2023-02-14T12:03:38.603+0000] {logging_mixin.py:137} INFO - [2023-02-14T12:03:38.603+0000] {dag.py:3427} INFO - Setting next_dagrun for example_weekday_branch_operator to 2023-02-13T00:00:00+00:00, run_after=2023-02-14T00:00:00+00:00
[2023-02-14T12:03:38.623+0000] {processor.py:175} INFO - Processing /home/airflow/.local/lib/python3.7/site-packages/airflow/example_dags/example_branch_day_of_week_operator.py took 0.136 seconds
[2023-02-14T12:04:08.975+0000] {processor.py:153} INFO - Started process (PID=615) to work on /home/airflow/.local/lib/python3.7/site-packages/airflow/example_dags/example_branch_day_of_week_operator.py
[2023-02-14T12:04:08.977+0000] {processor.py:743} INFO - Processing file /home/airflow/.local/lib/python3.7/site-packages/airflow/example_dags/example_branch_day_of_week_operator.py for tasks to queue
[2023-02-14T12:04:08.979+0000] {logging_mixin.py:137} INFO - [2023-02-14T12:04:08.979+0000] {dagbag.py:538} INFO - Filling up the DagBag from /home/airflow/.local/lib/python3.7/site-packages/airflow/example_dags/example_branch_day_of_week_operator.py
[2023-02-14T12:04:08.999+0000] {processor.py:753} INFO - DAG(s) dict_keys(['example_weekday_branch_operator']) retrieved from /home/airflow/.local/lib/python3.7/site-packages/airflow/example_dags/example_branch_day_of_week_operator.py
[2023-02-14T12:04:09.059+0000] {logging_mixin.py:137} INFO - [2023-02-14T12:04:09.059+0000] {dag.py:2676} INFO - Sync 1 DAGs
[2023-02-14T12:04:09.111+0000] {logging_mixin.py:137} INFO - [2023-02-14T12:04:09.111+0000] {dag.py:3427} INFO - Setting next_dagrun for example_weekday_branch_operator to 2023-02-13T00:00:00+00:00, run_after=2023-02-14T00:00:00+00:00
[2023-02-14T12:04:09.139+0000] {processor.py:175} INFO - Processing /home/airflow/.local/lib/python3.7/site-packages/airflow/example_dags/example_branch_day_of_week_operator.py took 0.169 seconds
[2023-02-14T12:04:39.835+0000] {processor.py:153} INFO - Started process (PID=686) to work on /home/airflow/.local/lib/python3.7/site-packages/airflow/example_dags/example_branch_day_of_week_operator.py
[2023-02-14T12:04:39.837+0000] {processor.py:743} INFO - Processing file /home/airflow/.local/lib/python3.7/site-packages/airflow/example_dags/example_branch_day_of_week_operator.py for tasks to queue
[2023-02-14T12:04:39.839+0000] {logging_mixin.py:137} INFO - [2023-02-14T12:04:39.839+0000] {dagbag.py:538} INFO - Filling up the DagBag from /home/airflow/.local/lib/python3.7/site-packages/airflow/example_dags/example_branch_day_of_week_operator.py
[2023-02-14T12:04:39.862+0000] {processor.py:753} INFO - DAG(s) dict_keys(['example_weekday_branch_operator']) retrieved from /home/airflow/.local/lib/python3.7/site-packages/airflow/example_dags/example_branch_day_of_week_operator.py
[2023-02-14T12:04:39.919+0000] {logging_mixin.py:137} INFO - [2023-02-14T12:04:39.919+0000] {dag.py:2676} INFO - Sync 1 DAGs
[2023-02-14T12:04:39.958+0000] {logging_mixin.py:137} INFO - [2023-02-14T12:04:39.958+0000] {dag.py:3427} INFO - Setting next_dagrun for example_weekday_branch_operator to 2023-02-13T00:00:00+00:00, run_after=2023-02-14T00:00:00+00:00
[2023-02-14T12:04:39.986+0000] {processor.py:175} INFO - Processing /home/airflow/.local/lib/python3.7/site-packages/airflow/example_dags/example_branch_day_of_week_operator.py took 0.156 seconds
[2023-02-14T12:05:10.928+0000] {processor.py:153} INFO - Started process (PID=757) to work on /home/airflow/.local/lib/python3.7/site-packages/airflow/example_dags/example_branch_day_of_week_operator.py
[2023-02-14T12:05:10.931+0000] {processor.py:743} INFO - Processing file /home/airflow/.local/lib/python3.7/site-packages/airflow/example_dags/example_branch_day_of_week_operator.py for tasks to queue
[2023-02-14T12:05:10.933+0000] {logging_mixin.py:137} INFO - [2023-02-14T12:05:10.933+0000] {dagbag.py:538} INFO - Filling up the DagBag from /home/airflow/.local/lib/python3.7/site-packages/airflow/example_dags/example_branch_day_of_week_operator.py
[2023-02-14T12:05:10.957+0000] {processor.py:753} INFO - DAG(s) dict_keys(['example_weekday_branch_operator']) retrieved from /home/airflow/.local/lib/python3.7/site-packages/airflow/example_dags/example_branch_day_of_week_operator.py
[2023-02-14T12:05:11.011+0000] {logging_mixin.py:137} INFO - [2023-02-14T12:05:11.011+0000] {dag.py:2676} INFO - Sync 1 DAGs
[2023-02-14T12:05:11.044+0000] {logging_mixin.py:137} INFO - [2023-02-14T12:05:11.044+0000] {dag.py:3427} INFO - Setting next_dagrun for example_weekday_branch_operator to 2023-02-13T00:00:00+00:00, run_after=2023-02-14T00:00:00+00:00
[2023-02-14T12:05:11.068+0000] {processor.py:175} INFO - Processing /home/airflow/.local/lib/python3.7/site-packages/airflow/example_dags/example_branch_day_of_week_operator.py took 0.145 seconds
[2023-02-14T12:05:41.750+0000] {processor.py:153} INFO - Started process (PID=844) to work on /home/airflow/.local/lib/python3.7/site-packages/airflow/example_dags/example_branch_day_of_week_operator.py
[2023-02-14T12:05:41.753+0000] {processor.py:743} INFO - Processing file /home/airflow/.local/lib/python3.7/site-packages/airflow/example_dags/example_branch_day_of_week_operator.py for tasks to queue
[2023-02-14T12:05:41.755+0000] {logging_mixin.py:137} INFO - [2023-02-14T12:05:41.755+0000] {dagbag.py:538} INFO - Filling up the DagBag from /home/airflow/.local/lib/python3.7/site-packages/airflow/example_dags/example_branch_day_of_week_operator.py
[2023-02-14T12:05:41.780+0000] {processor.py:753} INFO - DAG(s) dict_keys(['example_weekday_branch_operator']) retrieved from /home/airflow/.local/lib/python3.7/site-packages/airflow/example_dags/example_branch_day_of_week_operator.py
[2023-02-14T12:05:41.835+0000] {logging_mixin.py:137} INFO - [2023-02-14T12:05:41.835+0000] {dag.py:2676} INFO - Sync 1 DAGs
[2023-02-14T12:05:41.878+0000] {logging_mixin.py:137} INFO - [2023-02-14T12:05:41.878+0000] {dag.py:3427} INFO - Setting next_dagrun for example_weekday_branch_operator to 2023-02-13T00:00:00+00:00, run_after=2023-02-14T00:00:00+00:00
[2023-02-14T12:05:41.910+0000] {processor.py:175} INFO - Processing /home/airflow/.local/lib/python3.7/site-packages/airflow/example_dags/example_branch_day_of_week_operator.py took 0.166 seconds
[2023-02-14T12:06:12.014+0000] {processor.py:153} INFO - Started process (PID=915) to work on /home/airflow/.local/lib/python3.7/site-packages/airflow/example_dags/example_branch_day_of_week_operator.py
[2023-02-14T12:06:12.017+0000] {processor.py:743} INFO - Processing file /home/airflow/.local/lib/python3.7/site-packages/airflow/example_dags/example_branch_day_of_week_operator.py for tasks to queue
[2023-02-14T12:06:12.018+0000] {logging_mixin.py:137} INFO - [2023-02-14T12:06:12.018+0000] {dagbag.py:538} INFO - Filling up the DagBag from /home/airflow/.local/lib/python3.7/site-packages/airflow/example_dags/example_branch_day_of_week_operator.py
[2023-02-14T12:06:12.040+0000] {processor.py:753} INFO - DAG(s) dict_keys(['example_weekday_branch_operator']) retrieved from /home/airflow/.local/lib/python3.7/site-packages/airflow/example_dags/example_branch_day_of_week_operator.py
[2023-02-14T12:06:12.089+0000] {logging_mixin.py:137} INFO - [2023-02-14T12:06:12.089+0000] {dag.py:2676} INFO - Sync 1 DAGs
[2023-02-14T12:06:12.122+0000] {logging_mixin.py:137} INFO - [2023-02-14T12:06:12.122+0000] {dag.py:3427} INFO - Setting next_dagrun for example_weekday_branch_operator to 2023-02-13T00:00:00+00:00, run_after=2023-02-14T00:00:00+00:00
[2023-02-14T12:06:12.142+0000] {processor.py:175} INFO - Processing /home/airflow/.local/lib/python3.7/site-packages/airflow/example_dags/example_branch_day_of_week_operator.py took 0.133 seconds
[2023-02-14T12:06:43.597+0000] {processor.py:153} INFO - Started process (PID=1002) to work on /home/airflow/.local/lib/python3.7/site-packages/airflow/example_dags/example_branch_day_of_week_operator.py
[2023-02-14T12:06:43.601+0000] {processor.py:743} INFO - Processing file /home/airflow/.local/lib/python3.7/site-packages/airflow/example_dags/example_branch_day_of_week_operator.py for tasks to queue
[2023-02-14T12:06:43.605+0000] {logging_mixin.py:137} INFO - [2023-02-14T12:06:43.605+0000] {dagbag.py:538} INFO - Filling up the DagBag from /home/airflow/.local/lib/python3.7/site-packages/airflow/example_dags/example_branch_day_of_week_operator.py
[2023-02-14T12:06:43.637+0000] {processor.py:753} INFO - DAG(s) dict_keys(['example_weekday_branch_operator']) retrieved from /home/airflow/.local/lib/python3.7/site-packages/airflow/example_dags/example_branch_day_of_week_operator.py
[2023-02-14T12:06:43.703+0000] {logging_mixin.py:137} INFO - [2023-02-14T12:06:43.703+0000] {dag.py:2676} INFO - Sync 1 DAGs
[2023-02-14T12:06:43.756+0000] {logging_mixin.py:137} INFO - [2023-02-14T12:06:43.755+0000] {dag.py:3427} INFO - Setting next_dagrun for example_weekday_branch_operator to 2023-02-13T00:00:00+00:00, run_after=2023-02-14T00:00:00+00:00
[2023-02-14T12:06:43.790+0000] {processor.py:175} INFO - Processing /home/airflow/.local/lib/python3.7/site-packages/airflow/example_dags/example_branch_day_of_week_operator.py took 0.200 seconds
[2023-02-14T12:07:13.967+0000] {processor.py:153} INFO - Started process (PID=1074) to work on /home/airflow/.local/lib/python3.7/site-packages/airflow/example_dags/example_branch_day_of_week_operator.py
[2023-02-14T12:07:13.969+0000] {processor.py:743} INFO - Processing file /home/airflow/.local/lib/python3.7/site-packages/airflow/example_dags/example_branch_day_of_week_operator.py for tasks to queue
[2023-02-14T12:07:13.971+0000] {logging_mixin.py:137} INFO - [2023-02-14T12:07:13.971+0000] {dagbag.py:538} INFO - Filling up the DagBag from /home/airflow/.local/lib/python3.7/site-packages/airflow/example_dags/example_branch_day_of_week_operator.py
[2023-02-14T12:07:13.995+0000] {processor.py:753} INFO - DAG(s) dict_keys(['example_weekday_branch_operator']) retrieved from /home/airflow/.local/lib/python3.7/site-packages/airflow/example_dags/example_branch_day_of_week_operator.py
[2023-02-14T12:07:14.046+0000] {logging_mixin.py:137} INFO - [2023-02-14T12:07:14.046+0000] {dag.py:2676} INFO - Sync 1 DAGs
[2023-02-14T12:07:14.081+0000] {logging_mixin.py:137} INFO - [2023-02-14T12:07:14.081+0000] {dag.py:3427} INFO - Setting next_dagrun for example_weekday_branch_operator to 2023-02-13T00:00:00+00:00, run_after=2023-02-14T00:00:00+00:00
[2023-02-14T12:07:14.107+0000] {processor.py:175} INFO - Processing /home/airflow/.local/lib/python3.7/site-packages/airflow/example_dags/example_branch_day_of_week_operator.py took 0.146 seconds
[2023-02-14T12:07:44.205+0000] {processor.py:153} INFO - Started process (PID=1161) to work on /home/airflow/.local/lib/python3.7/site-packages/airflow/example_dags/example_branch_day_of_week_operator.py
[2023-02-14T12:07:44.208+0000] {processor.py:743} INFO - Processing file /home/airflow/.local/lib/python3.7/site-packages/airflow/example_dags/example_branch_day_of_week_operator.py for tasks to queue
[2023-02-14T12:07:44.211+0000] {logging_mixin.py:137} INFO - [2023-02-14T12:07:44.211+0000] {dagbag.py:538} INFO - Filling up the DagBag from /home/airflow/.local/lib/python3.7/site-packages/airflow/example_dags/example_branch_day_of_week_operator.py
[2023-02-14T12:07:44.236+0000] {processor.py:753} INFO - DAG(s) dict_keys(['example_weekday_branch_operator']) retrieved from /home/airflow/.local/lib/python3.7/site-packages/airflow/example_dags/example_branch_day_of_week_operator.py
[2023-02-14T12:07:44.282+0000] {logging_mixin.py:137} INFO - [2023-02-14T12:07:44.282+0000] {dag.py:2676} INFO - Sync 1 DAGs
[2023-02-14T12:07:44.317+0000] {logging_mixin.py:137} INFO - [2023-02-14T12:07:44.317+0000] {dag.py:3427} INFO - Setting next_dagrun for example_weekday_branch_operator to 2023-02-13T00:00:00+00:00, run_after=2023-02-14T00:00:00+00:00
[2023-02-14T12:07:44.338+0000] {processor.py:175} INFO - Processing /home/airflow/.local/lib/python3.7/site-packages/airflow/example_dags/example_branch_day_of_week_operator.py took 0.138 seconds
[2023-02-14T12:08:14.445+0000] {processor.py:153} INFO - Started process (PID=1232) to work on /home/airflow/.local/lib/python3.7/site-packages/airflow/example_dags/example_branch_day_of_week_operator.py
[2023-02-14T12:08:14.448+0000] {processor.py:743} INFO - Processing file /home/airflow/.local/lib/python3.7/site-packages/airflow/example_dags/example_branch_day_of_week_operator.py for tasks to queue
[2023-02-14T12:08:14.449+0000] {logging_mixin.py:137} INFO - [2023-02-14T12:08:14.449+0000] {dagbag.py:538} INFO - Filling up the DagBag from /home/airflow/.local/lib/python3.7/site-packages/airflow/example_dags/example_branch_day_of_week_operator.py
[2023-02-14T12:08:14.470+0000] {processor.py:753} INFO - DAG(s) dict_keys(['example_weekday_branch_operator']) retrieved from /home/airflow/.local/lib/python3.7/site-packages/airflow/example_dags/example_branch_day_of_week_operator.py
[2023-02-14T12:08:14.512+0000] {logging_mixin.py:137} INFO - [2023-02-14T12:08:14.512+0000] {dag.py:2676} INFO - Sync 1 DAGs
[2023-02-14T12:08:14.543+0000] {logging_mixin.py:137} INFO - [2023-02-14T12:08:14.543+0000] {dag.py:3427} INFO - Setting next_dagrun for example_weekday_branch_operator to 2023-02-13T00:00:00+00:00, run_after=2023-02-14T00:00:00+00:00
[2023-02-14T12:08:14.564+0000] {processor.py:175} INFO - Processing /home/airflow/.local/lib/python3.7/site-packages/airflow/example_dags/example_branch_day_of_week_operator.py took 0.122 seconds
[2023-02-14T12:08:44.717+0000] {processor.py:153} INFO - Started process (PID=1319) to work on /home/airflow/.local/lib/python3.7/site-packages/airflow/example_dags/example_branch_day_of_week_operator.py
[2023-02-14T12:08:44.719+0000] {processor.py:743} INFO - Processing file /home/airflow/.local/lib/python3.7/site-packages/airflow/example_dags/example_branch_day_of_week_operator.py for tasks to queue
[2023-02-14T12:08:44.722+0000] {logging_mixin.py:137} INFO - [2023-02-14T12:08:44.721+0000] {dagbag.py:538} INFO - Filling up the DagBag from /home/airflow/.local/lib/python3.7/site-packages/airflow/example_dags/example_branch_day_of_week_operator.py
[2023-02-14T12:08:44.746+0000] {processor.py:753} INFO - DAG(s) dict_keys(['example_weekday_branch_operator']) retrieved from /home/airflow/.local/lib/python3.7/site-packages/airflow/example_dags/example_branch_day_of_week_operator.py
[2023-02-14T12:08:44.793+0000] {logging_mixin.py:137} INFO - [2023-02-14T12:08:44.793+0000] {dag.py:2676} INFO - Sync 1 DAGs
[2023-02-14T12:08:44.834+0000] {logging_mixin.py:137} INFO - [2023-02-14T12:08:44.834+0000] {dag.py:3427} INFO - Setting next_dagrun for example_weekday_branch_operator to 2023-02-13T00:00:00+00:00, run_after=2023-02-14T00:00:00+00:00
[2023-02-14T12:08:44.856+0000] {processor.py:175} INFO - Processing /home/airflow/.local/lib/python3.7/site-packages/airflow/example_dags/example_branch_day_of_week_operator.py took 0.144 seconds
[2023-02-14T12:09:15.034+0000] {processor.py:153} INFO - Started process (PID=1390) to work on /home/airflow/.local/lib/python3.7/site-packages/airflow/example_dags/example_branch_day_of_week_operator.py
[2023-02-14T12:09:15.036+0000] {processor.py:743} INFO - Processing file /home/airflow/.local/lib/python3.7/site-packages/airflow/example_dags/example_branch_day_of_week_operator.py for tasks to queue
[2023-02-14T12:09:15.038+0000] {logging_mixin.py:137} INFO - [2023-02-14T12:09:15.038+0000] {dagbag.py:538} INFO - Filling up the DagBag from /home/airflow/.local/lib/python3.7/site-packages/airflow/example_dags/example_branch_day_of_week_operator.py
[2023-02-14T12:09:15.065+0000] {processor.py:753} INFO - DAG(s) dict_keys(['example_weekday_branch_operator']) retrieved from /home/airflow/.local/lib/python3.7/site-packages/airflow/example_dags/example_branch_day_of_week_operator.py
[2023-02-14T12:09:15.133+0000] {logging_mixin.py:137} INFO - [2023-02-14T12:09:15.133+0000] {dag.py:2676} INFO - Sync 1 DAGs
[2023-02-14T12:09:15.180+0000] {logging_mixin.py:137} INFO - [2023-02-14T12:09:15.180+0000] {dag.py:3427} INFO - Setting next_dagrun for example_weekday_branch_operator to 2023-02-13T00:00:00+00:00, run_after=2023-02-14T00:00:00+00:00
[2023-02-14T12:09:15.232+0000] {processor.py:175} INFO - Processing /home/airflow/.local/lib/python3.7/site-packages/airflow/example_dags/example_branch_day_of_week_operator.py took 0.204 seconds
[2023-02-14T12:09:46.257+0000] {processor.py:153} INFO - Started process (PID=1477) to work on /home/airflow/.local/lib/python3.7/site-packages/airflow/example_dags/example_branch_day_of_week_operator.py
[2023-02-14T12:09:46.260+0000] {processor.py:743} INFO - Processing file /home/airflow/.local/lib/python3.7/site-packages/airflow/example_dags/example_branch_day_of_week_operator.py for tasks to queue
[2023-02-14T12:09:46.262+0000] {logging_mixin.py:137} INFO - [2023-02-14T12:09:46.262+0000] {dagbag.py:538} INFO - Filling up the DagBag from /home/airflow/.local/lib/python3.7/site-packages/airflow/example_dags/example_branch_day_of_week_operator.py
[2023-02-14T12:09:46.289+0000] {processor.py:753} INFO - DAG(s) dict_keys(['example_weekday_branch_operator']) retrieved from /home/airflow/.local/lib/python3.7/site-packages/airflow/example_dags/example_branch_day_of_week_operator.py
[2023-02-14T12:09:46.351+0000] {logging_mixin.py:137} INFO - [2023-02-14T12:09:46.350+0000] {dag.py:2676} INFO - Sync 1 DAGs
[2023-02-14T12:09:46.390+0000] {logging_mixin.py:137} INFO - [2023-02-14T12:09:46.389+0000] {dag.py:3427} INFO - Setting next_dagrun for example_weekday_branch_operator to 2023-02-13T00:00:00+00:00, run_after=2023-02-14T00:00:00+00:00
[2023-02-14T12:09:46.417+0000] {processor.py:175} INFO - Processing /home/airflow/.local/lib/python3.7/site-packages/airflow/example_dags/example_branch_day_of_week_operator.py took 0.165 seconds
[2023-02-14T12:10:16.666+0000] {processor.py:153} INFO - Started process (PID=1548) to work on /home/airflow/.local/lib/python3.7/site-packages/airflow/example_dags/example_branch_day_of_week_operator.py
[2023-02-14T12:10:16.669+0000] {processor.py:743} INFO - Processing file /home/airflow/.local/lib/python3.7/site-packages/airflow/example_dags/example_branch_day_of_week_operator.py for tasks to queue
[2023-02-14T12:10:16.671+0000] {logging_mixin.py:137} INFO - [2023-02-14T12:10:16.671+0000] {dagbag.py:538} INFO - Filling up the DagBag from /home/airflow/.local/lib/python3.7/site-packages/airflow/example_dags/example_branch_day_of_week_operator.py
[2023-02-14T12:10:16.694+0000] {processor.py:753} INFO - DAG(s) dict_keys(['example_weekday_branch_operator']) retrieved from /home/airflow/.local/lib/python3.7/site-packages/airflow/example_dags/example_branch_day_of_week_operator.py
[2023-02-14T12:10:16.744+0000] {logging_mixin.py:137} INFO - [2023-02-14T12:10:16.744+0000] {dag.py:2676} INFO - Sync 1 DAGs
[2023-02-14T12:10:16.782+0000] {logging_mixin.py:137} INFO - [2023-02-14T12:10:16.781+0000] {dag.py:3427} INFO - Setting next_dagrun for example_weekday_branch_operator to 2023-02-13T00:00:00+00:00, run_after=2023-02-14T00:00:00+00:00
[2023-02-14T12:10:16.810+0000] {processor.py:175} INFO - Processing /home/airflow/.local/lib/python3.7/site-packages/airflow/example_dags/example_branch_day_of_week_operator.py took 0.149 seconds
[2023-02-14T12:10:46.872+0000] {processor.py:153} INFO - Started process (PID=1635) to work on /home/airflow/.local/lib/python3.7/site-packages/airflow/example_dags/example_branch_day_of_week_operator.py
[2023-02-14T12:10:46.878+0000] {processor.py:743} INFO - Processing file /home/airflow/.local/lib/python3.7/site-packages/airflow/example_dags/example_branch_day_of_week_operator.py for tasks to queue
[2023-02-14T12:10:46.880+0000] {logging_mixin.py:137} INFO - [2023-02-14T12:10:46.880+0000] {dagbag.py:538} INFO - Filling up the DagBag from /home/airflow/.local/lib/python3.7/site-packages/airflow/example_dags/example_branch_day_of_week_operator.py
[2023-02-14T12:10:46.902+0000] {processor.py:753} INFO - DAG(s) dict_keys(['example_weekday_branch_operator']) retrieved from /home/airflow/.local/lib/python3.7/site-packages/airflow/example_dags/example_branch_day_of_week_operator.py
[2023-02-14T12:10:46.948+0000] {logging_mixin.py:137} INFO - [2023-02-14T12:10:46.948+0000] {dag.py:2676} INFO - Sync 1 DAGs
[2023-02-14T12:10:46.979+0000] {logging_mixin.py:137} INFO - [2023-02-14T12:10:46.978+0000] {dag.py:3427} INFO - Setting next_dagrun for example_weekday_branch_operator to 2023-02-13T00:00:00+00:00, run_after=2023-02-14T00:00:00+00:00
[2023-02-14T12:10:46.999+0000] {processor.py:175} INFO - Processing /home/airflow/.local/lib/python3.7/site-packages/airflow/example_dags/example_branch_day_of_week_operator.py took 0.131 seconds
[2023-02-14T12:11:17.895+0000] {processor.py:153} INFO - Started process (PID=1706) to work on /home/airflow/.local/lib/python3.7/site-packages/airflow/example_dags/example_branch_day_of_week_operator.py
[2023-02-14T12:11:17.898+0000] {processor.py:743} INFO - Processing file /home/airflow/.local/lib/python3.7/site-packages/airflow/example_dags/example_branch_day_of_week_operator.py for tasks to queue
[2023-02-14T12:11:17.900+0000] {logging_mixin.py:137} INFO - [2023-02-14T12:11:17.900+0000] {dagbag.py:538} INFO - Filling up the DagBag from /home/airflow/.local/lib/python3.7/site-packages/airflow/example_dags/example_branch_day_of_week_operator.py
[2023-02-14T12:11:17.926+0000] {processor.py:753} INFO - DAG(s) dict_keys(['example_weekday_branch_operator']) retrieved from /home/airflow/.local/lib/python3.7/site-packages/airflow/example_dags/example_branch_day_of_week_operator.py
[2023-02-14T12:11:17.992+0000] {logging_mixin.py:137} INFO - [2023-02-14T12:11:17.992+0000] {dag.py:2676} INFO - Sync 1 DAGs
[2023-02-14T12:11:18.033+0000] {logging_mixin.py:137} INFO - [2023-02-14T12:11:18.032+0000] {dag.py:3427} INFO - Setting next_dagrun for example_weekday_branch_operator to 2023-02-13T00:00:00+00:00, run_after=2023-02-14T00:00:00+00:00
[2023-02-14T12:11:18.061+0000] {processor.py:175} INFO - Processing /home/airflow/.local/lib/python3.7/site-packages/airflow/example_dags/example_branch_day_of_week_operator.py took 0.171 seconds
[2023-02-14T12:11:48.410+0000] {processor.py:153} INFO - Started process (PID=1786) to work on /home/airflow/.local/lib/python3.7/site-packages/airflow/example_dags/example_branch_day_of_week_operator.py
[2023-02-14T12:11:48.413+0000] {processor.py:743} INFO - Processing file /home/airflow/.local/lib/python3.7/site-packages/airflow/example_dags/example_branch_day_of_week_operator.py for tasks to queue
[2023-02-14T12:11:48.418+0000] {logging_mixin.py:137} INFO - [2023-02-14T12:11:48.417+0000] {dagbag.py:538} INFO - Filling up the DagBag from /home/airflow/.local/lib/python3.7/site-packages/airflow/example_dags/example_branch_day_of_week_operator.py
[2023-02-14T12:11:48.455+0000] {processor.py:753} INFO - DAG(s) dict_keys(['example_weekday_branch_operator']) retrieved from /home/airflow/.local/lib/python3.7/site-packages/airflow/example_dags/example_branch_day_of_week_operator.py
[2023-02-14T12:11:48.550+0000] {logging_mixin.py:137} INFO - [2023-02-14T12:11:48.550+0000] {dag.py:2676} INFO - Sync 1 DAGs
[2023-02-14T12:11:48.597+0000] {logging_mixin.py:137} INFO - [2023-02-14T12:11:48.597+0000] {dag.py:3427} INFO - Setting next_dagrun for example_weekday_branch_operator to 2023-02-13T00:00:00+00:00, run_after=2023-02-14T00:00:00+00:00
[2023-02-14T12:11:48.632+0000] {processor.py:175} INFO - Processing /home/airflow/.local/lib/python3.7/site-packages/airflow/example_dags/example_branch_day_of_week_operator.py took 0.227 seconds
[2023-02-14T12:12:18.771+0000] {processor.py:153} INFO - Started process (PID=1864) to work on /home/airflow/.local/lib/python3.7/site-packages/airflow/example_dags/example_branch_day_of_week_operator.py
[2023-02-14T12:12:18.773+0000] {processor.py:743} INFO - Processing file /home/airflow/.local/lib/python3.7/site-packages/airflow/example_dags/example_branch_day_of_week_operator.py for tasks to queue
[2023-02-14T12:12:18.775+0000] {logging_mixin.py:137} INFO - [2023-02-14T12:12:18.775+0000] {dagbag.py:538} INFO - Filling up the DagBag from /home/airflow/.local/lib/python3.7/site-packages/airflow/example_dags/example_branch_day_of_week_operator.py
[2023-02-14T12:12:18.794+0000] {processor.py:753} INFO - DAG(s) dict_keys(['example_weekday_branch_operator']) retrieved from /home/airflow/.local/lib/python3.7/site-packages/airflow/example_dags/example_branch_day_of_week_operator.py
[2023-02-14T12:12:18.838+0000] {logging_mixin.py:137} INFO - [2023-02-14T12:12:18.838+0000] {dag.py:2676} INFO - Sync 1 DAGs
[2023-02-14T12:12:18.869+0000] {logging_mixin.py:137} INFO - [2023-02-14T12:12:18.869+0000] {dag.py:3427} INFO - Setting next_dagrun for example_weekday_branch_operator to 2023-02-13T00:00:00+00:00, run_after=2023-02-14T00:00:00+00:00
[2023-02-14T12:12:18.888+0000] {processor.py:175} INFO - Processing /home/airflow/.local/lib/python3.7/site-packages/airflow/example_dags/example_branch_day_of_week_operator.py took 0.122 seconds
[2023-02-14T12:12:49.534+0000] {processor.py:153} INFO - Started process (PID=1935) to work on /home/airflow/.local/lib/python3.7/site-packages/airflow/example_dags/example_branch_day_of_week_operator.py
[2023-02-14T12:12:49.537+0000] {processor.py:743} INFO - Processing file /home/airflow/.local/lib/python3.7/site-packages/airflow/example_dags/example_branch_day_of_week_operator.py for tasks to queue
[2023-02-14T12:12:49.538+0000] {logging_mixin.py:137} INFO - [2023-02-14T12:12:49.538+0000] {dagbag.py:538} INFO - Filling up the DagBag from /home/airflow/.local/lib/python3.7/site-packages/airflow/example_dags/example_branch_day_of_week_operator.py
[2023-02-14T12:12:49.560+0000] {processor.py:753} INFO - DAG(s) dict_keys(['example_weekday_branch_operator']) retrieved from /home/airflow/.local/lib/python3.7/site-packages/airflow/example_dags/example_branch_day_of_week_operator.py
[2023-02-14T12:12:49.611+0000] {logging_mixin.py:137} INFO - [2023-02-14T12:12:49.611+0000] {dag.py:2676} INFO - Sync 1 DAGs
[2023-02-14T12:12:49.643+0000] {logging_mixin.py:137} INFO - [2023-02-14T12:12:49.643+0000] {dag.py:3427} INFO - Setting next_dagrun for example_weekday_branch_operator to 2023-02-13T00:00:00+00:00, run_after=2023-02-14T00:00:00+00:00
[2023-02-14T12:12:49.664+0000] {processor.py:175} INFO - Processing /home/airflow/.local/lib/python3.7/site-packages/airflow/example_dags/example_branch_day_of_week_operator.py took 0.135 seconds
[2023-02-14T12:13:20.202+0000] {processor.py:153} INFO - Started process (PID=2022) to work on /home/airflow/.local/lib/python3.7/site-packages/airflow/example_dags/example_branch_day_of_week_operator.py
[2023-02-14T12:13:20.205+0000] {processor.py:743} INFO - Processing file /home/airflow/.local/lib/python3.7/site-packages/airflow/example_dags/example_branch_day_of_week_operator.py for tasks to queue
[2023-02-14T12:13:20.207+0000] {logging_mixin.py:137} INFO - [2023-02-14T12:13:20.206+0000] {dagbag.py:538} INFO - Filling up the DagBag from /home/airflow/.local/lib/python3.7/site-packages/airflow/example_dags/example_branch_day_of_week_operator.py
[2023-02-14T12:13:20.229+0000] {processor.py:753} INFO - DAG(s) dict_keys(['example_weekday_branch_operator']) retrieved from /home/airflow/.local/lib/python3.7/site-packages/airflow/example_dags/example_branch_day_of_week_operator.py
[2023-02-14T12:13:20.296+0000] {logging_mixin.py:137} INFO - [2023-02-14T12:13:20.296+0000] {dag.py:2676} INFO - Sync 1 DAGs
[2023-02-14T12:13:20.339+0000] {logging_mixin.py:137} INFO - [2023-02-14T12:13:20.338+0000] {dag.py:3427} INFO - Setting next_dagrun for example_weekday_branch_operator to 2023-02-13T00:00:00+00:00, run_after=2023-02-14T00:00:00+00:00
[2023-02-14T12:13:20.365+0000] {processor.py:175} INFO - Processing /home/airflow/.local/lib/python3.7/site-packages/airflow/example_dags/example_branch_day_of_week_operator.py took 0.168 seconds
[2023-02-14T12:13:50.810+0000] {processor.py:153} INFO - Started process (PID=2093) to work on /home/airflow/.local/lib/python3.7/site-packages/airflow/example_dags/example_branch_day_of_week_operator.py
[2023-02-14T12:13:50.813+0000] {processor.py:743} INFO - Processing file /home/airflow/.local/lib/python3.7/site-packages/airflow/example_dags/example_branch_day_of_week_operator.py for tasks to queue
[2023-02-14T12:13:50.815+0000] {logging_mixin.py:137} INFO - [2023-02-14T12:13:50.814+0000] {dagbag.py:538} INFO - Filling up the DagBag from /home/airflow/.local/lib/python3.7/site-packages/airflow/example_dags/example_branch_day_of_week_operator.py
[2023-02-14T12:13:50.836+0000] {processor.py:753} INFO - DAG(s) dict_keys(['example_weekday_branch_operator']) retrieved from /home/airflow/.local/lib/python3.7/site-packages/airflow/example_dags/example_branch_day_of_week_operator.py
[2023-02-14T12:13:50.884+0000] {logging_mixin.py:137} INFO - [2023-02-14T12:13:50.883+0000] {dag.py:2676} INFO - Sync 1 DAGs
[2023-02-14T12:13:50.915+0000] {logging_mixin.py:137} INFO - [2023-02-14T12:13:50.915+0000] {dag.py:3427} INFO - Setting next_dagrun for example_weekday_branch_operator to 2023-02-13T00:00:00+00:00, run_after=2023-02-14T00:00:00+00:00
[2023-02-14T12:13:50.938+0000] {processor.py:175} INFO - Processing /home/airflow/.local/lib/python3.7/site-packages/airflow/example_dags/example_branch_day_of_week_operator.py took 0.132 seconds
[2023-02-14T12:14:21.642+0000] {processor.py:153} INFO - Started process (PID=2180) to work on /home/airflow/.local/lib/python3.7/site-packages/airflow/example_dags/example_branch_day_of_week_operator.py
[2023-02-14T12:14:21.644+0000] {processor.py:743} INFO - Processing file /home/airflow/.local/lib/python3.7/site-packages/airflow/example_dags/example_branch_day_of_week_operator.py for tasks to queue
[2023-02-14T12:14:21.646+0000] {logging_mixin.py:137} INFO - [2023-02-14T12:14:21.646+0000] {dagbag.py:538} INFO - Filling up the DagBag from /home/airflow/.local/lib/python3.7/site-packages/airflow/example_dags/example_branch_day_of_week_operator.py
[2023-02-14T12:14:21.671+0000] {processor.py:753} INFO - DAG(s) dict_keys(['example_weekday_branch_operator']) retrieved from /home/airflow/.local/lib/python3.7/site-packages/airflow/example_dags/example_branch_day_of_week_operator.py
[2023-02-14T12:14:21.729+0000] {logging_mixin.py:137} INFO - [2023-02-14T12:14:21.728+0000] {dag.py:2676} INFO - Sync 1 DAGs
[2023-02-14T12:14:21.766+0000] {logging_mixin.py:137} INFO - [2023-02-14T12:14:21.765+0000] {dag.py:3427} INFO - Setting next_dagrun for example_weekday_branch_operator to 2023-02-13T00:00:00+00:00, run_after=2023-02-14T00:00:00+00:00
[2023-02-14T12:14:21.795+0000] {processor.py:175} INFO - Processing /home/airflow/.local/lib/python3.7/site-packages/airflow/example_dags/example_branch_day_of_week_operator.py took 0.159 seconds
[2023-02-14T12:14:52.634+0000] {processor.py:153} INFO - Started process (PID=2251) to work on /home/airflow/.local/lib/python3.7/site-packages/airflow/example_dags/example_branch_day_of_week_operator.py
[2023-02-14T12:14:52.636+0000] {processor.py:743} INFO - Processing file /home/airflow/.local/lib/python3.7/site-packages/airflow/example_dags/example_branch_day_of_week_operator.py for tasks to queue
[2023-02-14T12:14:52.638+0000] {logging_mixin.py:137} INFO - [2023-02-14T12:14:52.637+0000] {dagbag.py:538} INFO - Filling up the DagBag from /home/airflow/.local/lib/python3.7/site-packages/airflow/example_dags/example_branch_day_of_week_operator.py
[2023-02-14T12:14:52.658+0000] {processor.py:753} INFO - DAG(s) dict_keys(['example_weekday_branch_operator']) retrieved from /home/airflow/.local/lib/python3.7/site-packages/airflow/example_dags/example_branch_day_of_week_operator.py
[2023-02-14T12:14:52.706+0000] {logging_mixin.py:137} INFO - [2023-02-14T12:14:52.706+0000] {dag.py:2676} INFO - Sync 1 DAGs
[2023-02-14T12:14:52.737+0000] {logging_mixin.py:137} INFO - [2023-02-14T12:14:52.737+0000] {dag.py:3427} INFO - Setting next_dagrun for example_weekday_branch_operator to 2023-02-13T00:00:00+00:00, run_after=2023-02-14T00:00:00+00:00
[2023-02-14T12:14:52.758+0000] {processor.py:175} INFO - Processing /home/airflow/.local/lib/python3.7/site-packages/airflow/example_dags/example_branch_day_of_week_operator.py took 0.129 seconds
[2023-02-14T12:15:23.109+0000] {processor.py:153} INFO - Started process (PID=2338) to work on /home/airflow/.local/lib/python3.7/site-packages/airflow/example_dags/example_branch_day_of_week_operator.py
[2023-02-14T12:15:23.111+0000] {processor.py:743} INFO - Processing file /home/airflow/.local/lib/python3.7/site-packages/airflow/example_dags/example_branch_day_of_week_operator.py for tasks to queue
[2023-02-14T12:15:23.112+0000] {logging_mixin.py:137} INFO - [2023-02-14T12:15:23.112+0000] {dagbag.py:538} INFO - Filling up the DagBag from /home/airflow/.local/lib/python3.7/site-packages/airflow/example_dags/example_branch_day_of_week_operator.py
[2023-02-14T12:15:23.133+0000] {processor.py:753} INFO - DAG(s) dict_keys(['example_weekday_branch_operator']) retrieved from /home/airflow/.local/lib/python3.7/site-packages/airflow/example_dags/example_branch_day_of_week_operator.py
[2023-02-14T12:15:23.176+0000] {logging_mixin.py:137} INFO - [2023-02-14T12:15:23.176+0000] {dag.py:2676} INFO - Sync 1 DAGs
[2023-02-14T12:15:23.207+0000] {logging_mixin.py:137} INFO - [2023-02-14T12:15:23.207+0000] {dag.py:3427} INFO - Setting next_dagrun for example_weekday_branch_operator to 2023-02-13T00:00:00+00:00, run_after=2023-02-14T00:00:00+00:00
[2023-02-14T12:15:23.229+0000] {processor.py:175} INFO - Processing /home/airflow/.local/lib/python3.7/site-packages/airflow/example_dags/example_branch_day_of_week_operator.py took 0.125 seconds
[2023-02-14T12:15:53.542+0000] {processor.py:153} INFO - Started process (PID=2409) to work on /home/airflow/.local/lib/python3.7/site-packages/airflow/example_dags/example_branch_day_of_week_operator.py
[2023-02-14T12:15:53.545+0000] {processor.py:743} INFO - Processing file /home/airflow/.local/lib/python3.7/site-packages/airflow/example_dags/example_branch_day_of_week_operator.py for tasks to queue
[2023-02-14T12:15:53.548+0000] {logging_mixin.py:137} INFO - [2023-02-14T12:15:53.548+0000] {dagbag.py:538} INFO - Filling up the DagBag from /home/airflow/.local/lib/python3.7/site-packages/airflow/example_dags/example_branch_day_of_week_operator.py
[2023-02-14T12:15:53.573+0000] {processor.py:753} INFO - DAG(s) dict_keys(['example_weekday_branch_operator']) retrieved from /home/airflow/.local/lib/python3.7/site-packages/airflow/example_dags/example_branch_day_of_week_operator.py
[2023-02-14T12:15:53.643+0000] {logging_mixin.py:137} INFO - [2023-02-14T12:15:53.642+0000] {dag.py:2676} INFO - Sync 1 DAGs
[2023-02-14T12:15:53.693+0000] {logging_mixin.py:137} INFO - [2023-02-14T12:15:53.692+0000] {dag.py:3427} INFO - Setting next_dagrun for example_weekday_branch_operator to 2023-02-13T00:00:00+00:00, run_after=2023-02-14T00:00:00+00:00
[2023-02-14T12:15:53.725+0000] {processor.py:175} INFO - Processing /home/airflow/.local/lib/python3.7/site-packages/airflow/example_dags/example_branch_day_of_week_operator.py took 0.191 seconds
[2023-02-14T12:16:26.219+0000] {processor.py:153} INFO - Started process (PID=2496) to work on /home/airflow/.local/lib/python3.7/site-packages/airflow/example_dags/example_branch_day_of_week_operator.py
[2023-02-14T12:16:26.240+0000] {processor.py:743} INFO - Processing file /home/airflow/.local/lib/python3.7/site-packages/airflow/example_dags/example_branch_day_of_week_operator.py for tasks to queue
[2023-02-14T12:16:26.247+0000] {logging_mixin.py:137} INFO - [2023-02-14T12:16:26.246+0000] {dagbag.py:538} INFO - Filling up the DagBag from /home/airflow/.local/lib/python3.7/site-packages/airflow/example_dags/example_branch_day_of_week_operator.py
[2023-02-14T12:16:26.300+0000] {processor.py:753} INFO - DAG(s) dict_keys(['example_weekday_branch_operator']) retrieved from /home/airflow/.local/lib/python3.7/site-packages/airflow/example_dags/example_branch_day_of_week_operator.py
[2023-02-14T12:16:26.427+0000] {logging_mixin.py:137} INFO - [2023-02-14T12:16:26.427+0000] {dag.py:2676} INFO - Sync 1 DAGs
[2023-02-14T12:16:26.526+0000] {logging_mixin.py:137} INFO - [2023-02-14T12:16:26.526+0000] {dag.py:3427} INFO - Setting next_dagrun for example_weekday_branch_operator to 2023-02-13T00:00:00+00:00, run_after=2023-02-14T00:00:00+00:00
[2023-02-14T12:16:26.622+0000] {processor.py:175} INFO - Processing /home/airflow/.local/lib/python3.7/site-packages/airflow/example_dags/example_branch_day_of_week_operator.py took 0.412 seconds
[2023-02-14T12:16:56.730+0000] {processor.py:153} INFO - Started process (PID=2567) to work on /home/airflow/.local/lib/python3.7/site-packages/airflow/example_dags/example_branch_day_of_week_operator.py
[2023-02-14T12:16:56.733+0000] {processor.py:743} INFO - Processing file /home/airflow/.local/lib/python3.7/site-packages/airflow/example_dags/example_branch_day_of_week_operator.py for tasks to queue
[2023-02-14T12:16:56.736+0000] {logging_mixin.py:137} INFO - [2023-02-14T12:16:56.735+0000] {dagbag.py:538} INFO - Filling up the DagBag from /home/airflow/.local/lib/python3.7/site-packages/airflow/example_dags/example_branch_day_of_week_operator.py
[2023-02-14T12:16:56.760+0000] {processor.py:753} INFO - DAG(s) dict_keys(['example_weekday_branch_operator']) retrieved from /home/airflow/.local/lib/python3.7/site-packages/airflow/example_dags/example_branch_day_of_week_operator.py
[2023-02-14T12:16:56.812+0000] {logging_mixin.py:137} INFO - [2023-02-14T12:16:56.812+0000] {dag.py:2676} INFO - Sync 1 DAGs
[2023-02-14T12:16:56.846+0000] {logging_mixin.py:137} INFO - [2023-02-14T12:16:56.846+0000] {dag.py:3427} INFO - Setting next_dagrun for example_weekday_branch_operator to 2023-02-13T00:00:00+00:00, run_after=2023-02-14T00:00:00+00:00
[2023-02-14T12:16:56.870+0000] {processor.py:175} INFO - Processing /home/airflow/.local/lib/python3.7/site-packages/airflow/example_dags/example_branch_day_of_week_operator.py took 0.145 seconds
[2023-02-14T12:17:27.458+0000] {processor.py:153} INFO - Started process (PID=2654) to work on /home/airflow/.local/lib/python3.7/site-packages/airflow/example_dags/example_branch_day_of_week_operator.py
[2023-02-14T12:17:27.460+0000] {processor.py:743} INFO - Processing file /home/airflow/.local/lib/python3.7/site-packages/airflow/example_dags/example_branch_day_of_week_operator.py for tasks to queue
[2023-02-14T12:17:27.462+0000] {logging_mixin.py:137} INFO - [2023-02-14T12:17:27.462+0000] {dagbag.py:538} INFO - Filling up the DagBag from /home/airflow/.local/lib/python3.7/site-packages/airflow/example_dags/example_branch_day_of_week_operator.py
[2023-02-14T12:17:27.486+0000] {processor.py:753} INFO - DAG(s) dict_keys(['example_weekday_branch_operator']) retrieved from /home/airflow/.local/lib/python3.7/site-packages/airflow/example_dags/example_branch_day_of_week_operator.py
[2023-02-14T12:17:27.540+0000] {logging_mixin.py:137} INFO - [2023-02-14T12:17:27.540+0000] {dag.py:2676} INFO - Sync 1 DAGs
[2023-02-14T12:17:27.581+0000] {logging_mixin.py:137} INFO - [2023-02-14T12:17:27.581+0000] {dag.py:3427} INFO - Setting next_dagrun for example_weekday_branch_operator to 2023-02-13T00:00:00+00:00, run_after=2023-02-14T00:00:00+00:00
[2023-02-14T12:17:27.611+0000] {processor.py:175} INFO - Processing /home/airflow/.local/lib/python3.7/site-packages/airflow/example_dags/example_branch_day_of_week_operator.py took 0.158 seconds
[2023-02-14T12:17:58.138+0000] {processor.py:153} INFO - Started process (PID=2725) to work on /home/airflow/.local/lib/python3.7/site-packages/airflow/example_dags/example_branch_day_of_week_operator.py
[2023-02-14T12:17:58.142+0000] {processor.py:743} INFO - Processing file /home/airflow/.local/lib/python3.7/site-packages/airflow/example_dags/example_branch_day_of_week_operator.py for tasks to queue
[2023-02-14T12:17:58.144+0000] {logging_mixin.py:137} INFO - [2023-02-14T12:17:58.144+0000] {dagbag.py:538} INFO - Filling up the DagBag from /home/airflow/.local/lib/python3.7/site-packages/airflow/example_dags/example_branch_day_of_week_operator.py
[2023-02-14T12:17:58.167+0000] {processor.py:753} INFO - DAG(s) dict_keys(['example_weekday_branch_operator']) retrieved from /home/airflow/.local/lib/python3.7/site-packages/airflow/example_dags/example_branch_day_of_week_operator.py
[2023-02-14T12:17:58.223+0000] {logging_mixin.py:137} INFO - [2023-02-14T12:17:58.223+0000] {dag.py:2676} INFO - Sync 1 DAGs
[2023-02-14T12:17:58.265+0000] {logging_mixin.py:137} INFO - [2023-02-14T12:17:58.264+0000] {dag.py:3427} INFO - Setting next_dagrun for example_weekday_branch_operator to 2023-02-13T00:00:00+00:00, run_after=2023-02-14T00:00:00+00:00
[2023-02-14T12:17:58.297+0000] {processor.py:175} INFO - Processing /home/airflow/.local/lib/python3.7/site-packages/airflow/example_dags/example_branch_day_of_week_operator.py took 0.164 seconds
