[2023-02-14T12:00:34.068+0000] {processor.py:153} INFO - Started process (PID=69) to work on /home/airflow/.local/lib/python3.7/site-packages/airflow/example_dags/example_latest_only.py
[2023-02-14T12:00:34.071+0000] {processor.py:743} INFO - Processing file /home/airflow/.local/lib/python3.7/site-packages/airflow/example_dags/example_latest_only.py for tasks to queue
[2023-02-14T12:00:34.073+0000] {logging_mixin.py:137} INFO - [2023-02-14T12:00:34.073+0000] {dagbag.py:538} INFO - Filling up the DagBag from /home/airflow/.local/lib/python3.7/site-packages/airflow/example_dags/example_latest_only.py
[2023-02-14T12:00:34.101+0000] {processor.py:753} INFO - DAG(s) dict_keys(['latest_only']) retrieved from /home/airflow/.local/lib/python3.7/site-packages/airflow/example_dags/example_latest_only.py
[2023-02-14T12:00:34.167+0000] {logging_mixin.py:137} INFO - [2023-02-14T12:00:34.167+0000] {dag.py:2676} INFO - Sync 1 DAGs
[2023-02-14T12:00:34.225+0000] {logging_mixin.py:137} INFO - [2023-02-14T12:00:34.225+0000] {dag.py:3427} INFO - Setting next_dagrun for latest_only to 2023-02-14T08:00:34.225307+00:00, run_after=2023-02-14T12:00:34.225307+00:00
[2023-02-14T12:00:34.257+0000] {processor.py:175} INFO - Processing /home/airflow/.local/lib/python3.7/site-packages/airflow/example_dags/example_latest_only.py took 0.195 seconds
[2023-02-14T12:01:04.677+0000] {processor.py:153} INFO - Started process (PID=140) to work on /home/airflow/.local/lib/python3.7/site-packages/airflow/example_dags/example_latest_only.py
[2023-02-14T12:01:04.680+0000] {processor.py:743} INFO - Processing file /home/airflow/.local/lib/python3.7/site-packages/airflow/example_dags/example_latest_only.py for tasks to queue
[2023-02-14T12:01:04.685+0000] {logging_mixin.py:137} INFO - [2023-02-14T12:01:04.685+0000] {dagbag.py:538} INFO - Filling up the DagBag from /home/airflow/.local/lib/python3.7/site-packages/airflow/example_dags/example_latest_only.py
[2023-02-14T12:01:04.706+0000] {processor.py:753} INFO - DAG(s) dict_keys(['latest_only']) retrieved from /home/airflow/.local/lib/python3.7/site-packages/airflow/example_dags/example_latest_only.py
[2023-02-14T12:01:04.750+0000] {logging_mixin.py:137} INFO - [2023-02-14T12:01:04.750+0000] {dag.py:2676} INFO - Sync 1 DAGs
[2023-02-14T12:01:04.785+0000] {logging_mixin.py:137} INFO - [2023-02-14T12:01:04.784+0000] {dag.py:3427} INFO - Setting next_dagrun for latest_only to 2023-02-14T08:01:04.784558+00:00, run_after=2023-02-14T12:01:04.784558+00:00
[2023-02-14T12:01:04.809+0000] {processor.py:175} INFO - Processing /home/airflow/.local/lib/python3.7/site-packages/airflow/example_dags/example_latest_only.py took 0.136 seconds
[2023-02-14T12:01:35.146+0000] {processor.py:153} INFO - Started process (PID=211) to work on /home/airflow/.local/lib/python3.7/site-packages/airflow/example_dags/example_latest_only.py
[2023-02-14T12:01:35.149+0000] {processor.py:743} INFO - Processing file /home/airflow/.local/lib/python3.7/site-packages/airflow/example_dags/example_latest_only.py for tasks to queue
[2023-02-14T12:01:35.150+0000] {logging_mixin.py:137} INFO - [2023-02-14T12:01:35.150+0000] {dagbag.py:538} INFO - Filling up the DagBag from /home/airflow/.local/lib/python3.7/site-packages/airflow/example_dags/example_latest_only.py
[2023-02-14T12:01:35.170+0000] {processor.py:753} INFO - DAG(s) dict_keys(['latest_only']) retrieved from /home/airflow/.local/lib/python3.7/site-packages/airflow/example_dags/example_latest_only.py
[2023-02-14T12:01:35.218+0000] {logging_mixin.py:137} INFO - [2023-02-14T12:01:35.218+0000] {dag.py:2676} INFO - Sync 1 DAGs
[2023-02-14T12:01:35.257+0000] {logging_mixin.py:137} INFO - [2023-02-14T12:01:35.257+0000] {dag.py:3427} INFO - Setting next_dagrun for latest_only to 2023-02-14T08:01:35.257133+00:00, run_after=2023-02-14T12:01:35.257133+00:00
[2023-02-14T12:01:35.285+0000] {processor.py:175} INFO - Processing /home/airflow/.local/lib/python3.7/site-packages/airflow/example_dags/example_latest_only.py took 0.144 seconds
[2023-02-14T12:02:05.857+0000] {processor.py:153} INFO - Started process (PID=298) to work on /home/airflow/.local/lib/python3.7/site-packages/airflow/example_dags/example_latest_only.py
[2023-02-14T12:02:05.861+0000] {processor.py:743} INFO - Processing file /home/airflow/.local/lib/python3.7/site-packages/airflow/example_dags/example_latest_only.py for tasks to queue
[2023-02-14T12:02:05.863+0000] {logging_mixin.py:137} INFO - [2023-02-14T12:02:05.863+0000] {dagbag.py:538} INFO - Filling up the DagBag from /home/airflow/.local/lib/python3.7/site-packages/airflow/example_dags/example_latest_only.py
[2023-02-14T12:02:05.885+0000] {processor.py:753} INFO - DAG(s) dict_keys(['latest_only']) retrieved from /home/airflow/.local/lib/python3.7/site-packages/airflow/example_dags/example_latest_only.py
[2023-02-14T12:02:05.940+0000] {logging_mixin.py:137} INFO - [2023-02-14T12:02:05.940+0000] {dag.py:2676} INFO - Sync 1 DAGs
[2023-02-14T12:02:05.978+0000] {logging_mixin.py:137} INFO - [2023-02-14T12:02:05.978+0000] {dag.py:3427} INFO - Setting next_dagrun for latest_only to 2023-02-14T08:02:05.977937+00:00, run_after=2023-02-14T12:02:05.977937+00:00
[2023-02-14T12:02:06.005+0000] {processor.py:175} INFO - Processing /home/airflow/.local/lib/python3.7/site-packages/airflow/example_dags/example_latest_only.py took 0.153 seconds
[2023-02-14T12:02:36.521+0000] {processor.py:153} INFO - Started process (PID=369) to work on /home/airflow/.local/lib/python3.7/site-packages/airflow/example_dags/example_latest_only.py
[2023-02-14T12:02:36.524+0000] {processor.py:743} INFO - Processing file /home/airflow/.local/lib/python3.7/site-packages/airflow/example_dags/example_latest_only.py for tasks to queue
[2023-02-14T12:02:36.525+0000] {logging_mixin.py:137} INFO - [2023-02-14T12:02:36.525+0000] {dagbag.py:538} INFO - Filling up the DagBag from /home/airflow/.local/lib/python3.7/site-packages/airflow/example_dags/example_latest_only.py
[2023-02-14T12:02:36.545+0000] {processor.py:753} INFO - DAG(s) dict_keys(['latest_only']) retrieved from /home/airflow/.local/lib/python3.7/site-packages/airflow/example_dags/example_latest_only.py
[2023-02-14T12:02:36.592+0000] {logging_mixin.py:137} INFO - [2023-02-14T12:02:36.592+0000] {dag.py:2676} INFO - Sync 1 DAGs
[2023-02-14T12:02:36.632+0000] {logging_mixin.py:137} INFO - [2023-02-14T12:02:36.632+0000] {dag.py:3427} INFO - Setting next_dagrun for latest_only to 2023-02-14T08:02:36.631767+00:00, run_after=2023-02-14T12:02:36.631767+00:00
[2023-02-14T12:02:36.657+0000] {processor.py:175} INFO - Processing /home/airflow/.local/lib/python3.7/site-packages/airflow/example_dags/example_latest_only.py took 0.140 seconds
[2023-02-14T12:03:07.719+0000] {processor.py:153} INFO - Started process (PID=456) to work on /home/airflow/.local/lib/python3.7/site-packages/airflow/example_dags/example_latest_only.py
[2023-02-14T12:03:07.721+0000] {processor.py:743} INFO - Processing file /home/airflow/.local/lib/python3.7/site-packages/airflow/example_dags/example_latest_only.py for tasks to queue
[2023-02-14T12:03:07.723+0000] {logging_mixin.py:137} INFO - [2023-02-14T12:03:07.723+0000] {dagbag.py:538} INFO - Filling up the DagBag from /home/airflow/.local/lib/python3.7/site-packages/airflow/example_dags/example_latest_only.py
[2023-02-14T12:03:07.740+0000] {processor.py:753} INFO - DAG(s) dict_keys(['latest_only']) retrieved from /home/airflow/.local/lib/python3.7/site-packages/airflow/example_dags/example_latest_only.py
[2023-02-14T12:03:07.793+0000] {logging_mixin.py:137} INFO - [2023-02-14T12:03:07.792+0000] {dag.py:2676} INFO - Sync 1 DAGs
[2023-02-14T12:03:07.827+0000] {logging_mixin.py:137} INFO - [2023-02-14T12:03:07.827+0000] {dag.py:3427} INFO - Setting next_dagrun for latest_only to 2023-02-14T08:03:07.827445+00:00, run_after=2023-02-14T12:03:07.827445+00:00
[2023-02-14T12:03:07.853+0000] {processor.py:175} INFO - Processing /home/airflow/.local/lib/python3.7/site-packages/airflow/example_dags/example_latest_only.py took 0.139 seconds
[2023-02-14T12:03:38.417+0000] {processor.py:153} INFO - Started process (PID=527) to work on /home/airflow/.local/lib/python3.7/site-packages/airflow/example_dags/example_latest_only.py
[2023-02-14T12:03:38.420+0000] {processor.py:743} INFO - Processing file /home/airflow/.local/lib/python3.7/site-packages/airflow/example_dags/example_latest_only.py for tasks to queue
[2023-02-14T12:03:38.422+0000] {logging_mixin.py:137} INFO - [2023-02-14T12:03:38.421+0000] {dagbag.py:538} INFO - Filling up the DagBag from /home/airflow/.local/lib/python3.7/site-packages/airflow/example_dags/example_latest_only.py
[2023-02-14T12:03:38.439+0000] {processor.py:753} INFO - DAG(s) dict_keys(['latest_only']) retrieved from /home/airflow/.local/lib/python3.7/site-packages/airflow/example_dags/example_latest_only.py
[2023-02-14T12:03:38.487+0000] {logging_mixin.py:137} INFO - [2023-02-14T12:03:38.487+0000] {dag.py:2676} INFO - Sync 1 DAGs
[2023-02-14T12:03:38.519+0000] {logging_mixin.py:137} INFO - [2023-02-14T12:03:38.519+0000] {dag.py:3427} INFO - Setting next_dagrun for latest_only to 2023-02-14T08:03:38.519130+00:00, run_after=2023-02-14T12:03:38.519130+00:00
[2023-02-14T12:03:38.542+0000] {processor.py:175} INFO - Processing /home/airflow/.local/lib/python3.7/site-packages/airflow/example_dags/example_latest_only.py took 0.130 seconds
[2023-02-14T12:04:08.865+0000] {processor.py:153} INFO - Started process (PID=614) to work on /home/airflow/.local/lib/python3.7/site-packages/airflow/example_dags/example_latest_only.py
[2023-02-14T12:04:08.868+0000] {processor.py:743} INFO - Processing file /home/airflow/.local/lib/python3.7/site-packages/airflow/example_dags/example_latest_only.py for tasks to queue
[2023-02-14T12:04:08.870+0000] {logging_mixin.py:137} INFO - [2023-02-14T12:04:08.870+0000] {dagbag.py:538} INFO - Filling up the DagBag from /home/airflow/.local/lib/python3.7/site-packages/airflow/example_dags/example_latest_only.py
[2023-02-14T12:04:08.891+0000] {processor.py:753} INFO - DAG(s) dict_keys(['latest_only']) retrieved from /home/airflow/.local/lib/python3.7/site-packages/airflow/example_dags/example_latest_only.py
[2023-02-14T12:04:08.946+0000] {logging_mixin.py:137} INFO - [2023-02-14T12:04:08.946+0000] {dag.py:2676} INFO - Sync 1 DAGs
[2023-02-14T12:04:08.982+0000] {logging_mixin.py:137} INFO - [2023-02-14T12:04:08.982+0000] {dag.py:3427} INFO - Setting next_dagrun for latest_only to 2023-02-14T08:04:08.982035+00:00, run_after=2023-02-14T12:04:08.982035+00:00
[2023-02-14T12:04:09.008+0000] {processor.py:175} INFO - Processing /home/airflow/.local/lib/python3.7/site-packages/airflow/example_dags/example_latest_only.py took 0.149 seconds
[2023-02-14T12:04:39.712+0000] {processor.py:153} INFO - Started process (PID=685) to work on /home/airflow/.local/lib/python3.7/site-packages/airflow/example_dags/example_latest_only.py
[2023-02-14T12:04:39.714+0000] {processor.py:743} INFO - Processing file /home/airflow/.local/lib/python3.7/site-packages/airflow/example_dags/example_latest_only.py for tasks to queue
[2023-02-14T12:04:39.716+0000] {logging_mixin.py:137} INFO - [2023-02-14T12:04:39.716+0000] {dagbag.py:538} INFO - Filling up the DagBag from /home/airflow/.local/lib/python3.7/site-packages/airflow/example_dags/example_latest_only.py
[2023-02-14T12:04:39.741+0000] {processor.py:753} INFO - DAG(s) dict_keys(['latest_only']) retrieved from /home/airflow/.local/lib/python3.7/site-packages/airflow/example_dags/example_latest_only.py
[2023-02-14T12:04:39.797+0000] {logging_mixin.py:137} INFO - [2023-02-14T12:04:39.797+0000] {dag.py:2676} INFO - Sync 1 DAGs
[2023-02-14T12:04:39.835+0000] {logging_mixin.py:137} INFO - [2023-02-14T12:04:39.835+0000] {dag.py:3427} INFO - Setting next_dagrun for latest_only to 2023-02-14T08:04:39.835095+00:00, run_after=2023-02-14T12:04:39.835095+00:00
[2023-02-14T12:04:39.862+0000] {processor.py:175} INFO - Processing /home/airflow/.local/lib/python3.7/site-packages/airflow/example_dags/example_latest_only.py took 0.156 seconds
[2023-02-14T12:05:10.824+0000] {processor.py:153} INFO - Started process (PID=756) to work on /home/airflow/.local/lib/python3.7/site-packages/airflow/example_dags/example_latest_only.py
[2023-02-14T12:05:10.826+0000] {processor.py:743} INFO - Processing file /home/airflow/.local/lib/python3.7/site-packages/airflow/example_dags/example_latest_only.py for tasks to queue
[2023-02-14T12:05:10.829+0000] {logging_mixin.py:137} INFO - [2023-02-14T12:05:10.829+0000] {dagbag.py:538} INFO - Filling up the DagBag from /home/airflow/.local/lib/python3.7/site-packages/airflow/example_dags/example_latest_only.py
[2023-02-14T12:05:10.849+0000] {processor.py:753} INFO - DAG(s) dict_keys(['latest_only']) retrieved from /home/airflow/.local/lib/python3.7/site-packages/airflow/example_dags/example_latest_only.py
[2023-02-14T12:05:10.899+0000] {logging_mixin.py:137} INFO - [2023-02-14T12:05:10.899+0000] {dag.py:2676} INFO - Sync 1 DAGs
[2023-02-14T12:05:10.936+0000] {logging_mixin.py:137} INFO - [2023-02-14T12:05:10.936+0000] {dag.py:3427} INFO - Setting next_dagrun for latest_only to 2023-02-14T08:05:10.935997+00:00, run_after=2023-02-14T12:05:10.935997+00:00
[2023-02-14T12:05:10.963+0000] {processor.py:175} INFO - Processing /home/airflow/.local/lib/python3.7/site-packages/airflow/example_dags/example_latest_only.py took 0.144 seconds
[2023-02-14T12:05:41.656+0000] {processor.py:153} INFO - Started process (PID=843) to work on /home/airflow/.local/lib/python3.7/site-packages/airflow/example_dags/example_latest_only.py
[2023-02-14T12:05:41.660+0000] {processor.py:743} INFO - Processing file /home/airflow/.local/lib/python3.7/site-packages/airflow/example_dags/example_latest_only.py for tasks to queue
[2023-02-14T12:05:41.664+0000] {logging_mixin.py:137} INFO - [2023-02-14T12:05:41.663+0000] {dagbag.py:538} INFO - Filling up the DagBag from /home/airflow/.local/lib/python3.7/site-packages/airflow/example_dags/example_latest_only.py
[2023-02-14T12:05:41.689+0000] {processor.py:753} INFO - DAG(s) dict_keys(['latest_only']) retrieved from /home/airflow/.local/lib/python3.7/site-packages/airflow/example_dags/example_latest_only.py
[2023-02-14T12:05:41.753+0000] {logging_mixin.py:137} INFO - [2023-02-14T12:05:41.753+0000] {dag.py:2676} INFO - Sync 1 DAGs
[2023-02-14T12:05:41.791+0000] {logging_mixin.py:137} INFO - [2023-02-14T12:05:41.791+0000] {dag.py:3427} INFO - Setting next_dagrun for latest_only to 2023-02-14T08:05:41.790898+00:00, run_after=2023-02-14T12:05:41.790898+00:00
[2023-02-14T12:05:41.818+0000] {processor.py:175} INFO - Processing /home/airflow/.local/lib/python3.7/site-packages/airflow/example_dags/example_latest_only.py took 0.168 seconds
[2023-02-14T12:06:11.862+0000] {processor.py:153} INFO - Started process (PID=914) to work on /home/airflow/.local/lib/python3.7/site-packages/airflow/example_dags/example_latest_only.py
[2023-02-14T12:06:11.864+0000] {processor.py:743} INFO - Processing file /home/airflow/.local/lib/python3.7/site-packages/airflow/example_dags/example_latest_only.py for tasks to queue
[2023-02-14T12:06:11.866+0000] {logging_mixin.py:137} INFO - [2023-02-14T12:06:11.866+0000] {dagbag.py:538} INFO - Filling up the DagBag from /home/airflow/.local/lib/python3.7/site-packages/airflow/example_dags/example_latest_only.py
[2023-02-14T12:06:11.884+0000] {processor.py:753} INFO - DAG(s) dict_keys(['latest_only']) retrieved from /home/airflow/.local/lib/python3.7/site-packages/airflow/example_dags/example_latest_only.py
[2023-02-14T12:06:11.927+0000] {logging_mixin.py:137} INFO - [2023-02-14T12:06:11.927+0000] {dag.py:2676} INFO - Sync 1 DAGs
[2023-02-14T12:06:11.958+0000] {logging_mixin.py:137} INFO - [2023-02-14T12:06:11.958+0000] {dag.py:3427} INFO - Setting next_dagrun for latest_only to 2023-02-14T08:06:11.957835+00:00, run_after=2023-02-14T12:06:11.957835+00:00
[2023-02-14T12:06:11.979+0000] {processor.py:175} INFO - Processing /home/airflow/.local/lib/python3.7/site-packages/airflow/example_dags/example_latest_only.py took 0.122 seconds
[2023-02-14T12:06:43.474+0000] {processor.py:153} INFO - Started process (PID=1001) to work on /home/airflow/.local/lib/python3.7/site-packages/airflow/example_dags/example_latest_only.py
[2023-02-14T12:06:43.476+0000] {processor.py:743} INFO - Processing file /home/airflow/.local/lib/python3.7/site-packages/airflow/example_dags/example_latest_only.py for tasks to queue
[2023-02-14T12:06:43.480+0000] {logging_mixin.py:137} INFO - [2023-02-14T12:06:43.479+0000] {dagbag.py:538} INFO - Filling up the DagBag from /home/airflow/.local/lib/python3.7/site-packages/airflow/example_dags/example_latest_only.py
[2023-02-14T12:06:43.504+0000] {processor.py:753} INFO - DAG(s) dict_keys(['latest_only']) retrieved from /home/airflow/.local/lib/python3.7/site-packages/airflow/example_dags/example_latest_only.py
[2023-02-14T12:06:43.576+0000] {logging_mixin.py:137} INFO - [2023-02-14T12:06:43.576+0000] {dag.py:2676} INFO - Sync 1 DAGs
[2023-02-14T12:06:43.631+0000] {logging_mixin.py:137} INFO - [2023-02-14T12:06:43.630+0000] {dag.py:3427} INFO - Setting next_dagrun for latest_only to 2023-02-14T08:06:43.630517+00:00, run_after=2023-02-14T12:06:43.630517+00:00
[2023-02-14T12:06:43.658+0000] {processor.py:175} INFO - Processing /home/airflow/.local/lib/python3.7/site-packages/airflow/example_dags/example_latest_only.py took 0.190 seconds
[2023-02-14T12:07:13.763+0000] {processor.py:153} INFO - Started process (PID=1073) to work on /home/airflow/.local/lib/python3.7/site-packages/airflow/example_dags/example_latest_only.py
[2023-02-14T12:07:13.783+0000] {processor.py:743} INFO - Processing file /home/airflow/.local/lib/python3.7/site-packages/airflow/example_dags/example_latest_only.py for tasks to queue
[2023-02-14T12:07:13.802+0000] {logging_mixin.py:137} INFO - [2023-02-14T12:07:13.801+0000] {dagbag.py:538} INFO - Filling up the DagBag from /home/airflow/.local/lib/python3.7/site-packages/airflow/example_dags/example_latest_only.py
[2023-02-14T12:07:13.821+0000] {processor.py:753} INFO - DAG(s) dict_keys(['latest_only']) retrieved from /home/airflow/.local/lib/python3.7/site-packages/airflow/example_dags/example_latest_only.py
[2023-02-14T12:07:13.869+0000] {logging_mixin.py:137} INFO - [2023-02-14T12:07:13.869+0000] {dag.py:2676} INFO - Sync 1 DAGs
[2023-02-14T12:07:13.902+0000] {logging_mixin.py:137} INFO - [2023-02-14T12:07:13.902+0000] {dag.py:3427} INFO - Setting next_dagrun for latest_only to 2023-02-14T08:07:13.902323+00:00, run_after=2023-02-14T12:07:13.902323+00:00
[2023-02-14T12:07:13.928+0000] {processor.py:175} INFO - Processing /home/airflow/.local/lib/python3.7/site-packages/airflow/example_dags/example_latest_only.py took 0.169 seconds
[2023-02-14T12:07:44.034+0000] {processor.py:153} INFO - Started process (PID=1160) to work on /home/airflow/.local/lib/python3.7/site-packages/airflow/example_dags/example_latest_only.py
[2023-02-14T12:07:44.036+0000] {processor.py:743} INFO - Processing file /home/airflow/.local/lib/python3.7/site-packages/airflow/example_dags/example_latest_only.py for tasks to queue
[2023-02-14T12:07:44.037+0000] {logging_mixin.py:137} INFO - [2023-02-14T12:07:44.037+0000] {dagbag.py:538} INFO - Filling up the DagBag from /home/airflow/.local/lib/python3.7/site-packages/airflow/example_dags/example_latest_only.py
[2023-02-14T12:07:44.055+0000] {processor.py:753} INFO - DAG(s) dict_keys(['latest_only']) retrieved from /home/airflow/.local/lib/python3.7/site-packages/airflow/example_dags/example_latest_only.py
[2023-02-14T12:07:44.102+0000] {logging_mixin.py:137} INFO - [2023-02-14T12:07:44.102+0000] {dag.py:2676} INFO - Sync 1 DAGs
[2023-02-14T12:07:44.136+0000] {logging_mixin.py:137} INFO - [2023-02-14T12:07:44.136+0000] {dag.py:3427} INFO - Setting next_dagrun for latest_only to 2023-02-14T08:07:44.136370+00:00, run_after=2023-02-14T12:07:44.136370+00:00
[2023-02-14T12:07:44.163+0000] {processor.py:175} INFO - Processing /home/airflow/.local/lib/python3.7/site-packages/airflow/example_dags/example_latest_only.py took 0.133 seconds
[2023-02-14T12:08:14.299+0000] {processor.py:153} INFO - Started process (PID=1231) to work on /home/airflow/.local/lib/python3.7/site-packages/airflow/example_dags/example_latest_only.py
[2023-02-14T12:08:14.301+0000] {processor.py:743} INFO - Processing file /home/airflow/.local/lib/python3.7/site-packages/airflow/example_dags/example_latest_only.py for tasks to queue
[2023-02-14T12:08:14.303+0000] {logging_mixin.py:137} INFO - [2023-02-14T12:08:14.303+0000] {dagbag.py:538} INFO - Filling up the DagBag from /home/airflow/.local/lib/python3.7/site-packages/airflow/example_dags/example_latest_only.py
[2023-02-14T12:08:14.322+0000] {processor.py:753} INFO - DAG(s) dict_keys(['latest_only']) retrieved from /home/airflow/.local/lib/python3.7/site-packages/airflow/example_dags/example_latest_only.py
[2023-02-14T12:08:14.365+0000] {logging_mixin.py:137} INFO - [2023-02-14T12:08:14.365+0000] {dag.py:2676} INFO - Sync 1 DAGs
[2023-02-14T12:08:14.394+0000] {logging_mixin.py:137} INFO - [2023-02-14T12:08:14.393+0000] {dag.py:3427} INFO - Setting next_dagrun for latest_only to 2023-02-14T08:08:14.393701+00:00, run_after=2023-02-14T12:08:14.393701+00:00
[2023-02-14T12:08:14.415+0000] {processor.py:175} INFO - Processing /home/airflow/.local/lib/python3.7/site-packages/airflow/example_dags/example_latest_only.py took 0.120 seconds
[2023-02-14T12:08:44.557+0000] {processor.py:153} INFO - Started process (PID=1318) to work on /home/airflow/.local/lib/python3.7/site-packages/airflow/example_dags/example_latest_only.py
[2023-02-14T12:08:44.559+0000] {processor.py:743} INFO - Processing file /home/airflow/.local/lib/python3.7/site-packages/airflow/example_dags/example_latest_only.py for tasks to queue
[2023-02-14T12:08:44.561+0000] {logging_mixin.py:137} INFO - [2023-02-14T12:08:44.560+0000] {dagbag.py:538} INFO - Filling up the DagBag from /home/airflow/.local/lib/python3.7/site-packages/airflow/example_dags/example_latest_only.py
[2023-02-14T12:08:44.580+0000] {processor.py:753} INFO - DAG(s) dict_keys(['latest_only']) retrieved from /home/airflow/.local/lib/python3.7/site-packages/airflow/example_dags/example_latest_only.py
[2023-02-14T12:08:44.624+0000] {logging_mixin.py:137} INFO - [2023-02-14T12:08:44.624+0000] {dag.py:2676} INFO - Sync 1 DAGs
[2023-02-14T12:08:44.654+0000] {logging_mixin.py:137} INFO - [2023-02-14T12:08:44.654+0000] {dag.py:3427} INFO - Setting next_dagrun for latest_only to 2023-02-14T08:08:44.653857+00:00, run_after=2023-02-14T12:08:44.653857+00:00
[2023-02-14T12:08:44.678+0000] {processor.py:175} INFO - Processing /home/airflow/.local/lib/python3.7/site-packages/airflow/example_dags/example_latest_only.py took 0.127 seconds
[2023-02-14T12:09:14.715+0000] {processor.py:153} INFO - Started process (PID=1388) to work on /home/airflow/.local/lib/python3.7/site-packages/airflow/example_dags/example_latest_only.py
[2023-02-14T12:09:14.717+0000] {processor.py:743} INFO - Processing file /home/airflow/.local/lib/python3.7/site-packages/airflow/example_dags/example_latest_only.py for tasks to queue
[2023-02-14T12:09:14.719+0000] {logging_mixin.py:137} INFO - [2023-02-14T12:09:14.718+0000] {dagbag.py:538} INFO - Filling up the DagBag from /home/airflow/.local/lib/python3.7/site-packages/airflow/example_dags/example_latest_only.py
[2023-02-14T12:09:14.736+0000] {processor.py:753} INFO - DAG(s) dict_keys(['latest_only']) retrieved from /home/airflow/.local/lib/python3.7/site-packages/airflow/example_dags/example_latest_only.py
[2023-02-14T12:09:14.780+0000] {logging_mixin.py:137} INFO - [2023-02-14T12:09:14.780+0000] {dag.py:2676} INFO - Sync 1 DAGs
[2023-02-14T12:09:14.808+0000] {logging_mixin.py:137} INFO - [2023-02-14T12:09:14.808+0000] {dag.py:3427} INFO - Setting next_dagrun for latest_only to 2023-02-14T08:09:14.808206+00:00, run_after=2023-02-14T12:09:14.808206+00:00
[2023-02-14T12:09:14.829+0000] {processor.py:175} INFO - Processing /home/airflow/.local/lib/python3.7/site-packages/airflow/example_dags/example_latest_only.py took 0.118 seconds
[2023-02-14T12:09:46.120+0000] {processor.py:153} INFO - Started process (PID=1476) to work on /home/airflow/.local/lib/python3.7/site-packages/airflow/example_dags/example_latest_only.py
[2023-02-14T12:09:46.125+0000] {processor.py:743} INFO - Processing file /home/airflow/.local/lib/python3.7/site-packages/airflow/example_dags/example_latest_only.py for tasks to queue
[2023-02-14T12:09:46.128+0000] {logging_mixin.py:137} INFO - [2023-02-14T12:09:46.128+0000] {dagbag.py:538} INFO - Filling up the DagBag from /home/airflow/.local/lib/python3.7/site-packages/airflow/example_dags/example_latest_only.py
[2023-02-14T12:09:46.169+0000] {processor.py:753} INFO - DAG(s) dict_keys(['latest_only']) retrieved from /home/airflow/.local/lib/python3.7/site-packages/airflow/example_dags/example_latest_only.py
[2023-02-14T12:09:46.246+0000] {logging_mixin.py:137} INFO - [2023-02-14T12:09:46.246+0000] {dag.py:2676} INFO - Sync 1 DAGs
[2023-02-14T12:09:46.287+0000] {logging_mixin.py:137} INFO - [2023-02-14T12:09:46.287+0000] {dag.py:3427} INFO - Setting next_dagrun for latest_only to 2023-02-14T08:09:46.286509+00:00, run_after=2023-02-14T12:09:46.286509+00:00
[2023-02-14T12:09:46.319+0000] {processor.py:175} INFO - Processing /home/airflow/.local/lib/python3.7/site-packages/airflow/example_dags/example_latest_only.py took 0.208 seconds
[2023-02-14T12:10:16.497+0000] {processor.py:153} INFO - Started process (PID=1547) to work on /home/airflow/.local/lib/python3.7/site-packages/airflow/example_dags/example_latest_only.py
[2023-02-14T12:10:16.500+0000] {processor.py:743} INFO - Processing file /home/airflow/.local/lib/python3.7/site-packages/airflow/example_dags/example_latest_only.py for tasks to queue
[2023-02-14T12:10:16.502+0000] {logging_mixin.py:137} INFO - [2023-02-14T12:10:16.502+0000] {dagbag.py:538} INFO - Filling up the DagBag from /home/airflow/.local/lib/python3.7/site-packages/airflow/example_dags/example_latest_only.py
[2023-02-14T12:10:16.522+0000] {processor.py:753} INFO - DAG(s) dict_keys(['latest_only']) retrieved from /home/airflow/.local/lib/python3.7/site-packages/airflow/example_dags/example_latest_only.py
[2023-02-14T12:10:16.567+0000] {logging_mixin.py:137} INFO - [2023-02-14T12:10:16.567+0000] {dag.py:2676} INFO - Sync 1 DAGs
[2023-02-14T12:10:16.603+0000] {logging_mixin.py:137} INFO - [2023-02-14T12:10:16.603+0000] {dag.py:3427} INFO - Setting next_dagrun for latest_only to 2023-02-14T08:10:16.603136+00:00, run_after=2023-02-14T12:10:16.603136+00:00
[2023-02-14T12:10:16.627+0000] {processor.py:175} INFO - Processing /home/airflow/.local/lib/python3.7/site-packages/airflow/example_dags/example_latest_only.py took 0.135 seconds
[2023-02-14T12:10:46.663+0000] {processor.py:153} INFO - Started process (PID=1626) to work on /home/airflow/.local/lib/python3.7/site-packages/airflow/example_dags/example_latest_only.py
[2023-02-14T12:10:46.666+0000] {processor.py:743} INFO - Processing file /home/airflow/.local/lib/python3.7/site-packages/airflow/example_dags/example_latest_only.py for tasks to queue
[2023-02-14T12:10:46.668+0000] {logging_mixin.py:137} INFO - [2023-02-14T12:10:46.668+0000] {dagbag.py:538} INFO - Filling up the DagBag from /home/airflow/.local/lib/python3.7/site-packages/airflow/example_dags/example_latest_only.py
[2023-02-14T12:10:46.689+0000] {processor.py:753} INFO - DAG(s) dict_keys(['latest_only']) retrieved from /home/airflow/.local/lib/python3.7/site-packages/airflow/example_dags/example_latest_only.py
[2023-02-14T12:10:46.737+0000] {logging_mixin.py:137} INFO - [2023-02-14T12:10:46.737+0000] {dag.py:2676} INFO - Sync 1 DAGs
[2023-02-14T12:10:46.785+0000] {logging_mixin.py:137} INFO - [2023-02-14T12:10:46.785+0000] {dag.py:3427} INFO - Setting next_dagrun for latest_only to 2023-02-14T08:10:46.785539+00:00, run_after=2023-02-14T12:10:46.785539+00:00
[2023-02-14T12:10:46.830+0000] {processor.py:175} INFO - Processing /home/airflow/.local/lib/python3.7/site-packages/airflow/example_dags/example_latest_only.py took 0.172 seconds
[2023-02-14T12:11:17.790+0000] {processor.py:153} INFO - Started process (PID=1705) to work on /home/airflow/.local/lib/python3.7/site-packages/airflow/example_dags/example_latest_only.py
[2023-02-14T12:11:17.793+0000] {processor.py:743} INFO - Processing file /home/airflow/.local/lib/python3.7/site-packages/airflow/example_dags/example_latest_only.py for tasks to queue
[2023-02-14T12:11:17.795+0000] {logging_mixin.py:137} INFO - [2023-02-14T12:11:17.795+0000] {dagbag.py:538} INFO - Filling up the DagBag from /home/airflow/.local/lib/python3.7/site-packages/airflow/example_dags/example_latest_only.py
[2023-02-14T12:11:17.817+0000] {processor.py:753} INFO - DAG(s) dict_keys(['latest_only']) retrieved from /home/airflow/.local/lib/python3.7/site-packages/airflow/example_dags/example_latest_only.py
[2023-02-14T12:11:17.872+0000] {logging_mixin.py:137} INFO - [2023-02-14T12:11:17.871+0000] {dag.py:2676} INFO - Sync 1 DAGs
[2023-02-14T12:11:17.909+0000] {logging_mixin.py:137} INFO - [2023-02-14T12:11:17.909+0000] {dag.py:3427} INFO - Setting next_dagrun for latest_only to 2023-02-14T08:11:17.908983+00:00, run_after=2023-02-14T12:11:17.908983+00:00
[2023-02-14T12:11:17.940+0000] {processor.py:175} INFO - Processing /home/airflow/.local/lib/python3.7/site-packages/airflow/example_dags/example_latest_only.py took 0.155 seconds
[2023-02-14T12:11:48.270+0000] {processor.py:153} INFO - Started process (PID=1785) to work on /home/airflow/.local/lib/python3.7/site-packages/airflow/example_dags/example_latest_only.py
[2023-02-14T12:11:48.273+0000] {processor.py:743} INFO - Processing file /home/airflow/.local/lib/python3.7/site-packages/airflow/example_dags/example_latest_only.py for tasks to queue
[2023-02-14T12:11:48.276+0000] {logging_mixin.py:137} INFO - [2023-02-14T12:11:48.275+0000] {dagbag.py:538} INFO - Filling up the DagBag from /home/airflow/.local/lib/python3.7/site-packages/airflow/example_dags/example_latest_only.py
[2023-02-14T12:11:48.300+0000] {processor.py:753} INFO - DAG(s) dict_keys(['latest_only']) retrieved from /home/airflow/.local/lib/python3.7/site-packages/airflow/example_dags/example_latest_only.py
[2023-02-14T12:11:48.359+0000] {logging_mixin.py:137} INFO - [2023-02-14T12:11:48.359+0000] {dag.py:2676} INFO - Sync 1 DAGs
[2023-02-14T12:11:48.400+0000] {logging_mixin.py:137} INFO - [2023-02-14T12:11:48.399+0000] {dag.py:3427} INFO - Setting next_dagrun for latest_only to 2023-02-14T08:11:48.399433+00:00, run_after=2023-02-14T12:11:48.399433+00:00
[2023-02-14T12:11:48.448+0000] {processor.py:175} INFO - Processing /home/airflow/.local/lib/python3.7/site-packages/airflow/example_dags/example_latest_only.py took 0.183 seconds
[2023-02-14T12:12:18.626+0000] {processor.py:153} INFO - Started process (PID=1863) to work on /home/airflow/.local/lib/python3.7/site-packages/airflow/example_dags/example_latest_only.py
[2023-02-14T12:12:18.628+0000] {processor.py:743} INFO - Processing file /home/airflow/.local/lib/python3.7/site-packages/airflow/example_dags/example_latest_only.py for tasks to queue
[2023-02-14T12:12:18.630+0000] {logging_mixin.py:137} INFO - [2023-02-14T12:12:18.630+0000] {dagbag.py:538} INFO - Filling up the DagBag from /home/airflow/.local/lib/python3.7/site-packages/airflow/example_dags/example_latest_only.py
[2023-02-14T12:12:18.646+0000] {processor.py:753} INFO - DAG(s) dict_keys(['latest_only']) retrieved from /home/airflow/.local/lib/python3.7/site-packages/airflow/example_dags/example_latest_only.py
[2023-02-14T12:12:18.689+0000] {logging_mixin.py:137} INFO - [2023-02-14T12:12:18.688+0000] {dag.py:2676} INFO - Sync 1 DAGs
[2023-02-14T12:12:18.718+0000] {logging_mixin.py:137} INFO - [2023-02-14T12:12:18.718+0000] {dag.py:3427} INFO - Setting next_dagrun for latest_only to 2023-02-14T08:12:18.717937+00:00, run_after=2023-02-14T12:12:18.717937+00:00
[2023-02-14T12:12:18.739+0000] {processor.py:175} INFO - Processing /home/airflow/.local/lib/python3.7/site-packages/airflow/example_dags/example_latest_only.py took 0.117 seconds
[2023-02-14T12:12:49.420+0000] {processor.py:153} INFO - Started process (PID=1934) to work on /home/airflow/.local/lib/python3.7/site-packages/airflow/example_dags/example_latest_only.py
[2023-02-14T12:12:49.423+0000] {processor.py:743} INFO - Processing file /home/airflow/.local/lib/python3.7/site-packages/airflow/example_dags/example_latest_only.py for tasks to queue
[2023-02-14T12:12:49.425+0000] {logging_mixin.py:137} INFO - [2023-02-14T12:12:49.425+0000] {dagbag.py:538} INFO - Filling up the DagBag from /home/airflow/.local/lib/python3.7/site-packages/airflow/example_dags/example_latest_only.py
[2023-02-14T12:12:49.443+0000] {processor.py:753} INFO - DAG(s) dict_keys(['latest_only']) retrieved from /home/airflow/.local/lib/python3.7/site-packages/airflow/example_dags/example_latest_only.py
[2023-02-14T12:12:49.500+0000] {logging_mixin.py:137} INFO - [2023-02-14T12:12:49.500+0000] {dag.py:2676} INFO - Sync 1 DAGs
[2023-02-14T12:12:49.536+0000] {logging_mixin.py:137} INFO - [2023-02-14T12:12:49.536+0000] {dag.py:3427} INFO - Setting next_dagrun for latest_only to 2023-02-14T08:12:49.536203+00:00, run_after=2023-02-14T12:12:49.536203+00:00
[2023-02-14T12:12:49.559+0000] {processor.py:175} INFO - Processing /home/airflow/.local/lib/python3.7/site-packages/airflow/example_dags/example_latest_only.py took 0.143 seconds
[2023-02-14T12:13:20.103+0000] {processor.py:153} INFO - Started process (PID=2021) to work on /home/airflow/.local/lib/python3.7/site-packages/airflow/example_dags/example_latest_only.py
[2023-02-14T12:13:20.106+0000] {processor.py:743} INFO - Processing file /home/airflow/.local/lib/python3.7/site-packages/airflow/example_dags/example_latest_only.py for tasks to queue
[2023-02-14T12:13:20.108+0000] {logging_mixin.py:137} INFO - [2023-02-14T12:13:20.107+0000] {dagbag.py:538} INFO - Filling up the DagBag from /home/airflow/.local/lib/python3.7/site-packages/airflow/example_dags/example_latest_only.py
[2023-02-14T12:13:20.127+0000] {processor.py:753} INFO - DAG(s) dict_keys(['latest_only']) retrieved from /home/airflow/.local/lib/python3.7/site-packages/airflow/example_dags/example_latest_only.py
[2023-02-14T12:13:20.179+0000] {logging_mixin.py:137} INFO - [2023-02-14T12:13:20.179+0000] {dag.py:2676} INFO - Sync 1 DAGs
[2023-02-14T12:13:20.215+0000] {logging_mixin.py:137} INFO - [2023-02-14T12:13:20.215+0000] {dag.py:3427} INFO - Setting next_dagrun for latest_only to 2023-02-14T08:13:20.214834+00:00, run_after=2023-02-14T12:13:20.214834+00:00
[2023-02-14T12:13:20.241+0000] {processor.py:175} INFO - Processing /home/airflow/.local/lib/python3.7/site-packages/airflow/example_dags/example_latest_only.py took 0.143 seconds
[2023-02-14T12:13:50.695+0000] {processor.py:153} INFO - Started process (PID=2092) to work on /home/airflow/.local/lib/python3.7/site-packages/airflow/example_dags/example_latest_only.py
[2023-02-14T12:13:50.700+0000] {processor.py:743} INFO - Processing file /home/airflow/.local/lib/python3.7/site-packages/airflow/example_dags/example_latest_only.py for tasks to queue
[2023-02-14T12:13:50.704+0000] {logging_mixin.py:137} INFO - [2023-02-14T12:13:50.704+0000] {dagbag.py:538} INFO - Filling up the DagBag from /home/airflow/.local/lib/python3.7/site-packages/airflow/example_dags/example_latest_only.py
[2023-02-14T12:13:50.736+0000] {processor.py:753} INFO - DAG(s) dict_keys(['latest_only']) retrieved from /home/airflow/.local/lib/python3.7/site-packages/airflow/example_dags/example_latest_only.py
[2023-02-14T12:13:50.794+0000] {logging_mixin.py:137} INFO - [2023-02-14T12:13:50.794+0000] {dag.py:2676} INFO - Sync 1 DAGs
[2023-02-14T12:13:50.828+0000] {logging_mixin.py:137} INFO - [2023-02-14T12:13:50.828+0000] {dag.py:3427} INFO - Setting next_dagrun for latest_only to 2023-02-14T08:13:50.828420+00:00, run_after=2023-02-14T12:13:50.828420+00:00
[2023-02-14T12:13:50.854+0000] {processor.py:175} INFO - Processing /home/airflow/.local/lib/python3.7/site-packages/airflow/example_dags/example_latest_only.py took 0.165 seconds
[2023-02-14T12:14:21.549+0000] {processor.py:153} INFO - Started process (PID=2179) to work on /home/airflow/.local/lib/python3.7/site-packages/airflow/example_dags/example_latest_only.py
[2023-02-14T12:14:21.551+0000] {processor.py:743} INFO - Processing file /home/airflow/.local/lib/python3.7/site-packages/airflow/example_dags/example_latest_only.py for tasks to queue
[2023-02-14T12:14:21.553+0000] {logging_mixin.py:137} INFO - [2023-02-14T12:14:21.553+0000] {dagbag.py:538} INFO - Filling up the DagBag from /home/airflow/.local/lib/python3.7/site-packages/airflow/example_dags/example_latest_only.py
[2023-02-14T12:14:21.574+0000] {processor.py:753} INFO - DAG(s) dict_keys(['latest_only']) retrieved from /home/airflow/.local/lib/python3.7/site-packages/airflow/example_dags/example_latest_only.py
[2023-02-14T12:14:21.629+0000] {logging_mixin.py:137} INFO - [2023-02-14T12:14:21.629+0000] {dag.py:2676} INFO - Sync 1 DAGs
[2023-02-14T12:14:21.667+0000] {logging_mixin.py:137} INFO - [2023-02-14T12:14:21.667+0000] {dag.py:3427} INFO - Setting next_dagrun for latest_only to 2023-02-14T08:14:21.666833+00:00, run_after=2023-02-14T12:14:21.666833+00:00
[2023-02-14T12:14:21.694+0000] {processor.py:175} INFO - Processing /home/airflow/.local/lib/python3.7/site-packages/airflow/example_dags/example_latest_only.py took 0.150 seconds
[2023-02-14T12:14:52.543+0000] {processor.py:153} INFO - Started process (PID=2250) to work on /home/airflow/.local/lib/python3.7/site-packages/airflow/example_dags/example_latest_only.py
[2023-02-14T12:14:52.551+0000] {processor.py:743} INFO - Processing file /home/airflow/.local/lib/python3.7/site-packages/airflow/example_dags/example_latest_only.py for tasks to queue
[2023-02-14T12:14:52.553+0000] {logging_mixin.py:137} INFO - [2023-02-14T12:14:52.553+0000] {dagbag.py:538} INFO - Filling up the DagBag from /home/airflow/.local/lib/python3.7/site-packages/airflow/example_dags/example_latest_only.py
[2023-02-14T12:14:52.572+0000] {processor.py:753} INFO - DAG(s) dict_keys(['latest_only']) retrieved from /home/airflow/.local/lib/python3.7/site-packages/airflow/example_dags/example_latest_only.py
[2023-02-14T12:14:52.619+0000] {logging_mixin.py:137} INFO - [2023-02-14T12:14:52.619+0000] {dag.py:2676} INFO - Sync 1 DAGs
[2023-02-14T12:14:52.651+0000] {logging_mixin.py:137} INFO - [2023-02-14T12:14:52.651+0000] {dag.py:3427} INFO - Setting next_dagrun for latest_only to 2023-02-14T08:14:52.651123+00:00, run_after=2023-02-14T12:14:52.651123+00:00
[2023-02-14T12:14:52.672+0000] {processor.py:175} INFO - Processing /home/airflow/.local/lib/python3.7/site-packages/airflow/example_dags/example_latest_only.py took 0.133 seconds
[2023-02-14T12:15:22.954+0000] {processor.py:153} INFO - Started process (PID=2337) to work on /home/airflow/.local/lib/python3.7/site-packages/airflow/example_dags/example_latest_only.py
[2023-02-14T12:15:22.956+0000] {processor.py:743} INFO - Processing file /home/airflow/.local/lib/python3.7/site-packages/airflow/example_dags/example_latest_only.py for tasks to queue
[2023-02-14T12:15:22.957+0000] {logging_mixin.py:137} INFO - [2023-02-14T12:15:22.957+0000] {dagbag.py:538} INFO - Filling up the DagBag from /home/airflow/.local/lib/python3.7/site-packages/airflow/example_dags/example_latest_only.py
[2023-02-14T12:15:22.976+0000] {processor.py:753} INFO - DAG(s) dict_keys(['latest_only']) retrieved from /home/airflow/.local/lib/python3.7/site-packages/airflow/example_dags/example_latest_only.py
[2023-02-14T12:15:23.019+0000] {logging_mixin.py:137} INFO - [2023-02-14T12:15:23.019+0000] {dag.py:2676} INFO - Sync 1 DAGs
[2023-02-14T12:15:23.047+0000] {logging_mixin.py:137} INFO - [2023-02-14T12:15:23.047+0000] {dag.py:3427} INFO - Setting next_dagrun for latest_only to 2023-02-14T08:15:23.046769+00:00, run_after=2023-02-14T12:15:23.046769+00:00
[2023-02-14T12:15:23.074+0000] {processor.py:175} INFO - Processing /home/airflow/.local/lib/python3.7/site-packages/airflow/example_dags/example_latest_only.py took 0.125 seconds
[2023-02-14T12:15:53.299+0000] {processor.py:153} INFO - Started process (PID=2408) to work on /home/airflow/.local/lib/python3.7/site-packages/airflow/example_dags/example_latest_only.py
[2023-02-14T12:15:53.302+0000] {processor.py:743} INFO - Processing file /home/airflow/.local/lib/python3.7/site-packages/airflow/example_dags/example_latest_only.py for tasks to queue
[2023-02-14T12:15:53.304+0000] {logging_mixin.py:137} INFO - [2023-02-14T12:15:53.304+0000] {dagbag.py:538} INFO - Filling up the DagBag from /home/airflow/.local/lib/python3.7/site-packages/airflow/example_dags/example_latest_only.py
[2023-02-14T12:15:53.332+0000] {processor.py:753} INFO - DAG(s) dict_keys(['latest_only']) retrieved from /home/airflow/.local/lib/python3.7/site-packages/airflow/example_dags/example_latest_only.py
[2023-02-14T12:15:53.409+0000] {logging_mixin.py:137} INFO - [2023-02-14T12:15:53.409+0000] {dag.py:2676} INFO - Sync 1 DAGs
[2023-02-14T12:15:53.460+0000] {logging_mixin.py:137} INFO - [2023-02-14T12:15:53.459+0000] {dag.py:3427} INFO - Setting next_dagrun for latest_only to 2023-02-14T08:15:53.459411+00:00, run_after=2023-02-14T12:15:53.459411+00:00
[2023-02-14T12:15:53.493+0000] {processor.py:175} INFO - Processing /home/airflow/.local/lib/python3.7/site-packages/airflow/example_dags/example_latest_only.py took 0.202 seconds
[2023-02-14T12:16:26.088+0000] {processor.py:153} INFO - Started process (PID=2495) to work on /home/airflow/.local/lib/python3.7/site-packages/airflow/example_dags/example_latest_only.py
[2023-02-14T12:16:26.094+0000] {processor.py:743} INFO - Processing file /home/airflow/.local/lib/python3.7/site-packages/airflow/example_dags/example_latest_only.py for tasks to queue
[2023-02-14T12:16:26.098+0000] {logging_mixin.py:137} INFO - [2023-02-14T12:16:26.098+0000] {dagbag.py:538} INFO - Filling up the DagBag from /home/airflow/.local/lib/python3.7/site-packages/airflow/example_dags/example_latest_only.py
[2023-02-14T12:16:26.137+0000] {processor.py:753} INFO - DAG(s) dict_keys(['latest_only']) retrieved from /home/airflow/.local/lib/python3.7/site-packages/airflow/example_dags/example_latest_only.py
[2023-02-14T12:16:26.244+0000] {logging_mixin.py:137} INFO - [2023-02-14T12:16:26.243+0000] {dag.py:2676} INFO - Sync 1 DAGs
[2023-02-14T12:16:26.337+0000] {logging_mixin.py:137} INFO - [2023-02-14T12:16:26.337+0000] {dag.py:3427} INFO - Setting next_dagrun for latest_only to 2023-02-14T08:16:26.326473+00:00, run_after=2023-02-14T12:16:26.326473+00:00
[2023-02-14T12:16:26.407+0000] {processor.py:175} INFO - Processing /home/airflow/.local/lib/python3.7/site-packages/airflow/example_dags/example_latest_only.py took 0.337 seconds
[2023-02-14T12:16:56.563+0000] {processor.py:153} INFO - Started process (PID=2566) to work on /home/airflow/.local/lib/python3.7/site-packages/airflow/example_dags/example_latest_only.py
[2023-02-14T12:16:56.566+0000] {processor.py:743} INFO - Processing file /home/airflow/.local/lib/python3.7/site-packages/airflow/example_dags/example_latest_only.py for tasks to queue
[2023-02-14T12:16:56.568+0000] {logging_mixin.py:137} INFO - [2023-02-14T12:16:56.568+0000] {dagbag.py:538} INFO - Filling up the DagBag from /home/airflow/.local/lib/python3.7/site-packages/airflow/example_dags/example_latest_only.py
[2023-02-14T12:16:56.590+0000] {processor.py:753} INFO - DAG(s) dict_keys(['latest_only']) retrieved from /home/airflow/.local/lib/python3.7/site-packages/airflow/example_dags/example_latest_only.py
[2023-02-14T12:16:56.639+0000] {logging_mixin.py:137} INFO - [2023-02-14T12:16:56.639+0000] {dag.py:2676} INFO - Sync 1 DAGs
[2023-02-14T12:16:56.669+0000] {logging_mixin.py:137} INFO - [2023-02-14T12:16:56.669+0000] {dag.py:3427} INFO - Setting next_dagrun for latest_only to 2023-02-14T08:16:56.669555+00:00, run_after=2023-02-14T12:16:56.669555+00:00
[2023-02-14T12:16:56.693+0000] {processor.py:175} INFO - Processing /home/airflow/.local/lib/python3.7/site-packages/airflow/example_dags/example_latest_only.py took 0.135 seconds
[2023-02-14T12:17:27.274+0000] {processor.py:153} INFO - Started process (PID=2653) to work on /home/airflow/.local/lib/python3.7/site-packages/airflow/example_dags/example_latest_only.py
[2023-02-14T12:17:27.276+0000] {processor.py:743} INFO - Processing file /home/airflow/.local/lib/python3.7/site-packages/airflow/example_dags/example_latest_only.py for tasks to queue
[2023-02-14T12:17:27.278+0000] {logging_mixin.py:137} INFO - [2023-02-14T12:17:27.278+0000] {dagbag.py:538} INFO - Filling up the DagBag from /home/airflow/.local/lib/python3.7/site-packages/airflow/example_dags/example_latest_only.py
[2023-02-14T12:17:27.299+0000] {processor.py:753} INFO - DAG(s) dict_keys(['latest_only']) retrieved from /home/airflow/.local/lib/python3.7/site-packages/airflow/example_dags/example_latest_only.py
[2023-02-14T12:17:27.353+0000] {logging_mixin.py:137} INFO - [2023-02-14T12:17:27.353+0000] {dag.py:2676} INFO - Sync 1 DAGs
[2023-02-14T12:17:27.392+0000] {logging_mixin.py:137} INFO - [2023-02-14T12:17:27.392+0000] {dag.py:3427} INFO - Setting next_dagrun for latest_only to 2023-02-14T08:17:27.391972+00:00, run_after=2023-02-14T12:17:27.391972+00:00
[2023-02-14T12:17:27.421+0000] {processor.py:175} INFO - Processing /home/airflow/.local/lib/python3.7/site-packages/airflow/example_dags/example_latest_only.py took 0.152 seconds
[2023-02-14T12:17:57.941+0000] {processor.py:153} INFO - Started process (PID=2724) to work on /home/airflow/.local/lib/python3.7/site-packages/airflow/example_dags/example_latest_only.py
[2023-02-14T12:17:57.944+0000] {processor.py:743} INFO - Processing file /home/airflow/.local/lib/python3.7/site-packages/airflow/example_dags/example_latest_only.py for tasks to queue
[2023-02-14T12:17:57.946+0000] {logging_mixin.py:137} INFO - [2023-02-14T12:17:57.946+0000] {dagbag.py:538} INFO - Filling up the DagBag from /home/airflow/.local/lib/python3.7/site-packages/airflow/example_dags/example_latest_only.py
[2023-02-14T12:17:57.969+0000] {processor.py:753} INFO - DAG(s) dict_keys(['latest_only']) retrieved from /home/airflow/.local/lib/python3.7/site-packages/airflow/example_dags/example_latest_only.py
[2023-02-14T12:17:58.025+0000] {logging_mixin.py:137} INFO - [2023-02-14T12:17:58.025+0000] {dag.py:2676} INFO - Sync 1 DAGs
[2023-02-14T12:17:58.063+0000] {logging_mixin.py:137} INFO - [2023-02-14T12:17:58.062+0000] {dag.py:3427} INFO - Setting next_dagrun for latest_only to 2023-02-14T08:17:58.062516+00:00, run_after=2023-02-14T12:17:58.062516+00:00
[2023-02-14T12:17:58.096+0000] {processor.py:175} INFO - Processing /home/airflow/.local/lib/python3.7/site-packages/airflow/example_dags/example_latest_only.py took 0.162 seconds
