[2023-02-14T12:00:36.220+0000] {processor.py:153} INFO - Started process (PID=86) to work on /home/airflow/.local/lib/python3.7/site-packages/airflow/example_dags/example_datasets.py
[2023-02-14T12:00:36.223+0000] {processor.py:743} INFO - Processing file /home/airflow/.local/lib/python3.7/site-packages/airflow/example_dags/example_datasets.py for tasks to queue
[2023-02-14T12:00:36.224+0000] {logging_mixin.py:137} INFO - [2023-02-14T12:00:36.224+0000] {dagbag.py:538} INFO - Filling up the DagBag from /home/airflow/.local/lib/python3.7/site-packages/airflow/example_dags/example_datasets.py
[2023-02-14T12:00:36.248+0000] {processor.py:753} INFO - DAG(s) dict_keys(['dataset_consumes_1_never_scheduled', 'dataset_produces_2', 'dataset_consumes_1', 'dataset_consumes_unknown_never_scheduled', 'dataset_consumes_1_and_2', 'dataset_produces_1']) retrieved from /home/airflow/.local/lib/python3.7/site-packages/airflow/example_dags/example_datasets.py
[2023-02-14T12:00:36.401+0000] {logging_mixin.py:137} INFO - [2023-02-14T12:00:36.401+0000] {dag.py:2676} INFO - Sync 6 DAGs
[2023-02-14T12:00:36.444+0000] {logging_mixin.py:137} INFO - [2023-02-14T12:00:36.444+0000] {dag.py:3427} INFO - Setting next_dagrun for dataset_consumes_1 to None, run_after=None
[2023-02-14T12:00:36.451+0000] {logging_mixin.py:137} INFO - [2023-02-14T12:00:36.451+0000] {dag.py:3427} INFO - Setting next_dagrun for dataset_consumes_1_and_2 to None, run_after=None
[2023-02-14T12:00:36.454+0000] {logging_mixin.py:137} INFO - [2023-02-14T12:00:36.454+0000] {dag.py:3427} INFO - Setting next_dagrun for dataset_consumes_1_never_scheduled to None, run_after=None
[2023-02-14T12:00:36.457+0000] {logging_mixin.py:137} INFO - [2023-02-14T12:00:36.457+0000] {dag.py:3427} INFO - Setting next_dagrun for dataset_consumes_unknown_never_scheduled to None, run_after=None
[2023-02-14T12:00:36.463+0000] {logging_mixin.py:137} INFO - [2023-02-14T12:00:36.463+0000] {dag.py:3427} INFO - Setting next_dagrun for dataset_produces_1 to 2023-02-13T00:00:00+00:00, run_after=2023-02-14T00:00:00+00:00
[2023-02-14T12:00:36.467+0000] {logging_mixin.py:137} INFO - [2023-02-14T12:00:36.467+0000] {dag.py:3427} INFO - Setting next_dagrun for dataset_produces_2 to None, run_after=None
[2023-02-14T12:00:36.535+0000] {processor.py:175} INFO - Processing /home/airflow/.local/lib/python3.7/site-packages/airflow/example_dags/example_datasets.py took 0.320 seconds
[2023-02-14T12:01:06.918+0000] {processor.py:153} INFO - Started process (PID=157) to work on /home/airflow/.local/lib/python3.7/site-packages/airflow/example_dags/example_datasets.py
[2023-02-14T12:01:06.921+0000] {processor.py:743} INFO - Processing file /home/airflow/.local/lib/python3.7/site-packages/airflow/example_dags/example_datasets.py for tasks to queue
[2023-02-14T12:01:06.923+0000] {logging_mixin.py:137} INFO - [2023-02-14T12:01:06.923+0000] {dagbag.py:538} INFO - Filling up the DagBag from /home/airflow/.local/lib/python3.7/site-packages/airflow/example_dags/example_datasets.py
[2023-02-14T12:01:06.947+0000] {processor.py:753} INFO - DAG(s) dict_keys(['dataset_consumes_1_and_2', 'dataset_consumes_1', 'dataset_produces_1', 'dataset_produces_2', 'dataset_consumes_unknown_never_scheduled', 'dataset_consumes_1_never_scheduled']) retrieved from /home/airflow/.local/lib/python3.7/site-packages/airflow/example_dags/example_datasets.py
[2023-02-14T12:01:07.018+0000] {logging_mixin.py:137} INFO - [2023-02-14T12:01:07.018+0000] {dag.py:2676} INFO - Sync 6 DAGs
[2023-02-14T12:01:07.052+0000] {logging_mixin.py:137} INFO - [2023-02-14T12:01:07.052+0000] {dag.py:3427} INFO - Setting next_dagrun for dataset_consumes_1 to None, run_after=None
[2023-02-14T12:01:07.058+0000] {logging_mixin.py:137} INFO - [2023-02-14T12:01:07.057+0000] {dag.py:3427} INFO - Setting next_dagrun for dataset_consumes_1_and_2 to None, run_after=None
[2023-02-14T12:01:07.060+0000] {logging_mixin.py:137} INFO - [2023-02-14T12:01:07.060+0000] {dag.py:3427} INFO - Setting next_dagrun for dataset_consumes_1_never_scheduled to None, run_after=None
[2023-02-14T12:01:07.063+0000] {logging_mixin.py:137} INFO - [2023-02-14T12:01:07.063+0000] {dag.py:3427} INFO - Setting next_dagrun for dataset_consumes_unknown_never_scheduled to None, run_after=None
[2023-02-14T12:01:07.069+0000] {logging_mixin.py:137} INFO - [2023-02-14T12:01:07.069+0000] {dag.py:3427} INFO - Setting next_dagrun for dataset_produces_1 to 2023-02-13T00:00:00+00:00, run_after=2023-02-14T00:00:00+00:00
[2023-02-14T12:01:07.073+0000] {logging_mixin.py:137} INFO - [2023-02-14T12:01:07.073+0000] {dag.py:3427} INFO - Setting next_dagrun for dataset_produces_2 to None, run_after=None
[2023-02-14T12:01:07.119+0000] {processor.py:175} INFO - Processing /home/airflow/.local/lib/python3.7/site-packages/airflow/example_dags/example_datasets.py took 0.206 seconds
[2023-02-14T12:01:37.226+0000] {processor.py:153} INFO - Started process (PID=237) to work on /home/airflow/.local/lib/python3.7/site-packages/airflow/example_dags/example_datasets.py
[2023-02-14T12:01:37.230+0000] {processor.py:743} INFO - Processing file /home/airflow/.local/lib/python3.7/site-packages/airflow/example_dags/example_datasets.py for tasks to queue
[2023-02-14T12:01:37.241+0000] {logging_mixin.py:137} INFO - [2023-02-14T12:01:37.241+0000] {dagbag.py:538} INFO - Filling up the DagBag from /home/airflow/.local/lib/python3.7/site-packages/airflow/example_dags/example_datasets.py
[2023-02-14T12:01:37.275+0000] {processor.py:753} INFO - DAG(s) dict_keys(['dataset_consumes_1_never_scheduled', 'dataset_consumes_1_and_2', 'dataset_produces_1', 'dataset_consumes_1', 'dataset_consumes_unknown_never_scheduled', 'dataset_produces_2']) retrieved from /home/airflow/.local/lib/python3.7/site-packages/airflow/example_dags/example_datasets.py
[2023-02-14T12:01:37.367+0000] {logging_mixin.py:137} INFO - [2023-02-14T12:01:37.367+0000] {dag.py:2676} INFO - Sync 6 DAGs
[2023-02-14T12:01:37.415+0000] {logging_mixin.py:137} INFO - [2023-02-14T12:01:37.415+0000] {dag.py:3427} INFO - Setting next_dagrun for dataset_consumes_1 to None, run_after=None
[2023-02-14T12:01:37.423+0000] {logging_mixin.py:137} INFO - [2023-02-14T12:01:37.423+0000] {dag.py:3427} INFO - Setting next_dagrun for dataset_consumes_1_and_2 to None, run_after=None
[2023-02-14T12:01:37.427+0000] {logging_mixin.py:137} INFO - [2023-02-14T12:01:37.426+0000] {dag.py:3427} INFO - Setting next_dagrun for dataset_consumes_1_never_scheduled to None, run_after=None
[2023-02-14T12:01:37.431+0000] {logging_mixin.py:137} INFO - [2023-02-14T12:01:37.430+0000] {dag.py:3427} INFO - Setting next_dagrun for dataset_consumes_unknown_never_scheduled to None, run_after=None
[2023-02-14T12:01:37.439+0000] {logging_mixin.py:137} INFO - [2023-02-14T12:01:37.439+0000] {dag.py:3427} INFO - Setting next_dagrun for dataset_produces_1 to 2023-02-13T00:00:00+00:00, run_after=2023-02-14T00:00:00+00:00
[2023-02-14T12:01:37.444+0000] {logging_mixin.py:137} INFO - [2023-02-14T12:01:37.444+0000] {dag.py:3427} INFO - Setting next_dagrun for dataset_produces_2 to None, run_after=None
[2023-02-14T12:01:37.502+0000] {processor.py:175} INFO - Processing /home/airflow/.local/lib/python3.7/site-packages/airflow/example_dags/example_datasets.py took 0.281 seconds
[2023-02-14T12:02:08.521+0000] {processor.py:153} INFO - Started process (PID=315) to work on /home/airflow/.local/lib/python3.7/site-packages/airflow/example_dags/example_datasets.py
[2023-02-14T12:02:08.523+0000] {processor.py:743} INFO - Processing file /home/airflow/.local/lib/python3.7/site-packages/airflow/example_dags/example_datasets.py for tasks to queue
[2023-02-14T12:02:08.525+0000] {logging_mixin.py:137} INFO - [2023-02-14T12:02:08.525+0000] {dagbag.py:538} INFO - Filling up the DagBag from /home/airflow/.local/lib/python3.7/site-packages/airflow/example_dags/example_datasets.py
[2023-02-14T12:02:08.546+0000] {processor.py:753} INFO - DAG(s) dict_keys(['dataset_consumes_1', 'dataset_consumes_1_and_2', 'dataset_produces_1', 'dataset_consumes_1_never_scheduled', 'dataset_produces_2', 'dataset_consumes_unknown_never_scheduled']) retrieved from /home/airflow/.local/lib/python3.7/site-packages/airflow/example_dags/example_datasets.py
[2023-02-14T12:02:08.605+0000] {logging_mixin.py:137} INFO - [2023-02-14T12:02:08.605+0000] {dag.py:2676} INFO - Sync 6 DAGs
[2023-02-14T12:02:08.636+0000] {logging_mixin.py:137} INFO - [2023-02-14T12:02:08.636+0000] {dag.py:3427} INFO - Setting next_dagrun for dataset_consumes_1 to None, run_after=None
[2023-02-14T12:02:08.641+0000] {logging_mixin.py:137} INFO - [2023-02-14T12:02:08.641+0000] {dag.py:3427} INFO - Setting next_dagrun for dataset_consumes_1_and_2 to None, run_after=None
[2023-02-14T12:02:08.644+0000] {logging_mixin.py:137} INFO - [2023-02-14T12:02:08.644+0000] {dag.py:3427} INFO - Setting next_dagrun for dataset_consumes_1_never_scheduled to None, run_after=None
[2023-02-14T12:02:08.646+0000] {logging_mixin.py:137} INFO - [2023-02-14T12:02:08.646+0000] {dag.py:3427} INFO - Setting next_dagrun for dataset_consumes_unknown_never_scheduled to None, run_after=None
[2023-02-14T12:02:08.650+0000] {logging_mixin.py:137} INFO - [2023-02-14T12:02:08.650+0000] {dag.py:3427} INFO - Setting next_dagrun for dataset_produces_1 to 2023-02-13T00:00:00+00:00, run_after=2023-02-14T00:00:00+00:00
[2023-02-14T12:02:08.653+0000] {logging_mixin.py:137} INFO - [2023-02-14T12:02:08.653+0000] {dag.py:3427} INFO - Setting next_dagrun for dataset_produces_2 to None, run_after=None
[2023-02-14T12:02:08.690+0000] {processor.py:175} INFO - Processing /home/airflow/.local/lib/python3.7/site-packages/airflow/example_dags/example_datasets.py took 0.175 seconds
[2023-02-14T12:02:39.648+0000] {processor.py:153} INFO - Started process (PID=386) to work on /home/airflow/.local/lib/python3.7/site-packages/airflow/example_dags/example_datasets.py
[2023-02-14T12:02:39.651+0000] {processor.py:743} INFO - Processing file /home/airflow/.local/lib/python3.7/site-packages/airflow/example_dags/example_datasets.py for tasks to queue
[2023-02-14T12:02:39.653+0000] {logging_mixin.py:137} INFO - [2023-02-14T12:02:39.653+0000] {dagbag.py:538} INFO - Filling up the DagBag from /home/airflow/.local/lib/python3.7/site-packages/airflow/example_dags/example_datasets.py
[2023-02-14T12:02:39.681+0000] {processor.py:753} INFO - DAG(s) dict_keys(['dataset_produces_1', 'dataset_consumes_1', 'dataset_consumes_1_never_scheduled', 'dataset_consumes_unknown_never_scheduled', 'dataset_produces_2', 'dataset_consumes_1_and_2']) retrieved from /home/airflow/.local/lib/python3.7/site-packages/airflow/example_dags/example_datasets.py
[2023-02-14T12:02:39.777+0000] {logging_mixin.py:137} INFO - [2023-02-14T12:02:39.777+0000] {dag.py:2676} INFO - Sync 6 DAGs
[2023-02-14T12:02:39.821+0000] {logging_mixin.py:137} INFO - [2023-02-14T12:02:39.821+0000] {dag.py:3427} INFO - Setting next_dagrun for dataset_consumes_1 to None, run_after=None
[2023-02-14T12:02:39.827+0000] {logging_mixin.py:137} INFO - [2023-02-14T12:02:39.827+0000] {dag.py:3427} INFO - Setting next_dagrun for dataset_consumes_1_and_2 to None, run_after=None
[2023-02-14T12:02:39.830+0000] {logging_mixin.py:137} INFO - [2023-02-14T12:02:39.830+0000] {dag.py:3427} INFO - Setting next_dagrun for dataset_consumes_1_never_scheduled to None, run_after=None
[2023-02-14T12:02:39.833+0000] {logging_mixin.py:137} INFO - [2023-02-14T12:02:39.833+0000] {dag.py:3427} INFO - Setting next_dagrun for dataset_consumes_unknown_never_scheduled to None, run_after=None
[2023-02-14T12:02:39.838+0000] {logging_mixin.py:137} INFO - [2023-02-14T12:02:39.838+0000] {dag.py:3427} INFO - Setting next_dagrun for dataset_produces_1 to 2023-02-13T00:00:00+00:00, run_after=2023-02-14T00:00:00+00:00
[2023-02-14T12:02:39.840+0000] {logging_mixin.py:137} INFO - [2023-02-14T12:02:39.840+0000] {dag.py:3427} INFO - Setting next_dagrun for dataset_produces_2 to None, run_after=None
[2023-02-14T12:02:39.880+0000] {processor.py:175} INFO - Processing /home/airflow/.local/lib/python3.7/site-packages/airflow/example_dags/example_datasets.py took 0.238 seconds
[2023-02-14T12:03:10.378+0000] {processor.py:153} INFO - Started process (PID=473) to work on /home/airflow/.local/lib/python3.7/site-packages/airflow/example_dags/example_datasets.py
[2023-02-14T12:03:10.381+0000] {processor.py:743} INFO - Processing file /home/airflow/.local/lib/python3.7/site-packages/airflow/example_dags/example_datasets.py for tasks to queue
[2023-02-14T12:03:10.383+0000] {logging_mixin.py:137} INFO - [2023-02-14T12:03:10.383+0000] {dagbag.py:538} INFO - Filling up the DagBag from /home/airflow/.local/lib/python3.7/site-packages/airflow/example_dags/example_datasets.py
[2023-02-14T12:03:10.403+0000] {processor.py:753} INFO - DAG(s) dict_keys(['dataset_produces_2', 'dataset_consumes_unknown_never_scheduled', 'dataset_produces_1', 'dataset_consumes_1_never_scheduled', 'dataset_consumes_1', 'dataset_consumes_1_and_2']) retrieved from /home/airflow/.local/lib/python3.7/site-packages/airflow/example_dags/example_datasets.py
[2023-02-14T12:03:10.476+0000] {logging_mixin.py:137} INFO - [2023-02-14T12:03:10.476+0000] {dag.py:2676} INFO - Sync 6 DAGs
[2023-02-14T12:03:10.506+0000] {logging_mixin.py:137} INFO - [2023-02-14T12:03:10.506+0000] {dag.py:3427} INFO - Setting next_dagrun for dataset_consumes_1 to None, run_after=None
[2023-02-14T12:03:10.511+0000] {logging_mixin.py:137} INFO - [2023-02-14T12:03:10.511+0000] {dag.py:3427} INFO - Setting next_dagrun for dataset_consumes_1_and_2 to None, run_after=None
[2023-02-14T12:03:10.513+0000] {logging_mixin.py:137} INFO - [2023-02-14T12:03:10.513+0000] {dag.py:3427} INFO - Setting next_dagrun for dataset_consumes_1_never_scheduled to None, run_after=None
[2023-02-14T12:03:10.515+0000] {logging_mixin.py:137} INFO - [2023-02-14T12:03:10.515+0000] {dag.py:3427} INFO - Setting next_dagrun for dataset_consumes_unknown_never_scheduled to None, run_after=None
[2023-02-14T12:03:10.519+0000] {logging_mixin.py:137} INFO - [2023-02-14T12:03:10.519+0000] {dag.py:3427} INFO - Setting next_dagrun for dataset_produces_1 to 2023-02-13T00:00:00+00:00, run_after=2023-02-14T00:00:00+00:00
[2023-02-14T12:03:10.521+0000] {logging_mixin.py:137} INFO - [2023-02-14T12:03:10.521+0000] {dag.py:3427} INFO - Setting next_dagrun for dataset_produces_2 to None, run_after=None
[2023-02-14T12:03:10.557+0000] {processor.py:175} INFO - Processing /home/airflow/.local/lib/python3.7/site-packages/airflow/example_dags/example_datasets.py took 0.184 seconds
[2023-02-14T12:03:40.979+0000] {processor.py:153} INFO - Started process (PID=544) to work on /home/airflow/.local/lib/python3.7/site-packages/airflow/example_dags/example_datasets.py
[2023-02-14T12:03:40.981+0000] {processor.py:743} INFO - Processing file /home/airflow/.local/lib/python3.7/site-packages/airflow/example_dags/example_datasets.py for tasks to queue
[2023-02-14T12:03:40.982+0000] {logging_mixin.py:137} INFO - [2023-02-14T12:03:40.982+0000] {dagbag.py:538} INFO - Filling up the DagBag from /home/airflow/.local/lib/python3.7/site-packages/airflow/example_dags/example_datasets.py
[2023-02-14T12:03:41.002+0000] {processor.py:753} INFO - DAG(s) dict_keys(['dataset_consumes_1', 'dataset_produces_2', 'dataset_consumes_unknown_never_scheduled', 'dataset_consumes_1_never_scheduled', 'dataset_produces_1', 'dataset_consumes_1_and_2']) retrieved from /home/airflow/.local/lib/python3.7/site-packages/airflow/example_dags/example_datasets.py
[2023-02-14T12:03:41.061+0000] {logging_mixin.py:137} INFO - [2023-02-14T12:03:41.061+0000] {dag.py:2676} INFO - Sync 6 DAGs
[2023-02-14T12:03:41.091+0000] {logging_mixin.py:137} INFO - [2023-02-14T12:03:41.090+0000] {dag.py:3427} INFO - Setting next_dagrun for dataset_consumes_1 to None, run_after=None
[2023-02-14T12:03:41.095+0000] {logging_mixin.py:137} INFO - [2023-02-14T12:03:41.095+0000] {dag.py:3427} INFO - Setting next_dagrun for dataset_consumes_1_and_2 to None, run_after=None
[2023-02-14T12:03:41.097+0000] {logging_mixin.py:137} INFO - [2023-02-14T12:03:41.097+0000] {dag.py:3427} INFO - Setting next_dagrun for dataset_consumes_1_never_scheduled to None, run_after=None
[2023-02-14T12:03:41.099+0000] {logging_mixin.py:137} INFO - [2023-02-14T12:03:41.099+0000] {dag.py:3427} INFO - Setting next_dagrun for dataset_consumes_unknown_never_scheduled to None, run_after=None
[2023-02-14T12:03:41.102+0000] {logging_mixin.py:137} INFO - [2023-02-14T12:03:41.102+0000] {dag.py:3427} INFO - Setting next_dagrun for dataset_produces_1 to 2023-02-13T00:00:00+00:00, run_after=2023-02-14T00:00:00+00:00
[2023-02-14T12:03:41.105+0000] {logging_mixin.py:137} INFO - [2023-02-14T12:03:41.105+0000] {dag.py:3427} INFO - Setting next_dagrun for dataset_produces_2 to None, run_after=None
[2023-02-14T12:03:41.148+0000] {processor.py:175} INFO - Processing /home/airflow/.local/lib/python3.7/site-packages/airflow/example_dags/example_datasets.py took 0.173 seconds
[2023-02-14T12:04:11.543+0000] {processor.py:153} INFO - Started process (PID=631) to work on /home/airflow/.local/lib/python3.7/site-packages/airflow/example_dags/example_datasets.py
[2023-02-14T12:04:11.546+0000] {processor.py:743} INFO - Processing file /home/airflow/.local/lib/python3.7/site-packages/airflow/example_dags/example_datasets.py for tasks to queue
[2023-02-14T12:04:11.547+0000] {logging_mixin.py:137} INFO - [2023-02-14T12:04:11.547+0000] {dagbag.py:538} INFO - Filling up the DagBag from /home/airflow/.local/lib/python3.7/site-packages/airflow/example_dags/example_datasets.py
[2023-02-14T12:04:11.568+0000] {processor.py:753} INFO - DAG(s) dict_keys(['dataset_consumes_unknown_never_scheduled', 'dataset_produces_2', 'dataset_produces_1', 'dataset_consumes_1', 'dataset_consumes_1_never_scheduled', 'dataset_consumes_1_and_2']) retrieved from /home/airflow/.local/lib/python3.7/site-packages/airflow/example_dags/example_datasets.py
[2023-02-14T12:04:11.628+0000] {logging_mixin.py:137} INFO - [2023-02-14T12:04:11.628+0000] {dag.py:2676} INFO - Sync 6 DAGs
[2023-02-14T12:04:11.659+0000] {logging_mixin.py:137} INFO - [2023-02-14T12:04:11.659+0000] {dag.py:3427} INFO - Setting next_dagrun for dataset_consumes_1 to None, run_after=None
[2023-02-14T12:04:11.664+0000] {logging_mixin.py:137} INFO - [2023-02-14T12:04:11.664+0000] {dag.py:3427} INFO - Setting next_dagrun for dataset_consumes_1_and_2 to None, run_after=None
[2023-02-14T12:04:11.666+0000] {logging_mixin.py:137} INFO - [2023-02-14T12:04:11.666+0000] {dag.py:3427} INFO - Setting next_dagrun for dataset_consumes_1_never_scheduled to None, run_after=None
[2023-02-14T12:04:11.668+0000] {logging_mixin.py:137} INFO - [2023-02-14T12:04:11.668+0000] {dag.py:3427} INFO - Setting next_dagrun for dataset_consumes_unknown_never_scheduled to None, run_after=None
[2023-02-14T12:04:11.672+0000] {logging_mixin.py:137} INFO - [2023-02-14T12:04:11.671+0000] {dag.py:3427} INFO - Setting next_dagrun for dataset_produces_1 to 2023-02-13T00:00:00+00:00, run_after=2023-02-14T00:00:00+00:00
[2023-02-14T12:04:11.673+0000] {logging_mixin.py:137} INFO - [2023-02-14T12:04:11.673+0000] {dag.py:3427} INFO - Setting next_dagrun for dataset_produces_2 to None, run_after=None
[2023-02-14T12:04:11.720+0000] {processor.py:175} INFO - Processing /home/airflow/.local/lib/python3.7/site-packages/airflow/example_dags/example_datasets.py took 0.181 seconds
[2023-02-14T12:04:42.542+0000] {processor.py:153} INFO - Started process (PID=702) to work on /home/airflow/.local/lib/python3.7/site-packages/airflow/example_dags/example_datasets.py
[2023-02-14T12:04:42.545+0000] {processor.py:743} INFO - Processing file /home/airflow/.local/lib/python3.7/site-packages/airflow/example_dags/example_datasets.py for tasks to queue
[2023-02-14T12:04:42.547+0000] {logging_mixin.py:137} INFO - [2023-02-14T12:04:42.546+0000] {dagbag.py:538} INFO - Filling up the DagBag from /home/airflow/.local/lib/python3.7/site-packages/airflow/example_dags/example_datasets.py
[2023-02-14T12:04:42.568+0000] {processor.py:753} INFO - DAG(s) dict_keys(['dataset_consumes_1_and_2', 'dataset_produces_1', 'dataset_consumes_1_never_scheduled', 'dataset_produces_2', 'dataset_consumes_1', 'dataset_consumes_unknown_never_scheduled']) retrieved from /home/airflow/.local/lib/python3.7/site-packages/airflow/example_dags/example_datasets.py
[2023-02-14T12:04:42.635+0000] {logging_mixin.py:137} INFO - [2023-02-14T12:04:42.635+0000] {dag.py:2676} INFO - Sync 6 DAGs
[2023-02-14T12:04:42.668+0000] {logging_mixin.py:137} INFO - [2023-02-14T12:04:42.668+0000] {dag.py:3427} INFO - Setting next_dagrun for dataset_consumes_1 to None, run_after=None
[2023-02-14T12:04:42.674+0000] {logging_mixin.py:137} INFO - [2023-02-14T12:04:42.674+0000] {dag.py:3427} INFO - Setting next_dagrun for dataset_consumes_1_and_2 to None, run_after=None
[2023-02-14T12:04:42.676+0000] {logging_mixin.py:137} INFO - [2023-02-14T12:04:42.676+0000] {dag.py:3427} INFO - Setting next_dagrun for dataset_consumes_1_never_scheduled to None, run_after=None
[2023-02-14T12:04:42.678+0000] {logging_mixin.py:137} INFO - [2023-02-14T12:04:42.678+0000] {dag.py:3427} INFO - Setting next_dagrun for dataset_consumes_unknown_never_scheduled to None, run_after=None
[2023-02-14T12:04:42.681+0000] {logging_mixin.py:137} INFO - [2023-02-14T12:04:42.681+0000] {dag.py:3427} INFO - Setting next_dagrun for dataset_produces_1 to 2023-02-13T00:00:00+00:00, run_after=2023-02-14T00:00:00+00:00
[2023-02-14T12:04:42.684+0000] {logging_mixin.py:137} INFO - [2023-02-14T12:04:42.683+0000] {dag.py:3427} INFO - Setting next_dagrun for dataset_produces_2 to None, run_after=None
[2023-02-14T12:04:42.727+0000] {processor.py:175} INFO - Processing /home/airflow/.local/lib/python3.7/site-packages/airflow/example_dags/example_datasets.py took 0.190 seconds
[2023-02-14T12:05:13.444+0000] {processor.py:153} INFO - Started process (PID=789) to work on /home/airflow/.local/lib/python3.7/site-packages/airflow/example_dags/example_datasets.py
[2023-02-14T12:05:13.447+0000] {processor.py:743} INFO - Processing file /home/airflow/.local/lib/python3.7/site-packages/airflow/example_dags/example_datasets.py for tasks to queue
[2023-02-14T12:05:13.449+0000] {logging_mixin.py:137} INFO - [2023-02-14T12:05:13.449+0000] {dagbag.py:538} INFO - Filling up the DagBag from /home/airflow/.local/lib/python3.7/site-packages/airflow/example_dags/example_datasets.py
[2023-02-14T12:05:13.475+0000] {processor.py:753} INFO - DAG(s) dict_keys(['dataset_consumes_1_never_scheduled', 'dataset_consumes_1', 'dataset_consumes_1_and_2', 'dataset_produces_2', 'dataset_consumes_unknown_never_scheduled', 'dataset_produces_1']) retrieved from /home/airflow/.local/lib/python3.7/site-packages/airflow/example_dags/example_datasets.py
[2023-02-14T12:05:13.554+0000] {logging_mixin.py:137} INFO - [2023-02-14T12:05:13.554+0000] {dag.py:2676} INFO - Sync 6 DAGs
[2023-02-14T12:05:13.592+0000] {logging_mixin.py:137} INFO - [2023-02-14T12:05:13.592+0000] {dag.py:3427} INFO - Setting next_dagrun for dataset_consumes_1 to None, run_after=None
[2023-02-14T12:05:13.597+0000] {logging_mixin.py:137} INFO - [2023-02-14T12:05:13.597+0000] {dag.py:3427} INFO - Setting next_dagrun for dataset_consumes_1_and_2 to None, run_after=None
[2023-02-14T12:05:13.601+0000] {logging_mixin.py:137} INFO - [2023-02-14T12:05:13.600+0000] {dag.py:3427} INFO - Setting next_dagrun for dataset_consumes_1_never_scheduled to None, run_after=None
[2023-02-14T12:05:13.603+0000] {logging_mixin.py:137} INFO - [2023-02-14T12:05:13.603+0000] {dag.py:3427} INFO - Setting next_dagrun for dataset_consumes_unknown_never_scheduled to None, run_after=None
[2023-02-14T12:05:13.607+0000] {logging_mixin.py:137} INFO - [2023-02-14T12:05:13.607+0000] {dag.py:3427} INFO - Setting next_dagrun for dataset_produces_1 to 2023-02-13T00:00:00+00:00, run_after=2023-02-14T00:00:00+00:00
[2023-02-14T12:05:13.610+0000] {logging_mixin.py:137} INFO - [2023-02-14T12:05:13.609+0000] {dag.py:3427} INFO - Setting next_dagrun for dataset_produces_2 to None, run_after=None
[2023-02-14T12:05:13.650+0000] {processor.py:175} INFO - Processing /home/airflow/.local/lib/python3.7/site-packages/airflow/example_dags/example_datasets.py took 0.211 seconds
[2023-02-14T12:05:43.785+0000] {processor.py:153} INFO - Started process (PID=860) to work on /home/airflow/.local/lib/python3.7/site-packages/airflow/example_dags/example_datasets.py
[2023-02-14T12:05:43.788+0000] {processor.py:743} INFO - Processing file /home/airflow/.local/lib/python3.7/site-packages/airflow/example_dags/example_datasets.py for tasks to queue
[2023-02-14T12:05:43.792+0000] {logging_mixin.py:137} INFO - [2023-02-14T12:05:43.792+0000] {dagbag.py:538} INFO - Filling up the DagBag from /home/airflow/.local/lib/python3.7/site-packages/airflow/example_dags/example_datasets.py
[2023-02-14T12:05:43.822+0000] {processor.py:753} INFO - DAG(s) dict_keys(['dataset_consumes_1', 'dataset_consumes_1_and_2', 'dataset_consumes_unknown_never_scheduled', 'dataset_produces_2', 'dataset_consumes_1_never_scheduled', 'dataset_produces_1']) retrieved from /home/airflow/.local/lib/python3.7/site-packages/airflow/example_dags/example_datasets.py
[2023-02-14T12:05:43.908+0000] {logging_mixin.py:137} INFO - [2023-02-14T12:05:43.908+0000] {dag.py:2676} INFO - Sync 6 DAGs
[2023-02-14T12:05:43.946+0000] {logging_mixin.py:137} INFO - [2023-02-14T12:05:43.946+0000] {dag.py:3427} INFO - Setting next_dagrun for dataset_consumes_1 to None, run_after=None
[2023-02-14T12:05:43.956+0000] {logging_mixin.py:137} INFO - [2023-02-14T12:05:43.956+0000] {dag.py:3427} INFO - Setting next_dagrun for dataset_consumes_1_and_2 to None, run_after=None
[2023-02-14T12:05:43.960+0000] {logging_mixin.py:137} INFO - [2023-02-14T12:05:43.959+0000] {dag.py:3427} INFO - Setting next_dagrun for dataset_consumes_1_never_scheduled to None, run_after=None
[2023-02-14T12:05:43.963+0000] {logging_mixin.py:137} INFO - [2023-02-14T12:05:43.963+0000] {dag.py:3427} INFO - Setting next_dagrun for dataset_consumes_unknown_never_scheduled to None, run_after=None
[2023-02-14T12:05:43.969+0000] {logging_mixin.py:137} INFO - [2023-02-14T12:05:43.969+0000] {dag.py:3427} INFO - Setting next_dagrun for dataset_produces_1 to 2023-02-13T00:00:00+00:00, run_after=2023-02-14T00:00:00+00:00
[2023-02-14T12:05:43.972+0000] {logging_mixin.py:137} INFO - [2023-02-14T12:05:43.972+0000] {dag.py:3427} INFO - Setting next_dagrun for dataset_produces_2 to None, run_after=None
[2023-02-14T12:05:44.053+0000] {processor.py:175} INFO - Processing /home/airflow/.local/lib/python3.7/site-packages/airflow/example_dags/example_datasets.py took 0.277 seconds
[2023-02-14T12:06:14.750+0000] {processor.py:153} INFO - Started process (PID=940) to work on /home/airflow/.local/lib/python3.7/site-packages/airflow/example_dags/example_datasets.py
[2023-02-14T12:06:14.752+0000] {processor.py:743} INFO - Processing file /home/airflow/.local/lib/python3.7/site-packages/airflow/example_dags/example_datasets.py for tasks to queue
[2023-02-14T12:06:14.753+0000] {logging_mixin.py:137} INFO - [2023-02-14T12:06:14.753+0000] {dagbag.py:538} INFO - Filling up the DagBag from /home/airflow/.local/lib/python3.7/site-packages/airflow/example_dags/example_datasets.py
[2023-02-14T12:06:14.772+0000] {processor.py:753} INFO - DAG(s) dict_keys(['dataset_produces_1', 'dataset_consumes_unknown_never_scheduled', 'dataset_consumes_1_and_2', 'dataset_produces_2', 'dataset_consumes_1', 'dataset_consumes_1_never_scheduled']) retrieved from /home/airflow/.local/lib/python3.7/site-packages/airflow/example_dags/example_datasets.py
[2023-02-14T12:06:14.832+0000] {logging_mixin.py:137} INFO - [2023-02-14T12:06:14.831+0000] {dag.py:2676} INFO - Sync 6 DAGs
[2023-02-14T12:06:14.864+0000] {logging_mixin.py:137} INFO - [2023-02-14T12:06:14.864+0000] {dag.py:3427} INFO - Setting next_dagrun for dataset_consumes_1 to None, run_after=None
[2023-02-14T12:06:14.869+0000] {logging_mixin.py:137} INFO - [2023-02-14T12:06:14.869+0000] {dag.py:3427} INFO - Setting next_dagrun for dataset_consumes_1_and_2 to None, run_after=None
[2023-02-14T12:06:14.873+0000] {logging_mixin.py:137} INFO - [2023-02-14T12:06:14.873+0000] {dag.py:3427} INFO - Setting next_dagrun for dataset_consumes_1_never_scheduled to None, run_after=None
[2023-02-14T12:06:14.879+0000] {logging_mixin.py:137} INFO - [2023-02-14T12:06:14.879+0000] {dag.py:3427} INFO - Setting next_dagrun for dataset_consumes_unknown_never_scheduled to None, run_after=None
[2023-02-14T12:06:14.885+0000] {logging_mixin.py:137} INFO - [2023-02-14T12:06:14.885+0000] {dag.py:3427} INFO - Setting next_dagrun for dataset_produces_1 to 2023-02-13T00:00:00+00:00, run_after=2023-02-14T00:00:00+00:00
[2023-02-14T12:06:14.890+0000] {logging_mixin.py:137} INFO - [2023-02-14T12:06:14.889+0000] {dag.py:3427} INFO - Setting next_dagrun for dataset_produces_2 to None, run_after=None
[2023-02-14T12:06:14.941+0000] {processor.py:175} INFO - Processing /home/airflow/.local/lib/python3.7/site-packages/airflow/example_dags/example_datasets.py took 0.196 seconds
[2023-02-14T12:06:45.079+0000] {processor.py:153} INFO - Started process (PID=1018) to work on /home/airflow/.local/lib/python3.7/site-packages/airflow/example_dags/example_datasets.py
[2023-02-14T12:06:45.081+0000] {processor.py:743} INFO - Processing file /home/airflow/.local/lib/python3.7/site-packages/airflow/example_dags/example_datasets.py for tasks to queue
[2023-02-14T12:06:45.083+0000] {logging_mixin.py:137} INFO - [2023-02-14T12:06:45.083+0000] {dagbag.py:538} INFO - Filling up the DagBag from /home/airflow/.local/lib/python3.7/site-packages/airflow/example_dags/example_datasets.py
[2023-02-14T12:06:45.106+0000] {processor.py:753} INFO - DAG(s) dict_keys(['dataset_consumes_1_never_scheduled', 'dataset_consumes_unknown_never_scheduled', 'dataset_consumes_1', 'dataset_produces_1', 'dataset_consumes_1_and_2', 'dataset_produces_2']) retrieved from /home/airflow/.local/lib/python3.7/site-packages/airflow/example_dags/example_datasets.py
[2023-02-14T12:06:45.181+0000] {logging_mixin.py:137} INFO - [2023-02-14T12:06:45.181+0000] {dag.py:2676} INFO - Sync 6 DAGs
[2023-02-14T12:06:45.216+0000] {logging_mixin.py:137} INFO - [2023-02-14T12:06:45.216+0000] {dag.py:3427} INFO - Setting next_dagrun for dataset_consumes_1 to None, run_after=None
[2023-02-14T12:06:45.222+0000] {logging_mixin.py:137} INFO - [2023-02-14T12:06:45.222+0000] {dag.py:3427} INFO - Setting next_dagrun for dataset_consumes_1_and_2 to None, run_after=None
[2023-02-14T12:06:45.226+0000] {logging_mixin.py:137} INFO - [2023-02-14T12:06:45.226+0000] {dag.py:3427} INFO - Setting next_dagrun for dataset_consumes_1_never_scheduled to None, run_after=None
[2023-02-14T12:06:45.229+0000] {logging_mixin.py:137} INFO - [2023-02-14T12:06:45.229+0000] {dag.py:3427} INFO - Setting next_dagrun for dataset_consumes_unknown_never_scheduled to None, run_after=None
[2023-02-14T12:06:45.235+0000] {logging_mixin.py:137} INFO - [2023-02-14T12:06:45.235+0000] {dag.py:3427} INFO - Setting next_dagrun for dataset_produces_1 to 2023-02-13T00:00:00+00:00, run_after=2023-02-14T00:00:00+00:00
[2023-02-14T12:06:45.239+0000] {logging_mixin.py:137} INFO - [2023-02-14T12:06:45.239+0000] {dag.py:3427} INFO - Setting next_dagrun for dataset_produces_2 to None, run_after=None
[2023-02-14T12:06:45.288+0000] {processor.py:175} INFO - Processing /home/airflow/.local/lib/python3.7/site-packages/airflow/example_dags/example_datasets.py took 0.215 seconds
[2023-02-14T12:07:15.359+0000] {processor.py:153} INFO - Started process (PID=1090) to work on /home/airflow/.local/lib/python3.7/site-packages/airflow/example_dags/example_datasets.py
[2023-02-14T12:07:15.361+0000] {processor.py:743} INFO - Processing file /home/airflow/.local/lib/python3.7/site-packages/airflow/example_dags/example_datasets.py for tasks to queue
[2023-02-14T12:07:15.362+0000] {logging_mixin.py:137} INFO - [2023-02-14T12:07:15.362+0000] {dagbag.py:538} INFO - Filling up the DagBag from /home/airflow/.local/lib/python3.7/site-packages/airflow/example_dags/example_datasets.py
[2023-02-14T12:07:15.385+0000] {processor.py:753} INFO - DAG(s) dict_keys(['dataset_produces_1', 'dataset_consumes_1', 'dataset_consumes_1_and_2', 'dataset_consumes_unknown_never_scheduled', 'dataset_consumes_1_never_scheduled', 'dataset_produces_2']) retrieved from /home/airflow/.local/lib/python3.7/site-packages/airflow/example_dags/example_datasets.py
[2023-02-14T12:07:15.452+0000] {logging_mixin.py:137} INFO - [2023-02-14T12:07:15.452+0000] {dag.py:2676} INFO - Sync 6 DAGs
[2023-02-14T12:07:15.482+0000] {logging_mixin.py:137} INFO - [2023-02-14T12:07:15.482+0000] {dag.py:3427} INFO - Setting next_dagrun for dataset_consumes_1 to None, run_after=None
[2023-02-14T12:07:15.487+0000] {logging_mixin.py:137} INFO - [2023-02-14T12:07:15.486+0000] {dag.py:3427} INFO - Setting next_dagrun for dataset_consumes_1_and_2 to None, run_after=None
[2023-02-14T12:07:15.490+0000] {logging_mixin.py:137} INFO - [2023-02-14T12:07:15.490+0000] {dag.py:3427} INFO - Setting next_dagrun for dataset_consumes_1_never_scheduled to None, run_after=None
[2023-02-14T12:07:15.492+0000] {logging_mixin.py:137} INFO - [2023-02-14T12:07:15.492+0000] {dag.py:3427} INFO - Setting next_dagrun for dataset_consumes_unknown_never_scheduled to None, run_after=None
[2023-02-14T12:07:15.496+0000] {logging_mixin.py:137} INFO - [2023-02-14T12:07:15.496+0000] {dag.py:3427} INFO - Setting next_dagrun for dataset_produces_1 to 2023-02-13T00:00:00+00:00, run_after=2023-02-14T00:00:00+00:00
[2023-02-14T12:07:15.499+0000] {logging_mixin.py:137} INFO - [2023-02-14T12:07:15.499+0000] {dag.py:3427} INFO - Setting next_dagrun for dataset_produces_2 to None, run_after=None
[2023-02-14T12:07:15.536+0000] {processor.py:175} INFO - Processing /home/airflow/.local/lib/python3.7/site-packages/airflow/example_dags/example_datasets.py took 0.182 seconds
[2023-02-14T12:07:45.607+0000] {processor.py:153} INFO - Started process (PID=1177) to work on /home/airflow/.local/lib/python3.7/site-packages/airflow/example_dags/example_datasets.py
[2023-02-14T12:07:45.610+0000] {processor.py:743} INFO - Processing file /home/airflow/.local/lib/python3.7/site-packages/airflow/example_dags/example_datasets.py for tasks to queue
[2023-02-14T12:07:45.612+0000] {logging_mixin.py:137} INFO - [2023-02-14T12:07:45.612+0000] {dagbag.py:538} INFO - Filling up the DagBag from /home/airflow/.local/lib/python3.7/site-packages/airflow/example_dags/example_datasets.py
[2023-02-14T12:07:45.638+0000] {processor.py:753} INFO - DAG(s) dict_keys(['dataset_consumes_1_never_scheduled', 'dataset_consumes_1_and_2', 'dataset_produces_2', 'dataset_consumes_1', 'dataset_consumes_unknown_never_scheduled', 'dataset_produces_1']) retrieved from /home/airflow/.local/lib/python3.7/site-packages/airflow/example_dags/example_datasets.py
[2023-02-14T12:07:45.706+0000] {logging_mixin.py:137} INFO - [2023-02-14T12:07:45.706+0000] {dag.py:2676} INFO - Sync 6 DAGs
[2023-02-14T12:07:45.740+0000] {logging_mixin.py:137} INFO - [2023-02-14T12:07:45.740+0000] {dag.py:3427} INFO - Setting next_dagrun for dataset_consumes_1 to None, run_after=None
[2023-02-14T12:07:45.746+0000] {logging_mixin.py:137} INFO - [2023-02-14T12:07:45.746+0000] {dag.py:3427} INFO - Setting next_dagrun for dataset_consumes_1_and_2 to None, run_after=None
[2023-02-14T12:07:45.749+0000] {logging_mixin.py:137} INFO - [2023-02-14T12:07:45.749+0000] {dag.py:3427} INFO - Setting next_dagrun for dataset_consumes_1_never_scheduled to None, run_after=None
[2023-02-14T12:07:45.753+0000] {logging_mixin.py:137} INFO - [2023-02-14T12:07:45.753+0000] {dag.py:3427} INFO - Setting next_dagrun for dataset_consumes_unknown_never_scheduled to None, run_after=None
[2023-02-14T12:07:45.761+0000] {logging_mixin.py:137} INFO - [2023-02-14T12:07:45.761+0000] {dag.py:3427} INFO - Setting next_dagrun for dataset_produces_1 to 2023-02-13T00:00:00+00:00, run_after=2023-02-14T00:00:00+00:00
[2023-02-14T12:07:45.765+0000] {logging_mixin.py:137} INFO - [2023-02-14T12:07:45.765+0000] {dag.py:3427} INFO - Setting next_dagrun for dataset_produces_2 to None, run_after=None
[2023-02-14T12:07:45.826+0000] {processor.py:175} INFO - Processing /home/airflow/.local/lib/python3.7/site-packages/airflow/example_dags/example_datasets.py took 0.223 seconds
[2023-02-14T12:08:16.010+0000] {processor.py:153} INFO - Started process (PID=1248) to work on /home/airflow/.local/lib/python3.7/site-packages/airflow/example_dags/example_datasets.py
[2023-02-14T12:08:16.013+0000] {processor.py:743} INFO - Processing file /home/airflow/.local/lib/python3.7/site-packages/airflow/example_dags/example_datasets.py for tasks to queue
[2023-02-14T12:08:16.015+0000] {logging_mixin.py:137} INFO - [2023-02-14T12:08:16.014+0000] {dagbag.py:538} INFO - Filling up the DagBag from /home/airflow/.local/lib/python3.7/site-packages/airflow/example_dags/example_datasets.py
[2023-02-14T12:08:16.039+0000] {processor.py:753} INFO - DAG(s) dict_keys(['dataset_consumes_1_and_2', 'dataset_consumes_1_never_scheduled', 'dataset_produces_1', 'dataset_produces_2', 'dataset_consumes_unknown_never_scheduled', 'dataset_consumes_1']) retrieved from /home/airflow/.local/lib/python3.7/site-packages/airflow/example_dags/example_datasets.py
[2023-02-14T12:08:16.101+0000] {logging_mixin.py:137} INFO - [2023-02-14T12:08:16.101+0000] {dag.py:2676} INFO - Sync 6 DAGs
[2023-02-14T12:08:16.132+0000] {logging_mixin.py:137} INFO - [2023-02-14T12:08:16.132+0000] {dag.py:3427} INFO - Setting next_dagrun for dataset_consumes_1 to None, run_after=None
[2023-02-14T12:08:16.136+0000] {logging_mixin.py:137} INFO - [2023-02-14T12:08:16.136+0000] {dag.py:3427} INFO - Setting next_dagrun for dataset_consumes_1_and_2 to None, run_after=None
[2023-02-14T12:08:16.138+0000] {logging_mixin.py:137} INFO - [2023-02-14T12:08:16.138+0000] {dag.py:3427} INFO - Setting next_dagrun for dataset_consumes_1_never_scheduled to None, run_after=None
[2023-02-14T12:08:16.140+0000] {logging_mixin.py:137} INFO - [2023-02-14T12:08:16.140+0000] {dag.py:3427} INFO - Setting next_dagrun for dataset_consumes_unknown_never_scheduled to None, run_after=None
[2023-02-14T12:08:16.144+0000] {logging_mixin.py:137} INFO - [2023-02-14T12:08:16.144+0000] {dag.py:3427} INFO - Setting next_dagrun for dataset_produces_1 to 2023-02-13T00:00:00+00:00, run_after=2023-02-14T00:00:00+00:00
[2023-02-14T12:08:16.146+0000] {logging_mixin.py:137} INFO - [2023-02-14T12:08:16.146+0000] {dag.py:3427} INFO - Setting next_dagrun for dataset_produces_2 to None, run_after=None
[2023-02-14T12:08:16.182+0000] {processor.py:175} INFO - Processing /home/airflow/.local/lib/python3.7/site-packages/airflow/example_dags/example_datasets.py took 0.176 seconds
[2023-02-14T12:08:46.557+0000] {processor.py:153} INFO - Started process (PID=1335) to work on /home/airflow/.local/lib/python3.7/site-packages/airflow/example_dags/example_datasets.py
[2023-02-14T12:08:46.560+0000] {processor.py:743} INFO - Processing file /home/airflow/.local/lib/python3.7/site-packages/airflow/example_dags/example_datasets.py for tasks to queue
[2023-02-14T12:08:46.562+0000] {logging_mixin.py:137} INFO - [2023-02-14T12:08:46.562+0000] {dagbag.py:538} INFO - Filling up the DagBag from /home/airflow/.local/lib/python3.7/site-packages/airflow/example_dags/example_datasets.py
[2023-02-14T12:08:46.589+0000] {processor.py:753} INFO - DAG(s) dict_keys(['dataset_consumes_1', 'dataset_produces_1', 'dataset_produces_2', 'dataset_consumes_unknown_never_scheduled', 'dataset_consumes_1_and_2', 'dataset_consumes_1_never_scheduled']) retrieved from /home/airflow/.local/lib/python3.7/site-packages/airflow/example_dags/example_datasets.py
[2023-02-14T12:08:46.668+0000] {logging_mixin.py:137} INFO - [2023-02-14T12:08:46.667+0000] {dag.py:2676} INFO - Sync 6 DAGs
[2023-02-14T12:08:46.706+0000] {logging_mixin.py:137} INFO - [2023-02-14T12:08:46.706+0000] {dag.py:3427} INFO - Setting next_dagrun for dataset_consumes_1 to None, run_after=None
[2023-02-14T12:08:46.712+0000] {logging_mixin.py:137} INFO - [2023-02-14T12:08:46.712+0000] {dag.py:3427} INFO - Setting next_dagrun for dataset_consumes_1_and_2 to None, run_after=None
[2023-02-14T12:08:46.716+0000] {logging_mixin.py:137} INFO - [2023-02-14T12:08:46.715+0000] {dag.py:3427} INFO - Setting next_dagrun for dataset_consumes_1_never_scheduled to None, run_after=None
[2023-02-14T12:08:46.719+0000] {logging_mixin.py:137} INFO - [2023-02-14T12:08:46.718+0000] {dag.py:3427} INFO - Setting next_dagrun for dataset_consumes_unknown_never_scheduled to None, run_after=None
[2023-02-14T12:08:46.723+0000] {logging_mixin.py:137} INFO - [2023-02-14T12:08:46.723+0000] {dag.py:3427} INFO - Setting next_dagrun for dataset_produces_1 to 2023-02-13T00:00:00+00:00, run_after=2023-02-14T00:00:00+00:00
[2023-02-14T12:08:46.726+0000] {logging_mixin.py:137} INFO - [2023-02-14T12:08:46.726+0000] {dag.py:3427} INFO - Setting next_dagrun for dataset_produces_2 to None, run_after=None
[2023-02-14T12:08:46.782+0000] {processor.py:175} INFO - Processing /home/airflow/.local/lib/python3.7/site-packages/airflow/example_dags/example_datasets.py took 0.230 seconds
[2023-02-14T12:09:17.599+0000] {processor.py:153} INFO - Started process (PID=1406) to work on /home/airflow/.local/lib/python3.7/site-packages/airflow/example_dags/example_datasets.py
[2023-02-14T12:09:17.601+0000] {processor.py:743} INFO - Processing file /home/airflow/.local/lib/python3.7/site-packages/airflow/example_dags/example_datasets.py for tasks to queue
[2023-02-14T12:09:17.602+0000] {logging_mixin.py:137} INFO - [2023-02-14T12:09:17.602+0000] {dagbag.py:538} INFO - Filling up the DagBag from /home/airflow/.local/lib/python3.7/site-packages/airflow/example_dags/example_datasets.py
[2023-02-14T12:09:17.622+0000] {processor.py:753} INFO - DAG(s) dict_keys(['dataset_consumes_1_never_scheduled', 'dataset_produces_2', 'dataset_consumes_1_and_2', 'dataset_consumes_1', 'dataset_produces_1', 'dataset_consumes_unknown_never_scheduled']) retrieved from /home/airflow/.local/lib/python3.7/site-packages/airflow/example_dags/example_datasets.py
[2023-02-14T12:09:17.683+0000] {logging_mixin.py:137} INFO - [2023-02-14T12:09:17.682+0000] {dag.py:2676} INFO - Sync 6 DAGs
[2023-02-14T12:09:17.713+0000] {logging_mixin.py:137} INFO - [2023-02-14T12:09:17.713+0000] {dag.py:3427} INFO - Setting next_dagrun for dataset_consumes_1 to None, run_after=None
[2023-02-14T12:09:17.718+0000] {logging_mixin.py:137} INFO - [2023-02-14T12:09:17.717+0000] {dag.py:3427} INFO - Setting next_dagrun for dataset_consumes_1_and_2 to None, run_after=None
[2023-02-14T12:09:17.720+0000] {logging_mixin.py:137} INFO - [2023-02-14T12:09:17.719+0000] {dag.py:3427} INFO - Setting next_dagrun for dataset_consumes_1_never_scheduled to None, run_after=None
[2023-02-14T12:09:17.722+0000] {logging_mixin.py:137} INFO - [2023-02-14T12:09:17.721+0000] {dag.py:3427} INFO - Setting next_dagrun for dataset_consumes_unknown_never_scheduled to None, run_after=None
[2023-02-14T12:09:17.725+0000] {logging_mixin.py:137} INFO - [2023-02-14T12:09:17.725+0000] {dag.py:3427} INFO - Setting next_dagrun for dataset_produces_1 to 2023-02-13T00:00:00+00:00, run_after=2023-02-14T00:00:00+00:00
[2023-02-14T12:09:17.727+0000] {logging_mixin.py:137} INFO - [2023-02-14T12:09:17.727+0000] {dag.py:3427} INFO - Setting next_dagrun for dataset_produces_2 to None, run_after=None
[2023-02-14T12:09:17.776+0000] {processor.py:175} INFO - Processing /home/airflow/.local/lib/python3.7/site-packages/airflow/example_dags/example_datasets.py took 0.182 seconds
[2023-02-14T12:09:48.151+0000] {processor.py:153} INFO - Started process (PID=1494) to work on /home/airflow/.local/lib/python3.7/site-packages/airflow/example_dags/example_datasets.py
[2023-02-14T12:09:48.154+0000] {processor.py:743} INFO - Processing file /home/airflow/.local/lib/python3.7/site-packages/airflow/example_dags/example_datasets.py for tasks to queue
[2023-02-14T12:09:48.155+0000] {logging_mixin.py:137} INFO - [2023-02-14T12:09:48.155+0000] {dagbag.py:538} INFO - Filling up the DagBag from /home/airflow/.local/lib/python3.7/site-packages/airflow/example_dags/example_datasets.py
[2023-02-14T12:09:48.177+0000] {processor.py:753} INFO - DAG(s) dict_keys(['dataset_consumes_unknown_never_scheduled', 'dataset_consumes_1_and_2', 'dataset_consumes_1_never_scheduled', 'dataset_produces_1', 'dataset_produces_2', 'dataset_consumes_1']) retrieved from /home/airflow/.local/lib/python3.7/site-packages/airflow/example_dags/example_datasets.py
[2023-02-14T12:09:48.251+0000] {logging_mixin.py:137} INFO - [2023-02-14T12:09:48.251+0000] {dag.py:2676} INFO - Sync 6 DAGs
[2023-02-14T12:09:48.285+0000] {logging_mixin.py:137} INFO - [2023-02-14T12:09:48.285+0000] {dag.py:3427} INFO - Setting next_dagrun for dataset_consumes_1 to None, run_after=None
[2023-02-14T12:09:48.289+0000] {logging_mixin.py:137} INFO - [2023-02-14T12:09:48.289+0000] {dag.py:3427} INFO - Setting next_dagrun for dataset_consumes_1_and_2 to None, run_after=None
[2023-02-14T12:09:48.292+0000] {logging_mixin.py:137} INFO - [2023-02-14T12:09:48.292+0000] {dag.py:3427} INFO - Setting next_dagrun for dataset_consumes_1_never_scheduled to None, run_after=None
[2023-02-14T12:09:48.294+0000] {logging_mixin.py:137} INFO - [2023-02-14T12:09:48.294+0000] {dag.py:3427} INFO - Setting next_dagrun for dataset_consumes_unknown_never_scheduled to None, run_after=None
[2023-02-14T12:09:48.298+0000] {logging_mixin.py:137} INFO - [2023-02-14T12:09:48.298+0000] {dag.py:3427} INFO - Setting next_dagrun for dataset_produces_1 to 2023-02-13T00:00:00+00:00, run_after=2023-02-14T00:00:00+00:00
[2023-02-14T12:09:48.302+0000] {logging_mixin.py:137} INFO - [2023-02-14T12:09:48.302+0000] {dag.py:3427} INFO - Setting next_dagrun for dataset_produces_2 to None, run_after=None
[2023-02-14T12:09:48.338+0000] {processor.py:175} INFO - Processing /home/airflow/.local/lib/python3.7/site-packages/airflow/example_dags/example_datasets.py took 0.191 seconds
[2023-02-14T12:10:18.664+0000] {processor.py:153} INFO - Started process (PID=1565) to work on /home/airflow/.local/lib/python3.7/site-packages/airflow/example_dags/example_datasets.py
[2023-02-14T12:10:18.667+0000] {processor.py:743} INFO - Processing file /home/airflow/.local/lib/python3.7/site-packages/airflow/example_dags/example_datasets.py for tasks to queue
[2023-02-14T12:10:18.669+0000] {logging_mixin.py:137} INFO - [2023-02-14T12:10:18.669+0000] {dagbag.py:538} INFO - Filling up the DagBag from /home/airflow/.local/lib/python3.7/site-packages/airflow/example_dags/example_datasets.py
[2023-02-14T12:10:18.694+0000] {processor.py:753} INFO - DAG(s) dict_keys(['dataset_consumes_1_never_scheduled', 'dataset_produces_2', 'dataset_produces_1', 'dataset_consumes_1', 'dataset_consumes_unknown_never_scheduled', 'dataset_consumes_1_and_2']) retrieved from /home/airflow/.local/lib/python3.7/site-packages/airflow/example_dags/example_datasets.py
[2023-02-14T12:10:18.772+0000] {logging_mixin.py:137} INFO - [2023-02-14T12:10:18.772+0000] {dag.py:2676} INFO - Sync 6 DAGs
[2023-02-14T12:10:18.815+0000] {logging_mixin.py:137} INFO - [2023-02-14T12:10:18.815+0000] {dag.py:3427} INFO - Setting next_dagrun for dataset_consumes_1 to None, run_after=None
[2023-02-14T12:10:18.824+0000] {logging_mixin.py:137} INFO - [2023-02-14T12:10:18.824+0000] {dag.py:3427} INFO - Setting next_dagrun for dataset_consumes_1_and_2 to None, run_after=None
[2023-02-14T12:10:18.828+0000] {logging_mixin.py:137} INFO - [2023-02-14T12:10:18.828+0000] {dag.py:3427} INFO - Setting next_dagrun for dataset_consumes_1_never_scheduled to None, run_after=None
[2023-02-14T12:10:18.832+0000] {logging_mixin.py:137} INFO - [2023-02-14T12:10:18.832+0000] {dag.py:3427} INFO - Setting next_dagrun for dataset_consumes_unknown_never_scheduled to None, run_after=None
[2023-02-14T12:10:18.837+0000] {logging_mixin.py:137} INFO - [2023-02-14T12:10:18.837+0000] {dag.py:3427} INFO - Setting next_dagrun for dataset_produces_1 to 2023-02-13T00:00:00+00:00, run_after=2023-02-14T00:00:00+00:00
[2023-02-14T12:10:18.841+0000] {logging_mixin.py:137} INFO - [2023-02-14T12:10:18.841+0000] {dag.py:3427} INFO - Setting next_dagrun for dataset_produces_2 to None, run_after=None
[2023-02-14T12:10:18.900+0000] {processor.py:175} INFO - Processing /home/airflow/.local/lib/python3.7/site-packages/airflow/example_dags/example_datasets.py took 0.241 seconds
[2023-02-14T12:10:49.669+0000] {processor.py:153} INFO - Started process (PID=1652) to work on /home/airflow/.local/lib/python3.7/site-packages/airflow/example_dags/example_datasets.py
[2023-02-14T12:10:49.671+0000] {processor.py:743} INFO - Processing file /home/airflow/.local/lib/python3.7/site-packages/airflow/example_dags/example_datasets.py for tasks to queue
[2023-02-14T12:10:49.674+0000] {logging_mixin.py:137} INFO - [2023-02-14T12:10:49.674+0000] {dagbag.py:538} INFO - Filling up the DagBag from /home/airflow/.local/lib/python3.7/site-packages/airflow/example_dags/example_datasets.py
[2023-02-14T12:10:49.696+0000] {processor.py:753} INFO - DAG(s) dict_keys(['dataset_consumes_1_and_2', 'dataset_consumes_1', 'dataset_consumes_1_never_scheduled', 'dataset_produces_2', 'dataset_produces_1', 'dataset_consumes_unknown_never_scheduled']) retrieved from /home/airflow/.local/lib/python3.7/site-packages/airflow/example_dags/example_datasets.py
[2023-02-14T12:10:49.760+0000] {logging_mixin.py:137} INFO - [2023-02-14T12:10:49.760+0000] {dag.py:2676} INFO - Sync 6 DAGs
[2023-02-14T12:10:49.790+0000] {logging_mixin.py:137} INFO - [2023-02-14T12:10:49.790+0000] {dag.py:3427} INFO - Setting next_dagrun for dataset_consumes_1 to None, run_after=None
[2023-02-14T12:10:49.795+0000] {logging_mixin.py:137} INFO - [2023-02-14T12:10:49.794+0000] {dag.py:3427} INFO - Setting next_dagrun for dataset_consumes_1_and_2 to None, run_after=None
[2023-02-14T12:10:49.797+0000] {logging_mixin.py:137} INFO - [2023-02-14T12:10:49.797+0000] {dag.py:3427} INFO - Setting next_dagrun for dataset_consumes_1_never_scheduled to None, run_after=None
[2023-02-14T12:10:49.799+0000] {logging_mixin.py:137} INFO - [2023-02-14T12:10:49.799+0000] {dag.py:3427} INFO - Setting next_dagrun for dataset_consumes_unknown_never_scheduled to None, run_after=None
[2023-02-14T12:10:49.803+0000] {logging_mixin.py:137} INFO - [2023-02-14T12:10:49.803+0000] {dag.py:3427} INFO - Setting next_dagrun for dataset_produces_1 to 2023-02-13T00:00:00+00:00, run_after=2023-02-14T00:00:00+00:00
[2023-02-14T12:10:49.805+0000] {logging_mixin.py:137} INFO - [2023-02-14T12:10:49.805+0000] {dag.py:3427} INFO - Setting next_dagrun for dataset_produces_2 to None, run_after=None
[2023-02-14T12:10:49.846+0000] {processor.py:175} INFO - Processing /home/airflow/.local/lib/python3.7/site-packages/airflow/example_dags/example_datasets.py took 0.182 seconds
[2023-02-14T12:11:19.982+0000] {processor.py:153} INFO - Started process (PID=1722) to work on /home/airflow/.local/lib/python3.7/site-packages/airflow/example_dags/example_datasets.py
[2023-02-14T12:11:19.985+0000] {processor.py:743} INFO - Processing file /home/airflow/.local/lib/python3.7/site-packages/airflow/example_dags/example_datasets.py for tasks to queue
[2023-02-14T12:11:19.989+0000] {logging_mixin.py:137} INFO - [2023-02-14T12:11:19.989+0000] {dagbag.py:538} INFO - Filling up the DagBag from /home/airflow/.local/lib/python3.7/site-packages/airflow/example_dags/example_datasets.py
[2023-02-14T12:11:20.016+0000] {processor.py:753} INFO - DAG(s) dict_keys(['dataset_consumes_1', 'dataset_consumes_unknown_never_scheduled', 'dataset_consumes_1_never_scheduled', 'dataset_produces_1', 'dataset_produces_2', 'dataset_consumes_1_and_2']) retrieved from /home/airflow/.local/lib/python3.7/site-packages/airflow/example_dags/example_datasets.py
[2023-02-14T12:11:20.084+0000] {logging_mixin.py:137} INFO - [2023-02-14T12:11:20.084+0000] {dag.py:2676} INFO - Sync 6 DAGs
[2023-02-14T12:11:20.114+0000] {logging_mixin.py:137} INFO - [2023-02-14T12:11:20.114+0000] {dag.py:3427} INFO - Setting next_dagrun for dataset_consumes_1 to None, run_after=None
[2023-02-14T12:11:20.119+0000] {logging_mixin.py:137} INFO - [2023-02-14T12:11:20.119+0000] {dag.py:3427} INFO - Setting next_dagrun for dataset_consumes_1_and_2 to None, run_after=None
[2023-02-14T12:11:20.121+0000] {logging_mixin.py:137} INFO - [2023-02-14T12:11:20.121+0000] {dag.py:3427} INFO - Setting next_dagrun for dataset_consumes_1_never_scheduled to None, run_after=None
[2023-02-14T12:11:20.123+0000] {logging_mixin.py:137} INFO - [2023-02-14T12:11:20.123+0000] {dag.py:3427} INFO - Setting next_dagrun for dataset_consumes_unknown_never_scheduled to None, run_after=None
[2023-02-14T12:11:20.126+0000] {logging_mixin.py:137} INFO - [2023-02-14T12:11:20.126+0000] {dag.py:3427} INFO - Setting next_dagrun for dataset_produces_1 to 2023-02-13T00:00:00+00:00, run_after=2023-02-14T00:00:00+00:00
[2023-02-14T12:11:20.128+0000] {logging_mixin.py:137} INFO - [2023-02-14T12:11:20.128+0000] {dag.py:3427} INFO - Setting next_dagrun for dataset_produces_2 to None, run_after=None
[2023-02-14T12:11:20.168+0000] {processor.py:175} INFO - Processing /home/airflow/.local/lib/python3.7/site-packages/airflow/example_dags/example_datasets.py took 0.195 seconds
