[2023-02-14T12:00:32.025+0000] {processor.py:153} INFO - Started process (PID=46) to work on /home/airflow/.local/lib/python3.7/site-packages/airflow/example_dags/example_subdag_operator.py
[2023-02-14T12:00:32.029+0000] {processor.py:743} INFO - Processing file /home/airflow/.local/lib/python3.7/site-packages/airflow/example_dags/example_subdag_operator.py for tasks to queue
[2023-02-14T12:00:32.033+0000] {logging_mixin.py:137} INFO - [2023-02-14T12:00:32.033+0000] {dagbag.py:538} INFO - Filling up the DagBag from /home/airflow/.local/lib/python3.7/site-packages/airflow/example_dags/example_subdag_operator.py
[2023-02-14T12:00:32.102+0000] {processor.py:753} INFO - DAG(s) dict_keys(['example_subdag_operator.section-1', 'example_subdag_operator.section-2', 'example_subdag_operator']) retrieved from /home/airflow/.local/lib/python3.7/site-packages/airflow/example_dags/example_subdag_operator.py
[2023-02-14T12:00:32.166+0000] {logging_mixin.py:137} INFO - [2023-02-14T12:00:32.165+0000] {dag.py:2676} INFO - Sync 3 DAGs
[2023-02-14T12:00:32.223+0000] {logging_mixin.py:137} INFO - [2023-02-14T12:00:32.223+0000] {dag.py:3427} INFO - Setting next_dagrun for example_subdag_operator to 2022-01-01T00:00:00+00:00, run_after=2022-01-01T00:00:00+00:00
[2023-02-14T12:00:32.230+0000] {logging_mixin.py:137} INFO - [2023-02-14T12:00:32.229+0000] {dag.py:3427} INFO - Setting next_dagrun for example_subdag_operator.section-1 to None, run_after=None
[2023-02-14T12:00:32.232+0000] {logging_mixin.py:137} INFO - [2023-02-14T12:00:32.232+0000] {dag.py:3427} INFO - Setting next_dagrun for example_subdag_operator.section-2 to None, run_after=None
[2023-02-14T12:00:32.246+0000] {logging_mixin.py:137} INFO - [2023-02-14T12:00:32.246+0000] {dag.py:2676} INFO - Sync 2 DAGs
[2023-02-14T12:00:32.256+0000] {logging_mixin.py:137} INFO - [2023-02-14T12:00:32.256+0000] {dag.py:3427} INFO - Setting next_dagrun for example_subdag_operator.section-1 to None, run_after=None
[2023-02-14T12:00:32.258+0000] {logging_mixin.py:137} INFO - [2023-02-14T12:00:32.258+0000] {dag.py:3427} INFO - Setting next_dagrun for example_subdag_operator.section-2 to None, run_after=None
[2023-02-14T12:00:32.278+0000] {processor.py:175} INFO - Processing /home/airflow/.local/lib/python3.7/site-packages/airflow/example_dags/example_subdag_operator.py took 0.260 seconds
[2023-02-14T12:01:03.108+0000] {processor.py:153} INFO - Started process (PID=126) to work on /home/airflow/.local/lib/python3.7/site-packages/airflow/example_dags/example_subdag_operator.py
[2023-02-14T12:01:03.110+0000] {processor.py:743} INFO - Processing file /home/airflow/.local/lib/python3.7/site-packages/airflow/example_dags/example_subdag_operator.py for tasks to queue
[2023-02-14T12:01:03.111+0000] {logging_mixin.py:137} INFO - [2023-02-14T12:01:03.111+0000] {dagbag.py:538} INFO - Filling up the DagBag from /home/airflow/.local/lib/python3.7/site-packages/airflow/example_dags/example_subdag_operator.py
[2023-02-14T12:01:03.148+0000] {processor.py:753} INFO - DAG(s) dict_keys(['example_subdag_operator.section-1', 'example_subdag_operator.section-2', 'example_subdag_operator']) retrieved from /home/airflow/.local/lib/python3.7/site-packages/airflow/example_dags/example_subdag_operator.py
[2023-02-14T12:01:03.184+0000] {logging_mixin.py:137} INFO - [2023-02-14T12:01:03.183+0000] {dag.py:2676} INFO - Sync 3 DAGs
[2023-02-14T12:01:03.214+0000] {logging_mixin.py:137} INFO - [2023-02-14T12:01:03.214+0000] {dag.py:3427} INFO - Setting next_dagrun for example_subdag_operator to 2022-01-01T00:00:00+00:00, run_after=2022-01-01T00:00:00+00:00
[2023-02-14T12:01:03.219+0000] {logging_mixin.py:137} INFO - [2023-02-14T12:01:03.219+0000] {dag.py:3427} INFO - Setting next_dagrun for example_subdag_operator.section-1 to None, run_after=None
[2023-02-14T12:01:03.221+0000] {logging_mixin.py:137} INFO - [2023-02-14T12:01:03.221+0000] {dag.py:3427} INFO - Setting next_dagrun for example_subdag_operator.section-2 to None, run_after=None
[2023-02-14T12:01:03.230+0000] {logging_mixin.py:137} INFO - [2023-02-14T12:01:03.230+0000] {dag.py:2676} INFO - Sync 2 DAGs
[2023-02-14T12:01:03.238+0000] {logging_mixin.py:137} INFO - [2023-02-14T12:01:03.238+0000] {dag.py:3427} INFO - Setting next_dagrun for example_subdag_operator.section-1 to None, run_after=None
[2023-02-14T12:01:03.240+0000] {logging_mixin.py:137} INFO - [2023-02-14T12:01:03.239+0000] {dag.py:3427} INFO - Setting next_dagrun for example_subdag_operator.section-2 to None, run_after=None
[2023-02-14T12:01:03.253+0000] {processor.py:175} INFO - Processing /home/airflow/.local/lib/python3.7/site-packages/airflow/example_dags/example_subdag_operator.py took 0.149 seconds
[2023-02-14T12:01:33.670+0000] {processor.py:153} INFO - Started process (PID=197) to work on /home/airflow/.local/lib/python3.7/site-packages/airflow/example_dags/example_subdag_operator.py
[2023-02-14T12:01:33.672+0000] {processor.py:743} INFO - Processing file /home/airflow/.local/lib/python3.7/site-packages/airflow/example_dags/example_subdag_operator.py for tasks to queue
[2023-02-14T12:01:33.674+0000] {logging_mixin.py:137} INFO - [2023-02-14T12:01:33.674+0000] {dagbag.py:538} INFO - Filling up the DagBag from /home/airflow/.local/lib/python3.7/site-packages/airflow/example_dags/example_subdag_operator.py
[2023-02-14T12:01:33.718+0000] {processor.py:753} INFO - DAG(s) dict_keys(['example_subdag_operator.section-1', 'example_subdag_operator.section-2', 'example_subdag_operator']) retrieved from /home/airflow/.local/lib/python3.7/site-packages/airflow/example_dags/example_subdag_operator.py
[2023-02-14T12:01:33.763+0000] {logging_mixin.py:137} INFO - [2023-02-14T12:01:33.763+0000] {dag.py:2676} INFO - Sync 3 DAGs
[2023-02-14T12:01:33.800+0000] {logging_mixin.py:137} INFO - [2023-02-14T12:01:33.799+0000] {dag.py:3427} INFO - Setting next_dagrun for example_subdag_operator to 2022-01-01T00:00:00+00:00, run_after=2022-01-01T00:00:00+00:00
[2023-02-14T12:01:33.806+0000] {logging_mixin.py:137} INFO - [2023-02-14T12:01:33.805+0000] {dag.py:3427} INFO - Setting next_dagrun for example_subdag_operator.section-1 to None, run_after=None
[2023-02-14T12:01:33.809+0000] {logging_mixin.py:137} INFO - [2023-02-14T12:01:33.808+0000] {dag.py:3427} INFO - Setting next_dagrun for example_subdag_operator.section-2 to None, run_after=None
[2023-02-14T12:01:33.820+0000] {logging_mixin.py:137} INFO - [2023-02-14T12:01:33.820+0000] {dag.py:2676} INFO - Sync 2 DAGs
[2023-02-14T12:01:33.829+0000] {logging_mixin.py:137} INFO - [2023-02-14T12:01:33.829+0000] {dag.py:3427} INFO - Setting next_dagrun for example_subdag_operator.section-1 to None, run_after=None
[2023-02-14T12:01:33.830+0000] {logging_mixin.py:137} INFO - [2023-02-14T12:01:33.830+0000] {dag.py:3427} INFO - Setting next_dagrun for example_subdag_operator.section-2 to None, run_after=None
[2023-02-14T12:01:33.847+0000] {processor.py:175} INFO - Processing /home/airflow/.local/lib/python3.7/site-packages/airflow/example_dags/example_subdag_operator.py took 0.182 seconds
[2023-02-14T12:02:04.112+0000] {processor.py:153} INFO - Started process (PID=284) to work on /home/airflow/.local/lib/python3.7/site-packages/airflow/example_dags/example_subdag_operator.py
[2023-02-14T12:02:04.115+0000] {processor.py:743} INFO - Processing file /home/airflow/.local/lib/python3.7/site-packages/airflow/example_dags/example_subdag_operator.py for tasks to queue
[2023-02-14T12:02:04.117+0000] {logging_mixin.py:137} INFO - [2023-02-14T12:02:04.117+0000] {dagbag.py:538} INFO - Filling up the DagBag from /home/airflow/.local/lib/python3.7/site-packages/airflow/example_dags/example_subdag_operator.py
[2023-02-14T12:02:04.167+0000] {processor.py:753} INFO - DAG(s) dict_keys(['example_subdag_operator.section-1', 'example_subdag_operator.section-2', 'example_subdag_operator']) retrieved from /home/airflow/.local/lib/python3.7/site-packages/airflow/example_dags/example_subdag_operator.py
[2023-02-14T12:02:04.224+0000] {logging_mixin.py:137} INFO - [2023-02-14T12:02:04.224+0000] {dag.py:2676} INFO - Sync 3 DAGs
[2023-02-14T12:02:04.265+0000] {logging_mixin.py:137} INFO - [2023-02-14T12:02:04.264+0000] {dag.py:3427} INFO - Setting next_dagrun for example_subdag_operator to 2022-01-01T00:00:00+00:00, run_after=2022-01-01T00:00:00+00:00
[2023-02-14T12:02:04.273+0000] {logging_mixin.py:137} INFO - [2023-02-14T12:02:04.273+0000] {dag.py:3427} INFO - Setting next_dagrun for example_subdag_operator.section-1 to None, run_after=None
[2023-02-14T12:02:04.276+0000] {logging_mixin.py:137} INFO - [2023-02-14T12:02:04.276+0000] {dag.py:3427} INFO - Setting next_dagrun for example_subdag_operator.section-2 to None, run_after=None
[2023-02-14T12:02:04.288+0000] {logging_mixin.py:137} INFO - [2023-02-14T12:02:04.288+0000] {dag.py:2676} INFO - Sync 2 DAGs
[2023-02-14T12:02:04.298+0000] {logging_mixin.py:137} INFO - [2023-02-14T12:02:04.298+0000] {dag.py:3427} INFO - Setting next_dagrun for example_subdag_operator.section-1 to None, run_after=None
[2023-02-14T12:02:04.300+0000] {logging_mixin.py:137} INFO - [2023-02-14T12:02:04.300+0000] {dag.py:3427} INFO - Setting next_dagrun for example_subdag_operator.section-2 to None, run_after=None
[2023-02-14T12:02:04.317+0000] {processor.py:175} INFO - Processing /home/airflow/.local/lib/python3.7/site-packages/airflow/example_dags/example_subdag_operator.py took 0.211 seconds
[2023-02-14T12:02:35.172+0000] {processor.py:153} INFO - Started process (PID=355) to work on /home/airflow/.local/lib/python3.7/site-packages/airflow/example_dags/example_subdag_operator.py
[2023-02-14T12:02:35.175+0000] {processor.py:743} INFO - Processing file /home/airflow/.local/lib/python3.7/site-packages/airflow/example_dags/example_subdag_operator.py for tasks to queue
[2023-02-14T12:02:35.176+0000] {logging_mixin.py:137} INFO - [2023-02-14T12:02:35.176+0000] {dagbag.py:538} INFO - Filling up the DagBag from /home/airflow/.local/lib/python3.7/site-packages/airflow/example_dags/example_subdag_operator.py
[2023-02-14T12:02:35.218+0000] {processor.py:753} INFO - DAG(s) dict_keys(['example_subdag_operator.section-1', 'example_subdag_operator.section-2', 'example_subdag_operator']) retrieved from /home/airflow/.local/lib/python3.7/site-packages/airflow/example_dags/example_subdag_operator.py
[2023-02-14T12:02:35.260+0000] {logging_mixin.py:137} INFO - [2023-02-14T12:02:35.259+0000] {dag.py:2676} INFO - Sync 3 DAGs
[2023-02-14T12:02:35.297+0000] {logging_mixin.py:137} INFO - [2023-02-14T12:02:35.297+0000] {dag.py:3427} INFO - Setting next_dagrun for example_subdag_operator to 2022-01-01T00:00:00+00:00, run_after=2022-01-01T00:00:00+00:00
[2023-02-14T12:02:35.305+0000] {logging_mixin.py:137} INFO - [2023-02-14T12:02:35.305+0000] {dag.py:3427} INFO - Setting next_dagrun for example_subdag_operator.section-1 to None, run_after=None
[2023-02-14T12:02:35.308+0000] {logging_mixin.py:137} INFO - [2023-02-14T12:02:35.308+0000] {dag.py:3427} INFO - Setting next_dagrun for example_subdag_operator.section-2 to None, run_after=None
[2023-02-14T12:02:35.322+0000] {logging_mixin.py:137} INFO - [2023-02-14T12:02:35.321+0000] {dag.py:2676} INFO - Sync 2 DAGs
[2023-02-14T12:02:35.331+0000] {logging_mixin.py:137} INFO - [2023-02-14T12:02:35.330+0000] {dag.py:3427} INFO - Setting next_dagrun for example_subdag_operator.section-1 to None, run_after=None
[2023-02-14T12:02:35.333+0000] {logging_mixin.py:137} INFO - [2023-02-14T12:02:35.332+0000] {dag.py:3427} INFO - Setting next_dagrun for example_subdag_operator.section-2 to None, run_after=None
[2023-02-14T12:02:35.349+0000] {processor.py:175} INFO - Processing /home/airflow/.local/lib/python3.7/site-packages/airflow/example_dags/example_subdag_operator.py took 0.181 seconds
[2023-02-14T12:03:06.344+0000] {processor.py:153} INFO - Started process (PID=442) to work on /home/airflow/.local/lib/python3.7/site-packages/airflow/example_dags/example_subdag_operator.py
[2023-02-14T12:03:06.347+0000] {processor.py:743} INFO - Processing file /home/airflow/.local/lib/python3.7/site-packages/airflow/example_dags/example_subdag_operator.py for tasks to queue
[2023-02-14T12:03:06.349+0000] {logging_mixin.py:137} INFO - [2023-02-14T12:03:06.349+0000] {dagbag.py:538} INFO - Filling up the DagBag from /home/airflow/.local/lib/python3.7/site-packages/airflow/example_dags/example_subdag_operator.py
[2023-02-14T12:03:06.393+0000] {processor.py:753} INFO - DAG(s) dict_keys(['example_subdag_operator.section-1', 'example_subdag_operator.section-2', 'example_subdag_operator']) retrieved from /home/airflow/.local/lib/python3.7/site-packages/airflow/example_dags/example_subdag_operator.py
[2023-02-14T12:03:06.431+0000] {logging_mixin.py:137} INFO - [2023-02-14T12:03:06.430+0000] {dag.py:2676} INFO - Sync 3 DAGs
[2023-02-14T12:03:06.459+0000] {logging_mixin.py:137} INFO - [2023-02-14T12:03:06.459+0000] {dag.py:3427} INFO - Setting next_dagrun for example_subdag_operator to 2022-01-01T00:00:00+00:00, run_after=2022-01-01T00:00:00+00:00
[2023-02-14T12:03:06.464+0000] {logging_mixin.py:137} INFO - [2023-02-14T12:03:06.463+0000] {dag.py:3427} INFO - Setting next_dagrun for example_subdag_operator.section-1 to None, run_after=None
[2023-02-14T12:03:06.466+0000] {logging_mixin.py:137} INFO - [2023-02-14T12:03:06.466+0000] {dag.py:3427} INFO - Setting next_dagrun for example_subdag_operator.section-2 to None, run_after=None
[2023-02-14T12:03:06.477+0000] {logging_mixin.py:137} INFO - [2023-02-14T12:03:06.477+0000] {dag.py:2676} INFO - Sync 2 DAGs
[2023-02-14T12:03:06.485+0000] {logging_mixin.py:137} INFO - [2023-02-14T12:03:06.485+0000] {dag.py:3427} INFO - Setting next_dagrun for example_subdag_operator.section-1 to None, run_after=None
[2023-02-14T12:03:06.486+0000] {logging_mixin.py:137} INFO - [2023-02-14T12:03:06.486+0000] {dag.py:3427} INFO - Setting next_dagrun for example_subdag_operator.section-2 to None, run_after=None
[2023-02-14T12:03:06.501+0000] {processor.py:175} INFO - Processing /home/airflow/.local/lib/python3.7/site-packages/airflow/example_dags/example_subdag_operator.py took 0.161 seconds
[2023-02-14T12:03:37.110+0000] {processor.py:153} INFO - Started process (PID=513) to work on /home/airflow/.local/lib/python3.7/site-packages/airflow/example_dags/example_subdag_operator.py
[2023-02-14T12:03:37.112+0000] {processor.py:743} INFO - Processing file /home/airflow/.local/lib/python3.7/site-packages/airflow/example_dags/example_subdag_operator.py for tasks to queue
[2023-02-14T12:03:37.114+0000] {logging_mixin.py:137} INFO - [2023-02-14T12:03:37.114+0000] {dagbag.py:538} INFO - Filling up the DagBag from /home/airflow/.local/lib/python3.7/site-packages/airflow/example_dags/example_subdag_operator.py
[2023-02-14T12:03:37.156+0000] {processor.py:753} INFO - DAG(s) dict_keys(['example_subdag_operator.section-1', 'example_subdag_operator.section-2', 'example_subdag_operator']) retrieved from /home/airflow/.local/lib/python3.7/site-packages/airflow/example_dags/example_subdag_operator.py
[2023-02-14T12:03:37.203+0000] {logging_mixin.py:137} INFO - [2023-02-14T12:03:37.203+0000] {dag.py:2676} INFO - Sync 3 DAGs
[2023-02-14T12:03:37.241+0000] {logging_mixin.py:137} INFO - [2023-02-14T12:03:37.241+0000] {dag.py:3427} INFO - Setting next_dagrun for example_subdag_operator to 2022-01-01T00:00:00+00:00, run_after=2022-01-01T00:00:00+00:00
[2023-02-14T12:03:37.248+0000] {logging_mixin.py:137} INFO - [2023-02-14T12:03:37.248+0000] {dag.py:3427} INFO - Setting next_dagrun for example_subdag_operator.section-1 to None, run_after=None
[2023-02-14T12:03:37.251+0000] {logging_mixin.py:137} INFO - [2023-02-14T12:03:37.251+0000] {dag.py:3427} INFO - Setting next_dagrun for example_subdag_operator.section-2 to None, run_after=None
[2023-02-14T12:03:37.266+0000] {logging_mixin.py:137} INFO - [2023-02-14T12:03:37.266+0000] {dag.py:2676} INFO - Sync 2 DAGs
[2023-02-14T12:03:37.278+0000] {logging_mixin.py:137} INFO - [2023-02-14T12:03:37.277+0000] {dag.py:3427} INFO - Setting next_dagrun for example_subdag_operator.section-1 to None, run_after=None
[2023-02-14T12:03:37.279+0000] {logging_mixin.py:137} INFO - [2023-02-14T12:03:37.279+0000] {dag.py:3427} INFO - Setting next_dagrun for example_subdag_operator.section-2 to None, run_after=None
[2023-02-14T12:03:37.296+0000] {processor.py:175} INFO - Processing /home/airflow/.local/lib/python3.7/site-packages/airflow/example_dags/example_subdag_operator.py took 0.191 seconds
[2023-02-14T12:04:07.584+0000] {processor.py:153} INFO - Started process (PID=584) to work on /home/airflow/.local/lib/python3.7/site-packages/airflow/example_dags/example_subdag_operator.py
[2023-02-14T12:04:07.587+0000] {processor.py:743} INFO - Processing file /home/airflow/.local/lib/python3.7/site-packages/airflow/example_dags/example_subdag_operator.py for tasks to queue
[2023-02-14T12:04:07.588+0000] {logging_mixin.py:137} INFO - [2023-02-14T12:04:07.588+0000] {dagbag.py:538} INFO - Filling up the DagBag from /home/airflow/.local/lib/python3.7/site-packages/airflow/example_dags/example_subdag_operator.py
[2023-02-14T12:04:07.625+0000] {processor.py:753} INFO - DAG(s) dict_keys(['example_subdag_operator.section-1', 'example_subdag_operator.section-2', 'example_subdag_operator']) retrieved from /home/airflow/.local/lib/python3.7/site-packages/airflow/example_dags/example_subdag_operator.py
[2023-02-14T12:04:07.659+0000] {logging_mixin.py:137} INFO - [2023-02-14T12:04:07.659+0000] {dag.py:2676} INFO - Sync 3 DAGs
[2023-02-14T12:04:07.688+0000] {logging_mixin.py:137} INFO - [2023-02-14T12:04:07.688+0000] {dag.py:3427} INFO - Setting next_dagrun for example_subdag_operator to 2022-01-01T00:00:00+00:00, run_after=2022-01-01T00:00:00+00:00
[2023-02-14T12:04:07.694+0000] {logging_mixin.py:137} INFO - [2023-02-14T12:04:07.694+0000] {dag.py:3427} INFO - Setting next_dagrun for example_subdag_operator.section-1 to None, run_after=None
[2023-02-14T12:04:07.696+0000] {logging_mixin.py:137} INFO - [2023-02-14T12:04:07.696+0000] {dag.py:3427} INFO - Setting next_dagrun for example_subdag_operator.section-2 to None, run_after=None
[2023-02-14T12:04:07.706+0000] {logging_mixin.py:137} INFO - [2023-02-14T12:04:07.705+0000] {dag.py:2676} INFO - Sync 2 DAGs
[2023-02-14T12:04:07.713+0000] {logging_mixin.py:137} INFO - [2023-02-14T12:04:07.713+0000] {dag.py:3427} INFO - Setting next_dagrun for example_subdag_operator.section-1 to None, run_after=None
[2023-02-14T12:04:07.714+0000] {logging_mixin.py:137} INFO - [2023-02-14T12:04:07.714+0000] {dag.py:3427} INFO - Setting next_dagrun for example_subdag_operator.section-2 to None, run_after=None
[2023-02-14T12:04:07.729+0000] {processor.py:175} INFO - Processing /home/airflow/.local/lib/python3.7/site-packages/airflow/example_dags/example_subdag_operator.py took 0.149 seconds
[2023-02-14T12:04:38.189+0000] {processor.py:153} INFO - Started process (PID=671) to work on /home/airflow/.local/lib/python3.7/site-packages/airflow/example_dags/example_subdag_operator.py
[2023-02-14T12:04:38.192+0000] {processor.py:743} INFO - Processing file /home/airflow/.local/lib/python3.7/site-packages/airflow/example_dags/example_subdag_operator.py for tasks to queue
[2023-02-14T12:04:38.193+0000] {logging_mixin.py:137} INFO - [2023-02-14T12:04:38.193+0000] {dagbag.py:538} INFO - Filling up the DagBag from /home/airflow/.local/lib/python3.7/site-packages/airflow/example_dags/example_subdag_operator.py
[2023-02-14T12:04:38.232+0000] {processor.py:753} INFO - DAG(s) dict_keys(['example_subdag_operator.section-1', 'example_subdag_operator.section-2', 'example_subdag_operator']) retrieved from /home/airflow/.local/lib/python3.7/site-packages/airflow/example_dags/example_subdag_operator.py
[2023-02-14T12:04:38.269+0000] {logging_mixin.py:137} INFO - [2023-02-14T12:04:38.268+0000] {dag.py:2676} INFO - Sync 3 DAGs
[2023-02-14T12:04:38.299+0000] {logging_mixin.py:137} INFO - [2023-02-14T12:04:38.299+0000] {dag.py:3427} INFO - Setting next_dagrun for example_subdag_operator to 2022-01-01T00:00:00+00:00, run_after=2022-01-01T00:00:00+00:00
[2023-02-14T12:04:38.303+0000] {logging_mixin.py:137} INFO - [2023-02-14T12:04:38.303+0000] {dag.py:3427} INFO - Setting next_dagrun for example_subdag_operator.section-1 to None, run_after=None
[2023-02-14T12:04:38.306+0000] {logging_mixin.py:137} INFO - [2023-02-14T12:04:38.306+0000] {dag.py:3427} INFO - Setting next_dagrun for example_subdag_operator.section-2 to None, run_after=None
[2023-02-14T12:04:38.316+0000] {logging_mixin.py:137} INFO - [2023-02-14T12:04:38.316+0000] {dag.py:2676} INFO - Sync 2 DAGs
[2023-02-14T12:04:38.325+0000] {logging_mixin.py:137} INFO - [2023-02-14T12:04:38.325+0000] {dag.py:3427} INFO - Setting next_dagrun for example_subdag_operator.section-1 to None, run_after=None
[2023-02-14T12:04:38.327+0000] {logging_mixin.py:137} INFO - [2023-02-14T12:04:38.327+0000] {dag.py:3427} INFO - Setting next_dagrun for example_subdag_operator.section-2 to None, run_after=None
[2023-02-14T12:04:38.342+0000] {processor.py:175} INFO - Processing /home/airflow/.local/lib/python3.7/site-packages/airflow/example_dags/example_subdag_operator.py took 0.157 seconds
[2023-02-14T12:05:09.415+0000] {processor.py:153} INFO - Started process (PID=742) to work on /home/airflow/.local/lib/python3.7/site-packages/airflow/example_dags/example_subdag_operator.py
[2023-02-14T12:05:09.418+0000] {processor.py:743} INFO - Processing file /home/airflow/.local/lib/python3.7/site-packages/airflow/example_dags/example_subdag_operator.py for tasks to queue
[2023-02-14T12:05:09.419+0000] {logging_mixin.py:137} INFO - [2023-02-14T12:05:09.419+0000] {dagbag.py:538} INFO - Filling up the DagBag from /home/airflow/.local/lib/python3.7/site-packages/airflow/example_dags/example_subdag_operator.py
[2023-02-14T12:05:09.462+0000] {processor.py:753} INFO - DAG(s) dict_keys(['example_subdag_operator.section-1', 'example_subdag_operator.section-2', 'example_subdag_operator']) retrieved from /home/airflow/.local/lib/python3.7/site-packages/airflow/example_dags/example_subdag_operator.py
[2023-02-14T12:05:09.503+0000] {logging_mixin.py:137} INFO - [2023-02-14T12:05:09.503+0000] {dag.py:2676} INFO - Sync 3 DAGs
[2023-02-14T12:05:09.533+0000] {logging_mixin.py:137} INFO - [2023-02-14T12:05:09.533+0000] {dag.py:3427} INFO - Setting next_dagrun for example_subdag_operator to 2022-01-01T00:00:00+00:00, run_after=2022-01-01T00:00:00+00:00
[2023-02-14T12:05:09.538+0000] {logging_mixin.py:137} INFO - [2023-02-14T12:05:09.538+0000] {dag.py:3427} INFO - Setting next_dagrun for example_subdag_operator.section-1 to None, run_after=None
[2023-02-14T12:05:09.540+0000] {logging_mixin.py:137} INFO - [2023-02-14T12:05:09.540+0000] {dag.py:3427} INFO - Setting next_dagrun for example_subdag_operator.section-2 to None, run_after=None
[2023-02-14T12:05:09.548+0000] {logging_mixin.py:137} INFO - [2023-02-14T12:05:09.548+0000] {dag.py:2676} INFO - Sync 2 DAGs
[2023-02-14T12:05:09.556+0000] {logging_mixin.py:137} INFO - [2023-02-14T12:05:09.556+0000] {dag.py:3427} INFO - Setting next_dagrun for example_subdag_operator.section-1 to None, run_after=None
[2023-02-14T12:05:09.558+0000] {logging_mixin.py:137} INFO - [2023-02-14T12:05:09.557+0000] {dag.py:3427} INFO - Setting next_dagrun for example_subdag_operator.section-2 to None, run_after=None
[2023-02-14T12:05:09.572+0000] {processor.py:175} INFO - Processing /home/airflow/.local/lib/python3.7/site-packages/airflow/example_dags/example_subdag_operator.py took 0.162 seconds
[2023-02-14T12:05:40.198+0000] {processor.py:153} INFO - Started process (PID=829) to work on /home/airflow/.local/lib/python3.7/site-packages/airflow/example_dags/example_subdag_operator.py
[2023-02-14T12:05:40.202+0000] {processor.py:743} INFO - Processing file /home/airflow/.local/lib/python3.7/site-packages/airflow/example_dags/example_subdag_operator.py for tasks to queue
[2023-02-14T12:05:40.204+0000] {logging_mixin.py:137} INFO - [2023-02-14T12:05:40.204+0000] {dagbag.py:538} INFO - Filling up the DagBag from /home/airflow/.local/lib/python3.7/site-packages/airflow/example_dags/example_subdag_operator.py
[2023-02-14T12:05:40.251+0000] {processor.py:753} INFO - DAG(s) dict_keys(['example_subdag_operator.section-1', 'example_subdag_operator.section-2', 'example_subdag_operator']) retrieved from /home/airflow/.local/lib/python3.7/site-packages/airflow/example_dags/example_subdag_operator.py
[2023-02-14T12:05:40.290+0000] {logging_mixin.py:137} INFO - [2023-02-14T12:05:40.289+0000] {dag.py:2676} INFO - Sync 3 DAGs
[2023-02-14T12:05:40.320+0000] {logging_mixin.py:137} INFO - [2023-02-14T12:05:40.320+0000] {dag.py:3427} INFO - Setting next_dagrun for example_subdag_operator to 2022-01-01T00:00:00+00:00, run_after=2022-01-01T00:00:00+00:00
[2023-02-14T12:05:40.327+0000] {logging_mixin.py:137} INFO - [2023-02-14T12:05:40.326+0000] {dag.py:3427} INFO - Setting next_dagrun for example_subdag_operator.section-1 to None, run_after=None
[2023-02-14T12:05:40.329+0000] {logging_mixin.py:137} INFO - [2023-02-14T12:05:40.329+0000] {dag.py:3427} INFO - Setting next_dagrun for example_subdag_operator.section-2 to None, run_after=None
[2023-02-14T12:05:40.340+0000] {logging_mixin.py:137} INFO - [2023-02-14T12:05:40.340+0000] {dag.py:2676} INFO - Sync 2 DAGs
[2023-02-14T12:05:40.349+0000] {logging_mixin.py:137} INFO - [2023-02-14T12:05:40.349+0000] {dag.py:3427} INFO - Setting next_dagrun for example_subdag_operator.section-1 to None, run_after=None
[2023-02-14T12:05:40.351+0000] {logging_mixin.py:137} INFO - [2023-02-14T12:05:40.350+0000] {dag.py:3427} INFO - Setting next_dagrun for example_subdag_operator.section-2 to None, run_after=None
[2023-02-14T12:05:40.365+0000] {processor.py:175} INFO - Processing /home/airflow/.local/lib/python3.7/site-packages/airflow/example_dags/example_subdag_operator.py took 0.171 seconds
[2023-02-14T12:06:10.517+0000] {processor.py:153} INFO - Started process (PID=900) to work on /home/airflow/.local/lib/python3.7/site-packages/airflow/example_dags/example_subdag_operator.py
[2023-02-14T12:06:10.520+0000] {processor.py:743} INFO - Processing file /home/airflow/.local/lib/python3.7/site-packages/airflow/example_dags/example_subdag_operator.py for tasks to queue
[2023-02-14T12:06:10.522+0000] {logging_mixin.py:137} INFO - [2023-02-14T12:06:10.521+0000] {dagbag.py:538} INFO - Filling up the DagBag from /home/airflow/.local/lib/python3.7/site-packages/airflow/example_dags/example_subdag_operator.py
[2023-02-14T12:06:10.560+0000] {processor.py:753} INFO - DAG(s) dict_keys(['example_subdag_operator.section-1', 'example_subdag_operator.section-2', 'example_subdag_operator']) retrieved from /home/airflow/.local/lib/python3.7/site-packages/airflow/example_dags/example_subdag_operator.py
[2023-02-14T12:06:10.594+0000] {logging_mixin.py:137} INFO - [2023-02-14T12:06:10.594+0000] {dag.py:2676} INFO - Sync 3 DAGs
[2023-02-14T12:06:10.622+0000] {logging_mixin.py:137} INFO - [2023-02-14T12:06:10.622+0000] {dag.py:3427} INFO - Setting next_dagrun for example_subdag_operator to 2022-01-01T00:00:00+00:00, run_after=2022-01-01T00:00:00+00:00
[2023-02-14T12:06:10.627+0000] {logging_mixin.py:137} INFO - [2023-02-14T12:06:10.627+0000] {dag.py:3427} INFO - Setting next_dagrun for example_subdag_operator.section-1 to None, run_after=None
[2023-02-14T12:06:10.630+0000] {logging_mixin.py:137} INFO - [2023-02-14T12:06:10.629+0000] {dag.py:3427} INFO - Setting next_dagrun for example_subdag_operator.section-2 to None, run_after=None
[2023-02-14T12:06:10.640+0000] {logging_mixin.py:137} INFO - [2023-02-14T12:06:10.639+0000] {dag.py:2676} INFO - Sync 2 DAGs
[2023-02-14T12:06:10.648+0000] {logging_mixin.py:137} INFO - [2023-02-14T12:06:10.648+0000] {dag.py:3427} INFO - Setting next_dagrun for example_subdag_operator.section-1 to None, run_after=None
[2023-02-14T12:06:10.650+0000] {logging_mixin.py:137} INFO - [2023-02-14T12:06:10.650+0000] {dag.py:3427} INFO - Setting next_dagrun for example_subdag_operator.section-2 to None, run_after=None
[2023-02-14T12:06:10.667+0000] {processor.py:175} INFO - Processing /home/airflow/.local/lib/python3.7/site-packages/airflow/example_dags/example_subdag_operator.py took 0.154 seconds
[2023-02-14T12:06:41.606+0000] {processor.py:153} INFO - Started process (PID=987) to work on /home/airflow/.local/lib/python3.7/site-packages/airflow/example_dags/example_subdag_operator.py
[2023-02-14T12:06:41.609+0000] {processor.py:743} INFO - Processing file /home/airflow/.local/lib/python3.7/site-packages/airflow/example_dags/example_subdag_operator.py for tasks to queue
[2023-02-14T12:06:41.611+0000] {logging_mixin.py:137} INFO - [2023-02-14T12:06:41.610+0000] {dagbag.py:538} INFO - Filling up the DagBag from /home/airflow/.local/lib/python3.7/site-packages/airflow/example_dags/example_subdag_operator.py
[2023-02-14T12:06:41.655+0000] {processor.py:753} INFO - DAG(s) dict_keys(['example_subdag_operator.section-1', 'example_subdag_operator.section-2', 'example_subdag_operator']) retrieved from /home/airflow/.local/lib/python3.7/site-packages/airflow/example_dags/example_subdag_operator.py
[2023-02-14T12:06:41.696+0000] {logging_mixin.py:137} INFO - [2023-02-14T12:06:41.696+0000] {dag.py:2676} INFO - Sync 3 DAGs
[2023-02-14T12:06:41.728+0000] {logging_mixin.py:137} INFO - [2023-02-14T12:06:41.727+0000] {dag.py:3427} INFO - Setting next_dagrun for example_subdag_operator to 2022-01-01T00:00:00+00:00, run_after=2022-01-01T00:00:00+00:00
[2023-02-14T12:06:41.733+0000] {logging_mixin.py:137} INFO - [2023-02-14T12:06:41.733+0000] {dag.py:3427} INFO - Setting next_dagrun for example_subdag_operator.section-1 to None, run_after=None
[2023-02-14T12:06:41.737+0000] {logging_mixin.py:137} INFO - [2023-02-14T12:06:41.737+0000] {dag.py:3427} INFO - Setting next_dagrun for example_subdag_operator.section-2 to None, run_after=None
[2023-02-14T12:06:41.749+0000] {logging_mixin.py:137} INFO - [2023-02-14T12:06:41.749+0000] {dag.py:2676} INFO - Sync 2 DAGs
[2023-02-14T12:06:41.758+0000] {logging_mixin.py:137} INFO - [2023-02-14T12:06:41.758+0000] {dag.py:3427} INFO - Setting next_dagrun for example_subdag_operator.section-1 to None, run_after=None
[2023-02-14T12:06:41.759+0000] {logging_mixin.py:137} INFO - [2023-02-14T12:06:41.759+0000] {dag.py:3427} INFO - Setting next_dagrun for example_subdag_operator.section-2 to None, run_after=None
[2023-02-14T12:06:41.775+0000] {processor.py:175} INFO - Processing /home/airflow/.local/lib/python3.7/site-packages/airflow/example_dags/example_subdag_operator.py took 0.173 seconds
[2023-02-14T12:07:11.852+0000] {processor.py:153} INFO - Started process (PID=1059) to work on /home/airflow/.local/lib/python3.7/site-packages/airflow/example_dags/example_subdag_operator.py
[2023-02-14T12:07:11.856+0000] {processor.py:743} INFO - Processing file /home/airflow/.local/lib/python3.7/site-packages/airflow/example_dags/example_subdag_operator.py for tasks to queue
[2023-02-14T12:07:11.857+0000] {logging_mixin.py:137} INFO - [2023-02-14T12:07:11.857+0000] {dagbag.py:538} INFO - Filling up the DagBag from /home/airflow/.local/lib/python3.7/site-packages/airflow/example_dags/example_subdag_operator.py
[2023-02-14T12:07:11.906+0000] {processor.py:753} INFO - DAG(s) dict_keys(['example_subdag_operator.section-1', 'example_subdag_operator.section-2', 'example_subdag_operator']) retrieved from /home/airflow/.local/lib/python3.7/site-packages/airflow/example_dags/example_subdag_operator.py
[2023-02-14T12:07:11.951+0000] {logging_mixin.py:137} INFO - [2023-02-14T12:07:11.950+0000] {dag.py:2676} INFO - Sync 3 DAGs
[2023-02-14T12:07:11.985+0000] {logging_mixin.py:137} INFO - [2023-02-14T12:07:11.985+0000] {dag.py:3427} INFO - Setting next_dagrun for example_subdag_operator to 2022-01-01T00:00:00+00:00, run_after=2022-01-01T00:00:00+00:00
[2023-02-14T12:07:11.991+0000] {logging_mixin.py:137} INFO - [2023-02-14T12:07:11.991+0000] {dag.py:3427} INFO - Setting next_dagrun for example_subdag_operator.section-1 to None, run_after=None
[2023-02-14T12:07:11.994+0000] {logging_mixin.py:137} INFO - [2023-02-14T12:07:11.994+0000] {dag.py:3427} INFO - Setting next_dagrun for example_subdag_operator.section-2 to None, run_after=None
[2023-02-14T12:07:12.005+0000] {logging_mixin.py:137} INFO - [2023-02-14T12:07:12.005+0000] {dag.py:2676} INFO - Sync 2 DAGs
[2023-02-14T12:07:12.015+0000] {logging_mixin.py:137} INFO - [2023-02-14T12:07:12.014+0000] {dag.py:3427} INFO - Setting next_dagrun for example_subdag_operator.section-1 to None, run_after=None
[2023-02-14T12:07:12.016+0000] {logging_mixin.py:137} INFO - [2023-02-14T12:07:12.016+0000] {dag.py:3427} INFO - Setting next_dagrun for example_subdag_operator.section-2 to None, run_after=None
[2023-02-14T12:07:12.030+0000] {processor.py:175} INFO - Processing /home/airflow/.local/lib/python3.7/site-packages/airflow/example_dags/example_subdag_operator.py took 0.182 seconds
[2023-02-14T12:07:42.087+0000] {processor.py:153} INFO - Started process (PID=1146) to work on /home/airflow/.local/lib/python3.7/site-packages/airflow/example_dags/example_subdag_operator.py
[2023-02-14T12:07:42.090+0000] {processor.py:743} INFO - Processing file /home/airflow/.local/lib/python3.7/site-packages/airflow/example_dags/example_subdag_operator.py for tasks to queue
[2023-02-14T12:07:42.092+0000] {logging_mixin.py:137} INFO - [2023-02-14T12:07:42.092+0000] {dagbag.py:538} INFO - Filling up the DagBag from /home/airflow/.local/lib/python3.7/site-packages/airflow/example_dags/example_subdag_operator.py
[2023-02-14T12:07:42.132+0000] {processor.py:753} INFO - DAG(s) dict_keys(['example_subdag_operator.section-1', 'example_subdag_operator.section-2', 'example_subdag_operator']) retrieved from /home/airflow/.local/lib/python3.7/site-packages/airflow/example_dags/example_subdag_operator.py
[2023-02-14T12:07:42.167+0000] {logging_mixin.py:137} INFO - [2023-02-14T12:07:42.167+0000] {dag.py:2676} INFO - Sync 3 DAGs
[2023-02-14T12:07:42.196+0000] {logging_mixin.py:137} INFO - [2023-02-14T12:07:42.195+0000] {dag.py:3427} INFO - Setting next_dagrun for example_subdag_operator to 2022-01-01T00:00:00+00:00, run_after=2022-01-01T00:00:00+00:00
[2023-02-14T12:07:42.205+0000] {logging_mixin.py:137} INFO - [2023-02-14T12:07:42.204+0000] {dag.py:3427} INFO - Setting next_dagrun for example_subdag_operator.section-1 to None, run_after=None
[2023-02-14T12:07:42.208+0000] {logging_mixin.py:137} INFO - [2023-02-14T12:07:42.208+0000] {dag.py:3427} INFO - Setting next_dagrun for example_subdag_operator.section-2 to None, run_after=None
[2023-02-14T12:07:42.218+0000] {logging_mixin.py:137} INFO - [2023-02-14T12:07:42.217+0000] {dag.py:2676} INFO - Sync 2 DAGs
[2023-02-14T12:07:42.225+0000] {logging_mixin.py:137} INFO - [2023-02-14T12:07:42.225+0000] {dag.py:3427} INFO - Setting next_dagrun for example_subdag_operator.section-1 to None, run_after=None
[2023-02-14T12:07:42.226+0000] {logging_mixin.py:137} INFO - [2023-02-14T12:07:42.226+0000] {dag.py:3427} INFO - Setting next_dagrun for example_subdag_operator.section-2 to None, run_after=None
[2023-02-14T12:07:42.238+0000] {processor.py:175} INFO - Processing /home/airflow/.local/lib/python3.7/site-packages/airflow/example_dags/example_subdag_operator.py took 0.156 seconds
[2023-02-14T12:08:12.425+0000] {processor.py:153} INFO - Started process (PID=1217) to work on /home/airflow/.local/lib/python3.7/site-packages/airflow/example_dags/example_subdag_operator.py
[2023-02-14T12:08:12.428+0000] {processor.py:743} INFO - Processing file /home/airflow/.local/lib/python3.7/site-packages/airflow/example_dags/example_subdag_operator.py for tasks to queue
[2023-02-14T12:08:12.429+0000] {logging_mixin.py:137} INFO - [2023-02-14T12:08:12.429+0000] {dagbag.py:538} INFO - Filling up the DagBag from /home/airflow/.local/lib/python3.7/site-packages/airflow/example_dags/example_subdag_operator.py
[2023-02-14T12:08:12.467+0000] {processor.py:753} INFO - DAG(s) dict_keys(['example_subdag_operator.section-1', 'example_subdag_operator.section-2', 'example_subdag_operator']) retrieved from /home/airflow/.local/lib/python3.7/site-packages/airflow/example_dags/example_subdag_operator.py
[2023-02-14T12:08:12.502+0000] {logging_mixin.py:137} INFO - [2023-02-14T12:08:12.501+0000] {dag.py:2676} INFO - Sync 3 DAGs
[2023-02-14T12:08:12.531+0000] {logging_mixin.py:137} INFO - [2023-02-14T12:08:12.530+0000] {dag.py:3427} INFO - Setting next_dagrun for example_subdag_operator to 2022-01-01T00:00:00+00:00, run_after=2022-01-01T00:00:00+00:00
[2023-02-14T12:08:12.535+0000] {logging_mixin.py:137} INFO - [2023-02-14T12:08:12.535+0000] {dag.py:3427} INFO - Setting next_dagrun for example_subdag_operator.section-1 to None, run_after=None
[2023-02-14T12:08:12.538+0000] {logging_mixin.py:137} INFO - [2023-02-14T12:08:12.537+0000] {dag.py:3427} INFO - Setting next_dagrun for example_subdag_operator.section-2 to None, run_after=None
[2023-02-14T12:08:12.549+0000] {logging_mixin.py:137} INFO - [2023-02-14T12:08:12.549+0000] {dag.py:2676} INFO - Sync 2 DAGs
[2023-02-14T12:08:12.557+0000] {logging_mixin.py:137} INFO - [2023-02-14T12:08:12.557+0000] {dag.py:3427} INFO - Setting next_dagrun for example_subdag_operator.section-1 to None, run_after=None
[2023-02-14T12:08:12.559+0000] {logging_mixin.py:137} INFO - [2023-02-14T12:08:12.558+0000] {dag.py:3427} INFO - Setting next_dagrun for example_subdag_operator.section-2 to None, run_after=None
[2023-02-14T12:08:12.572+0000] {processor.py:175} INFO - Processing /home/airflow/.local/lib/python3.7/site-packages/airflow/example_dags/example_subdag_operator.py took 0.152 seconds
[2023-02-14T12:08:42.698+0000] {processor.py:153} INFO - Started process (PID=1304) to work on /home/airflow/.local/lib/python3.7/site-packages/airflow/example_dags/example_subdag_operator.py
[2023-02-14T12:08:42.705+0000] {processor.py:743} INFO - Processing file /home/airflow/.local/lib/python3.7/site-packages/airflow/example_dags/example_subdag_operator.py for tasks to queue
[2023-02-14T12:08:42.723+0000] {logging_mixin.py:137} INFO - [2023-02-14T12:08:42.722+0000] {dagbag.py:538} INFO - Filling up the DagBag from /home/airflow/.local/lib/python3.7/site-packages/airflow/example_dags/example_subdag_operator.py
[2023-02-14T12:08:42.793+0000] {processor.py:753} INFO - DAG(s) dict_keys(['example_subdag_operator.section-1', 'example_subdag_operator.section-2', 'example_subdag_operator']) retrieved from /home/airflow/.local/lib/python3.7/site-packages/airflow/example_dags/example_subdag_operator.py
[2023-02-14T12:08:42.836+0000] {logging_mixin.py:137} INFO - [2023-02-14T12:08:42.835+0000] {dag.py:2676} INFO - Sync 3 DAGs
[2023-02-14T12:08:42.869+0000] {logging_mixin.py:137} INFO - [2023-02-14T12:08:42.869+0000] {dag.py:3427} INFO - Setting next_dagrun for example_subdag_operator to 2022-01-01T00:00:00+00:00, run_after=2022-01-01T00:00:00+00:00
[2023-02-14T12:08:42.873+0000] {logging_mixin.py:137} INFO - [2023-02-14T12:08:42.873+0000] {dag.py:3427} INFO - Setting next_dagrun for example_subdag_operator.section-1 to None, run_after=None
[2023-02-14T12:08:42.876+0000] {logging_mixin.py:137} INFO - [2023-02-14T12:08:42.875+0000] {dag.py:3427} INFO - Setting next_dagrun for example_subdag_operator.section-2 to None, run_after=None
[2023-02-14T12:08:42.885+0000] {logging_mixin.py:137} INFO - [2023-02-14T12:08:42.885+0000] {dag.py:2676} INFO - Sync 2 DAGs
[2023-02-14T12:08:42.894+0000] {logging_mixin.py:137} INFO - [2023-02-14T12:08:42.894+0000] {dag.py:3427} INFO - Setting next_dagrun for example_subdag_operator.section-1 to None, run_after=None
[2023-02-14T12:08:42.895+0000] {logging_mixin.py:137} INFO - [2023-02-14T12:08:42.895+0000] {dag.py:3427} INFO - Setting next_dagrun for example_subdag_operator.section-2 to None, run_after=None
[2023-02-14T12:08:42.912+0000] {processor.py:175} INFO - Processing /home/airflow/.local/lib/python3.7/site-packages/airflow/example_dags/example_subdag_operator.py took 0.220 seconds
[2023-02-14T12:09:13.284+0000] {processor.py:153} INFO - Started process (PID=1375) to work on /home/airflow/.local/lib/python3.7/site-packages/airflow/example_dags/example_subdag_operator.py
[2023-02-14T12:09:13.286+0000] {processor.py:743} INFO - Processing file /home/airflow/.local/lib/python3.7/site-packages/airflow/example_dags/example_subdag_operator.py for tasks to queue
[2023-02-14T12:09:13.288+0000] {logging_mixin.py:137} INFO - [2023-02-14T12:09:13.288+0000] {dagbag.py:538} INFO - Filling up the DagBag from /home/airflow/.local/lib/python3.7/site-packages/airflow/example_dags/example_subdag_operator.py
[2023-02-14T12:09:13.325+0000] {processor.py:753} INFO - DAG(s) dict_keys(['example_subdag_operator.section-1', 'example_subdag_operator.section-2', 'example_subdag_operator']) retrieved from /home/airflow/.local/lib/python3.7/site-packages/airflow/example_dags/example_subdag_operator.py
[2023-02-14T12:09:13.363+0000] {logging_mixin.py:137} INFO - [2023-02-14T12:09:13.362+0000] {dag.py:2676} INFO - Sync 3 DAGs
[2023-02-14T12:09:13.390+0000] {logging_mixin.py:137} INFO - [2023-02-14T12:09:13.390+0000] {dag.py:3427} INFO - Setting next_dagrun for example_subdag_operator to 2022-01-01T00:00:00+00:00, run_after=2022-01-01T00:00:00+00:00
[2023-02-14T12:09:13.396+0000] {logging_mixin.py:137} INFO - [2023-02-14T12:09:13.396+0000] {dag.py:3427} INFO - Setting next_dagrun for example_subdag_operator.section-1 to None, run_after=None
[2023-02-14T12:09:13.399+0000] {logging_mixin.py:137} INFO - [2023-02-14T12:09:13.399+0000] {dag.py:3427} INFO - Setting next_dagrun for example_subdag_operator.section-2 to None, run_after=None
[2023-02-14T12:09:13.409+0000] {logging_mixin.py:137} INFO - [2023-02-14T12:09:13.409+0000] {dag.py:2676} INFO - Sync 2 DAGs
[2023-02-14T12:09:13.416+0000] {logging_mixin.py:137} INFO - [2023-02-14T12:09:13.416+0000] {dag.py:3427} INFO - Setting next_dagrun for example_subdag_operator.section-1 to None, run_after=None
[2023-02-14T12:09:13.418+0000] {logging_mixin.py:137} INFO - [2023-02-14T12:09:13.418+0000] {dag.py:3427} INFO - Setting next_dagrun for example_subdag_operator.section-2 to None, run_after=None
[2023-02-14T12:09:13.432+0000] {processor.py:175} INFO - Processing /home/airflow/.local/lib/python3.7/site-packages/airflow/example_dags/example_subdag_operator.py took 0.153 seconds
[2023-02-14T12:09:44.301+0000] {processor.py:153} INFO - Started process (PID=1455) to work on /home/airflow/.local/lib/python3.7/site-packages/airflow/example_dags/example_subdag_operator.py
[2023-02-14T12:09:44.304+0000] {processor.py:743} INFO - Processing file /home/airflow/.local/lib/python3.7/site-packages/airflow/example_dags/example_subdag_operator.py for tasks to queue
[2023-02-14T12:09:44.305+0000] {logging_mixin.py:137} INFO - [2023-02-14T12:09:44.305+0000] {dagbag.py:538} INFO - Filling up the DagBag from /home/airflow/.local/lib/python3.7/site-packages/airflow/example_dags/example_subdag_operator.py
[2023-02-14T12:09:44.344+0000] {processor.py:753} INFO - DAG(s) dict_keys(['example_subdag_operator.section-1', 'example_subdag_operator.section-2', 'example_subdag_operator']) retrieved from /home/airflow/.local/lib/python3.7/site-packages/airflow/example_dags/example_subdag_operator.py
[2023-02-14T12:09:44.380+0000] {logging_mixin.py:137} INFO - [2023-02-14T12:09:44.379+0000] {dag.py:2676} INFO - Sync 3 DAGs
[2023-02-14T12:09:44.408+0000] {logging_mixin.py:137} INFO - [2023-02-14T12:09:44.407+0000] {dag.py:3427} INFO - Setting next_dagrun for example_subdag_operator to 2022-01-01T00:00:00+00:00, run_after=2022-01-01T00:00:00+00:00
[2023-02-14T12:09:44.412+0000] {logging_mixin.py:137} INFO - [2023-02-14T12:09:44.412+0000] {dag.py:3427} INFO - Setting next_dagrun for example_subdag_operator.section-1 to None, run_after=None
[2023-02-14T12:09:44.415+0000] {logging_mixin.py:137} INFO - [2023-02-14T12:09:44.415+0000] {dag.py:3427} INFO - Setting next_dagrun for example_subdag_operator.section-2 to None, run_after=None
[2023-02-14T12:09:44.425+0000] {logging_mixin.py:137} INFO - [2023-02-14T12:09:44.425+0000] {dag.py:2676} INFO - Sync 2 DAGs
[2023-02-14T12:09:44.432+0000] {logging_mixin.py:137} INFO - [2023-02-14T12:09:44.431+0000] {dag.py:3427} INFO - Setting next_dagrun for example_subdag_operator.section-1 to None, run_after=None
[2023-02-14T12:09:44.433+0000] {logging_mixin.py:137} INFO - [2023-02-14T12:09:44.433+0000] {dag.py:3427} INFO - Setting next_dagrun for example_subdag_operator.section-2 to None, run_after=None
[2023-02-14T12:09:44.448+0000] {processor.py:175} INFO - Processing /home/airflow/.local/lib/python3.7/site-packages/airflow/example_dags/example_subdag_operator.py took 0.151 seconds
[2023-02-14T12:10:14.776+0000] {processor.py:153} INFO - Started process (PID=1533) to work on /home/airflow/.local/lib/python3.7/site-packages/airflow/example_dags/example_subdag_operator.py
[2023-02-14T12:10:14.779+0000] {processor.py:743} INFO - Processing file /home/airflow/.local/lib/python3.7/site-packages/airflow/example_dags/example_subdag_operator.py for tasks to queue
[2023-02-14T12:10:14.780+0000] {logging_mixin.py:137} INFO - [2023-02-14T12:10:14.780+0000] {dagbag.py:538} INFO - Filling up the DagBag from /home/airflow/.local/lib/python3.7/site-packages/airflow/example_dags/example_subdag_operator.py
[2023-02-14T12:10:14.819+0000] {processor.py:753} INFO - DAG(s) dict_keys(['example_subdag_operator.section-1', 'example_subdag_operator.section-2', 'example_subdag_operator']) retrieved from /home/airflow/.local/lib/python3.7/site-packages/airflow/example_dags/example_subdag_operator.py
[2023-02-14T12:10:14.855+0000] {logging_mixin.py:137} INFO - [2023-02-14T12:10:14.855+0000] {dag.py:2676} INFO - Sync 3 DAGs
[2023-02-14T12:10:14.884+0000] {logging_mixin.py:137} INFO - [2023-02-14T12:10:14.884+0000] {dag.py:3427} INFO - Setting next_dagrun for example_subdag_operator to 2022-01-01T00:00:00+00:00, run_after=2022-01-01T00:00:00+00:00
[2023-02-14T12:10:14.889+0000] {logging_mixin.py:137} INFO - [2023-02-14T12:10:14.889+0000] {dag.py:3427} INFO - Setting next_dagrun for example_subdag_operator.section-1 to None, run_after=None
[2023-02-14T12:10:14.892+0000] {logging_mixin.py:137} INFO - [2023-02-14T12:10:14.891+0000] {dag.py:3427} INFO - Setting next_dagrun for example_subdag_operator.section-2 to None, run_after=None
[2023-02-14T12:10:14.902+0000] {logging_mixin.py:137} INFO - [2023-02-14T12:10:14.902+0000] {dag.py:2676} INFO - Sync 2 DAGs
[2023-02-14T12:10:14.909+0000] {logging_mixin.py:137} INFO - [2023-02-14T12:10:14.909+0000] {dag.py:3427} INFO - Setting next_dagrun for example_subdag_operator.section-1 to None, run_after=None
[2023-02-14T12:10:14.911+0000] {logging_mixin.py:137} INFO - [2023-02-14T12:10:14.910+0000] {dag.py:3427} INFO - Setting next_dagrun for example_subdag_operator.section-2 to None, run_after=None
[2023-02-14T12:10:14.925+0000] {processor.py:175} INFO - Processing /home/airflow/.local/lib/python3.7/site-packages/airflow/example_dags/example_subdag_operator.py took 0.153 seconds
[2023-02-14T12:10:45.489+0000] {processor.py:153} INFO - Started process (PID=1604) to work on /home/airflow/.local/lib/python3.7/site-packages/airflow/example_dags/example_subdag_operator.py
[2023-02-14T12:10:45.491+0000] {processor.py:743} INFO - Processing file /home/airflow/.local/lib/python3.7/site-packages/airflow/example_dags/example_subdag_operator.py for tasks to queue
[2023-02-14T12:10:45.493+0000] {logging_mixin.py:137} INFO - [2023-02-14T12:10:45.493+0000] {dagbag.py:538} INFO - Filling up the DagBag from /home/airflow/.local/lib/python3.7/site-packages/airflow/example_dags/example_subdag_operator.py
[2023-02-14T12:10:45.532+0000] {processor.py:753} INFO - DAG(s) dict_keys(['example_subdag_operator.section-1', 'example_subdag_operator.section-2', 'example_subdag_operator']) retrieved from /home/airflow/.local/lib/python3.7/site-packages/airflow/example_dags/example_subdag_operator.py
[2023-02-14T12:10:45.567+0000] {logging_mixin.py:137} INFO - [2023-02-14T12:10:45.567+0000] {dag.py:2676} INFO - Sync 3 DAGs
[2023-02-14T12:10:45.595+0000] {logging_mixin.py:137} INFO - [2023-02-14T12:10:45.595+0000] {dag.py:3427} INFO - Setting next_dagrun for example_subdag_operator to 2022-01-01T00:00:00+00:00, run_after=2022-01-01T00:00:00+00:00
[2023-02-14T12:10:45.600+0000] {logging_mixin.py:137} INFO - [2023-02-14T12:10:45.600+0000] {dag.py:3427} INFO - Setting next_dagrun for example_subdag_operator.section-1 to None, run_after=None
[2023-02-14T12:10:45.603+0000] {logging_mixin.py:137} INFO - [2023-02-14T12:10:45.602+0000] {dag.py:3427} INFO - Setting next_dagrun for example_subdag_operator.section-2 to None, run_after=None
[2023-02-14T12:10:45.614+0000] {logging_mixin.py:137} INFO - [2023-02-14T12:10:45.614+0000] {dag.py:2676} INFO - Sync 2 DAGs
[2023-02-14T12:10:45.623+0000] {logging_mixin.py:137} INFO - [2023-02-14T12:10:45.623+0000] {dag.py:3427} INFO - Setting next_dagrun for example_subdag_operator.section-1 to None, run_after=None
[2023-02-14T12:10:45.624+0000] {logging_mixin.py:137} INFO - [2023-02-14T12:10:45.624+0000] {dag.py:3427} INFO - Setting next_dagrun for example_subdag_operator.section-2 to None, run_after=None
[2023-02-14T12:10:45.639+0000] {processor.py:175} INFO - Processing /home/airflow/.local/lib/python3.7/site-packages/airflow/example_dags/example_subdag_operator.py took 0.155 seconds
[2023-02-14T12:11:16.272+0000] {processor.py:153} INFO - Started process (PID=1691) to work on /home/airflow/.local/lib/python3.7/site-packages/airflow/example_dags/example_subdag_operator.py
[2023-02-14T12:11:16.275+0000] {processor.py:743} INFO - Processing file /home/airflow/.local/lib/python3.7/site-packages/airflow/example_dags/example_subdag_operator.py for tasks to queue
[2023-02-14T12:11:16.276+0000] {logging_mixin.py:137} INFO - [2023-02-14T12:11:16.276+0000] {dagbag.py:538} INFO - Filling up the DagBag from /home/airflow/.local/lib/python3.7/site-packages/airflow/example_dags/example_subdag_operator.py
[2023-02-14T12:11:16.316+0000] {processor.py:753} INFO - DAG(s) dict_keys(['example_subdag_operator.section-1', 'example_subdag_operator.section-2', 'example_subdag_operator']) retrieved from /home/airflow/.local/lib/python3.7/site-packages/airflow/example_dags/example_subdag_operator.py
[2023-02-14T12:11:16.350+0000] {logging_mixin.py:137} INFO - [2023-02-14T12:11:16.350+0000] {dag.py:2676} INFO - Sync 3 DAGs
[2023-02-14T12:11:16.379+0000] {logging_mixin.py:137} INFO - [2023-02-14T12:11:16.379+0000] {dag.py:3427} INFO - Setting next_dagrun for example_subdag_operator to 2022-01-01T00:00:00+00:00, run_after=2022-01-01T00:00:00+00:00
[2023-02-14T12:11:16.384+0000] {logging_mixin.py:137} INFO - [2023-02-14T12:11:16.384+0000] {dag.py:3427} INFO - Setting next_dagrun for example_subdag_operator.section-1 to None, run_after=None
[2023-02-14T12:11:16.387+0000] {logging_mixin.py:137} INFO - [2023-02-14T12:11:16.387+0000] {dag.py:3427} INFO - Setting next_dagrun for example_subdag_operator.section-2 to None, run_after=None
[2023-02-14T12:11:16.400+0000] {logging_mixin.py:137} INFO - [2023-02-14T12:11:16.400+0000] {dag.py:2676} INFO - Sync 2 DAGs
[2023-02-14T12:11:16.412+0000] {logging_mixin.py:137} INFO - [2023-02-14T12:11:16.412+0000] {dag.py:3427} INFO - Setting next_dagrun for example_subdag_operator.section-1 to None, run_after=None
[2023-02-14T12:11:16.414+0000] {logging_mixin.py:137} INFO - [2023-02-14T12:11:16.414+0000] {dag.py:3427} INFO - Setting next_dagrun for example_subdag_operator.section-2 to None, run_after=None
[2023-02-14T12:11:16.430+0000] {processor.py:175} INFO - Processing /home/airflow/.local/lib/python3.7/site-packages/airflow/example_dags/example_subdag_operator.py took 0.163 seconds
[2023-02-14T12:11:46.737+0000] {processor.py:153} INFO - Started process (PID=1762) to work on /home/airflow/.local/lib/python3.7/site-packages/airflow/example_dags/example_subdag_operator.py
[2023-02-14T12:11:46.738+0000] {processor.py:743} INFO - Processing file /home/airflow/.local/lib/python3.7/site-packages/airflow/example_dags/example_subdag_operator.py for tasks to queue
[2023-02-14T12:11:46.740+0000] {logging_mixin.py:137} INFO - [2023-02-14T12:11:46.740+0000] {dagbag.py:538} INFO - Filling up the DagBag from /home/airflow/.local/lib/python3.7/site-packages/airflow/example_dags/example_subdag_operator.py
[2023-02-14T12:11:46.778+0000] {processor.py:753} INFO - DAG(s) dict_keys(['example_subdag_operator.section-1', 'example_subdag_operator.section-2', 'example_subdag_operator']) retrieved from /home/airflow/.local/lib/python3.7/site-packages/airflow/example_dags/example_subdag_operator.py
[2023-02-14T12:11:46.812+0000] {logging_mixin.py:137} INFO - [2023-02-14T12:11:46.812+0000] {dag.py:2676} INFO - Sync 3 DAGs
[2023-02-14T12:11:46.840+0000] {logging_mixin.py:137} INFO - [2023-02-14T12:11:46.840+0000] {dag.py:3427} INFO - Setting next_dagrun for example_subdag_operator to 2022-01-01T00:00:00+00:00, run_after=2022-01-01T00:00:00+00:00
[2023-02-14T12:11:46.845+0000] {logging_mixin.py:137} INFO - [2023-02-14T12:11:46.845+0000] {dag.py:3427} INFO - Setting next_dagrun for example_subdag_operator.section-1 to None, run_after=None
[2023-02-14T12:11:46.847+0000] {logging_mixin.py:137} INFO - [2023-02-14T12:11:46.847+0000] {dag.py:3427} INFO - Setting next_dagrun for example_subdag_operator.section-2 to None, run_after=None
[2023-02-14T12:11:46.859+0000] {logging_mixin.py:137} INFO - [2023-02-14T12:11:46.859+0000] {dag.py:2676} INFO - Sync 2 DAGs
[2023-02-14T12:11:46.867+0000] {logging_mixin.py:137} INFO - [2023-02-14T12:11:46.867+0000] {dag.py:3427} INFO - Setting next_dagrun for example_subdag_operator.section-1 to None, run_after=None
[2023-02-14T12:11:46.869+0000] {logging_mixin.py:137} INFO - [2023-02-14T12:11:46.868+0000] {dag.py:3427} INFO - Setting next_dagrun for example_subdag_operator.section-2 to None, run_after=None
[2023-02-14T12:11:46.885+0000] {processor.py:175} INFO - Processing /home/airflow/.local/lib/python3.7/site-packages/airflow/example_dags/example_subdag_operator.py took 0.153 seconds
[2023-02-14T12:12:16.960+0000] {processor.py:153} INFO - Started process (PID=1849) to work on /home/airflow/.local/lib/python3.7/site-packages/airflow/example_dags/example_subdag_operator.py
[2023-02-14T12:12:16.963+0000] {processor.py:743} INFO - Processing file /home/airflow/.local/lib/python3.7/site-packages/airflow/example_dags/example_subdag_operator.py for tasks to queue
[2023-02-14T12:12:16.964+0000] {logging_mixin.py:137} INFO - [2023-02-14T12:12:16.964+0000] {dagbag.py:538} INFO - Filling up the DagBag from /home/airflow/.local/lib/python3.7/site-packages/airflow/example_dags/example_subdag_operator.py
[2023-02-14T12:12:17.002+0000] {processor.py:753} INFO - DAG(s) dict_keys(['example_subdag_operator.section-1', 'example_subdag_operator.section-2', 'example_subdag_operator']) retrieved from /home/airflow/.local/lib/python3.7/site-packages/airflow/example_dags/example_subdag_operator.py
[2023-02-14T12:12:17.039+0000] {logging_mixin.py:137} INFO - [2023-02-14T12:12:17.039+0000] {dag.py:2676} INFO - Sync 3 DAGs
[2023-02-14T12:12:17.076+0000] {logging_mixin.py:137} INFO - [2023-02-14T12:12:17.075+0000] {dag.py:3427} INFO - Setting next_dagrun for example_subdag_operator to 2022-01-01T00:00:00+00:00, run_after=2022-01-01T00:00:00+00:00
[2023-02-14T12:12:17.085+0000] {logging_mixin.py:137} INFO - [2023-02-14T12:12:17.085+0000] {dag.py:3427} INFO - Setting next_dagrun for example_subdag_operator.section-1 to None, run_after=None
[2023-02-14T12:12:17.087+0000] {logging_mixin.py:137} INFO - [2023-02-14T12:12:17.087+0000] {dag.py:3427} INFO - Setting next_dagrun for example_subdag_operator.section-2 to None, run_after=None
[2023-02-14T12:12:17.099+0000] {logging_mixin.py:137} INFO - [2023-02-14T12:12:17.099+0000] {dag.py:2676} INFO - Sync 2 DAGs
[2023-02-14T12:12:17.110+0000] {logging_mixin.py:137} INFO - [2023-02-14T12:12:17.110+0000] {dag.py:3427} INFO - Setting next_dagrun for example_subdag_operator.section-1 to None, run_after=None
[2023-02-14T12:12:17.113+0000] {logging_mixin.py:137} INFO - [2023-02-14T12:12:17.113+0000] {dag.py:3427} INFO - Setting next_dagrun for example_subdag_operator.section-2 to None, run_after=None
[2023-02-14T12:12:17.130+0000] {processor.py:175} INFO - Processing /home/airflow/.local/lib/python3.7/site-packages/airflow/example_dags/example_subdag_operator.py took 0.174 seconds
[2023-02-14T12:12:48.014+0000] {processor.py:153} INFO - Started process (PID=1920) to work on /home/airflow/.local/lib/python3.7/site-packages/airflow/example_dags/example_subdag_operator.py
[2023-02-14T12:12:48.017+0000] {processor.py:743} INFO - Processing file /home/airflow/.local/lib/python3.7/site-packages/airflow/example_dags/example_subdag_operator.py for tasks to queue
[2023-02-14T12:12:48.020+0000] {logging_mixin.py:137} INFO - [2023-02-14T12:12:48.020+0000] {dagbag.py:538} INFO - Filling up the DagBag from /home/airflow/.local/lib/python3.7/site-packages/airflow/example_dags/example_subdag_operator.py
[2023-02-14T12:12:48.068+0000] {processor.py:753} INFO - DAG(s) dict_keys(['example_subdag_operator.section-1', 'example_subdag_operator.section-2', 'example_subdag_operator']) retrieved from /home/airflow/.local/lib/python3.7/site-packages/airflow/example_dags/example_subdag_operator.py
[2023-02-14T12:12:48.113+0000] {logging_mixin.py:137} INFO - [2023-02-14T12:12:48.112+0000] {dag.py:2676} INFO - Sync 3 DAGs
[2023-02-14T12:12:48.148+0000] {logging_mixin.py:137} INFO - [2023-02-14T12:12:48.148+0000] {dag.py:3427} INFO - Setting next_dagrun for example_subdag_operator to 2022-01-01T00:00:00+00:00, run_after=2022-01-01T00:00:00+00:00
[2023-02-14T12:12:48.154+0000] {logging_mixin.py:137} INFO - [2023-02-14T12:12:48.153+0000] {dag.py:3427} INFO - Setting next_dagrun for example_subdag_operator.section-1 to None, run_after=None
[2023-02-14T12:12:48.156+0000] {logging_mixin.py:137} INFO - [2023-02-14T12:12:48.156+0000] {dag.py:3427} INFO - Setting next_dagrun for example_subdag_operator.section-2 to None, run_after=None
[2023-02-14T12:12:48.167+0000] {logging_mixin.py:137} INFO - [2023-02-14T12:12:48.167+0000] {dag.py:2676} INFO - Sync 2 DAGs
[2023-02-14T12:12:48.175+0000] {logging_mixin.py:137} INFO - [2023-02-14T12:12:48.175+0000] {dag.py:3427} INFO - Setting next_dagrun for example_subdag_operator.section-1 to None, run_after=None
[2023-02-14T12:12:48.177+0000] {logging_mixin.py:137} INFO - [2023-02-14T12:12:48.177+0000] {dag.py:3427} INFO - Setting next_dagrun for example_subdag_operator.section-2 to None, run_after=None
[2023-02-14T12:12:48.192+0000] {processor.py:175} INFO - Processing /home/airflow/.local/lib/python3.7/site-packages/airflow/example_dags/example_subdag_operator.py took 0.183 seconds
[2023-02-14T12:13:18.728+0000] {processor.py:153} INFO - Started process (PID=2007) to work on /home/airflow/.local/lib/python3.7/site-packages/airflow/example_dags/example_subdag_operator.py
[2023-02-14T12:13:18.731+0000] {processor.py:743} INFO - Processing file /home/airflow/.local/lib/python3.7/site-packages/airflow/example_dags/example_subdag_operator.py for tasks to queue
[2023-02-14T12:13:18.732+0000] {logging_mixin.py:137} INFO - [2023-02-14T12:13:18.732+0000] {dagbag.py:538} INFO - Filling up the DagBag from /home/airflow/.local/lib/python3.7/site-packages/airflow/example_dags/example_subdag_operator.py
[2023-02-14T12:13:18.775+0000] {processor.py:753} INFO - DAG(s) dict_keys(['example_subdag_operator.section-1', 'example_subdag_operator.section-2', 'example_subdag_operator']) retrieved from /home/airflow/.local/lib/python3.7/site-packages/airflow/example_dags/example_subdag_operator.py
[2023-02-14T12:13:18.813+0000] {logging_mixin.py:137} INFO - [2023-02-14T12:13:18.813+0000] {dag.py:2676} INFO - Sync 3 DAGs
[2023-02-14T12:13:18.842+0000] {logging_mixin.py:137} INFO - [2023-02-14T12:13:18.842+0000] {dag.py:3427} INFO - Setting next_dagrun for example_subdag_operator to 2022-01-01T00:00:00+00:00, run_after=2022-01-01T00:00:00+00:00
[2023-02-14T12:13:18.847+0000] {logging_mixin.py:137} INFO - [2023-02-14T12:13:18.847+0000] {dag.py:3427} INFO - Setting next_dagrun for example_subdag_operator.section-1 to None, run_after=None
[2023-02-14T12:13:18.849+0000] {logging_mixin.py:137} INFO - [2023-02-14T12:13:18.849+0000] {dag.py:3427} INFO - Setting next_dagrun for example_subdag_operator.section-2 to None, run_after=None
[2023-02-14T12:13:18.859+0000] {logging_mixin.py:137} INFO - [2023-02-14T12:13:18.859+0000] {dag.py:2676} INFO - Sync 2 DAGs
[2023-02-14T12:13:18.866+0000] {logging_mixin.py:137} INFO - [2023-02-14T12:13:18.866+0000] {dag.py:3427} INFO - Setting next_dagrun for example_subdag_operator.section-1 to None, run_after=None
[2023-02-14T12:13:18.868+0000] {logging_mixin.py:137} INFO - [2023-02-14T12:13:18.867+0000] {dag.py:3427} INFO - Setting next_dagrun for example_subdag_operator.section-2 to None, run_after=None
[2023-02-14T12:13:18.883+0000] {processor.py:175} INFO - Processing /home/airflow/.local/lib/python3.7/site-packages/airflow/example_dags/example_subdag_operator.py took 0.159 seconds
[2023-02-14T12:13:49.303+0000] {processor.py:153} INFO - Started process (PID=2078) to work on /home/airflow/.local/lib/python3.7/site-packages/airflow/example_dags/example_subdag_operator.py
[2023-02-14T12:13:49.305+0000] {processor.py:743} INFO - Processing file /home/airflow/.local/lib/python3.7/site-packages/airflow/example_dags/example_subdag_operator.py for tasks to queue
[2023-02-14T12:13:49.308+0000] {logging_mixin.py:137} INFO - [2023-02-14T12:13:49.307+0000] {dagbag.py:538} INFO - Filling up the DagBag from /home/airflow/.local/lib/python3.7/site-packages/airflow/example_dags/example_subdag_operator.py
[2023-02-14T12:13:49.346+0000] {processor.py:753} INFO - DAG(s) dict_keys(['example_subdag_operator.section-1', 'example_subdag_operator.section-2', 'example_subdag_operator']) retrieved from /home/airflow/.local/lib/python3.7/site-packages/airflow/example_dags/example_subdag_operator.py
[2023-02-14T12:13:49.380+0000] {logging_mixin.py:137} INFO - [2023-02-14T12:13:49.380+0000] {dag.py:2676} INFO - Sync 3 DAGs
[2023-02-14T12:13:49.408+0000] {logging_mixin.py:137} INFO - [2023-02-14T12:13:49.407+0000] {dag.py:3427} INFO - Setting next_dagrun for example_subdag_operator to 2022-01-01T00:00:00+00:00, run_after=2022-01-01T00:00:00+00:00
[2023-02-14T12:13:49.412+0000] {logging_mixin.py:137} INFO - [2023-02-14T12:13:49.412+0000] {dag.py:3427} INFO - Setting next_dagrun for example_subdag_operator.section-1 to None, run_after=None
[2023-02-14T12:13:49.415+0000] {logging_mixin.py:137} INFO - [2023-02-14T12:13:49.414+0000] {dag.py:3427} INFO - Setting next_dagrun for example_subdag_operator.section-2 to None, run_after=None
[2023-02-14T12:13:49.425+0000] {logging_mixin.py:137} INFO - [2023-02-14T12:13:49.425+0000] {dag.py:2676} INFO - Sync 2 DAGs
[2023-02-14T12:13:49.431+0000] {logging_mixin.py:137} INFO - [2023-02-14T12:13:49.431+0000] {dag.py:3427} INFO - Setting next_dagrun for example_subdag_operator.section-1 to None, run_after=None
[2023-02-14T12:13:49.433+0000] {logging_mixin.py:137} INFO - [2023-02-14T12:13:49.432+0000] {dag.py:3427} INFO - Setting next_dagrun for example_subdag_operator.section-2 to None, run_after=None
[2023-02-14T12:13:49.445+0000] {processor.py:175} INFO - Processing /home/airflow/.local/lib/python3.7/site-packages/airflow/example_dags/example_subdag_operator.py took 0.147 seconds
[2023-02-14T12:14:20.088+0000] {processor.py:153} INFO - Started process (PID=2165) to work on /home/airflow/.local/lib/python3.7/site-packages/airflow/example_dags/example_subdag_operator.py
[2023-02-14T12:14:20.091+0000] {processor.py:743} INFO - Processing file /home/airflow/.local/lib/python3.7/site-packages/airflow/example_dags/example_subdag_operator.py for tasks to queue
[2023-02-14T12:14:20.092+0000] {logging_mixin.py:137} INFO - [2023-02-14T12:14:20.092+0000] {dagbag.py:538} INFO - Filling up the DagBag from /home/airflow/.local/lib/python3.7/site-packages/airflow/example_dags/example_subdag_operator.py
[2023-02-14T12:14:20.137+0000] {processor.py:753} INFO - DAG(s) dict_keys(['example_subdag_operator.section-1', 'example_subdag_operator.section-2', 'example_subdag_operator']) retrieved from /home/airflow/.local/lib/python3.7/site-packages/airflow/example_dags/example_subdag_operator.py
[2023-02-14T12:14:20.177+0000] {logging_mixin.py:137} INFO - [2023-02-14T12:14:20.177+0000] {dag.py:2676} INFO - Sync 3 DAGs
[2023-02-14T12:14:20.210+0000] {logging_mixin.py:137} INFO - [2023-02-14T12:14:20.210+0000] {dag.py:3427} INFO - Setting next_dagrun for example_subdag_operator to 2022-01-01T00:00:00+00:00, run_after=2022-01-01T00:00:00+00:00
[2023-02-14T12:14:20.218+0000] {logging_mixin.py:137} INFO - [2023-02-14T12:14:20.217+0000] {dag.py:3427} INFO - Setting next_dagrun for example_subdag_operator.section-1 to None, run_after=None
[2023-02-14T12:14:20.225+0000] {logging_mixin.py:137} INFO - [2023-02-14T12:14:20.224+0000] {dag.py:3427} INFO - Setting next_dagrun for example_subdag_operator.section-2 to None, run_after=None
[2023-02-14T12:14:20.239+0000] {logging_mixin.py:137} INFO - [2023-02-14T12:14:20.239+0000] {dag.py:2676} INFO - Sync 2 DAGs
[2023-02-14T12:14:20.250+0000] {logging_mixin.py:137} INFO - [2023-02-14T12:14:20.250+0000] {dag.py:3427} INFO - Setting next_dagrun for example_subdag_operator.section-1 to None, run_after=None
[2023-02-14T12:14:20.252+0000] {logging_mixin.py:137} INFO - [2023-02-14T12:14:20.252+0000] {dag.py:3427} INFO - Setting next_dagrun for example_subdag_operator.section-2 to None, run_after=None
[2023-02-14T12:14:20.271+0000] {processor.py:175} INFO - Processing /home/airflow/.local/lib/python3.7/site-packages/airflow/example_dags/example_subdag_operator.py took 0.189 seconds
[2023-02-14T12:14:50.871+0000] {processor.py:153} INFO - Started process (PID=2236) to work on /home/airflow/.local/lib/python3.7/site-packages/airflow/example_dags/example_subdag_operator.py
[2023-02-14T12:14:50.873+0000] {processor.py:743} INFO - Processing file /home/airflow/.local/lib/python3.7/site-packages/airflow/example_dags/example_subdag_operator.py for tasks to queue
[2023-02-14T12:14:50.875+0000] {logging_mixin.py:137} INFO - [2023-02-14T12:14:50.875+0000] {dagbag.py:538} INFO - Filling up the DagBag from /home/airflow/.local/lib/python3.7/site-packages/airflow/example_dags/example_subdag_operator.py
[2023-02-14T12:14:50.921+0000] {processor.py:753} INFO - DAG(s) dict_keys(['example_subdag_operator.section-1', 'example_subdag_operator.section-2', 'example_subdag_operator']) retrieved from /home/airflow/.local/lib/python3.7/site-packages/airflow/example_dags/example_subdag_operator.py
[2023-02-14T12:14:50.963+0000] {logging_mixin.py:137} INFO - [2023-02-14T12:14:50.963+0000] {dag.py:2676} INFO - Sync 3 DAGs
[2023-02-14T12:14:50.995+0000] {logging_mixin.py:137} INFO - [2023-02-14T12:14:50.995+0000] {dag.py:3427} INFO - Setting next_dagrun for example_subdag_operator to 2022-01-01T00:00:00+00:00, run_after=2022-01-01T00:00:00+00:00
[2023-02-14T12:14:51.000+0000] {logging_mixin.py:137} INFO - [2023-02-14T12:14:51.000+0000] {dag.py:3427} INFO - Setting next_dagrun for example_subdag_operator.section-1 to None, run_after=None
[2023-02-14T12:14:51.003+0000] {logging_mixin.py:137} INFO - [2023-02-14T12:14:51.003+0000] {dag.py:3427} INFO - Setting next_dagrun for example_subdag_operator.section-2 to None, run_after=None
[2023-02-14T12:14:51.014+0000] {logging_mixin.py:137} INFO - [2023-02-14T12:14:51.013+0000] {dag.py:2676} INFO - Sync 2 DAGs
[2023-02-14T12:14:51.023+0000] {logging_mixin.py:137} INFO - [2023-02-14T12:14:51.023+0000] {dag.py:3427} INFO - Setting next_dagrun for example_subdag_operator.section-1 to None, run_after=None
[2023-02-14T12:14:51.024+0000] {logging_mixin.py:137} INFO - [2023-02-14T12:14:51.024+0000] {dag.py:3427} INFO - Setting next_dagrun for example_subdag_operator.section-2 to None, run_after=None
[2023-02-14T12:14:51.041+0000] {processor.py:175} INFO - Processing /home/airflow/.local/lib/python3.7/site-packages/airflow/example_dags/example_subdag_operator.py took 0.175 seconds
[2023-02-14T12:15:21.211+0000] {processor.py:153} INFO - Started process (PID=2323) to work on /home/airflow/.local/lib/python3.7/site-packages/airflow/example_dags/example_subdag_operator.py
[2023-02-14T12:15:21.212+0000] {processor.py:743} INFO - Processing file /home/airflow/.local/lib/python3.7/site-packages/airflow/example_dags/example_subdag_operator.py for tasks to queue
[2023-02-14T12:15:21.214+0000] {logging_mixin.py:137} INFO - [2023-02-14T12:15:21.214+0000] {dagbag.py:538} INFO - Filling up the DagBag from /home/airflow/.local/lib/python3.7/site-packages/airflow/example_dags/example_subdag_operator.py
[2023-02-14T12:15:21.259+0000] {processor.py:753} INFO - DAG(s) dict_keys(['example_subdag_operator.section-1', 'example_subdag_operator.section-2', 'example_subdag_operator']) retrieved from /home/airflow/.local/lib/python3.7/site-packages/airflow/example_dags/example_subdag_operator.py
[2023-02-14T12:15:21.301+0000] {logging_mixin.py:137} INFO - [2023-02-14T12:15:21.300+0000] {dag.py:2676} INFO - Sync 3 DAGs
[2023-02-14T12:15:21.331+0000] {logging_mixin.py:137} INFO - [2023-02-14T12:15:21.331+0000] {dag.py:3427} INFO - Setting next_dagrun for example_subdag_operator to 2022-01-01T00:00:00+00:00, run_after=2022-01-01T00:00:00+00:00
[2023-02-14T12:15:21.336+0000] {logging_mixin.py:137} INFO - [2023-02-14T12:15:21.336+0000] {dag.py:3427} INFO - Setting next_dagrun for example_subdag_operator.section-1 to None, run_after=None
[2023-02-14T12:15:21.338+0000] {logging_mixin.py:137} INFO - [2023-02-14T12:15:21.338+0000] {dag.py:3427} INFO - Setting next_dagrun for example_subdag_operator.section-2 to None, run_after=None
[2023-02-14T12:15:21.347+0000] {logging_mixin.py:137} INFO - [2023-02-14T12:15:21.347+0000] {dag.py:2676} INFO - Sync 2 DAGs
[2023-02-14T12:15:21.354+0000] {logging_mixin.py:137} INFO - [2023-02-14T12:15:21.354+0000] {dag.py:3427} INFO - Setting next_dagrun for example_subdag_operator.section-1 to None, run_after=None
[2023-02-14T12:15:21.355+0000] {logging_mixin.py:137} INFO - [2023-02-14T12:15:21.355+0000] {dag.py:3427} INFO - Setting next_dagrun for example_subdag_operator.section-2 to None, run_after=None
[2023-02-14T12:15:21.366+0000] {processor.py:175} INFO - Processing /home/airflow/.local/lib/python3.7/site-packages/airflow/example_dags/example_subdag_operator.py took 0.160 seconds
[2023-02-14T12:15:51.662+0000] {processor.py:153} INFO - Started process (PID=2394) to work on /home/airflow/.local/lib/python3.7/site-packages/airflow/example_dags/example_subdag_operator.py
[2023-02-14T12:15:51.665+0000] {processor.py:743} INFO - Processing file /home/airflow/.local/lib/python3.7/site-packages/airflow/example_dags/example_subdag_operator.py for tasks to queue
[2023-02-14T12:15:51.666+0000] {logging_mixin.py:137} INFO - [2023-02-14T12:15:51.666+0000] {dagbag.py:538} INFO - Filling up the DagBag from /home/airflow/.local/lib/python3.7/site-packages/airflow/example_dags/example_subdag_operator.py
[2023-02-14T12:15:51.708+0000] {processor.py:753} INFO - DAG(s) dict_keys(['example_subdag_operator.section-1', 'example_subdag_operator.section-2', 'example_subdag_operator']) retrieved from /home/airflow/.local/lib/python3.7/site-packages/airflow/example_dags/example_subdag_operator.py
[2023-02-14T12:15:51.752+0000] {logging_mixin.py:137} INFO - [2023-02-14T12:15:51.751+0000] {dag.py:2676} INFO - Sync 3 DAGs
[2023-02-14T12:15:51.798+0000] {logging_mixin.py:137} INFO - [2023-02-14T12:15:51.797+0000] {dag.py:3427} INFO - Setting next_dagrun for example_subdag_operator to 2022-01-01T00:00:00+00:00, run_after=2022-01-01T00:00:00+00:00
[2023-02-14T12:15:51.804+0000] {logging_mixin.py:137} INFO - [2023-02-14T12:15:51.804+0000] {dag.py:3427} INFO - Setting next_dagrun for example_subdag_operator.section-1 to None, run_after=None
[2023-02-14T12:15:51.806+0000] {logging_mixin.py:137} INFO - [2023-02-14T12:15:51.806+0000] {dag.py:3427} INFO - Setting next_dagrun for example_subdag_operator.section-2 to None, run_after=None
[2023-02-14T12:15:51.817+0000] {logging_mixin.py:137} INFO - [2023-02-14T12:15:51.817+0000] {dag.py:2676} INFO - Sync 2 DAGs
[2023-02-14T12:15:51.825+0000] {logging_mixin.py:137} INFO - [2023-02-14T12:15:51.825+0000] {dag.py:3427} INFO - Setting next_dagrun for example_subdag_operator.section-1 to None, run_after=None
[2023-02-14T12:15:51.826+0000] {logging_mixin.py:137} INFO - [2023-02-14T12:15:51.826+0000] {dag.py:3427} INFO - Setting next_dagrun for example_subdag_operator.section-2 to None, run_after=None
[2023-02-14T12:15:51.840+0000] {processor.py:175} INFO - Processing /home/airflow/.local/lib/python3.7/site-packages/airflow/example_dags/example_subdag_operator.py took 0.183 seconds
[2023-02-14T12:16:22.875+0000] {processor.py:153} INFO - Started process (PID=2481) to work on /home/airflow/.local/lib/python3.7/site-packages/airflow/example_dags/example_subdag_operator.py
[2023-02-14T12:16:22.886+0000] {processor.py:743} INFO - Processing file /home/airflow/.local/lib/python3.7/site-packages/airflow/example_dags/example_subdag_operator.py for tasks to queue
[2023-02-14T12:16:22.889+0000] {logging_mixin.py:137} INFO - [2023-02-14T12:16:22.888+0000] {dagbag.py:538} INFO - Filling up the DagBag from /home/airflow/.local/lib/python3.7/site-packages/airflow/example_dags/example_subdag_operator.py
[2023-02-14T12:16:22.988+0000] {processor.py:753} INFO - DAG(s) dict_keys(['example_subdag_operator.section-1', 'example_subdag_operator.section-2', 'example_subdag_operator']) retrieved from /home/airflow/.local/lib/python3.7/site-packages/airflow/example_dags/example_subdag_operator.py
[2023-02-14T12:16:23.097+0000] {logging_mixin.py:137} INFO - [2023-02-14T12:16:23.097+0000] {dag.py:2676} INFO - Sync 3 DAGs
[2023-02-14T12:16:23.164+0000] {logging_mixin.py:137} INFO - [2023-02-14T12:16:23.163+0000] {dag.py:3427} INFO - Setting next_dagrun for example_subdag_operator to 2022-01-01T00:00:00+00:00, run_after=2022-01-01T00:00:00+00:00
[2023-02-14T12:16:23.174+0000] {logging_mixin.py:137} INFO - [2023-02-14T12:16:23.173+0000] {dag.py:3427} INFO - Setting next_dagrun for example_subdag_operator.section-1 to None, run_after=None
[2023-02-14T12:16:23.180+0000] {logging_mixin.py:137} INFO - [2023-02-14T12:16:23.179+0000] {dag.py:3427} INFO - Setting next_dagrun for example_subdag_operator.section-2 to None, run_after=None
[2023-02-14T12:16:23.201+0000] {logging_mixin.py:137} INFO - [2023-02-14T12:16:23.201+0000] {dag.py:2676} INFO - Sync 2 DAGs
[2023-02-14T12:16:23.218+0000] {logging_mixin.py:137} INFO - [2023-02-14T12:16:23.217+0000] {dag.py:3427} INFO - Setting next_dagrun for example_subdag_operator.section-1 to None, run_after=None
[2023-02-14T12:16:23.220+0000] {logging_mixin.py:137} INFO - [2023-02-14T12:16:23.220+0000] {dag.py:3427} INFO - Setting next_dagrun for example_subdag_operator.section-2 to None, run_after=None
[2023-02-14T12:16:23.249+0000] {processor.py:175} INFO - Processing /home/airflow/.local/lib/python3.7/site-packages/airflow/example_dags/example_subdag_operator.py took 0.379 seconds
[2023-02-14T12:16:53.486+0000] {processor.py:153} INFO - Started process (PID=2552) to work on /home/airflow/.local/lib/python3.7/site-packages/airflow/example_dags/example_subdag_operator.py
[2023-02-14T12:16:53.489+0000] {processor.py:743} INFO - Processing file /home/airflow/.local/lib/python3.7/site-packages/airflow/example_dags/example_subdag_operator.py for tasks to queue
[2023-02-14T12:16:53.491+0000] {logging_mixin.py:137} INFO - [2023-02-14T12:16:53.491+0000] {dagbag.py:538} INFO - Filling up the DagBag from /home/airflow/.local/lib/python3.7/site-packages/airflow/example_dags/example_subdag_operator.py
[2023-02-14T12:16:53.536+0000] {processor.py:753} INFO - DAG(s) dict_keys(['example_subdag_operator.section-1', 'example_subdag_operator.section-2', 'example_subdag_operator']) retrieved from /home/airflow/.local/lib/python3.7/site-packages/airflow/example_dags/example_subdag_operator.py
[2023-02-14T12:16:53.581+0000] {logging_mixin.py:137} INFO - [2023-02-14T12:16:53.581+0000] {dag.py:2676} INFO - Sync 3 DAGs
[2023-02-14T12:16:53.619+0000] {logging_mixin.py:137} INFO - [2023-02-14T12:16:53.619+0000] {dag.py:3427} INFO - Setting next_dagrun for example_subdag_operator to 2022-01-01T00:00:00+00:00, run_after=2022-01-01T00:00:00+00:00
[2023-02-14T12:16:53.626+0000] {logging_mixin.py:137} INFO - [2023-02-14T12:16:53.626+0000] {dag.py:3427} INFO - Setting next_dagrun for example_subdag_operator.section-1 to None, run_after=None
[2023-02-14T12:16:53.629+0000] {logging_mixin.py:137} INFO - [2023-02-14T12:16:53.629+0000] {dag.py:3427} INFO - Setting next_dagrun for example_subdag_operator.section-2 to None, run_after=None
[2023-02-14T12:16:53.641+0000] {logging_mixin.py:137} INFO - [2023-02-14T12:16:53.641+0000] {dag.py:2676} INFO - Sync 2 DAGs
[2023-02-14T12:16:53.651+0000] {logging_mixin.py:137} INFO - [2023-02-14T12:16:53.650+0000] {dag.py:3427} INFO - Setting next_dagrun for example_subdag_operator.section-1 to None, run_after=None
[2023-02-14T12:16:53.652+0000] {logging_mixin.py:137} INFO - [2023-02-14T12:16:53.652+0000] {dag.py:3427} INFO - Setting next_dagrun for example_subdag_operator.section-2 to None, run_after=None
[2023-02-14T12:16:53.672+0000] {processor.py:175} INFO - Processing /home/airflow/.local/lib/python3.7/site-packages/airflow/example_dags/example_subdag_operator.py took 0.191 seconds
[2023-02-14T12:17:23.721+0000] {processor.py:153} INFO - Started process (PID=2623) to work on /home/airflow/.local/lib/python3.7/site-packages/airflow/example_dags/example_subdag_operator.py
[2023-02-14T12:17:23.724+0000] {processor.py:743} INFO - Processing file /home/airflow/.local/lib/python3.7/site-packages/airflow/example_dags/example_subdag_operator.py for tasks to queue
[2023-02-14T12:17:23.727+0000] {logging_mixin.py:137} INFO - [2023-02-14T12:17:23.726+0000] {dagbag.py:538} INFO - Filling up the DagBag from /home/airflow/.local/lib/python3.7/site-packages/airflow/example_dags/example_subdag_operator.py
[2023-02-14T12:17:23.776+0000] {processor.py:753} INFO - DAG(s) dict_keys(['example_subdag_operator.section-1', 'example_subdag_operator.section-2', 'example_subdag_operator']) retrieved from /home/airflow/.local/lib/python3.7/site-packages/airflow/example_dags/example_subdag_operator.py
[2023-02-14T12:17:23.823+0000] {logging_mixin.py:137} INFO - [2023-02-14T12:17:23.823+0000] {dag.py:2676} INFO - Sync 3 DAGs
[2023-02-14T12:17:23.859+0000] {logging_mixin.py:137} INFO - [2023-02-14T12:17:23.859+0000] {dag.py:3427} INFO - Setting next_dagrun for example_subdag_operator to 2022-01-01T00:00:00+00:00, run_after=2022-01-01T00:00:00+00:00
[2023-02-14T12:17:23.866+0000] {logging_mixin.py:137} INFO - [2023-02-14T12:17:23.866+0000] {dag.py:3427} INFO - Setting next_dagrun for example_subdag_operator.section-1 to None, run_after=None
[2023-02-14T12:17:23.869+0000] {logging_mixin.py:137} INFO - [2023-02-14T12:17:23.869+0000] {dag.py:3427} INFO - Setting next_dagrun for example_subdag_operator.section-2 to None, run_after=None
[2023-02-14T12:17:23.882+0000] {logging_mixin.py:137} INFO - [2023-02-14T12:17:23.882+0000] {dag.py:2676} INFO - Sync 2 DAGs
[2023-02-14T12:17:23.892+0000] {logging_mixin.py:137} INFO - [2023-02-14T12:17:23.892+0000] {dag.py:3427} INFO - Setting next_dagrun for example_subdag_operator.section-1 to None, run_after=None
[2023-02-14T12:17:23.894+0000] {logging_mixin.py:137} INFO - [2023-02-14T12:17:23.893+0000] {dag.py:3427} INFO - Setting next_dagrun for example_subdag_operator.section-2 to None, run_after=None
[2023-02-14T12:17:23.908+0000] {processor.py:175} INFO - Processing /home/airflow/.local/lib/python3.7/site-packages/airflow/example_dags/example_subdag_operator.py took 0.193 seconds
[2023-02-14T12:17:54.219+0000] {processor.py:153} INFO - Started process (PID=2710) to work on /home/airflow/.local/lib/python3.7/site-packages/airflow/example_dags/example_subdag_operator.py
[2023-02-14T12:17:54.221+0000] {processor.py:743} INFO - Processing file /home/airflow/.local/lib/python3.7/site-packages/airflow/example_dags/example_subdag_operator.py for tasks to queue
[2023-02-14T12:17:54.223+0000] {logging_mixin.py:137} INFO - [2023-02-14T12:17:54.223+0000] {dagbag.py:538} INFO - Filling up the DagBag from /home/airflow/.local/lib/python3.7/site-packages/airflow/example_dags/example_subdag_operator.py
[2023-02-14T12:17:54.270+0000] {processor.py:753} INFO - DAG(s) dict_keys(['example_subdag_operator.section-1', 'example_subdag_operator.section-2', 'example_subdag_operator']) retrieved from /home/airflow/.local/lib/python3.7/site-packages/airflow/example_dags/example_subdag_operator.py
[2023-02-14T12:17:54.311+0000] {logging_mixin.py:137} INFO - [2023-02-14T12:17:54.311+0000] {dag.py:2676} INFO - Sync 3 DAGs
[2023-02-14T12:17:54.347+0000] {logging_mixin.py:137} INFO - [2023-02-14T12:17:54.347+0000] {dag.py:3427} INFO - Setting next_dagrun for example_subdag_operator to 2022-01-01T00:00:00+00:00, run_after=2022-01-01T00:00:00+00:00
[2023-02-14T12:17:54.354+0000] {logging_mixin.py:137} INFO - [2023-02-14T12:17:54.354+0000] {dag.py:3427} INFO - Setting next_dagrun for example_subdag_operator.section-1 to None, run_after=None
[2023-02-14T12:17:54.358+0000] {logging_mixin.py:137} INFO - [2023-02-14T12:17:54.358+0000] {dag.py:3427} INFO - Setting next_dagrun for example_subdag_operator.section-2 to None, run_after=None
[2023-02-14T12:17:54.370+0000] {logging_mixin.py:137} INFO - [2023-02-14T12:17:54.370+0000] {dag.py:2676} INFO - Sync 2 DAGs
[2023-02-14T12:17:54.378+0000] {logging_mixin.py:137} INFO - [2023-02-14T12:17:54.378+0000] {dag.py:3427} INFO - Setting next_dagrun for example_subdag_operator.section-1 to None, run_after=None
[2023-02-14T12:17:54.380+0000] {logging_mixin.py:137} INFO - [2023-02-14T12:17:54.380+0000] {dag.py:3427} INFO - Setting next_dagrun for example_subdag_operator.section-2 to None, run_after=None
[2023-02-14T12:17:54.395+0000] {processor.py:175} INFO - Processing /home/airflow/.local/lib/python3.7/site-packages/airflow/example_dags/example_subdag_operator.py took 0.182 seconds
