[2023-02-14T12:00:35.188+0000] {processor.py:153} INFO - Started process (PID=77) to work on /home/airflow/.local/lib/python3.7/site-packages/airflow/example_dags/example_short_circuit_decorator.py
[2023-02-14T12:00:35.191+0000] {processor.py:743} INFO - Processing file /home/airflow/.local/lib/python3.7/site-packages/airflow/example_dags/example_short_circuit_decorator.py for tasks to queue
[2023-02-14T12:00:35.194+0000] {logging_mixin.py:137} INFO - [2023-02-14T12:00:35.193+0000] {dagbag.py:538} INFO - Filling up the DagBag from /home/airflow/.local/lib/python3.7/site-packages/airflow/example_dags/example_short_circuit_decorator.py
[2023-02-14T12:00:35.241+0000] {processor.py:753} INFO - DAG(s) dict_keys(['example_short_circuit_decorator']) retrieved from /home/airflow/.local/lib/python3.7/site-packages/airflow/example_dags/example_short_circuit_decorator.py
[2023-02-14T12:00:35.311+0000] {logging_mixin.py:137} INFO - [2023-02-14T12:00:35.310+0000] {dag.py:2676} INFO - Sync 1 DAGs
[2023-02-14T12:00:35.358+0000] {logging_mixin.py:137} INFO - [2023-02-14T12:00:35.358+0000] {dag.py:3427} INFO - Setting next_dagrun for example_short_circuit_decorator to 2023-02-13T12:00:35.357854+00:00, run_after=2023-02-14T12:00:35.357854+00:00
[2023-02-14T12:00:35.393+0000] {processor.py:175} INFO - Processing /home/airflow/.local/lib/python3.7/site-packages/airflow/example_dags/example_short_circuit_decorator.py took 0.210 seconds
[2023-02-14T12:01:05.806+0000] {processor.py:153} INFO - Started process (PID=148) to work on /home/airflow/.local/lib/python3.7/site-packages/airflow/example_dags/example_short_circuit_decorator.py
[2023-02-14T12:01:05.812+0000] {processor.py:743} INFO - Processing file /home/airflow/.local/lib/python3.7/site-packages/airflow/example_dags/example_short_circuit_decorator.py for tasks to queue
[2023-02-14T12:01:05.816+0000] {logging_mixin.py:137} INFO - [2023-02-14T12:01:05.815+0000] {dagbag.py:538} INFO - Filling up the DagBag from /home/airflow/.local/lib/python3.7/site-packages/airflow/example_dags/example_short_circuit_decorator.py
[2023-02-14T12:01:05.866+0000] {processor.py:753} INFO - DAG(s) dict_keys(['example_short_circuit_decorator']) retrieved from /home/airflow/.local/lib/python3.7/site-packages/airflow/example_dags/example_short_circuit_decorator.py
[2023-02-14T12:01:05.948+0000] {logging_mixin.py:137} INFO - [2023-02-14T12:01:05.947+0000] {dag.py:2676} INFO - Sync 1 DAGs
[2023-02-14T12:01:06.011+0000] {logging_mixin.py:137} INFO - [2023-02-14T12:01:06.011+0000] {dag.py:3427} INFO - Setting next_dagrun for example_short_circuit_decorator to 2023-02-13T12:01:06.010654+00:00, run_after=2023-02-14T12:01:06.010654+00:00
[2023-02-14T12:01:06.048+0000] {processor.py:175} INFO - Processing /home/airflow/.local/lib/python3.7/site-packages/airflow/example_dags/example_short_circuit_decorator.py took 0.252 seconds
[2023-02-14T12:01:36.176+0000] {processor.py:153} INFO - Started process (PID=219) to work on /home/airflow/.local/lib/python3.7/site-packages/airflow/example_dags/example_short_circuit_decorator.py
[2023-02-14T12:01:36.179+0000] {processor.py:743} INFO - Processing file /home/airflow/.local/lib/python3.7/site-packages/airflow/example_dags/example_short_circuit_decorator.py for tasks to queue
[2023-02-14T12:01:36.181+0000] {logging_mixin.py:137} INFO - [2023-02-14T12:01:36.181+0000] {dagbag.py:538} INFO - Filling up the DagBag from /home/airflow/.local/lib/python3.7/site-packages/airflow/example_dags/example_short_circuit_decorator.py
[2023-02-14T12:01:36.222+0000] {processor.py:753} INFO - DAG(s) dict_keys(['example_short_circuit_decorator']) retrieved from /home/airflow/.local/lib/python3.7/site-packages/airflow/example_dags/example_short_circuit_decorator.py
[2023-02-14T12:01:36.279+0000] {logging_mixin.py:137} INFO - [2023-02-14T12:01:36.279+0000] {dag.py:2676} INFO - Sync 1 DAGs
[2023-02-14T12:01:36.316+0000] {logging_mixin.py:137} INFO - [2023-02-14T12:01:36.316+0000] {dag.py:3427} INFO - Setting next_dagrun for example_short_circuit_decorator to 2023-02-13T12:01:36.315872+00:00, run_after=2023-02-14T12:01:36.315872+00:00
[2023-02-14T12:01:36.340+0000] {processor.py:175} INFO - Processing /home/airflow/.local/lib/python3.7/site-packages/airflow/example_dags/example_short_circuit_decorator.py took 0.171 seconds
[2023-02-14T12:02:06.575+0000] {processor.py:153} INFO - Started process (PID=306) to work on /home/airflow/.local/lib/python3.7/site-packages/airflow/example_dags/example_short_circuit_decorator.py
[2023-02-14T12:02:06.578+0000] {processor.py:743} INFO - Processing file /home/airflow/.local/lib/python3.7/site-packages/airflow/example_dags/example_short_circuit_decorator.py for tasks to queue
[2023-02-14T12:02:06.579+0000] {logging_mixin.py:137} INFO - [2023-02-14T12:02:06.579+0000] {dagbag.py:538} INFO - Filling up the DagBag from /home/airflow/.local/lib/python3.7/site-packages/airflow/example_dags/example_short_circuit_decorator.py
[2023-02-14T12:02:06.609+0000] {processor.py:753} INFO - DAG(s) dict_keys(['example_short_circuit_decorator']) retrieved from /home/airflow/.local/lib/python3.7/site-packages/airflow/example_dags/example_short_circuit_decorator.py
[2023-02-14T12:02:06.653+0000] {logging_mixin.py:137} INFO - [2023-02-14T12:02:06.653+0000] {dag.py:2676} INFO - Sync 1 DAGs
[2023-02-14T12:02:06.682+0000] {logging_mixin.py:137} INFO - [2023-02-14T12:02:06.682+0000] {dag.py:3427} INFO - Setting next_dagrun for example_short_circuit_decorator to 2023-02-13T12:02:06.682269+00:00, run_after=2023-02-14T12:02:06.682269+00:00
[2023-02-14T12:02:06.702+0000] {processor.py:175} INFO - Processing /home/airflow/.local/lib/python3.7/site-packages/airflow/example_dags/example_short_circuit_decorator.py took 0.131 seconds
[2023-02-14T12:02:37.199+0000] {processor.py:153} INFO - Started process (PID=377) to work on /home/airflow/.local/lib/python3.7/site-packages/airflow/example_dags/example_short_circuit_decorator.py
[2023-02-14T12:02:37.202+0000] {processor.py:743} INFO - Processing file /home/airflow/.local/lib/python3.7/site-packages/airflow/example_dags/example_short_circuit_decorator.py for tasks to queue
[2023-02-14T12:02:37.205+0000] {logging_mixin.py:137} INFO - [2023-02-14T12:02:37.205+0000] {dagbag.py:538} INFO - Filling up the DagBag from /home/airflow/.local/lib/python3.7/site-packages/airflow/example_dags/example_short_circuit_decorator.py
[2023-02-14T12:02:37.241+0000] {processor.py:753} INFO - DAG(s) dict_keys(['example_short_circuit_decorator']) retrieved from /home/airflow/.local/lib/python3.7/site-packages/airflow/example_dags/example_short_circuit_decorator.py
[2023-02-14T12:02:37.294+0000] {logging_mixin.py:137} INFO - [2023-02-14T12:02:37.293+0000] {dag.py:2676} INFO - Sync 1 DAGs
[2023-02-14T12:02:37.325+0000] {logging_mixin.py:137} INFO - [2023-02-14T12:02:37.325+0000] {dag.py:3427} INFO - Setting next_dagrun for example_short_circuit_decorator to 2023-02-13T12:02:37.325148+00:00, run_after=2023-02-14T12:02:37.325148+00:00
[2023-02-14T12:02:37.347+0000] {processor.py:175} INFO - Processing /home/airflow/.local/lib/python3.7/site-packages/airflow/example_dags/example_short_circuit_decorator.py took 0.152 seconds
[2023-02-14T12:03:08.514+0000] {processor.py:153} INFO - Started process (PID=464) to work on /home/airflow/.local/lib/python3.7/site-packages/airflow/example_dags/example_short_circuit_decorator.py
[2023-02-14T12:03:08.516+0000] {processor.py:743} INFO - Processing file /home/airflow/.local/lib/python3.7/site-packages/airflow/example_dags/example_short_circuit_decorator.py for tasks to queue
[2023-02-14T12:03:08.518+0000] {logging_mixin.py:137} INFO - [2023-02-14T12:03:08.517+0000] {dagbag.py:538} INFO - Filling up the DagBag from /home/airflow/.local/lib/python3.7/site-packages/airflow/example_dags/example_short_circuit_decorator.py
[2023-02-14T12:03:08.551+0000] {processor.py:753} INFO - DAG(s) dict_keys(['example_short_circuit_decorator']) retrieved from /home/airflow/.local/lib/python3.7/site-packages/airflow/example_dags/example_short_circuit_decorator.py
[2023-02-14T12:03:08.600+0000] {logging_mixin.py:137} INFO - [2023-02-14T12:03:08.599+0000] {dag.py:2676} INFO - Sync 1 DAGs
[2023-02-14T12:03:08.630+0000] {logging_mixin.py:137} INFO - [2023-02-14T12:03:08.630+0000] {dag.py:3427} INFO - Setting next_dagrun for example_short_circuit_decorator to 2023-02-13T12:03:08.629891+00:00, run_after=2023-02-14T12:03:08.629891+00:00
[2023-02-14T12:03:08.651+0000] {processor.py:175} INFO - Processing /home/airflow/.local/lib/python3.7/site-packages/airflow/example_dags/example_short_circuit_decorator.py took 0.142 seconds
[2023-02-14T12:03:39.143+0000] {processor.py:153} INFO - Started process (PID=535) to work on /home/airflow/.local/lib/python3.7/site-packages/airflow/example_dags/example_short_circuit_decorator.py
[2023-02-14T12:03:39.146+0000] {processor.py:743} INFO - Processing file /home/airflow/.local/lib/python3.7/site-packages/airflow/example_dags/example_short_circuit_decorator.py for tasks to queue
[2023-02-14T12:03:39.149+0000] {logging_mixin.py:137} INFO - [2023-02-14T12:03:39.149+0000] {dagbag.py:538} INFO - Filling up the DagBag from /home/airflow/.local/lib/python3.7/site-packages/airflow/example_dags/example_short_circuit_decorator.py
[2023-02-14T12:03:39.188+0000] {processor.py:753} INFO - DAG(s) dict_keys(['example_short_circuit_decorator']) retrieved from /home/airflow/.local/lib/python3.7/site-packages/airflow/example_dags/example_short_circuit_decorator.py
[2023-02-14T12:03:39.242+0000] {logging_mixin.py:137} INFO - [2023-02-14T12:03:39.242+0000] {dag.py:2676} INFO - Sync 1 DAGs
[2023-02-14T12:03:39.273+0000] {logging_mixin.py:137} INFO - [2023-02-14T12:03:39.273+0000] {dag.py:3427} INFO - Setting next_dagrun for example_short_circuit_decorator to 2023-02-13T12:03:39.272934+00:00, run_after=2023-02-14T12:03:39.272934+00:00
[2023-02-14T12:03:39.297+0000] {processor.py:175} INFO - Processing /home/airflow/.local/lib/python3.7/site-packages/airflow/example_dags/example_short_circuit_decorator.py took 0.160 seconds
[2023-02-14T12:04:09.648+0000] {processor.py:153} INFO - Started process (PID=622) to work on /home/airflow/.local/lib/python3.7/site-packages/airflow/example_dags/example_short_circuit_decorator.py
[2023-02-14T12:04:09.650+0000] {processor.py:743} INFO - Processing file /home/airflow/.local/lib/python3.7/site-packages/airflow/example_dags/example_short_circuit_decorator.py for tasks to queue
[2023-02-14T12:04:09.652+0000] {logging_mixin.py:137} INFO - [2023-02-14T12:04:09.652+0000] {dagbag.py:538} INFO - Filling up the DagBag from /home/airflow/.local/lib/python3.7/site-packages/airflow/example_dags/example_short_circuit_decorator.py
[2023-02-14T12:04:09.687+0000] {processor.py:753} INFO - DAG(s) dict_keys(['example_short_circuit_decorator']) retrieved from /home/airflow/.local/lib/python3.7/site-packages/airflow/example_dags/example_short_circuit_decorator.py
[2023-02-14T12:04:09.735+0000] {logging_mixin.py:137} INFO - [2023-02-14T12:04:09.735+0000] {dag.py:2676} INFO - Sync 1 DAGs
[2023-02-14T12:04:09.775+0000] {logging_mixin.py:137} INFO - [2023-02-14T12:04:09.775+0000] {dag.py:3427} INFO - Setting next_dagrun for example_short_circuit_decorator to 2023-02-13T12:04:09.774915+00:00, run_after=2023-02-14T12:04:09.774915+00:00
[2023-02-14T12:04:09.804+0000] {processor.py:175} INFO - Processing /home/airflow/.local/lib/python3.7/site-packages/airflow/example_dags/example_short_circuit_decorator.py took 0.160 seconds
[2023-02-14T12:04:40.537+0000] {processor.py:153} INFO - Started process (PID=693) to work on /home/airflow/.local/lib/python3.7/site-packages/airflow/example_dags/example_short_circuit_decorator.py
[2023-02-14T12:04:40.539+0000] {processor.py:743} INFO - Processing file /home/airflow/.local/lib/python3.7/site-packages/airflow/example_dags/example_short_circuit_decorator.py for tasks to queue
[2023-02-14T12:04:40.541+0000] {logging_mixin.py:137} INFO - [2023-02-14T12:04:40.541+0000] {dagbag.py:538} INFO - Filling up the DagBag from /home/airflow/.local/lib/python3.7/site-packages/airflow/example_dags/example_short_circuit_decorator.py
[2023-02-14T12:04:40.576+0000] {processor.py:753} INFO - DAG(s) dict_keys(['example_short_circuit_decorator']) retrieved from /home/airflow/.local/lib/python3.7/site-packages/airflow/example_dags/example_short_circuit_decorator.py
[2023-02-14T12:04:40.640+0000] {logging_mixin.py:137} INFO - [2023-02-14T12:04:40.640+0000] {dag.py:2676} INFO - Sync 1 DAGs
[2023-02-14T12:04:40.685+0000] {logging_mixin.py:137} INFO - [2023-02-14T12:04:40.685+0000] {dag.py:3427} INFO - Setting next_dagrun for example_short_circuit_decorator to 2023-02-13T12:04:40.685233+00:00, run_after=2023-02-14T12:04:40.685233+00:00
[2023-02-14T12:04:40.718+0000] {processor.py:175} INFO - Processing /home/airflow/.local/lib/python3.7/site-packages/airflow/example_dags/example_short_circuit_decorator.py took 0.187 seconds
[2023-02-14T12:05:11.530+0000] {processor.py:153} INFO - Started process (PID=773) to work on /home/airflow/.local/lib/python3.7/site-packages/airflow/example_dags/example_short_circuit_decorator.py
[2023-02-14T12:05:11.533+0000] {processor.py:743} INFO - Processing file /home/airflow/.local/lib/python3.7/site-packages/airflow/example_dags/example_short_circuit_decorator.py for tasks to queue
[2023-02-14T12:05:11.535+0000] {logging_mixin.py:137} INFO - [2023-02-14T12:05:11.535+0000] {dagbag.py:538} INFO - Filling up the DagBag from /home/airflow/.local/lib/python3.7/site-packages/airflow/example_dags/example_short_circuit_decorator.py
[2023-02-14T12:05:11.568+0000] {processor.py:753} INFO - DAG(s) dict_keys(['example_short_circuit_decorator']) retrieved from /home/airflow/.local/lib/python3.7/site-packages/airflow/example_dags/example_short_circuit_decorator.py
[2023-02-14T12:05:11.618+0000] {logging_mixin.py:137} INFO - [2023-02-14T12:05:11.618+0000] {dag.py:2676} INFO - Sync 1 DAGs
[2023-02-14T12:05:11.650+0000] {logging_mixin.py:137} INFO - [2023-02-14T12:05:11.650+0000] {dag.py:3427} INFO - Setting next_dagrun for example_short_circuit_decorator to 2023-02-13T12:05:11.649835+00:00, run_after=2023-02-14T12:05:11.649835+00:00
[2023-02-14T12:05:11.672+0000] {processor.py:175} INFO - Processing /home/airflow/.local/lib/python3.7/site-packages/airflow/example_dags/example_short_circuit_decorator.py took 0.147 seconds
[2023-02-14T12:05:42.650+0000] {processor.py:153} INFO - Started process (PID=851) to work on /home/airflow/.local/lib/python3.7/site-packages/airflow/example_dags/example_short_circuit_decorator.py
[2023-02-14T12:05:42.653+0000] {processor.py:743} INFO - Processing file /home/airflow/.local/lib/python3.7/site-packages/airflow/example_dags/example_short_circuit_decorator.py for tasks to queue
[2023-02-14T12:05:42.656+0000] {logging_mixin.py:137} INFO - [2023-02-14T12:05:42.655+0000] {dagbag.py:538} INFO - Filling up the DagBag from /home/airflow/.local/lib/python3.7/site-packages/airflow/example_dags/example_short_circuit_decorator.py
[2023-02-14T12:05:42.695+0000] {processor.py:753} INFO - DAG(s) dict_keys(['example_short_circuit_decorator']) retrieved from /home/airflow/.local/lib/python3.7/site-packages/airflow/example_dags/example_short_circuit_decorator.py
[2023-02-14T12:05:42.753+0000] {logging_mixin.py:137} INFO - [2023-02-14T12:05:42.752+0000] {dag.py:2676} INFO - Sync 1 DAGs
[2023-02-14T12:05:42.788+0000] {logging_mixin.py:137} INFO - [2023-02-14T12:05:42.788+0000] {dag.py:3427} INFO - Setting next_dagrun for example_short_circuit_decorator to 2023-02-13T12:05:42.787856+00:00, run_after=2023-02-14T12:05:42.787856+00:00
[2023-02-14T12:05:42.812+0000] {processor.py:175} INFO - Processing /home/airflow/.local/lib/python3.7/site-packages/airflow/example_dags/example_short_circuit_decorator.py took 0.169 seconds
[2023-02-14T12:06:12.963+0000] {processor.py:153} INFO - Started process (PID=922) to work on /home/airflow/.local/lib/python3.7/site-packages/airflow/example_dags/example_short_circuit_decorator.py
[2023-02-14T12:06:12.965+0000] {processor.py:743} INFO - Processing file /home/airflow/.local/lib/python3.7/site-packages/airflow/example_dags/example_short_circuit_decorator.py for tasks to queue
[2023-02-14T12:06:12.967+0000] {logging_mixin.py:137} INFO - [2023-02-14T12:06:12.967+0000] {dagbag.py:538} INFO - Filling up the DagBag from /home/airflow/.local/lib/python3.7/site-packages/airflow/example_dags/example_short_circuit_decorator.py
[2023-02-14T12:06:12.998+0000] {processor.py:753} INFO - DAG(s) dict_keys(['example_short_circuit_decorator']) retrieved from /home/airflow/.local/lib/python3.7/site-packages/airflow/example_dags/example_short_circuit_decorator.py
[2023-02-14T12:06:13.043+0000] {logging_mixin.py:137} INFO - [2023-02-14T12:06:13.043+0000] {dag.py:2676} INFO - Sync 1 DAGs
[2023-02-14T12:06:13.073+0000] {logging_mixin.py:137} INFO - [2023-02-14T12:06:13.073+0000] {dag.py:3427} INFO - Setting next_dagrun for example_short_circuit_decorator to 2023-02-13T12:06:13.073228+00:00, run_after=2023-02-14T12:06:13.073228+00:00
[2023-02-14T12:06:13.094+0000] {processor.py:175} INFO - Processing /home/airflow/.local/lib/python3.7/site-packages/airflow/example_dags/example_short_circuit_decorator.py took 0.135 seconds
[2023-02-14T12:06:44.342+0000] {processor.py:153} INFO - Started process (PID=1009) to work on /home/airflow/.local/lib/python3.7/site-packages/airflow/example_dags/example_short_circuit_decorator.py
[2023-02-14T12:06:44.345+0000] {processor.py:743} INFO - Processing file /home/airflow/.local/lib/python3.7/site-packages/airflow/example_dags/example_short_circuit_decorator.py for tasks to queue
[2023-02-14T12:06:44.347+0000] {logging_mixin.py:137} INFO - [2023-02-14T12:06:44.346+0000] {dagbag.py:538} INFO - Filling up the DagBag from /home/airflow/.local/lib/python3.7/site-packages/airflow/example_dags/example_short_circuit_decorator.py
[2023-02-14T12:06:44.379+0000] {processor.py:753} INFO - DAG(s) dict_keys(['example_short_circuit_decorator']) retrieved from /home/airflow/.local/lib/python3.7/site-packages/airflow/example_dags/example_short_circuit_decorator.py
[2023-02-14T12:06:44.423+0000] {logging_mixin.py:137} INFO - [2023-02-14T12:06:44.423+0000] {dag.py:2676} INFO - Sync 1 DAGs
[2023-02-14T12:06:44.452+0000] {logging_mixin.py:137} INFO - [2023-02-14T12:06:44.452+0000] {dag.py:3427} INFO - Setting next_dagrun for example_short_circuit_decorator to 2023-02-13T12:06:44.452306+00:00, run_after=2023-02-14T12:06:44.452306+00:00
[2023-02-14T12:06:44.473+0000] {processor.py:175} INFO - Processing /home/airflow/.local/lib/python3.7/site-packages/airflow/example_dags/example_short_circuit_decorator.py took 0.136 seconds
[2023-02-14T12:07:14.567+0000] {processor.py:153} INFO - Started process (PID=1081) to work on /home/airflow/.local/lib/python3.7/site-packages/airflow/example_dags/example_short_circuit_decorator.py
[2023-02-14T12:07:14.570+0000] {processor.py:743} INFO - Processing file /home/airflow/.local/lib/python3.7/site-packages/airflow/example_dags/example_short_circuit_decorator.py for tasks to queue
[2023-02-14T12:07:14.571+0000] {logging_mixin.py:137} INFO - [2023-02-14T12:07:14.571+0000] {dagbag.py:538} INFO - Filling up the DagBag from /home/airflow/.local/lib/python3.7/site-packages/airflow/example_dags/example_short_circuit_decorator.py
[2023-02-14T12:07:14.602+0000] {processor.py:753} INFO - DAG(s) dict_keys(['example_short_circuit_decorator']) retrieved from /home/airflow/.local/lib/python3.7/site-packages/airflow/example_dags/example_short_circuit_decorator.py
[2023-02-14T12:07:14.646+0000] {logging_mixin.py:137} INFO - [2023-02-14T12:07:14.645+0000] {dag.py:2676} INFO - Sync 1 DAGs
[2023-02-14T12:07:14.674+0000] {logging_mixin.py:137} INFO - [2023-02-14T12:07:14.674+0000] {dag.py:3427} INFO - Setting next_dagrun for example_short_circuit_decorator to 2023-02-13T12:07:14.674243+00:00, run_after=2023-02-14T12:07:14.674243+00:00
[2023-02-14T12:07:14.696+0000] {processor.py:175} INFO - Processing /home/airflow/.local/lib/python3.7/site-packages/airflow/example_dags/example_short_circuit_decorator.py took 0.134 seconds
[2023-02-14T12:07:44.790+0000] {processor.py:153} INFO - Started process (PID=1168) to work on /home/airflow/.local/lib/python3.7/site-packages/airflow/example_dags/example_short_circuit_decorator.py
[2023-02-14T12:07:44.792+0000] {processor.py:743} INFO - Processing file /home/airflow/.local/lib/python3.7/site-packages/airflow/example_dags/example_short_circuit_decorator.py for tasks to queue
[2023-02-14T12:07:44.794+0000] {logging_mixin.py:137} INFO - [2023-02-14T12:07:44.794+0000] {dagbag.py:538} INFO - Filling up the DagBag from /home/airflow/.local/lib/python3.7/site-packages/airflow/example_dags/example_short_circuit_decorator.py
[2023-02-14T12:07:44.828+0000] {processor.py:753} INFO - DAG(s) dict_keys(['example_short_circuit_decorator']) retrieved from /home/airflow/.local/lib/python3.7/site-packages/airflow/example_dags/example_short_circuit_decorator.py
[2023-02-14T12:07:44.881+0000] {logging_mixin.py:137} INFO - [2023-02-14T12:07:44.881+0000] {dag.py:2676} INFO - Sync 1 DAGs
[2023-02-14T12:07:44.914+0000] {logging_mixin.py:137} INFO - [2023-02-14T12:07:44.914+0000] {dag.py:3427} INFO - Setting next_dagrun for example_short_circuit_decorator to 2023-02-13T12:07:44.913812+00:00, run_after=2023-02-14T12:07:44.913812+00:00
[2023-02-14T12:07:44.946+0000] {processor.py:175} INFO - Processing /home/airflow/.local/lib/python3.7/site-packages/airflow/example_dags/example_short_circuit_decorator.py took 0.161 seconds
[2023-02-14T12:08:15.100+0000] {processor.py:153} INFO - Started process (PID=1239) to work on /home/airflow/.local/lib/python3.7/site-packages/airflow/example_dags/example_short_circuit_decorator.py
[2023-02-14T12:08:15.102+0000] {processor.py:743} INFO - Processing file /home/airflow/.local/lib/python3.7/site-packages/airflow/example_dags/example_short_circuit_decorator.py for tasks to queue
[2023-02-14T12:08:15.104+0000] {logging_mixin.py:137} INFO - [2023-02-14T12:08:15.104+0000] {dagbag.py:538} INFO - Filling up the DagBag from /home/airflow/.local/lib/python3.7/site-packages/airflow/example_dags/example_short_circuit_decorator.py
[2023-02-14T12:08:15.134+0000] {processor.py:753} INFO - DAG(s) dict_keys(['example_short_circuit_decorator']) retrieved from /home/airflow/.local/lib/python3.7/site-packages/airflow/example_dags/example_short_circuit_decorator.py
[2023-02-14T12:08:15.177+0000] {logging_mixin.py:137} INFO - [2023-02-14T12:08:15.177+0000] {dag.py:2676} INFO - Sync 1 DAGs
[2023-02-14T12:08:15.216+0000] {logging_mixin.py:137} INFO - [2023-02-14T12:08:15.216+0000] {dag.py:3427} INFO - Setting next_dagrun for example_short_circuit_decorator to 2023-02-13T12:08:15.216238+00:00, run_after=2023-02-14T12:08:15.216238+00:00
[2023-02-14T12:08:15.238+0000] {processor.py:175} INFO - Processing /home/airflow/.local/lib/python3.7/site-packages/airflow/example_dags/example_short_circuit_decorator.py took 0.142 seconds
[2023-02-14T12:08:45.401+0000] {processor.py:153} INFO - Started process (PID=1326) to work on /home/airflow/.local/lib/python3.7/site-packages/airflow/example_dags/example_short_circuit_decorator.py
[2023-02-14T12:08:45.404+0000] {processor.py:743} INFO - Processing file /home/airflow/.local/lib/python3.7/site-packages/airflow/example_dags/example_short_circuit_decorator.py for tasks to queue
[2023-02-14T12:08:45.406+0000] {logging_mixin.py:137} INFO - [2023-02-14T12:08:45.406+0000] {dagbag.py:538} INFO - Filling up the DagBag from /home/airflow/.local/lib/python3.7/site-packages/airflow/example_dags/example_short_circuit_decorator.py
[2023-02-14T12:08:45.440+0000] {processor.py:753} INFO - DAG(s) dict_keys(['example_short_circuit_decorator']) retrieved from /home/airflow/.local/lib/python3.7/site-packages/airflow/example_dags/example_short_circuit_decorator.py
[2023-02-14T12:08:45.482+0000] {logging_mixin.py:137} INFO - [2023-02-14T12:08:45.482+0000] {dag.py:2676} INFO - Sync 1 DAGs
[2023-02-14T12:08:45.511+0000] {logging_mixin.py:137} INFO - [2023-02-14T12:08:45.511+0000] {dag.py:3427} INFO - Setting next_dagrun for example_short_circuit_decorator to 2023-02-13T12:08:45.510754+00:00, run_after=2023-02-14T12:08:45.510754+00:00
[2023-02-14T12:08:45.532+0000] {processor.py:175} INFO - Processing /home/airflow/.local/lib/python3.7/site-packages/airflow/example_dags/example_short_circuit_decorator.py took 0.135 seconds
[2023-02-14T12:09:15.704+0000] {processor.py:153} INFO - Started process (PID=1397) to work on /home/airflow/.local/lib/python3.7/site-packages/airflow/example_dags/example_short_circuit_decorator.py
[2023-02-14T12:09:15.708+0000] {processor.py:743} INFO - Processing file /home/airflow/.local/lib/python3.7/site-packages/airflow/example_dags/example_short_circuit_decorator.py for tasks to queue
[2023-02-14T12:09:15.711+0000] {logging_mixin.py:137} INFO - [2023-02-14T12:09:15.710+0000] {dagbag.py:538} INFO - Filling up the DagBag from /home/airflow/.local/lib/python3.7/site-packages/airflow/example_dags/example_short_circuit_decorator.py
[2023-02-14T12:09:15.751+0000] {processor.py:753} INFO - DAG(s) dict_keys(['example_short_circuit_decorator']) retrieved from /home/airflow/.local/lib/python3.7/site-packages/airflow/example_dags/example_short_circuit_decorator.py
[2023-02-14T12:09:15.803+0000] {logging_mixin.py:137} INFO - [2023-02-14T12:09:15.803+0000] {dag.py:2676} INFO - Sync 1 DAGs
[2023-02-14T12:09:15.842+0000] {logging_mixin.py:137} INFO - [2023-02-14T12:09:15.842+0000] {dag.py:3427} INFO - Setting next_dagrun for example_short_circuit_decorator to 2023-02-13T12:09:15.842201+00:00, run_after=2023-02-14T12:09:15.842201+00:00
[2023-02-14T12:09:15.869+0000] {processor.py:175} INFO - Processing /home/airflow/.local/lib/python3.7/site-packages/airflow/example_dags/example_short_circuit_decorator.py took 0.170 seconds
[2023-02-14T12:09:47.197+0000] {processor.py:153} INFO - Started process (PID=1484) to work on /home/airflow/.local/lib/python3.7/site-packages/airflow/example_dags/example_short_circuit_decorator.py
[2023-02-14T12:09:47.201+0000] {processor.py:743} INFO - Processing file /home/airflow/.local/lib/python3.7/site-packages/airflow/example_dags/example_short_circuit_decorator.py for tasks to queue
[2023-02-14T12:09:47.203+0000] {logging_mixin.py:137} INFO - [2023-02-14T12:09:47.202+0000] {dagbag.py:538} INFO - Filling up the DagBag from /home/airflow/.local/lib/python3.7/site-packages/airflow/example_dags/example_short_circuit_decorator.py
[2023-02-14T12:09:47.271+0000] {processor.py:753} INFO - DAG(s) dict_keys(['example_short_circuit_decorator']) retrieved from /home/airflow/.local/lib/python3.7/site-packages/airflow/example_dags/example_short_circuit_decorator.py
[2023-02-14T12:09:47.341+0000] {logging_mixin.py:137} INFO - [2023-02-14T12:09:47.341+0000] {dag.py:2676} INFO - Sync 1 DAGs
[2023-02-14T12:09:47.379+0000] {logging_mixin.py:137} INFO - [2023-02-14T12:09:47.378+0000] {dag.py:3427} INFO - Setting next_dagrun for example_short_circuit_decorator to 2023-02-13T12:09:47.378551+00:00, run_after=2023-02-14T12:09:47.378551+00:00
[2023-02-14T12:09:47.403+0000] {processor.py:175} INFO - Processing /home/airflow/.local/lib/python3.7/site-packages/airflow/example_dags/example_short_circuit_decorator.py took 0.217 seconds
[2023-02-14T12:10:17.620+0000] {processor.py:153} INFO - Started process (PID=1555) to work on /home/airflow/.local/lib/python3.7/site-packages/airflow/example_dags/example_short_circuit_decorator.py
[2023-02-14T12:10:17.622+0000] {processor.py:743} INFO - Processing file /home/airflow/.local/lib/python3.7/site-packages/airflow/example_dags/example_short_circuit_decorator.py for tasks to queue
[2023-02-14T12:10:17.625+0000] {logging_mixin.py:137} INFO - [2023-02-14T12:10:17.624+0000] {dagbag.py:538} INFO - Filling up the DagBag from /home/airflow/.local/lib/python3.7/site-packages/airflow/example_dags/example_short_circuit_decorator.py
[2023-02-14T12:10:17.666+0000] {processor.py:753} INFO - DAG(s) dict_keys(['example_short_circuit_decorator']) retrieved from /home/airflow/.local/lib/python3.7/site-packages/airflow/example_dags/example_short_circuit_decorator.py
[2023-02-14T12:10:17.725+0000] {logging_mixin.py:137} INFO - [2023-02-14T12:10:17.725+0000] {dag.py:2676} INFO - Sync 1 DAGs
[2023-02-14T12:10:17.766+0000] {logging_mixin.py:137} INFO - [2023-02-14T12:10:17.766+0000] {dag.py:3427} INFO - Setting next_dagrun for example_short_circuit_decorator to 2023-02-13T12:10:17.766004+00:00, run_after=2023-02-14T12:10:17.766004+00:00
[2023-02-14T12:10:17.801+0000] {processor.py:175} INFO - Processing /home/airflow/.local/lib/python3.7/site-packages/airflow/example_dags/example_short_circuit_decorator.py took 0.188 seconds
[2023-02-14T12:10:48.547+0000] {processor.py:153} INFO - Started process (PID=1642) to work on /home/airflow/.local/lib/python3.7/site-packages/airflow/example_dags/example_short_circuit_decorator.py
[2023-02-14T12:10:48.549+0000] {processor.py:743} INFO - Processing file /home/airflow/.local/lib/python3.7/site-packages/airflow/example_dags/example_short_circuit_decorator.py for tasks to queue
[2023-02-14T12:10:48.551+0000] {logging_mixin.py:137} INFO - [2023-02-14T12:10:48.551+0000] {dagbag.py:538} INFO - Filling up the DagBag from /home/airflow/.local/lib/python3.7/site-packages/airflow/example_dags/example_short_circuit_decorator.py
[2023-02-14T12:10:48.579+0000] {processor.py:753} INFO - DAG(s) dict_keys(['example_short_circuit_decorator']) retrieved from /home/airflow/.local/lib/python3.7/site-packages/airflow/example_dags/example_short_circuit_decorator.py
[2023-02-14T12:10:48.622+0000] {logging_mixin.py:137} INFO - [2023-02-14T12:10:48.621+0000] {dag.py:2676} INFO - Sync 1 DAGs
[2023-02-14T12:10:48.648+0000] {logging_mixin.py:137} INFO - [2023-02-14T12:10:48.648+0000] {dag.py:3427} INFO - Setting next_dagrun for example_short_circuit_decorator to 2023-02-13T12:10:48.648338+00:00, run_after=2023-02-14T12:10:48.648338+00:00
[2023-02-14T12:10:48.671+0000] {processor.py:175} INFO - Processing /home/airflow/.local/lib/python3.7/site-packages/airflow/example_dags/example_short_circuit_decorator.py took 0.128 seconds
[2023-02-14T12:11:18.748+0000] {processor.py:153} INFO - Started process (PID=1713) to work on /home/airflow/.local/lib/python3.7/site-packages/airflow/example_dags/example_short_circuit_decorator.py
[2023-02-14T12:11:18.751+0000] {processor.py:743} INFO - Processing file /home/airflow/.local/lib/python3.7/site-packages/airflow/example_dags/example_short_circuit_decorator.py for tasks to queue
[2023-02-14T12:11:18.752+0000] {logging_mixin.py:137} INFO - [2023-02-14T12:11:18.752+0000] {dagbag.py:538} INFO - Filling up the DagBag from /home/airflow/.local/lib/python3.7/site-packages/airflow/example_dags/example_short_circuit_decorator.py
[2023-02-14T12:11:18.782+0000] {processor.py:753} INFO - DAG(s) dict_keys(['example_short_circuit_decorator']) retrieved from /home/airflow/.local/lib/python3.7/site-packages/airflow/example_dags/example_short_circuit_decorator.py
[2023-02-14T12:11:18.825+0000] {logging_mixin.py:137} INFO - [2023-02-14T12:11:18.825+0000] {dag.py:2676} INFO - Sync 1 DAGs
[2023-02-14T12:11:18.855+0000] {logging_mixin.py:137} INFO - [2023-02-14T12:11:18.855+0000] {dag.py:3427} INFO - Setting next_dagrun for example_short_circuit_decorator to 2023-02-13T12:11:18.855145+00:00, run_after=2023-02-14T12:11:18.855145+00:00
[2023-02-14T12:11:18.885+0000] {processor.py:175} INFO - Processing /home/airflow/.local/lib/python3.7/site-packages/airflow/example_dags/example_short_circuit_decorator.py took 0.141 seconds
