[2023-02-14T12:00:36.591+0000] {processor.py:153} INFO - Started process (PID=88) to work on /home/airflow/.local/lib/python3.7/site-packages/airflow/example_dags/example_sensor_decorator.py
[2023-02-14T12:00:36.594+0000] {processor.py:743} INFO - Processing file /home/airflow/.local/lib/python3.7/site-packages/airflow/example_dags/example_sensor_decorator.py for tasks to queue
[2023-02-14T12:00:36.596+0000] {logging_mixin.py:137} INFO - [2023-02-14T12:00:36.596+0000] {dagbag.py:538} INFO - Filling up the DagBag from /home/airflow/.local/lib/python3.7/site-packages/airflow/example_dags/example_sensor_decorator.py
[2023-02-14T12:00:36.627+0000] {logging_mixin.py:137} WARNING - /home/airflow/.local/lib/python3.7/site-packages/airflow/models/dag.py:3524 RemovedInAirflow3Warning: Param `schedule_interval` is deprecated and will be removed in a future release. Please use `schedule` instead.
[2023-02-14T12:00:36.642+0000] {processor.py:753} INFO - DAG(s) dict_keys(['example_sensor_decorator']) retrieved from /home/airflow/.local/lib/python3.7/site-packages/airflow/example_dags/example_sensor_decorator.py
[2023-02-14T12:00:36.699+0000] {logging_mixin.py:137} INFO - [2023-02-14T12:00:36.699+0000] {dag.py:2676} INFO - Sync 1 DAGs
[2023-02-14T12:00:36.738+0000] {logging_mixin.py:137} INFO - [2023-02-14T12:00:36.737+0000] {dag.py:3427} INFO - Setting next_dagrun for example_sensor_decorator to None, run_after=None
[2023-02-14T12:00:36.772+0000] {processor.py:175} INFO - Processing /home/airflow/.local/lib/python3.7/site-packages/airflow/example_dags/example_sensor_decorator.py took 0.189 seconds
[2023-02-14T12:01:07.155+0000] {processor.py:153} INFO - Started process (PID=159) to work on /home/airflow/.local/lib/python3.7/site-packages/airflow/example_dags/example_sensor_decorator.py
[2023-02-14T12:01:07.157+0000] {processor.py:743} INFO - Processing file /home/airflow/.local/lib/python3.7/site-packages/airflow/example_dags/example_sensor_decorator.py for tasks to queue
[2023-02-14T12:01:07.160+0000] {logging_mixin.py:137} INFO - [2023-02-14T12:01:07.159+0000] {dagbag.py:538} INFO - Filling up the DagBag from /home/airflow/.local/lib/python3.7/site-packages/airflow/example_dags/example_sensor_decorator.py
[2023-02-14T12:01:07.189+0000] {logging_mixin.py:137} WARNING - /home/airflow/.local/lib/python3.7/site-packages/airflow/models/dag.py:3524 RemovedInAirflow3Warning: Param `schedule_interval` is deprecated and will be removed in a future release. Please use `schedule` instead.
[2023-02-14T12:01:07.203+0000] {processor.py:753} INFO - DAG(s) dict_keys(['example_sensor_decorator']) retrieved from /home/airflow/.local/lib/python3.7/site-packages/airflow/example_dags/example_sensor_decorator.py
[2023-02-14T12:01:07.272+0000] {logging_mixin.py:137} INFO - [2023-02-14T12:01:07.272+0000] {dag.py:2676} INFO - Sync 1 DAGs
[2023-02-14T12:01:07.314+0000] {logging_mixin.py:137} INFO - [2023-02-14T12:01:07.314+0000] {dag.py:3427} INFO - Setting next_dagrun for example_sensor_decorator to None, run_after=None
[2023-02-14T12:01:07.346+0000] {processor.py:175} INFO - Processing /home/airflow/.local/lib/python3.7/site-packages/airflow/example_dags/example_sensor_decorator.py took 0.196 seconds
[2023-02-14T12:01:37.546+0000] {processor.py:153} INFO - Started process (PID=239) to work on /home/airflow/.local/lib/python3.7/site-packages/airflow/example_dags/example_sensor_decorator.py
[2023-02-14T12:01:37.549+0000] {processor.py:743} INFO - Processing file /home/airflow/.local/lib/python3.7/site-packages/airflow/example_dags/example_sensor_decorator.py for tasks to queue
[2023-02-14T12:01:37.552+0000] {logging_mixin.py:137} INFO - [2023-02-14T12:01:37.551+0000] {dagbag.py:538} INFO - Filling up the DagBag from /home/airflow/.local/lib/python3.7/site-packages/airflow/example_dags/example_sensor_decorator.py
[2023-02-14T12:01:37.581+0000] {logging_mixin.py:137} WARNING - /home/airflow/.local/lib/python3.7/site-packages/airflow/models/dag.py:3524 RemovedInAirflow3Warning: Param `schedule_interval` is deprecated and will be removed in a future release. Please use `schedule` instead.
[2023-02-14T12:01:37.597+0000] {processor.py:753} INFO - DAG(s) dict_keys(['example_sensor_decorator']) retrieved from /home/airflow/.local/lib/python3.7/site-packages/airflow/example_dags/example_sensor_decorator.py
[2023-02-14T12:01:37.655+0000] {logging_mixin.py:137} INFO - [2023-02-14T12:01:37.655+0000] {dag.py:2676} INFO - Sync 1 DAGs
[2023-02-14T12:01:37.698+0000] {logging_mixin.py:137} INFO - [2023-02-14T12:01:37.698+0000] {dag.py:3427} INFO - Setting next_dagrun for example_sensor_decorator to None, run_after=None
[2023-02-14T12:01:37.727+0000] {processor.py:175} INFO - Processing /home/airflow/.local/lib/python3.7/site-packages/airflow/example_dags/example_sensor_decorator.py took 0.186 seconds
[2023-02-14T12:02:08.682+0000] {processor.py:153} INFO - Started process (PID=317) to work on /home/airflow/.local/lib/python3.7/site-packages/airflow/example_dags/example_sensor_decorator.py
[2023-02-14T12:02:08.684+0000] {processor.py:743} INFO - Processing file /home/airflow/.local/lib/python3.7/site-packages/airflow/example_dags/example_sensor_decorator.py for tasks to queue
[2023-02-14T12:02:08.686+0000] {logging_mixin.py:137} INFO - [2023-02-14T12:02:08.686+0000] {dagbag.py:538} INFO - Filling up the DagBag from /home/airflow/.local/lib/python3.7/site-packages/airflow/example_dags/example_sensor_decorator.py
[2023-02-14T12:02:08.710+0000] {logging_mixin.py:137} WARNING - /home/airflow/.local/lib/python3.7/site-packages/airflow/models/dag.py:3524 RemovedInAirflow3Warning: Param `schedule_interval` is deprecated and will be removed in a future release. Please use `schedule` instead.
[2023-02-14T12:02:08.722+0000] {processor.py:753} INFO - DAG(s) dict_keys(['example_sensor_decorator']) retrieved from /home/airflow/.local/lib/python3.7/site-packages/airflow/example_dags/example_sensor_decorator.py
[2023-02-14T12:02:08.761+0000] {logging_mixin.py:137} INFO - [2023-02-14T12:02:08.760+0000] {dag.py:2676} INFO - Sync 1 DAGs
[2023-02-14T12:02:08.798+0000] {logging_mixin.py:137} INFO - [2023-02-14T12:02:08.798+0000] {dag.py:3427} INFO - Setting next_dagrun for example_sensor_decorator to None, run_after=None
[2023-02-14T12:02:08.823+0000] {processor.py:175} INFO - Processing /home/airflow/.local/lib/python3.7/site-packages/airflow/example_dags/example_sensor_decorator.py took 0.145 seconds
[2023-02-14T12:02:39.861+0000] {processor.py:153} INFO - Started process (PID=388) to work on /home/airflow/.local/lib/python3.7/site-packages/airflow/example_dags/example_sensor_decorator.py
[2023-02-14T12:02:39.863+0000] {processor.py:743} INFO - Processing file /home/airflow/.local/lib/python3.7/site-packages/airflow/example_dags/example_sensor_decorator.py for tasks to queue
[2023-02-14T12:02:39.865+0000] {logging_mixin.py:137} INFO - [2023-02-14T12:02:39.865+0000] {dagbag.py:538} INFO - Filling up the DagBag from /home/airflow/.local/lib/python3.7/site-packages/airflow/example_dags/example_sensor_decorator.py
[2023-02-14T12:02:39.889+0000] {logging_mixin.py:137} WARNING - /home/airflow/.local/lib/python3.7/site-packages/airflow/models/dag.py:3524 RemovedInAirflow3Warning: Param `schedule_interval` is deprecated and will be removed in a future release. Please use `schedule` instead.
[2023-02-14T12:02:39.901+0000] {processor.py:753} INFO - DAG(s) dict_keys(['example_sensor_decorator']) retrieved from /home/airflow/.local/lib/python3.7/site-packages/airflow/example_dags/example_sensor_decorator.py
[2023-02-14T12:02:39.945+0000] {logging_mixin.py:137} INFO - [2023-02-14T12:02:39.945+0000] {dag.py:2676} INFO - Sync 1 DAGs
[2023-02-14T12:02:39.974+0000] {logging_mixin.py:137} INFO - [2023-02-14T12:02:39.974+0000] {dag.py:3427} INFO - Setting next_dagrun for example_sensor_decorator to None, run_after=None
[2023-02-14T12:02:39.994+0000] {processor.py:175} INFO - Processing /home/airflow/.local/lib/python3.7/site-packages/airflow/example_dags/example_sensor_decorator.py took 0.138 seconds
[2023-02-14T12:03:10.540+0000] {processor.py:153} INFO - Started process (PID=475) to work on /home/airflow/.local/lib/python3.7/site-packages/airflow/example_dags/example_sensor_decorator.py
[2023-02-14T12:03:10.543+0000] {processor.py:743} INFO - Processing file /home/airflow/.local/lib/python3.7/site-packages/airflow/example_dags/example_sensor_decorator.py for tasks to queue
[2023-02-14T12:03:10.544+0000] {logging_mixin.py:137} INFO - [2023-02-14T12:03:10.544+0000] {dagbag.py:538} INFO - Filling up the DagBag from /home/airflow/.local/lib/python3.7/site-packages/airflow/example_dags/example_sensor_decorator.py
[2023-02-14T12:03:10.567+0000] {logging_mixin.py:137} WARNING - /home/airflow/.local/lib/python3.7/site-packages/airflow/models/dag.py:3524 RemovedInAirflow3Warning: Param `schedule_interval` is deprecated and will be removed in a future release. Please use `schedule` instead.
[2023-02-14T12:03:10.578+0000] {processor.py:753} INFO - DAG(s) dict_keys(['example_sensor_decorator']) retrieved from /home/airflow/.local/lib/python3.7/site-packages/airflow/example_dags/example_sensor_decorator.py
[2023-02-14T12:03:10.619+0000] {logging_mixin.py:137} INFO - [2023-02-14T12:03:10.619+0000] {dag.py:2676} INFO - Sync 1 DAGs
[2023-02-14T12:03:10.648+0000] {logging_mixin.py:137} INFO - [2023-02-14T12:03:10.648+0000] {dag.py:3427} INFO - Setting next_dagrun for example_sensor_decorator to None, run_after=None
[2023-02-14T12:03:10.669+0000] {processor.py:175} INFO - Processing /home/airflow/.local/lib/python3.7/site-packages/airflow/example_dags/example_sensor_decorator.py took 0.133 seconds
[2023-02-14T12:03:41.182+0000] {processor.py:153} INFO - Started process (PID=547) to work on /home/airflow/.local/lib/python3.7/site-packages/airflow/example_dags/example_sensor_decorator.py
[2023-02-14T12:03:41.184+0000] {processor.py:743} INFO - Processing file /home/airflow/.local/lib/python3.7/site-packages/airflow/example_dags/example_sensor_decorator.py for tasks to queue
[2023-02-14T12:03:41.186+0000] {logging_mixin.py:137} INFO - [2023-02-14T12:03:41.186+0000] {dagbag.py:538} INFO - Filling up the DagBag from /home/airflow/.local/lib/python3.7/site-packages/airflow/example_dags/example_sensor_decorator.py
[2023-02-14T12:03:41.212+0000] {logging_mixin.py:137} WARNING - /home/airflow/.local/lib/python3.7/site-packages/airflow/models/dag.py:3524 RemovedInAirflow3Warning: Param `schedule_interval` is deprecated and will be removed in a future release. Please use `schedule` instead.
[2023-02-14T12:03:41.224+0000] {processor.py:753} INFO - DAG(s) dict_keys(['example_sensor_decorator']) retrieved from /home/airflow/.local/lib/python3.7/site-packages/airflow/example_dags/example_sensor_decorator.py
[2023-02-14T12:03:41.268+0000] {logging_mixin.py:137} INFO - [2023-02-14T12:03:41.268+0000] {dag.py:2676} INFO - Sync 1 DAGs
[2023-02-14T12:03:41.298+0000] {logging_mixin.py:137} INFO - [2023-02-14T12:03:41.298+0000] {dag.py:3427} INFO - Setting next_dagrun for example_sensor_decorator to None, run_after=None
[2023-02-14T12:03:41.318+0000] {processor.py:175} INFO - Processing /home/airflow/.local/lib/python3.7/site-packages/airflow/example_dags/example_sensor_decorator.py took 0.141 seconds
[2023-02-14T12:04:11.753+0000] {processor.py:153} INFO - Started process (PID=634) to work on /home/airflow/.local/lib/python3.7/site-packages/airflow/example_dags/example_sensor_decorator.py
[2023-02-14T12:04:11.755+0000] {processor.py:743} INFO - Processing file /home/airflow/.local/lib/python3.7/site-packages/airflow/example_dags/example_sensor_decorator.py for tasks to queue
[2023-02-14T12:04:11.757+0000] {logging_mixin.py:137} INFO - [2023-02-14T12:04:11.757+0000] {dagbag.py:538} INFO - Filling up the DagBag from /home/airflow/.local/lib/python3.7/site-packages/airflow/example_dags/example_sensor_decorator.py
[2023-02-14T12:04:11.782+0000] {logging_mixin.py:137} WARNING - /home/airflow/.local/lib/python3.7/site-packages/airflow/models/dag.py:3524 RemovedInAirflow3Warning: Param `schedule_interval` is deprecated and will be removed in a future release. Please use `schedule` instead.
[2023-02-14T12:04:11.792+0000] {processor.py:753} INFO - DAG(s) dict_keys(['example_sensor_decorator']) retrieved from /home/airflow/.local/lib/python3.7/site-packages/airflow/example_dags/example_sensor_decorator.py
[2023-02-14T12:04:11.836+0000] {logging_mixin.py:137} INFO - [2023-02-14T12:04:11.836+0000] {dag.py:2676} INFO - Sync 1 DAGs
[2023-02-14T12:04:11.867+0000] {logging_mixin.py:137} INFO - [2023-02-14T12:04:11.867+0000] {dag.py:3427} INFO - Setting next_dagrun for example_sensor_decorator to None, run_after=None
[2023-02-14T12:04:11.887+0000] {processor.py:175} INFO - Processing /home/airflow/.local/lib/python3.7/site-packages/airflow/example_dags/example_sensor_decorator.py took 0.138 seconds
[2023-02-14T12:04:42.718+0000] {processor.py:153} INFO - Started process (PID=704) to work on /home/airflow/.local/lib/python3.7/site-packages/airflow/example_dags/example_sensor_decorator.py
[2023-02-14T12:04:42.721+0000] {processor.py:743} INFO - Processing file /home/airflow/.local/lib/python3.7/site-packages/airflow/example_dags/example_sensor_decorator.py for tasks to queue
[2023-02-14T12:04:42.723+0000] {logging_mixin.py:137} INFO - [2023-02-14T12:04:42.722+0000] {dagbag.py:538} INFO - Filling up the DagBag from /home/airflow/.local/lib/python3.7/site-packages/airflow/example_dags/example_sensor_decorator.py
[2023-02-14T12:04:42.750+0000] {logging_mixin.py:137} WARNING - /home/airflow/.local/lib/python3.7/site-packages/airflow/models/dag.py:3524 RemovedInAirflow3Warning: Param `schedule_interval` is deprecated and will be removed in a future release. Please use `schedule` instead.
[2023-02-14T12:04:42.764+0000] {processor.py:753} INFO - DAG(s) dict_keys(['example_sensor_decorator']) retrieved from /home/airflow/.local/lib/python3.7/site-packages/airflow/example_dags/example_sensor_decorator.py
[2023-02-14T12:04:42.813+0000] {logging_mixin.py:137} INFO - [2023-02-14T12:04:42.813+0000] {dag.py:2676} INFO - Sync 1 DAGs
[2023-02-14T12:04:42.851+0000] {logging_mixin.py:137} INFO - [2023-02-14T12:04:42.851+0000] {dag.py:3427} INFO - Setting next_dagrun for example_sensor_decorator to None, run_after=None
[2023-02-14T12:04:42.879+0000] {processor.py:175} INFO - Processing /home/airflow/.local/lib/python3.7/site-packages/airflow/example_dags/example_sensor_decorator.py took 0.165 seconds
[2023-02-14T12:05:13.644+0000] {processor.py:153} INFO - Started process (PID=791) to work on /home/airflow/.local/lib/python3.7/site-packages/airflow/example_dags/example_sensor_decorator.py
[2023-02-14T12:05:13.646+0000] {processor.py:743} INFO - Processing file /home/airflow/.local/lib/python3.7/site-packages/airflow/example_dags/example_sensor_decorator.py for tasks to queue
[2023-02-14T12:05:13.648+0000] {logging_mixin.py:137} INFO - [2023-02-14T12:05:13.647+0000] {dagbag.py:538} INFO - Filling up the DagBag from /home/airflow/.local/lib/python3.7/site-packages/airflow/example_dags/example_sensor_decorator.py
[2023-02-14T12:05:13.675+0000] {logging_mixin.py:137} WARNING - /home/airflow/.local/lib/python3.7/site-packages/airflow/models/dag.py:3524 RemovedInAirflow3Warning: Param `schedule_interval` is deprecated and will be removed in a future release. Please use `schedule` instead.
[2023-02-14T12:05:13.687+0000] {processor.py:753} INFO - DAG(s) dict_keys(['example_sensor_decorator']) retrieved from /home/airflow/.local/lib/python3.7/site-packages/airflow/example_dags/example_sensor_decorator.py
[2023-02-14T12:05:13.730+0000] {logging_mixin.py:137} INFO - [2023-02-14T12:05:13.730+0000] {dag.py:2676} INFO - Sync 1 DAGs
[2023-02-14T12:05:13.764+0000] {logging_mixin.py:137} INFO - [2023-02-14T12:05:13.764+0000] {dag.py:3427} INFO - Setting next_dagrun for example_sensor_decorator to None, run_after=None
[2023-02-14T12:05:13.791+0000] {processor.py:175} INFO - Processing /home/airflow/.local/lib/python3.7/site-packages/airflow/example_dags/example_sensor_decorator.py took 0.151 seconds
[2023-02-14T12:05:44.093+0000] {processor.py:153} INFO - Started process (PID=863) to work on /home/airflow/.local/lib/python3.7/site-packages/airflow/example_dags/example_sensor_decorator.py
[2023-02-14T12:05:44.096+0000] {processor.py:743} INFO - Processing file /home/airflow/.local/lib/python3.7/site-packages/airflow/example_dags/example_sensor_decorator.py for tasks to queue
[2023-02-14T12:05:44.100+0000] {logging_mixin.py:137} INFO - [2023-02-14T12:05:44.100+0000] {dagbag.py:538} INFO - Filling up the DagBag from /home/airflow/.local/lib/python3.7/site-packages/airflow/example_dags/example_sensor_decorator.py
[2023-02-14T12:05:44.128+0000] {logging_mixin.py:137} WARNING - /home/airflow/.local/lib/python3.7/site-packages/airflow/models/dag.py:3524 RemovedInAirflow3Warning: Param `schedule_interval` is deprecated and will be removed in a future release. Please use `schedule` instead.
[2023-02-14T12:05:44.139+0000] {processor.py:753} INFO - DAG(s) dict_keys(['example_sensor_decorator']) retrieved from /home/airflow/.local/lib/python3.7/site-packages/airflow/example_dags/example_sensor_decorator.py
[2023-02-14T12:05:44.194+0000] {logging_mixin.py:137} INFO - [2023-02-14T12:05:44.194+0000] {dag.py:2676} INFO - Sync 1 DAGs
[2023-02-14T12:05:44.237+0000] {logging_mixin.py:137} INFO - [2023-02-14T12:05:44.237+0000] {dag.py:3427} INFO - Setting next_dagrun for example_sensor_decorator to None, run_after=None
[2023-02-14T12:05:44.268+0000] {processor.py:175} INFO - Processing /home/airflow/.local/lib/python3.7/site-packages/airflow/example_dags/example_sensor_decorator.py took 0.179 seconds
[2023-02-14T12:06:14.989+0000] {processor.py:153} INFO - Started process (PID=949) to work on /home/airflow/.local/lib/python3.7/site-packages/airflow/example_dags/example_sensor_decorator.py
[2023-02-14T12:06:14.992+0000] {processor.py:743} INFO - Processing file /home/airflow/.local/lib/python3.7/site-packages/airflow/example_dags/example_sensor_decorator.py for tasks to queue
[2023-02-14T12:06:14.994+0000] {logging_mixin.py:137} INFO - [2023-02-14T12:06:14.994+0000] {dagbag.py:538} INFO - Filling up the DagBag from /home/airflow/.local/lib/python3.7/site-packages/airflow/example_dags/example_sensor_decorator.py
[2023-02-14T12:06:15.024+0000] {logging_mixin.py:137} WARNING - /home/airflow/.local/lib/python3.7/site-packages/airflow/models/dag.py:3524 RemovedInAirflow3Warning: Param `schedule_interval` is deprecated and will be removed in a future release. Please use `schedule` instead.
[2023-02-14T12:06:15.038+0000] {processor.py:753} INFO - DAG(s) dict_keys(['example_sensor_decorator']) retrieved from /home/airflow/.local/lib/python3.7/site-packages/airflow/example_dags/example_sensor_decorator.py
[2023-02-14T12:06:15.084+0000] {logging_mixin.py:137} INFO - [2023-02-14T12:06:15.084+0000] {dag.py:2676} INFO - Sync 1 DAGs
[2023-02-14T12:06:15.118+0000] {logging_mixin.py:137} INFO - [2023-02-14T12:06:15.117+0000] {dag.py:3427} INFO - Setting next_dagrun for example_sensor_decorator to None, run_after=None
[2023-02-14T12:06:15.147+0000] {processor.py:175} INFO - Processing /home/airflow/.local/lib/python3.7/site-packages/airflow/example_dags/example_sensor_decorator.py took 0.163 seconds
[2023-02-14T12:06:45.324+0000] {processor.py:153} INFO - Started process (PID=1020) to work on /home/airflow/.local/lib/python3.7/site-packages/airflow/example_dags/example_sensor_decorator.py
[2023-02-14T12:06:45.327+0000] {processor.py:743} INFO - Processing file /home/airflow/.local/lib/python3.7/site-packages/airflow/example_dags/example_sensor_decorator.py for tasks to queue
[2023-02-14T12:06:45.329+0000] {logging_mixin.py:137} INFO - [2023-02-14T12:06:45.329+0000] {dagbag.py:538} INFO - Filling up the DagBag from /home/airflow/.local/lib/python3.7/site-packages/airflow/example_dags/example_sensor_decorator.py
[2023-02-14T12:06:45.363+0000] {logging_mixin.py:137} WARNING - /home/airflow/.local/lib/python3.7/site-packages/airflow/models/dag.py:3524 RemovedInAirflow3Warning: Param `schedule_interval` is deprecated and will be removed in a future release. Please use `schedule` instead.
[2023-02-14T12:06:45.376+0000] {processor.py:753} INFO - DAG(s) dict_keys(['example_sensor_decorator']) retrieved from /home/airflow/.local/lib/python3.7/site-packages/airflow/example_dags/example_sensor_decorator.py
[2023-02-14T12:06:45.424+0000] {logging_mixin.py:137} INFO - [2023-02-14T12:06:45.424+0000] {dag.py:2676} INFO - Sync 1 DAGs
[2023-02-14T12:06:45.457+0000] {logging_mixin.py:137} INFO - [2023-02-14T12:06:45.456+0000] {dag.py:3427} INFO - Setting next_dagrun for example_sensor_decorator to None, run_after=None
[2023-02-14T12:06:45.478+0000] {processor.py:175} INFO - Processing /home/airflow/.local/lib/python3.7/site-packages/airflow/example_dags/example_sensor_decorator.py took 0.158 seconds
[2023-02-14T12:07:15.570+0000] {processor.py:153} INFO - Started process (PID=1092) to work on /home/airflow/.local/lib/python3.7/site-packages/airflow/example_dags/example_sensor_decorator.py
[2023-02-14T12:07:15.572+0000] {processor.py:743} INFO - Processing file /home/airflow/.local/lib/python3.7/site-packages/airflow/example_dags/example_sensor_decorator.py for tasks to queue
[2023-02-14T12:07:15.575+0000] {logging_mixin.py:137} INFO - [2023-02-14T12:07:15.575+0000] {dagbag.py:538} INFO - Filling up the DagBag from /home/airflow/.local/lib/python3.7/site-packages/airflow/example_dags/example_sensor_decorator.py
[2023-02-14T12:07:15.603+0000] {logging_mixin.py:137} WARNING - /home/airflow/.local/lib/python3.7/site-packages/airflow/models/dag.py:3524 RemovedInAirflow3Warning: Param `schedule_interval` is deprecated and will be removed in a future release. Please use `schedule` instead.
[2023-02-14T12:07:15.615+0000] {processor.py:753} INFO - DAG(s) dict_keys(['example_sensor_decorator']) retrieved from /home/airflow/.local/lib/python3.7/site-packages/airflow/example_dags/example_sensor_decorator.py
[2023-02-14T12:07:15.661+0000] {logging_mixin.py:137} INFO - [2023-02-14T12:07:15.661+0000] {dag.py:2676} INFO - Sync 1 DAGs
[2023-02-14T12:07:15.692+0000] {logging_mixin.py:137} INFO - [2023-02-14T12:07:15.692+0000] {dag.py:3427} INFO - Setting next_dagrun for example_sensor_decorator to None, run_after=None
[2023-02-14T12:07:15.714+0000] {processor.py:175} INFO - Processing /home/airflow/.local/lib/python3.7/site-packages/airflow/example_dags/example_sensor_decorator.py took 0.149 seconds
[2023-02-14T12:07:45.881+0000] {processor.py:153} INFO - Started process (PID=1179) to work on /home/airflow/.local/lib/python3.7/site-packages/airflow/example_dags/example_sensor_decorator.py
[2023-02-14T12:07:45.883+0000] {processor.py:743} INFO - Processing file /home/airflow/.local/lib/python3.7/site-packages/airflow/example_dags/example_sensor_decorator.py for tasks to queue
[2023-02-14T12:07:45.885+0000] {logging_mixin.py:137} INFO - [2023-02-14T12:07:45.885+0000] {dagbag.py:538} INFO - Filling up the DagBag from /home/airflow/.local/lib/python3.7/site-packages/airflow/example_dags/example_sensor_decorator.py
[2023-02-14T12:07:45.912+0000] {logging_mixin.py:137} WARNING - /home/airflow/.local/lib/python3.7/site-packages/airflow/models/dag.py:3524 RemovedInAirflow3Warning: Param `schedule_interval` is deprecated and will be removed in a future release. Please use `schedule` instead.
[2023-02-14T12:07:45.924+0000] {processor.py:753} INFO - DAG(s) dict_keys(['example_sensor_decorator']) retrieved from /home/airflow/.local/lib/python3.7/site-packages/airflow/example_dags/example_sensor_decorator.py
[2023-02-14T12:07:45.982+0000] {logging_mixin.py:137} INFO - [2023-02-14T12:07:45.981+0000] {dag.py:2676} INFO - Sync 1 DAGs
[2023-02-14T12:07:46.016+0000] {logging_mixin.py:137} INFO - [2023-02-14T12:07:46.016+0000] {dag.py:3427} INFO - Setting next_dagrun for example_sensor_decorator to None, run_after=None
[2023-02-14T12:07:46.040+0000] {processor.py:175} INFO - Processing /home/airflow/.local/lib/python3.7/site-packages/airflow/example_dags/example_sensor_decorator.py took 0.164 seconds
[2023-02-14T12:08:16.201+0000] {processor.py:153} INFO - Started process (PID=1250) to work on /home/airflow/.local/lib/python3.7/site-packages/airflow/example_dags/example_sensor_decorator.py
[2023-02-14T12:08:16.203+0000] {processor.py:743} INFO - Processing file /home/airflow/.local/lib/python3.7/site-packages/airflow/example_dags/example_sensor_decorator.py for tasks to queue
[2023-02-14T12:08:16.206+0000] {logging_mixin.py:137} INFO - [2023-02-14T12:08:16.206+0000] {dagbag.py:538} INFO - Filling up the DagBag from /home/airflow/.local/lib/python3.7/site-packages/airflow/example_dags/example_sensor_decorator.py
[2023-02-14T12:08:16.234+0000] {logging_mixin.py:137} WARNING - /home/airflow/.local/lib/python3.7/site-packages/airflow/models/dag.py:3524 RemovedInAirflow3Warning: Param `schedule_interval` is deprecated and will be removed in a future release. Please use `schedule` instead.
[2023-02-14T12:08:16.246+0000] {processor.py:753} INFO - DAG(s) dict_keys(['example_sensor_decorator']) retrieved from /home/airflow/.local/lib/python3.7/site-packages/airflow/example_dags/example_sensor_decorator.py
[2023-02-14T12:08:16.292+0000] {logging_mixin.py:137} INFO - [2023-02-14T12:08:16.292+0000] {dag.py:2676} INFO - Sync 1 DAGs
[2023-02-14T12:08:16.325+0000] {logging_mixin.py:137} INFO - [2023-02-14T12:08:16.325+0000] {dag.py:3427} INFO - Setting next_dagrun for example_sensor_decorator to None, run_after=None
[2023-02-14T12:08:16.347+0000] {processor.py:175} INFO - Processing /home/airflow/.local/lib/python3.7/site-packages/airflow/example_dags/example_sensor_decorator.py took 0.150 seconds
[2023-02-14T12:08:46.767+0000] {processor.py:153} INFO - Started process (PID=1337) to work on /home/airflow/.local/lib/python3.7/site-packages/airflow/example_dags/example_sensor_decorator.py
[2023-02-14T12:08:46.770+0000] {processor.py:743} INFO - Processing file /home/airflow/.local/lib/python3.7/site-packages/airflow/example_dags/example_sensor_decorator.py for tasks to queue
[2023-02-14T12:08:46.772+0000] {logging_mixin.py:137} INFO - [2023-02-14T12:08:46.771+0000] {dagbag.py:538} INFO - Filling up the DagBag from /home/airflow/.local/lib/python3.7/site-packages/airflow/example_dags/example_sensor_decorator.py
[2023-02-14T12:08:46.803+0000] {logging_mixin.py:137} WARNING - /home/airflow/.local/lib/python3.7/site-packages/airflow/models/dag.py:3524 RemovedInAirflow3Warning: Param `schedule_interval` is deprecated and will be removed in a future release. Please use `schedule` instead.
[2023-02-14T12:08:46.817+0000] {processor.py:753} INFO - DAG(s) dict_keys(['example_sensor_decorator']) retrieved from /home/airflow/.local/lib/python3.7/site-packages/airflow/example_dags/example_sensor_decorator.py
[2023-02-14T12:08:46.872+0000] {logging_mixin.py:137} INFO - [2023-02-14T12:08:46.871+0000] {dag.py:2676} INFO - Sync 1 DAGs
[2023-02-14T12:08:46.907+0000] {logging_mixin.py:137} INFO - [2023-02-14T12:08:46.907+0000] {dag.py:3427} INFO - Setting next_dagrun for example_sensor_decorator to None, run_after=None
[2023-02-14T12:08:46.932+0000] {processor.py:175} INFO - Processing /home/airflow/.local/lib/python3.7/site-packages/airflow/example_dags/example_sensor_decorator.py took 0.172 seconds
[2023-02-14T12:09:17.762+0000] {processor.py:153} INFO - Started process (PID=1408) to work on /home/airflow/.local/lib/python3.7/site-packages/airflow/example_dags/example_sensor_decorator.py
[2023-02-14T12:09:17.765+0000] {processor.py:743} INFO - Processing file /home/airflow/.local/lib/python3.7/site-packages/airflow/example_dags/example_sensor_decorator.py for tasks to queue
[2023-02-14T12:09:17.768+0000] {logging_mixin.py:137} INFO - [2023-02-14T12:09:17.767+0000] {dagbag.py:538} INFO - Filling up the DagBag from /home/airflow/.local/lib/python3.7/site-packages/airflow/example_dags/example_sensor_decorator.py
[2023-02-14T12:09:17.797+0000] {logging_mixin.py:137} WARNING - /home/airflow/.local/lib/python3.7/site-packages/airflow/models/dag.py:3524 RemovedInAirflow3Warning: Param `schedule_interval` is deprecated and will be removed in a future release. Please use `schedule` instead.
[2023-02-14T12:09:17.812+0000] {processor.py:753} INFO - DAG(s) dict_keys(['example_sensor_decorator']) retrieved from /home/airflow/.local/lib/python3.7/site-packages/airflow/example_dags/example_sensor_decorator.py
[2023-02-14T12:09:17.860+0000] {logging_mixin.py:137} INFO - [2023-02-14T12:09:17.860+0000] {dag.py:2676} INFO - Sync 1 DAGs
[2023-02-14T12:09:17.896+0000] {logging_mixin.py:137} INFO - [2023-02-14T12:09:17.896+0000] {dag.py:3427} INFO - Setting next_dagrun for example_sensor_decorator to None, run_after=None
[2023-02-14T12:09:17.921+0000] {processor.py:175} INFO - Processing /home/airflow/.local/lib/python3.7/site-packages/airflow/example_dags/example_sensor_decorator.py took 0.164 seconds
[2023-02-14T12:09:48.244+0000] {processor.py:153} INFO - Started process (PID=1495) to work on /home/airflow/.local/lib/python3.7/site-packages/airflow/example_dags/example_sensor_decorator.py
[2023-02-14T12:09:48.247+0000] {processor.py:743} INFO - Processing file /home/airflow/.local/lib/python3.7/site-packages/airflow/example_dags/example_sensor_decorator.py for tasks to queue
[2023-02-14T12:09:48.249+0000] {logging_mixin.py:137} INFO - [2023-02-14T12:09:48.249+0000] {dagbag.py:538} INFO - Filling up the DagBag from /home/airflow/.local/lib/python3.7/site-packages/airflow/example_dags/example_sensor_decorator.py
[2023-02-14T12:09:48.276+0000] {logging_mixin.py:137} WARNING - /home/airflow/.local/lib/python3.7/site-packages/airflow/models/dag.py:3524 RemovedInAirflow3Warning: Param `schedule_interval` is deprecated and will be removed in a future release. Please use `schedule` instead.
[2023-02-14T12:09:48.287+0000] {processor.py:753} INFO - DAG(s) dict_keys(['example_sensor_decorator']) retrieved from /home/airflow/.local/lib/python3.7/site-packages/airflow/example_dags/example_sensor_decorator.py
[2023-02-14T12:09:48.328+0000] {logging_mixin.py:137} INFO - [2023-02-14T12:09:48.328+0000] {dag.py:2676} INFO - Sync 1 DAGs
[2023-02-14T12:09:48.358+0000] {logging_mixin.py:137} INFO - [2023-02-14T12:09:48.358+0000] {dag.py:3427} INFO - Setting next_dagrun for example_sensor_decorator to None, run_after=None
[2023-02-14T12:09:48.379+0000] {processor.py:175} INFO - Processing /home/airflow/.local/lib/python3.7/site-packages/airflow/example_dags/example_sensor_decorator.py took 0.140 seconds
[2023-02-14T12:10:18.825+0000] {processor.py:153} INFO - Started process (PID=1566) to work on /home/airflow/.local/lib/python3.7/site-packages/airflow/example_dags/example_sensor_decorator.py
[2023-02-14T12:10:18.828+0000] {processor.py:743} INFO - Processing file /home/airflow/.local/lib/python3.7/site-packages/airflow/example_dags/example_sensor_decorator.py for tasks to queue
[2023-02-14T12:10:18.831+0000] {logging_mixin.py:137} INFO - [2023-02-14T12:10:18.830+0000] {dagbag.py:538} INFO - Filling up the DagBag from /home/airflow/.local/lib/python3.7/site-packages/airflow/example_dags/example_sensor_decorator.py
[2023-02-14T12:10:18.866+0000] {logging_mixin.py:137} WARNING - /home/airflow/.local/lib/python3.7/site-packages/airflow/models/dag.py:3524 RemovedInAirflow3Warning: Param `schedule_interval` is deprecated and will be removed in a future release. Please use `schedule` instead.
[2023-02-14T12:10:18.882+0000] {processor.py:753} INFO - DAG(s) dict_keys(['example_sensor_decorator']) retrieved from /home/airflow/.local/lib/python3.7/site-packages/airflow/example_dags/example_sensor_decorator.py
[2023-02-14T12:10:18.948+0000] {logging_mixin.py:137} INFO - [2023-02-14T12:10:18.948+0000] {dag.py:2676} INFO - Sync 1 DAGs
[2023-02-14T12:10:19.003+0000] {logging_mixin.py:137} INFO - [2023-02-14T12:10:19.003+0000] {dag.py:3427} INFO - Setting next_dagrun for example_sensor_decorator to None, run_after=None
[2023-02-14T12:10:19.055+0000] {processor.py:175} INFO - Processing /home/airflow/.local/lib/python3.7/site-packages/airflow/example_dags/example_sensor_decorator.py took 0.237 seconds
[2023-02-14T12:10:49.677+0000] {processor.py:153} INFO - Started process (PID=1653) to work on /home/airflow/.local/lib/python3.7/site-packages/airflow/example_dags/example_sensor_decorator.py
[2023-02-14T12:10:49.679+0000] {processor.py:743} INFO - Processing file /home/airflow/.local/lib/python3.7/site-packages/airflow/example_dags/example_sensor_decorator.py for tasks to queue
[2023-02-14T12:10:49.681+0000] {logging_mixin.py:137} INFO - [2023-02-14T12:10:49.681+0000] {dagbag.py:538} INFO - Filling up the DagBag from /home/airflow/.local/lib/python3.7/site-packages/airflow/example_dags/example_sensor_decorator.py
[2023-02-14T12:10:49.706+0000] {logging_mixin.py:137} WARNING - /home/airflow/.local/lib/python3.7/site-packages/airflow/models/dag.py:3524 RemovedInAirflow3Warning: Param `schedule_interval` is deprecated and will be removed in a future release. Please use `schedule` instead.
[2023-02-14T12:10:49.717+0000] {processor.py:753} INFO - DAG(s) dict_keys(['example_sensor_decorator']) retrieved from /home/airflow/.local/lib/python3.7/site-packages/airflow/example_dags/example_sensor_decorator.py
[2023-02-14T12:10:49.761+0000] {logging_mixin.py:137} INFO - [2023-02-14T12:10:49.760+0000] {dag.py:2676} INFO - Sync 1 DAGs
[2023-02-14T12:10:49.789+0000] {logging_mixin.py:137} INFO - [2023-02-14T12:10:49.789+0000] {dag.py:3427} INFO - Setting next_dagrun for example_sensor_decorator to None, run_after=None
[2023-02-14T12:10:49.810+0000] {processor.py:175} INFO - Processing /home/airflow/.local/lib/python3.7/site-packages/airflow/example_dags/example_sensor_decorator.py took 0.138 seconds
[2023-02-14T12:11:20.162+0000] {processor.py:153} INFO - Started process (PID=1724) to work on /home/airflow/.local/lib/python3.7/site-packages/airflow/example_dags/example_sensor_decorator.py
[2023-02-14T12:11:20.164+0000] {processor.py:743} INFO - Processing file /home/airflow/.local/lib/python3.7/site-packages/airflow/example_dags/example_sensor_decorator.py for tasks to queue
[2023-02-14T12:11:20.166+0000] {logging_mixin.py:137} INFO - [2023-02-14T12:11:20.166+0000] {dagbag.py:538} INFO - Filling up the DagBag from /home/airflow/.local/lib/python3.7/site-packages/airflow/example_dags/example_sensor_decorator.py
[2023-02-14T12:11:20.191+0000] {logging_mixin.py:137} WARNING - /home/airflow/.local/lib/python3.7/site-packages/airflow/models/dag.py:3524 RemovedInAirflow3Warning: Param `schedule_interval` is deprecated and will be removed in a future release. Please use `schedule` instead.
[2023-02-14T12:11:20.203+0000] {processor.py:753} INFO - DAG(s) dict_keys(['example_sensor_decorator']) retrieved from /home/airflow/.local/lib/python3.7/site-packages/airflow/example_dags/example_sensor_decorator.py
[2023-02-14T12:11:20.248+0000] {logging_mixin.py:137} INFO - [2023-02-14T12:11:20.248+0000] {dag.py:2676} INFO - Sync 1 DAGs
[2023-02-14T12:11:20.323+0000] {logging_mixin.py:137} INFO - [2023-02-14T12:11:20.323+0000] {dag.py:3427} INFO - Setting next_dagrun for example_sensor_decorator to None, run_after=None
[2023-02-14T12:11:20.389+0000] {processor.py:175} INFO - Processing /home/airflow/.local/lib/python3.7/site-packages/airflow/example_dags/example_sensor_decorator.py took 0.231 seconds
