[2023-02-14T12:00:32.334+0000] {processor.py:153} INFO - Started process (PID=50) to work on /home/airflow/.local/lib/python3.7/site-packages/airflow/example_dags/example_dag_decorator.py
[2023-02-14T12:00:32.336+0000] {processor.py:743} INFO - Processing file /home/airflow/.local/lib/python3.7/site-packages/airflow/example_dags/example_dag_decorator.py for tasks to queue
[2023-02-14T12:00:32.339+0000] {logging_mixin.py:137} INFO - [2023-02-14T12:00:32.338+0000] {dagbag.py:538} INFO - Filling up the DagBag from /home/airflow/.local/lib/python3.7/site-packages/airflow/example_dags/example_dag_decorator.py
[2023-02-14T12:00:32.377+0000] {logging_mixin.py:137} INFO - [2023-02-14T12:00:32.377+0000] {taskmixin.py:205} WARNING - Dependency <Task(_PythonDecoratedOperator): prepare_email>, send_email already registered for DAG: example_dag_decorator
[2023-02-14T12:00:32.384+0000] {logging_mixin.py:137} INFO - [2023-02-14T12:00:32.383+0000] {taskmixin.py:205} WARNING - Dependency <Task(EmailOperator): send_email>, prepare_email already registered for DAG: example_dag_decorator
[2023-02-14T12:00:32.403+0000] {processor.py:753} INFO - DAG(s) dict_keys(['example_dag_decorator']) retrieved from /home/airflow/.local/lib/python3.7/site-packages/airflow/example_dags/example_dag_decorator.py
[2023-02-14T12:00:32.555+0000] {logging_mixin.py:137} INFO - [2023-02-14T12:00:32.555+0000] {dag.py:2676} INFO - Sync 1 DAGs
[2023-02-14T12:00:32.617+0000] {logging_mixin.py:137} INFO - [2023-02-14T12:00:32.616+0000] {dag.py:3427} INFO - Setting next_dagrun for example_dag_decorator to None, run_after=None
[2023-02-14T12:00:32.657+0000] {processor.py:175} INFO - Processing /home/airflow/.local/lib/python3.7/site-packages/airflow/example_dags/example_dag_decorator.py took 0.330 seconds
[2023-02-14T12:01:03.294+0000] {processor.py:153} INFO - Started process (PID=128) to work on /home/airflow/.local/lib/python3.7/site-packages/airflow/example_dags/example_dag_decorator.py
[2023-02-14T12:01:03.297+0000] {processor.py:743} INFO - Processing file /home/airflow/.local/lib/python3.7/site-packages/airflow/example_dags/example_dag_decorator.py for tasks to queue
[2023-02-14T12:01:03.299+0000] {logging_mixin.py:137} INFO - [2023-02-14T12:01:03.299+0000] {dagbag.py:538} INFO - Filling up the DagBag from /home/airflow/.local/lib/python3.7/site-packages/airflow/example_dags/example_dag_decorator.py
[2023-02-14T12:01:03.326+0000] {logging_mixin.py:137} INFO - [2023-02-14T12:01:03.326+0000] {taskmixin.py:205} WARNING - Dependency <Task(_PythonDecoratedOperator): prepare_email>, send_email already registered for DAG: example_dag_decorator
[2023-02-14T12:01:03.328+0000] {logging_mixin.py:137} INFO - [2023-02-14T12:01:03.328+0000] {taskmixin.py:205} WARNING - Dependency <Task(EmailOperator): send_email>, prepare_email already registered for DAG: example_dag_decorator
[2023-02-14T12:01:03.356+0000] {processor.py:753} INFO - DAG(s) dict_keys(['example_dag_decorator']) retrieved from /home/airflow/.local/lib/python3.7/site-packages/airflow/example_dags/example_dag_decorator.py
[2023-02-14T12:01:03.564+0000] {logging_mixin.py:137} INFO - [2023-02-14T12:01:03.564+0000] {dag.py:2676} INFO - Sync 1 DAGs
[2023-02-14T12:01:03.608+0000] {logging_mixin.py:137} INFO - [2023-02-14T12:01:03.608+0000] {dag.py:3427} INFO - Setting next_dagrun for example_dag_decorator to None, run_after=None
[2023-02-14T12:01:03.641+0000] {processor.py:175} INFO - Processing /home/airflow/.local/lib/python3.7/site-packages/airflow/example_dags/example_dag_decorator.py took 0.352 seconds
[2023-02-14T12:01:33.888+0000] {processor.py:153} INFO - Started process (PID=199) to work on /home/airflow/.local/lib/python3.7/site-packages/airflow/example_dags/example_dag_decorator.py
[2023-02-14T12:01:33.891+0000] {processor.py:743} INFO - Processing file /home/airflow/.local/lib/python3.7/site-packages/airflow/example_dags/example_dag_decorator.py for tasks to queue
[2023-02-14T12:01:33.893+0000] {logging_mixin.py:137} INFO - [2023-02-14T12:01:33.893+0000] {dagbag.py:538} INFO - Filling up the DagBag from /home/airflow/.local/lib/python3.7/site-packages/airflow/example_dags/example_dag_decorator.py
[2023-02-14T12:01:33.923+0000] {logging_mixin.py:137} INFO - [2023-02-14T12:01:33.923+0000] {taskmixin.py:205} WARNING - Dependency <Task(_PythonDecoratedOperator): prepare_email>, send_email already registered for DAG: example_dag_decorator
[2023-02-14T12:01:33.924+0000] {logging_mixin.py:137} INFO - [2023-02-14T12:01:33.924+0000] {taskmixin.py:205} WARNING - Dependency <Task(EmailOperator): send_email>, prepare_email already registered for DAG: example_dag_decorator
[2023-02-14T12:01:33.943+0000] {processor.py:753} INFO - DAG(s) dict_keys(['example_dag_decorator']) retrieved from /home/airflow/.local/lib/python3.7/site-packages/airflow/example_dags/example_dag_decorator.py
[2023-02-14T12:01:34.062+0000] {logging_mixin.py:137} INFO - [2023-02-14T12:01:34.062+0000] {dag.py:2676} INFO - Sync 1 DAGs
[2023-02-14T12:01:34.093+0000] {logging_mixin.py:137} INFO - [2023-02-14T12:01:34.092+0000] {dag.py:3427} INFO - Setting next_dagrun for example_dag_decorator to None, run_after=None
[2023-02-14T12:01:34.119+0000] {processor.py:175} INFO - Processing /home/airflow/.local/lib/python3.7/site-packages/airflow/example_dags/example_dag_decorator.py took 0.236 seconds
[2023-02-14T12:02:04.355+0000] {processor.py:153} INFO - Started process (PID=286) to work on /home/airflow/.local/lib/python3.7/site-packages/airflow/example_dags/example_dag_decorator.py
[2023-02-14T12:02:04.357+0000] {processor.py:743} INFO - Processing file /home/airflow/.local/lib/python3.7/site-packages/airflow/example_dags/example_dag_decorator.py for tasks to queue
[2023-02-14T12:02:04.359+0000] {logging_mixin.py:137} INFO - [2023-02-14T12:02:04.359+0000] {dagbag.py:538} INFO - Filling up the DagBag from /home/airflow/.local/lib/python3.7/site-packages/airflow/example_dags/example_dag_decorator.py
[2023-02-14T12:02:04.381+0000] {logging_mixin.py:137} INFO - [2023-02-14T12:02:04.381+0000] {taskmixin.py:205} WARNING - Dependency <Task(_PythonDecoratedOperator): prepare_email>, send_email already registered for DAG: example_dag_decorator
[2023-02-14T12:02:04.383+0000] {logging_mixin.py:137} INFO - [2023-02-14T12:02:04.383+0000] {taskmixin.py:205} WARNING - Dependency <Task(EmailOperator): send_email>, prepare_email already registered for DAG: example_dag_decorator
[2023-02-14T12:02:04.398+0000] {processor.py:753} INFO - DAG(s) dict_keys(['example_dag_decorator']) retrieved from /home/airflow/.local/lib/python3.7/site-packages/airflow/example_dags/example_dag_decorator.py
[2023-02-14T12:02:04.504+0000] {logging_mixin.py:137} INFO - [2023-02-14T12:02:04.504+0000] {dag.py:2676} INFO - Sync 1 DAGs
[2023-02-14T12:02:04.530+0000] {logging_mixin.py:137} INFO - [2023-02-14T12:02:04.530+0000] {dag.py:3427} INFO - Setting next_dagrun for example_dag_decorator to None, run_after=None
[2023-02-14T12:02:04.554+0000] {processor.py:175} INFO - Processing /home/airflow/.local/lib/python3.7/site-packages/airflow/example_dags/example_dag_decorator.py took 0.203 seconds
[2023-02-14T12:02:35.386+0000] {processor.py:153} INFO - Started process (PID=357) to work on /home/airflow/.local/lib/python3.7/site-packages/airflow/example_dags/example_dag_decorator.py
[2023-02-14T12:02:35.388+0000] {processor.py:743} INFO - Processing file /home/airflow/.local/lib/python3.7/site-packages/airflow/example_dags/example_dag_decorator.py for tasks to queue
[2023-02-14T12:02:35.390+0000] {logging_mixin.py:137} INFO - [2023-02-14T12:02:35.390+0000] {dagbag.py:538} INFO - Filling up the DagBag from /home/airflow/.local/lib/python3.7/site-packages/airflow/example_dags/example_dag_decorator.py
[2023-02-14T12:02:35.414+0000] {logging_mixin.py:137} INFO - [2023-02-14T12:02:35.414+0000] {taskmixin.py:205} WARNING - Dependency <Task(_PythonDecoratedOperator): prepare_email>, send_email already registered for DAG: example_dag_decorator
[2023-02-14T12:02:35.415+0000] {logging_mixin.py:137} INFO - [2023-02-14T12:02:35.415+0000] {taskmixin.py:205} WARNING - Dependency <Task(EmailOperator): send_email>, prepare_email already registered for DAG: example_dag_decorator
[2023-02-14T12:02:35.431+0000] {processor.py:753} INFO - DAG(s) dict_keys(['example_dag_decorator']) retrieved from /home/airflow/.local/lib/python3.7/site-packages/airflow/example_dags/example_dag_decorator.py
[2023-02-14T12:02:35.520+0000] {logging_mixin.py:137} INFO - [2023-02-14T12:02:35.520+0000] {dag.py:2676} INFO - Sync 1 DAGs
[2023-02-14T12:02:35.546+0000] {logging_mixin.py:137} INFO - [2023-02-14T12:02:35.546+0000] {dag.py:3427} INFO - Setting next_dagrun for example_dag_decorator to None, run_after=None
[2023-02-14T12:02:35.569+0000] {processor.py:175} INFO - Processing /home/airflow/.local/lib/python3.7/site-packages/airflow/example_dags/example_dag_decorator.py took 0.188 seconds
[2023-02-14T12:03:06.537+0000] {processor.py:153} INFO - Started process (PID=444) to work on /home/airflow/.local/lib/python3.7/site-packages/airflow/example_dags/example_dag_decorator.py
[2023-02-14T12:03:06.539+0000] {processor.py:743} INFO - Processing file /home/airflow/.local/lib/python3.7/site-packages/airflow/example_dags/example_dag_decorator.py for tasks to queue
[2023-02-14T12:03:06.541+0000] {logging_mixin.py:137} INFO - [2023-02-14T12:03:06.540+0000] {dagbag.py:538} INFO - Filling up the DagBag from /home/airflow/.local/lib/python3.7/site-packages/airflow/example_dags/example_dag_decorator.py
[2023-02-14T12:03:06.562+0000] {logging_mixin.py:137} INFO - [2023-02-14T12:03:06.562+0000] {taskmixin.py:205} WARNING - Dependency <Task(_PythonDecoratedOperator): prepare_email>, send_email already registered for DAG: example_dag_decorator
[2023-02-14T12:03:06.563+0000] {logging_mixin.py:137} INFO - [2023-02-14T12:03:06.563+0000] {taskmixin.py:205} WARNING - Dependency <Task(EmailOperator): send_email>, prepare_email already registered for DAG: example_dag_decorator
[2023-02-14T12:03:06.579+0000] {processor.py:753} INFO - DAG(s) dict_keys(['example_dag_decorator']) retrieved from /home/airflow/.local/lib/python3.7/site-packages/airflow/example_dags/example_dag_decorator.py
[2023-02-14T12:03:06.670+0000] {logging_mixin.py:137} INFO - [2023-02-14T12:03:06.670+0000] {dag.py:2676} INFO - Sync 1 DAGs
[2023-02-14T12:03:06.698+0000] {logging_mixin.py:137} INFO - [2023-02-14T12:03:06.698+0000] {dag.py:3427} INFO - Setting next_dagrun for example_dag_decorator to None, run_after=None
[2023-02-14T12:03:06.729+0000] {processor.py:175} INFO - Processing /home/airflow/.local/lib/python3.7/site-packages/airflow/example_dags/example_dag_decorator.py took 0.197 seconds
[2023-02-14T12:03:37.345+0000] {processor.py:153} INFO - Started process (PID=515) to work on /home/airflow/.local/lib/python3.7/site-packages/airflow/example_dags/example_dag_decorator.py
[2023-02-14T12:03:37.348+0000] {processor.py:743} INFO - Processing file /home/airflow/.local/lib/python3.7/site-packages/airflow/example_dags/example_dag_decorator.py for tasks to queue
[2023-02-14T12:03:37.350+0000] {logging_mixin.py:137} INFO - [2023-02-14T12:03:37.350+0000] {dagbag.py:538} INFO - Filling up the DagBag from /home/airflow/.local/lib/python3.7/site-packages/airflow/example_dags/example_dag_decorator.py
[2023-02-14T12:03:37.375+0000] {logging_mixin.py:137} INFO - [2023-02-14T12:03:37.375+0000] {taskmixin.py:205} WARNING - Dependency <Task(_PythonDecoratedOperator): prepare_email>, send_email already registered for DAG: example_dag_decorator
[2023-02-14T12:03:37.376+0000] {logging_mixin.py:137} INFO - [2023-02-14T12:03:37.376+0000] {taskmixin.py:205} WARNING - Dependency <Task(EmailOperator): send_email>, prepare_email already registered for DAG: example_dag_decorator
[2023-02-14T12:03:37.394+0000] {processor.py:753} INFO - DAG(s) dict_keys(['example_dag_decorator']) retrieved from /home/airflow/.local/lib/python3.7/site-packages/airflow/example_dags/example_dag_decorator.py
[2023-02-14T12:03:37.491+0000] {logging_mixin.py:137} INFO - [2023-02-14T12:03:37.491+0000] {dag.py:2676} INFO - Sync 1 DAGs
[2023-02-14T12:03:37.517+0000] {logging_mixin.py:137} INFO - [2023-02-14T12:03:37.517+0000] {dag.py:3427} INFO - Setting next_dagrun for example_dag_decorator to None, run_after=None
[2023-02-14T12:03:37.539+0000] {processor.py:175} INFO - Processing /home/airflow/.local/lib/python3.7/site-packages/airflow/example_dags/example_dag_decorator.py took 0.199 seconds
[2023-02-14T12:04:07.761+0000] {processor.py:153} INFO - Started process (PID=592) to work on /home/airflow/.local/lib/python3.7/site-packages/airflow/example_dags/example_dag_decorator.py
[2023-02-14T12:04:07.763+0000] {processor.py:743} INFO - Processing file /home/airflow/.local/lib/python3.7/site-packages/airflow/example_dags/example_dag_decorator.py for tasks to queue
[2023-02-14T12:04:07.765+0000] {logging_mixin.py:137} INFO - [2023-02-14T12:04:07.764+0000] {dagbag.py:538} INFO - Filling up the DagBag from /home/airflow/.local/lib/python3.7/site-packages/airflow/example_dags/example_dag_decorator.py
[2023-02-14T12:04:07.785+0000] {logging_mixin.py:137} INFO - [2023-02-14T12:04:07.785+0000] {taskmixin.py:205} WARNING - Dependency <Task(_PythonDecoratedOperator): prepare_email>, send_email already registered for DAG: example_dag_decorator
[2023-02-14T12:04:07.787+0000] {logging_mixin.py:137} INFO - [2023-02-14T12:04:07.787+0000] {taskmixin.py:205} WARNING - Dependency <Task(EmailOperator): send_email>, prepare_email already registered for DAG: example_dag_decorator
[2023-02-14T12:04:07.801+0000] {processor.py:753} INFO - DAG(s) dict_keys(['example_dag_decorator']) retrieved from /home/airflow/.local/lib/python3.7/site-packages/airflow/example_dags/example_dag_decorator.py
[2023-02-14T12:04:07.894+0000] {logging_mixin.py:137} INFO - [2023-02-14T12:04:07.894+0000] {dag.py:2676} INFO - Sync 1 DAGs
[2023-02-14T12:04:07.921+0000] {logging_mixin.py:137} INFO - [2023-02-14T12:04:07.920+0000] {dag.py:3427} INFO - Setting next_dagrun for example_dag_decorator to None, run_after=None
[2023-02-14T12:04:07.944+0000] {processor.py:175} INFO - Processing /home/airflow/.local/lib/python3.7/site-packages/airflow/example_dags/example_dag_decorator.py took 0.187 seconds
[2023-02-14T12:04:38.380+0000] {processor.py:153} INFO - Started process (PID=673) to work on /home/airflow/.local/lib/python3.7/site-packages/airflow/example_dags/example_dag_decorator.py
[2023-02-14T12:04:38.382+0000] {processor.py:743} INFO - Processing file /home/airflow/.local/lib/python3.7/site-packages/airflow/example_dags/example_dag_decorator.py for tasks to queue
[2023-02-14T12:04:38.385+0000] {logging_mixin.py:137} INFO - [2023-02-14T12:04:38.384+0000] {dagbag.py:538} INFO - Filling up the DagBag from /home/airflow/.local/lib/python3.7/site-packages/airflow/example_dags/example_dag_decorator.py
[2023-02-14T12:04:38.410+0000] {logging_mixin.py:137} INFO - [2023-02-14T12:04:38.410+0000] {taskmixin.py:205} WARNING - Dependency <Task(_PythonDecoratedOperator): prepare_email>, send_email already registered for DAG: example_dag_decorator
[2023-02-14T12:04:38.412+0000] {logging_mixin.py:137} INFO - [2023-02-14T12:04:38.412+0000] {taskmixin.py:205} WARNING - Dependency <Task(EmailOperator): send_email>, prepare_email already registered for DAG: example_dag_decorator
[2023-02-14T12:04:38.430+0000] {processor.py:753} INFO - DAG(s) dict_keys(['example_dag_decorator']) retrieved from /home/airflow/.local/lib/python3.7/site-packages/airflow/example_dags/example_dag_decorator.py
[2023-02-14T12:04:38.543+0000] {logging_mixin.py:137} INFO - [2023-02-14T12:04:38.543+0000] {dag.py:2676} INFO - Sync 1 DAGs
[2023-02-14T12:04:38.576+0000] {logging_mixin.py:137} INFO - [2023-02-14T12:04:38.576+0000] {dag.py:3427} INFO - Setting next_dagrun for example_dag_decorator to None, run_after=None
[2023-02-14T12:04:38.606+0000] {processor.py:175} INFO - Processing /home/airflow/.local/lib/python3.7/site-packages/airflow/example_dags/example_dag_decorator.py took 0.231 seconds
[2023-02-14T12:05:09.610+0000] {processor.py:153} INFO - Started process (PID=744) to work on /home/airflow/.local/lib/python3.7/site-packages/airflow/example_dags/example_dag_decorator.py
[2023-02-14T12:05:09.612+0000] {processor.py:743} INFO - Processing file /home/airflow/.local/lib/python3.7/site-packages/airflow/example_dags/example_dag_decorator.py for tasks to queue
[2023-02-14T12:05:09.615+0000] {logging_mixin.py:137} INFO - [2023-02-14T12:05:09.615+0000] {dagbag.py:538} INFO - Filling up the DagBag from /home/airflow/.local/lib/python3.7/site-packages/airflow/example_dags/example_dag_decorator.py
[2023-02-14T12:05:09.638+0000] {logging_mixin.py:137} INFO - [2023-02-14T12:05:09.638+0000] {taskmixin.py:205} WARNING - Dependency <Task(_PythonDecoratedOperator): prepare_email>, send_email already registered for DAG: example_dag_decorator
[2023-02-14T12:05:09.639+0000] {logging_mixin.py:137} INFO - [2023-02-14T12:05:09.639+0000] {taskmixin.py:205} WARNING - Dependency <Task(EmailOperator): send_email>, prepare_email already registered for DAG: example_dag_decorator
[2023-02-14T12:05:09.656+0000] {processor.py:753} INFO - DAG(s) dict_keys(['example_dag_decorator']) retrieved from /home/airflow/.local/lib/python3.7/site-packages/airflow/example_dags/example_dag_decorator.py
[2023-02-14T12:05:09.781+0000] {logging_mixin.py:137} INFO - [2023-02-14T12:05:09.780+0000] {dag.py:2676} INFO - Sync 1 DAGs
[2023-02-14T12:05:09.823+0000] {logging_mixin.py:137} INFO - [2023-02-14T12:05:09.823+0000] {dag.py:3427} INFO - Setting next_dagrun for example_dag_decorator to None, run_after=None
[2023-02-14T12:05:09.857+0000] {processor.py:175} INFO - Processing /home/airflow/.local/lib/python3.7/site-packages/airflow/example_dags/example_dag_decorator.py took 0.252 seconds
[2023-02-14T12:05:40.406+0000] {processor.py:153} INFO - Started process (PID=831) to work on /home/airflow/.local/lib/python3.7/site-packages/airflow/example_dags/example_dag_decorator.py
[2023-02-14T12:05:40.408+0000] {processor.py:743} INFO - Processing file /home/airflow/.local/lib/python3.7/site-packages/airflow/example_dags/example_dag_decorator.py for tasks to queue
[2023-02-14T12:05:40.410+0000] {logging_mixin.py:137} INFO - [2023-02-14T12:05:40.409+0000] {dagbag.py:538} INFO - Filling up the DagBag from /home/airflow/.local/lib/python3.7/site-packages/airflow/example_dags/example_dag_decorator.py
[2023-02-14T12:05:40.432+0000] {logging_mixin.py:137} INFO - [2023-02-14T12:05:40.432+0000] {taskmixin.py:205} WARNING - Dependency <Task(_PythonDecoratedOperator): prepare_email>, send_email already registered for DAG: example_dag_decorator
[2023-02-14T12:05:40.434+0000] {logging_mixin.py:137} INFO - [2023-02-14T12:05:40.434+0000] {taskmixin.py:205} WARNING - Dependency <Task(EmailOperator): send_email>, prepare_email already registered for DAG: example_dag_decorator
[2023-02-14T12:05:40.451+0000] {processor.py:753} INFO - DAG(s) dict_keys(['example_dag_decorator']) retrieved from /home/airflow/.local/lib/python3.7/site-packages/airflow/example_dags/example_dag_decorator.py
[2023-02-14T12:05:40.546+0000] {logging_mixin.py:137} INFO - [2023-02-14T12:05:40.546+0000] {dag.py:2676} INFO - Sync 1 DAGs
[2023-02-14T12:05:40.574+0000] {logging_mixin.py:137} INFO - [2023-02-14T12:05:40.574+0000] {dag.py:3427} INFO - Setting next_dagrun for example_dag_decorator to None, run_after=None
[2023-02-14T12:05:40.615+0000] {processor.py:175} INFO - Processing /home/airflow/.local/lib/python3.7/site-packages/airflow/example_dags/example_dag_decorator.py took 0.213 seconds
[2023-02-14T12:06:10.706+0000] {processor.py:153} INFO - Started process (PID=902) to work on /home/airflow/.local/lib/python3.7/site-packages/airflow/example_dags/example_dag_decorator.py
[2023-02-14T12:06:10.709+0000] {processor.py:743} INFO - Processing file /home/airflow/.local/lib/python3.7/site-packages/airflow/example_dags/example_dag_decorator.py for tasks to queue
[2023-02-14T12:06:10.710+0000] {logging_mixin.py:137} INFO - [2023-02-14T12:06:10.710+0000] {dagbag.py:538} INFO - Filling up the DagBag from /home/airflow/.local/lib/python3.7/site-packages/airflow/example_dags/example_dag_decorator.py
[2023-02-14T12:06:10.735+0000] {logging_mixin.py:137} INFO - [2023-02-14T12:06:10.735+0000] {taskmixin.py:205} WARNING - Dependency <Task(_PythonDecoratedOperator): prepare_email>, send_email already registered for DAG: example_dag_decorator
[2023-02-14T12:06:10.738+0000] {logging_mixin.py:137} INFO - [2023-02-14T12:06:10.738+0000] {taskmixin.py:205} WARNING - Dependency <Task(EmailOperator): send_email>, prepare_email already registered for DAG: example_dag_decorator
[2023-02-14T12:06:10.756+0000] {processor.py:753} INFO - DAG(s) dict_keys(['example_dag_decorator']) retrieved from /home/airflow/.local/lib/python3.7/site-packages/airflow/example_dags/example_dag_decorator.py
[2023-02-14T12:06:10.855+0000] {logging_mixin.py:137} INFO - [2023-02-14T12:06:10.854+0000] {dag.py:2676} INFO - Sync 1 DAGs
[2023-02-14T12:06:10.886+0000] {logging_mixin.py:137} INFO - [2023-02-14T12:06:10.886+0000] {dag.py:3427} INFO - Setting next_dagrun for example_dag_decorator to None, run_after=None
[2023-02-14T12:06:10.911+0000] {processor.py:175} INFO - Processing /home/airflow/.local/lib/python3.7/site-packages/airflow/example_dags/example_dag_decorator.py took 0.210 seconds
[2023-02-14T12:06:41.811+0000] {processor.py:153} INFO - Started process (PID=989) to work on /home/airflow/.local/lib/python3.7/site-packages/airflow/example_dags/example_dag_decorator.py
[2023-02-14T12:06:41.813+0000] {processor.py:743} INFO - Processing file /home/airflow/.local/lib/python3.7/site-packages/airflow/example_dags/example_dag_decorator.py for tasks to queue
[2023-02-14T12:06:41.814+0000] {logging_mixin.py:137} INFO - [2023-02-14T12:06:41.814+0000] {dagbag.py:538} INFO - Filling up the DagBag from /home/airflow/.local/lib/python3.7/site-packages/airflow/example_dags/example_dag_decorator.py
[2023-02-14T12:06:41.835+0000] {logging_mixin.py:137} INFO - [2023-02-14T12:06:41.835+0000] {taskmixin.py:205} WARNING - Dependency <Task(_PythonDecoratedOperator): prepare_email>, send_email already registered for DAG: example_dag_decorator
[2023-02-14T12:06:41.836+0000] {logging_mixin.py:137} INFO - [2023-02-14T12:06:41.836+0000] {taskmixin.py:205} WARNING - Dependency <Task(EmailOperator): send_email>, prepare_email already registered for DAG: example_dag_decorator
[2023-02-14T12:06:41.851+0000] {processor.py:753} INFO - DAG(s) dict_keys(['example_dag_decorator']) retrieved from /home/airflow/.local/lib/python3.7/site-packages/airflow/example_dags/example_dag_decorator.py
[2023-02-14T12:06:41.960+0000] {logging_mixin.py:137} INFO - [2023-02-14T12:06:41.960+0000] {dag.py:2676} INFO - Sync 1 DAGs
[2023-02-14T12:06:41.998+0000] {logging_mixin.py:137} INFO - [2023-02-14T12:06:41.998+0000] {dag.py:3427} INFO - Setting next_dagrun for example_dag_decorator to None, run_after=None
[2023-02-14T12:06:42.030+0000] {processor.py:175} INFO - Processing /home/airflow/.local/lib/python3.7/site-packages/airflow/example_dags/example_dag_decorator.py took 0.224 seconds
[2023-02-14T12:07:12.069+0000] {processor.py:153} INFO - Started process (PID=1061) to work on /home/airflow/.local/lib/python3.7/site-packages/airflow/example_dags/example_dag_decorator.py
[2023-02-14T12:07:12.071+0000] {processor.py:743} INFO - Processing file /home/airflow/.local/lib/python3.7/site-packages/airflow/example_dags/example_dag_decorator.py for tasks to queue
[2023-02-14T12:07:12.072+0000] {logging_mixin.py:137} INFO - [2023-02-14T12:07:12.072+0000] {dagbag.py:538} INFO - Filling up the DagBag from /home/airflow/.local/lib/python3.7/site-packages/airflow/example_dags/example_dag_decorator.py
[2023-02-14T12:07:12.092+0000] {logging_mixin.py:137} INFO - [2023-02-14T12:07:12.092+0000] {taskmixin.py:205} WARNING - Dependency <Task(_PythonDecoratedOperator): prepare_email>, send_email already registered for DAG: example_dag_decorator
[2023-02-14T12:07:12.094+0000] {logging_mixin.py:137} INFO - [2023-02-14T12:07:12.094+0000] {taskmixin.py:205} WARNING - Dependency <Task(EmailOperator): send_email>, prepare_email already registered for DAG: example_dag_decorator
[2023-02-14T12:07:12.109+0000] {processor.py:753} INFO - DAG(s) dict_keys(['example_dag_decorator']) retrieved from /home/airflow/.local/lib/python3.7/site-packages/airflow/example_dags/example_dag_decorator.py
[2023-02-14T12:07:12.202+0000] {logging_mixin.py:137} INFO - [2023-02-14T12:07:12.201+0000] {dag.py:2676} INFO - Sync 1 DAGs
[2023-02-14T12:07:12.229+0000] {logging_mixin.py:137} INFO - [2023-02-14T12:07:12.229+0000] {dag.py:3427} INFO - Setting next_dagrun for example_dag_decorator to None, run_after=None
[2023-02-14T12:07:12.252+0000] {processor.py:175} INFO - Processing /home/airflow/.local/lib/python3.7/site-packages/airflow/example_dags/example_dag_decorator.py took 0.188 seconds
[2023-02-14T12:07:42.412+0000] {processor.py:153} INFO - Started process (PID=1148) to work on /home/airflow/.local/lib/python3.7/site-packages/airflow/example_dags/example_dag_decorator.py
[2023-02-14T12:07:42.414+0000] {processor.py:743} INFO - Processing file /home/airflow/.local/lib/python3.7/site-packages/airflow/example_dags/example_dag_decorator.py for tasks to queue
[2023-02-14T12:07:42.416+0000] {logging_mixin.py:137} INFO - [2023-02-14T12:07:42.416+0000] {dagbag.py:538} INFO - Filling up the DagBag from /home/airflow/.local/lib/python3.7/site-packages/airflow/example_dags/example_dag_decorator.py
[2023-02-14T12:07:42.437+0000] {logging_mixin.py:137} INFO - [2023-02-14T12:07:42.437+0000] {taskmixin.py:205} WARNING - Dependency <Task(_PythonDecoratedOperator): prepare_email>, send_email already registered for DAG: example_dag_decorator
[2023-02-14T12:07:42.439+0000] {logging_mixin.py:137} INFO - [2023-02-14T12:07:42.439+0000] {taskmixin.py:205} WARNING - Dependency <Task(EmailOperator): send_email>, prepare_email already registered for DAG: example_dag_decorator
[2023-02-14T12:07:42.458+0000] {processor.py:753} INFO - DAG(s) dict_keys(['example_dag_decorator']) retrieved from /home/airflow/.local/lib/python3.7/site-packages/airflow/example_dags/example_dag_decorator.py
[2023-02-14T12:07:42.560+0000] {logging_mixin.py:137} INFO - [2023-02-14T12:07:42.560+0000] {dag.py:2676} INFO - Sync 1 DAGs
[2023-02-14T12:07:42.592+0000] {logging_mixin.py:137} INFO - [2023-02-14T12:07:42.592+0000] {dag.py:3427} INFO - Setting next_dagrun for example_dag_decorator to None, run_after=None
[2023-02-14T12:07:42.662+0000] {processor.py:175} INFO - Processing /home/airflow/.local/lib/python3.7/site-packages/airflow/example_dags/example_dag_decorator.py took 0.256 seconds
[2023-02-14T12:08:12.803+0000] {processor.py:153} INFO - Started process (PID=1220) to work on /home/airflow/.local/lib/python3.7/site-packages/airflow/example_dags/example_dag_decorator.py
[2023-02-14T12:08:12.807+0000] {processor.py:743} INFO - Processing file /home/airflow/.local/lib/python3.7/site-packages/airflow/example_dags/example_dag_decorator.py for tasks to queue
[2023-02-14T12:08:12.809+0000] {logging_mixin.py:137} INFO - [2023-02-14T12:08:12.809+0000] {dagbag.py:538} INFO - Filling up the DagBag from /home/airflow/.local/lib/python3.7/site-packages/airflow/example_dags/example_dag_decorator.py
[2023-02-14T12:08:12.841+0000] {logging_mixin.py:137} INFO - [2023-02-14T12:08:12.841+0000] {taskmixin.py:205} WARNING - Dependency <Task(_PythonDecoratedOperator): prepare_email>, send_email already registered for DAG: example_dag_decorator
[2023-02-14T12:08:12.844+0000] {logging_mixin.py:137} INFO - [2023-02-14T12:08:12.843+0000] {taskmixin.py:205} WARNING - Dependency <Task(EmailOperator): send_email>, prepare_email already registered for DAG: example_dag_decorator
[2023-02-14T12:08:12.866+0000] {processor.py:753} INFO - DAG(s) dict_keys(['example_dag_decorator']) retrieved from /home/airflow/.local/lib/python3.7/site-packages/airflow/example_dags/example_dag_decorator.py
[2023-02-14T12:08:13.005+0000] {logging_mixin.py:137} INFO - [2023-02-14T12:08:13.005+0000] {dag.py:2676} INFO - Sync 1 DAGs
[2023-02-14T12:08:13.044+0000] {logging_mixin.py:137} INFO - [2023-02-14T12:08:13.043+0000] {dag.py:3427} INFO - Setting next_dagrun for example_dag_decorator to None, run_after=None
[2023-02-14T12:08:13.077+0000] {processor.py:175} INFO - Processing /home/airflow/.local/lib/python3.7/site-packages/airflow/example_dags/example_dag_decorator.py took 0.280 seconds
[2023-02-14T12:08:43.119+0000] {processor.py:153} INFO - Started process (PID=1307) to work on /home/airflow/.local/lib/python3.7/site-packages/airflow/example_dags/example_dag_decorator.py
[2023-02-14T12:08:43.123+0000] {processor.py:743} INFO - Processing file /home/airflow/.local/lib/python3.7/site-packages/airflow/example_dags/example_dag_decorator.py for tasks to queue
[2023-02-14T12:08:43.124+0000] {logging_mixin.py:137} INFO - [2023-02-14T12:08:43.124+0000] {dagbag.py:538} INFO - Filling up the DagBag from /home/airflow/.local/lib/python3.7/site-packages/airflow/example_dags/example_dag_decorator.py
[2023-02-14T12:08:43.149+0000] {logging_mixin.py:137} INFO - [2023-02-14T12:08:43.149+0000] {taskmixin.py:205} WARNING - Dependency <Task(_PythonDecoratedOperator): prepare_email>, send_email already registered for DAG: example_dag_decorator
[2023-02-14T12:08:43.150+0000] {logging_mixin.py:137} INFO - [2023-02-14T12:08:43.150+0000] {taskmixin.py:205} WARNING - Dependency <Task(EmailOperator): send_email>, prepare_email already registered for DAG: example_dag_decorator
[2023-02-14T12:08:43.165+0000] {processor.py:753} INFO - DAG(s) dict_keys(['example_dag_decorator']) retrieved from /home/airflow/.local/lib/python3.7/site-packages/airflow/example_dags/example_dag_decorator.py
[2023-02-14T12:08:43.257+0000] {logging_mixin.py:137} INFO - [2023-02-14T12:08:43.256+0000] {dag.py:2676} INFO - Sync 1 DAGs
[2023-02-14T12:08:43.287+0000] {logging_mixin.py:137} INFO - [2023-02-14T12:08:43.287+0000] {dag.py:3427} INFO - Setting next_dagrun for example_dag_decorator to None, run_after=None
[2023-02-14T12:08:43.316+0000] {processor.py:175} INFO - Processing /home/airflow/.local/lib/python3.7/site-packages/airflow/example_dags/example_dag_decorator.py took 0.202 seconds
[2023-02-14T12:09:13.467+0000] {processor.py:153} INFO - Started process (PID=1377) to work on /home/airflow/.local/lib/python3.7/site-packages/airflow/example_dags/example_dag_decorator.py
[2023-02-14T12:09:13.470+0000] {processor.py:743} INFO - Processing file /home/airflow/.local/lib/python3.7/site-packages/airflow/example_dags/example_dag_decorator.py for tasks to queue
[2023-02-14T12:09:13.471+0000] {logging_mixin.py:137} INFO - [2023-02-14T12:09:13.471+0000] {dagbag.py:538} INFO - Filling up the DagBag from /home/airflow/.local/lib/python3.7/site-packages/airflow/example_dags/example_dag_decorator.py
[2023-02-14T12:09:13.492+0000] {logging_mixin.py:137} INFO - [2023-02-14T12:09:13.492+0000] {taskmixin.py:205} WARNING - Dependency <Task(_PythonDecoratedOperator): prepare_email>, send_email already registered for DAG: example_dag_decorator
[2023-02-14T12:09:13.494+0000] {logging_mixin.py:137} INFO - [2023-02-14T12:09:13.494+0000] {taskmixin.py:205} WARNING - Dependency <Task(EmailOperator): send_email>, prepare_email already registered for DAG: example_dag_decorator
[2023-02-14T12:09:13.509+0000] {processor.py:753} INFO - DAG(s) dict_keys(['example_dag_decorator']) retrieved from /home/airflow/.local/lib/python3.7/site-packages/airflow/example_dags/example_dag_decorator.py
[2023-02-14T12:09:13.597+0000] {logging_mixin.py:137} INFO - [2023-02-14T12:09:13.596+0000] {dag.py:2676} INFO - Sync 1 DAGs
[2023-02-14T12:09:13.623+0000] {logging_mixin.py:137} INFO - [2023-02-14T12:09:13.622+0000] {dag.py:3427} INFO - Setting next_dagrun for example_dag_decorator to None, run_after=None
[2023-02-14T12:09:13.644+0000] {processor.py:175} INFO - Processing /home/airflow/.local/lib/python3.7/site-packages/airflow/example_dags/example_dag_decorator.py took 0.181 seconds
[2023-02-14T12:09:44.484+0000] {processor.py:153} INFO - Started process (PID=1457) to work on /home/airflow/.local/lib/python3.7/site-packages/airflow/example_dags/example_dag_decorator.py
[2023-02-14T12:09:44.486+0000] {processor.py:743} INFO - Processing file /home/airflow/.local/lib/python3.7/site-packages/airflow/example_dags/example_dag_decorator.py for tasks to queue
[2023-02-14T12:09:44.488+0000] {logging_mixin.py:137} INFO - [2023-02-14T12:09:44.488+0000] {dagbag.py:538} INFO - Filling up the DagBag from /home/airflow/.local/lib/python3.7/site-packages/airflow/example_dags/example_dag_decorator.py
[2023-02-14T12:09:44.513+0000] {logging_mixin.py:137} INFO - [2023-02-14T12:09:44.512+0000] {taskmixin.py:205} WARNING - Dependency <Task(_PythonDecoratedOperator): prepare_email>, send_email already registered for DAG: example_dag_decorator
[2023-02-14T12:09:44.514+0000] {logging_mixin.py:137} INFO - [2023-02-14T12:09:44.514+0000] {taskmixin.py:205} WARNING - Dependency <Task(EmailOperator): send_email>, prepare_email already registered for DAG: example_dag_decorator
[2023-02-14T12:09:44.530+0000] {processor.py:753} INFO - DAG(s) dict_keys(['example_dag_decorator']) retrieved from /home/airflow/.local/lib/python3.7/site-packages/airflow/example_dags/example_dag_decorator.py
[2023-02-14T12:09:44.619+0000] {logging_mixin.py:137} INFO - [2023-02-14T12:09:44.619+0000] {dag.py:2676} INFO - Sync 1 DAGs
[2023-02-14T12:09:44.646+0000] {logging_mixin.py:137} INFO - [2023-02-14T12:09:44.646+0000] {dag.py:3427} INFO - Setting next_dagrun for example_dag_decorator to None, run_after=None
[2023-02-14T12:09:44.673+0000] {processor.py:175} INFO - Processing /home/airflow/.local/lib/python3.7/site-packages/airflow/example_dags/example_dag_decorator.py took 0.194 seconds
[2023-02-14T12:10:14.961+0000] {processor.py:153} INFO - Started process (PID=1535) to work on /home/airflow/.local/lib/python3.7/site-packages/airflow/example_dags/example_dag_decorator.py
[2023-02-14T12:10:14.963+0000] {processor.py:743} INFO - Processing file /home/airflow/.local/lib/python3.7/site-packages/airflow/example_dags/example_dag_decorator.py for tasks to queue
[2023-02-14T12:10:14.965+0000] {logging_mixin.py:137} INFO - [2023-02-14T12:10:14.965+0000] {dagbag.py:538} INFO - Filling up the DagBag from /home/airflow/.local/lib/python3.7/site-packages/airflow/example_dags/example_dag_decorator.py
[2023-02-14T12:10:14.987+0000] {logging_mixin.py:137} INFO - [2023-02-14T12:10:14.986+0000] {taskmixin.py:205} WARNING - Dependency <Task(_PythonDecoratedOperator): prepare_email>, send_email already registered for DAG: example_dag_decorator
[2023-02-14T12:10:14.988+0000] {logging_mixin.py:137} INFO - [2023-02-14T12:10:14.988+0000] {taskmixin.py:205} WARNING - Dependency <Task(EmailOperator): send_email>, prepare_email already registered for DAG: example_dag_decorator
[2023-02-14T12:10:15.003+0000] {processor.py:753} INFO - DAG(s) dict_keys(['example_dag_decorator']) retrieved from /home/airflow/.local/lib/python3.7/site-packages/airflow/example_dags/example_dag_decorator.py
[2023-02-14T12:10:15.096+0000] {logging_mixin.py:137} INFO - [2023-02-14T12:10:15.096+0000] {dag.py:2676} INFO - Sync 1 DAGs
[2023-02-14T12:10:15.123+0000] {logging_mixin.py:137} INFO - [2023-02-14T12:10:15.123+0000] {dag.py:3427} INFO - Setting next_dagrun for example_dag_decorator to None, run_after=None
[2023-02-14T12:10:15.145+0000] {processor.py:175} INFO - Processing /home/airflow/.local/lib/python3.7/site-packages/airflow/example_dags/example_dag_decorator.py took 0.188 seconds
[2023-02-14T12:10:45.678+0000] {processor.py:153} INFO - Started process (PID=1606) to work on /home/airflow/.local/lib/python3.7/site-packages/airflow/example_dags/example_dag_decorator.py
[2023-02-14T12:10:45.680+0000] {processor.py:743} INFO - Processing file /home/airflow/.local/lib/python3.7/site-packages/airflow/example_dags/example_dag_decorator.py for tasks to queue
[2023-02-14T12:10:45.682+0000] {logging_mixin.py:137} INFO - [2023-02-14T12:10:45.682+0000] {dagbag.py:538} INFO - Filling up the DagBag from /home/airflow/.local/lib/python3.7/site-packages/airflow/example_dags/example_dag_decorator.py
[2023-02-14T12:10:45.707+0000] {logging_mixin.py:137} INFO - [2023-02-14T12:10:45.707+0000] {taskmixin.py:205} WARNING - Dependency <Task(_PythonDecoratedOperator): prepare_email>, send_email already registered for DAG: example_dag_decorator
[2023-02-14T12:10:45.708+0000] {logging_mixin.py:137} INFO - [2023-02-14T12:10:45.708+0000] {taskmixin.py:205} WARNING - Dependency <Task(EmailOperator): send_email>, prepare_email already registered for DAG: example_dag_decorator
[2023-02-14T12:10:45.726+0000] {processor.py:753} INFO - DAG(s) dict_keys(['example_dag_decorator']) retrieved from /home/airflow/.local/lib/python3.7/site-packages/airflow/example_dags/example_dag_decorator.py
[2023-02-14T12:10:45.818+0000] {logging_mixin.py:137} INFO - [2023-02-14T12:10:45.818+0000] {dag.py:2676} INFO - Sync 1 DAGs
[2023-02-14T12:10:45.845+0000] {logging_mixin.py:137} INFO - [2023-02-14T12:10:45.845+0000] {dag.py:3427} INFO - Setting next_dagrun for example_dag_decorator to None, run_after=None
[2023-02-14T12:10:45.869+0000] {processor.py:175} INFO - Processing /home/airflow/.local/lib/python3.7/site-packages/airflow/example_dags/example_dag_decorator.py took 0.196 seconds
[2023-02-14T12:11:16.469+0000] {processor.py:153} INFO - Started process (PID=1693) to work on /home/airflow/.local/lib/python3.7/site-packages/airflow/example_dags/example_dag_decorator.py
[2023-02-14T12:11:16.471+0000] {processor.py:743} INFO - Processing file /home/airflow/.local/lib/python3.7/site-packages/airflow/example_dags/example_dag_decorator.py for tasks to queue
[2023-02-14T12:11:16.473+0000] {logging_mixin.py:137} INFO - [2023-02-14T12:11:16.472+0000] {dagbag.py:538} INFO - Filling up the DagBag from /home/airflow/.local/lib/python3.7/site-packages/airflow/example_dags/example_dag_decorator.py
[2023-02-14T12:11:16.494+0000] {logging_mixin.py:137} INFO - [2023-02-14T12:11:16.494+0000] {taskmixin.py:205} WARNING - Dependency <Task(_PythonDecoratedOperator): prepare_email>, send_email already registered for DAG: example_dag_decorator
[2023-02-14T12:11:16.495+0000] {logging_mixin.py:137} INFO - [2023-02-14T12:11:16.495+0000] {taskmixin.py:205} WARNING - Dependency <Task(EmailOperator): send_email>, prepare_email already registered for DAG: example_dag_decorator
[2023-02-14T12:11:16.512+0000] {processor.py:753} INFO - DAG(s) dict_keys(['example_dag_decorator']) retrieved from /home/airflow/.local/lib/python3.7/site-packages/airflow/example_dags/example_dag_decorator.py
[2023-02-14T12:11:16.609+0000] {logging_mixin.py:137} INFO - [2023-02-14T12:11:16.609+0000] {dag.py:2676} INFO - Sync 1 DAGs
[2023-02-14T12:11:16.646+0000] {logging_mixin.py:137} INFO - [2023-02-14T12:11:16.645+0000] {dag.py:3427} INFO - Setting next_dagrun for example_dag_decorator to None, run_after=None
[2023-02-14T12:11:16.675+0000] {processor.py:175} INFO - Processing /home/airflow/.local/lib/python3.7/site-packages/airflow/example_dags/example_dag_decorator.py took 0.211 seconds
[2023-02-14T12:11:46.923+0000] {processor.py:153} INFO - Started process (PID=1764) to work on /home/airflow/.local/lib/python3.7/site-packages/airflow/example_dags/example_dag_decorator.py
[2023-02-14T12:11:46.925+0000] {processor.py:743} INFO - Processing file /home/airflow/.local/lib/python3.7/site-packages/airflow/example_dags/example_dag_decorator.py for tasks to queue
[2023-02-14T12:11:46.927+0000] {logging_mixin.py:137} INFO - [2023-02-14T12:11:46.926+0000] {dagbag.py:538} INFO - Filling up the DagBag from /home/airflow/.local/lib/python3.7/site-packages/airflow/example_dags/example_dag_decorator.py
[2023-02-14T12:11:46.951+0000] {logging_mixin.py:137} INFO - [2023-02-14T12:11:46.950+0000] {taskmixin.py:205} WARNING - Dependency <Task(_PythonDecoratedOperator): prepare_email>, send_email already registered for DAG: example_dag_decorator
[2023-02-14T12:11:46.952+0000] {logging_mixin.py:137} INFO - [2023-02-14T12:11:46.952+0000] {taskmixin.py:205} WARNING - Dependency <Task(EmailOperator): send_email>, prepare_email already registered for DAG: example_dag_decorator
[2023-02-14T12:11:46.968+0000] {processor.py:753} INFO - DAG(s) dict_keys(['example_dag_decorator']) retrieved from /home/airflow/.local/lib/python3.7/site-packages/airflow/example_dags/example_dag_decorator.py
[2023-02-14T12:11:47.072+0000] {logging_mixin.py:137} INFO - [2023-02-14T12:11:47.072+0000] {dag.py:2676} INFO - Sync 1 DAGs
[2023-02-14T12:11:47.105+0000] {logging_mixin.py:137} INFO - [2023-02-14T12:11:47.105+0000] {dag.py:3427} INFO - Setting next_dagrun for example_dag_decorator to None, run_after=None
[2023-02-14T12:11:47.129+0000] {processor.py:175} INFO - Processing /home/airflow/.local/lib/python3.7/site-packages/airflow/example_dags/example_dag_decorator.py took 0.211 seconds
[2023-02-14T12:12:17.176+0000] {processor.py:153} INFO - Started process (PID=1851) to work on /home/airflow/.local/lib/python3.7/site-packages/airflow/example_dags/example_dag_decorator.py
[2023-02-14T12:12:17.179+0000] {processor.py:743} INFO - Processing file /home/airflow/.local/lib/python3.7/site-packages/airflow/example_dags/example_dag_decorator.py for tasks to queue
[2023-02-14T12:12:17.182+0000] {logging_mixin.py:137} INFO - [2023-02-14T12:12:17.181+0000] {dagbag.py:538} INFO - Filling up the DagBag from /home/airflow/.local/lib/python3.7/site-packages/airflow/example_dags/example_dag_decorator.py
[2023-02-14T12:12:17.209+0000] {logging_mixin.py:137} INFO - [2023-02-14T12:12:17.209+0000] {taskmixin.py:205} WARNING - Dependency <Task(_PythonDecoratedOperator): prepare_email>, send_email already registered for DAG: example_dag_decorator
[2023-02-14T12:12:17.211+0000] {logging_mixin.py:137} INFO - [2023-02-14T12:12:17.211+0000] {taskmixin.py:205} WARNING - Dependency <Task(EmailOperator): send_email>, prepare_email already registered for DAG: example_dag_decorator
[2023-02-14T12:12:17.229+0000] {processor.py:753} INFO - DAG(s) dict_keys(['example_dag_decorator']) retrieved from /home/airflow/.local/lib/python3.7/site-packages/airflow/example_dags/example_dag_decorator.py
[2023-02-14T12:12:17.325+0000] {logging_mixin.py:137} INFO - [2023-02-14T12:12:17.325+0000] {dag.py:2676} INFO - Sync 1 DAGs
[2023-02-14T12:12:17.352+0000] {logging_mixin.py:137} INFO - [2023-02-14T12:12:17.352+0000] {dag.py:3427} INFO - Setting next_dagrun for example_dag_decorator to None, run_after=None
[2023-02-14T12:12:17.374+0000] {processor.py:175} INFO - Processing /home/airflow/.local/lib/python3.7/site-packages/airflow/example_dags/example_dag_decorator.py took 0.203 seconds
[2023-02-14T12:12:48.228+0000] {processor.py:153} INFO - Started process (PID=1922) to work on /home/airflow/.local/lib/python3.7/site-packages/airflow/example_dags/example_dag_decorator.py
[2023-02-14T12:12:48.230+0000] {processor.py:743} INFO - Processing file /home/airflow/.local/lib/python3.7/site-packages/airflow/example_dags/example_dag_decorator.py for tasks to queue
[2023-02-14T12:12:48.232+0000] {logging_mixin.py:137} INFO - [2023-02-14T12:12:48.232+0000] {dagbag.py:538} INFO - Filling up the DagBag from /home/airflow/.local/lib/python3.7/site-packages/airflow/example_dags/example_dag_decorator.py
[2023-02-14T12:12:48.253+0000] {logging_mixin.py:137} INFO - [2023-02-14T12:12:48.253+0000] {taskmixin.py:205} WARNING - Dependency <Task(_PythonDecoratedOperator): prepare_email>, send_email already registered for DAG: example_dag_decorator
[2023-02-14T12:12:48.254+0000] {logging_mixin.py:137} INFO - [2023-02-14T12:12:48.254+0000] {taskmixin.py:205} WARNING - Dependency <Task(EmailOperator): send_email>, prepare_email already registered for DAG: example_dag_decorator
[2023-02-14T12:12:48.270+0000] {processor.py:753} INFO - DAG(s) dict_keys(['example_dag_decorator']) retrieved from /home/airflow/.local/lib/python3.7/site-packages/airflow/example_dags/example_dag_decorator.py
[2023-02-14T12:12:48.364+0000] {logging_mixin.py:137} INFO - [2023-02-14T12:12:48.364+0000] {dag.py:2676} INFO - Sync 1 DAGs
[2023-02-14T12:12:48.395+0000] {logging_mixin.py:137} INFO - [2023-02-14T12:12:48.395+0000] {dag.py:3427} INFO - Setting next_dagrun for example_dag_decorator to None, run_after=None
[2023-02-14T12:12:48.427+0000] {processor.py:175} INFO - Processing /home/airflow/.local/lib/python3.7/site-packages/airflow/example_dags/example_dag_decorator.py took 0.204 seconds
[2023-02-14T12:13:18.917+0000] {processor.py:153} INFO - Started process (PID=2009) to work on /home/airflow/.local/lib/python3.7/site-packages/airflow/example_dags/example_dag_decorator.py
[2023-02-14T12:13:18.920+0000] {processor.py:743} INFO - Processing file /home/airflow/.local/lib/python3.7/site-packages/airflow/example_dags/example_dag_decorator.py for tasks to queue
[2023-02-14T12:13:18.922+0000] {logging_mixin.py:137} INFO - [2023-02-14T12:13:18.922+0000] {dagbag.py:538} INFO - Filling up the DagBag from /home/airflow/.local/lib/python3.7/site-packages/airflow/example_dags/example_dag_decorator.py
[2023-02-14T12:13:18.945+0000] {logging_mixin.py:137} INFO - [2023-02-14T12:13:18.945+0000] {taskmixin.py:205} WARNING - Dependency <Task(_PythonDecoratedOperator): prepare_email>, send_email already registered for DAG: example_dag_decorator
[2023-02-14T12:13:18.947+0000] {logging_mixin.py:137} INFO - [2023-02-14T12:13:18.947+0000] {taskmixin.py:205} WARNING - Dependency <Task(EmailOperator): send_email>, prepare_email already registered for DAG: example_dag_decorator
[2023-02-14T12:13:18.966+0000] {processor.py:753} INFO - DAG(s) dict_keys(['example_dag_decorator']) retrieved from /home/airflow/.local/lib/python3.7/site-packages/airflow/example_dags/example_dag_decorator.py
[2023-02-14T12:13:19.071+0000] {logging_mixin.py:137} INFO - [2023-02-14T12:13:19.071+0000] {dag.py:2676} INFO - Sync 1 DAGs
[2023-02-14T12:13:19.105+0000] {logging_mixin.py:137} INFO - [2023-02-14T12:13:19.105+0000] {dag.py:3427} INFO - Setting next_dagrun for example_dag_decorator to None, run_after=None
[2023-02-14T12:13:19.132+0000] {processor.py:175} INFO - Processing /home/airflow/.local/lib/python3.7/site-packages/airflow/example_dags/example_dag_decorator.py took 0.219 seconds
[2023-02-14T12:13:49.482+0000] {processor.py:153} INFO - Started process (PID=2080) to work on /home/airflow/.local/lib/python3.7/site-packages/airflow/example_dags/example_dag_decorator.py
[2023-02-14T12:13:49.484+0000] {processor.py:743} INFO - Processing file /home/airflow/.local/lib/python3.7/site-packages/airflow/example_dags/example_dag_decorator.py for tasks to queue
[2023-02-14T12:13:49.486+0000] {logging_mixin.py:137} INFO - [2023-02-14T12:13:49.486+0000] {dagbag.py:538} INFO - Filling up the DagBag from /home/airflow/.local/lib/python3.7/site-packages/airflow/example_dags/example_dag_decorator.py
[2023-02-14T12:13:49.507+0000] {logging_mixin.py:137} INFO - [2023-02-14T12:13:49.506+0000] {taskmixin.py:205} WARNING - Dependency <Task(_PythonDecoratedOperator): prepare_email>, send_email already registered for DAG: example_dag_decorator
[2023-02-14T12:13:49.508+0000] {logging_mixin.py:137} INFO - [2023-02-14T12:13:49.508+0000] {taskmixin.py:205} WARNING - Dependency <Task(EmailOperator): send_email>, prepare_email already registered for DAG: example_dag_decorator
[2023-02-14T12:13:49.522+0000] {processor.py:753} INFO - DAG(s) dict_keys(['example_dag_decorator']) retrieved from /home/airflow/.local/lib/python3.7/site-packages/airflow/example_dags/example_dag_decorator.py
[2023-02-14T12:13:49.615+0000] {logging_mixin.py:137} INFO - [2023-02-14T12:13:49.614+0000] {dag.py:2676} INFO - Sync 1 DAGs
[2023-02-14T12:13:49.641+0000] {logging_mixin.py:137} INFO - [2023-02-14T12:13:49.641+0000] {dag.py:3427} INFO - Setting next_dagrun for example_dag_decorator to None, run_after=None
[2023-02-14T12:13:49.663+0000] {processor.py:175} INFO - Processing /home/airflow/.local/lib/python3.7/site-packages/airflow/example_dags/example_dag_decorator.py took 0.185 seconds
[2023-02-14T12:14:20.314+0000] {processor.py:153} INFO - Started process (PID=2167) to work on /home/airflow/.local/lib/python3.7/site-packages/airflow/example_dags/example_dag_decorator.py
[2023-02-14T12:14:20.317+0000] {processor.py:743} INFO - Processing file /home/airflow/.local/lib/python3.7/site-packages/airflow/example_dags/example_dag_decorator.py for tasks to queue
[2023-02-14T12:14:20.320+0000] {logging_mixin.py:137} INFO - [2023-02-14T12:14:20.319+0000] {dagbag.py:538} INFO - Filling up the DagBag from /home/airflow/.local/lib/python3.7/site-packages/airflow/example_dags/example_dag_decorator.py
[2023-02-14T12:14:20.347+0000] {logging_mixin.py:137} INFO - [2023-02-14T12:14:20.347+0000] {taskmixin.py:205} WARNING - Dependency <Task(_PythonDecoratedOperator): prepare_email>, send_email already registered for DAG: example_dag_decorator
[2023-02-14T12:14:20.349+0000] {logging_mixin.py:137} INFO - [2023-02-14T12:14:20.349+0000] {taskmixin.py:205} WARNING - Dependency <Task(EmailOperator): send_email>, prepare_email already registered for DAG: example_dag_decorator
[2023-02-14T12:14:20.368+0000] {processor.py:753} INFO - DAG(s) dict_keys(['example_dag_decorator']) retrieved from /home/airflow/.local/lib/python3.7/site-packages/airflow/example_dags/example_dag_decorator.py
[2023-02-14T12:14:20.469+0000] {logging_mixin.py:137} INFO - [2023-02-14T12:14:20.469+0000] {dag.py:2676} INFO - Sync 1 DAGs
[2023-02-14T12:14:20.498+0000] {logging_mixin.py:137} INFO - [2023-02-14T12:14:20.498+0000] {dag.py:3427} INFO - Setting next_dagrun for example_dag_decorator to None, run_after=None
[2023-02-14T12:14:20.524+0000] {processor.py:175} INFO - Processing /home/airflow/.local/lib/python3.7/site-packages/airflow/example_dags/example_dag_decorator.py took 0.216 seconds
[2023-02-14T12:14:51.079+0000] {processor.py:153} INFO - Started process (PID=2238) to work on /home/airflow/.local/lib/python3.7/site-packages/airflow/example_dags/example_dag_decorator.py
[2023-02-14T12:14:51.082+0000] {processor.py:743} INFO - Processing file /home/airflow/.local/lib/python3.7/site-packages/airflow/example_dags/example_dag_decorator.py for tasks to queue
[2023-02-14T12:14:51.084+0000] {logging_mixin.py:137} INFO - [2023-02-14T12:14:51.083+0000] {dagbag.py:538} INFO - Filling up the DagBag from /home/airflow/.local/lib/python3.7/site-packages/airflow/example_dags/example_dag_decorator.py
[2023-02-14T12:14:51.109+0000] {logging_mixin.py:137} INFO - [2023-02-14T12:14:51.109+0000] {taskmixin.py:205} WARNING - Dependency <Task(_PythonDecoratedOperator): prepare_email>, send_email already registered for DAG: example_dag_decorator
[2023-02-14T12:14:51.111+0000] {logging_mixin.py:137} INFO - [2023-02-14T12:14:51.110+0000] {taskmixin.py:205} WARNING - Dependency <Task(EmailOperator): send_email>, prepare_email already registered for DAG: example_dag_decorator
[2023-02-14T12:14:51.127+0000] {processor.py:753} INFO - DAG(s) dict_keys(['example_dag_decorator']) retrieved from /home/airflow/.local/lib/python3.7/site-packages/airflow/example_dags/example_dag_decorator.py
[2023-02-14T12:14:51.221+0000] {logging_mixin.py:137} INFO - [2023-02-14T12:14:51.221+0000] {dag.py:2676} INFO - Sync 1 DAGs
[2023-02-14T12:14:51.253+0000] {logging_mixin.py:137} INFO - [2023-02-14T12:14:51.252+0000] {dag.py:3427} INFO - Setting next_dagrun for example_dag_decorator to None, run_after=None
[2023-02-14T12:14:51.277+0000] {processor.py:175} INFO - Processing /home/airflow/.local/lib/python3.7/site-packages/airflow/example_dags/example_dag_decorator.py took 0.202 seconds
[2023-02-14T12:15:21.401+0000] {processor.py:153} INFO - Started process (PID=2325) to work on /home/airflow/.local/lib/python3.7/site-packages/airflow/example_dags/example_dag_decorator.py
[2023-02-14T12:15:21.403+0000] {processor.py:743} INFO - Processing file /home/airflow/.local/lib/python3.7/site-packages/airflow/example_dags/example_dag_decorator.py for tasks to queue
[2023-02-14T12:15:21.404+0000] {logging_mixin.py:137} INFO - [2023-02-14T12:15:21.404+0000] {dagbag.py:538} INFO - Filling up the DagBag from /home/airflow/.local/lib/python3.7/site-packages/airflow/example_dags/example_dag_decorator.py
[2023-02-14T12:15:21.424+0000] {logging_mixin.py:137} INFO - [2023-02-14T12:15:21.424+0000] {taskmixin.py:205} WARNING - Dependency <Task(_PythonDecoratedOperator): prepare_email>, send_email already registered for DAG: example_dag_decorator
[2023-02-14T12:15:21.425+0000] {logging_mixin.py:137} INFO - [2023-02-14T12:15:21.425+0000] {taskmixin.py:205} WARNING - Dependency <Task(EmailOperator): send_email>, prepare_email already registered for DAG: example_dag_decorator
[2023-02-14T12:15:21.444+0000] {processor.py:753} INFO - DAG(s) dict_keys(['example_dag_decorator']) retrieved from /home/airflow/.local/lib/python3.7/site-packages/airflow/example_dags/example_dag_decorator.py
[2023-02-14T12:15:21.534+0000] {logging_mixin.py:137} INFO - [2023-02-14T12:15:21.534+0000] {dag.py:2676} INFO - Sync 1 DAGs
[2023-02-14T12:15:21.563+0000] {logging_mixin.py:137} INFO - [2023-02-14T12:15:21.563+0000] {dag.py:3427} INFO - Setting next_dagrun for example_dag_decorator to None, run_after=None
[2023-02-14T12:15:21.585+0000] {processor.py:175} INFO - Processing /home/airflow/.local/lib/python3.7/site-packages/airflow/example_dags/example_dag_decorator.py took 0.188 seconds
[2023-02-14T12:15:51.896+0000] {processor.py:153} INFO - Started process (PID=2396) to work on /home/airflow/.local/lib/python3.7/site-packages/airflow/example_dags/example_dag_decorator.py
[2023-02-14T12:15:51.899+0000] {processor.py:743} INFO - Processing file /home/airflow/.local/lib/python3.7/site-packages/airflow/example_dags/example_dag_decorator.py for tasks to queue
[2023-02-14T12:15:51.901+0000] {logging_mixin.py:137} INFO - [2023-02-14T12:15:51.901+0000] {dagbag.py:538} INFO - Filling up the DagBag from /home/airflow/.local/lib/python3.7/site-packages/airflow/example_dags/example_dag_decorator.py
[2023-02-14T12:15:51.923+0000] {logging_mixin.py:137} INFO - [2023-02-14T12:15:51.923+0000] {taskmixin.py:205} WARNING - Dependency <Task(_PythonDecoratedOperator): prepare_email>, send_email already registered for DAG: example_dag_decorator
[2023-02-14T12:15:51.925+0000] {logging_mixin.py:137} INFO - [2023-02-14T12:15:51.924+0000] {taskmixin.py:205} WARNING - Dependency <Task(EmailOperator): send_email>, prepare_email already registered for DAG: example_dag_decorator
[2023-02-14T12:15:51.940+0000] {processor.py:753} INFO - DAG(s) dict_keys(['example_dag_decorator']) retrieved from /home/airflow/.local/lib/python3.7/site-packages/airflow/example_dags/example_dag_decorator.py
[2023-02-14T12:15:52.028+0000] {logging_mixin.py:137} INFO - [2023-02-14T12:15:52.028+0000] {dag.py:2676} INFO - Sync 1 DAGs
[2023-02-14T12:15:52.054+0000] {logging_mixin.py:137} INFO - [2023-02-14T12:15:52.054+0000] {dag.py:3427} INFO - Setting next_dagrun for example_dag_decorator to None, run_after=None
[2023-02-14T12:15:52.076+0000] {processor.py:175} INFO - Processing /home/airflow/.local/lib/python3.7/site-packages/airflow/example_dags/example_dag_decorator.py took 0.185 seconds
[2023-02-14T12:16:23.315+0000] {processor.py:153} INFO - Started process (PID=2483) to work on /home/airflow/.local/lib/python3.7/site-packages/airflow/example_dags/example_dag_decorator.py
[2023-02-14T12:16:23.320+0000] {processor.py:743} INFO - Processing file /home/airflow/.local/lib/python3.7/site-packages/airflow/example_dags/example_dag_decorator.py for tasks to queue
[2023-02-14T12:16:23.326+0000] {logging_mixin.py:137} INFO - [2023-02-14T12:16:23.326+0000] {dagbag.py:538} INFO - Filling up the DagBag from /home/airflow/.local/lib/python3.7/site-packages/airflow/example_dags/example_dag_decorator.py
[2023-02-14T12:16:23.371+0000] {logging_mixin.py:137} INFO - [2023-02-14T12:16:23.371+0000] {taskmixin.py:205} WARNING - Dependency <Task(_PythonDecoratedOperator): prepare_email>, send_email already registered for DAG: example_dag_decorator
[2023-02-14T12:16:23.374+0000] {logging_mixin.py:137} INFO - [2023-02-14T12:16:23.374+0000] {taskmixin.py:205} WARNING - Dependency <Task(EmailOperator): send_email>, prepare_email already registered for DAG: example_dag_decorator
[2023-02-14T12:16:23.405+0000] {processor.py:753} INFO - DAG(s) dict_keys(['example_dag_decorator']) retrieved from /home/airflow/.local/lib/python3.7/site-packages/airflow/example_dags/example_dag_decorator.py
[2023-02-14T12:16:23.540+0000] {logging_mixin.py:137} INFO - [2023-02-14T12:16:23.539+0000] {dag.py:2676} INFO - Sync 1 DAGs
[2023-02-14T12:16:23.582+0000] {logging_mixin.py:137} INFO - [2023-02-14T12:16:23.582+0000] {dag.py:3427} INFO - Setting next_dagrun for example_dag_decorator to None, run_after=None
[2023-02-14T12:16:23.621+0000] {processor.py:175} INFO - Processing /home/airflow/.local/lib/python3.7/site-packages/airflow/example_dags/example_dag_decorator.py took 0.317 seconds
[2023-02-14T12:16:53.722+0000] {processor.py:153} INFO - Started process (PID=2554) to work on /home/airflow/.local/lib/python3.7/site-packages/airflow/example_dags/example_dag_decorator.py
[2023-02-14T12:16:53.727+0000] {processor.py:743} INFO - Processing file /home/airflow/.local/lib/python3.7/site-packages/airflow/example_dags/example_dag_decorator.py for tasks to queue
[2023-02-14T12:16:53.729+0000] {logging_mixin.py:137} INFO - [2023-02-14T12:16:53.729+0000] {dagbag.py:538} INFO - Filling up the DagBag from /home/airflow/.local/lib/python3.7/site-packages/airflow/example_dags/example_dag_decorator.py
[2023-02-14T12:16:53.760+0000] {logging_mixin.py:137} INFO - [2023-02-14T12:16:53.760+0000] {taskmixin.py:205} WARNING - Dependency <Task(_PythonDecoratedOperator): prepare_email>, send_email already registered for DAG: example_dag_decorator
[2023-02-14T12:16:53.762+0000] {logging_mixin.py:137} INFO - [2023-02-14T12:16:53.762+0000] {taskmixin.py:205} WARNING - Dependency <Task(EmailOperator): send_email>, prepare_email already registered for DAG: example_dag_decorator
[2023-02-14T12:16:53.784+0000] {processor.py:753} INFO - DAG(s) dict_keys(['example_dag_decorator']) retrieved from /home/airflow/.local/lib/python3.7/site-packages/airflow/example_dags/example_dag_decorator.py
[2023-02-14T12:16:53.948+0000] {logging_mixin.py:137} INFO - [2023-02-14T12:16:53.947+0000] {dag.py:2676} INFO - Sync 1 DAGs
[2023-02-14T12:16:54.006+0000] {logging_mixin.py:137} INFO - [2023-02-14T12:16:54.006+0000] {dag.py:3427} INFO - Setting next_dagrun for example_dag_decorator to None, run_after=None
[2023-02-14T12:16:54.041+0000] {processor.py:175} INFO - Processing /home/airflow/.local/lib/python3.7/site-packages/airflow/example_dags/example_dag_decorator.py took 0.325 seconds
[2023-02-14T12:17:24.919+0000] {processor.py:153} INFO - Started process (PID=2625) to work on /home/airflow/.local/lib/python3.7/site-packages/airflow/example_dags/example_dag_decorator.py
[2023-02-14T12:17:24.921+0000] {processor.py:743} INFO - Processing file /home/airflow/.local/lib/python3.7/site-packages/airflow/example_dags/example_dag_decorator.py for tasks to queue
[2023-02-14T12:17:24.923+0000] {logging_mixin.py:137} INFO - [2023-02-14T12:17:24.923+0000] {dagbag.py:538} INFO - Filling up the DagBag from /home/airflow/.local/lib/python3.7/site-packages/airflow/example_dags/example_dag_decorator.py
[2023-02-14T12:17:24.949+0000] {logging_mixin.py:137} INFO - [2023-02-14T12:17:24.949+0000] {taskmixin.py:205} WARNING - Dependency <Task(_PythonDecoratedOperator): prepare_email>, send_email already registered for DAG: example_dag_decorator
[2023-02-14T12:17:24.951+0000] {logging_mixin.py:137} INFO - [2023-02-14T12:17:24.951+0000] {taskmixin.py:205} WARNING - Dependency <Task(EmailOperator): send_email>, prepare_email already registered for DAG: example_dag_decorator
[2023-02-14T12:17:24.971+0000] {processor.py:753} INFO - DAG(s) dict_keys(['example_dag_decorator']) retrieved from /home/airflow/.local/lib/python3.7/site-packages/airflow/example_dags/example_dag_decorator.py
[2023-02-14T12:17:25.087+0000] {logging_mixin.py:137} INFO - [2023-02-14T12:17:25.086+0000] {dag.py:2676} INFO - Sync 1 DAGs
[2023-02-14T12:17:25.122+0000] {logging_mixin.py:137} INFO - [2023-02-14T12:17:25.122+0000] {dag.py:3427} INFO - Setting next_dagrun for example_dag_decorator to None, run_after=None
[2023-02-14T12:17:25.151+0000] {processor.py:175} INFO - Processing /home/airflow/.local/lib/python3.7/site-packages/airflow/example_dags/example_dag_decorator.py took 0.239 seconds
[2023-02-14T12:17:55.396+0000] {processor.py:153} INFO - Started process (PID=2712) to work on /home/airflow/.local/lib/python3.7/site-packages/airflow/example_dags/example_dag_decorator.py
[2023-02-14T12:17:55.399+0000] {processor.py:743} INFO - Processing file /home/airflow/.local/lib/python3.7/site-packages/airflow/example_dags/example_dag_decorator.py for tasks to queue
[2023-02-14T12:17:55.400+0000] {logging_mixin.py:137} INFO - [2023-02-14T12:17:55.400+0000] {dagbag.py:538} INFO - Filling up the DagBag from /home/airflow/.local/lib/python3.7/site-packages/airflow/example_dags/example_dag_decorator.py
[2023-02-14T12:17:55.428+0000] {logging_mixin.py:137} INFO - [2023-02-14T12:17:55.428+0000] {taskmixin.py:205} WARNING - Dependency <Task(_PythonDecoratedOperator): prepare_email>, send_email already registered for DAG: example_dag_decorator
[2023-02-14T12:17:55.431+0000] {logging_mixin.py:137} INFO - [2023-02-14T12:17:55.430+0000] {taskmixin.py:205} WARNING - Dependency <Task(EmailOperator): send_email>, prepare_email already registered for DAG: example_dag_decorator
[2023-02-14T12:17:55.449+0000] {processor.py:753} INFO - DAG(s) dict_keys(['example_dag_decorator']) retrieved from /home/airflow/.local/lib/python3.7/site-packages/airflow/example_dags/example_dag_decorator.py
[2023-02-14T12:17:55.566+0000] {logging_mixin.py:137} INFO - [2023-02-14T12:17:55.565+0000] {dag.py:2676} INFO - Sync 1 DAGs
[2023-02-14T12:17:55.611+0000] {logging_mixin.py:137} INFO - [2023-02-14T12:17:55.611+0000] {dag.py:3427} INFO - Setting next_dagrun for example_dag_decorator to None, run_after=None
[2023-02-14T12:17:55.653+0000] {processor.py:175} INFO - Processing /home/airflow/.local/lib/python3.7/site-packages/airflow/example_dags/example_dag_decorator.py took 0.261 seconds
