[2023-02-14T12:00:35.846+0000] {processor.py:153} INFO - Started process (PID=83) to work on /home/airflow/.local/lib/python3.7/site-packages/airflow/example_dags/tutorial_dag.py
[2023-02-14T12:00:35.849+0000] {processor.py:743} INFO - Processing file /home/airflow/.local/lib/python3.7/site-packages/airflow/example_dags/tutorial_dag.py for tasks to queue
[2023-02-14T12:00:35.851+0000] {logging_mixin.py:137} INFO - [2023-02-14T12:00:35.851+0000] {dagbag.py:538} INFO - Filling up the DagBag from /home/airflow/.local/lib/python3.7/site-packages/airflow/example_dags/tutorial_dag.py
[2023-02-14T12:00:35.872+0000] {processor.py:753} INFO - DAG(s) dict_keys(['tutorial_dag']) retrieved from /home/airflow/.local/lib/python3.7/site-packages/airflow/example_dags/tutorial_dag.py
[2023-02-14T12:00:35.940+0000] {logging_mixin.py:137} INFO - [2023-02-14T12:00:35.940+0000] {dag.py:2676} INFO - Sync 1 DAGs
[2023-02-14T12:00:35.975+0000] {logging_mixin.py:137} INFO - [2023-02-14T12:00:35.975+0000] {dag.py:3427} INFO - Setting next_dagrun for tutorial_dag to None, run_after=None
[2023-02-14T12:00:36.001+0000] {processor.py:175} INFO - Processing /home/airflow/.local/lib/python3.7/site-packages/airflow/example_dags/tutorial_dag.py took 0.161 seconds
[2023-02-14T12:01:06.567+0000] {processor.py:153} INFO - Started process (PID=154) to work on /home/airflow/.local/lib/python3.7/site-packages/airflow/example_dags/tutorial_dag.py
[2023-02-14T12:01:06.570+0000] {processor.py:743} INFO - Processing file /home/airflow/.local/lib/python3.7/site-packages/airflow/example_dags/tutorial_dag.py for tasks to queue
[2023-02-14T12:01:06.573+0000] {logging_mixin.py:137} INFO - [2023-02-14T12:01:06.572+0000] {dagbag.py:538} INFO - Filling up the DagBag from /home/airflow/.local/lib/python3.7/site-packages/airflow/example_dags/tutorial_dag.py
[2023-02-14T12:01:06.593+0000] {processor.py:753} INFO - DAG(s) dict_keys(['tutorial_dag']) retrieved from /home/airflow/.local/lib/python3.7/site-packages/airflow/example_dags/tutorial_dag.py
[2023-02-14T12:01:06.659+0000] {logging_mixin.py:137} INFO - [2023-02-14T12:01:06.659+0000] {dag.py:2676} INFO - Sync 1 DAGs
[2023-02-14T12:01:06.701+0000] {logging_mixin.py:137} INFO - [2023-02-14T12:01:06.701+0000] {dag.py:3427} INFO - Setting next_dagrun for tutorial_dag to None, run_after=None
[2023-02-14T12:01:06.750+0000] {processor.py:175} INFO - Processing /home/airflow/.local/lib/python3.7/site-packages/airflow/example_dags/tutorial_dag.py took 0.199 seconds
[2023-02-14T12:01:36.933+0000] {processor.py:153} INFO - Started process (PID=234) to work on /home/airflow/.local/lib/python3.7/site-packages/airflow/example_dags/tutorial_dag.py
[2023-02-14T12:01:36.935+0000] {processor.py:743} INFO - Processing file /home/airflow/.local/lib/python3.7/site-packages/airflow/example_dags/tutorial_dag.py for tasks to queue
[2023-02-14T12:01:36.937+0000] {logging_mixin.py:137} INFO - [2023-02-14T12:01:36.937+0000] {dagbag.py:538} INFO - Filling up the DagBag from /home/airflow/.local/lib/python3.7/site-packages/airflow/example_dags/tutorial_dag.py
[2023-02-14T12:01:36.971+0000] {processor.py:753} INFO - DAG(s) dict_keys(['tutorial_dag']) retrieved from /home/airflow/.local/lib/python3.7/site-packages/airflow/example_dags/tutorial_dag.py
[2023-02-14T12:01:37.066+0000] {logging_mixin.py:137} INFO - [2023-02-14T12:01:37.066+0000] {dag.py:2676} INFO - Sync 1 DAGs
[2023-02-14T12:01:37.118+0000] {logging_mixin.py:137} INFO - [2023-02-14T12:01:37.117+0000] {dag.py:3427} INFO - Setting next_dagrun for tutorial_dag to None, run_after=None
[2023-02-14T12:01:37.156+0000] {processor.py:175} INFO - Processing /home/airflow/.local/lib/python3.7/site-packages/airflow/example_dags/tutorial_dag.py took 0.228 seconds
[2023-02-14T12:02:08.089+0000] {processor.py:153} INFO - Started process (PID=312) to work on /home/airflow/.local/lib/python3.7/site-packages/airflow/example_dags/tutorial_dag.py
[2023-02-14T12:02:08.091+0000] {processor.py:743} INFO - Processing file /home/airflow/.local/lib/python3.7/site-packages/airflow/example_dags/tutorial_dag.py for tasks to queue
[2023-02-14T12:02:08.095+0000] {logging_mixin.py:137} INFO - [2023-02-14T12:02:08.094+0000] {dagbag.py:538} INFO - Filling up the DagBag from /home/airflow/.local/lib/python3.7/site-packages/airflow/example_dags/tutorial_dag.py
[2023-02-14T12:02:08.116+0000] {processor.py:753} INFO - DAG(s) dict_keys(['tutorial_dag']) retrieved from /home/airflow/.local/lib/python3.7/site-packages/airflow/example_dags/tutorial_dag.py
[2023-02-14T12:02:08.168+0000] {logging_mixin.py:137} INFO - [2023-02-14T12:02:08.168+0000] {dag.py:2676} INFO - Sync 1 DAGs
[2023-02-14T12:02:08.214+0000] {logging_mixin.py:137} INFO - [2023-02-14T12:02:08.213+0000] {dag.py:3427} INFO - Setting next_dagrun for tutorial_dag to None, run_after=None
[2023-02-14T12:02:08.260+0000] {processor.py:175} INFO - Processing /home/airflow/.local/lib/python3.7/site-packages/airflow/example_dags/tutorial_dag.py took 0.176 seconds
[2023-02-14T12:02:38.755+0000] {processor.py:153} INFO - Started process (PID=383) to work on /home/airflow/.local/lib/python3.7/site-packages/airflow/example_dags/tutorial_dag.py
[2023-02-14T12:02:38.761+0000] {processor.py:743} INFO - Processing file /home/airflow/.local/lib/python3.7/site-packages/airflow/example_dags/tutorial_dag.py for tasks to queue
[2023-02-14T12:02:38.765+0000] {logging_mixin.py:137} INFO - [2023-02-14T12:02:38.764+0000] {dagbag.py:538} INFO - Filling up the DagBag from /home/airflow/.local/lib/python3.7/site-packages/airflow/example_dags/tutorial_dag.py
[2023-02-14T12:02:38.796+0000] {processor.py:753} INFO - DAG(s) dict_keys(['tutorial_dag']) retrieved from /home/airflow/.local/lib/python3.7/site-packages/airflow/example_dags/tutorial_dag.py
[2023-02-14T12:02:38.861+0000] {logging_mixin.py:137} INFO - [2023-02-14T12:02:38.861+0000] {dag.py:2676} INFO - Sync 1 DAGs
[2023-02-14T12:02:38.966+0000] {logging_mixin.py:137} INFO - [2023-02-14T12:02:38.963+0000] {dag.py:3427} INFO - Setting next_dagrun for tutorial_dag to None, run_after=None
[2023-02-14T12:02:39.086+0000] {processor.py:175} INFO - Processing /home/airflow/.local/lib/python3.7/site-packages/airflow/example_dags/tutorial_dag.py took 0.342 seconds
[2023-02-14T12:03:10.030+0000] {processor.py:153} INFO - Started process (PID=470) to work on /home/airflow/.local/lib/python3.7/site-packages/airflow/example_dags/tutorial_dag.py
[2023-02-14T12:03:10.033+0000] {processor.py:743} INFO - Processing file /home/airflow/.local/lib/python3.7/site-packages/airflow/example_dags/tutorial_dag.py for tasks to queue
[2023-02-14T12:03:10.035+0000] {logging_mixin.py:137} INFO - [2023-02-14T12:03:10.035+0000] {dagbag.py:538} INFO - Filling up the DagBag from /home/airflow/.local/lib/python3.7/site-packages/airflow/example_dags/tutorial_dag.py
[2023-02-14T12:03:10.055+0000] {processor.py:753} INFO - DAG(s) dict_keys(['tutorial_dag']) retrieved from /home/airflow/.local/lib/python3.7/site-packages/airflow/example_dags/tutorial_dag.py
[2023-02-14T12:03:10.111+0000] {logging_mixin.py:137} INFO - [2023-02-14T12:03:10.110+0000] {dag.py:2676} INFO - Sync 1 DAGs
[2023-02-14T12:03:10.141+0000] {logging_mixin.py:137} INFO - [2023-02-14T12:03:10.140+0000] {dag.py:3427} INFO - Setting next_dagrun for tutorial_dag to None, run_after=None
[2023-02-14T12:03:10.161+0000] {processor.py:175} INFO - Processing /home/airflow/.local/lib/python3.7/site-packages/airflow/example_dags/tutorial_dag.py took 0.136 seconds
[2023-02-14T12:03:40.654+0000] {processor.py:153} INFO - Started process (PID=541) to work on /home/airflow/.local/lib/python3.7/site-packages/airflow/example_dags/tutorial_dag.py
[2023-02-14T12:03:40.665+0000] {processor.py:743} INFO - Processing file /home/airflow/.local/lib/python3.7/site-packages/airflow/example_dags/tutorial_dag.py for tasks to queue
[2023-02-14T12:03:40.666+0000] {logging_mixin.py:137} INFO - [2023-02-14T12:03:40.666+0000] {dagbag.py:538} INFO - Filling up the DagBag from /home/airflow/.local/lib/python3.7/site-packages/airflow/example_dags/tutorial_dag.py
[2023-02-14T12:03:40.685+0000] {processor.py:753} INFO - DAG(s) dict_keys(['tutorial_dag']) retrieved from /home/airflow/.local/lib/python3.7/site-packages/airflow/example_dags/tutorial_dag.py
[2023-02-14T12:03:40.731+0000] {logging_mixin.py:137} INFO - [2023-02-14T12:03:40.731+0000] {dag.py:2676} INFO - Sync 1 DAGs
[2023-02-14T12:03:40.759+0000] {logging_mixin.py:137} INFO - [2023-02-14T12:03:40.759+0000] {dag.py:3427} INFO - Setting next_dagrun for tutorial_dag to None, run_after=None
[2023-02-14T12:03:40.781+0000] {processor.py:175} INFO - Processing /home/airflow/.local/lib/python3.7/site-packages/airflow/example_dags/tutorial_dag.py took 0.133 seconds
[2023-02-14T12:04:11.222+0000] {processor.py:153} INFO - Started process (PID=628) to work on /home/airflow/.local/lib/python3.7/site-packages/airflow/example_dags/tutorial_dag.py
[2023-02-14T12:04:11.224+0000] {processor.py:743} INFO - Processing file /home/airflow/.local/lib/python3.7/site-packages/airflow/example_dags/tutorial_dag.py for tasks to queue
[2023-02-14T12:04:11.226+0000] {logging_mixin.py:137} INFO - [2023-02-14T12:04:11.226+0000] {dagbag.py:538} INFO - Filling up the DagBag from /home/airflow/.local/lib/python3.7/site-packages/airflow/example_dags/tutorial_dag.py
[2023-02-14T12:04:11.246+0000] {processor.py:753} INFO - DAG(s) dict_keys(['tutorial_dag']) retrieved from /home/airflow/.local/lib/python3.7/site-packages/airflow/example_dags/tutorial_dag.py
[2023-02-14T12:04:11.296+0000] {logging_mixin.py:137} INFO - [2023-02-14T12:04:11.296+0000] {dag.py:2676} INFO - Sync 1 DAGs
[2023-02-14T12:04:11.326+0000] {logging_mixin.py:137} INFO - [2023-02-14T12:04:11.326+0000] {dag.py:3427} INFO - Setting next_dagrun for tutorial_dag to None, run_after=None
[2023-02-14T12:04:11.348+0000] {processor.py:175} INFO - Processing /home/airflow/.local/lib/python3.7/site-packages/airflow/example_dags/tutorial_dag.py took 0.132 seconds
[2023-02-14T12:04:42.199+0000] {processor.py:153} INFO - Started process (PID=699) to work on /home/airflow/.local/lib/python3.7/site-packages/airflow/example_dags/tutorial_dag.py
[2023-02-14T12:04:42.201+0000] {processor.py:743} INFO - Processing file /home/airflow/.local/lib/python3.7/site-packages/airflow/example_dags/tutorial_dag.py for tasks to queue
[2023-02-14T12:04:42.203+0000] {logging_mixin.py:137} INFO - [2023-02-14T12:04:42.203+0000] {dagbag.py:538} INFO - Filling up the DagBag from /home/airflow/.local/lib/python3.7/site-packages/airflow/example_dags/tutorial_dag.py
[2023-02-14T12:04:42.222+0000] {processor.py:753} INFO - DAG(s) dict_keys(['tutorial_dag']) retrieved from /home/airflow/.local/lib/python3.7/site-packages/airflow/example_dags/tutorial_dag.py
[2023-02-14T12:04:42.277+0000] {logging_mixin.py:137} INFO - [2023-02-14T12:04:42.277+0000] {dag.py:2676} INFO - Sync 1 DAGs
[2023-02-14T12:04:42.313+0000] {logging_mixin.py:137} INFO - [2023-02-14T12:04:42.312+0000] {dag.py:3427} INFO - Setting next_dagrun for tutorial_dag to None, run_after=None
[2023-02-14T12:04:42.334+0000] {processor.py:175} INFO - Processing /home/airflow/.local/lib/python3.7/site-packages/airflow/example_dags/tutorial_dag.py took 0.140 seconds
[2023-02-14T12:05:13.061+0000] {processor.py:153} INFO - Started process (PID=786) to work on /home/airflow/.local/lib/python3.7/site-packages/airflow/example_dags/tutorial_dag.py
[2023-02-14T12:05:13.063+0000] {processor.py:743} INFO - Processing file /home/airflow/.local/lib/python3.7/site-packages/airflow/example_dags/tutorial_dag.py for tasks to queue
[2023-02-14T12:05:13.066+0000] {logging_mixin.py:137} INFO - [2023-02-14T12:05:13.066+0000] {dagbag.py:538} INFO - Filling up the DagBag from /home/airflow/.local/lib/python3.7/site-packages/airflow/example_dags/tutorial_dag.py
[2023-02-14T12:05:13.086+0000] {processor.py:753} INFO - DAG(s) dict_keys(['tutorial_dag']) retrieved from /home/airflow/.local/lib/python3.7/site-packages/airflow/example_dags/tutorial_dag.py
[2023-02-14T12:05:13.143+0000] {logging_mixin.py:137} INFO - [2023-02-14T12:05:13.143+0000] {dag.py:2676} INFO - Sync 1 DAGs
[2023-02-14T12:05:13.177+0000] {logging_mixin.py:137} INFO - [2023-02-14T12:05:13.177+0000] {dag.py:3427} INFO - Setting next_dagrun for tutorial_dag to None, run_after=None
[2023-02-14T12:05:13.202+0000] {processor.py:175} INFO - Processing /home/airflow/.local/lib/python3.7/site-packages/airflow/example_dags/tutorial_dag.py took 0.146 seconds
[2023-02-14T12:05:43.312+0000] {processor.py:153} INFO - Started process (PID=857) to work on /home/airflow/.local/lib/python3.7/site-packages/airflow/example_dags/tutorial_dag.py
[2023-02-14T12:05:43.314+0000] {processor.py:743} INFO - Processing file /home/airflow/.local/lib/python3.7/site-packages/airflow/example_dags/tutorial_dag.py for tasks to queue
[2023-02-14T12:05:43.317+0000] {logging_mixin.py:137} INFO - [2023-02-14T12:05:43.317+0000] {dagbag.py:538} INFO - Filling up the DagBag from /home/airflow/.local/lib/python3.7/site-packages/airflow/example_dags/tutorial_dag.py
[2023-02-14T12:05:43.341+0000] {processor.py:753} INFO - DAG(s) dict_keys(['tutorial_dag']) retrieved from /home/airflow/.local/lib/python3.7/site-packages/airflow/example_dags/tutorial_dag.py
[2023-02-14T12:05:43.403+0000] {logging_mixin.py:137} INFO - [2023-02-14T12:05:43.403+0000] {dag.py:2676} INFO - Sync 1 DAGs
[2023-02-14T12:05:43.446+0000] {logging_mixin.py:137} INFO - [2023-02-14T12:05:43.445+0000] {dag.py:3427} INFO - Setting next_dagrun for tutorial_dag to None, run_after=None
[2023-02-14T12:05:43.483+0000] {processor.py:175} INFO - Processing /home/airflow/.local/lib/python3.7/site-packages/airflow/example_dags/tutorial_dag.py took 0.178 seconds
[2023-02-14T12:06:13.589+0000] {processor.py:153} INFO - Started process (PID=928) to work on /home/airflow/.local/lib/python3.7/site-packages/airflow/example_dags/tutorial_dag.py
[2023-02-14T12:06:13.593+0000] {processor.py:743} INFO - Processing file /home/airflow/.local/lib/python3.7/site-packages/airflow/example_dags/tutorial_dag.py for tasks to queue
[2023-02-14T12:06:13.595+0000] {logging_mixin.py:137} INFO - [2023-02-14T12:06:13.594+0000] {dagbag.py:538} INFO - Filling up the DagBag from /home/airflow/.local/lib/python3.7/site-packages/airflow/example_dags/tutorial_dag.py
[2023-02-14T12:06:13.614+0000] {processor.py:753} INFO - DAG(s) dict_keys(['tutorial_dag']) retrieved from /home/airflow/.local/lib/python3.7/site-packages/airflow/example_dags/tutorial_dag.py
[2023-02-14T12:06:13.658+0000] {logging_mixin.py:137} INFO - [2023-02-14T12:06:13.658+0000] {dag.py:2676} INFO - Sync 1 DAGs
[2023-02-14T12:06:13.687+0000] {logging_mixin.py:137} INFO - [2023-02-14T12:06:13.687+0000] {dag.py:3427} INFO - Setting next_dagrun for tutorial_dag to None, run_after=None
[2023-02-14T12:06:13.707+0000] {processor.py:175} INFO - Processing /home/airflow/.local/lib/python3.7/site-packages/airflow/example_dags/tutorial_dag.py took 0.122 seconds
[2023-02-14T12:06:44.821+0000] {processor.py:153} INFO - Started process (PID=1015) to work on /home/airflow/.local/lib/python3.7/site-packages/airflow/example_dags/tutorial_dag.py
[2023-02-14T12:06:44.823+0000] {processor.py:743} INFO - Processing file /home/airflow/.local/lib/python3.7/site-packages/airflow/example_dags/tutorial_dag.py for tasks to queue
[2023-02-14T12:06:44.825+0000] {logging_mixin.py:137} INFO - [2023-02-14T12:06:44.824+0000] {dagbag.py:538} INFO - Filling up the DagBag from /home/airflow/.local/lib/python3.7/site-packages/airflow/example_dags/tutorial_dag.py
[2023-02-14T12:06:44.841+0000] {processor.py:753} INFO - DAG(s) dict_keys(['tutorial_dag']) retrieved from /home/airflow/.local/lib/python3.7/site-packages/airflow/example_dags/tutorial_dag.py
[2023-02-14T12:06:44.888+0000] {logging_mixin.py:137} INFO - [2023-02-14T12:06:44.888+0000] {dag.py:2676} INFO - Sync 1 DAGs
[2023-02-14T12:06:44.923+0000] {logging_mixin.py:137} INFO - [2023-02-14T12:06:44.922+0000] {dag.py:3427} INFO - Setting next_dagrun for tutorial_dag to None, run_after=None
[2023-02-14T12:06:44.946+0000] {processor.py:175} INFO - Processing /home/airflow/.local/lib/python3.7/site-packages/airflow/example_dags/tutorial_dag.py took 0.131 seconds
[2023-02-14T12:07:15.072+0000] {processor.py:153} INFO - Started process (PID=1087) to work on /home/airflow/.local/lib/python3.7/site-packages/airflow/example_dags/tutorial_dag.py
[2023-02-14T12:07:15.076+0000] {processor.py:743} INFO - Processing file /home/airflow/.local/lib/python3.7/site-packages/airflow/example_dags/tutorial_dag.py for tasks to queue
[2023-02-14T12:07:15.078+0000] {logging_mixin.py:137} INFO - [2023-02-14T12:07:15.077+0000] {dagbag.py:538} INFO - Filling up the DagBag from /home/airflow/.local/lib/python3.7/site-packages/airflow/example_dags/tutorial_dag.py
[2023-02-14T12:07:15.097+0000] {processor.py:753} INFO - DAG(s) dict_keys(['tutorial_dag']) retrieved from /home/airflow/.local/lib/python3.7/site-packages/airflow/example_dags/tutorial_dag.py
[2023-02-14T12:07:15.146+0000] {logging_mixin.py:137} INFO - [2023-02-14T12:07:15.146+0000] {dag.py:2676} INFO - Sync 1 DAGs
[2023-02-14T12:07:15.175+0000] {logging_mixin.py:137} INFO - [2023-02-14T12:07:15.175+0000] {dag.py:3427} INFO - Setting next_dagrun for tutorial_dag to None, run_after=None
[2023-02-14T12:07:15.199+0000] {processor.py:175} INFO - Processing /home/airflow/.local/lib/python3.7/site-packages/airflow/example_dags/tutorial_dag.py took 0.132 seconds
[2023-02-14T12:07:45.324+0000] {processor.py:153} INFO - Started process (PID=1174) to work on /home/airflow/.local/lib/python3.7/site-packages/airflow/example_dags/tutorial_dag.py
[2023-02-14T12:07:45.327+0000] {processor.py:743} INFO - Processing file /home/airflow/.local/lib/python3.7/site-packages/airflow/example_dags/tutorial_dag.py for tasks to queue
[2023-02-14T12:07:45.328+0000] {logging_mixin.py:137} INFO - [2023-02-14T12:07:45.328+0000] {dagbag.py:538} INFO - Filling up the DagBag from /home/airflow/.local/lib/python3.7/site-packages/airflow/example_dags/tutorial_dag.py
[2023-02-14T12:07:45.346+0000] {processor.py:753} INFO - DAG(s) dict_keys(['tutorial_dag']) retrieved from /home/airflow/.local/lib/python3.7/site-packages/airflow/example_dags/tutorial_dag.py
[2023-02-14T12:07:45.391+0000] {logging_mixin.py:137} INFO - [2023-02-14T12:07:45.391+0000] {dag.py:2676} INFO - Sync 1 DAGs
[2023-02-14T12:07:45.420+0000] {logging_mixin.py:137} INFO - [2023-02-14T12:07:45.420+0000] {dag.py:3427} INFO - Setting next_dagrun for tutorial_dag to None, run_after=None
[2023-02-14T12:07:45.445+0000] {processor.py:175} INFO - Processing /home/airflow/.local/lib/python3.7/site-packages/airflow/example_dags/tutorial_dag.py took 0.126 seconds
[2023-02-14T12:08:15.718+0000] {processor.py:153} INFO - Started process (PID=1245) to work on /home/airflow/.local/lib/python3.7/site-packages/airflow/example_dags/tutorial_dag.py
[2023-02-14T12:08:15.719+0000] {processor.py:743} INFO - Processing file /home/airflow/.local/lib/python3.7/site-packages/airflow/example_dags/tutorial_dag.py for tasks to queue
[2023-02-14T12:08:15.721+0000] {logging_mixin.py:137} INFO - [2023-02-14T12:08:15.721+0000] {dagbag.py:538} INFO - Filling up the DagBag from /home/airflow/.local/lib/python3.7/site-packages/airflow/example_dags/tutorial_dag.py
[2023-02-14T12:08:15.736+0000] {processor.py:753} INFO - DAG(s) dict_keys(['tutorial_dag']) retrieved from /home/airflow/.local/lib/python3.7/site-packages/airflow/example_dags/tutorial_dag.py
[2023-02-14T12:08:15.780+0000] {logging_mixin.py:137} INFO - [2023-02-14T12:08:15.780+0000] {dag.py:2676} INFO - Sync 1 DAGs
[2023-02-14T12:08:15.809+0000] {logging_mixin.py:137} INFO - [2023-02-14T12:08:15.809+0000] {dag.py:3427} INFO - Setting next_dagrun for tutorial_dag to None, run_after=None
[2023-02-14T12:08:15.832+0000] {processor.py:175} INFO - Processing /home/airflow/.local/lib/python3.7/site-packages/airflow/example_dags/tutorial_dag.py took 0.119 seconds
[2023-02-14T12:08:45.925+0000] {processor.py:153} INFO - Started process (PID=1332) to work on /home/airflow/.local/lib/python3.7/site-packages/airflow/example_dags/tutorial_dag.py
[2023-02-14T12:08:45.928+0000] {processor.py:743} INFO - Processing file /home/airflow/.local/lib/python3.7/site-packages/airflow/example_dags/tutorial_dag.py for tasks to queue
[2023-02-14T12:08:45.930+0000] {logging_mixin.py:137} INFO - [2023-02-14T12:08:45.930+0000] {dagbag.py:538} INFO - Filling up the DagBag from /home/airflow/.local/lib/python3.7/site-packages/airflow/example_dags/tutorial_dag.py
[2023-02-14T12:08:45.952+0000] {processor.py:753} INFO - DAG(s) dict_keys(['tutorial_dag']) retrieved from /home/airflow/.local/lib/python3.7/site-packages/airflow/example_dags/tutorial_dag.py
[2023-02-14T12:08:46.010+0000] {logging_mixin.py:137} INFO - [2023-02-14T12:08:46.010+0000] {dag.py:2676} INFO - Sync 1 DAGs
[2023-02-14T12:08:46.050+0000] {logging_mixin.py:137} INFO - [2023-02-14T12:08:46.050+0000] {dag.py:3427} INFO - Setting next_dagrun for tutorial_dag to None, run_after=None
[2023-02-14T12:08:46.082+0000] {processor.py:175} INFO - Processing /home/airflow/.local/lib/python3.7/site-packages/airflow/example_dags/tutorial_dag.py took 0.163 seconds
[2023-02-14T12:09:16.319+0000] {processor.py:153} INFO - Started process (PID=1403) to work on /home/airflow/.local/lib/python3.7/site-packages/airflow/example_dags/tutorial_dag.py
[2023-02-14T12:09:16.321+0000] {processor.py:743} INFO - Processing file /home/airflow/.local/lib/python3.7/site-packages/airflow/example_dags/tutorial_dag.py for tasks to queue
[2023-02-14T12:09:16.323+0000] {logging_mixin.py:137} INFO - [2023-02-14T12:09:16.323+0000] {dagbag.py:538} INFO - Filling up the DagBag from /home/airflow/.local/lib/python3.7/site-packages/airflow/example_dags/tutorial_dag.py
[2023-02-14T12:09:16.341+0000] {processor.py:753} INFO - DAG(s) dict_keys(['tutorial_dag']) retrieved from /home/airflow/.local/lib/python3.7/site-packages/airflow/example_dags/tutorial_dag.py
[2023-02-14T12:09:16.388+0000] {logging_mixin.py:137} INFO - [2023-02-14T12:09:16.388+0000] {dag.py:2676} INFO - Sync 1 DAGs
[2023-02-14T12:09:16.421+0000] {logging_mixin.py:137} INFO - [2023-02-14T12:09:16.421+0000] {dag.py:3427} INFO - Setting next_dagrun for tutorial_dag to None, run_after=None
[2023-02-14T12:09:16.445+0000] {processor.py:175} INFO - Processing /home/airflow/.local/lib/python3.7/site-packages/airflow/example_dags/tutorial_dag.py took 0.131 seconds
[2023-02-14T12:09:47.805+0000] {processor.py:153} INFO - Started process (PID=1490) to work on /home/airflow/.local/lib/python3.7/site-packages/airflow/example_dags/tutorial_dag.py
[2023-02-14T12:09:47.807+0000] {processor.py:743} INFO - Processing file /home/airflow/.local/lib/python3.7/site-packages/airflow/example_dags/tutorial_dag.py for tasks to queue
[2023-02-14T12:09:47.809+0000] {logging_mixin.py:137} INFO - [2023-02-14T12:09:47.809+0000] {dagbag.py:538} INFO - Filling up the DagBag from /home/airflow/.local/lib/python3.7/site-packages/airflow/example_dags/tutorial_dag.py
[2023-02-14T12:09:47.830+0000] {processor.py:753} INFO - DAG(s) dict_keys(['tutorial_dag']) retrieved from /home/airflow/.local/lib/python3.7/site-packages/airflow/example_dags/tutorial_dag.py
[2023-02-14T12:09:47.884+0000] {logging_mixin.py:137} INFO - [2023-02-14T12:09:47.884+0000] {dag.py:2676} INFO - Sync 1 DAGs
[2023-02-14T12:09:47.921+0000] {logging_mixin.py:137} INFO - [2023-02-14T12:09:47.921+0000] {dag.py:3427} INFO - Setting next_dagrun for tutorial_dag to None, run_after=None
[2023-02-14T12:09:47.948+0000] {processor.py:175} INFO - Processing /home/airflow/.local/lib/python3.7/site-packages/airflow/example_dags/tutorial_dag.py took 0.148 seconds
[2023-02-14T12:10:18.297+0000] {processor.py:153} INFO - Started process (PID=1561) to work on /home/airflow/.local/lib/python3.7/site-packages/airflow/example_dags/tutorial_dag.py
[2023-02-14T12:10:18.299+0000] {processor.py:743} INFO - Processing file /home/airflow/.local/lib/python3.7/site-packages/airflow/example_dags/tutorial_dag.py for tasks to queue
[2023-02-14T12:10:18.301+0000] {logging_mixin.py:137} INFO - [2023-02-14T12:10:18.301+0000] {dagbag.py:538} INFO - Filling up the DagBag from /home/airflow/.local/lib/python3.7/site-packages/airflow/example_dags/tutorial_dag.py
[2023-02-14T12:10:18.319+0000] {processor.py:753} INFO - DAG(s) dict_keys(['tutorial_dag']) retrieved from /home/airflow/.local/lib/python3.7/site-packages/airflow/example_dags/tutorial_dag.py
[2023-02-14T12:10:18.364+0000] {logging_mixin.py:137} INFO - [2023-02-14T12:10:18.364+0000] {dag.py:2676} INFO - Sync 1 DAGs
[2023-02-14T12:10:18.397+0000] {logging_mixin.py:137} INFO - [2023-02-14T12:10:18.397+0000] {dag.py:3427} INFO - Setting next_dagrun for tutorial_dag to None, run_after=None
[2023-02-14T12:10:18.423+0000] {processor.py:175} INFO - Processing /home/airflow/.local/lib/python3.7/site-packages/airflow/example_dags/tutorial_dag.py took 0.131 seconds
[2023-02-14T12:10:49.208+0000] {processor.py:153} INFO - Started process (PID=1648) to work on /home/airflow/.local/lib/python3.7/site-packages/airflow/example_dags/tutorial_dag.py
[2023-02-14T12:10:49.210+0000] {processor.py:743} INFO - Processing file /home/airflow/.local/lib/python3.7/site-packages/airflow/example_dags/tutorial_dag.py for tasks to queue
[2023-02-14T12:10:49.212+0000] {logging_mixin.py:137} INFO - [2023-02-14T12:10:49.212+0000] {dagbag.py:538} INFO - Filling up the DagBag from /home/airflow/.local/lib/python3.7/site-packages/airflow/example_dags/tutorial_dag.py
[2023-02-14T12:10:49.230+0000] {processor.py:753} INFO - DAG(s) dict_keys(['tutorial_dag']) retrieved from /home/airflow/.local/lib/python3.7/site-packages/airflow/example_dags/tutorial_dag.py
[2023-02-14T12:10:49.275+0000] {logging_mixin.py:137} INFO - [2023-02-14T12:10:49.275+0000] {dag.py:2676} INFO - Sync 1 DAGs
[2023-02-14T12:10:49.304+0000] {logging_mixin.py:137} INFO - [2023-02-14T12:10:49.303+0000] {dag.py:3427} INFO - Setting next_dagrun for tutorial_dag to None, run_after=None
[2023-02-14T12:10:49.327+0000] {processor.py:175} INFO - Processing /home/airflow/.local/lib/python3.7/site-packages/airflow/example_dags/tutorial_dag.py took 0.124 seconds
[2023-02-14T12:11:19.542+0000] {processor.py:153} INFO - Started process (PID=1719) to work on /home/airflow/.local/lib/python3.7/site-packages/airflow/example_dags/tutorial_dag.py
[2023-02-14T12:11:19.544+0000] {processor.py:743} INFO - Processing file /home/airflow/.local/lib/python3.7/site-packages/airflow/example_dags/tutorial_dag.py for tasks to queue
[2023-02-14T12:11:19.546+0000] {logging_mixin.py:137} INFO - [2023-02-14T12:11:19.546+0000] {dagbag.py:538} INFO - Filling up the DagBag from /home/airflow/.local/lib/python3.7/site-packages/airflow/example_dags/tutorial_dag.py
[2023-02-14T12:11:19.573+0000] {processor.py:753} INFO - DAG(s) dict_keys(['tutorial_dag']) retrieved from /home/airflow/.local/lib/python3.7/site-packages/airflow/example_dags/tutorial_dag.py
[2023-02-14T12:11:19.640+0000] {logging_mixin.py:137} INFO - [2023-02-14T12:11:19.640+0000] {dag.py:2676} INFO - Sync 1 DAGs
[2023-02-14T12:11:19.691+0000] {logging_mixin.py:137} INFO - [2023-02-14T12:11:19.691+0000] {dag.py:3427} INFO - Setting next_dagrun for tutorial_dag to None, run_after=None
[2023-02-14T12:11:19.720+0000] {processor.py:175} INFO - Processing /home/airflow/.local/lib/python3.7/site-packages/airflow/example_dags/tutorial_dag.py took 0.184 seconds
