[2023-02-19T16:52:55.139+0000] {processor.py:153} INFO - Started process (PID=72) to work on /home/airflow/.local/lib/python3.7/site-packages/airflow/example_dags/example_local_kubernetes_executor.py
[2023-02-19T16:52:55.141+0000] {processor.py:743} INFO - Processing file /home/airflow/.local/lib/python3.7/site-packages/airflow/example_dags/example_local_kubernetes_executor.py for tasks to queue
[2023-02-19T16:52:55.143+0000] {logging_mixin.py:137} INFO - [2023-02-19T16:52:55.142+0000] {dagbag.py:538} INFO - Filling up the DagBag from /home/airflow/.local/lib/python3.7/site-packages/airflow/example_dags/example_local_kubernetes_executor.py
[2023-02-19T16:52:55.190+0000] {processor.py:753} INFO - DAG(s) dict_keys(['example_local_kubernetes_executor']) retrieved from /home/airflow/.local/lib/python3.7/site-packages/airflow/example_dags/example_local_kubernetes_executor.py
[2023-02-19T16:52:55.244+0000] {logging_mixin.py:137} INFO - [2023-02-19T16:52:55.244+0000] {dag.py:2676} INFO - Sync 1 DAGs
[2023-02-19T16:52:55.284+0000] {logging_mixin.py:137} INFO - [2023-02-19T16:52:55.284+0000] {dag.py:3427} INFO - Setting next_dagrun for example_local_kubernetes_executor to None, run_after=None
[2023-02-19T16:52:55.309+0000] {processor.py:175} INFO - Processing /home/airflow/.local/lib/python3.7/site-packages/airflow/example_dags/example_local_kubernetes_executor.py took 0.175 seconds
[2023-02-19T16:53:25.972+0000] {processor.py:153} INFO - Started process (PID=163) to work on /home/airflow/.local/lib/python3.7/site-packages/airflow/example_dags/example_local_kubernetes_executor.py
[2023-02-19T16:53:25.975+0000] {processor.py:743} INFO - Processing file /home/airflow/.local/lib/python3.7/site-packages/airflow/example_dags/example_local_kubernetes_executor.py for tasks to queue
[2023-02-19T16:53:25.978+0000] {logging_mixin.py:137} INFO - [2023-02-19T16:53:25.977+0000] {dagbag.py:538} INFO - Filling up the DagBag from /home/airflow/.local/lib/python3.7/site-packages/airflow/example_dags/example_local_kubernetes_executor.py
[2023-02-19T16:53:26.021+0000] {processor.py:753} INFO - DAG(s) dict_keys(['example_local_kubernetes_executor']) retrieved from /home/airflow/.local/lib/python3.7/site-packages/airflow/example_dags/example_local_kubernetes_executor.py
[2023-02-19T16:53:26.086+0000] {logging_mixin.py:137} INFO - [2023-02-19T16:53:26.086+0000] {dag.py:2676} INFO - Sync 1 DAGs
[2023-02-19T16:53:26.135+0000] {logging_mixin.py:137} INFO - [2023-02-19T16:53:26.135+0000] {dag.py:3427} INFO - Setting next_dagrun for example_local_kubernetes_executor to None, run_after=None
[2023-02-19T16:53:26.165+0000] {processor.py:175} INFO - Processing /home/airflow/.local/lib/python3.7/site-packages/airflow/example_dags/example_local_kubernetes_executor.py took 0.197 seconds
[2023-02-19T16:53:57.095+0000] {processor.py:153} INFO - Started process (PID=252) to work on /home/airflow/.local/lib/python3.7/site-packages/airflow/example_dags/example_local_kubernetes_executor.py
[2023-02-19T16:53:57.097+0000] {processor.py:743} INFO - Processing file /home/airflow/.local/lib/python3.7/site-packages/airflow/example_dags/example_local_kubernetes_executor.py for tasks to queue
[2023-02-19T16:53:57.098+0000] {logging_mixin.py:137} INFO - [2023-02-19T16:53:57.098+0000] {dagbag.py:538} INFO - Filling up the DagBag from /home/airflow/.local/lib/python3.7/site-packages/airflow/example_dags/example_local_kubernetes_executor.py
[2023-02-19T16:53:57.128+0000] {processor.py:753} INFO - DAG(s) dict_keys(['example_local_kubernetes_executor']) retrieved from /home/airflow/.local/lib/python3.7/site-packages/airflow/example_dags/example_local_kubernetes_executor.py
[2023-02-19T16:53:57.172+0000] {logging_mixin.py:137} INFO - [2023-02-19T16:53:57.172+0000] {dag.py:2676} INFO - Sync 1 DAGs
[2023-02-19T16:53:57.200+0000] {logging_mixin.py:137} INFO - [2023-02-19T16:53:57.200+0000] {dag.py:3427} INFO - Setting next_dagrun for example_local_kubernetes_executor to None, run_after=None
[2023-02-19T16:53:57.220+0000] {processor.py:175} INFO - Processing /home/airflow/.local/lib/python3.7/site-packages/airflow/example_dags/example_local_kubernetes_executor.py took 0.129 seconds
[2023-02-19T16:54:28.579+0000] {processor.py:153} INFO - Started process (PID=343) to work on /home/airflow/.local/lib/python3.7/site-packages/airflow/example_dags/example_local_kubernetes_executor.py
[2023-02-19T16:54:28.585+0000] {processor.py:743} INFO - Processing file /home/airflow/.local/lib/python3.7/site-packages/airflow/example_dags/example_local_kubernetes_executor.py for tasks to queue
[2023-02-19T16:54:28.591+0000] {logging_mixin.py:137} INFO - [2023-02-19T16:54:28.590+0000] {dagbag.py:538} INFO - Filling up the DagBag from /home/airflow/.local/lib/python3.7/site-packages/airflow/example_dags/example_local_kubernetes_executor.py
[2023-02-19T16:54:28.671+0000] {processor.py:753} INFO - DAG(s) dict_keys(['example_local_kubernetes_executor']) retrieved from /home/airflow/.local/lib/python3.7/site-packages/airflow/example_dags/example_local_kubernetes_executor.py
[2023-02-19T16:54:28.768+0000] {logging_mixin.py:137} INFO - [2023-02-19T16:54:28.768+0000] {dag.py:2676} INFO - Sync 1 DAGs
[2023-02-19T16:54:28.822+0000] {logging_mixin.py:137} INFO - [2023-02-19T16:54:28.822+0000] {dag.py:3427} INFO - Setting next_dagrun for example_local_kubernetes_executor to None, run_after=None
[2023-02-19T16:54:28.855+0000] {processor.py:175} INFO - Processing /home/airflow/.local/lib/python3.7/site-packages/airflow/example_dags/example_local_kubernetes_executor.py took 0.284 seconds
[2023-02-19T16:54:59.737+0000] {processor.py:153} INFO - Started process (PID=432) to work on /home/airflow/.local/lib/python3.7/site-packages/airflow/example_dags/example_local_kubernetes_executor.py
[2023-02-19T16:54:59.741+0000] {processor.py:743} INFO - Processing file /home/airflow/.local/lib/python3.7/site-packages/airflow/example_dags/example_local_kubernetes_executor.py for tasks to queue
[2023-02-19T16:54:59.745+0000] {logging_mixin.py:137} INFO - [2023-02-19T16:54:59.744+0000] {dagbag.py:538} INFO - Filling up the DagBag from /home/airflow/.local/lib/python3.7/site-packages/airflow/example_dags/example_local_kubernetes_executor.py
[2023-02-19T16:54:59.793+0000] {processor.py:753} INFO - DAG(s) dict_keys(['example_local_kubernetes_executor']) retrieved from /home/airflow/.local/lib/python3.7/site-packages/airflow/example_dags/example_local_kubernetes_executor.py
[2023-02-19T16:54:59.861+0000] {logging_mixin.py:137} INFO - [2023-02-19T16:54:59.861+0000] {dag.py:2676} INFO - Sync 1 DAGs
[2023-02-19T16:54:59.899+0000] {logging_mixin.py:137} INFO - [2023-02-19T16:54:59.899+0000] {dag.py:3427} INFO - Setting next_dagrun for example_local_kubernetes_executor to None, run_after=None
[2023-02-19T16:54:59.933+0000] {processor.py:175} INFO - Processing /home/airflow/.local/lib/python3.7/site-packages/airflow/example_dags/example_local_kubernetes_executor.py took 0.201 seconds
[2023-02-19T16:55:31.494+0000] {processor.py:153} INFO - Started process (PID=530) to work on /home/airflow/.local/lib/python3.7/site-packages/airflow/example_dags/example_local_kubernetes_executor.py
[2023-02-19T16:55:31.496+0000] {processor.py:743} INFO - Processing file /home/airflow/.local/lib/python3.7/site-packages/airflow/example_dags/example_local_kubernetes_executor.py for tasks to queue
[2023-02-19T16:55:31.497+0000] {logging_mixin.py:137} INFO - [2023-02-19T16:55:31.497+0000] {dagbag.py:538} INFO - Filling up the DagBag from /home/airflow/.local/lib/python3.7/site-packages/airflow/example_dags/example_local_kubernetes_executor.py
[2023-02-19T16:55:31.525+0000] {processor.py:753} INFO - DAG(s) dict_keys(['example_local_kubernetes_executor']) retrieved from /home/airflow/.local/lib/python3.7/site-packages/airflow/example_dags/example_local_kubernetes_executor.py
[2023-02-19T16:55:31.568+0000] {logging_mixin.py:137} INFO - [2023-02-19T16:55:31.568+0000] {dag.py:2676} INFO - Sync 1 DAGs
[2023-02-19T16:55:31.599+0000] {logging_mixin.py:137} INFO - [2023-02-19T16:55:31.599+0000] {dag.py:3427} INFO - Setting next_dagrun for example_local_kubernetes_executor to None, run_after=None
[2023-02-19T16:55:31.626+0000] {processor.py:175} INFO - Processing /home/airflow/.local/lib/python3.7/site-packages/airflow/example_dags/example_local_kubernetes_executor.py took 0.137 seconds
[2023-02-19T16:56:03.100+0000] {processor.py:153} INFO - Started process (PID=612) to work on /home/airflow/.local/lib/python3.7/site-packages/airflow/example_dags/example_local_kubernetes_executor.py
[2023-02-19T16:56:03.103+0000] {processor.py:743} INFO - Processing file /home/airflow/.local/lib/python3.7/site-packages/airflow/example_dags/example_local_kubernetes_executor.py for tasks to queue
[2023-02-19T16:56:03.105+0000] {logging_mixin.py:137} INFO - [2023-02-19T16:56:03.104+0000] {dagbag.py:538} INFO - Filling up the DagBag from /home/airflow/.local/lib/python3.7/site-packages/airflow/example_dags/example_local_kubernetes_executor.py
[2023-02-19T16:56:03.137+0000] {processor.py:753} INFO - DAG(s) dict_keys(['example_local_kubernetes_executor']) retrieved from /home/airflow/.local/lib/python3.7/site-packages/airflow/example_dags/example_local_kubernetes_executor.py
[2023-02-19T16:56:03.185+0000] {logging_mixin.py:137} INFO - [2023-02-19T16:56:03.185+0000] {dag.py:2676} INFO - Sync 1 DAGs
[2023-02-19T16:56:03.213+0000] {logging_mixin.py:137} INFO - [2023-02-19T16:56:03.213+0000] {dag.py:3427} INFO - Setting next_dagrun for example_local_kubernetes_executor to None, run_after=None
[2023-02-19T16:56:03.236+0000] {processor.py:175} INFO - Processing /home/airflow/.local/lib/python3.7/site-packages/airflow/example_dags/example_local_kubernetes_executor.py took 0.140 seconds
[2023-02-19T16:56:34.253+0000] {processor.py:153} INFO - Started process (PID=710) to work on /home/airflow/.local/lib/python3.7/site-packages/airflow/example_dags/example_local_kubernetes_executor.py
[2023-02-19T16:56:34.256+0000] {processor.py:743} INFO - Processing file /home/airflow/.local/lib/python3.7/site-packages/airflow/example_dags/example_local_kubernetes_executor.py for tasks to queue
[2023-02-19T16:56:34.258+0000] {logging_mixin.py:137} INFO - [2023-02-19T16:56:34.258+0000] {dagbag.py:538} INFO - Filling up the DagBag from /home/airflow/.local/lib/python3.7/site-packages/airflow/example_dags/example_local_kubernetes_executor.py
[2023-02-19T16:56:34.292+0000] {processor.py:753} INFO - DAG(s) dict_keys(['example_local_kubernetes_executor']) retrieved from /home/airflow/.local/lib/python3.7/site-packages/airflow/example_dags/example_local_kubernetes_executor.py
[2023-02-19T16:56:34.349+0000] {logging_mixin.py:137} INFO - [2023-02-19T16:56:34.348+0000] {dag.py:2676} INFO - Sync 1 DAGs
[2023-02-19T16:56:34.383+0000] {logging_mixin.py:137} INFO - [2023-02-19T16:56:34.383+0000] {dag.py:3427} INFO - Setting next_dagrun for example_local_kubernetes_executor to None, run_after=None
[2023-02-19T16:56:34.408+0000] {processor.py:175} INFO - Processing /home/airflow/.local/lib/python3.7/site-packages/airflow/example_dags/example_local_kubernetes_executor.py took 0.160 seconds
[2023-02-19T16:57:05.296+0000] {processor.py:153} INFO - Started process (PID=792) to work on /home/airflow/.local/lib/python3.7/site-packages/airflow/example_dags/example_local_kubernetes_executor.py
[2023-02-19T16:57:05.298+0000] {processor.py:743} INFO - Processing file /home/airflow/.local/lib/python3.7/site-packages/airflow/example_dags/example_local_kubernetes_executor.py for tasks to queue
[2023-02-19T16:57:05.301+0000] {logging_mixin.py:137} INFO - [2023-02-19T16:57:05.300+0000] {dagbag.py:538} INFO - Filling up the DagBag from /home/airflow/.local/lib/python3.7/site-packages/airflow/example_dags/example_local_kubernetes_executor.py
[2023-02-19T16:57:05.327+0000] {processor.py:753} INFO - DAG(s) dict_keys(['example_local_kubernetes_executor']) retrieved from /home/airflow/.local/lib/python3.7/site-packages/airflow/example_dags/example_local_kubernetes_executor.py
[2023-02-19T16:57:05.370+0000] {logging_mixin.py:137} INFO - [2023-02-19T16:57:05.370+0000] {dag.py:2676} INFO - Sync 1 DAGs
[2023-02-19T16:57:05.405+0000] {logging_mixin.py:137} INFO - [2023-02-19T16:57:05.405+0000] {dag.py:3427} INFO - Setting next_dagrun for example_local_kubernetes_executor to None, run_after=None
[2023-02-19T16:57:05.428+0000] {processor.py:175} INFO - Processing /home/airflow/.local/lib/python3.7/site-packages/airflow/example_dags/example_local_kubernetes_executor.py took 0.136 seconds
[2023-02-19T16:57:36.968+0000] {processor.py:153} INFO - Started process (PID=890) to work on /home/airflow/.local/lib/python3.7/site-packages/airflow/example_dags/example_local_kubernetes_executor.py
[2023-02-19T16:57:36.970+0000] {processor.py:743} INFO - Processing file /home/airflow/.local/lib/python3.7/site-packages/airflow/example_dags/example_local_kubernetes_executor.py for tasks to queue
[2023-02-19T16:57:36.971+0000] {logging_mixin.py:137} INFO - [2023-02-19T16:57:36.971+0000] {dagbag.py:538} INFO - Filling up the DagBag from /home/airflow/.local/lib/python3.7/site-packages/airflow/example_dags/example_local_kubernetes_executor.py
[2023-02-19T16:57:37.007+0000] {processor.py:753} INFO - DAG(s) dict_keys(['example_local_kubernetes_executor']) retrieved from /home/airflow/.local/lib/python3.7/site-packages/airflow/example_dags/example_local_kubernetes_executor.py
[2023-02-19T16:57:37.065+0000] {logging_mixin.py:137} INFO - [2023-02-19T16:57:37.065+0000] {dag.py:2676} INFO - Sync 1 DAGs
[2023-02-19T16:57:37.109+0000] {logging_mixin.py:137} INFO - [2023-02-19T16:57:37.109+0000] {dag.py:3427} INFO - Setting next_dagrun for example_local_kubernetes_executor to None, run_after=None
[2023-02-19T16:57:37.135+0000] {processor.py:175} INFO - Processing /home/airflow/.local/lib/python3.7/site-packages/airflow/example_dags/example_local_kubernetes_executor.py took 0.173 seconds
[2023-02-19T16:58:08.274+0000] {processor.py:153} INFO - Started process (PID=972) to work on /home/airflow/.local/lib/python3.7/site-packages/airflow/example_dags/example_local_kubernetes_executor.py
[2023-02-19T16:58:08.276+0000] {processor.py:743} INFO - Processing file /home/airflow/.local/lib/python3.7/site-packages/airflow/example_dags/example_local_kubernetes_executor.py for tasks to queue
[2023-02-19T16:58:08.278+0000] {logging_mixin.py:137} INFO - [2023-02-19T16:58:08.278+0000] {dagbag.py:538} INFO - Filling up the DagBag from /home/airflow/.local/lib/python3.7/site-packages/airflow/example_dags/example_local_kubernetes_executor.py
[2023-02-19T16:58:08.307+0000] {processor.py:753} INFO - DAG(s) dict_keys(['example_local_kubernetes_executor']) retrieved from /home/airflow/.local/lib/python3.7/site-packages/airflow/example_dags/example_local_kubernetes_executor.py
[2023-02-19T16:58:08.350+0000] {logging_mixin.py:137} INFO - [2023-02-19T16:58:08.350+0000] {dag.py:2676} INFO - Sync 1 DAGs
[2023-02-19T16:58:08.378+0000] {logging_mixin.py:137} INFO - [2023-02-19T16:58:08.378+0000] {dag.py:3427} INFO - Setting next_dagrun for example_local_kubernetes_executor to None, run_after=None
[2023-02-19T16:58:08.400+0000] {processor.py:175} INFO - Processing /home/airflow/.local/lib/python3.7/site-packages/airflow/example_dags/example_local_kubernetes_executor.py took 0.131 seconds
[2023-02-19T16:58:39.804+0000] {processor.py:153} INFO - Started process (PID=1070) to work on /home/airflow/.local/lib/python3.7/site-packages/airflow/example_dags/example_local_kubernetes_executor.py
[2023-02-19T16:58:39.806+0000] {processor.py:743} INFO - Processing file /home/airflow/.local/lib/python3.7/site-packages/airflow/example_dags/example_local_kubernetes_executor.py for tasks to queue
[2023-02-19T16:58:39.809+0000] {logging_mixin.py:137} INFO - [2023-02-19T16:58:39.808+0000] {dagbag.py:538} INFO - Filling up the DagBag from /home/airflow/.local/lib/python3.7/site-packages/airflow/example_dags/example_local_kubernetes_executor.py
[2023-02-19T16:58:39.841+0000] {processor.py:753} INFO - DAG(s) dict_keys(['example_local_kubernetes_executor']) retrieved from /home/airflow/.local/lib/python3.7/site-packages/airflow/example_dags/example_local_kubernetes_executor.py
[2023-02-19T16:58:39.888+0000] {logging_mixin.py:137} INFO - [2023-02-19T16:58:39.888+0000] {dag.py:2676} INFO - Sync 1 DAGs
[2023-02-19T16:58:39.919+0000] {logging_mixin.py:137} INFO - [2023-02-19T16:58:39.919+0000] {dag.py:3427} INFO - Setting next_dagrun for example_local_kubernetes_executor to None, run_after=None
[2023-02-19T16:58:39.939+0000] {processor.py:175} INFO - Processing /home/airflow/.local/lib/python3.7/site-packages/airflow/example_dags/example_local_kubernetes_executor.py took 0.140 seconds
[2023-02-19T16:59:10.995+0000] {processor.py:153} INFO - Started process (PID=1152) to work on /home/airflow/.local/lib/python3.7/site-packages/airflow/example_dags/example_local_kubernetes_executor.py
[2023-02-19T16:59:10.998+0000] {processor.py:743} INFO - Processing file /home/airflow/.local/lib/python3.7/site-packages/airflow/example_dags/example_local_kubernetes_executor.py for tasks to queue
[2023-02-19T16:59:10.999+0000] {logging_mixin.py:137} INFO - [2023-02-19T16:59:10.999+0000] {dagbag.py:538} INFO - Filling up the DagBag from /home/airflow/.local/lib/python3.7/site-packages/airflow/example_dags/example_local_kubernetes_executor.py
[2023-02-19T16:59:11.026+0000] {processor.py:753} INFO - DAG(s) dict_keys(['example_local_kubernetes_executor']) retrieved from /home/airflow/.local/lib/python3.7/site-packages/airflow/example_dags/example_local_kubernetes_executor.py
[2023-02-19T16:59:11.070+0000] {logging_mixin.py:137} INFO - [2023-02-19T16:59:11.070+0000] {dag.py:2676} INFO - Sync 1 DAGs
[2023-02-19T16:59:11.096+0000] {logging_mixin.py:137} INFO - [2023-02-19T16:59:11.096+0000] {dag.py:3427} INFO - Setting next_dagrun for example_local_kubernetes_executor to None, run_after=None
[2023-02-19T16:59:11.123+0000] {processor.py:175} INFO - Processing /home/airflow/.local/lib/python3.7/site-packages/airflow/example_dags/example_local_kubernetes_executor.py took 0.132 seconds
[2023-02-19T16:59:42.059+0000] {processor.py:153} INFO - Started process (PID=1250) to work on /home/airflow/.local/lib/python3.7/site-packages/airflow/example_dags/example_local_kubernetes_executor.py
[2023-02-19T16:59:42.062+0000] {processor.py:743} INFO - Processing file /home/airflow/.local/lib/python3.7/site-packages/airflow/example_dags/example_local_kubernetes_executor.py for tasks to queue
[2023-02-19T16:59:42.065+0000] {logging_mixin.py:137} INFO - [2023-02-19T16:59:42.064+0000] {dagbag.py:538} INFO - Filling up the DagBag from /home/airflow/.local/lib/python3.7/site-packages/airflow/example_dags/example_local_kubernetes_executor.py
[2023-02-19T16:59:42.094+0000] {processor.py:753} INFO - DAG(s) dict_keys(['example_local_kubernetes_executor']) retrieved from /home/airflow/.local/lib/python3.7/site-packages/airflow/example_dags/example_local_kubernetes_executor.py
[2023-02-19T16:59:42.147+0000] {logging_mixin.py:137} INFO - [2023-02-19T16:59:42.147+0000] {dag.py:2676} INFO - Sync 1 DAGs
[2023-02-19T16:59:42.178+0000] {logging_mixin.py:137} INFO - [2023-02-19T16:59:42.178+0000] {dag.py:3427} INFO - Setting next_dagrun for example_local_kubernetes_executor to None, run_after=None
[2023-02-19T16:59:42.203+0000] {processor.py:175} INFO - Processing /home/airflow/.local/lib/python3.7/site-packages/airflow/example_dags/example_local_kubernetes_executor.py took 0.148 seconds
[2023-02-19T17:00:13.821+0000] {processor.py:153} INFO - Started process (PID=1332) to work on /home/airflow/.local/lib/python3.7/site-packages/airflow/example_dags/example_local_kubernetes_executor.py
[2023-02-19T17:00:13.824+0000] {processor.py:743} INFO - Processing file /home/airflow/.local/lib/python3.7/site-packages/airflow/example_dags/example_local_kubernetes_executor.py for tasks to queue
[2023-02-19T17:00:13.826+0000] {logging_mixin.py:137} INFO - [2023-02-19T17:00:13.826+0000] {dagbag.py:538} INFO - Filling up the DagBag from /home/airflow/.local/lib/python3.7/site-packages/airflow/example_dags/example_local_kubernetes_executor.py
[2023-02-19T17:00:13.864+0000] {processor.py:753} INFO - DAG(s) dict_keys(['example_local_kubernetes_executor']) retrieved from /home/airflow/.local/lib/python3.7/site-packages/airflow/example_dags/example_local_kubernetes_executor.py
[2023-02-19T17:00:13.920+0000] {logging_mixin.py:137} INFO - [2023-02-19T17:00:13.920+0000] {dag.py:2676} INFO - Sync 1 DAGs
[2023-02-19T17:00:13.958+0000] {logging_mixin.py:137} INFO - [2023-02-19T17:00:13.958+0000] {dag.py:3427} INFO - Setting next_dagrun for example_local_kubernetes_executor to None, run_after=None
[2023-02-19T17:00:13.989+0000] {processor.py:175} INFO - Processing /home/airflow/.local/lib/python3.7/site-packages/airflow/example_dags/example_local_kubernetes_executor.py took 0.173 seconds
[2023-02-19T17:00:45.017+0000] {processor.py:153} INFO - Started process (PID=1431) to work on /home/airflow/.local/lib/python3.7/site-packages/airflow/example_dags/example_local_kubernetes_executor.py
[2023-02-19T17:00:45.020+0000] {processor.py:743} INFO - Processing file /home/airflow/.local/lib/python3.7/site-packages/airflow/example_dags/example_local_kubernetes_executor.py for tasks to queue
[2023-02-19T17:00:45.022+0000] {logging_mixin.py:137} INFO - [2023-02-19T17:00:45.022+0000] {dagbag.py:538} INFO - Filling up the DagBag from /home/airflow/.local/lib/python3.7/site-packages/airflow/example_dags/example_local_kubernetes_executor.py
[2023-02-19T17:00:45.053+0000] {processor.py:753} INFO - DAG(s) dict_keys(['example_local_kubernetes_executor']) retrieved from /home/airflow/.local/lib/python3.7/site-packages/airflow/example_dags/example_local_kubernetes_executor.py
[2023-02-19T17:00:45.113+0000] {logging_mixin.py:137} INFO - [2023-02-19T17:00:45.113+0000] {dag.py:2676} INFO - Sync 1 DAGs
[2023-02-19T17:00:45.150+0000] {logging_mixin.py:137} INFO - [2023-02-19T17:00:45.150+0000] {dag.py:3427} INFO - Setting next_dagrun for example_local_kubernetes_executor to None, run_after=None
[2023-02-19T17:00:45.171+0000] {processor.py:175} INFO - Processing /home/airflow/.local/lib/python3.7/site-packages/airflow/example_dags/example_local_kubernetes_executor.py took 0.159 seconds
[2023-02-19T17:01:16.924+0000] {processor.py:153} INFO - Started process (PID=1513) to work on /home/airflow/.local/lib/python3.7/site-packages/airflow/example_dags/example_local_kubernetes_executor.py
[2023-02-19T17:01:16.927+0000] {processor.py:743} INFO - Processing file /home/airflow/.local/lib/python3.7/site-packages/airflow/example_dags/example_local_kubernetes_executor.py for tasks to queue
[2023-02-19T17:01:16.928+0000] {logging_mixin.py:137} INFO - [2023-02-19T17:01:16.928+0000] {dagbag.py:538} INFO - Filling up the DagBag from /home/airflow/.local/lib/python3.7/site-packages/airflow/example_dags/example_local_kubernetes_executor.py
[2023-02-19T17:01:16.958+0000] {processor.py:753} INFO - DAG(s) dict_keys(['example_local_kubernetes_executor']) retrieved from /home/airflow/.local/lib/python3.7/site-packages/airflow/example_dags/example_local_kubernetes_executor.py
[2023-02-19T17:01:17.002+0000] {logging_mixin.py:137} INFO - [2023-02-19T17:01:17.001+0000] {dag.py:2676} INFO - Sync 1 DAGs
[2023-02-19T17:01:17.029+0000] {logging_mixin.py:137} INFO - [2023-02-19T17:01:17.029+0000] {dag.py:3427} INFO - Setting next_dagrun for example_local_kubernetes_executor to None, run_after=None
[2023-02-19T17:01:17.049+0000] {processor.py:175} INFO - Processing /home/airflow/.local/lib/python3.7/site-packages/airflow/example_dags/example_local_kubernetes_executor.py took 0.129 seconds
[2023-02-19T17:01:48.006+0000] {processor.py:153} INFO - Started process (PID=1611) to work on /home/airflow/.local/lib/python3.7/site-packages/airflow/example_dags/example_local_kubernetes_executor.py
[2023-02-19T17:01:48.009+0000] {processor.py:743} INFO - Processing file /home/airflow/.local/lib/python3.7/site-packages/airflow/example_dags/example_local_kubernetes_executor.py for tasks to queue
[2023-02-19T17:01:48.010+0000] {logging_mixin.py:137} INFO - [2023-02-19T17:01:48.010+0000] {dagbag.py:538} INFO - Filling up the DagBag from /home/airflow/.local/lib/python3.7/site-packages/airflow/example_dags/example_local_kubernetes_executor.py
[2023-02-19T17:01:48.037+0000] {processor.py:753} INFO - DAG(s) dict_keys(['example_local_kubernetes_executor']) retrieved from /home/airflow/.local/lib/python3.7/site-packages/airflow/example_dags/example_local_kubernetes_executor.py
[2023-02-19T17:01:48.083+0000] {logging_mixin.py:137} INFO - [2023-02-19T17:01:48.083+0000] {dag.py:2676} INFO - Sync 1 DAGs
[2023-02-19T17:01:48.110+0000] {logging_mixin.py:137} INFO - [2023-02-19T17:01:48.110+0000] {dag.py:3427} INFO - Setting next_dagrun for example_local_kubernetes_executor to None, run_after=None
[2023-02-19T17:01:48.132+0000] {processor.py:175} INFO - Processing /home/airflow/.local/lib/python3.7/site-packages/airflow/example_dags/example_local_kubernetes_executor.py took 0.130 seconds
[2023-02-19T17:02:19.060+0000] {processor.py:153} INFO - Started process (PID=1702) to work on /home/airflow/.local/lib/python3.7/site-packages/airflow/example_dags/example_local_kubernetes_executor.py
[2023-02-19T17:02:19.063+0000] {processor.py:743} INFO - Processing file /home/airflow/.local/lib/python3.7/site-packages/airflow/example_dags/example_local_kubernetes_executor.py for tasks to queue
[2023-02-19T17:02:19.065+0000] {logging_mixin.py:137} INFO - [2023-02-19T17:02:19.065+0000] {dagbag.py:538} INFO - Filling up the DagBag from /home/airflow/.local/lib/python3.7/site-packages/airflow/example_dags/example_local_kubernetes_executor.py
[2023-02-19T17:02:19.092+0000] {processor.py:753} INFO - DAG(s) dict_keys(['example_local_kubernetes_executor']) retrieved from /home/airflow/.local/lib/python3.7/site-packages/airflow/example_dags/example_local_kubernetes_executor.py
[2023-02-19T17:02:19.135+0000] {logging_mixin.py:137} INFO - [2023-02-19T17:02:19.135+0000] {dag.py:2676} INFO - Sync 1 DAGs
[2023-02-19T17:02:19.163+0000] {logging_mixin.py:137} INFO - [2023-02-19T17:02:19.163+0000] {dag.py:3427} INFO - Setting next_dagrun for example_local_kubernetes_executor to None, run_after=None
[2023-02-19T17:02:19.190+0000] {processor.py:175} INFO - Processing /home/airflow/.local/lib/python3.7/site-packages/airflow/example_dags/example_local_kubernetes_executor.py took 0.134 seconds
[2023-02-19T17:02:50.419+0000] {processor.py:153} INFO - Started process (PID=1791) to work on /home/airflow/.local/lib/python3.7/site-packages/airflow/example_dags/example_local_kubernetes_executor.py
[2023-02-19T17:02:50.421+0000] {processor.py:743} INFO - Processing file /home/airflow/.local/lib/python3.7/site-packages/airflow/example_dags/example_local_kubernetes_executor.py for tasks to queue
[2023-02-19T17:02:50.422+0000] {logging_mixin.py:137} INFO - [2023-02-19T17:02:50.422+0000] {dagbag.py:538} INFO - Filling up the DagBag from /home/airflow/.local/lib/python3.7/site-packages/airflow/example_dags/example_local_kubernetes_executor.py
[2023-02-19T17:02:50.449+0000] {processor.py:753} INFO - DAG(s) dict_keys(['example_local_kubernetes_executor']) retrieved from /home/airflow/.local/lib/python3.7/site-packages/airflow/example_dags/example_local_kubernetes_executor.py
[2023-02-19T17:02:50.495+0000] {logging_mixin.py:137} INFO - [2023-02-19T17:02:50.494+0000] {dag.py:2676} INFO - Sync 1 DAGs
[2023-02-19T17:02:50.524+0000] {logging_mixin.py:137} INFO - [2023-02-19T17:02:50.523+0000] {dag.py:3427} INFO - Setting next_dagrun for example_local_kubernetes_executor to None, run_after=None
[2023-02-19T17:02:50.543+0000] {processor.py:175} INFO - Processing /home/airflow/.local/lib/python3.7/site-packages/airflow/example_dags/example_local_kubernetes_executor.py took 0.128 seconds
[2023-02-19T17:03:21.954+0000] {processor.py:153} INFO - Started process (PID=1889) to work on /home/airflow/.local/lib/python3.7/site-packages/airflow/example_dags/example_local_kubernetes_executor.py
[2023-02-19T17:03:21.957+0000] {processor.py:743} INFO - Processing file /home/airflow/.local/lib/python3.7/site-packages/airflow/example_dags/example_local_kubernetes_executor.py for tasks to queue
[2023-02-19T17:03:21.959+0000] {logging_mixin.py:137} INFO - [2023-02-19T17:03:21.959+0000] {dagbag.py:538} INFO - Filling up the DagBag from /home/airflow/.local/lib/python3.7/site-packages/airflow/example_dags/example_local_kubernetes_executor.py
[2023-02-19T17:03:21.989+0000] {processor.py:753} INFO - DAG(s) dict_keys(['example_local_kubernetes_executor']) retrieved from /home/airflow/.local/lib/python3.7/site-packages/airflow/example_dags/example_local_kubernetes_executor.py
[2023-02-19T17:03:22.045+0000] {logging_mixin.py:137} INFO - [2023-02-19T17:03:22.044+0000] {dag.py:2676} INFO - Sync 1 DAGs
[2023-02-19T17:03:22.083+0000] {logging_mixin.py:137} INFO - [2023-02-19T17:03:22.083+0000] {dag.py:3427} INFO - Setting next_dagrun for example_local_kubernetes_executor to None, run_after=None
[2023-02-19T17:03:22.109+0000] {processor.py:175} INFO - Processing /home/airflow/.local/lib/python3.7/site-packages/airflow/example_dags/example_local_kubernetes_executor.py took 0.160 seconds
[2023-02-19T17:03:53.374+0000] {processor.py:153} INFO - Started process (PID=1971) to work on /home/airflow/.local/lib/python3.7/site-packages/airflow/example_dags/example_local_kubernetes_executor.py
[2023-02-19T17:03:53.377+0000] {processor.py:743} INFO - Processing file /home/airflow/.local/lib/python3.7/site-packages/airflow/example_dags/example_local_kubernetes_executor.py for tasks to queue
[2023-02-19T17:03:53.379+0000] {logging_mixin.py:137} INFO - [2023-02-19T17:03:53.378+0000] {dagbag.py:538} INFO - Filling up the DagBag from /home/airflow/.local/lib/python3.7/site-packages/airflow/example_dags/example_local_kubernetes_executor.py
[2023-02-19T17:03:53.415+0000] {processor.py:753} INFO - DAG(s) dict_keys(['example_local_kubernetes_executor']) retrieved from /home/airflow/.local/lib/python3.7/site-packages/airflow/example_dags/example_local_kubernetes_executor.py
[2023-02-19T17:03:53.483+0000] {logging_mixin.py:137} INFO - [2023-02-19T17:03:53.483+0000] {dag.py:2676} INFO - Sync 1 DAGs
[2023-02-19T17:03:53.516+0000] {logging_mixin.py:137} INFO - [2023-02-19T17:03:53.516+0000] {dag.py:3427} INFO - Setting next_dagrun for example_local_kubernetes_executor to None, run_after=None
[2023-02-19T17:03:53.546+0000] {processor.py:175} INFO - Processing /home/airflow/.local/lib/python3.7/site-packages/airflow/example_dags/example_local_kubernetes_executor.py took 0.177 seconds
[2023-02-19T17:04:24.597+0000] {processor.py:153} INFO - Started process (PID=2069) to work on /home/airflow/.local/lib/python3.7/site-packages/airflow/example_dags/example_local_kubernetes_executor.py
[2023-02-19T17:04:24.599+0000] {processor.py:743} INFO - Processing file /home/airflow/.local/lib/python3.7/site-packages/airflow/example_dags/example_local_kubernetes_executor.py for tasks to queue
[2023-02-19T17:04:24.601+0000] {logging_mixin.py:137} INFO - [2023-02-19T17:04:24.601+0000] {dagbag.py:538} INFO - Filling up the DagBag from /home/airflow/.local/lib/python3.7/site-packages/airflow/example_dags/example_local_kubernetes_executor.py
[2023-02-19T17:04:24.629+0000] {processor.py:753} INFO - DAG(s) dict_keys(['example_local_kubernetes_executor']) retrieved from /home/airflow/.local/lib/python3.7/site-packages/airflow/example_dags/example_local_kubernetes_executor.py
[2023-02-19T17:04:24.684+0000] {logging_mixin.py:137} INFO - [2023-02-19T17:04:24.684+0000] {dag.py:2676} INFO - Sync 1 DAGs
[2023-02-19T17:04:24.727+0000] {logging_mixin.py:137} INFO - [2023-02-19T17:04:24.726+0000] {dag.py:3427} INFO - Setting next_dagrun for example_local_kubernetes_executor to None, run_after=None
[2023-02-19T17:04:24.759+0000] {processor.py:175} INFO - Processing /home/airflow/.local/lib/python3.7/site-packages/airflow/example_dags/example_local_kubernetes_executor.py took 0.166 seconds
[2023-02-19T17:04:55.632+0000] {processor.py:153} INFO - Started process (PID=2151) to work on /home/airflow/.local/lib/python3.7/site-packages/airflow/example_dags/example_local_kubernetes_executor.py
[2023-02-19T17:04:55.633+0000] {processor.py:743} INFO - Processing file /home/airflow/.local/lib/python3.7/site-packages/airflow/example_dags/example_local_kubernetes_executor.py for tasks to queue
[2023-02-19T17:04:55.635+0000] {logging_mixin.py:137} INFO - [2023-02-19T17:04:55.635+0000] {dagbag.py:538} INFO - Filling up the DagBag from /home/airflow/.local/lib/python3.7/site-packages/airflow/example_dags/example_local_kubernetes_executor.py
[2023-02-19T17:04:55.666+0000] {processor.py:753} INFO - DAG(s) dict_keys(['example_local_kubernetes_executor']) retrieved from /home/airflow/.local/lib/python3.7/site-packages/airflow/example_dags/example_local_kubernetes_executor.py
[2023-02-19T17:04:55.733+0000] {logging_mixin.py:137} INFO - [2023-02-19T17:04:55.733+0000] {dag.py:2676} INFO - Sync 1 DAGs
[2023-02-19T17:04:55.767+0000] {logging_mixin.py:137} INFO - [2023-02-19T17:04:55.767+0000] {dag.py:3427} INFO - Setting next_dagrun for example_local_kubernetes_executor to None, run_after=None
[2023-02-19T17:04:55.788+0000] {processor.py:175} INFO - Processing /home/airflow/.local/lib/python3.7/site-packages/airflow/example_dags/example_local_kubernetes_executor.py took 0.162 seconds
[2023-02-19T17:05:26.665+0000] {processor.py:153} INFO - Started process (PID=2249) to work on /home/airflow/.local/lib/python3.7/site-packages/airflow/example_dags/example_local_kubernetes_executor.py
[2023-02-19T17:05:26.667+0000] {processor.py:743} INFO - Processing file /home/airflow/.local/lib/python3.7/site-packages/airflow/example_dags/example_local_kubernetes_executor.py for tasks to queue
[2023-02-19T17:05:26.669+0000] {logging_mixin.py:137} INFO - [2023-02-19T17:05:26.669+0000] {dagbag.py:538} INFO - Filling up the DagBag from /home/airflow/.local/lib/python3.7/site-packages/airflow/example_dags/example_local_kubernetes_executor.py
[2023-02-19T17:05:26.695+0000] {processor.py:753} INFO - DAG(s) dict_keys(['example_local_kubernetes_executor']) retrieved from /home/airflow/.local/lib/python3.7/site-packages/airflow/example_dags/example_local_kubernetes_executor.py
[2023-02-19T17:05:26.741+0000] {logging_mixin.py:137} INFO - [2023-02-19T17:05:26.741+0000] {dag.py:2676} INFO - Sync 1 DAGs
[2023-02-19T17:05:26.768+0000] {logging_mixin.py:137} INFO - [2023-02-19T17:05:26.768+0000] {dag.py:3427} INFO - Setting next_dagrun for example_local_kubernetes_executor to None, run_after=None
[2023-02-19T17:05:26.788+0000] {processor.py:175} INFO - Processing /home/airflow/.local/lib/python3.7/site-packages/airflow/example_dags/example_local_kubernetes_executor.py took 0.128 seconds
[2023-02-19T17:05:57.816+0000] {processor.py:153} INFO - Started process (PID=2331) to work on /home/airflow/.local/lib/python3.7/site-packages/airflow/example_dags/example_local_kubernetes_executor.py
[2023-02-19T17:05:57.818+0000] {processor.py:743} INFO - Processing file /home/airflow/.local/lib/python3.7/site-packages/airflow/example_dags/example_local_kubernetes_executor.py for tasks to queue
[2023-02-19T17:05:57.820+0000] {logging_mixin.py:137} INFO - [2023-02-19T17:05:57.820+0000] {dagbag.py:538} INFO - Filling up the DagBag from /home/airflow/.local/lib/python3.7/site-packages/airflow/example_dags/example_local_kubernetes_executor.py
[2023-02-19T17:05:57.851+0000] {processor.py:753} INFO - DAG(s) dict_keys(['example_local_kubernetes_executor']) retrieved from /home/airflow/.local/lib/python3.7/site-packages/airflow/example_dags/example_local_kubernetes_executor.py
[2023-02-19T17:05:57.896+0000] {logging_mixin.py:137} INFO - [2023-02-19T17:05:57.896+0000] {dag.py:2676} INFO - Sync 1 DAGs
[2023-02-19T17:05:57.926+0000] {logging_mixin.py:137} INFO - [2023-02-19T17:05:57.925+0000] {dag.py:3427} INFO - Setting next_dagrun for example_local_kubernetes_executor to None, run_after=None
[2023-02-19T17:05:57.948+0000] {processor.py:175} INFO - Processing /home/airflow/.local/lib/python3.7/site-packages/airflow/example_dags/example_local_kubernetes_executor.py took 0.138 seconds
[2023-02-19T17:06:28.684+0000] {processor.py:153} INFO - Started process (PID=2430) to work on /home/airflow/.local/lib/python3.7/site-packages/airflow/example_dags/example_local_kubernetes_executor.py
[2023-02-19T17:06:28.687+0000] {processor.py:743} INFO - Processing file /home/airflow/.local/lib/python3.7/site-packages/airflow/example_dags/example_local_kubernetes_executor.py for tasks to queue
[2023-02-19T17:06:28.689+0000] {logging_mixin.py:137} INFO - [2023-02-19T17:06:28.688+0000] {dagbag.py:538} INFO - Filling up the DagBag from /home/airflow/.local/lib/python3.7/site-packages/airflow/example_dags/example_local_kubernetes_executor.py
[2023-02-19T17:06:28.725+0000] {processor.py:753} INFO - DAG(s) dict_keys(['example_local_kubernetes_executor']) retrieved from /home/airflow/.local/lib/python3.7/site-packages/airflow/example_dags/example_local_kubernetes_executor.py
[2023-02-19T17:06:28.779+0000] {logging_mixin.py:137} INFO - [2023-02-19T17:06:28.779+0000] {dag.py:2676} INFO - Sync 1 DAGs
[2023-02-19T17:06:28.814+0000] {logging_mixin.py:137} INFO - [2023-02-19T17:06:28.813+0000] {dag.py:3427} INFO - Setting next_dagrun for example_local_kubernetes_executor to None, run_after=None
[2023-02-19T17:06:28.845+0000] {processor.py:175} INFO - Processing /home/airflow/.local/lib/python3.7/site-packages/airflow/example_dags/example_local_kubernetes_executor.py took 0.167 seconds
