[2023-02-19T16:52:56.824+0000] {processor.py:153} INFO - Started process (PID=90) to work on /home/airflow/.local/lib/python3.7/site-packages/airflow/example_dags/example_nested_branch_dag.py
[2023-02-19T16:52:56.828+0000] {processor.py:743} INFO - Processing file /home/airflow/.local/lib/python3.7/site-packages/airflow/example_dags/example_nested_branch_dag.py for tasks to queue
[2023-02-19T16:52:56.831+0000] {logging_mixin.py:137} INFO - [2023-02-19T16:52:56.830+0000] {dagbag.py:538} INFO - Filling up the DagBag from /home/airflow/.local/lib/python3.7/site-packages/airflow/example_dags/example_nested_branch_dag.py
[2023-02-19T16:52:56.873+0000] {processor.py:753} INFO - DAG(s) dict_keys(['example_nested_branch_dag']) retrieved from /home/airflow/.local/lib/python3.7/site-packages/airflow/example_dags/example_nested_branch_dag.py
[2023-02-19T16:52:56.928+0000] {logging_mixin.py:137} INFO - [2023-02-19T16:52:56.928+0000] {dag.py:2676} INFO - Sync 1 DAGs
[2023-02-19T16:52:56.974+0000] {logging_mixin.py:137} INFO - [2023-02-19T16:52:56.974+0000] {dag.py:3427} INFO - Setting next_dagrun for example_nested_branch_dag to 2023-02-18T00:00:00+00:00, run_after=2023-02-19T00:00:00+00:00
[2023-02-19T16:52:57.004+0000] {processor.py:175} INFO - Processing /home/airflow/.local/lib/python3.7/site-packages/airflow/example_dags/example_nested_branch_dag.py took 0.185 seconds
[2023-02-19T16:53:28.417+0000] {processor.py:153} INFO - Started process (PID=188) to work on /home/airflow/.local/lib/python3.7/site-packages/airflow/example_dags/example_nested_branch_dag.py
[2023-02-19T16:53:28.420+0000] {processor.py:743} INFO - Processing file /home/airflow/.local/lib/python3.7/site-packages/airflow/example_dags/example_nested_branch_dag.py for tasks to queue
[2023-02-19T16:53:28.424+0000] {logging_mixin.py:137} INFO - [2023-02-19T16:53:28.424+0000] {dagbag.py:538} INFO - Filling up the DagBag from /home/airflow/.local/lib/python3.7/site-packages/airflow/example_dags/example_nested_branch_dag.py
[2023-02-19T16:53:28.470+0000] {processor.py:753} INFO - DAG(s) dict_keys(['example_nested_branch_dag']) retrieved from /home/airflow/.local/lib/python3.7/site-packages/airflow/example_dags/example_nested_branch_dag.py
[2023-02-19T16:53:28.531+0000] {logging_mixin.py:137} INFO - [2023-02-19T16:53:28.530+0000] {dag.py:2676} INFO - Sync 1 DAGs
[2023-02-19T16:53:28.562+0000] {logging_mixin.py:137} INFO - [2023-02-19T16:53:28.562+0000] {dag.py:3427} INFO - Setting next_dagrun for example_nested_branch_dag to 2023-02-18T00:00:00+00:00, run_after=2023-02-19T00:00:00+00:00
[2023-02-19T16:53:28.584+0000] {processor.py:175} INFO - Processing /home/airflow/.local/lib/python3.7/site-packages/airflow/example_dags/example_nested_branch_dag.py took 0.173 seconds
[2023-02-19T16:53:58.708+0000] {processor.py:153} INFO - Started process (PID=270) to work on /home/airflow/.local/lib/python3.7/site-packages/airflow/example_dags/example_nested_branch_dag.py
[2023-02-19T16:53:58.710+0000] {processor.py:743} INFO - Processing file /home/airflow/.local/lib/python3.7/site-packages/airflow/example_dags/example_nested_branch_dag.py for tasks to queue
[2023-02-19T16:53:58.712+0000] {logging_mixin.py:137} INFO - [2023-02-19T16:53:58.712+0000] {dagbag.py:538} INFO - Filling up the DagBag from /home/airflow/.local/lib/python3.7/site-packages/airflow/example_dags/example_nested_branch_dag.py
[2023-02-19T16:53:58.742+0000] {processor.py:753} INFO - DAG(s) dict_keys(['example_nested_branch_dag']) retrieved from /home/airflow/.local/lib/python3.7/site-packages/airflow/example_dags/example_nested_branch_dag.py
[2023-02-19T16:53:58.785+0000] {logging_mixin.py:137} INFO - [2023-02-19T16:53:58.785+0000] {dag.py:2676} INFO - Sync 1 DAGs
[2023-02-19T16:53:58.814+0000] {logging_mixin.py:137} INFO - [2023-02-19T16:53:58.814+0000] {dag.py:3427} INFO - Setting next_dagrun for example_nested_branch_dag to 2023-02-18T00:00:00+00:00, run_after=2023-02-19T00:00:00+00:00
[2023-02-19T16:53:58.836+0000] {processor.py:175} INFO - Processing /home/airflow/.local/lib/python3.7/site-packages/airflow/example_dags/example_nested_branch_dag.py took 0.133 seconds
[2023-02-19T16:54:30.746+0000] {processor.py:153} INFO - Started process (PID=368) to work on /home/airflow/.local/lib/python3.7/site-packages/airflow/example_dags/example_nested_branch_dag.py
[2023-02-19T16:54:30.750+0000] {processor.py:743} INFO - Processing file /home/airflow/.local/lib/python3.7/site-packages/airflow/example_dags/example_nested_branch_dag.py for tasks to queue
[2023-02-19T16:54:30.753+0000] {logging_mixin.py:137} INFO - [2023-02-19T16:54:30.752+0000] {dagbag.py:538} INFO - Filling up the DagBag from /home/airflow/.local/lib/python3.7/site-packages/airflow/example_dags/example_nested_branch_dag.py
[2023-02-19T16:54:30.802+0000] {processor.py:753} INFO - DAG(s) dict_keys(['example_nested_branch_dag']) retrieved from /home/airflow/.local/lib/python3.7/site-packages/airflow/example_dags/example_nested_branch_dag.py
[2023-02-19T16:54:30.869+0000] {logging_mixin.py:137} INFO - [2023-02-19T16:54:30.869+0000] {dag.py:2676} INFO - Sync 1 DAGs
[2023-02-19T16:54:30.914+0000] {logging_mixin.py:137} INFO - [2023-02-19T16:54:30.914+0000] {dag.py:3427} INFO - Setting next_dagrun for example_nested_branch_dag to 2023-02-18T00:00:00+00:00, run_after=2023-02-19T00:00:00+00:00
[2023-02-19T16:54:30.948+0000] {processor.py:175} INFO - Processing /home/airflow/.local/lib/python3.7/site-packages/airflow/example_dags/example_nested_branch_dag.py took 0.210 seconds
[2023-02-19T16:55:01.471+0000] {processor.py:153} INFO - Started process (PID=450) to work on /home/airflow/.local/lib/python3.7/site-packages/airflow/example_dags/example_nested_branch_dag.py
[2023-02-19T16:55:01.474+0000] {processor.py:743} INFO - Processing file /home/airflow/.local/lib/python3.7/site-packages/airflow/example_dags/example_nested_branch_dag.py for tasks to queue
[2023-02-19T16:55:01.476+0000] {logging_mixin.py:137} INFO - [2023-02-19T16:55:01.476+0000] {dagbag.py:538} INFO - Filling up the DagBag from /home/airflow/.local/lib/python3.7/site-packages/airflow/example_dags/example_nested_branch_dag.py
[2023-02-19T16:55:01.506+0000] {processor.py:753} INFO - DAG(s) dict_keys(['example_nested_branch_dag']) retrieved from /home/airflow/.local/lib/python3.7/site-packages/airflow/example_dags/example_nested_branch_dag.py
[2023-02-19T16:55:01.551+0000] {logging_mixin.py:137} INFO - [2023-02-19T16:55:01.551+0000] {dag.py:2676} INFO - Sync 1 DAGs
[2023-02-19T16:55:01.582+0000] {logging_mixin.py:137} INFO - [2023-02-19T16:55:01.581+0000] {dag.py:3427} INFO - Setting next_dagrun for example_nested_branch_dag to 2023-02-18T00:00:00+00:00, run_after=2023-02-19T00:00:00+00:00
[2023-02-19T16:55:01.606+0000] {processor.py:175} INFO - Processing /home/airflow/.local/lib/python3.7/site-packages/airflow/example_dags/example_nested_branch_dag.py took 0.140 seconds
[2023-02-19T16:55:33.306+0000] {processor.py:153} INFO - Started process (PID=548) to work on /home/airflow/.local/lib/python3.7/site-packages/airflow/example_dags/example_nested_branch_dag.py
[2023-02-19T16:55:33.308+0000] {processor.py:743} INFO - Processing file /home/airflow/.local/lib/python3.7/site-packages/airflow/example_dags/example_nested_branch_dag.py for tasks to queue
[2023-02-19T16:55:33.310+0000] {logging_mixin.py:137} INFO - [2023-02-19T16:55:33.310+0000] {dagbag.py:538} INFO - Filling up the DagBag from /home/airflow/.local/lib/python3.7/site-packages/airflow/example_dags/example_nested_branch_dag.py
[2023-02-19T16:55:33.343+0000] {processor.py:753} INFO - DAG(s) dict_keys(['example_nested_branch_dag']) retrieved from /home/airflow/.local/lib/python3.7/site-packages/airflow/example_dags/example_nested_branch_dag.py
[2023-02-19T16:55:33.388+0000] {logging_mixin.py:137} INFO - [2023-02-19T16:55:33.387+0000] {dag.py:2676} INFO - Sync 1 DAGs
[2023-02-19T16:55:33.416+0000] {logging_mixin.py:137} INFO - [2023-02-19T16:55:33.415+0000] {dag.py:3427} INFO - Setting next_dagrun for example_nested_branch_dag to 2023-02-18T00:00:00+00:00, run_after=2023-02-19T00:00:00+00:00
[2023-02-19T16:55:33.440+0000] {processor.py:175} INFO - Processing /home/airflow/.local/lib/python3.7/site-packages/airflow/example_dags/example_nested_branch_dag.py took 0.139 seconds
[2023-02-19T16:56:04.646+0000] {processor.py:153} INFO - Started process (PID=630) to work on /home/airflow/.local/lib/python3.7/site-packages/airflow/example_dags/example_nested_branch_dag.py
[2023-02-19T16:56:04.649+0000] {processor.py:743} INFO - Processing file /home/airflow/.local/lib/python3.7/site-packages/airflow/example_dags/example_nested_branch_dag.py for tasks to queue
[2023-02-19T16:56:04.651+0000] {logging_mixin.py:137} INFO - [2023-02-19T16:56:04.651+0000] {dagbag.py:538} INFO - Filling up the DagBag from /home/airflow/.local/lib/python3.7/site-packages/airflow/example_dags/example_nested_branch_dag.py
[2023-02-19T16:56:04.688+0000] {processor.py:753} INFO - DAG(s) dict_keys(['example_nested_branch_dag']) retrieved from /home/airflow/.local/lib/python3.7/site-packages/airflow/example_dags/example_nested_branch_dag.py
[2023-02-19T16:56:04.740+0000] {logging_mixin.py:137} INFO - [2023-02-19T16:56:04.740+0000] {dag.py:2676} INFO - Sync 1 DAGs
[2023-02-19T16:56:04.770+0000] {logging_mixin.py:137} INFO - [2023-02-19T16:56:04.770+0000] {dag.py:3427} INFO - Setting next_dagrun for example_nested_branch_dag to 2023-02-18T00:00:00+00:00, run_after=2023-02-19T00:00:00+00:00
[2023-02-19T16:56:04.794+0000] {processor.py:175} INFO - Processing /home/airflow/.local/lib/python3.7/site-packages/airflow/example_dags/example_nested_branch_dag.py took 0.155 seconds
[2023-02-19T16:56:35.772+0000] {processor.py:153} INFO - Started process (PID=728) to work on /home/airflow/.local/lib/python3.7/site-packages/airflow/example_dags/example_nested_branch_dag.py
[2023-02-19T16:56:35.774+0000] {processor.py:743} INFO - Processing file /home/airflow/.local/lib/python3.7/site-packages/airflow/example_dags/example_nested_branch_dag.py for tasks to queue
[2023-02-19T16:56:35.776+0000] {logging_mixin.py:137} INFO - [2023-02-19T16:56:35.775+0000] {dagbag.py:538} INFO - Filling up the DagBag from /home/airflow/.local/lib/python3.7/site-packages/airflow/example_dags/example_nested_branch_dag.py
[2023-02-19T16:56:35.805+0000] {processor.py:753} INFO - DAG(s) dict_keys(['example_nested_branch_dag']) retrieved from /home/airflow/.local/lib/python3.7/site-packages/airflow/example_dags/example_nested_branch_dag.py
[2023-02-19T16:56:35.848+0000] {logging_mixin.py:137} INFO - [2023-02-19T16:56:35.848+0000] {dag.py:2676} INFO - Sync 1 DAGs
[2023-02-19T16:56:35.879+0000] {logging_mixin.py:137} INFO - [2023-02-19T16:56:35.879+0000] {dag.py:3427} INFO - Setting next_dagrun for example_nested_branch_dag to 2023-02-18T00:00:00+00:00, run_after=2023-02-19T00:00:00+00:00
[2023-02-19T16:56:35.900+0000] {processor.py:175} INFO - Processing /home/airflow/.local/lib/python3.7/site-packages/airflow/example_dags/example_nested_branch_dag.py took 0.132 seconds
[2023-02-19T16:57:07.055+0000] {processor.py:153} INFO - Started process (PID=810) to work on /home/airflow/.local/lib/python3.7/site-packages/airflow/example_dags/example_nested_branch_dag.py
[2023-02-19T16:57:07.058+0000] {processor.py:743} INFO - Processing file /home/airflow/.local/lib/python3.7/site-packages/airflow/example_dags/example_nested_branch_dag.py for tasks to queue
[2023-02-19T16:57:07.059+0000] {logging_mixin.py:137} INFO - [2023-02-19T16:57:07.059+0000] {dagbag.py:538} INFO - Filling up the DagBag from /home/airflow/.local/lib/python3.7/site-packages/airflow/example_dags/example_nested_branch_dag.py
[2023-02-19T16:57:07.088+0000] {processor.py:753} INFO - DAG(s) dict_keys(['example_nested_branch_dag']) retrieved from /home/airflow/.local/lib/python3.7/site-packages/airflow/example_dags/example_nested_branch_dag.py
[2023-02-19T16:57:07.131+0000] {logging_mixin.py:137} INFO - [2023-02-19T16:57:07.131+0000] {dag.py:2676} INFO - Sync 1 DAGs
[2023-02-19T16:57:07.159+0000] {logging_mixin.py:137} INFO - [2023-02-19T16:57:07.159+0000] {dag.py:3427} INFO - Setting next_dagrun for example_nested_branch_dag to 2023-02-18T00:00:00+00:00, run_after=2023-02-19T00:00:00+00:00
[2023-02-19T16:57:07.178+0000] {processor.py:175} INFO - Processing /home/airflow/.local/lib/python3.7/site-packages/airflow/example_dags/example_nested_branch_dag.py took 0.127 seconds
[2023-02-19T16:57:38.688+0000] {processor.py:153} INFO - Started process (PID=908) to work on /home/airflow/.local/lib/python3.7/site-packages/airflow/example_dags/example_nested_branch_dag.py
[2023-02-19T16:57:38.690+0000] {processor.py:743} INFO - Processing file /home/airflow/.local/lib/python3.7/site-packages/airflow/example_dags/example_nested_branch_dag.py for tasks to queue
[2023-02-19T16:57:38.692+0000] {logging_mixin.py:137} INFO - [2023-02-19T16:57:38.692+0000] {dagbag.py:538} INFO - Filling up the DagBag from /home/airflow/.local/lib/python3.7/site-packages/airflow/example_dags/example_nested_branch_dag.py
[2023-02-19T16:57:38.720+0000] {processor.py:753} INFO - DAG(s) dict_keys(['example_nested_branch_dag']) retrieved from /home/airflow/.local/lib/python3.7/site-packages/airflow/example_dags/example_nested_branch_dag.py
[2023-02-19T16:57:38.763+0000] {logging_mixin.py:137} INFO - [2023-02-19T16:57:38.763+0000] {dag.py:2676} INFO - Sync 1 DAGs
[2023-02-19T16:57:38.794+0000] {logging_mixin.py:137} INFO - [2023-02-19T16:57:38.794+0000] {dag.py:3427} INFO - Setting next_dagrun for example_nested_branch_dag to 2023-02-18T00:00:00+00:00, run_after=2023-02-19T00:00:00+00:00
[2023-02-19T16:57:38.814+0000] {processor.py:175} INFO - Processing /home/airflow/.local/lib/python3.7/site-packages/airflow/example_dags/example_nested_branch_dag.py took 0.131 seconds
[2023-02-19T16:58:09.934+0000] {processor.py:153} INFO - Started process (PID=999) to work on /home/airflow/.local/lib/python3.7/site-packages/airflow/example_dags/example_nested_branch_dag.py
[2023-02-19T16:58:09.937+0000] {processor.py:743} INFO - Processing file /home/airflow/.local/lib/python3.7/site-packages/airflow/example_dags/example_nested_branch_dag.py for tasks to queue
[2023-02-19T16:58:09.939+0000] {logging_mixin.py:137} INFO - [2023-02-19T16:58:09.939+0000] {dagbag.py:538} INFO - Filling up the DagBag from /home/airflow/.local/lib/python3.7/site-packages/airflow/example_dags/example_nested_branch_dag.py
[2023-02-19T16:58:09.977+0000] {processor.py:753} INFO - DAG(s) dict_keys(['example_nested_branch_dag']) retrieved from /home/airflow/.local/lib/python3.7/site-packages/airflow/example_dags/example_nested_branch_dag.py
[2023-02-19T16:58:10.021+0000] {logging_mixin.py:137} INFO - [2023-02-19T16:58:10.021+0000] {dag.py:2676} INFO - Sync 1 DAGs
[2023-02-19T16:58:10.052+0000] {logging_mixin.py:137} INFO - [2023-02-19T16:58:10.052+0000] {dag.py:3427} INFO - Setting next_dagrun for example_nested_branch_dag to 2023-02-18T00:00:00+00:00, run_after=2023-02-19T00:00:00+00:00
[2023-02-19T16:58:10.078+0000] {processor.py:175} INFO - Processing /home/airflow/.local/lib/python3.7/site-packages/airflow/example_dags/example_nested_branch_dag.py took 0.149 seconds
[2023-02-19T16:58:41.358+0000] {processor.py:153} INFO - Started process (PID=1088) to work on /home/airflow/.local/lib/python3.7/site-packages/airflow/example_dags/example_nested_branch_dag.py
[2023-02-19T16:58:41.360+0000] {processor.py:743} INFO - Processing file /home/airflow/.local/lib/python3.7/site-packages/airflow/example_dags/example_nested_branch_dag.py for tasks to queue
[2023-02-19T16:58:41.362+0000] {logging_mixin.py:137} INFO - [2023-02-19T16:58:41.362+0000] {dagbag.py:538} INFO - Filling up the DagBag from /home/airflow/.local/lib/python3.7/site-packages/airflow/example_dags/example_nested_branch_dag.py
[2023-02-19T16:58:41.395+0000] {processor.py:753} INFO - DAG(s) dict_keys(['example_nested_branch_dag']) retrieved from /home/airflow/.local/lib/python3.7/site-packages/airflow/example_dags/example_nested_branch_dag.py
[2023-02-19T16:58:41.446+0000] {logging_mixin.py:137} INFO - [2023-02-19T16:58:41.446+0000] {dag.py:2676} INFO - Sync 1 DAGs
[2023-02-19T16:58:41.485+0000] {logging_mixin.py:137} INFO - [2023-02-19T16:58:41.485+0000] {dag.py:3427} INFO - Setting next_dagrun for example_nested_branch_dag to 2023-02-18T00:00:00+00:00, run_after=2023-02-19T00:00:00+00:00
[2023-02-19T16:58:41.508+0000] {processor.py:175} INFO - Processing /home/airflow/.local/lib/python3.7/site-packages/airflow/example_dags/example_nested_branch_dag.py took 0.155 seconds
[2023-02-19T16:59:13.005+0000] {processor.py:153} INFO - Started process (PID=1179) to work on /home/airflow/.local/lib/python3.7/site-packages/airflow/example_dags/example_nested_branch_dag.py
[2023-02-19T16:59:13.007+0000] {processor.py:743} INFO - Processing file /home/airflow/.local/lib/python3.7/site-packages/airflow/example_dags/example_nested_branch_dag.py for tasks to queue
[2023-02-19T16:59:13.009+0000] {logging_mixin.py:137} INFO - [2023-02-19T16:59:13.009+0000] {dagbag.py:538} INFO - Filling up the DagBag from /home/airflow/.local/lib/python3.7/site-packages/airflow/example_dags/example_nested_branch_dag.py
[2023-02-19T16:59:13.044+0000] {processor.py:753} INFO - DAG(s) dict_keys(['example_nested_branch_dag']) retrieved from /home/airflow/.local/lib/python3.7/site-packages/airflow/example_dags/example_nested_branch_dag.py
[2023-02-19T16:59:13.092+0000] {logging_mixin.py:137} INFO - [2023-02-19T16:59:13.092+0000] {dag.py:2676} INFO - Sync 1 DAGs
[2023-02-19T16:59:13.123+0000] {logging_mixin.py:137} INFO - [2023-02-19T16:59:13.122+0000] {dag.py:3427} INFO - Setting next_dagrun for example_nested_branch_dag to 2023-02-18T00:00:00+00:00, run_after=2023-02-19T00:00:00+00:00
[2023-02-19T16:59:13.144+0000] {processor.py:175} INFO - Processing /home/airflow/.local/lib/python3.7/site-packages/airflow/example_dags/example_nested_branch_dag.py took 0.144 seconds
[2023-02-19T16:59:43.672+0000] {processor.py:153} INFO - Started process (PID=1268) to work on /home/airflow/.local/lib/python3.7/site-packages/airflow/example_dags/example_nested_branch_dag.py
[2023-02-19T16:59:43.674+0000] {processor.py:743} INFO - Processing file /home/airflow/.local/lib/python3.7/site-packages/airflow/example_dags/example_nested_branch_dag.py for tasks to queue
[2023-02-19T16:59:43.676+0000] {logging_mixin.py:137} INFO - [2023-02-19T16:59:43.676+0000] {dagbag.py:538} INFO - Filling up the DagBag from /home/airflow/.local/lib/python3.7/site-packages/airflow/example_dags/example_nested_branch_dag.py
[2023-02-19T16:59:43.707+0000] {processor.py:753} INFO - DAG(s) dict_keys(['example_nested_branch_dag']) retrieved from /home/airflow/.local/lib/python3.7/site-packages/airflow/example_dags/example_nested_branch_dag.py
[2023-02-19T16:59:43.750+0000] {logging_mixin.py:137} INFO - [2023-02-19T16:59:43.750+0000] {dag.py:2676} INFO - Sync 1 DAGs
[2023-02-19T16:59:43.782+0000] {logging_mixin.py:137} INFO - [2023-02-19T16:59:43.782+0000] {dag.py:3427} INFO - Setting next_dagrun for example_nested_branch_dag to 2023-02-18T00:00:00+00:00, run_after=2023-02-19T00:00:00+00:00
[2023-02-19T16:59:43.805+0000] {processor.py:175} INFO - Processing /home/airflow/.local/lib/python3.7/site-packages/airflow/example_dags/example_nested_branch_dag.py took 0.138 seconds
[2023-02-19T17:00:15.866+0000] {processor.py:153} INFO - Started process (PID=1360) to work on /home/airflow/.local/lib/python3.7/site-packages/airflow/example_dags/example_nested_branch_dag.py
[2023-02-19T17:00:15.868+0000] {processor.py:743} INFO - Processing file /home/airflow/.local/lib/python3.7/site-packages/airflow/example_dags/example_nested_branch_dag.py for tasks to queue
[2023-02-19T17:00:15.870+0000] {logging_mixin.py:137} INFO - [2023-02-19T17:00:15.870+0000] {dagbag.py:538} INFO - Filling up the DagBag from /home/airflow/.local/lib/python3.7/site-packages/airflow/example_dags/example_nested_branch_dag.py
[2023-02-19T17:00:15.907+0000] {processor.py:753} INFO - DAG(s) dict_keys(['example_nested_branch_dag']) retrieved from /home/airflow/.local/lib/python3.7/site-packages/airflow/example_dags/example_nested_branch_dag.py
[2023-02-19T17:00:15.957+0000] {logging_mixin.py:137} INFO - [2023-02-19T17:00:15.957+0000] {dag.py:2676} INFO - Sync 1 DAGs
[2023-02-19T17:00:15.995+0000] {logging_mixin.py:137} INFO - [2023-02-19T17:00:15.995+0000] {dag.py:3427} INFO - Setting next_dagrun for example_nested_branch_dag to 2023-02-18T00:00:00+00:00, run_after=2023-02-19T00:00:00+00:00
[2023-02-19T17:00:16.022+0000] {processor.py:175} INFO - Processing /home/airflow/.local/lib/python3.7/site-packages/airflow/example_dags/example_nested_branch_dag.py took 0.163 seconds
[2023-02-19T17:00:47.130+0000] {processor.py:153} INFO - Started process (PID=1449) to work on /home/airflow/.local/lib/python3.7/site-packages/airflow/example_dags/example_nested_branch_dag.py
[2023-02-19T17:00:47.132+0000] {processor.py:743} INFO - Processing file /home/airflow/.local/lib/python3.7/site-packages/airflow/example_dags/example_nested_branch_dag.py for tasks to queue
[2023-02-19T17:00:47.135+0000] {logging_mixin.py:137} INFO - [2023-02-19T17:00:47.134+0000] {dagbag.py:538} INFO - Filling up the DagBag from /home/airflow/.local/lib/python3.7/site-packages/airflow/example_dags/example_nested_branch_dag.py
[2023-02-19T17:00:47.169+0000] {processor.py:753} INFO - DAG(s) dict_keys(['example_nested_branch_dag']) retrieved from /home/airflow/.local/lib/python3.7/site-packages/airflow/example_dags/example_nested_branch_dag.py
[2023-02-19T17:00:47.212+0000] {logging_mixin.py:137} INFO - [2023-02-19T17:00:47.212+0000] {dag.py:2676} INFO - Sync 1 DAGs
[2023-02-19T17:00:47.244+0000] {logging_mixin.py:137} INFO - [2023-02-19T17:00:47.244+0000] {dag.py:3427} INFO - Setting next_dagrun for example_nested_branch_dag to 2023-02-18T00:00:00+00:00, run_after=2023-02-19T00:00:00+00:00
[2023-02-19T17:00:47.265+0000] {processor.py:175} INFO - Processing /home/airflow/.local/lib/python3.7/site-packages/airflow/example_dags/example_nested_branch_dag.py took 0.141 seconds
[2023-02-19T17:01:18.602+0000] {processor.py:153} INFO - Started process (PID=1547) to work on /home/airflow/.local/lib/python3.7/site-packages/airflow/example_dags/example_nested_branch_dag.py
[2023-02-19T17:01:18.605+0000] {processor.py:743} INFO - Processing file /home/airflow/.local/lib/python3.7/site-packages/airflow/example_dags/example_nested_branch_dag.py for tasks to queue
[2023-02-19T17:01:18.607+0000] {logging_mixin.py:137} INFO - [2023-02-19T17:01:18.607+0000] {dagbag.py:538} INFO - Filling up the DagBag from /home/airflow/.local/lib/python3.7/site-packages/airflow/example_dags/example_nested_branch_dag.py
[2023-02-19T17:01:18.641+0000] {processor.py:753} INFO - DAG(s) dict_keys(['example_nested_branch_dag']) retrieved from /home/airflow/.local/lib/python3.7/site-packages/airflow/example_dags/example_nested_branch_dag.py
[2023-02-19T17:01:18.700+0000] {logging_mixin.py:137} INFO - [2023-02-19T17:01:18.700+0000] {dag.py:2676} INFO - Sync 1 DAGs
[2023-02-19T17:01:18.739+0000] {logging_mixin.py:137} INFO - [2023-02-19T17:01:18.739+0000] {dag.py:3427} INFO - Setting next_dagrun for example_nested_branch_dag to 2023-02-18T00:00:00+00:00, run_after=2023-02-19T00:00:00+00:00
[2023-02-19T17:01:18.768+0000] {processor.py:175} INFO - Processing /home/airflow/.local/lib/python3.7/site-packages/airflow/example_dags/example_nested_branch_dag.py took 0.172 seconds
[2023-02-19T17:01:49.423+0000] {processor.py:153} INFO - Started process (PID=1629) to work on /home/airflow/.local/lib/python3.7/site-packages/airflow/example_dags/example_nested_branch_dag.py
[2023-02-19T17:01:49.425+0000] {processor.py:743} INFO - Processing file /home/airflow/.local/lib/python3.7/site-packages/airflow/example_dags/example_nested_branch_dag.py for tasks to queue
[2023-02-19T17:01:49.426+0000] {logging_mixin.py:137} INFO - [2023-02-19T17:01:49.426+0000] {dagbag.py:538} INFO - Filling up the DagBag from /home/airflow/.local/lib/python3.7/site-packages/airflow/example_dags/example_nested_branch_dag.py
[2023-02-19T17:01:49.457+0000] {processor.py:753} INFO - DAG(s) dict_keys(['example_nested_branch_dag']) retrieved from /home/airflow/.local/lib/python3.7/site-packages/airflow/example_dags/example_nested_branch_dag.py
[2023-02-19T17:01:49.501+0000] {logging_mixin.py:137} INFO - [2023-02-19T17:01:49.501+0000] {dag.py:2676} INFO - Sync 1 DAGs
[2023-02-19T17:01:49.533+0000] {logging_mixin.py:137} INFO - [2023-02-19T17:01:49.533+0000] {dag.py:3427} INFO - Setting next_dagrun for example_nested_branch_dag to 2023-02-18T00:00:00+00:00, run_after=2023-02-19T00:00:00+00:00
[2023-02-19T17:01:49.559+0000] {processor.py:175} INFO - Processing /home/airflow/.local/lib/python3.7/site-packages/airflow/example_dags/example_nested_branch_dag.py took 0.141 seconds
[2023-02-19T17:02:20.885+0000] {processor.py:153} INFO - Started process (PID=1727) to work on /home/airflow/.local/lib/python3.7/site-packages/airflow/example_dags/example_nested_branch_dag.py
[2023-02-19T17:02:20.887+0000] {processor.py:743} INFO - Processing file /home/airflow/.local/lib/python3.7/site-packages/airflow/example_dags/example_nested_branch_dag.py for tasks to queue
[2023-02-19T17:02:20.888+0000] {logging_mixin.py:137} INFO - [2023-02-19T17:02:20.888+0000] {dagbag.py:538} INFO - Filling up the DagBag from /home/airflow/.local/lib/python3.7/site-packages/airflow/example_dags/example_nested_branch_dag.py
[2023-02-19T17:02:20.918+0000] {processor.py:753} INFO - DAG(s) dict_keys(['example_nested_branch_dag']) retrieved from /home/airflow/.local/lib/python3.7/site-packages/airflow/example_dags/example_nested_branch_dag.py
[2023-02-19T17:02:20.967+0000] {logging_mixin.py:137} INFO - [2023-02-19T17:02:20.966+0000] {dag.py:2676} INFO - Sync 1 DAGs
[2023-02-19T17:02:21.001+0000] {logging_mixin.py:137} INFO - [2023-02-19T17:02:21.001+0000] {dag.py:3427} INFO - Setting next_dagrun for example_nested_branch_dag to 2023-02-18T00:00:00+00:00, run_after=2023-02-19T00:00:00+00:00
[2023-02-19T17:02:21.026+0000] {processor.py:175} INFO - Processing /home/airflow/.local/lib/python3.7/site-packages/airflow/example_dags/example_nested_branch_dag.py took 0.145 seconds
[2023-02-19T17:02:52.182+0000] {processor.py:153} INFO - Started process (PID=1809) to work on /home/airflow/.local/lib/python3.7/site-packages/airflow/example_dags/example_nested_branch_dag.py
[2023-02-19T17:02:52.185+0000] {processor.py:743} INFO - Processing file /home/airflow/.local/lib/python3.7/site-packages/airflow/example_dags/example_nested_branch_dag.py for tasks to queue
[2023-02-19T17:02:52.187+0000] {logging_mixin.py:137} INFO - [2023-02-19T17:02:52.187+0000] {dagbag.py:538} INFO - Filling up the DagBag from /home/airflow/.local/lib/python3.7/site-packages/airflow/example_dags/example_nested_branch_dag.py
[2023-02-19T17:02:52.225+0000] {processor.py:753} INFO - DAG(s) dict_keys(['example_nested_branch_dag']) retrieved from /home/airflow/.local/lib/python3.7/site-packages/airflow/example_dags/example_nested_branch_dag.py
[2023-02-19T17:02:52.285+0000] {logging_mixin.py:137} INFO - [2023-02-19T17:02:52.285+0000] {dag.py:2676} INFO - Sync 1 DAGs
[2023-02-19T17:02:52.324+0000] {logging_mixin.py:137} INFO - [2023-02-19T17:02:52.323+0000] {dag.py:3427} INFO - Setting next_dagrun for example_nested_branch_dag to 2023-02-18T00:00:00+00:00, run_after=2023-02-19T00:00:00+00:00
[2023-02-19T17:02:52.350+0000] {processor.py:175} INFO - Processing /home/airflow/.local/lib/python3.7/site-packages/airflow/example_dags/example_nested_branch_dag.py took 0.174 seconds
[2023-02-19T17:03:23.691+0000] {processor.py:153} INFO - Started process (PID=1907) to work on /home/airflow/.local/lib/python3.7/site-packages/airflow/example_dags/example_nested_branch_dag.py
[2023-02-19T17:03:23.694+0000] {processor.py:743} INFO - Processing file /home/airflow/.local/lib/python3.7/site-packages/airflow/example_dags/example_nested_branch_dag.py for tasks to queue
[2023-02-19T17:03:23.696+0000] {logging_mixin.py:137} INFO - [2023-02-19T17:03:23.696+0000] {dagbag.py:538} INFO - Filling up the DagBag from /home/airflow/.local/lib/python3.7/site-packages/airflow/example_dags/example_nested_branch_dag.py
[2023-02-19T17:03:23.730+0000] {processor.py:753} INFO - DAG(s) dict_keys(['example_nested_branch_dag']) retrieved from /home/airflow/.local/lib/python3.7/site-packages/airflow/example_dags/example_nested_branch_dag.py
[2023-02-19T17:03:23.774+0000] {logging_mixin.py:137} INFO - [2023-02-19T17:03:23.774+0000] {dag.py:2676} INFO - Sync 1 DAGs
[2023-02-19T17:03:23.803+0000] {logging_mixin.py:137} INFO - [2023-02-19T17:03:23.803+0000] {dag.py:3427} INFO - Setting next_dagrun for example_nested_branch_dag to 2023-02-18T00:00:00+00:00, run_after=2023-02-19T00:00:00+00:00
[2023-02-19T17:03:23.826+0000] {processor.py:175} INFO - Processing /home/airflow/.local/lib/python3.7/site-packages/airflow/example_dags/example_nested_branch_dag.py took 0.140 seconds
[2023-02-19T17:03:54.882+0000] {processor.py:153} INFO - Started process (PID=1989) to work on /home/airflow/.local/lib/python3.7/site-packages/airflow/example_dags/example_nested_branch_dag.py
[2023-02-19T17:03:54.884+0000] {processor.py:743} INFO - Processing file /home/airflow/.local/lib/python3.7/site-packages/airflow/example_dags/example_nested_branch_dag.py for tasks to queue
[2023-02-19T17:03:54.886+0000] {logging_mixin.py:137} INFO - [2023-02-19T17:03:54.885+0000] {dagbag.py:538} INFO - Filling up the DagBag from /home/airflow/.local/lib/python3.7/site-packages/airflow/example_dags/example_nested_branch_dag.py
[2023-02-19T17:03:54.915+0000] {processor.py:753} INFO - DAG(s) dict_keys(['example_nested_branch_dag']) retrieved from /home/airflow/.local/lib/python3.7/site-packages/airflow/example_dags/example_nested_branch_dag.py
[2023-02-19T17:03:54.957+0000] {logging_mixin.py:137} INFO - [2023-02-19T17:03:54.957+0000] {dag.py:2676} INFO - Sync 1 DAGs
[2023-02-19T17:03:54.986+0000] {logging_mixin.py:137} INFO - [2023-02-19T17:03:54.985+0000] {dag.py:3427} INFO - Setting next_dagrun for example_nested_branch_dag to 2023-02-18T00:00:00+00:00, run_after=2023-02-19T00:00:00+00:00
[2023-02-19T17:03:55.006+0000] {processor.py:175} INFO - Processing /home/airflow/.local/lib/python3.7/site-packages/airflow/example_dags/example_nested_branch_dag.py took 0.129 seconds
[2023-02-19T17:04:26.410+0000] {processor.py:153} INFO - Started process (PID=2087) to work on /home/airflow/.local/lib/python3.7/site-packages/airflow/example_dags/example_nested_branch_dag.py
[2023-02-19T17:04:26.413+0000] {processor.py:743} INFO - Processing file /home/airflow/.local/lib/python3.7/site-packages/airflow/example_dags/example_nested_branch_dag.py for tasks to queue
[2023-02-19T17:04:26.414+0000] {logging_mixin.py:137} INFO - [2023-02-19T17:04:26.414+0000] {dagbag.py:538} INFO - Filling up the DagBag from /home/airflow/.local/lib/python3.7/site-packages/airflow/example_dags/example_nested_branch_dag.py
[2023-02-19T17:04:26.454+0000] {processor.py:753} INFO - DAG(s) dict_keys(['example_nested_branch_dag']) retrieved from /home/airflow/.local/lib/python3.7/site-packages/airflow/example_dags/example_nested_branch_dag.py
[2023-02-19T17:04:26.515+0000] {logging_mixin.py:137} INFO - [2023-02-19T17:04:26.514+0000] {dag.py:2676} INFO - Sync 1 DAGs
[2023-02-19T17:04:26.561+0000] {logging_mixin.py:137} INFO - [2023-02-19T17:04:26.560+0000] {dag.py:3427} INFO - Setting next_dagrun for example_nested_branch_dag to 2023-02-18T00:00:00+00:00, run_after=2023-02-19T00:00:00+00:00
[2023-02-19T17:04:26.596+0000] {processor.py:175} INFO - Processing /home/airflow/.local/lib/python3.7/site-packages/airflow/example_dags/example_nested_branch_dag.py took 0.192 seconds
[2023-02-19T17:04:57.151+0000] {processor.py:153} INFO - Started process (PID=2169) to work on /home/airflow/.local/lib/python3.7/site-packages/airflow/example_dags/example_nested_branch_dag.py
[2023-02-19T17:04:57.153+0000] {processor.py:743} INFO - Processing file /home/airflow/.local/lib/python3.7/site-packages/airflow/example_dags/example_nested_branch_dag.py for tasks to queue
[2023-02-19T17:04:57.154+0000] {logging_mixin.py:137} INFO - [2023-02-19T17:04:57.154+0000] {dagbag.py:538} INFO - Filling up the DagBag from /home/airflow/.local/lib/python3.7/site-packages/airflow/example_dags/example_nested_branch_dag.py
[2023-02-19T17:04:57.188+0000] {processor.py:753} INFO - DAG(s) dict_keys(['example_nested_branch_dag']) retrieved from /home/airflow/.local/lib/python3.7/site-packages/airflow/example_dags/example_nested_branch_dag.py
[2023-02-19T17:04:57.234+0000] {logging_mixin.py:137} INFO - [2023-02-19T17:04:57.234+0000] {dag.py:2676} INFO - Sync 1 DAGs
[2023-02-19T17:04:57.268+0000] {logging_mixin.py:137} INFO - [2023-02-19T17:04:57.268+0000] {dag.py:3427} INFO - Setting next_dagrun for example_nested_branch_dag to 2023-02-18T00:00:00+00:00, run_after=2023-02-19T00:00:00+00:00
[2023-02-19T17:04:57.295+0000] {processor.py:175} INFO - Processing /home/airflow/.local/lib/python3.7/site-packages/airflow/example_dags/example_nested_branch_dag.py took 0.149 seconds
[2023-02-19T17:05:28.114+0000] {processor.py:153} INFO - Started process (PID=2267) to work on /home/airflow/.local/lib/python3.7/site-packages/airflow/example_dags/example_nested_branch_dag.py
[2023-02-19T17:05:28.116+0000] {processor.py:743} INFO - Processing file /home/airflow/.local/lib/python3.7/site-packages/airflow/example_dags/example_nested_branch_dag.py for tasks to queue
[2023-02-19T17:05:28.118+0000] {logging_mixin.py:137} INFO - [2023-02-19T17:05:28.118+0000] {dagbag.py:538} INFO - Filling up the DagBag from /home/airflow/.local/lib/python3.7/site-packages/airflow/example_dags/example_nested_branch_dag.py
[2023-02-19T17:05:28.148+0000] {processor.py:753} INFO - DAG(s) dict_keys(['example_nested_branch_dag']) retrieved from /home/airflow/.local/lib/python3.7/site-packages/airflow/example_dags/example_nested_branch_dag.py
[2023-02-19T17:05:28.217+0000] {logging_mixin.py:137} INFO - [2023-02-19T17:05:28.217+0000] {dag.py:2676} INFO - Sync 1 DAGs
[2023-02-19T17:05:28.261+0000] {logging_mixin.py:137} INFO - [2023-02-19T17:05:28.260+0000] {dag.py:3427} INFO - Setting next_dagrun for example_nested_branch_dag to 2023-02-18T00:00:00+00:00, run_after=2023-02-19T00:00:00+00:00
[2023-02-19T17:05:28.283+0000] {processor.py:175} INFO - Processing /home/airflow/.local/lib/python3.7/site-packages/airflow/example_dags/example_nested_branch_dag.py took 0.174 seconds
[2023-02-19T17:05:59.678+0000] {processor.py:153} INFO - Started process (PID=2349) to work on /home/airflow/.local/lib/python3.7/site-packages/airflow/example_dags/example_nested_branch_dag.py
[2023-02-19T17:05:59.680+0000] {processor.py:743} INFO - Processing file /home/airflow/.local/lib/python3.7/site-packages/airflow/example_dags/example_nested_branch_dag.py for tasks to queue
[2023-02-19T17:05:59.682+0000] {logging_mixin.py:137} INFO - [2023-02-19T17:05:59.682+0000] {dagbag.py:538} INFO - Filling up the DagBag from /home/airflow/.local/lib/python3.7/site-packages/airflow/example_dags/example_nested_branch_dag.py
[2023-02-19T17:05:59.715+0000] {processor.py:753} INFO - DAG(s) dict_keys(['example_nested_branch_dag']) retrieved from /home/airflow/.local/lib/python3.7/site-packages/airflow/example_dags/example_nested_branch_dag.py
[2023-02-19T17:05:59.766+0000] {logging_mixin.py:137} INFO - [2023-02-19T17:05:59.765+0000] {dag.py:2676} INFO - Sync 1 DAGs
[2023-02-19T17:05:59.802+0000] {logging_mixin.py:137} INFO - [2023-02-19T17:05:59.802+0000] {dag.py:3427} INFO - Setting next_dagrun for example_nested_branch_dag to 2023-02-18T00:00:00+00:00, run_after=2023-02-19T00:00:00+00:00
[2023-02-19T17:05:59.827+0000] {processor.py:175} INFO - Processing /home/airflow/.local/lib/python3.7/site-packages/airflow/example_dags/example_nested_branch_dag.py took 0.154 seconds
[2023-02-19T17:06:30.547+0000] {processor.py:153} INFO - Started process (PID=2448) to work on /home/airflow/.local/lib/python3.7/site-packages/airflow/example_dags/example_nested_branch_dag.py
[2023-02-19T17:06:30.550+0000] {processor.py:743} INFO - Processing file /home/airflow/.local/lib/python3.7/site-packages/airflow/example_dags/example_nested_branch_dag.py for tasks to queue
[2023-02-19T17:06:30.552+0000] {logging_mixin.py:137} INFO - [2023-02-19T17:06:30.552+0000] {dagbag.py:538} INFO - Filling up the DagBag from /home/airflow/.local/lib/python3.7/site-packages/airflow/example_dags/example_nested_branch_dag.py
[2023-02-19T17:06:30.590+0000] {processor.py:753} INFO - DAG(s) dict_keys(['example_nested_branch_dag']) retrieved from /home/airflow/.local/lib/python3.7/site-packages/airflow/example_dags/example_nested_branch_dag.py
[2023-02-19T17:06:30.649+0000] {logging_mixin.py:137} INFO - [2023-02-19T17:06:30.649+0000] {dag.py:2676} INFO - Sync 1 DAGs
[2023-02-19T17:06:30.690+0000] {logging_mixin.py:137} INFO - [2023-02-19T17:06:30.690+0000] {dag.py:3427} INFO - Setting next_dagrun for example_nested_branch_dag to 2023-02-18T00:00:00+00:00, run_after=2023-02-19T00:00:00+00:00
[2023-02-19T17:06:30.717+0000] {processor.py:175} INFO - Processing /home/airflow/.local/lib/python3.7/site-packages/airflow/example_dags/example_nested_branch_dag.py took 0.177 seconds
