[2023-02-19T16:52:56.133+0000] {processor.py:153} INFO - Started process (PID=83) to work on /home/airflow/.local/lib/python3.7/site-packages/airflow/example_dags/example_latest_only_with_trigger.py
[2023-02-19T16:52:56.135+0000] {processor.py:743} INFO - Processing file /home/airflow/.local/lib/python3.7/site-packages/airflow/example_dags/example_latest_only_with_trigger.py for tasks to queue
[2023-02-19T16:52:56.137+0000] {logging_mixin.py:137} INFO - [2023-02-19T16:52:56.137+0000] {dagbag.py:538} INFO - Filling up the DagBag from /home/airflow/.local/lib/python3.7/site-packages/airflow/example_dags/example_latest_only_with_trigger.py
[2023-02-19T16:52:56.156+0000] {processor.py:753} INFO - DAG(s) dict_keys(['latest_only_with_trigger']) retrieved from /home/airflow/.local/lib/python3.7/site-packages/airflow/example_dags/example_latest_only_with_trigger.py
[2023-02-19T16:52:56.200+0000] {logging_mixin.py:137} INFO - [2023-02-19T16:52:56.200+0000] {dag.py:2676} INFO - Sync 1 DAGs
[2023-02-19T16:52:56.230+0000] {logging_mixin.py:137} INFO - [2023-02-19T16:52:56.230+0000] {dag.py:3427} INFO - Setting next_dagrun for latest_only_with_trigger to 2023-02-19T12:52:56.229876+00:00, run_after=2023-02-19T16:52:56.229876+00:00
[2023-02-19T16:52:56.253+0000] {processor.py:175} INFO - Processing /home/airflow/.local/lib/python3.7/site-packages/airflow/example_dags/example_latest_only_with_trigger.py took 0.124 seconds
[2023-02-19T16:53:27.343+0000] {processor.py:153} INFO - Started process (PID=181) to work on /home/airflow/.local/lib/python3.7/site-packages/airflow/example_dags/example_latest_only_with_trigger.py
[2023-02-19T16:53:27.352+0000] {processor.py:743} INFO - Processing file /home/airflow/.local/lib/python3.7/site-packages/airflow/example_dags/example_latest_only_with_trigger.py for tasks to queue
[2023-02-19T16:53:27.358+0000] {logging_mixin.py:137} INFO - [2023-02-19T16:53:27.357+0000] {dagbag.py:538} INFO - Filling up the DagBag from /home/airflow/.local/lib/python3.7/site-packages/airflow/example_dags/example_latest_only_with_trigger.py
[2023-02-19T16:53:27.435+0000] {processor.py:753} INFO - DAG(s) dict_keys(['latest_only_with_trigger']) retrieved from /home/airflow/.local/lib/python3.7/site-packages/airflow/example_dags/example_latest_only_with_trigger.py
[2023-02-19T16:53:27.508+0000] {logging_mixin.py:137} INFO - [2023-02-19T16:53:27.508+0000] {dag.py:2676} INFO - Sync 1 DAGs
[2023-02-19T16:53:27.560+0000] {logging_mixin.py:137} INFO - [2023-02-19T16:53:27.560+0000] {dag.py:3427} INFO - Setting next_dagrun for latest_only_with_trigger to 2023-02-19T12:53:27.559571+00:00, run_after=2023-02-19T16:53:27.559571+00:00
[2023-02-19T16:53:27.618+0000] {processor.py:175} INFO - Processing /home/airflow/.local/lib/python3.7/site-packages/airflow/example_dags/example_latest_only_with_trigger.py took 0.283 seconds
[2023-02-19T16:53:58.134+0000] {processor.py:153} INFO - Started process (PID=263) to work on /home/airflow/.local/lib/python3.7/site-packages/airflow/example_dags/example_latest_only_with_trigger.py
[2023-02-19T16:53:58.136+0000] {processor.py:743} INFO - Processing file /home/airflow/.local/lib/python3.7/site-packages/airflow/example_dags/example_latest_only_with_trigger.py for tasks to queue
[2023-02-19T16:53:58.137+0000] {logging_mixin.py:137} INFO - [2023-02-19T16:53:58.137+0000] {dagbag.py:538} INFO - Filling up the DagBag from /home/airflow/.local/lib/python3.7/site-packages/airflow/example_dags/example_latest_only_with_trigger.py
[2023-02-19T16:53:58.155+0000] {processor.py:753} INFO - DAG(s) dict_keys(['latest_only_with_trigger']) retrieved from /home/airflow/.local/lib/python3.7/site-packages/airflow/example_dags/example_latest_only_with_trigger.py
[2023-02-19T16:53:58.198+0000] {logging_mixin.py:137} INFO - [2023-02-19T16:53:58.198+0000] {dag.py:2676} INFO - Sync 1 DAGs
[2023-02-19T16:53:58.227+0000] {logging_mixin.py:137} INFO - [2023-02-19T16:53:58.227+0000] {dag.py:3427} INFO - Setting next_dagrun for latest_only_with_trigger to 2023-02-19T12:53:58.227412+00:00, run_after=2023-02-19T16:53:58.227412+00:00
[2023-02-19T16:53:58.248+0000] {processor.py:175} INFO - Processing /home/airflow/.local/lib/python3.7/site-packages/airflow/example_dags/example_latest_only_with_trigger.py took 0.119 seconds
[2023-02-19T16:54:29.917+0000] {processor.py:153} INFO - Started process (PID=361) to work on /home/airflow/.local/lib/python3.7/site-packages/airflow/example_dags/example_latest_only_with_trigger.py
[2023-02-19T16:54:29.920+0000] {processor.py:743} INFO - Processing file /home/airflow/.local/lib/python3.7/site-packages/airflow/example_dags/example_latest_only_with_trigger.py for tasks to queue
[2023-02-19T16:54:29.921+0000] {logging_mixin.py:137} INFO - [2023-02-19T16:54:29.921+0000] {dagbag.py:538} INFO - Filling up the DagBag from /home/airflow/.local/lib/python3.7/site-packages/airflow/example_dags/example_latest_only_with_trigger.py
[2023-02-19T16:54:29.938+0000] {processor.py:753} INFO - DAG(s) dict_keys(['latest_only_with_trigger']) retrieved from /home/airflow/.local/lib/python3.7/site-packages/airflow/example_dags/example_latest_only_with_trigger.py
[2023-02-19T16:54:29.980+0000] {logging_mixin.py:137} INFO - [2023-02-19T16:54:29.980+0000] {dag.py:2676} INFO - Sync 1 DAGs
[2023-02-19T16:54:30.011+0000] {logging_mixin.py:137} INFO - [2023-02-19T16:54:30.010+0000] {dag.py:3427} INFO - Setting next_dagrun for latest_only_with_trigger to 2023-02-19T12:54:30.010672+00:00, run_after=2023-02-19T16:54:30.010672+00:00
[2023-02-19T16:54:30.035+0000] {processor.py:175} INFO - Processing /home/airflow/.local/lib/python3.7/site-packages/airflow/example_dags/example_latest_only_with_trigger.py took 0.122 seconds
[2023-02-19T16:55:00.914+0000] {processor.py:153} INFO - Started process (PID=443) to work on /home/airflow/.local/lib/python3.7/site-packages/airflow/example_dags/example_latest_only_with_trigger.py
[2023-02-19T16:55:00.917+0000] {processor.py:743} INFO - Processing file /home/airflow/.local/lib/python3.7/site-packages/airflow/example_dags/example_latest_only_with_trigger.py for tasks to queue
[2023-02-19T16:55:00.918+0000] {logging_mixin.py:137} INFO - [2023-02-19T16:55:00.918+0000] {dagbag.py:538} INFO - Filling up the DagBag from /home/airflow/.local/lib/python3.7/site-packages/airflow/example_dags/example_latest_only_with_trigger.py
[2023-02-19T16:55:00.937+0000] {processor.py:753} INFO - DAG(s) dict_keys(['latest_only_with_trigger']) retrieved from /home/airflow/.local/lib/python3.7/site-packages/airflow/example_dags/example_latest_only_with_trigger.py
[2023-02-19T16:55:00.984+0000] {logging_mixin.py:137} INFO - [2023-02-19T16:55:00.983+0000] {dag.py:2676} INFO - Sync 1 DAGs
[2023-02-19T16:55:01.021+0000] {logging_mixin.py:137} INFO - [2023-02-19T16:55:01.020+0000] {dag.py:3427} INFO - Setting next_dagrun for latest_only_with_trigger to 2023-02-19T12:55:01.020667+00:00, run_after=2023-02-19T16:55:01.020667+00:00
[2023-02-19T16:55:01.044+0000] {processor.py:175} INFO - Processing /home/airflow/.local/lib/python3.7/site-packages/airflow/example_dags/example_latest_only_with_trigger.py took 0.134 seconds
[2023-02-19T16:55:32.519+0000] {processor.py:153} INFO - Started process (PID=541) to work on /home/airflow/.local/lib/python3.7/site-packages/airflow/example_dags/example_latest_only_with_trigger.py
[2023-02-19T16:55:32.521+0000] {processor.py:743} INFO - Processing file /home/airflow/.local/lib/python3.7/site-packages/airflow/example_dags/example_latest_only_with_trigger.py for tasks to queue
[2023-02-19T16:55:32.523+0000] {logging_mixin.py:137} INFO - [2023-02-19T16:55:32.523+0000] {dagbag.py:538} INFO - Filling up the DagBag from /home/airflow/.local/lib/python3.7/site-packages/airflow/example_dags/example_latest_only_with_trigger.py
[2023-02-19T16:55:32.546+0000] {processor.py:753} INFO - DAG(s) dict_keys(['latest_only_with_trigger']) retrieved from /home/airflow/.local/lib/python3.7/site-packages/airflow/example_dags/example_latest_only_with_trigger.py
[2023-02-19T16:55:32.607+0000] {logging_mixin.py:137} INFO - [2023-02-19T16:55:32.607+0000] {dag.py:2676} INFO - Sync 1 DAGs
[2023-02-19T16:55:32.644+0000] {logging_mixin.py:137} INFO - [2023-02-19T16:55:32.644+0000] {dag.py:3427} INFO - Setting next_dagrun for latest_only_with_trigger to 2023-02-19T12:55:32.644257+00:00, run_after=2023-02-19T16:55:32.644257+00:00
[2023-02-19T16:55:32.673+0000] {processor.py:175} INFO - Processing /home/airflow/.local/lib/python3.7/site-packages/airflow/example_dags/example_latest_only_with_trigger.py took 0.160 seconds
[2023-02-19T16:56:03.995+0000] {processor.py:153} INFO - Started process (PID=623) to work on /home/airflow/.local/lib/python3.7/site-packages/airflow/example_dags/example_latest_only_with_trigger.py
[2023-02-19T16:56:03.998+0000] {processor.py:743} INFO - Processing file /home/airflow/.local/lib/python3.7/site-packages/airflow/example_dags/example_latest_only_with_trigger.py for tasks to queue
[2023-02-19T16:56:04.000+0000] {logging_mixin.py:137} INFO - [2023-02-19T16:56:04.000+0000] {dagbag.py:538} INFO - Filling up the DagBag from /home/airflow/.local/lib/python3.7/site-packages/airflow/example_dags/example_latest_only_with_trigger.py
[2023-02-19T16:56:04.021+0000] {processor.py:753} INFO - DAG(s) dict_keys(['latest_only_with_trigger']) retrieved from /home/airflow/.local/lib/python3.7/site-packages/airflow/example_dags/example_latest_only_with_trigger.py
[2023-02-19T16:56:04.074+0000] {logging_mixin.py:137} INFO - [2023-02-19T16:56:04.074+0000] {dag.py:2676} INFO - Sync 1 DAGs
[2023-02-19T16:56:04.109+0000] {logging_mixin.py:137} INFO - [2023-02-19T16:56:04.109+0000] {dag.py:3427} INFO - Setting next_dagrun for latest_only_with_trigger to 2023-02-19T12:56:04.109230+00:00, run_after=2023-02-19T16:56:04.109230+00:00
[2023-02-19T16:56:04.131+0000] {processor.py:175} INFO - Processing /home/airflow/.local/lib/python3.7/site-packages/airflow/example_dags/example_latest_only_with_trigger.py took 0.141 seconds
[2023-02-19T16:56:35.219+0000] {processor.py:153} INFO - Started process (PID=721) to work on /home/airflow/.local/lib/python3.7/site-packages/airflow/example_dags/example_latest_only_with_trigger.py
[2023-02-19T16:56:35.221+0000] {processor.py:743} INFO - Processing file /home/airflow/.local/lib/python3.7/site-packages/airflow/example_dags/example_latest_only_with_trigger.py for tasks to queue
[2023-02-19T16:56:35.223+0000] {logging_mixin.py:137} INFO - [2023-02-19T16:56:35.223+0000] {dagbag.py:538} INFO - Filling up the DagBag from /home/airflow/.local/lib/python3.7/site-packages/airflow/example_dags/example_latest_only_with_trigger.py
[2023-02-19T16:56:35.241+0000] {processor.py:753} INFO - DAG(s) dict_keys(['latest_only_with_trigger']) retrieved from /home/airflow/.local/lib/python3.7/site-packages/airflow/example_dags/example_latest_only_with_trigger.py
[2023-02-19T16:56:35.285+0000] {logging_mixin.py:137} INFO - [2023-02-19T16:56:35.285+0000] {dag.py:2676} INFO - Sync 1 DAGs
[2023-02-19T16:56:35.313+0000] {logging_mixin.py:137} INFO - [2023-02-19T16:56:35.313+0000] {dag.py:3427} INFO - Setting next_dagrun for latest_only_with_trigger to 2023-02-19T12:56:35.313498+00:00, run_after=2023-02-19T16:56:35.313498+00:00
[2023-02-19T16:56:35.335+0000] {processor.py:175} INFO - Processing /home/airflow/.local/lib/python3.7/site-packages/airflow/example_dags/example_latest_only_with_trigger.py took 0.121 seconds
[2023-02-19T16:57:06.417+0000] {processor.py:153} INFO - Started process (PID=803) to work on /home/airflow/.local/lib/python3.7/site-packages/airflow/example_dags/example_latest_only_with_trigger.py
[2023-02-19T16:57:06.420+0000] {processor.py:743} INFO - Processing file /home/airflow/.local/lib/python3.7/site-packages/airflow/example_dags/example_latest_only_with_trigger.py for tasks to queue
[2023-02-19T16:57:06.423+0000] {logging_mixin.py:137} INFO - [2023-02-19T16:57:06.423+0000] {dagbag.py:538} INFO - Filling up the DagBag from /home/airflow/.local/lib/python3.7/site-packages/airflow/example_dags/example_latest_only_with_trigger.py
[2023-02-19T16:57:06.452+0000] {processor.py:753} INFO - DAG(s) dict_keys(['latest_only_with_trigger']) retrieved from /home/airflow/.local/lib/python3.7/site-packages/airflow/example_dags/example_latest_only_with_trigger.py
[2023-02-19T16:57:06.506+0000] {logging_mixin.py:137} INFO - [2023-02-19T16:57:06.506+0000] {dag.py:2676} INFO - Sync 1 DAGs
[2023-02-19T16:57:06.545+0000] {logging_mixin.py:137} INFO - [2023-02-19T16:57:06.545+0000] {dag.py:3427} INFO - Setting next_dagrun for latest_only_with_trigger to 2023-02-19T12:57:06.545078+00:00, run_after=2023-02-19T16:57:06.545078+00:00
[2023-02-19T16:57:06.572+0000] {processor.py:175} INFO - Processing /home/airflow/.local/lib/python3.7/site-packages/airflow/example_dags/example_latest_only_with_trigger.py took 0.163 seconds
[2023-02-19T16:57:38.070+0000] {processor.py:153} INFO - Started process (PID=901) to work on /home/airflow/.local/lib/python3.7/site-packages/airflow/example_dags/example_latest_only_with_trigger.py
[2023-02-19T16:57:38.072+0000] {processor.py:743} INFO - Processing file /home/airflow/.local/lib/python3.7/site-packages/airflow/example_dags/example_latest_only_with_trigger.py for tasks to queue
[2023-02-19T16:57:38.074+0000] {logging_mixin.py:137} INFO - [2023-02-19T16:57:38.074+0000] {dagbag.py:538} INFO - Filling up the DagBag from /home/airflow/.local/lib/python3.7/site-packages/airflow/example_dags/example_latest_only_with_trigger.py
[2023-02-19T16:57:38.092+0000] {processor.py:753} INFO - DAG(s) dict_keys(['latest_only_with_trigger']) retrieved from /home/airflow/.local/lib/python3.7/site-packages/airflow/example_dags/example_latest_only_with_trigger.py
[2023-02-19T16:57:38.137+0000] {logging_mixin.py:137} INFO - [2023-02-19T16:57:38.136+0000] {dag.py:2676} INFO - Sync 1 DAGs
[2023-02-19T16:57:38.165+0000] {logging_mixin.py:137} INFO - [2023-02-19T16:57:38.164+0000] {dag.py:3427} INFO - Setting next_dagrun for latest_only_with_trigger to 2023-02-19T12:57:38.164563+00:00, run_after=2023-02-19T16:57:38.164563+00:00
[2023-02-19T16:57:38.187+0000] {processor.py:175} INFO - Processing /home/airflow/.local/lib/python3.7/site-packages/airflow/example_dags/example_latest_only_with_trigger.py took 0.122 seconds
[2023-02-19T16:58:09.237+0000] {processor.py:153} INFO - Started process (PID=983) to work on /home/airflow/.local/lib/python3.7/site-packages/airflow/example_dags/example_latest_only_with_trigger.py
[2023-02-19T16:58:09.240+0000] {processor.py:743} INFO - Processing file /home/airflow/.local/lib/python3.7/site-packages/airflow/example_dags/example_latest_only_with_trigger.py for tasks to queue
[2023-02-19T16:58:09.241+0000] {logging_mixin.py:137} INFO - [2023-02-19T16:58:09.241+0000] {dagbag.py:538} INFO - Filling up the DagBag from /home/airflow/.local/lib/python3.7/site-packages/airflow/example_dags/example_latest_only_with_trigger.py
[2023-02-19T16:58:09.261+0000] {processor.py:753} INFO - DAG(s) dict_keys(['latest_only_with_trigger']) retrieved from /home/airflow/.local/lib/python3.7/site-packages/airflow/example_dags/example_latest_only_with_trigger.py
[2023-02-19T16:58:09.305+0000] {logging_mixin.py:137} INFO - [2023-02-19T16:58:09.305+0000] {dag.py:2676} INFO - Sync 1 DAGs
[2023-02-19T16:58:09.333+0000] {logging_mixin.py:137} INFO - [2023-02-19T16:58:09.333+0000] {dag.py:3427} INFO - Setting next_dagrun for latest_only_with_trigger to 2023-02-19T12:58:09.333232+00:00, run_after=2023-02-19T16:58:09.333232+00:00
[2023-02-19T16:58:09.354+0000] {processor.py:175} INFO - Processing /home/airflow/.local/lib/python3.7/site-packages/airflow/example_dags/example_latest_only_with_trigger.py took 0.123 seconds
[2023-02-19T16:58:40.740+0000] {processor.py:153} INFO - Started process (PID=1081) to work on /home/airflow/.local/lib/python3.7/site-packages/airflow/example_dags/example_latest_only_with_trigger.py
[2023-02-19T16:58:40.742+0000] {processor.py:743} INFO - Processing file /home/airflow/.local/lib/python3.7/site-packages/airflow/example_dags/example_latest_only_with_trigger.py for tasks to queue
[2023-02-19T16:58:40.744+0000] {logging_mixin.py:137} INFO - [2023-02-19T16:58:40.744+0000] {dagbag.py:538} INFO - Filling up the DagBag from /home/airflow/.local/lib/python3.7/site-packages/airflow/example_dags/example_latest_only_with_trigger.py
[2023-02-19T16:58:40.765+0000] {processor.py:753} INFO - DAG(s) dict_keys(['latest_only_with_trigger']) retrieved from /home/airflow/.local/lib/python3.7/site-packages/airflow/example_dags/example_latest_only_with_trigger.py
[2023-02-19T16:58:40.810+0000] {logging_mixin.py:137} INFO - [2023-02-19T16:58:40.810+0000] {dag.py:2676} INFO - Sync 1 DAGs
[2023-02-19T16:58:40.839+0000] {logging_mixin.py:137} INFO - [2023-02-19T16:58:40.839+0000] {dag.py:3427} INFO - Setting next_dagrun for latest_only_with_trigger to 2023-02-19T12:58:40.839393+00:00, run_after=2023-02-19T16:58:40.839393+00:00
[2023-02-19T16:58:40.860+0000] {processor.py:175} INFO - Processing /home/airflow/.local/lib/python3.7/site-packages/airflow/example_dags/example_latest_only_with_trigger.py took 0.125 seconds
[2023-02-19T16:59:12.068+0000] {processor.py:153} INFO - Started process (PID=1170) to work on /home/airflow/.local/lib/python3.7/site-packages/airflow/example_dags/example_latest_only_with_trigger.py
[2023-02-19T16:59:12.070+0000] {processor.py:743} INFO - Processing file /home/airflow/.local/lib/python3.7/site-packages/airflow/example_dags/example_latest_only_with_trigger.py for tasks to queue
[2023-02-19T16:59:12.071+0000] {logging_mixin.py:137} INFO - [2023-02-19T16:59:12.071+0000] {dagbag.py:538} INFO - Filling up the DagBag from /home/airflow/.local/lib/python3.7/site-packages/airflow/example_dags/example_latest_only_with_trigger.py
[2023-02-19T16:59:12.089+0000] {processor.py:753} INFO - DAG(s) dict_keys(['latest_only_with_trigger']) retrieved from /home/airflow/.local/lib/python3.7/site-packages/airflow/example_dags/example_latest_only_with_trigger.py
[2023-02-19T16:59:12.133+0000] {logging_mixin.py:137} INFO - [2023-02-19T16:59:12.133+0000] {dag.py:2676} INFO - Sync 1 DAGs
[2023-02-19T16:59:12.164+0000] {logging_mixin.py:137} INFO - [2023-02-19T16:59:12.164+0000] {dag.py:3427} INFO - Setting next_dagrun for latest_only_with_trigger to 2023-02-19T12:59:12.163981+00:00, run_after=2023-02-19T16:59:12.163981+00:00
[2023-02-19T16:59:12.186+0000] {processor.py:175} INFO - Processing /home/airflow/.local/lib/python3.7/site-packages/airflow/example_dags/example_latest_only_with_trigger.py took 0.122 seconds
[2023-02-19T16:59:43.127+0000] {processor.py:153} INFO - Started process (PID=1261) to work on /home/airflow/.local/lib/python3.7/site-packages/airflow/example_dags/example_latest_only_with_trigger.py
[2023-02-19T16:59:43.129+0000] {processor.py:743} INFO - Processing file /home/airflow/.local/lib/python3.7/site-packages/airflow/example_dags/example_latest_only_with_trigger.py for tasks to queue
[2023-02-19T16:59:43.131+0000] {logging_mixin.py:137} INFO - [2023-02-19T16:59:43.131+0000] {dagbag.py:538} INFO - Filling up the DagBag from /home/airflow/.local/lib/python3.7/site-packages/airflow/example_dags/example_latest_only_with_trigger.py
[2023-02-19T16:59:43.152+0000] {processor.py:753} INFO - DAG(s) dict_keys(['latest_only_with_trigger']) retrieved from /home/airflow/.local/lib/python3.7/site-packages/airflow/example_dags/example_latest_only_with_trigger.py
[2023-02-19T16:59:43.201+0000] {logging_mixin.py:137} INFO - [2023-02-19T16:59:43.201+0000] {dag.py:2676} INFO - Sync 1 DAGs
[2023-02-19T16:59:43.236+0000] {logging_mixin.py:137} INFO - [2023-02-19T16:59:43.235+0000] {dag.py:3427} INFO - Setting next_dagrun for latest_only_with_trigger to 2023-02-19T12:59:43.235600+00:00, run_after=2023-02-19T16:59:43.235600+00:00
[2023-02-19T16:59:43.260+0000] {processor.py:175} INFO - Processing /home/airflow/.local/lib/python3.7/site-packages/airflow/example_dags/example_latest_only_with_trigger.py took 0.139 seconds
[2023-02-19T17:00:14.934+0000] {processor.py:153} INFO - Started process (PID=1353) to work on /home/airflow/.local/lib/python3.7/site-packages/airflow/example_dags/example_latest_only_with_trigger.py
[2023-02-19T17:00:14.936+0000] {processor.py:743} INFO - Processing file /home/airflow/.local/lib/python3.7/site-packages/airflow/example_dags/example_latest_only_with_trigger.py for tasks to queue
[2023-02-19T17:00:14.937+0000] {logging_mixin.py:137} INFO - [2023-02-19T17:00:14.937+0000] {dagbag.py:538} INFO - Filling up the DagBag from /home/airflow/.local/lib/python3.7/site-packages/airflow/example_dags/example_latest_only_with_trigger.py
[2023-02-19T17:00:14.955+0000] {processor.py:753} INFO - DAG(s) dict_keys(['latest_only_with_trigger']) retrieved from /home/airflow/.local/lib/python3.7/site-packages/airflow/example_dags/example_latest_only_with_trigger.py
[2023-02-19T17:00:15.006+0000] {logging_mixin.py:137} INFO - [2023-02-19T17:00:15.005+0000] {dag.py:2676} INFO - Sync 1 DAGs
[2023-02-19T17:00:15.059+0000] {logging_mixin.py:137} INFO - [2023-02-19T17:00:15.059+0000] {dag.py:3427} INFO - Setting next_dagrun for latest_only_with_trigger to 2023-02-19T13:00:15.058555+00:00, run_after=2023-02-19T17:00:15.058555+00:00
[2023-02-19T17:00:15.091+0000] {processor.py:175} INFO - Processing /home/airflow/.local/lib/python3.7/site-packages/airflow/example_dags/example_latest_only_with_trigger.py took 0.162 seconds
[2023-02-19T17:00:46.384+0000] {processor.py:153} INFO - Started process (PID=1442) to work on /home/airflow/.local/lib/python3.7/site-packages/airflow/example_dags/example_latest_only_with_trigger.py
[2023-02-19T17:00:46.388+0000] {processor.py:743} INFO - Processing file /home/airflow/.local/lib/python3.7/site-packages/airflow/example_dags/example_latest_only_with_trigger.py for tasks to queue
[2023-02-19T17:00:46.391+0000] {logging_mixin.py:137} INFO - [2023-02-19T17:00:46.391+0000] {dagbag.py:538} INFO - Filling up the DagBag from /home/airflow/.local/lib/python3.7/site-packages/airflow/example_dags/example_latest_only_with_trigger.py
[2023-02-19T17:00:46.438+0000] {processor.py:753} INFO - DAG(s) dict_keys(['latest_only_with_trigger']) retrieved from /home/airflow/.local/lib/python3.7/site-packages/airflow/example_dags/example_latest_only_with_trigger.py
[2023-02-19T17:00:46.518+0000] {logging_mixin.py:137} INFO - [2023-02-19T17:00:46.518+0000] {dag.py:2676} INFO - Sync 1 DAGs
[2023-02-19T17:00:46.555+0000] {logging_mixin.py:137} INFO - [2023-02-19T17:00:46.555+0000] {dag.py:3427} INFO - Setting next_dagrun for latest_only_with_trigger to 2023-02-19T13:00:46.555373+00:00, run_after=2023-02-19T17:00:46.555373+00:00
[2023-02-19T17:00:46.582+0000] {processor.py:175} INFO - Processing /home/airflow/.local/lib/python3.7/site-packages/airflow/example_dags/example_latest_only_with_trigger.py took 0.205 seconds
[2023-02-19T17:01:17.774+0000] {processor.py:153} INFO - Started process (PID=1533) to work on /home/airflow/.local/lib/python3.7/site-packages/airflow/example_dags/example_latest_only_with_trigger.py
[2023-02-19T17:01:17.777+0000] {processor.py:743} INFO - Processing file /home/airflow/.local/lib/python3.7/site-packages/airflow/example_dags/example_latest_only_with_trigger.py for tasks to queue
[2023-02-19T17:01:17.778+0000] {logging_mixin.py:137} INFO - [2023-02-19T17:01:17.778+0000] {dagbag.py:538} INFO - Filling up the DagBag from /home/airflow/.local/lib/python3.7/site-packages/airflow/example_dags/example_latest_only_with_trigger.py
[2023-02-19T17:01:17.795+0000] {processor.py:753} INFO - DAG(s) dict_keys(['latest_only_with_trigger']) retrieved from /home/airflow/.local/lib/python3.7/site-packages/airflow/example_dags/example_latest_only_with_trigger.py
[2023-02-19T17:01:17.839+0000] {logging_mixin.py:137} INFO - [2023-02-19T17:01:17.839+0000] {dag.py:2676} INFO - Sync 1 DAGs
[2023-02-19T17:01:17.869+0000] {logging_mixin.py:137} INFO - [2023-02-19T17:01:17.869+0000] {dag.py:3427} INFO - Setting next_dagrun for latest_only_with_trigger to 2023-02-19T13:01:17.869052+00:00, run_after=2023-02-19T17:01:17.869052+00:00
[2023-02-19T17:01:17.893+0000] {processor.py:175} INFO - Processing /home/airflow/.local/lib/python3.7/site-packages/airflow/example_dags/example_latest_only_with_trigger.py took 0.123 seconds
[2023-02-19T17:01:48.913+0000] {processor.py:153} INFO - Started process (PID=1622) to work on /home/airflow/.local/lib/python3.7/site-packages/airflow/example_dags/example_latest_only_with_trigger.py
[2023-02-19T17:01:48.915+0000] {processor.py:743} INFO - Processing file /home/airflow/.local/lib/python3.7/site-packages/airflow/example_dags/example_latest_only_with_trigger.py for tasks to queue
[2023-02-19T17:01:48.918+0000] {logging_mixin.py:137} INFO - [2023-02-19T17:01:48.918+0000] {dagbag.py:538} INFO - Filling up the DagBag from /home/airflow/.local/lib/python3.7/site-packages/airflow/example_dags/example_latest_only_with_trigger.py
[2023-02-19T17:01:48.936+0000] {processor.py:753} INFO - DAG(s) dict_keys(['latest_only_with_trigger']) retrieved from /home/airflow/.local/lib/python3.7/site-packages/airflow/example_dags/example_latest_only_with_trigger.py
[2023-02-19T17:01:48.979+0000] {logging_mixin.py:137} INFO - [2023-02-19T17:01:48.979+0000] {dag.py:2676} INFO - Sync 1 DAGs
[2023-02-19T17:01:49.007+0000] {logging_mixin.py:137} INFO - [2023-02-19T17:01:49.006+0000] {dag.py:3427} INFO - Setting next_dagrun for latest_only_with_trigger to 2023-02-19T13:01:49.006711+00:00, run_after=2023-02-19T17:01:49.006711+00:00
[2023-02-19T17:01:49.027+0000] {processor.py:175} INFO - Processing /home/airflow/.local/lib/python3.7/site-packages/airflow/example_dags/example_latest_only_with_trigger.py took 0.119 seconds
[2023-02-19T17:02:20.019+0000] {processor.py:153} INFO - Started process (PID=1720) to work on /home/airflow/.local/lib/python3.7/site-packages/airflow/example_dags/example_latest_only_with_trigger.py
[2023-02-19T17:02:20.021+0000] {processor.py:743} INFO - Processing file /home/airflow/.local/lib/python3.7/site-packages/airflow/example_dags/example_latest_only_with_trigger.py for tasks to queue
[2023-02-19T17:02:20.023+0000] {logging_mixin.py:137} INFO - [2023-02-19T17:02:20.023+0000] {dagbag.py:538} INFO - Filling up the DagBag from /home/airflow/.local/lib/python3.7/site-packages/airflow/example_dags/example_latest_only_with_trigger.py
[2023-02-19T17:02:20.040+0000] {processor.py:753} INFO - DAG(s) dict_keys(['latest_only_with_trigger']) retrieved from /home/airflow/.local/lib/python3.7/site-packages/airflow/example_dags/example_latest_only_with_trigger.py
[2023-02-19T17:02:20.084+0000] {logging_mixin.py:137} INFO - [2023-02-19T17:02:20.084+0000] {dag.py:2676} INFO - Sync 1 DAGs
[2023-02-19T17:02:20.112+0000] {logging_mixin.py:137} INFO - [2023-02-19T17:02:20.112+0000] {dag.py:3427} INFO - Setting next_dagrun for latest_only_with_trigger to 2023-02-19T13:02:20.112043+00:00, run_after=2023-02-19T17:02:20.112043+00:00
[2023-02-19T17:02:20.135+0000] {processor.py:175} INFO - Processing /home/airflow/.local/lib/python3.7/site-packages/airflow/example_dags/example_latest_only_with_trigger.py took 0.120 seconds
[2023-02-19T17:02:51.491+0000] {processor.py:153} INFO - Started process (PID=1802) to work on /home/airflow/.local/lib/python3.7/site-packages/airflow/example_dags/example_latest_only_with_trigger.py
[2023-02-19T17:02:51.493+0000] {processor.py:743} INFO - Processing file /home/airflow/.local/lib/python3.7/site-packages/airflow/example_dags/example_latest_only_with_trigger.py for tasks to queue
[2023-02-19T17:02:51.495+0000] {logging_mixin.py:137} INFO - [2023-02-19T17:02:51.495+0000] {dagbag.py:538} INFO - Filling up the DagBag from /home/airflow/.local/lib/python3.7/site-packages/airflow/example_dags/example_latest_only_with_trigger.py
[2023-02-19T17:02:51.515+0000] {processor.py:753} INFO - DAG(s) dict_keys(['latest_only_with_trigger']) retrieved from /home/airflow/.local/lib/python3.7/site-packages/airflow/example_dags/example_latest_only_with_trigger.py
[2023-02-19T17:02:51.577+0000] {logging_mixin.py:137} INFO - [2023-02-19T17:02:51.577+0000] {dag.py:2676} INFO - Sync 1 DAGs
[2023-02-19T17:02:51.615+0000] {logging_mixin.py:137} INFO - [2023-02-19T17:02:51.615+0000] {dag.py:3427} INFO - Setting next_dagrun for latest_only_with_trigger to 2023-02-19T13:02:51.614942+00:00, run_after=2023-02-19T17:02:51.614942+00:00
[2023-02-19T17:02:51.640+0000] {processor.py:175} INFO - Processing /home/airflow/.local/lib/python3.7/site-packages/airflow/example_dags/example_latest_only_with_trigger.py took 0.154 seconds
[2023-02-19T17:03:23.072+0000] {processor.py:153} INFO - Started process (PID=1900) to work on /home/airflow/.local/lib/python3.7/site-packages/airflow/example_dags/example_latest_only_with_trigger.py
[2023-02-19T17:03:23.076+0000] {processor.py:743} INFO - Processing file /home/airflow/.local/lib/python3.7/site-packages/airflow/example_dags/example_latest_only_with_trigger.py for tasks to queue
[2023-02-19T17:03:23.079+0000] {logging_mixin.py:137} INFO - [2023-02-19T17:03:23.078+0000] {dagbag.py:538} INFO - Filling up the DagBag from /home/airflow/.local/lib/python3.7/site-packages/airflow/example_dags/example_latest_only_with_trigger.py
[2023-02-19T17:03:23.103+0000] {processor.py:753} INFO - DAG(s) dict_keys(['latest_only_with_trigger']) retrieved from /home/airflow/.local/lib/python3.7/site-packages/airflow/example_dags/example_latest_only_with_trigger.py
[2023-02-19T17:03:23.160+0000] {logging_mixin.py:137} INFO - [2023-02-19T17:03:23.160+0000] {dag.py:2676} INFO - Sync 1 DAGs
[2023-02-19T17:03:23.192+0000] {logging_mixin.py:137} INFO - [2023-02-19T17:03:23.191+0000] {dag.py:3427} INFO - Setting next_dagrun for latest_only_with_trigger to 2023-02-19T13:03:23.191527+00:00, run_after=2023-02-19T17:03:23.191527+00:00
[2023-02-19T17:03:23.212+0000] {processor.py:175} INFO - Processing /home/airflow/.local/lib/python3.7/site-packages/airflow/example_dags/example_latest_only_with_trigger.py took 0.148 seconds
[2023-02-19T17:03:54.305+0000] {processor.py:153} INFO - Started process (PID=1982) to work on /home/airflow/.local/lib/python3.7/site-packages/airflow/example_dags/example_latest_only_with_trigger.py
[2023-02-19T17:03:54.307+0000] {processor.py:743} INFO - Processing file /home/airflow/.local/lib/python3.7/site-packages/airflow/example_dags/example_latest_only_with_trigger.py for tasks to queue
[2023-02-19T17:03:54.309+0000] {logging_mixin.py:137} INFO - [2023-02-19T17:03:54.309+0000] {dagbag.py:538} INFO - Filling up the DagBag from /home/airflow/.local/lib/python3.7/site-packages/airflow/example_dags/example_latest_only_with_trigger.py
[2023-02-19T17:03:54.325+0000] {processor.py:753} INFO - DAG(s) dict_keys(['latest_only_with_trigger']) retrieved from /home/airflow/.local/lib/python3.7/site-packages/airflow/example_dags/example_latest_only_with_trigger.py
[2023-02-19T17:03:54.368+0000] {logging_mixin.py:137} INFO - [2023-02-19T17:03:54.368+0000] {dag.py:2676} INFO - Sync 1 DAGs
[2023-02-19T17:03:54.397+0000] {logging_mixin.py:137} INFO - [2023-02-19T17:03:54.397+0000] {dag.py:3427} INFO - Setting next_dagrun for latest_only_with_trigger to 2023-02-19T13:03:54.397315+00:00, run_after=2023-02-19T17:03:54.397315+00:00
[2023-02-19T17:03:54.420+0000] {processor.py:175} INFO - Processing /home/airflow/.local/lib/python3.7/site-packages/airflow/example_dags/example_latest_only_with_trigger.py took 0.119 seconds
[2023-02-19T17:04:25.755+0000] {processor.py:153} INFO - Started process (PID=2080) to work on /home/airflow/.local/lib/python3.7/site-packages/airflow/example_dags/example_latest_only_with_trigger.py
[2023-02-19T17:04:25.758+0000] {processor.py:743} INFO - Processing file /home/airflow/.local/lib/python3.7/site-packages/airflow/example_dags/example_latest_only_with_trigger.py for tasks to queue
[2023-02-19T17:04:25.760+0000] {logging_mixin.py:137} INFO - [2023-02-19T17:04:25.760+0000] {dagbag.py:538} INFO - Filling up the DagBag from /home/airflow/.local/lib/python3.7/site-packages/airflow/example_dags/example_latest_only_with_trigger.py
[2023-02-19T17:04:25.783+0000] {processor.py:753} INFO - DAG(s) dict_keys(['latest_only_with_trigger']) retrieved from /home/airflow/.local/lib/python3.7/site-packages/airflow/example_dags/example_latest_only_with_trigger.py
[2023-02-19T17:04:25.838+0000] {logging_mixin.py:137} INFO - [2023-02-19T17:04:25.838+0000] {dag.py:2676} INFO - Sync 1 DAGs
[2023-02-19T17:04:25.877+0000] {logging_mixin.py:137} INFO - [2023-02-19T17:04:25.877+0000] {dag.py:3427} INFO - Setting next_dagrun for latest_only_with_trigger to 2023-02-19T13:04:25.876880+00:00, run_after=2023-02-19T17:04:25.876880+00:00
[2023-02-19T17:04:25.906+0000] {processor.py:175} INFO - Processing /home/airflow/.local/lib/python3.7/site-packages/airflow/example_dags/example_latest_only_with_trigger.py took 0.157 seconds
[2023-02-19T17:04:56.641+0000] {processor.py:153} INFO - Started process (PID=2162) to work on /home/airflow/.local/lib/python3.7/site-packages/airflow/example_dags/example_latest_only_with_trigger.py
[2023-02-19T17:04:56.644+0000] {processor.py:743} INFO - Processing file /home/airflow/.local/lib/python3.7/site-packages/airflow/example_dags/example_latest_only_with_trigger.py for tasks to queue
[2023-02-19T17:04:56.645+0000] {logging_mixin.py:137} INFO - [2023-02-19T17:04:56.645+0000] {dagbag.py:538} INFO - Filling up the DagBag from /home/airflow/.local/lib/python3.7/site-packages/airflow/example_dags/example_latest_only_with_trigger.py
[2023-02-19T17:04:56.668+0000] {processor.py:753} INFO - DAG(s) dict_keys(['latest_only_with_trigger']) retrieved from /home/airflow/.local/lib/python3.7/site-packages/airflow/example_dags/example_latest_only_with_trigger.py
[2023-02-19T17:04:56.712+0000] {logging_mixin.py:137} INFO - [2023-02-19T17:04:56.712+0000] {dag.py:2676} INFO - Sync 1 DAGs
[2023-02-19T17:04:56.740+0000] {logging_mixin.py:137} INFO - [2023-02-19T17:04:56.740+0000] {dag.py:3427} INFO - Setting next_dagrun for latest_only_with_trigger to 2023-02-19T13:04:56.740268+00:00, run_after=2023-02-19T17:04:56.740268+00:00
[2023-02-19T17:04:56.760+0000] {processor.py:175} INFO - Processing /home/airflow/.local/lib/python3.7/site-packages/airflow/example_dags/example_latest_only_with_trigger.py took 0.124 seconds
[2023-02-19T17:05:27.542+0000] {processor.py:153} INFO - Started process (PID=2260) to work on /home/airflow/.local/lib/python3.7/site-packages/airflow/example_dags/example_latest_only_with_trigger.py
[2023-02-19T17:05:27.544+0000] {processor.py:743} INFO - Processing file /home/airflow/.local/lib/python3.7/site-packages/airflow/example_dags/example_latest_only_with_trigger.py for tasks to queue
[2023-02-19T17:05:27.546+0000] {logging_mixin.py:137} INFO - [2023-02-19T17:05:27.546+0000] {dagbag.py:538} INFO - Filling up the DagBag from /home/airflow/.local/lib/python3.7/site-packages/airflow/example_dags/example_latest_only_with_trigger.py
[2023-02-19T17:05:27.566+0000] {processor.py:753} INFO - DAG(s) dict_keys(['latest_only_with_trigger']) retrieved from /home/airflow/.local/lib/python3.7/site-packages/airflow/example_dags/example_latest_only_with_trigger.py
[2023-02-19T17:05:27.620+0000] {logging_mixin.py:137} INFO - [2023-02-19T17:05:27.619+0000] {dag.py:2676} INFO - Sync 1 DAGs
[2023-02-19T17:05:27.652+0000] {logging_mixin.py:137} INFO - [2023-02-19T17:05:27.652+0000] {dag.py:3427} INFO - Setting next_dagrun for latest_only_with_trigger to 2023-02-19T13:05:27.652035+00:00, run_after=2023-02-19T17:05:27.652035+00:00
[2023-02-19T17:05:27.672+0000] {processor.py:175} INFO - Processing /home/airflow/.local/lib/python3.7/site-packages/airflow/example_dags/example_latest_only_with_trigger.py took 0.135 seconds
[2023-02-19T17:05:58.816+0000] {processor.py:153} INFO - Started process (PID=2342) to work on /home/airflow/.local/lib/python3.7/site-packages/airflow/example_dags/example_latest_only_with_trigger.py
[2023-02-19T17:05:58.819+0000] {processor.py:743} INFO - Processing file /home/airflow/.local/lib/python3.7/site-packages/airflow/example_dags/example_latest_only_with_trigger.py for tasks to queue
[2023-02-19T17:05:58.821+0000] {logging_mixin.py:137} INFO - [2023-02-19T17:05:58.820+0000] {dagbag.py:538} INFO - Filling up the DagBag from /home/airflow/.local/lib/python3.7/site-packages/airflow/example_dags/example_latest_only_with_trigger.py
[2023-02-19T17:05:58.842+0000] {processor.py:753} INFO - DAG(s) dict_keys(['latest_only_with_trigger']) retrieved from /home/airflow/.local/lib/python3.7/site-packages/airflow/example_dags/example_latest_only_with_trigger.py
[2023-02-19T17:05:58.892+0000] {logging_mixin.py:137} INFO - [2023-02-19T17:05:58.891+0000] {dag.py:2676} INFO - Sync 1 DAGs
[2023-02-19T17:05:58.920+0000] {logging_mixin.py:137} INFO - [2023-02-19T17:05:58.920+0000] {dag.py:3427} INFO - Setting next_dagrun for latest_only_with_trigger to 2023-02-19T13:05:58.920164+00:00, run_after=2023-02-19T17:05:58.920164+00:00
[2023-02-19T17:05:58.947+0000] {processor.py:175} INFO - Processing /home/airflow/.local/lib/python3.7/site-packages/airflow/example_dags/example_latest_only_with_trigger.py took 0.136 seconds
[2023-02-19T17:06:29.841+0000] {processor.py:153} INFO - Started process (PID=2441) to work on /home/airflow/.local/lib/python3.7/site-packages/airflow/example_dags/example_latest_only_with_trigger.py
[2023-02-19T17:06:29.843+0000] {processor.py:743} INFO - Processing file /home/airflow/.local/lib/python3.7/site-packages/airflow/example_dags/example_latest_only_with_trigger.py for tasks to queue
[2023-02-19T17:06:29.845+0000] {logging_mixin.py:137} INFO - [2023-02-19T17:06:29.845+0000] {dagbag.py:538} INFO - Filling up the DagBag from /home/airflow/.local/lib/python3.7/site-packages/airflow/example_dags/example_latest_only_with_trigger.py
[2023-02-19T17:06:29.865+0000] {processor.py:753} INFO - DAG(s) dict_keys(['latest_only_with_trigger']) retrieved from /home/airflow/.local/lib/python3.7/site-packages/airflow/example_dags/example_latest_only_with_trigger.py
[2023-02-19T17:06:29.909+0000] {logging_mixin.py:137} INFO - [2023-02-19T17:06:29.909+0000] {dag.py:2676} INFO - Sync 1 DAGs
[2023-02-19T17:06:29.943+0000] {logging_mixin.py:137} INFO - [2023-02-19T17:06:29.943+0000] {dag.py:3427} INFO - Setting next_dagrun for latest_only_with_trigger to 2023-02-19T13:06:29.943351+00:00, run_after=2023-02-19T17:06:29.943351+00:00
[2023-02-19T17:06:29.975+0000] {processor.py:175} INFO - Processing /home/airflow/.local/lib/python3.7/site-packages/airflow/example_dags/example_latest_only_with_trigger.py took 0.139 seconds
