[2023-02-19T16:52:57.603+0000] {processor.py:153} INFO - Started process (PID=97) to work on /home/airflow/.local/lib/python3.7/site-packages/airflow/example_dags/example_datasets.py
[2023-02-19T16:52:57.606+0000] {processor.py:743} INFO - Processing file /home/airflow/.local/lib/python3.7/site-packages/airflow/example_dags/example_datasets.py for tasks to queue
[2023-02-19T16:52:57.608+0000] {logging_mixin.py:137} INFO - [2023-02-19T16:52:57.608+0000] {dagbag.py:538} INFO - Filling up the DagBag from /home/airflow/.local/lib/python3.7/site-packages/airflow/example_dags/example_datasets.py
[2023-02-19T16:52:57.647+0000] {processor.py:753} INFO - DAG(s) dict_keys(['dataset_consumes_1_never_scheduled', 'dataset_consumes_unknown_never_scheduled', 'dataset_produces_1', 'dataset_produces_2', 'dataset_consumes_1_and_2', 'dataset_consumes_1']) retrieved from /home/airflow/.local/lib/python3.7/site-packages/airflow/example_dags/example_datasets.py
[2023-02-19T16:52:57.780+0000] {logging_mixin.py:137} INFO - [2023-02-19T16:52:57.780+0000] {dag.py:2676} INFO - Sync 6 DAGs
[2023-02-19T16:52:57.810+0000] {logging_mixin.py:137} INFO - [2023-02-19T16:52:57.810+0000] {dag.py:3427} INFO - Setting next_dagrun for dataset_consumes_1 to None, run_after=None
[2023-02-19T16:52:57.815+0000] {logging_mixin.py:137} INFO - [2023-02-19T16:52:57.814+0000] {dag.py:3427} INFO - Setting next_dagrun for dataset_consumes_1_and_2 to None, run_after=None
[2023-02-19T16:52:57.817+0000] {logging_mixin.py:137} INFO - [2023-02-19T16:52:57.816+0000] {dag.py:3427} INFO - Setting next_dagrun for dataset_consumes_1_never_scheduled to None, run_after=None
[2023-02-19T16:52:57.818+0000] {logging_mixin.py:137} INFO - [2023-02-19T16:52:57.818+0000] {dag.py:3427} INFO - Setting next_dagrun for dataset_consumes_unknown_never_scheduled to None, run_after=None
[2023-02-19T16:52:57.822+0000] {logging_mixin.py:137} INFO - [2023-02-19T16:52:57.822+0000] {dag.py:3427} INFO - Setting next_dagrun for dataset_produces_1 to 2023-02-18T00:00:00+00:00, run_after=2023-02-19T00:00:00+00:00
[2023-02-19T16:52:57.824+0000] {logging_mixin.py:137} INFO - [2023-02-19T16:52:57.824+0000] {dag.py:3427} INFO - Setting next_dagrun for dataset_produces_2 to None, run_after=None
[2023-02-19T16:52:57.867+0000] {processor.py:175} INFO - Processing /home/airflow/.local/lib/python3.7/site-packages/airflow/example_dags/example_datasets.py took 0.269 seconds
[2023-02-19T16:53:29.121+0000] {processor.py:153} INFO - Started process (PID=196) to work on /home/airflow/.local/lib/python3.7/site-packages/airflow/example_dags/example_datasets.py
[2023-02-19T16:53:29.123+0000] {processor.py:743} INFO - Processing file /home/airflow/.local/lib/python3.7/site-packages/airflow/example_dags/example_datasets.py for tasks to queue
[2023-02-19T16:53:29.125+0000] {logging_mixin.py:137} INFO - [2023-02-19T16:53:29.125+0000] {dagbag.py:538} INFO - Filling up the DagBag from /home/airflow/.local/lib/python3.7/site-packages/airflow/example_dags/example_datasets.py
[2023-02-19T16:53:29.146+0000] {processor.py:753} INFO - DAG(s) dict_keys(['dataset_consumes_unknown_never_scheduled', 'dataset_consumes_1_never_scheduled', 'dataset_consumes_1', 'dataset_produces_2', 'dataset_consumes_1_and_2', 'dataset_produces_1']) retrieved from /home/airflow/.local/lib/python3.7/site-packages/airflow/example_dags/example_datasets.py
[2023-02-19T16:53:29.212+0000] {logging_mixin.py:137} INFO - [2023-02-19T16:53:29.212+0000] {dag.py:2676} INFO - Sync 6 DAGs
[2023-02-19T16:53:29.243+0000] {logging_mixin.py:137} INFO - [2023-02-19T16:53:29.243+0000] {dag.py:3427} INFO - Setting next_dagrun for dataset_consumes_1 to None, run_after=None
[2023-02-19T16:53:29.249+0000] {logging_mixin.py:137} INFO - [2023-02-19T16:53:29.249+0000] {dag.py:3427} INFO - Setting next_dagrun for dataset_consumes_1_and_2 to None, run_after=None
[2023-02-19T16:53:29.252+0000] {logging_mixin.py:137} INFO - [2023-02-19T16:53:29.252+0000] {dag.py:3427} INFO - Setting next_dagrun for dataset_consumes_1_never_scheduled to None, run_after=None
[2023-02-19T16:53:29.254+0000] {logging_mixin.py:137} INFO - [2023-02-19T16:53:29.254+0000] {dag.py:3427} INFO - Setting next_dagrun for dataset_consumes_unknown_never_scheduled to None, run_after=None
[2023-02-19T16:53:29.260+0000] {logging_mixin.py:137} INFO - [2023-02-19T16:53:29.259+0000] {dag.py:3427} INFO - Setting next_dagrun for dataset_produces_1 to 2023-02-18T00:00:00+00:00, run_after=2023-02-19T00:00:00+00:00
[2023-02-19T16:53:29.262+0000] {logging_mixin.py:137} INFO - [2023-02-19T16:53:29.262+0000] {dag.py:3427} INFO - Setting next_dagrun for dataset_produces_2 to None, run_after=None
[2023-02-19T16:53:29.300+0000] {processor.py:175} INFO - Processing /home/airflow/.local/lib/python3.7/site-packages/airflow/example_dags/example_datasets.py took 0.184 seconds
[2023-02-19T16:53:59.347+0000] {processor.py:153} INFO - Started process (PID=278) to work on /home/airflow/.local/lib/python3.7/site-packages/airflow/example_dags/example_datasets.py
[2023-02-19T16:53:59.349+0000] {processor.py:743} INFO - Processing file /home/airflow/.local/lib/python3.7/site-packages/airflow/example_dags/example_datasets.py for tasks to queue
[2023-02-19T16:53:59.351+0000] {logging_mixin.py:137} INFO - [2023-02-19T16:53:59.351+0000] {dagbag.py:538} INFO - Filling up the DagBag from /home/airflow/.local/lib/python3.7/site-packages/airflow/example_dags/example_datasets.py
[2023-02-19T16:53:59.371+0000] {processor.py:753} INFO - DAG(s) dict_keys(['dataset_consumes_unknown_never_scheduled', 'dataset_consumes_1', 'dataset_produces_2', 'dataset_consumes_1_never_scheduled', 'dataset_produces_1', 'dataset_consumes_1_and_2']) retrieved from /home/airflow/.local/lib/python3.7/site-packages/airflow/example_dags/example_datasets.py
[2023-02-19T16:53:59.432+0000] {logging_mixin.py:137} INFO - [2023-02-19T16:53:59.432+0000] {dag.py:2676} INFO - Sync 6 DAGs
[2023-02-19T16:53:59.460+0000] {logging_mixin.py:137} INFO - [2023-02-19T16:53:59.460+0000] {dag.py:3427} INFO - Setting next_dagrun for dataset_consumes_1 to None, run_after=None
[2023-02-19T16:53:59.466+0000] {logging_mixin.py:137} INFO - [2023-02-19T16:53:59.466+0000] {dag.py:3427} INFO - Setting next_dagrun for dataset_consumes_1_and_2 to None, run_after=None
[2023-02-19T16:53:59.469+0000] {logging_mixin.py:137} INFO - [2023-02-19T16:53:59.469+0000] {dag.py:3427} INFO - Setting next_dagrun for dataset_consumes_1_never_scheduled to None, run_after=None
[2023-02-19T16:53:59.471+0000] {logging_mixin.py:137} INFO - [2023-02-19T16:53:59.471+0000] {dag.py:3427} INFO - Setting next_dagrun for dataset_consumes_unknown_never_scheduled to None, run_after=None
[2023-02-19T16:53:59.475+0000] {logging_mixin.py:137} INFO - [2023-02-19T16:53:59.474+0000] {dag.py:3427} INFO - Setting next_dagrun for dataset_produces_1 to 2023-02-18T00:00:00+00:00, run_after=2023-02-19T00:00:00+00:00
[2023-02-19T16:53:59.476+0000] {logging_mixin.py:137} INFO - [2023-02-19T16:53:59.476+0000] {dag.py:3427} INFO - Setting next_dagrun for dataset_produces_2 to None, run_after=None
[2023-02-19T16:53:59.514+0000] {processor.py:175} INFO - Processing /home/airflow/.local/lib/python3.7/site-packages/airflow/example_dags/example_datasets.py took 0.171 seconds
[2023-02-19T16:54:31.493+0000] {processor.py:153} INFO - Started process (PID=375) to work on /home/airflow/.local/lib/python3.7/site-packages/airflow/example_dags/example_datasets.py
[2023-02-19T16:54:31.496+0000] {processor.py:743} INFO - Processing file /home/airflow/.local/lib/python3.7/site-packages/airflow/example_dags/example_datasets.py for tasks to queue
[2023-02-19T16:54:31.498+0000] {logging_mixin.py:137} INFO - [2023-02-19T16:54:31.498+0000] {dagbag.py:538} INFO - Filling up the DagBag from /home/airflow/.local/lib/python3.7/site-packages/airflow/example_dags/example_datasets.py
[2023-02-19T16:54:31.523+0000] {processor.py:753} INFO - DAG(s) dict_keys(['dataset_consumes_1', 'dataset_consumes_1_and_2', 'dataset_consumes_1_never_scheduled', 'dataset_produces_1', 'dataset_produces_2', 'dataset_consumes_unknown_never_scheduled']) retrieved from /home/airflow/.local/lib/python3.7/site-packages/airflow/example_dags/example_datasets.py
[2023-02-19T16:54:31.593+0000] {logging_mixin.py:137} INFO - [2023-02-19T16:54:31.593+0000] {dag.py:2676} INFO - Sync 6 DAGs
[2023-02-19T16:54:31.624+0000] {logging_mixin.py:137} INFO - [2023-02-19T16:54:31.624+0000] {dag.py:3427} INFO - Setting next_dagrun for dataset_consumes_1 to None, run_after=None
[2023-02-19T16:54:31.628+0000] {logging_mixin.py:137} INFO - [2023-02-19T16:54:31.628+0000] {dag.py:3427} INFO - Setting next_dagrun for dataset_consumes_1_and_2 to None, run_after=None
[2023-02-19T16:54:31.630+0000] {logging_mixin.py:137} INFO - [2023-02-19T16:54:31.630+0000] {dag.py:3427} INFO - Setting next_dagrun for dataset_consumes_1_never_scheduled to None, run_after=None
[2023-02-19T16:54:31.632+0000] {logging_mixin.py:137} INFO - [2023-02-19T16:54:31.632+0000] {dag.py:3427} INFO - Setting next_dagrun for dataset_consumes_unknown_never_scheduled to None, run_after=None
[2023-02-19T16:54:31.635+0000] {logging_mixin.py:137} INFO - [2023-02-19T16:54:31.635+0000] {dag.py:3427} INFO - Setting next_dagrun for dataset_produces_1 to 2023-02-18T00:00:00+00:00, run_after=2023-02-19T00:00:00+00:00
[2023-02-19T16:54:31.637+0000] {logging_mixin.py:137} INFO - [2023-02-19T16:54:31.637+0000] {dag.py:3427} INFO - Setting next_dagrun for dataset_produces_2 to None, run_after=None
[2023-02-19T16:54:31.671+0000] {processor.py:175} INFO - Processing /home/airflow/.local/lib/python3.7/site-packages/airflow/example_dags/example_datasets.py took 0.183 seconds
[2023-02-19T16:55:02.091+0000] {processor.py:153} INFO - Started process (PID=457) to work on /home/airflow/.local/lib/python3.7/site-packages/airflow/example_dags/example_datasets.py
[2023-02-19T16:55:02.093+0000] {processor.py:743} INFO - Processing file /home/airflow/.local/lib/python3.7/site-packages/airflow/example_dags/example_datasets.py for tasks to queue
[2023-02-19T16:55:02.094+0000] {logging_mixin.py:137} INFO - [2023-02-19T16:55:02.094+0000] {dagbag.py:538} INFO - Filling up the DagBag from /home/airflow/.local/lib/python3.7/site-packages/airflow/example_dags/example_datasets.py
[2023-02-19T16:55:02.114+0000] {processor.py:753} INFO - DAG(s) dict_keys(['dataset_produces_2', 'dataset_consumes_1_and_2', 'dataset_consumes_1', 'dataset_consumes_1_never_scheduled', 'dataset_produces_1', 'dataset_consumes_unknown_never_scheduled']) retrieved from /home/airflow/.local/lib/python3.7/site-packages/airflow/example_dags/example_datasets.py
[2023-02-19T16:55:02.172+0000] {logging_mixin.py:137} INFO - [2023-02-19T16:55:02.172+0000] {dag.py:2676} INFO - Sync 6 DAGs
[2023-02-19T16:55:02.202+0000] {logging_mixin.py:137} INFO - [2023-02-19T16:55:02.202+0000] {dag.py:3427} INFO - Setting next_dagrun for dataset_consumes_1 to None, run_after=None
[2023-02-19T16:55:02.207+0000] {logging_mixin.py:137} INFO - [2023-02-19T16:55:02.206+0000] {dag.py:3427} INFO - Setting next_dagrun for dataset_consumes_1_and_2 to None, run_after=None
[2023-02-19T16:55:02.209+0000] {logging_mixin.py:137} INFO - [2023-02-19T16:55:02.209+0000] {dag.py:3427} INFO - Setting next_dagrun for dataset_consumes_1_never_scheduled to None, run_after=None
[2023-02-19T16:55:02.211+0000] {logging_mixin.py:137} INFO - [2023-02-19T16:55:02.211+0000] {dag.py:3427} INFO - Setting next_dagrun for dataset_consumes_unknown_never_scheduled to None, run_after=None
[2023-02-19T16:55:02.214+0000] {logging_mixin.py:137} INFO - [2023-02-19T16:55:02.214+0000] {dag.py:3427} INFO - Setting next_dagrun for dataset_produces_1 to 2023-02-18T00:00:00+00:00, run_after=2023-02-19T00:00:00+00:00
[2023-02-19T16:55:02.216+0000] {logging_mixin.py:137} INFO - [2023-02-19T16:55:02.216+0000] {dag.py:3427} INFO - Setting next_dagrun for dataset_produces_2 to None, run_after=None
[2023-02-19T16:55:02.252+0000] {processor.py:175} INFO - Processing /home/airflow/.local/lib/python3.7/site-packages/airflow/example_dags/example_datasets.py took 0.166 seconds
[2023-02-19T16:55:34.092+0000] {processor.py:153} INFO - Started process (PID=555) to work on /home/airflow/.local/lib/python3.7/site-packages/airflow/example_dags/example_datasets.py
[2023-02-19T16:55:34.096+0000] {processor.py:743} INFO - Processing file /home/airflow/.local/lib/python3.7/site-packages/airflow/example_dags/example_datasets.py for tasks to queue
[2023-02-19T16:55:34.098+0000] {logging_mixin.py:137} INFO - [2023-02-19T16:55:34.098+0000] {dagbag.py:538} INFO - Filling up the DagBag from /home/airflow/.local/lib/python3.7/site-packages/airflow/example_dags/example_datasets.py
[2023-02-19T16:55:34.121+0000] {processor.py:753} INFO - DAG(s) dict_keys(['dataset_produces_2', 'dataset_produces_1', 'dataset_consumes_1_never_scheduled', 'dataset_consumes_1', 'dataset_consumes_unknown_never_scheduled', 'dataset_consumes_1_and_2']) retrieved from /home/airflow/.local/lib/python3.7/site-packages/airflow/example_dags/example_datasets.py
[2023-02-19T16:55:34.180+0000] {logging_mixin.py:137} INFO - [2023-02-19T16:55:34.180+0000] {dag.py:2676} INFO - Sync 6 DAGs
[2023-02-19T16:55:34.209+0000] {logging_mixin.py:137} INFO - [2023-02-19T16:55:34.209+0000] {dag.py:3427} INFO - Setting next_dagrun for dataset_consumes_1 to None, run_after=None
[2023-02-19T16:55:34.214+0000] {logging_mixin.py:137} INFO - [2023-02-19T16:55:34.213+0000] {dag.py:3427} INFO - Setting next_dagrun for dataset_consumes_1_and_2 to None, run_after=None
[2023-02-19T16:55:34.216+0000] {logging_mixin.py:137} INFO - [2023-02-19T16:55:34.216+0000] {dag.py:3427} INFO - Setting next_dagrun for dataset_consumes_1_never_scheduled to None, run_after=None
[2023-02-19T16:55:34.218+0000] {logging_mixin.py:137} INFO - [2023-02-19T16:55:34.217+0000] {dag.py:3427} INFO - Setting next_dagrun for dataset_consumes_unknown_never_scheduled to None, run_after=None
[2023-02-19T16:55:34.221+0000] {logging_mixin.py:137} INFO - [2023-02-19T16:55:34.221+0000] {dag.py:3427} INFO - Setting next_dagrun for dataset_produces_1 to 2023-02-18T00:00:00+00:00, run_after=2023-02-19T00:00:00+00:00
[2023-02-19T16:55:34.223+0000] {logging_mixin.py:137} INFO - [2023-02-19T16:55:34.223+0000] {dag.py:3427} INFO - Setting next_dagrun for dataset_produces_2 to None, run_after=None
[2023-02-19T16:55:34.259+0000] {processor.py:175} INFO - Processing /home/airflow/.local/lib/python3.7/site-packages/airflow/example_dags/example_datasets.py took 0.173 seconds
[2023-02-19T16:56:05.294+0000] {processor.py:153} INFO - Started process (PID=638) to work on /home/airflow/.local/lib/python3.7/site-packages/airflow/example_dags/example_datasets.py
[2023-02-19T16:56:05.297+0000] {processor.py:743} INFO - Processing file /home/airflow/.local/lib/python3.7/site-packages/airflow/example_dags/example_datasets.py for tasks to queue
[2023-02-19T16:56:05.298+0000] {logging_mixin.py:137} INFO - [2023-02-19T16:56:05.298+0000] {dagbag.py:538} INFO - Filling up the DagBag from /home/airflow/.local/lib/python3.7/site-packages/airflow/example_dags/example_datasets.py
[2023-02-19T16:56:05.318+0000] {processor.py:753} INFO - DAG(s) dict_keys(['dataset_consumes_1_never_scheduled', 'dataset_consumes_1_and_2', 'dataset_produces_1', 'dataset_consumes_unknown_never_scheduled', 'dataset_produces_2', 'dataset_consumes_1']) retrieved from /home/airflow/.local/lib/python3.7/site-packages/airflow/example_dags/example_datasets.py
[2023-02-19T16:56:05.393+0000] {logging_mixin.py:137} INFO - [2023-02-19T16:56:05.393+0000] {dag.py:2676} INFO - Sync 6 DAGs
[2023-02-19T16:56:05.424+0000] {logging_mixin.py:137} INFO - [2023-02-19T16:56:05.424+0000] {dag.py:3427} INFO - Setting next_dagrun for dataset_consumes_1 to None, run_after=None
[2023-02-19T16:56:05.429+0000] {logging_mixin.py:137} INFO - [2023-02-19T16:56:05.429+0000] {dag.py:3427} INFO - Setting next_dagrun for dataset_consumes_1_and_2 to None, run_after=None
[2023-02-19T16:56:05.432+0000] {logging_mixin.py:137} INFO - [2023-02-19T16:56:05.432+0000] {dag.py:3427} INFO - Setting next_dagrun for dataset_consumes_1_never_scheduled to None, run_after=None
[2023-02-19T16:56:05.434+0000] {logging_mixin.py:137} INFO - [2023-02-19T16:56:05.434+0000] {dag.py:3427} INFO - Setting next_dagrun for dataset_consumes_unknown_never_scheduled to None, run_after=None
[2023-02-19T16:56:05.438+0000] {logging_mixin.py:137} INFO - [2023-02-19T16:56:05.438+0000] {dag.py:3427} INFO - Setting next_dagrun for dataset_produces_1 to 2023-02-18T00:00:00+00:00, run_after=2023-02-19T00:00:00+00:00
[2023-02-19T16:56:05.442+0000] {logging_mixin.py:137} INFO - [2023-02-19T16:56:05.441+0000] {dag.py:3427} INFO - Setting next_dagrun for dataset_produces_2 to None, run_after=None
[2023-02-19T16:56:05.486+0000] {processor.py:175} INFO - Processing /home/airflow/.local/lib/python3.7/site-packages/airflow/example_dags/example_datasets.py took 0.195 seconds
[2023-02-19T16:56:36.309+0000] {processor.py:153} INFO - Started process (PID=735) to work on /home/airflow/.local/lib/python3.7/site-packages/airflow/example_dags/example_datasets.py
[2023-02-19T16:56:36.312+0000] {processor.py:743} INFO - Processing file /home/airflow/.local/lib/python3.7/site-packages/airflow/example_dags/example_datasets.py for tasks to queue
[2023-02-19T16:56:36.313+0000] {logging_mixin.py:137} INFO - [2023-02-19T16:56:36.313+0000] {dagbag.py:538} INFO - Filling up the DagBag from /home/airflow/.local/lib/python3.7/site-packages/airflow/example_dags/example_datasets.py
[2023-02-19T16:56:36.335+0000] {processor.py:753} INFO - DAG(s) dict_keys(['dataset_produces_2', 'dataset_produces_1', 'dataset_consumes_unknown_never_scheduled', 'dataset_consumes_1', 'dataset_consumes_1_and_2', 'dataset_consumes_1_never_scheduled']) retrieved from /home/airflow/.local/lib/python3.7/site-packages/airflow/example_dags/example_datasets.py
[2023-02-19T16:56:36.395+0000] {logging_mixin.py:137} INFO - [2023-02-19T16:56:36.394+0000] {dag.py:2676} INFO - Sync 6 DAGs
[2023-02-19T16:56:36.425+0000] {logging_mixin.py:137} INFO - [2023-02-19T16:56:36.425+0000] {dag.py:3427} INFO - Setting next_dagrun for dataset_consumes_1 to None, run_after=None
[2023-02-19T16:56:36.430+0000] {logging_mixin.py:137} INFO - [2023-02-19T16:56:36.430+0000] {dag.py:3427} INFO - Setting next_dagrun for dataset_consumes_1_and_2 to None, run_after=None
[2023-02-19T16:56:36.433+0000] {logging_mixin.py:137} INFO - [2023-02-19T16:56:36.432+0000] {dag.py:3427} INFO - Setting next_dagrun for dataset_consumes_1_never_scheduled to None, run_after=None
[2023-02-19T16:56:36.434+0000] {logging_mixin.py:137} INFO - [2023-02-19T16:56:36.434+0000] {dag.py:3427} INFO - Setting next_dagrun for dataset_consumes_unknown_never_scheduled to None, run_after=None
[2023-02-19T16:56:36.438+0000] {logging_mixin.py:137} INFO - [2023-02-19T16:56:36.438+0000] {dag.py:3427} INFO - Setting next_dagrun for dataset_produces_1 to 2023-02-18T00:00:00+00:00, run_after=2023-02-19T00:00:00+00:00
[2023-02-19T16:56:36.440+0000] {logging_mixin.py:137} INFO - [2023-02-19T16:56:36.440+0000] {dag.py:3427} INFO - Setting next_dagrun for dataset_produces_2 to None, run_after=None
[2023-02-19T16:56:36.475+0000] {processor.py:175} INFO - Processing /home/airflow/.local/lib/python3.7/site-packages/airflow/example_dags/example_datasets.py took 0.170 seconds
[2023-02-19T16:57:07.562+0000] {processor.py:153} INFO - Started process (PID=817) to work on /home/airflow/.local/lib/python3.7/site-packages/airflow/example_dags/example_datasets.py
[2023-02-19T16:57:07.565+0000] {processor.py:743} INFO - Processing file /home/airflow/.local/lib/python3.7/site-packages/airflow/example_dags/example_datasets.py for tasks to queue
[2023-02-19T16:57:07.566+0000] {logging_mixin.py:137} INFO - [2023-02-19T16:57:07.566+0000] {dagbag.py:538} INFO - Filling up the DagBag from /home/airflow/.local/lib/python3.7/site-packages/airflow/example_dags/example_datasets.py
[2023-02-19T16:57:07.591+0000] {processor.py:753} INFO - DAG(s) dict_keys(['dataset_consumes_unknown_never_scheduled', 'dataset_consumes_1_and_2', 'dataset_produces_1', 'dataset_consumes_1', 'dataset_produces_2', 'dataset_consumes_1_never_scheduled']) retrieved from /home/airflow/.local/lib/python3.7/site-packages/airflow/example_dags/example_datasets.py
[2023-02-19T16:57:07.668+0000] {logging_mixin.py:137} INFO - [2023-02-19T16:57:07.667+0000] {dag.py:2676} INFO - Sync 6 DAGs
[2023-02-19T16:57:07.711+0000] {logging_mixin.py:137} INFO - [2023-02-19T16:57:07.710+0000] {dag.py:3427} INFO - Setting next_dagrun for dataset_consumes_1 to None, run_after=None
[2023-02-19T16:57:07.718+0000] {logging_mixin.py:137} INFO - [2023-02-19T16:57:07.718+0000] {dag.py:3427} INFO - Setting next_dagrun for dataset_consumes_1_and_2 to None, run_after=None
[2023-02-19T16:57:07.721+0000] {logging_mixin.py:137} INFO - [2023-02-19T16:57:07.721+0000] {dag.py:3427} INFO - Setting next_dagrun for dataset_consumes_1_never_scheduled to None, run_after=None
[2023-02-19T16:57:07.724+0000] {logging_mixin.py:137} INFO - [2023-02-19T16:57:07.724+0000] {dag.py:3427} INFO - Setting next_dagrun for dataset_consumes_unknown_never_scheduled to None, run_after=None
[2023-02-19T16:57:07.731+0000] {logging_mixin.py:137} INFO - [2023-02-19T16:57:07.731+0000] {dag.py:3427} INFO - Setting next_dagrun for dataset_produces_1 to 2023-02-18T00:00:00+00:00, run_after=2023-02-19T00:00:00+00:00
[2023-02-19T16:57:07.735+0000] {logging_mixin.py:137} INFO - [2023-02-19T16:57:07.734+0000] {dag.py:3427} INFO - Setting next_dagrun for dataset_produces_2 to None, run_after=None
[2023-02-19T16:57:07.794+0000] {processor.py:175} INFO - Processing /home/airflow/.local/lib/python3.7/site-packages/airflow/example_dags/example_datasets.py took 0.237 seconds
[2023-02-19T16:57:39.179+0000] {processor.py:153} INFO - Started process (PID=915) to work on /home/airflow/.local/lib/python3.7/site-packages/airflow/example_dags/example_datasets.py
[2023-02-19T16:57:39.181+0000] {processor.py:743} INFO - Processing file /home/airflow/.local/lib/python3.7/site-packages/airflow/example_dags/example_datasets.py for tasks to queue
[2023-02-19T16:57:39.183+0000] {logging_mixin.py:137} INFO - [2023-02-19T16:57:39.183+0000] {dagbag.py:538} INFO - Filling up the DagBag from /home/airflow/.local/lib/python3.7/site-packages/airflow/example_dags/example_datasets.py
[2023-02-19T16:57:39.202+0000] {processor.py:753} INFO - DAG(s) dict_keys(['dataset_consumes_unknown_never_scheduled', 'dataset_produces_1', 'dataset_consumes_1', 'dataset_consumes_1_never_scheduled', 'dataset_consumes_1_and_2', 'dataset_produces_2']) retrieved from /home/airflow/.local/lib/python3.7/site-packages/airflow/example_dags/example_datasets.py
[2023-02-19T16:57:39.260+0000] {logging_mixin.py:137} INFO - [2023-02-19T16:57:39.260+0000] {dag.py:2676} INFO - Sync 6 DAGs
[2023-02-19T16:57:39.292+0000] {logging_mixin.py:137} INFO - [2023-02-19T16:57:39.292+0000] {dag.py:3427} INFO - Setting next_dagrun for dataset_consumes_1 to None, run_after=None
[2023-02-19T16:57:39.298+0000] {logging_mixin.py:137} INFO - [2023-02-19T16:57:39.298+0000] {dag.py:3427} INFO - Setting next_dagrun for dataset_consumes_1_and_2 to None, run_after=None
[2023-02-19T16:57:39.301+0000] {logging_mixin.py:137} INFO - [2023-02-19T16:57:39.300+0000] {dag.py:3427} INFO - Setting next_dagrun for dataset_consumes_1_never_scheduled to None, run_after=None
[2023-02-19T16:57:39.303+0000] {logging_mixin.py:137} INFO - [2023-02-19T16:57:39.303+0000] {dag.py:3427} INFO - Setting next_dagrun for dataset_consumes_unknown_never_scheduled to None, run_after=None
[2023-02-19T16:57:39.307+0000] {logging_mixin.py:137} INFO - [2023-02-19T16:57:39.307+0000] {dag.py:3427} INFO - Setting next_dagrun for dataset_produces_1 to 2023-02-18T00:00:00+00:00, run_after=2023-02-19T00:00:00+00:00
[2023-02-19T16:57:39.310+0000] {logging_mixin.py:137} INFO - [2023-02-19T16:57:39.309+0000] {dag.py:3427} INFO - Setting next_dagrun for dataset_produces_2 to None, run_after=None
[2023-02-19T16:57:39.345+0000] {processor.py:175} INFO - Processing /home/airflow/.local/lib/python3.7/site-packages/airflow/example_dags/example_datasets.py took 0.171 seconds
[2023-02-19T16:58:10.506+0000] {processor.py:153} INFO - Started process (PID=1006) to work on /home/airflow/.local/lib/python3.7/site-packages/airflow/example_dags/example_datasets.py
[2023-02-19T16:58:10.509+0000] {processor.py:743} INFO - Processing file /home/airflow/.local/lib/python3.7/site-packages/airflow/example_dags/example_datasets.py for tasks to queue
[2023-02-19T16:58:10.512+0000] {logging_mixin.py:137} INFO - [2023-02-19T16:58:10.512+0000] {dagbag.py:538} INFO - Filling up the DagBag from /home/airflow/.local/lib/python3.7/site-packages/airflow/example_dags/example_datasets.py
[2023-02-19T16:58:10.538+0000] {processor.py:753} INFO - DAG(s) dict_keys(['dataset_produces_2', 'dataset_consumes_unknown_never_scheduled', 'dataset_consumes_1', 'dataset_produces_1', 'dataset_consumes_1_never_scheduled', 'dataset_consumes_1_and_2']) retrieved from /home/airflow/.local/lib/python3.7/site-packages/airflow/example_dags/example_datasets.py
[2023-02-19T16:58:10.626+0000] {logging_mixin.py:137} INFO - [2023-02-19T16:58:10.626+0000] {dag.py:2676} INFO - Sync 6 DAGs
[2023-02-19T16:58:10.673+0000] {logging_mixin.py:137} INFO - [2023-02-19T16:58:10.672+0000] {dag.py:3427} INFO - Setting next_dagrun for dataset_consumes_1 to None, run_after=None
[2023-02-19T16:58:10.682+0000] {logging_mixin.py:137} INFO - [2023-02-19T16:58:10.682+0000] {dag.py:3427} INFO - Setting next_dagrun for dataset_consumes_1_and_2 to None, run_after=None
[2023-02-19T16:58:10.686+0000] {logging_mixin.py:137} INFO - [2023-02-19T16:58:10.686+0000] {dag.py:3427} INFO - Setting next_dagrun for dataset_consumes_1_never_scheduled to None, run_after=None
[2023-02-19T16:58:10.691+0000] {logging_mixin.py:137} INFO - [2023-02-19T16:58:10.690+0000] {dag.py:3427} INFO - Setting next_dagrun for dataset_consumes_unknown_never_scheduled to None, run_after=None
[2023-02-19T16:58:10.695+0000] {logging_mixin.py:137} INFO - [2023-02-19T16:58:10.695+0000] {dag.py:3427} INFO - Setting next_dagrun for dataset_produces_1 to 2023-02-18T00:00:00+00:00, run_after=2023-02-19T00:00:00+00:00
[2023-02-19T16:58:10.698+0000] {logging_mixin.py:137} INFO - [2023-02-19T16:58:10.698+0000] {dag.py:3427} INFO - Setting next_dagrun for dataset_produces_2 to None, run_after=None
[2023-02-19T16:58:10.741+0000] {processor.py:175} INFO - Processing /home/airflow/.local/lib/python3.7/site-packages/airflow/example_dags/example_datasets.py took 0.240 seconds
[2023-02-19T16:58:41.988+0000] {processor.py:153} INFO - Started process (PID=1095) to work on /home/airflow/.local/lib/python3.7/site-packages/airflow/example_dags/example_datasets.py
[2023-02-19T16:58:41.990+0000] {processor.py:743} INFO - Processing file /home/airflow/.local/lib/python3.7/site-packages/airflow/example_dags/example_datasets.py for tasks to queue
[2023-02-19T16:58:41.992+0000] {logging_mixin.py:137} INFO - [2023-02-19T16:58:41.991+0000] {dagbag.py:538} INFO - Filling up the DagBag from /home/airflow/.local/lib/python3.7/site-packages/airflow/example_dags/example_datasets.py
[2023-02-19T16:58:42.012+0000] {processor.py:753} INFO - DAG(s) dict_keys(['dataset_consumes_1', 'dataset_consumes_1_and_2', 'dataset_produces_2', 'dataset_consumes_1_never_scheduled', 'dataset_produces_1', 'dataset_consumes_unknown_never_scheduled']) retrieved from /home/airflow/.local/lib/python3.7/site-packages/airflow/example_dags/example_datasets.py
[2023-02-19T16:58:42.074+0000] {logging_mixin.py:137} INFO - [2023-02-19T16:58:42.074+0000] {dag.py:2676} INFO - Sync 6 DAGs
[2023-02-19T16:58:42.109+0000] {logging_mixin.py:137} INFO - [2023-02-19T16:58:42.109+0000] {dag.py:3427} INFO - Setting next_dagrun for dataset_consumes_1 to None, run_after=None
[2023-02-19T16:58:42.114+0000] {logging_mixin.py:137} INFO - [2023-02-19T16:58:42.114+0000] {dag.py:3427} INFO - Setting next_dagrun for dataset_consumes_1_and_2 to None, run_after=None
[2023-02-19T16:58:42.116+0000] {logging_mixin.py:137} INFO - [2023-02-19T16:58:42.116+0000] {dag.py:3427} INFO - Setting next_dagrun for dataset_consumes_1_never_scheduled to None, run_after=None
[2023-02-19T16:58:42.118+0000] {logging_mixin.py:137} INFO - [2023-02-19T16:58:42.118+0000] {dag.py:3427} INFO - Setting next_dagrun for dataset_consumes_unknown_never_scheduled to None, run_after=None
[2023-02-19T16:58:42.122+0000] {logging_mixin.py:137} INFO - [2023-02-19T16:58:42.122+0000] {dag.py:3427} INFO - Setting next_dagrun for dataset_produces_1 to 2023-02-18T00:00:00+00:00, run_after=2023-02-19T00:00:00+00:00
[2023-02-19T16:58:42.124+0000] {logging_mixin.py:137} INFO - [2023-02-19T16:58:42.124+0000] {dag.py:3427} INFO - Setting next_dagrun for dataset_produces_2 to None, run_after=None
[2023-02-19T16:58:42.160+0000] {processor.py:175} INFO - Processing /home/airflow/.local/lib/python3.7/site-packages/airflow/example_dags/example_datasets.py took 0.177 seconds
[2023-02-19T16:59:13.719+0000] {processor.py:153} INFO - Started process (PID=1193) to work on /home/airflow/.local/lib/python3.7/site-packages/airflow/example_dags/example_datasets.py
[2023-02-19T16:59:13.722+0000] {processor.py:743} INFO - Processing file /home/airflow/.local/lib/python3.7/site-packages/airflow/example_dags/example_datasets.py for tasks to queue
[2023-02-19T16:59:13.724+0000] {logging_mixin.py:137} INFO - [2023-02-19T16:59:13.723+0000] {dagbag.py:538} INFO - Filling up the DagBag from /home/airflow/.local/lib/python3.7/site-packages/airflow/example_dags/example_datasets.py
[2023-02-19T16:59:13.748+0000] {processor.py:753} INFO - DAG(s) dict_keys(['dataset_consumes_1_never_scheduled', 'dataset_consumes_1_and_2', 'dataset_consumes_unknown_never_scheduled', 'dataset_consumes_1', 'dataset_produces_2', 'dataset_produces_1']) retrieved from /home/airflow/.local/lib/python3.7/site-packages/airflow/example_dags/example_datasets.py
[2023-02-19T16:59:13.825+0000] {logging_mixin.py:137} INFO - [2023-02-19T16:59:13.824+0000] {dag.py:2676} INFO - Sync 6 DAGs
[2023-02-19T16:59:13.863+0000] {logging_mixin.py:137} INFO - [2023-02-19T16:59:13.863+0000] {dag.py:3427} INFO - Setting next_dagrun for dataset_consumes_1 to None, run_after=None
[2023-02-19T16:59:13.869+0000] {logging_mixin.py:137} INFO - [2023-02-19T16:59:13.869+0000] {dag.py:3427} INFO - Setting next_dagrun for dataset_consumes_1_and_2 to None, run_after=None
[2023-02-19T16:59:13.872+0000] {logging_mixin.py:137} INFO - [2023-02-19T16:59:13.872+0000] {dag.py:3427} INFO - Setting next_dagrun for dataset_consumes_1_never_scheduled to None, run_after=None
[2023-02-19T16:59:13.875+0000] {logging_mixin.py:137} INFO - [2023-02-19T16:59:13.875+0000] {dag.py:3427} INFO - Setting next_dagrun for dataset_consumes_unknown_never_scheduled to None, run_after=None
[2023-02-19T16:59:13.881+0000] {logging_mixin.py:137} INFO - [2023-02-19T16:59:13.880+0000] {dag.py:3427} INFO - Setting next_dagrun for dataset_produces_1 to 2023-02-18T00:00:00+00:00, run_after=2023-02-19T00:00:00+00:00
[2023-02-19T16:59:13.884+0000] {logging_mixin.py:137} INFO - [2023-02-19T16:59:13.883+0000] {dag.py:3427} INFO - Setting next_dagrun for dataset_produces_2 to None, run_after=None
[2023-02-19T16:59:13.936+0000] {processor.py:175} INFO - Processing /home/airflow/.local/lib/python3.7/site-packages/airflow/example_dags/example_datasets.py took 0.222 seconds
[2023-02-19T16:59:44.308+0000] {processor.py:153} INFO - Started process (PID=1275) to work on /home/airflow/.local/lib/python3.7/site-packages/airflow/example_dags/example_datasets.py
[2023-02-19T16:59:44.311+0000] {processor.py:743} INFO - Processing file /home/airflow/.local/lib/python3.7/site-packages/airflow/example_dags/example_datasets.py for tasks to queue
[2023-02-19T16:59:44.313+0000] {logging_mixin.py:137} INFO - [2023-02-19T16:59:44.312+0000] {dagbag.py:538} INFO - Filling up the DagBag from /home/airflow/.local/lib/python3.7/site-packages/airflow/example_dags/example_datasets.py
[2023-02-19T16:59:44.336+0000] {processor.py:753} INFO - DAG(s) dict_keys(['dataset_consumes_1', 'dataset_consumes_1_never_scheduled', 'dataset_consumes_1_and_2', 'dataset_consumes_unknown_never_scheduled', 'dataset_produces_2', 'dataset_produces_1']) retrieved from /home/airflow/.local/lib/python3.7/site-packages/airflow/example_dags/example_datasets.py
[2023-02-19T16:59:44.409+0000] {logging_mixin.py:137} INFO - [2023-02-19T16:59:44.409+0000] {dag.py:2676} INFO - Sync 6 DAGs
[2023-02-19T16:59:44.444+0000] {logging_mixin.py:137} INFO - [2023-02-19T16:59:44.444+0000] {dag.py:3427} INFO - Setting next_dagrun for dataset_consumes_1 to None, run_after=None
[2023-02-19T16:59:44.450+0000] {logging_mixin.py:137} INFO - [2023-02-19T16:59:44.449+0000] {dag.py:3427} INFO - Setting next_dagrun for dataset_consumes_1_and_2 to None, run_after=None
[2023-02-19T16:59:44.453+0000] {logging_mixin.py:137} INFO - [2023-02-19T16:59:44.453+0000] {dag.py:3427} INFO - Setting next_dagrun for dataset_consumes_1_never_scheduled to None, run_after=None
[2023-02-19T16:59:44.455+0000] {logging_mixin.py:137} INFO - [2023-02-19T16:59:44.455+0000] {dag.py:3427} INFO - Setting next_dagrun for dataset_consumes_unknown_never_scheduled to None, run_after=None
[2023-02-19T16:59:44.459+0000] {logging_mixin.py:137} INFO - [2023-02-19T16:59:44.459+0000] {dag.py:3427} INFO - Setting next_dagrun for dataset_produces_1 to 2023-02-18T00:00:00+00:00, run_after=2023-02-19T00:00:00+00:00
[2023-02-19T16:59:44.461+0000] {logging_mixin.py:137} INFO - [2023-02-19T16:59:44.461+0000] {dag.py:3427} INFO - Setting next_dagrun for dataset_produces_2 to None, run_after=None
[2023-02-19T16:59:44.495+0000] {processor.py:175} INFO - Processing /home/airflow/.local/lib/python3.7/site-packages/airflow/example_dags/example_datasets.py took 0.191 seconds
[2023-02-19T17:00:16.585+0000] {processor.py:153} INFO - Started process (PID=1374) to work on /home/airflow/.local/lib/python3.7/site-packages/airflow/example_dags/example_datasets.py
[2023-02-19T17:00:16.588+0000] {processor.py:743} INFO - Processing file /home/airflow/.local/lib/python3.7/site-packages/airflow/example_dags/example_datasets.py for tasks to queue
[2023-02-19T17:00:16.591+0000] {logging_mixin.py:137} INFO - [2023-02-19T17:00:16.590+0000] {dagbag.py:538} INFO - Filling up the DagBag from /home/airflow/.local/lib/python3.7/site-packages/airflow/example_dags/example_datasets.py
[2023-02-19T17:00:16.618+0000] {processor.py:753} INFO - DAG(s) dict_keys(['dataset_consumes_1', 'dataset_consumes_1_and_2', 'dataset_produces_1', 'dataset_consumes_unknown_never_scheduled', 'dataset_produces_2', 'dataset_consumes_1_never_scheduled']) retrieved from /home/airflow/.local/lib/python3.7/site-packages/airflow/example_dags/example_datasets.py
[2023-02-19T17:00:16.701+0000] {logging_mixin.py:137} INFO - [2023-02-19T17:00:16.701+0000] {dag.py:2676} INFO - Sync 6 DAGs
[2023-02-19T17:00:16.741+0000] {logging_mixin.py:137} INFO - [2023-02-19T17:00:16.740+0000] {dag.py:3427} INFO - Setting next_dagrun for dataset_consumes_1 to None, run_after=None
[2023-02-19T17:00:16.748+0000] {logging_mixin.py:137} INFO - [2023-02-19T17:00:16.748+0000] {dag.py:3427} INFO - Setting next_dagrun for dataset_consumes_1_and_2 to None, run_after=None
[2023-02-19T17:00:16.751+0000] {logging_mixin.py:137} INFO - [2023-02-19T17:00:16.751+0000] {dag.py:3427} INFO - Setting next_dagrun for dataset_consumes_1_never_scheduled to None, run_after=None
[2023-02-19T17:00:16.755+0000] {logging_mixin.py:137} INFO - [2023-02-19T17:00:16.755+0000] {dag.py:3427} INFO - Setting next_dagrun for dataset_consumes_unknown_never_scheduled to None, run_after=None
[2023-02-19T17:00:16.761+0000] {logging_mixin.py:137} INFO - [2023-02-19T17:00:16.761+0000] {dag.py:3427} INFO - Setting next_dagrun for dataset_produces_1 to 2023-02-18T00:00:00+00:00, run_after=2023-02-19T00:00:00+00:00
[2023-02-19T17:00:16.765+0000] {logging_mixin.py:137} INFO - [2023-02-19T17:00:16.764+0000] {dag.py:3427} INFO - Setting next_dagrun for dataset_produces_2 to None, run_after=None
[2023-02-19T17:00:16.810+0000] {processor.py:175} INFO - Processing /home/airflow/.local/lib/python3.7/site-packages/airflow/example_dags/example_datasets.py took 0.232 seconds
[2023-02-19T17:00:47.707+0000] {processor.py:153} INFO - Started process (PID=1456) to work on /home/airflow/.local/lib/python3.7/site-packages/airflow/example_dags/example_datasets.py
[2023-02-19T17:00:47.709+0000] {processor.py:743} INFO - Processing file /home/airflow/.local/lib/python3.7/site-packages/airflow/example_dags/example_datasets.py for tasks to queue
[2023-02-19T17:00:47.710+0000] {logging_mixin.py:137} INFO - [2023-02-19T17:00:47.710+0000] {dagbag.py:538} INFO - Filling up the DagBag from /home/airflow/.local/lib/python3.7/site-packages/airflow/example_dags/example_datasets.py
[2023-02-19T17:00:47.730+0000] {processor.py:753} INFO - DAG(s) dict_keys(['dataset_consumes_1_never_scheduled', 'dataset_consumes_unknown_never_scheduled', 'dataset_consumes_1', 'dataset_consumes_1_and_2', 'dataset_produces_2', 'dataset_produces_1']) retrieved from /home/airflow/.local/lib/python3.7/site-packages/airflow/example_dags/example_datasets.py
[2023-02-19T17:00:47.788+0000] {logging_mixin.py:137} INFO - [2023-02-19T17:00:47.788+0000] {dag.py:2676} INFO - Sync 6 DAGs
[2023-02-19T17:00:47.819+0000] {logging_mixin.py:137} INFO - [2023-02-19T17:00:47.819+0000] {dag.py:3427} INFO - Setting next_dagrun for dataset_consumes_1 to None, run_after=None
[2023-02-19T17:00:47.824+0000] {logging_mixin.py:137} INFO - [2023-02-19T17:00:47.824+0000] {dag.py:3427} INFO - Setting next_dagrun for dataset_consumes_1_and_2 to None, run_after=None
[2023-02-19T17:00:47.826+0000] {logging_mixin.py:137} INFO - [2023-02-19T17:00:47.826+0000] {dag.py:3427} INFO - Setting next_dagrun for dataset_consumes_1_never_scheduled to None, run_after=None
[2023-02-19T17:00:47.828+0000] {logging_mixin.py:137} INFO - [2023-02-19T17:00:47.828+0000] {dag.py:3427} INFO - Setting next_dagrun for dataset_consumes_unknown_never_scheduled to None, run_after=None
[2023-02-19T17:00:47.832+0000] {logging_mixin.py:137} INFO - [2023-02-19T17:00:47.832+0000] {dag.py:3427} INFO - Setting next_dagrun for dataset_produces_1 to 2023-02-18T00:00:00+00:00, run_after=2023-02-19T00:00:00+00:00
[2023-02-19T17:00:47.835+0000] {logging_mixin.py:137} INFO - [2023-02-19T17:00:47.834+0000] {dag.py:3427} INFO - Setting next_dagrun for dataset_produces_2 to None, run_after=None
[2023-02-19T17:00:47.869+0000] {processor.py:175} INFO - Processing /home/airflow/.local/lib/python3.7/site-packages/airflow/example_dags/example_datasets.py took 0.167 seconds
[2023-02-19T17:01:19.196+0000] {processor.py:153} INFO - Started process (PID=1554) to work on /home/airflow/.local/lib/python3.7/site-packages/airflow/example_dags/example_datasets.py
[2023-02-19T17:01:19.199+0000] {processor.py:743} INFO - Processing file /home/airflow/.local/lib/python3.7/site-packages/airflow/example_dags/example_datasets.py for tasks to queue
[2023-02-19T17:01:19.200+0000] {logging_mixin.py:137} INFO - [2023-02-19T17:01:19.200+0000] {dagbag.py:538} INFO - Filling up the DagBag from /home/airflow/.local/lib/python3.7/site-packages/airflow/example_dags/example_datasets.py
[2023-02-19T17:01:19.220+0000] {processor.py:753} INFO - DAG(s) dict_keys(['dataset_consumes_unknown_never_scheduled', 'dataset_produces_2', 'dataset_consumes_1_never_scheduled', 'dataset_consumes_1_and_2', 'dataset_consumes_1', 'dataset_produces_1']) retrieved from /home/airflow/.local/lib/python3.7/site-packages/airflow/example_dags/example_datasets.py
[2023-02-19T17:01:19.280+0000] {logging_mixin.py:137} INFO - [2023-02-19T17:01:19.279+0000] {dag.py:2676} INFO - Sync 6 DAGs
[2023-02-19T17:01:19.311+0000] {logging_mixin.py:137} INFO - [2023-02-19T17:01:19.311+0000] {dag.py:3427} INFO - Setting next_dagrun for dataset_consumes_1 to None, run_after=None
[2023-02-19T17:01:19.317+0000] {logging_mixin.py:137} INFO - [2023-02-19T17:01:19.317+0000] {dag.py:3427} INFO - Setting next_dagrun for dataset_consumes_1_and_2 to None, run_after=None
[2023-02-19T17:01:19.319+0000] {logging_mixin.py:137} INFO - [2023-02-19T17:01:19.319+0000] {dag.py:3427} INFO - Setting next_dagrun for dataset_consumes_1_never_scheduled to None, run_after=None
[2023-02-19T17:01:19.322+0000] {logging_mixin.py:137} INFO - [2023-02-19T17:01:19.322+0000] {dag.py:3427} INFO - Setting next_dagrun for dataset_consumes_unknown_never_scheduled to None, run_after=None
[2023-02-19T17:01:19.326+0000] {logging_mixin.py:137} INFO - [2023-02-19T17:01:19.326+0000] {dag.py:3427} INFO - Setting next_dagrun for dataset_produces_1 to 2023-02-18T00:00:00+00:00, run_after=2023-02-19T00:00:00+00:00
[2023-02-19T17:01:19.329+0000] {logging_mixin.py:137} INFO - [2023-02-19T17:01:19.329+0000] {dag.py:3427} INFO - Setting next_dagrun for dataset_produces_2 to None, run_after=None
[2023-02-19T17:01:19.368+0000] {processor.py:175} INFO - Processing /home/airflow/.local/lib/python3.7/site-packages/airflow/example_dags/example_datasets.py took 0.177 seconds
[2023-02-19T17:01:50.011+0000] {processor.py:153} INFO - Started process (PID=1636) to work on /home/airflow/.local/lib/python3.7/site-packages/airflow/example_dags/example_datasets.py
[2023-02-19T17:01:50.013+0000] {processor.py:743} INFO - Processing file /home/airflow/.local/lib/python3.7/site-packages/airflow/example_dags/example_datasets.py for tasks to queue
[2023-02-19T17:01:50.015+0000] {logging_mixin.py:137} INFO - [2023-02-19T17:01:50.015+0000] {dagbag.py:538} INFO - Filling up the DagBag from /home/airflow/.local/lib/python3.7/site-packages/airflow/example_dags/example_datasets.py
[2023-02-19T17:01:50.035+0000] {processor.py:753} INFO - DAG(s) dict_keys(['dataset_consumes_1_and_2', 'dataset_consumes_1_never_scheduled', 'dataset_produces_1', 'dataset_consumes_1', 'dataset_produces_2', 'dataset_consumes_unknown_never_scheduled']) retrieved from /home/airflow/.local/lib/python3.7/site-packages/airflow/example_dags/example_datasets.py
[2023-02-19T17:01:50.096+0000] {logging_mixin.py:137} INFO - [2023-02-19T17:01:50.096+0000] {dag.py:2676} INFO - Sync 6 DAGs
[2023-02-19T17:01:50.129+0000] {logging_mixin.py:137} INFO - [2023-02-19T17:01:50.129+0000] {dag.py:3427} INFO - Setting next_dagrun for dataset_consumes_1 to None, run_after=None
[2023-02-19T17:01:50.136+0000] {logging_mixin.py:137} INFO - [2023-02-19T17:01:50.135+0000] {dag.py:3427} INFO - Setting next_dagrun for dataset_consumes_1_and_2 to None, run_after=None
[2023-02-19T17:01:50.139+0000] {logging_mixin.py:137} INFO - [2023-02-19T17:01:50.139+0000] {dag.py:3427} INFO - Setting next_dagrun for dataset_consumes_1_never_scheduled to None, run_after=None
[2023-02-19T17:01:50.141+0000] {logging_mixin.py:137} INFO - [2023-02-19T17:01:50.141+0000] {dag.py:3427} INFO - Setting next_dagrun for dataset_consumes_unknown_never_scheduled to None, run_after=None
[2023-02-19T17:01:50.146+0000] {logging_mixin.py:137} INFO - [2023-02-19T17:01:50.146+0000] {dag.py:3427} INFO - Setting next_dagrun for dataset_produces_1 to 2023-02-18T00:00:00+00:00, run_after=2023-02-19T00:00:00+00:00
[2023-02-19T17:01:50.149+0000] {logging_mixin.py:137} INFO - [2023-02-19T17:01:50.149+0000] {dag.py:3427} INFO - Setting next_dagrun for dataset_produces_2 to None, run_after=None
[2023-02-19T17:01:50.198+0000] {processor.py:175} INFO - Processing /home/airflow/.local/lib/python3.7/site-packages/airflow/example_dags/example_datasets.py took 0.191 seconds
[2023-02-19T17:02:21.521+0000] {processor.py:153} INFO - Started process (PID=1734) to work on /home/airflow/.local/lib/python3.7/site-packages/airflow/example_dags/example_datasets.py
[2023-02-19T17:02:21.523+0000] {processor.py:743} INFO - Processing file /home/airflow/.local/lib/python3.7/site-packages/airflow/example_dags/example_datasets.py for tasks to queue
[2023-02-19T17:02:21.524+0000] {logging_mixin.py:137} INFO - [2023-02-19T17:02:21.524+0000] {dagbag.py:538} INFO - Filling up the DagBag from /home/airflow/.local/lib/python3.7/site-packages/airflow/example_dags/example_datasets.py
[2023-02-19T17:02:21.545+0000] {processor.py:753} INFO - DAG(s) dict_keys(['dataset_produces_2', 'dataset_consumes_1_never_scheduled', 'dataset_produces_1', 'dataset_consumes_1', 'dataset_consumes_1_and_2', 'dataset_consumes_unknown_never_scheduled']) retrieved from /home/airflow/.local/lib/python3.7/site-packages/airflow/example_dags/example_datasets.py
[2023-02-19T17:02:21.608+0000] {logging_mixin.py:137} INFO - [2023-02-19T17:02:21.608+0000] {dag.py:2676} INFO - Sync 6 DAGs
[2023-02-19T17:02:21.638+0000] {logging_mixin.py:137} INFO - [2023-02-19T17:02:21.637+0000] {dag.py:3427} INFO - Setting next_dagrun for dataset_consumes_1 to None, run_after=None
[2023-02-19T17:02:21.643+0000] {logging_mixin.py:137} INFO - [2023-02-19T17:02:21.643+0000] {dag.py:3427} INFO - Setting next_dagrun for dataset_consumes_1_and_2 to None, run_after=None
[2023-02-19T17:02:21.646+0000] {logging_mixin.py:137} INFO - [2023-02-19T17:02:21.646+0000] {dag.py:3427} INFO - Setting next_dagrun for dataset_consumes_1_never_scheduled to None, run_after=None
[2023-02-19T17:02:21.648+0000] {logging_mixin.py:137} INFO - [2023-02-19T17:02:21.648+0000] {dag.py:3427} INFO - Setting next_dagrun for dataset_consumes_unknown_never_scheduled to None, run_after=None
[2023-02-19T17:02:21.652+0000] {logging_mixin.py:137} INFO - [2023-02-19T17:02:21.652+0000] {dag.py:3427} INFO - Setting next_dagrun for dataset_produces_1 to 2023-02-18T00:00:00+00:00, run_after=2023-02-19T00:00:00+00:00
[2023-02-19T17:02:21.656+0000] {logging_mixin.py:137} INFO - [2023-02-19T17:02:21.656+0000] {dag.py:3427} INFO - Setting next_dagrun for dataset_produces_2 to None, run_after=None
[2023-02-19T17:02:21.693+0000] {processor.py:175} INFO - Processing /home/airflow/.local/lib/python3.7/site-packages/airflow/example_dags/example_datasets.py took 0.176 seconds
[2023-02-19T17:02:52.835+0000] {processor.py:153} INFO - Started process (PID=1816) to work on /home/airflow/.local/lib/python3.7/site-packages/airflow/example_dags/example_datasets.py
[2023-02-19T17:02:52.837+0000] {processor.py:743} INFO - Processing file /home/airflow/.local/lib/python3.7/site-packages/airflow/example_dags/example_datasets.py for tasks to queue
[2023-02-19T17:02:52.840+0000] {logging_mixin.py:137} INFO - [2023-02-19T17:02:52.840+0000] {dagbag.py:538} INFO - Filling up the DagBag from /home/airflow/.local/lib/python3.7/site-packages/airflow/example_dags/example_datasets.py
[2023-02-19T17:02:52.865+0000] {processor.py:753} INFO - DAG(s) dict_keys(['dataset_consumes_unknown_never_scheduled', 'dataset_produces_2', 'dataset_consumes_1', 'dataset_produces_1', 'dataset_consumes_1_and_2', 'dataset_consumes_1_never_scheduled']) retrieved from /home/airflow/.local/lib/python3.7/site-packages/airflow/example_dags/example_datasets.py
[2023-02-19T17:02:52.939+0000] {logging_mixin.py:137} INFO - [2023-02-19T17:02:52.938+0000] {dag.py:2676} INFO - Sync 6 DAGs
[2023-02-19T17:02:52.969+0000] {logging_mixin.py:137} INFO - [2023-02-19T17:02:52.969+0000] {dag.py:3427} INFO - Setting next_dagrun for dataset_consumes_1 to None, run_after=None
[2023-02-19T17:02:52.974+0000] {logging_mixin.py:137} INFO - [2023-02-19T17:02:52.973+0000] {dag.py:3427} INFO - Setting next_dagrun for dataset_consumes_1_and_2 to None, run_after=None
[2023-02-19T17:02:52.975+0000] {logging_mixin.py:137} INFO - [2023-02-19T17:02:52.975+0000] {dag.py:3427} INFO - Setting next_dagrun for dataset_consumes_1_never_scheduled to None, run_after=None
[2023-02-19T17:02:52.977+0000] {logging_mixin.py:137} INFO - [2023-02-19T17:02:52.977+0000] {dag.py:3427} INFO - Setting next_dagrun for dataset_consumes_unknown_never_scheduled to None, run_after=None
[2023-02-19T17:02:52.981+0000] {logging_mixin.py:137} INFO - [2023-02-19T17:02:52.980+0000] {dag.py:3427} INFO - Setting next_dagrun for dataset_produces_1 to 2023-02-18T00:00:00+00:00, run_after=2023-02-19T00:00:00+00:00
[2023-02-19T17:02:52.983+0000] {logging_mixin.py:137} INFO - [2023-02-19T17:02:52.983+0000] {dag.py:3427} INFO - Setting next_dagrun for dataset_produces_2 to None, run_after=None
[2023-02-19T17:02:53.018+0000] {processor.py:175} INFO - Processing /home/airflow/.local/lib/python3.7/site-packages/airflow/example_dags/example_datasets.py took 0.189 seconds
[2023-02-19T17:03:24.274+0000] {processor.py:153} INFO - Started process (PID=1914) to work on /home/airflow/.local/lib/python3.7/site-packages/airflow/example_dags/example_datasets.py
[2023-02-19T17:03:24.277+0000] {processor.py:743} INFO - Processing file /home/airflow/.local/lib/python3.7/site-packages/airflow/example_dags/example_datasets.py for tasks to queue
[2023-02-19T17:03:24.279+0000] {logging_mixin.py:137} INFO - [2023-02-19T17:03:24.279+0000] {dagbag.py:538} INFO - Filling up the DagBag from /home/airflow/.local/lib/python3.7/site-packages/airflow/example_dags/example_datasets.py
[2023-02-19T17:03:24.305+0000] {processor.py:753} INFO - DAG(s) dict_keys(['dataset_produces_1', 'dataset_consumes_1_never_scheduled', 'dataset_produces_2', 'dataset_consumes_1_and_2', 'dataset_consumes_1', 'dataset_consumes_unknown_never_scheduled']) retrieved from /home/airflow/.local/lib/python3.7/site-packages/airflow/example_dags/example_datasets.py
[2023-02-19T17:03:24.387+0000] {logging_mixin.py:137} INFO - [2023-02-19T17:03:24.386+0000] {dag.py:2676} INFO - Sync 6 DAGs
[2023-02-19T17:03:24.425+0000] {logging_mixin.py:137} INFO - [2023-02-19T17:03:24.425+0000] {dag.py:3427} INFO - Setting next_dagrun for dataset_consumes_1 to None, run_after=None
[2023-02-19T17:03:24.431+0000] {logging_mixin.py:137} INFO - [2023-02-19T17:03:24.431+0000] {dag.py:3427} INFO - Setting next_dagrun for dataset_consumes_1_and_2 to None, run_after=None
[2023-02-19T17:03:24.434+0000] {logging_mixin.py:137} INFO - [2023-02-19T17:03:24.434+0000] {dag.py:3427} INFO - Setting next_dagrun for dataset_consumes_1_never_scheduled to None, run_after=None
[2023-02-19T17:03:24.436+0000] {logging_mixin.py:137} INFO - [2023-02-19T17:03:24.436+0000] {dag.py:3427} INFO - Setting next_dagrun for dataset_consumes_unknown_never_scheduled to None, run_after=None
[2023-02-19T17:03:24.441+0000] {logging_mixin.py:137} INFO - [2023-02-19T17:03:24.440+0000] {dag.py:3427} INFO - Setting next_dagrun for dataset_produces_1 to 2023-02-18T00:00:00+00:00, run_after=2023-02-19T00:00:00+00:00
[2023-02-19T17:03:24.443+0000] {logging_mixin.py:137} INFO - [2023-02-19T17:03:24.443+0000] {dag.py:3427} INFO - Setting next_dagrun for dataset_produces_2 to None, run_after=None
[2023-02-19T17:03:24.490+0000] {processor.py:175} INFO - Processing /home/airflow/.local/lib/python3.7/site-packages/airflow/example_dags/example_datasets.py took 0.221 seconds
[2023-02-19T17:03:55.409+0000] {processor.py:153} INFO - Started process (PID=1996) to work on /home/airflow/.local/lib/python3.7/site-packages/airflow/example_dags/example_datasets.py
[2023-02-19T17:03:55.412+0000] {processor.py:743} INFO - Processing file /home/airflow/.local/lib/python3.7/site-packages/airflow/example_dags/example_datasets.py for tasks to queue
[2023-02-19T17:03:55.414+0000] {logging_mixin.py:137} INFO - [2023-02-19T17:03:55.414+0000] {dagbag.py:538} INFO - Filling up the DagBag from /home/airflow/.local/lib/python3.7/site-packages/airflow/example_dags/example_datasets.py
[2023-02-19T17:03:55.438+0000] {processor.py:753} INFO - DAG(s) dict_keys(['dataset_produces_1', 'dataset_consumes_1_never_scheduled', 'dataset_produces_2', 'dataset_consumes_1', 'dataset_consumes_unknown_never_scheduled', 'dataset_consumes_1_and_2']) retrieved from /home/airflow/.local/lib/python3.7/site-packages/airflow/example_dags/example_datasets.py
[2023-02-19T17:03:55.509+0000] {logging_mixin.py:137} INFO - [2023-02-19T17:03:55.508+0000] {dag.py:2676} INFO - Sync 6 DAGs
[2023-02-19T17:03:55.567+0000] {logging_mixin.py:137} INFO - [2023-02-19T17:03:55.567+0000] {dag.py:3427} INFO - Setting next_dagrun for dataset_consumes_1 to None, run_after=None
[2023-02-19T17:03:55.575+0000] {logging_mixin.py:137} INFO - [2023-02-19T17:03:55.575+0000] {dag.py:3427} INFO - Setting next_dagrun for dataset_consumes_1_and_2 to None, run_after=None
[2023-02-19T17:03:55.578+0000] {logging_mixin.py:137} INFO - [2023-02-19T17:03:55.578+0000] {dag.py:3427} INFO - Setting next_dagrun for dataset_consumes_1_never_scheduled to None, run_after=None
[2023-02-19T17:03:55.581+0000] {logging_mixin.py:137} INFO - [2023-02-19T17:03:55.581+0000] {dag.py:3427} INFO - Setting next_dagrun for dataset_consumes_unknown_never_scheduled to None, run_after=None
[2023-02-19T17:03:55.587+0000] {logging_mixin.py:137} INFO - [2023-02-19T17:03:55.587+0000] {dag.py:3427} INFO - Setting next_dagrun for dataset_produces_1 to 2023-02-18T00:00:00+00:00, run_after=2023-02-19T00:00:00+00:00
[2023-02-19T17:03:55.590+0000] {logging_mixin.py:137} INFO - [2023-02-19T17:03:55.590+0000] {dag.py:3427} INFO - Setting next_dagrun for dataset_produces_2 to None, run_after=None
[2023-02-19T17:03:55.653+0000] {processor.py:175} INFO - Processing /home/airflow/.local/lib/python3.7/site-packages/airflow/example_dags/example_datasets.py took 0.250 seconds
[2023-02-19T17:04:27.136+0000] {processor.py:153} INFO - Started process (PID=2094) to work on /home/airflow/.local/lib/python3.7/site-packages/airflow/example_dags/example_datasets.py
[2023-02-19T17:04:27.139+0000] {processor.py:743} INFO - Processing file /home/airflow/.local/lib/python3.7/site-packages/airflow/example_dags/example_datasets.py for tasks to queue
[2023-02-19T17:04:27.142+0000] {logging_mixin.py:137} INFO - [2023-02-19T17:04:27.141+0000] {dagbag.py:538} INFO - Filling up the DagBag from /home/airflow/.local/lib/python3.7/site-packages/airflow/example_dags/example_datasets.py
[2023-02-19T17:04:27.170+0000] {processor.py:753} INFO - DAG(s) dict_keys(['dataset_consumes_1_and_2', 'dataset_consumes_unknown_never_scheduled', 'dataset_produces_1', 'dataset_consumes_1_never_scheduled', 'dataset_produces_2', 'dataset_consumes_1']) retrieved from /home/airflow/.local/lib/python3.7/site-packages/airflow/example_dags/example_datasets.py
[2023-02-19T17:04:27.241+0000] {logging_mixin.py:137} INFO - [2023-02-19T17:04:27.241+0000] {dag.py:2676} INFO - Sync 6 DAGs
[2023-02-19T17:04:27.276+0000] {logging_mixin.py:137} INFO - [2023-02-19T17:04:27.276+0000] {dag.py:3427} INFO - Setting next_dagrun for dataset_consumes_1 to None, run_after=None
[2023-02-19T17:04:27.283+0000] {logging_mixin.py:137} INFO - [2023-02-19T17:04:27.282+0000] {dag.py:3427} INFO - Setting next_dagrun for dataset_consumes_1_and_2 to None, run_after=None
[2023-02-19T17:04:27.286+0000] {logging_mixin.py:137} INFO - [2023-02-19T17:04:27.286+0000] {dag.py:3427} INFO - Setting next_dagrun for dataset_consumes_1_never_scheduled to None, run_after=None
[2023-02-19T17:04:27.288+0000] {logging_mixin.py:137} INFO - [2023-02-19T17:04:27.288+0000] {dag.py:3427} INFO - Setting next_dagrun for dataset_consumes_unknown_never_scheduled to None, run_after=None
[2023-02-19T17:04:27.294+0000] {logging_mixin.py:137} INFO - [2023-02-19T17:04:27.293+0000] {dag.py:3427} INFO - Setting next_dagrun for dataset_produces_1 to 2023-02-18T00:00:00+00:00, run_after=2023-02-19T00:00:00+00:00
[2023-02-19T17:04:27.297+0000] {logging_mixin.py:137} INFO - [2023-02-19T17:04:27.297+0000] {dag.py:3427} INFO - Setting next_dagrun for dataset_produces_2 to None, run_after=None
[2023-02-19T17:04:27.340+0000] {processor.py:175} INFO - Processing /home/airflow/.local/lib/python3.7/site-packages/airflow/example_dags/example_datasets.py took 0.210 seconds
[2023-02-19T17:04:57.776+0000] {processor.py:153} INFO - Started process (PID=2185) to work on /home/airflow/.local/lib/python3.7/site-packages/airflow/example_dags/example_datasets.py
[2023-02-19T17:04:57.779+0000] {processor.py:743} INFO - Processing file /home/airflow/.local/lib/python3.7/site-packages/airflow/example_dags/example_datasets.py for tasks to queue
[2023-02-19T17:04:57.781+0000] {logging_mixin.py:137} INFO - [2023-02-19T17:04:57.781+0000] {dagbag.py:538} INFO - Filling up the DagBag from /home/airflow/.local/lib/python3.7/site-packages/airflow/example_dags/example_datasets.py
[2023-02-19T17:04:57.810+0000] {processor.py:753} INFO - DAG(s) dict_keys(['dataset_consumes_1_never_scheduled', 'dataset_consumes_unknown_never_scheduled', 'dataset_consumes_1', 'dataset_produces_1', 'dataset_consumes_1_and_2', 'dataset_produces_2']) retrieved from /home/airflow/.local/lib/python3.7/site-packages/airflow/example_dags/example_datasets.py
[2023-02-19T17:04:57.885+0000] {logging_mixin.py:137} INFO - [2023-02-19T17:04:57.885+0000] {dag.py:2676} INFO - Sync 6 DAGs
[2023-02-19T17:04:57.919+0000] {logging_mixin.py:137} INFO - [2023-02-19T17:04:57.919+0000] {dag.py:3427} INFO - Setting next_dagrun for dataset_consumes_1 to None, run_after=None
[2023-02-19T17:04:57.924+0000] {logging_mixin.py:137} INFO - [2023-02-19T17:04:57.924+0000] {dag.py:3427} INFO - Setting next_dagrun for dataset_consumes_1_and_2 to None, run_after=None
[2023-02-19T17:04:57.926+0000] {logging_mixin.py:137} INFO - [2023-02-19T17:04:57.926+0000] {dag.py:3427} INFO - Setting next_dagrun for dataset_consumes_1_never_scheduled to None, run_after=None
[2023-02-19T17:04:57.928+0000] {logging_mixin.py:137} INFO - [2023-02-19T17:04:57.928+0000] {dag.py:3427} INFO - Setting next_dagrun for dataset_consumes_unknown_never_scheduled to None, run_after=None
[2023-02-19T17:04:57.932+0000] {logging_mixin.py:137} INFO - [2023-02-19T17:04:57.932+0000] {dag.py:3427} INFO - Setting next_dagrun for dataset_produces_1 to 2023-02-18T00:00:00+00:00, run_after=2023-02-19T00:00:00+00:00
[2023-02-19T17:04:57.934+0000] {logging_mixin.py:137} INFO - [2023-02-19T17:04:57.934+0000] {dag.py:3427} INFO - Setting next_dagrun for dataset_produces_2 to None, run_after=None
[2023-02-19T17:04:57.970+0000] {processor.py:175} INFO - Processing /home/airflow/.local/lib/python3.7/site-packages/airflow/example_dags/example_datasets.py took 0.200 seconds
[2023-02-19T17:05:28.715+0000] {processor.py:153} INFO - Started process (PID=2274) to work on /home/airflow/.local/lib/python3.7/site-packages/airflow/example_dags/example_datasets.py
[2023-02-19T17:05:28.718+0000] {processor.py:743} INFO - Processing file /home/airflow/.local/lib/python3.7/site-packages/airflow/example_dags/example_datasets.py for tasks to queue
[2023-02-19T17:05:28.720+0000] {logging_mixin.py:137} INFO - [2023-02-19T17:05:28.720+0000] {dagbag.py:538} INFO - Filling up the DagBag from /home/airflow/.local/lib/python3.7/site-packages/airflow/example_dags/example_datasets.py
[2023-02-19T17:05:28.743+0000] {processor.py:753} INFO - DAG(s) dict_keys(['dataset_consumes_unknown_never_scheduled', 'dataset_consumes_1_and_2', 'dataset_produces_1', 'dataset_consumes_1_never_scheduled', 'dataset_consumes_1', 'dataset_produces_2']) retrieved from /home/airflow/.local/lib/python3.7/site-packages/airflow/example_dags/example_datasets.py
[2023-02-19T17:05:28.817+0000] {logging_mixin.py:137} INFO - [2023-02-19T17:05:28.816+0000] {dag.py:2676} INFO - Sync 6 DAGs
[2023-02-19T17:05:28.847+0000] {logging_mixin.py:137} INFO - [2023-02-19T17:05:28.847+0000] {dag.py:3427} INFO - Setting next_dagrun for dataset_consumes_1 to None, run_after=None
[2023-02-19T17:05:28.852+0000] {logging_mixin.py:137} INFO - [2023-02-19T17:05:28.852+0000] {dag.py:3427} INFO - Setting next_dagrun for dataset_consumes_1_and_2 to None, run_after=None
[2023-02-19T17:05:28.855+0000] {logging_mixin.py:137} INFO - [2023-02-19T17:05:28.855+0000] {dag.py:3427} INFO - Setting next_dagrun for dataset_consumes_1_never_scheduled to None, run_after=None
[2023-02-19T17:05:28.857+0000] {logging_mixin.py:137} INFO - [2023-02-19T17:05:28.857+0000] {dag.py:3427} INFO - Setting next_dagrun for dataset_consumes_unknown_never_scheduled to None, run_after=None
[2023-02-19T17:05:28.861+0000] {logging_mixin.py:137} INFO - [2023-02-19T17:05:28.861+0000] {dag.py:3427} INFO - Setting next_dagrun for dataset_produces_1 to 2023-02-18T00:00:00+00:00, run_after=2023-02-19T00:00:00+00:00
[2023-02-19T17:05:28.863+0000] {logging_mixin.py:137} INFO - [2023-02-19T17:05:28.863+0000] {dag.py:3427} INFO - Setting next_dagrun for dataset_produces_2 to None, run_after=None
[2023-02-19T17:05:28.903+0000] {processor.py:175} INFO - Processing /home/airflow/.local/lib/python3.7/site-packages/airflow/example_dags/example_datasets.py took 0.194 seconds
[2023-02-19T17:06:00.571+0000] {processor.py:153} INFO - Started process (PID=2366) to work on /home/airflow/.local/lib/python3.7/site-packages/airflow/example_dags/example_datasets.py
[2023-02-19T17:06:00.574+0000] {processor.py:743} INFO - Processing file /home/airflow/.local/lib/python3.7/site-packages/airflow/example_dags/example_datasets.py for tasks to queue
[2023-02-19T17:06:00.576+0000] {logging_mixin.py:137} INFO - [2023-02-19T17:06:00.575+0000] {dagbag.py:538} INFO - Filling up the DagBag from /home/airflow/.local/lib/python3.7/site-packages/airflow/example_dags/example_datasets.py
[2023-02-19T17:06:00.595+0000] {processor.py:753} INFO - DAG(s) dict_keys(['dataset_consumes_1', 'dataset_produces_2', 'dataset_consumes_1_never_scheduled', 'dataset_consumes_unknown_never_scheduled', 'dataset_produces_1', 'dataset_consumes_1_and_2']) retrieved from /home/airflow/.local/lib/python3.7/site-packages/airflow/example_dags/example_datasets.py
[2023-02-19T17:06:00.657+0000] {logging_mixin.py:137} INFO - [2023-02-19T17:06:00.657+0000] {dag.py:2676} INFO - Sync 6 DAGs
[2023-02-19T17:06:00.687+0000] {logging_mixin.py:137} INFO - [2023-02-19T17:06:00.687+0000] {dag.py:3427} INFO - Setting next_dagrun for dataset_consumes_1 to None, run_after=None
[2023-02-19T17:06:00.692+0000] {logging_mixin.py:137} INFO - [2023-02-19T17:06:00.692+0000] {dag.py:3427} INFO - Setting next_dagrun for dataset_consumes_1_and_2 to None, run_after=None
[2023-02-19T17:06:00.695+0000] {logging_mixin.py:137} INFO - [2023-02-19T17:06:00.695+0000] {dag.py:3427} INFO - Setting next_dagrun for dataset_consumes_1_never_scheduled to None, run_after=None
[2023-02-19T17:06:00.697+0000] {logging_mixin.py:137} INFO - [2023-02-19T17:06:00.697+0000] {dag.py:3427} INFO - Setting next_dagrun for dataset_consumes_unknown_never_scheduled to None, run_after=None
[2023-02-19T17:06:00.701+0000] {logging_mixin.py:137} INFO - [2023-02-19T17:06:00.701+0000] {dag.py:3427} INFO - Setting next_dagrun for dataset_produces_1 to 2023-02-18T00:00:00+00:00, run_after=2023-02-19T00:00:00+00:00
[2023-02-19T17:06:00.703+0000] {logging_mixin.py:137} INFO - [2023-02-19T17:06:00.703+0000] {dag.py:3427} INFO - Setting next_dagrun for dataset_produces_2 to None, run_after=None
[2023-02-19T17:06:00.758+0000] {processor.py:175} INFO - Processing /home/airflow/.local/lib/python3.7/site-packages/airflow/example_dags/example_datasets.py took 0.191 seconds
[2023-02-19T17:06:31.511+0000] {processor.py:153} INFO - Started process (PID=2455) to work on /home/airflow/.local/lib/python3.7/site-packages/airflow/example_dags/example_datasets.py
[2023-02-19T17:06:31.518+0000] {processor.py:743} INFO - Processing file /home/airflow/.local/lib/python3.7/site-packages/airflow/example_dags/example_datasets.py for tasks to queue
[2023-02-19T17:06:31.523+0000] {logging_mixin.py:137} INFO - [2023-02-19T17:06:31.522+0000] {dagbag.py:538} INFO - Filling up the DagBag from /home/airflow/.local/lib/python3.7/site-packages/airflow/example_dags/example_datasets.py
[2023-02-19T17:06:31.633+0000] {processor.py:753} INFO - DAG(s) dict_keys(['dataset_consumes_1_never_scheduled', 'dataset_consumes_unknown_never_scheduled', 'dataset_consumes_1_and_2', 'dataset_consumes_1', 'dataset_produces_1', 'dataset_produces_2']) retrieved from /home/airflow/.local/lib/python3.7/site-packages/airflow/example_dags/example_datasets.py
[2023-02-19T17:06:31.748+0000] {logging_mixin.py:137} INFO - [2023-02-19T17:06:31.747+0000] {dag.py:2676} INFO - Sync 6 DAGs
[2023-02-19T17:06:31.787+0000] {logging_mixin.py:137} INFO - [2023-02-19T17:06:31.787+0000] {dag.py:3427} INFO - Setting next_dagrun for dataset_consumes_1 to None, run_after=None
[2023-02-19T17:06:31.793+0000] {logging_mixin.py:137} INFO - [2023-02-19T17:06:31.793+0000] {dag.py:3427} INFO - Setting next_dagrun for dataset_consumes_1_and_2 to None, run_after=None
[2023-02-19T17:06:31.796+0000] {logging_mixin.py:137} INFO - [2023-02-19T17:06:31.796+0000] {dag.py:3427} INFO - Setting next_dagrun for dataset_consumes_1_never_scheduled to None, run_after=None
[2023-02-19T17:06:31.799+0000] {logging_mixin.py:137} INFO - [2023-02-19T17:06:31.799+0000] {dag.py:3427} INFO - Setting next_dagrun for dataset_consumes_unknown_never_scheduled to None, run_after=None
[2023-02-19T17:06:31.804+0000] {logging_mixin.py:137} INFO - [2023-02-19T17:06:31.804+0000] {dag.py:3427} INFO - Setting next_dagrun for dataset_produces_1 to 2023-02-18T00:00:00+00:00, run_after=2023-02-19T00:00:00+00:00
[2023-02-19T17:06:31.807+0000] {logging_mixin.py:137} INFO - [2023-02-19T17:06:31.806+0000] {dag.py:3427} INFO - Setting next_dagrun for dataset_produces_2 to None, run_after=None
[2023-02-19T17:06:31.853+0000] {processor.py:175} INFO - Processing /home/airflow/.local/lib/python3.7/site-packages/airflow/example_dags/example_datasets.py took 0.362 seconds
