[2023-02-19T16:52:56.238+0000] {processor.py:153} INFO - Started process (PID=84) to work on /home/airflow/.local/lib/python3.7/site-packages/airflow/example_dags/example_branch_operator.py
[2023-02-19T16:52:56.240+0000] {processor.py:743} INFO - Processing file /home/airflow/.local/lib/python3.7/site-packages/airflow/example_dags/example_branch_operator.py for tasks to queue
[2023-02-19T16:52:56.242+0000] {logging_mixin.py:137} INFO - [2023-02-19T16:52:56.241+0000] {dagbag.py:538} INFO - Filling up the DagBag from /home/airflow/.local/lib/python3.7/site-packages/airflow/example_dags/example_branch_operator.py
[2023-02-19T16:52:56.267+0000] {processor.py:753} INFO - DAG(s) dict_keys(['example_branch_operator']) retrieved from /home/airflow/.local/lib/python3.7/site-packages/airflow/example_dags/example_branch_operator.py
[2023-02-19T16:52:56.312+0000] {logging_mixin.py:137} INFO - [2023-02-19T16:52:56.311+0000] {dag.py:2676} INFO - Sync 1 DAGs
[2023-02-19T16:52:56.346+0000] {logging_mixin.py:137} INFO - [2023-02-19T16:52:56.346+0000] {dag.py:3427} INFO - Setting next_dagrun for example_branch_operator to 2023-02-18T00:00:00+00:00, run_after=2023-02-19T00:00:00+00:00
[2023-02-19T16:52:56.367+0000] {processor.py:175} INFO - Processing /home/airflow/.local/lib/python3.7/site-packages/airflow/example_dags/example_branch_operator.py took 0.134 seconds
[2023-02-19T16:53:27.586+0000] {processor.py:153} INFO - Started process (PID=182) to work on /home/airflow/.local/lib/python3.7/site-packages/airflow/example_dags/example_branch_operator.py
[2023-02-19T16:53:27.591+0000] {processor.py:743} INFO - Processing file /home/airflow/.local/lib/python3.7/site-packages/airflow/example_dags/example_branch_operator.py for tasks to queue
[2023-02-19T16:53:27.595+0000] {logging_mixin.py:137} INFO - [2023-02-19T16:53:27.594+0000] {dagbag.py:538} INFO - Filling up the DagBag from /home/airflow/.local/lib/python3.7/site-packages/airflow/example_dags/example_branch_operator.py
[2023-02-19T16:53:27.649+0000] {processor.py:753} INFO - DAG(s) dict_keys(['example_branch_operator']) retrieved from /home/airflow/.local/lib/python3.7/site-packages/airflow/example_dags/example_branch_operator.py
[2023-02-19T16:53:27.740+0000] {logging_mixin.py:137} INFO - [2023-02-19T16:53:27.739+0000] {dag.py:2676} INFO - Sync 1 DAGs
[2023-02-19T16:53:27.786+0000] {logging_mixin.py:137} INFO - [2023-02-19T16:53:27.786+0000] {dag.py:3427} INFO - Setting next_dagrun for example_branch_operator to 2023-02-18T00:00:00+00:00, run_after=2023-02-19T00:00:00+00:00
[2023-02-19T16:53:27.820+0000] {processor.py:175} INFO - Processing /home/airflow/.local/lib/python3.7/site-packages/airflow/example_dags/example_branch_operator.py took 0.245 seconds
[2023-02-19T16:53:58.225+0000] {processor.py:153} INFO - Started process (PID=264) to work on /home/airflow/.local/lib/python3.7/site-packages/airflow/example_dags/example_branch_operator.py
[2023-02-19T16:53:58.227+0000] {processor.py:743} INFO - Processing file /home/airflow/.local/lib/python3.7/site-packages/airflow/example_dags/example_branch_operator.py for tasks to queue
[2023-02-19T16:53:58.229+0000] {logging_mixin.py:137} INFO - [2023-02-19T16:53:58.229+0000] {dagbag.py:538} INFO - Filling up the DagBag from /home/airflow/.local/lib/python3.7/site-packages/airflow/example_dags/example_branch_operator.py
[2023-02-19T16:53:58.249+0000] {processor.py:753} INFO - DAG(s) dict_keys(['example_branch_operator']) retrieved from /home/airflow/.local/lib/python3.7/site-packages/airflow/example_dags/example_branch_operator.py
[2023-02-19T16:53:58.296+0000] {logging_mixin.py:137} INFO - [2023-02-19T16:53:58.295+0000] {dag.py:2676} INFO - Sync 1 DAGs
[2023-02-19T16:53:58.327+0000] {logging_mixin.py:137} INFO - [2023-02-19T16:53:58.327+0000] {dag.py:3427} INFO - Setting next_dagrun for example_branch_operator to 2023-02-18T00:00:00+00:00, run_after=2023-02-19T00:00:00+00:00
[2023-02-19T16:53:58.349+0000] {processor.py:175} INFO - Processing /home/airflow/.local/lib/python3.7/site-packages/airflow/example_dags/example_branch_operator.py took 0.128 seconds
[2023-02-19T16:54:30.032+0000] {processor.py:153} INFO - Started process (PID=362) to work on /home/airflow/.local/lib/python3.7/site-packages/airflow/example_dags/example_branch_operator.py
[2023-02-19T16:54:30.034+0000] {processor.py:743} INFO - Processing file /home/airflow/.local/lib/python3.7/site-packages/airflow/example_dags/example_branch_operator.py for tasks to queue
[2023-02-19T16:54:30.036+0000] {logging_mixin.py:137} INFO - [2023-02-19T16:54:30.036+0000] {dagbag.py:538} INFO - Filling up the DagBag from /home/airflow/.local/lib/python3.7/site-packages/airflow/example_dags/example_branch_operator.py
[2023-02-19T16:54:30.061+0000] {processor.py:753} INFO - DAG(s) dict_keys(['example_branch_operator']) retrieved from /home/airflow/.local/lib/python3.7/site-packages/airflow/example_dags/example_branch_operator.py
[2023-02-19T16:54:30.110+0000] {logging_mixin.py:137} INFO - [2023-02-19T16:54:30.109+0000] {dag.py:2676} INFO - Sync 1 DAGs
[2023-02-19T16:54:30.141+0000] {logging_mixin.py:137} INFO - [2023-02-19T16:54:30.141+0000] {dag.py:3427} INFO - Setting next_dagrun for example_branch_operator to 2023-02-18T00:00:00+00:00, run_after=2023-02-19T00:00:00+00:00
[2023-02-19T16:54:30.162+0000] {processor.py:175} INFO - Processing /home/airflow/.local/lib/python3.7/site-packages/airflow/example_dags/example_branch_operator.py took 0.136 seconds
[2023-02-19T16:55:00.939+0000] {processor.py:153} INFO - Started process (PID=444) to work on /home/airflow/.local/lib/python3.7/site-packages/airflow/example_dags/example_branch_operator.py
[2023-02-19T16:55:00.941+0000] {processor.py:743} INFO - Processing file /home/airflow/.local/lib/python3.7/site-packages/airflow/example_dags/example_branch_operator.py for tasks to queue
[2023-02-19T16:55:00.943+0000] {logging_mixin.py:137} INFO - [2023-02-19T16:55:00.942+0000] {dagbag.py:538} INFO - Filling up the DagBag from /home/airflow/.local/lib/python3.7/site-packages/airflow/example_dags/example_branch_operator.py
[2023-02-19T16:55:00.963+0000] {processor.py:753} INFO - DAG(s) dict_keys(['example_branch_operator']) retrieved from /home/airflow/.local/lib/python3.7/site-packages/airflow/example_dags/example_branch_operator.py
[2023-02-19T16:55:01.020+0000] {logging_mixin.py:137} INFO - [2023-02-19T16:55:01.019+0000] {dag.py:2676} INFO - Sync 1 DAGs
[2023-02-19T16:55:01.053+0000] {logging_mixin.py:137} INFO - [2023-02-19T16:55:01.053+0000] {dag.py:3427} INFO - Setting next_dagrun for example_branch_operator to 2023-02-18T00:00:00+00:00, run_after=2023-02-19T00:00:00+00:00
[2023-02-19T16:55:01.101+0000] {processor.py:175} INFO - Processing /home/airflow/.local/lib/python3.7/site-packages/airflow/example_dags/example_branch_operator.py took 0.166 seconds
[2023-02-19T16:55:32.716+0000] {processor.py:153} INFO - Started process (PID=542) to work on /home/airflow/.local/lib/python3.7/site-packages/airflow/example_dags/example_branch_operator.py
[2023-02-19T16:55:32.719+0000] {processor.py:743} INFO - Processing file /home/airflow/.local/lib/python3.7/site-packages/airflow/example_dags/example_branch_operator.py for tasks to queue
[2023-02-19T16:55:32.721+0000] {logging_mixin.py:137} INFO - [2023-02-19T16:55:32.721+0000] {dagbag.py:538} INFO - Filling up the DagBag from /home/airflow/.local/lib/python3.7/site-packages/airflow/example_dags/example_branch_operator.py
[2023-02-19T16:55:32.748+0000] {processor.py:753} INFO - DAG(s) dict_keys(['example_branch_operator']) retrieved from /home/airflow/.local/lib/python3.7/site-packages/airflow/example_dags/example_branch_operator.py
[2023-02-19T16:55:32.807+0000] {logging_mixin.py:137} INFO - [2023-02-19T16:55:32.807+0000] {dag.py:2676} INFO - Sync 1 DAGs
[2023-02-19T16:55:32.844+0000] {logging_mixin.py:137} INFO - [2023-02-19T16:55:32.844+0000] {dag.py:3427} INFO - Setting next_dagrun for example_branch_operator to 2023-02-18T00:00:00+00:00, run_after=2023-02-19T00:00:00+00:00
[2023-02-19T16:55:32.869+0000] {processor.py:175} INFO - Processing /home/airflow/.local/lib/python3.7/site-packages/airflow/example_dags/example_branch_operator.py took 0.160 seconds
[2023-02-19T16:56:04.116+0000] {processor.py:153} INFO - Started process (PID=624) to work on /home/airflow/.local/lib/python3.7/site-packages/airflow/example_dags/example_branch_operator.py
[2023-02-19T16:56:04.118+0000] {processor.py:743} INFO - Processing file /home/airflow/.local/lib/python3.7/site-packages/airflow/example_dags/example_branch_operator.py for tasks to queue
[2023-02-19T16:56:04.120+0000] {logging_mixin.py:137} INFO - [2023-02-19T16:56:04.120+0000] {dagbag.py:538} INFO - Filling up the DagBag from /home/airflow/.local/lib/python3.7/site-packages/airflow/example_dags/example_branch_operator.py
[2023-02-19T16:56:04.141+0000] {processor.py:753} INFO - DAG(s) dict_keys(['example_branch_operator']) retrieved from /home/airflow/.local/lib/python3.7/site-packages/airflow/example_dags/example_branch_operator.py
[2023-02-19T16:56:04.184+0000] {logging_mixin.py:137} INFO - [2023-02-19T16:56:04.183+0000] {dag.py:2676} INFO - Sync 1 DAGs
[2023-02-19T16:56:04.213+0000] {logging_mixin.py:137} INFO - [2023-02-19T16:56:04.213+0000] {dag.py:3427} INFO - Setting next_dagrun for example_branch_operator to 2023-02-18T00:00:00+00:00, run_after=2023-02-19T00:00:00+00:00
[2023-02-19T16:56:04.236+0000] {processor.py:175} INFO - Processing /home/airflow/.local/lib/python3.7/site-packages/airflow/example_dags/example_branch_operator.py took 0.125 seconds
[2023-02-19T16:56:35.296+0000] {processor.py:153} INFO - Started process (PID=722) to work on /home/airflow/.local/lib/python3.7/site-packages/airflow/example_dags/example_branch_operator.py
[2023-02-19T16:56:35.298+0000] {processor.py:743} INFO - Processing file /home/airflow/.local/lib/python3.7/site-packages/airflow/example_dags/example_branch_operator.py for tasks to queue
[2023-02-19T16:56:35.300+0000] {logging_mixin.py:137} INFO - [2023-02-19T16:56:35.299+0000] {dagbag.py:538} INFO - Filling up the DagBag from /home/airflow/.local/lib/python3.7/site-packages/airflow/example_dags/example_branch_operator.py
[2023-02-19T16:56:35.321+0000] {processor.py:753} INFO - DAG(s) dict_keys(['example_branch_operator']) retrieved from /home/airflow/.local/lib/python3.7/site-packages/airflow/example_dags/example_branch_operator.py
[2023-02-19T16:56:35.366+0000] {logging_mixin.py:137} INFO - [2023-02-19T16:56:35.365+0000] {dag.py:2676} INFO - Sync 1 DAGs
[2023-02-19T16:56:35.396+0000] {logging_mixin.py:137} INFO - [2023-02-19T16:56:35.396+0000] {dag.py:3427} INFO - Setting next_dagrun for example_branch_operator to 2023-02-18T00:00:00+00:00, run_after=2023-02-19T00:00:00+00:00
[2023-02-19T16:56:35.419+0000] {processor.py:175} INFO - Processing /home/airflow/.local/lib/python3.7/site-packages/airflow/example_dags/example_branch_operator.py took 0.128 seconds
[2023-02-19T16:57:06.571+0000] {processor.py:153} INFO - Started process (PID=804) to work on /home/airflow/.local/lib/python3.7/site-packages/airflow/example_dags/example_branch_operator.py
[2023-02-19T16:57:06.574+0000] {processor.py:743} INFO - Processing file /home/airflow/.local/lib/python3.7/site-packages/airflow/example_dags/example_branch_operator.py for tasks to queue
[2023-02-19T16:57:06.575+0000] {logging_mixin.py:137} INFO - [2023-02-19T16:57:06.575+0000] {dagbag.py:538} INFO - Filling up the DagBag from /home/airflow/.local/lib/python3.7/site-packages/airflow/example_dags/example_branch_operator.py
[2023-02-19T16:57:06.596+0000] {processor.py:753} INFO - DAG(s) dict_keys(['example_branch_operator']) retrieved from /home/airflow/.local/lib/python3.7/site-packages/airflow/example_dags/example_branch_operator.py
[2023-02-19T16:57:06.641+0000] {logging_mixin.py:137} INFO - [2023-02-19T16:57:06.641+0000] {dag.py:2676} INFO - Sync 1 DAGs
[2023-02-19T16:57:06.672+0000] {logging_mixin.py:137} INFO - [2023-02-19T16:57:06.671+0000] {dag.py:3427} INFO - Setting next_dagrun for example_branch_operator to 2023-02-18T00:00:00+00:00, run_after=2023-02-19T00:00:00+00:00
[2023-02-19T16:57:06.692+0000] {processor.py:175} INFO - Processing /home/airflow/.local/lib/python3.7/site-packages/airflow/example_dags/example_branch_operator.py took 0.125 seconds
[2023-02-19T16:57:38.198+0000] {processor.py:153} INFO - Started process (PID=902) to work on /home/airflow/.local/lib/python3.7/site-packages/airflow/example_dags/example_branch_operator.py
[2023-02-19T16:57:38.200+0000] {processor.py:743} INFO - Processing file /home/airflow/.local/lib/python3.7/site-packages/airflow/example_dags/example_branch_operator.py for tasks to queue
[2023-02-19T16:57:38.202+0000] {logging_mixin.py:137} INFO - [2023-02-19T16:57:38.202+0000] {dagbag.py:538} INFO - Filling up the DagBag from /home/airflow/.local/lib/python3.7/site-packages/airflow/example_dags/example_branch_operator.py
[2023-02-19T16:57:38.222+0000] {processor.py:753} INFO - DAG(s) dict_keys(['example_branch_operator']) retrieved from /home/airflow/.local/lib/python3.7/site-packages/airflow/example_dags/example_branch_operator.py
[2023-02-19T16:57:38.266+0000] {logging_mixin.py:137} INFO - [2023-02-19T16:57:38.266+0000] {dag.py:2676} INFO - Sync 1 DAGs
[2023-02-19T16:57:38.296+0000] {logging_mixin.py:137} INFO - [2023-02-19T16:57:38.296+0000] {dag.py:3427} INFO - Setting next_dagrun for example_branch_operator to 2023-02-18T00:00:00+00:00, run_after=2023-02-19T00:00:00+00:00
[2023-02-19T16:57:38.316+0000] {processor.py:175} INFO - Processing /home/airflow/.local/lib/python3.7/site-packages/airflow/example_dags/example_branch_operator.py took 0.122 seconds
[2023-02-19T16:58:09.353+0000] {processor.py:153} INFO - Started process (PID=984) to work on /home/airflow/.local/lib/python3.7/site-packages/airflow/example_dags/example_branch_operator.py
[2023-02-19T16:58:09.355+0000] {processor.py:743} INFO - Processing file /home/airflow/.local/lib/python3.7/site-packages/airflow/example_dags/example_branch_operator.py for tasks to queue
[2023-02-19T16:58:09.357+0000] {logging_mixin.py:137} INFO - [2023-02-19T16:58:09.356+0000] {dagbag.py:538} INFO - Filling up the DagBag from /home/airflow/.local/lib/python3.7/site-packages/airflow/example_dags/example_branch_operator.py
[2023-02-19T16:58:09.380+0000] {processor.py:753} INFO - DAG(s) dict_keys(['example_branch_operator']) retrieved from /home/airflow/.local/lib/python3.7/site-packages/airflow/example_dags/example_branch_operator.py
[2023-02-19T16:58:09.424+0000] {logging_mixin.py:137} INFO - [2023-02-19T16:58:09.424+0000] {dag.py:2676} INFO - Sync 1 DAGs
[2023-02-19T16:58:09.455+0000] {logging_mixin.py:137} INFO - [2023-02-19T16:58:09.455+0000] {dag.py:3427} INFO - Setting next_dagrun for example_branch_operator to 2023-02-18T00:00:00+00:00, run_after=2023-02-19T00:00:00+00:00
[2023-02-19T16:58:09.481+0000] {processor.py:175} INFO - Processing /home/airflow/.local/lib/python3.7/site-packages/airflow/example_dags/example_branch_operator.py took 0.132 seconds
[2023-02-19T16:58:40.789+0000] {processor.py:153} INFO - Started process (PID=1082) to work on /home/airflow/.local/lib/python3.7/site-packages/airflow/example_dags/example_branch_operator.py
[2023-02-19T16:58:40.791+0000] {processor.py:743} INFO - Processing file /home/airflow/.local/lib/python3.7/site-packages/airflow/example_dags/example_branch_operator.py for tasks to queue
[2023-02-19T16:58:40.792+0000] {logging_mixin.py:137} INFO - [2023-02-19T16:58:40.792+0000] {dagbag.py:538} INFO - Filling up the DagBag from /home/airflow/.local/lib/python3.7/site-packages/airflow/example_dags/example_branch_operator.py
[2023-02-19T16:58:40.813+0000] {processor.py:753} INFO - DAG(s) dict_keys(['example_branch_operator']) retrieved from /home/airflow/.local/lib/python3.7/site-packages/airflow/example_dags/example_branch_operator.py
[2023-02-19T16:58:40.857+0000] {logging_mixin.py:137} INFO - [2023-02-19T16:58:40.857+0000] {dag.py:2676} INFO - Sync 1 DAGs
[2023-02-19T16:58:40.889+0000] {logging_mixin.py:137} INFO - [2023-02-19T16:58:40.888+0000] {dag.py:3427} INFO - Setting next_dagrun for example_branch_operator to 2023-02-18T00:00:00+00:00, run_after=2023-02-19T00:00:00+00:00
[2023-02-19T16:58:40.909+0000] {processor.py:175} INFO - Processing /home/airflow/.local/lib/python3.7/site-packages/airflow/example_dags/example_branch_operator.py took 0.125 seconds
[2023-02-19T16:59:12.223+0000] {processor.py:153} INFO - Started process (PID=1171) to work on /home/airflow/.local/lib/python3.7/site-packages/airflow/example_dags/example_branch_operator.py
[2023-02-19T16:59:12.225+0000] {processor.py:743} INFO - Processing file /home/airflow/.local/lib/python3.7/site-packages/airflow/example_dags/example_branch_operator.py for tasks to queue
[2023-02-19T16:59:12.227+0000] {logging_mixin.py:137} INFO - [2023-02-19T16:59:12.226+0000] {dagbag.py:538} INFO - Filling up the DagBag from /home/airflow/.local/lib/python3.7/site-packages/airflow/example_dags/example_branch_operator.py
[2023-02-19T16:59:12.251+0000] {processor.py:753} INFO - DAG(s) dict_keys(['example_branch_operator']) retrieved from /home/airflow/.local/lib/python3.7/site-packages/airflow/example_dags/example_branch_operator.py
[2023-02-19T16:59:12.307+0000] {logging_mixin.py:137} INFO - [2023-02-19T16:59:12.307+0000] {dag.py:2676} INFO - Sync 1 DAGs
[2023-02-19T16:59:12.337+0000] {logging_mixin.py:137} INFO - [2023-02-19T16:59:12.337+0000] {dag.py:3427} INFO - Setting next_dagrun for example_branch_operator to 2023-02-18T00:00:00+00:00, run_after=2023-02-19T00:00:00+00:00
[2023-02-19T16:59:12.359+0000] {processor.py:175} INFO - Processing /home/airflow/.local/lib/python3.7/site-packages/airflow/example_dags/example_branch_operator.py took 0.142 seconds
[2023-02-19T16:59:43.152+0000] {processor.py:153} INFO - Started process (PID=1262) to work on /home/airflow/.local/lib/python3.7/site-packages/airflow/example_dags/example_branch_operator.py
[2023-02-19T16:59:43.154+0000] {processor.py:743} INFO - Processing file /home/airflow/.local/lib/python3.7/site-packages/airflow/example_dags/example_branch_operator.py for tasks to queue
[2023-02-19T16:59:43.156+0000] {logging_mixin.py:137} INFO - [2023-02-19T16:59:43.156+0000] {dagbag.py:538} INFO - Filling up the DagBag from /home/airflow/.local/lib/python3.7/site-packages/airflow/example_dags/example_branch_operator.py
[2023-02-19T16:59:43.179+0000] {processor.py:753} INFO - DAG(s) dict_keys(['example_branch_operator']) retrieved from /home/airflow/.local/lib/python3.7/site-packages/airflow/example_dags/example_branch_operator.py
[2023-02-19T16:59:43.233+0000] {logging_mixin.py:137} INFO - [2023-02-19T16:59:43.233+0000] {dag.py:2676} INFO - Sync 1 DAGs
[2023-02-19T16:59:43.269+0000] {logging_mixin.py:137} INFO - [2023-02-19T16:59:43.269+0000] {dag.py:3427} INFO - Setting next_dagrun for example_branch_operator to 2023-02-18T00:00:00+00:00, run_after=2023-02-19T00:00:00+00:00
[2023-02-19T16:59:43.296+0000] {processor.py:175} INFO - Processing /home/airflow/.local/lib/python3.7/site-packages/airflow/example_dags/example_branch_operator.py took 0.149 seconds
[2023-02-19T17:00:15.048+0000] {processor.py:153} INFO - Started process (PID=1354) to work on /home/airflow/.local/lib/python3.7/site-packages/airflow/example_dags/example_branch_operator.py
[2023-02-19T17:00:15.051+0000] {processor.py:743} INFO - Processing file /home/airflow/.local/lib/python3.7/site-packages/airflow/example_dags/example_branch_operator.py for tasks to queue
[2023-02-19T17:00:15.054+0000] {logging_mixin.py:137} INFO - [2023-02-19T17:00:15.054+0000] {dagbag.py:538} INFO - Filling up the DagBag from /home/airflow/.local/lib/python3.7/site-packages/airflow/example_dags/example_branch_operator.py
[2023-02-19T17:00:15.085+0000] {processor.py:753} INFO - DAG(s) dict_keys(['example_branch_operator']) retrieved from /home/airflow/.local/lib/python3.7/site-packages/airflow/example_dags/example_branch_operator.py
[2023-02-19T17:00:15.147+0000] {logging_mixin.py:137} INFO - [2023-02-19T17:00:15.147+0000] {dag.py:2676} INFO - Sync 1 DAGs
[2023-02-19T17:00:15.198+0000] {logging_mixin.py:137} INFO - [2023-02-19T17:00:15.198+0000] {dag.py:3427} INFO - Setting next_dagrun for example_branch_operator to 2023-02-18T00:00:00+00:00, run_after=2023-02-19T00:00:00+00:00
[2023-02-19T17:00:15.224+0000] {processor.py:175} INFO - Processing /home/airflow/.local/lib/python3.7/site-packages/airflow/example_dags/example_branch_operator.py took 0.185 seconds
[2023-02-19T17:00:46.581+0000] {processor.py:153} INFO - Started process (PID=1443) to work on /home/airflow/.local/lib/python3.7/site-packages/airflow/example_dags/example_branch_operator.py
[2023-02-19T17:00:46.584+0000] {processor.py:743} INFO - Processing file /home/airflow/.local/lib/python3.7/site-packages/airflow/example_dags/example_branch_operator.py for tasks to queue
[2023-02-19T17:00:46.586+0000] {logging_mixin.py:137} INFO - [2023-02-19T17:00:46.586+0000] {dagbag.py:538} INFO - Filling up the DagBag from /home/airflow/.local/lib/python3.7/site-packages/airflow/example_dags/example_branch_operator.py
[2023-02-19T17:00:46.612+0000] {processor.py:753} INFO - DAG(s) dict_keys(['example_branch_operator']) retrieved from /home/airflow/.local/lib/python3.7/site-packages/airflow/example_dags/example_branch_operator.py
[2023-02-19T17:00:46.666+0000] {logging_mixin.py:137} INFO - [2023-02-19T17:00:46.666+0000] {dag.py:2676} INFO - Sync 1 DAGs
[2023-02-19T17:00:46.698+0000] {logging_mixin.py:137} INFO - [2023-02-19T17:00:46.698+0000] {dag.py:3427} INFO - Setting next_dagrun for example_branch_operator to 2023-02-18T00:00:00+00:00, run_after=2023-02-19T00:00:00+00:00
[2023-02-19T17:00:46.719+0000] {processor.py:175} INFO - Processing /home/airflow/.local/lib/python3.7/site-packages/airflow/example_dags/example_branch_operator.py took 0.143 seconds
[2023-02-19T17:01:17.880+0000] {processor.py:153} INFO - Started process (PID=1534) to work on /home/airflow/.local/lib/python3.7/site-packages/airflow/example_dags/example_branch_operator.py
[2023-02-19T17:01:17.883+0000] {processor.py:743} INFO - Processing file /home/airflow/.local/lib/python3.7/site-packages/airflow/example_dags/example_branch_operator.py for tasks to queue
[2023-02-19T17:01:17.884+0000] {logging_mixin.py:137} INFO - [2023-02-19T17:01:17.884+0000] {dagbag.py:538} INFO - Filling up the DagBag from /home/airflow/.local/lib/python3.7/site-packages/airflow/example_dags/example_branch_operator.py
[2023-02-19T17:01:17.910+0000] {processor.py:753} INFO - DAG(s) dict_keys(['example_branch_operator']) retrieved from /home/airflow/.local/lib/python3.7/site-packages/airflow/example_dags/example_branch_operator.py
[2023-02-19T17:01:17.974+0000] {logging_mixin.py:137} INFO - [2023-02-19T17:01:17.974+0000] {dag.py:2676} INFO - Sync 1 DAGs
[2023-02-19T17:01:18.020+0000] {logging_mixin.py:137} INFO - [2023-02-19T17:01:18.020+0000] {dag.py:3427} INFO - Setting next_dagrun for example_branch_operator to 2023-02-18T00:00:00+00:00, run_after=2023-02-19T00:00:00+00:00
[2023-02-19T17:01:18.061+0000] {processor.py:175} INFO - Processing /home/airflow/.local/lib/python3.7/site-packages/airflow/example_dags/example_branch_operator.py took 0.185 seconds
[2023-02-19T17:01:48.946+0000] {processor.py:153} INFO - Started process (PID=1623) to work on /home/airflow/.local/lib/python3.7/site-packages/airflow/example_dags/example_branch_operator.py
[2023-02-19T17:01:48.948+0000] {processor.py:743} INFO - Processing file /home/airflow/.local/lib/python3.7/site-packages/airflow/example_dags/example_branch_operator.py for tasks to queue
[2023-02-19T17:01:48.949+0000] {logging_mixin.py:137} INFO - [2023-02-19T17:01:48.949+0000] {dagbag.py:538} INFO - Filling up the DagBag from /home/airflow/.local/lib/python3.7/site-packages/airflow/example_dags/example_branch_operator.py
[2023-02-19T17:01:48.970+0000] {processor.py:753} INFO - DAG(s) dict_keys(['example_branch_operator']) retrieved from /home/airflow/.local/lib/python3.7/site-packages/airflow/example_dags/example_branch_operator.py
[2023-02-19T17:01:49.013+0000] {logging_mixin.py:137} INFO - [2023-02-19T17:01:49.013+0000] {dag.py:2676} INFO - Sync 1 DAGs
[2023-02-19T17:01:49.044+0000] {logging_mixin.py:137} INFO - [2023-02-19T17:01:49.043+0000] {dag.py:3427} INFO - Setting next_dagrun for example_branch_operator to 2023-02-18T00:00:00+00:00, run_after=2023-02-19T00:00:00+00:00
[2023-02-19T17:01:49.065+0000] {processor.py:175} INFO - Processing /home/airflow/.local/lib/python3.7/site-packages/airflow/example_dags/example_branch_operator.py took 0.123 seconds
[2023-02-19T17:02:20.173+0000] {processor.py:153} INFO - Started process (PID=1721) to work on /home/airflow/.local/lib/python3.7/site-packages/airflow/example_dags/example_branch_operator.py
[2023-02-19T17:02:20.176+0000] {processor.py:743} INFO - Processing file /home/airflow/.local/lib/python3.7/site-packages/airflow/example_dags/example_branch_operator.py for tasks to queue
[2023-02-19T17:02:20.179+0000] {logging_mixin.py:137} INFO - [2023-02-19T17:02:20.178+0000] {dagbag.py:538} INFO - Filling up the DagBag from /home/airflow/.local/lib/python3.7/site-packages/airflow/example_dags/example_branch_operator.py
[2023-02-19T17:02:20.200+0000] {processor.py:753} INFO - DAG(s) dict_keys(['example_branch_operator']) retrieved from /home/airflow/.local/lib/python3.7/site-packages/airflow/example_dags/example_branch_operator.py
[2023-02-19T17:02:20.245+0000] {logging_mixin.py:137} INFO - [2023-02-19T17:02:20.245+0000] {dag.py:2676} INFO - Sync 1 DAGs
[2023-02-19T17:02:20.276+0000] {logging_mixin.py:137} INFO - [2023-02-19T17:02:20.276+0000] {dag.py:3427} INFO - Setting next_dagrun for example_branch_operator to 2023-02-18T00:00:00+00:00, run_after=2023-02-19T00:00:00+00:00
[2023-02-19T17:02:20.302+0000] {processor.py:175} INFO - Processing /home/airflow/.local/lib/python3.7/site-packages/airflow/example_dags/example_branch_operator.py took 0.134 seconds
[2023-02-19T17:02:51.576+0000] {processor.py:153} INFO - Started process (PID=1803) to work on /home/airflow/.local/lib/python3.7/site-packages/airflow/example_dags/example_branch_operator.py
[2023-02-19T17:02:51.579+0000] {processor.py:743} INFO - Processing file /home/airflow/.local/lib/python3.7/site-packages/airflow/example_dags/example_branch_operator.py for tasks to queue
[2023-02-19T17:02:51.581+0000] {logging_mixin.py:137} INFO - [2023-02-19T17:02:51.580+0000] {dagbag.py:538} INFO - Filling up the DagBag from /home/airflow/.local/lib/python3.7/site-packages/airflow/example_dags/example_branch_operator.py
[2023-02-19T17:02:51.606+0000] {processor.py:753} INFO - DAG(s) dict_keys(['example_branch_operator']) retrieved from /home/airflow/.local/lib/python3.7/site-packages/airflow/example_dags/example_branch_operator.py
[2023-02-19T17:02:51.663+0000] {logging_mixin.py:137} INFO - [2023-02-19T17:02:51.662+0000] {dag.py:2676} INFO - Sync 1 DAGs
[2023-02-19T17:02:51.713+0000] {logging_mixin.py:137} INFO - [2023-02-19T17:02:51.713+0000] {dag.py:3427} INFO - Setting next_dagrun for example_branch_operator to 2023-02-18T00:00:00+00:00, run_after=2023-02-19T00:00:00+00:00
[2023-02-19T17:02:51.741+0000] {processor.py:175} INFO - Processing /home/airflow/.local/lib/python3.7/site-packages/airflow/example_dags/example_branch_operator.py took 0.170 seconds
[2023-02-19T17:03:23.102+0000] {processor.py:153} INFO - Started process (PID=1901) to work on /home/airflow/.local/lib/python3.7/site-packages/airflow/example_dags/example_branch_operator.py
[2023-02-19T17:03:23.105+0000] {processor.py:743} INFO - Processing file /home/airflow/.local/lib/python3.7/site-packages/airflow/example_dags/example_branch_operator.py for tasks to queue
[2023-02-19T17:03:23.108+0000] {logging_mixin.py:137} INFO - [2023-02-19T17:03:23.108+0000] {dagbag.py:538} INFO - Filling up the DagBag from /home/airflow/.local/lib/python3.7/site-packages/airflow/example_dags/example_branch_operator.py
[2023-02-19T17:03:23.133+0000] {processor.py:753} INFO - DAG(s) dict_keys(['example_branch_operator']) retrieved from /home/airflow/.local/lib/python3.7/site-packages/airflow/example_dags/example_branch_operator.py
[2023-02-19T17:03:23.188+0000] {logging_mixin.py:137} INFO - [2023-02-19T17:03:23.187+0000] {dag.py:2676} INFO - Sync 1 DAGs
[2023-02-19T17:03:23.219+0000] {logging_mixin.py:137} INFO - [2023-02-19T17:03:23.218+0000] {dag.py:3427} INFO - Setting next_dagrun for example_branch_operator to 2023-02-18T00:00:00+00:00, run_after=2023-02-19T00:00:00+00:00
[2023-02-19T17:03:23.242+0000] {processor.py:175} INFO - Processing /home/airflow/.local/lib/python3.7/site-packages/airflow/example_dags/example_branch_operator.py took 0.146 seconds
[2023-02-19T17:03:54.410+0000] {processor.py:153} INFO - Started process (PID=1983) to work on /home/airflow/.local/lib/python3.7/site-packages/airflow/example_dags/example_branch_operator.py
[2023-02-19T17:03:54.412+0000] {processor.py:743} INFO - Processing file /home/airflow/.local/lib/python3.7/site-packages/airflow/example_dags/example_branch_operator.py for tasks to queue
[2023-02-19T17:03:54.414+0000] {logging_mixin.py:137} INFO - [2023-02-19T17:03:54.413+0000] {dagbag.py:538} INFO - Filling up the DagBag from /home/airflow/.local/lib/python3.7/site-packages/airflow/example_dags/example_branch_operator.py
[2023-02-19T17:03:54.435+0000] {processor.py:753} INFO - DAG(s) dict_keys(['example_branch_operator']) retrieved from /home/airflow/.local/lib/python3.7/site-packages/airflow/example_dags/example_branch_operator.py
[2023-02-19T17:03:54.481+0000] {logging_mixin.py:137} INFO - [2023-02-19T17:03:54.480+0000] {dag.py:2676} INFO - Sync 1 DAGs
[2023-02-19T17:03:54.511+0000] {logging_mixin.py:137} INFO - [2023-02-19T17:03:54.511+0000] {dag.py:3427} INFO - Setting next_dagrun for example_branch_operator to 2023-02-18T00:00:00+00:00, run_after=2023-02-19T00:00:00+00:00
[2023-02-19T17:03:54.531+0000] {processor.py:175} INFO - Processing /home/airflow/.local/lib/python3.7/site-packages/airflow/example_dags/example_branch_operator.py took 0.125 seconds
[2023-02-19T17:04:25.781+0000] {processor.py:153} INFO - Started process (PID=2081) to work on /home/airflow/.local/lib/python3.7/site-packages/airflow/example_dags/example_branch_operator.py
[2023-02-19T17:04:25.784+0000] {processor.py:743} INFO - Processing file /home/airflow/.local/lib/python3.7/site-packages/airflow/example_dags/example_branch_operator.py for tasks to queue
[2023-02-19T17:04:25.786+0000] {logging_mixin.py:137} INFO - [2023-02-19T17:04:25.786+0000] {dagbag.py:538} INFO - Filling up the DagBag from /home/airflow/.local/lib/python3.7/site-packages/airflow/example_dags/example_branch_operator.py
[2023-02-19T17:04:25.813+0000] {processor.py:753} INFO - DAG(s) dict_keys(['example_branch_operator']) retrieved from /home/airflow/.local/lib/python3.7/site-packages/airflow/example_dags/example_branch_operator.py
[2023-02-19T17:04:25.873+0000] {logging_mixin.py:137} INFO - [2023-02-19T17:04:25.873+0000] {dag.py:2676} INFO - Sync 1 DAGs
[2023-02-19T17:04:25.914+0000] {logging_mixin.py:137} INFO - [2023-02-19T17:04:25.914+0000] {dag.py:3427} INFO - Setting next_dagrun for example_branch_operator to 2023-02-18T00:00:00+00:00, run_after=2023-02-19T00:00:00+00:00
[2023-02-19T17:04:25.942+0000] {processor.py:175} INFO - Processing /home/airflow/.local/lib/python3.7/site-packages/airflow/example_dags/example_branch_operator.py took 0.166 seconds
[2023-02-19T17:04:56.668+0000] {processor.py:153} INFO - Started process (PID=2163) to work on /home/airflow/.local/lib/python3.7/site-packages/airflow/example_dags/example_branch_operator.py
[2023-02-19T17:04:56.670+0000] {processor.py:743} INFO - Processing file /home/airflow/.local/lib/python3.7/site-packages/airflow/example_dags/example_branch_operator.py for tasks to queue
[2023-02-19T17:04:56.672+0000] {logging_mixin.py:137} INFO - [2023-02-19T17:04:56.672+0000] {dagbag.py:538} INFO - Filling up the DagBag from /home/airflow/.local/lib/python3.7/site-packages/airflow/example_dags/example_branch_operator.py
[2023-02-19T17:04:56.693+0000] {processor.py:753} INFO - DAG(s) dict_keys(['example_branch_operator']) retrieved from /home/airflow/.local/lib/python3.7/site-packages/airflow/example_dags/example_branch_operator.py
[2023-02-19T17:04:56.736+0000] {logging_mixin.py:137} INFO - [2023-02-19T17:04:56.736+0000] {dag.py:2676} INFO - Sync 1 DAGs
[2023-02-19T17:04:56.767+0000] {logging_mixin.py:137} INFO - [2023-02-19T17:04:56.767+0000] {dag.py:3427} INFO - Setting next_dagrun for example_branch_operator to 2023-02-18T00:00:00+00:00, run_after=2023-02-19T00:00:00+00:00
[2023-02-19T17:04:56.788+0000] {processor.py:175} INFO - Processing /home/airflow/.local/lib/python3.7/site-packages/airflow/example_dags/example_branch_operator.py took 0.125 seconds
[2023-02-19T17:05:27.623+0000] {processor.py:153} INFO - Started process (PID=2261) to work on /home/airflow/.local/lib/python3.7/site-packages/airflow/example_dags/example_branch_operator.py
[2023-02-19T17:05:27.626+0000] {processor.py:743} INFO - Processing file /home/airflow/.local/lib/python3.7/site-packages/airflow/example_dags/example_branch_operator.py for tasks to queue
[2023-02-19T17:05:27.628+0000] {logging_mixin.py:137} INFO - [2023-02-19T17:05:27.628+0000] {dagbag.py:538} INFO - Filling up the DagBag from /home/airflow/.local/lib/python3.7/site-packages/airflow/example_dags/example_branch_operator.py
[2023-02-19T17:05:27.650+0000] {processor.py:753} INFO - DAG(s) dict_keys(['example_branch_operator']) retrieved from /home/airflow/.local/lib/python3.7/site-packages/airflow/example_dags/example_branch_operator.py
[2023-02-19T17:05:27.697+0000] {logging_mixin.py:137} INFO - [2023-02-19T17:05:27.697+0000] {dag.py:2676} INFO - Sync 1 DAGs
[2023-02-19T17:05:27.727+0000] {logging_mixin.py:137} INFO - [2023-02-19T17:05:27.727+0000] {dag.py:3427} INFO - Setting next_dagrun for example_branch_operator to 2023-02-18T00:00:00+00:00, run_after=2023-02-19T00:00:00+00:00
[2023-02-19T17:05:27.748+0000] {processor.py:175} INFO - Processing /home/airflow/.local/lib/python3.7/site-packages/airflow/example_dags/example_branch_operator.py took 0.130 seconds
[2023-02-19T17:05:58.988+0000] {processor.py:153} INFO - Started process (PID=2343) to work on /home/airflow/.local/lib/python3.7/site-packages/airflow/example_dags/example_branch_operator.py
[2023-02-19T17:05:58.991+0000] {processor.py:743} INFO - Processing file /home/airflow/.local/lib/python3.7/site-packages/airflow/example_dags/example_branch_operator.py for tasks to queue
[2023-02-19T17:05:58.993+0000] {logging_mixin.py:137} INFO - [2023-02-19T17:05:58.992+0000] {dagbag.py:538} INFO - Filling up the DagBag from /home/airflow/.local/lib/python3.7/site-packages/airflow/example_dags/example_branch_operator.py
[2023-02-19T17:05:59.018+0000] {processor.py:753} INFO - DAG(s) dict_keys(['example_branch_operator']) retrieved from /home/airflow/.local/lib/python3.7/site-packages/airflow/example_dags/example_branch_operator.py
[2023-02-19T17:05:59.071+0000] {logging_mixin.py:137} INFO - [2023-02-19T17:05:59.071+0000] {dag.py:2676} INFO - Sync 1 DAGs
[2023-02-19T17:05:59.107+0000] {logging_mixin.py:137} INFO - [2023-02-19T17:05:59.107+0000] {dag.py:3427} INFO - Setting next_dagrun for example_branch_operator to 2023-02-18T00:00:00+00:00, run_after=2023-02-19T00:00:00+00:00
[2023-02-19T17:05:59.132+0000] {processor.py:175} INFO - Processing /home/airflow/.local/lib/python3.7/site-packages/airflow/example_dags/example_branch_operator.py took 0.149 seconds
[2023-02-19T17:06:29.990+0000] {processor.py:153} INFO - Started process (PID=2442) to work on /home/airflow/.local/lib/python3.7/site-packages/airflow/example_dags/example_branch_operator.py
[2023-02-19T17:06:29.994+0000] {processor.py:743} INFO - Processing file /home/airflow/.local/lib/python3.7/site-packages/airflow/example_dags/example_branch_operator.py for tasks to queue
[2023-02-19T17:06:29.996+0000] {logging_mixin.py:137} INFO - [2023-02-19T17:06:29.996+0000] {dagbag.py:538} INFO - Filling up the DagBag from /home/airflow/.local/lib/python3.7/site-packages/airflow/example_dags/example_branch_operator.py
[2023-02-19T17:06:30.030+0000] {processor.py:753} INFO - DAG(s) dict_keys(['example_branch_operator']) retrieved from /home/airflow/.local/lib/python3.7/site-packages/airflow/example_dags/example_branch_operator.py
[2023-02-19T17:06:30.077+0000] {logging_mixin.py:137} INFO - [2023-02-19T17:06:30.077+0000] {dag.py:2676} INFO - Sync 1 DAGs
[2023-02-19T17:06:30.113+0000] {logging_mixin.py:137} INFO - [2023-02-19T17:06:30.113+0000] {dag.py:3427} INFO - Setting next_dagrun for example_branch_operator to 2023-02-18T00:00:00+00:00, run_after=2023-02-19T00:00:00+00:00
[2023-02-19T17:06:30.136+0000] {processor.py:175} INFO - Processing /home/airflow/.local/lib/python3.7/site-packages/airflow/example_dags/example_branch_operator.py took 0.152 seconds
