[2023-02-19T16:52:55.761+0000] {processor.py:153} INFO - Started process (PID=79) to work on /home/airflow/.local/lib/python3.7/site-packages/airflow/example_dags/example_complex.py
[2023-02-19T16:52:55.764+0000] {processor.py:743} INFO - Processing file /home/airflow/.local/lib/python3.7/site-packages/airflow/example_dags/example_complex.py for tasks to queue
[2023-02-19T16:52:55.766+0000] {logging_mixin.py:137} INFO - [2023-02-19T16:52:55.765+0000] {dagbag.py:538} INFO - Filling up the DagBag from /home/airflow/.local/lib/python3.7/site-packages/airflow/example_dags/example_complex.py
[2023-02-19T16:52:55.788+0000] {logging_mixin.py:137} INFO - [2023-02-19T16:52:55.788+0000] {taskmixin.py:205} WARNING - Dependency <Task(BashOperator): create_entry_group>, delete_entry_group already registered for DAG: example_complex
[2023-02-19T16:52:55.789+0000] {logging_mixin.py:137} INFO - [2023-02-19T16:52:55.789+0000] {taskmixin.py:205} WARNING - Dependency <Task(BashOperator): delete_entry_group>, create_entry_group already registered for DAG: example_complex
[2023-02-19T16:52:55.791+0000] {logging_mixin.py:137} INFO - [2023-02-19T16:52:55.791+0000] {taskmixin.py:205} WARNING - Dependency <Task(BashOperator): create_entry_gcs>, delete_entry already registered for DAG: example_complex
[2023-02-19T16:52:55.792+0000] {logging_mixin.py:137} INFO - [2023-02-19T16:52:55.792+0000] {taskmixin.py:205} WARNING - Dependency <Task(BashOperator): delete_entry>, create_entry_gcs already registered for DAG: example_complex
[2023-02-19T16:52:55.793+0000] {logging_mixin.py:137} INFO - [2023-02-19T16:52:55.793+0000] {taskmixin.py:205} WARNING - Dependency <Task(BashOperator): create_tag>, delete_tag already registered for DAG: example_complex
[2023-02-19T16:52:55.794+0000] {logging_mixin.py:137} INFO - [2023-02-19T16:52:55.794+0000] {taskmixin.py:205} WARNING - Dependency <Task(BashOperator): delete_tag>, create_tag already registered for DAG: example_complex
[2023-02-19T16:52:55.803+0000] {processor.py:753} INFO - DAG(s) dict_keys(['example_complex']) retrieved from /home/airflow/.local/lib/python3.7/site-packages/airflow/example_dags/example_complex.py
[2023-02-19T16:52:55.850+0000] {logging_mixin.py:137} INFO - [2023-02-19T16:52:55.850+0000] {dag.py:2676} INFO - Sync 1 DAGs
[2023-02-19T16:52:55.879+0000] {logging_mixin.py:137} INFO - [2023-02-19T16:52:55.879+0000] {dag.py:3427} INFO - Setting next_dagrun for example_complex to None, run_after=None
[2023-02-19T16:52:55.900+0000] {processor.py:175} INFO - Processing /home/airflow/.local/lib/python3.7/site-packages/airflow/example_dags/example_complex.py took 0.143 seconds
[2023-02-19T16:53:26.743+0000] {processor.py:153} INFO - Started process (PID=177) to work on /home/airflow/.local/lib/python3.7/site-packages/airflow/example_dags/example_complex.py
[2023-02-19T16:53:26.746+0000] {processor.py:743} INFO - Processing file /home/airflow/.local/lib/python3.7/site-packages/airflow/example_dags/example_complex.py for tasks to queue
[2023-02-19T16:53:26.749+0000] {logging_mixin.py:137} INFO - [2023-02-19T16:53:26.749+0000] {dagbag.py:538} INFO - Filling up the DagBag from /home/airflow/.local/lib/python3.7/site-packages/airflow/example_dags/example_complex.py
[2023-02-19T16:53:26.765+0000] {logging_mixin.py:137} INFO - [2023-02-19T16:53:26.765+0000] {taskmixin.py:205} WARNING - Dependency <Task(BashOperator): create_entry_group>, delete_entry_group already registered for DAG: example_complex
[2023-02-19T16:53:26.768+0000] {logging_mixin.py:137} INFO - [2023-02-19T16:53:26.768+0000] {taskmixin.py:205} WARNING - Dependency <Task(BashOperator): delete_entry_group>, create_entry_group already registered for DAG: example_complex
[2023-02-19T16:53:26.770+0000] {logging_mixin.py:137} INFO - [2023-02-19T16:53:26.770+0000] {taskmixin.py:205} WARNING - Dependency <Task(BashOperator): create_entry_gcs>, delete_entry already registered for DAG: example_complex
[2023-02-19T16:53:26.771+0000] {logging_mixin.py:137} INFO - [2023-02-19T16:53:26.771+0000] {taskmixin.py:205} WARNING - Dependency <Task(BashOperator): delete_entry>, create_entry_gcs already registered for DAG: example_complex
[2023-02-19T16:53:26.775+0000] {logging_mixin.py:137} INFO - [2023-02-19T16:53:26.774+0000] {taskmixin.py:205} WARNING - Dependency <Task(BashOperator): create_tag>, delete_tag already registered for DAG: example_complex
[2023-02-19T16:53:26.776+0000] {logging_mixin.py:137} INFO - [2023-02-19T16:53:26.776+0000] {taskmixin.py:205} WARNING - Dependency <Task(BashOperator): delete_tag>, create_tag already registered for DAG: example_complex
[2023-02-19T16:53:26.787+0000] {processor.py:753} INFO - DAG(s) dict_keys(['example_complex']) retrieved from /home/airflow/.local/lib/python3.7/site-packages/airflow/example_dags/example_complex.py
[2023-02-19T16:53:26.853+0000] {logging_mixin.py:137} INFO - [2023-02-19T16:53:26.853+0000] {dag.py:2676} INFO - Sync 1 DAGs
[2023-02-19T16:53:26.903+0000] {logging_mixin.py:137} INFO - [2023-02-19T16:53:26.903+0000] {dag.py:3427} INFO - Setting next_dagrun for example_complex to None, run_after=None
[2023-02-19T16:53:26.941+0000] {processor.py:175} INFO - Processing /home/airflow/.local/lib/python3.7/site-packages/airflow/example_dags/example_complex.py took 0.203 seconds
[2023-02-19T16:53:57.687+0000] {processor.py:153} INFO - Started process (PID=259) to work on /home/airflow/.local/lib/python3.7/site-packages/airflow/example_dags/example_complex.py
[2023-02-19T16:53:57.693+0000] {processor.py:743} INFO - Processing file /home/airflow/.local/lib/python3.7/site-packages/airflow/example_dags/example_complex.py for tasks to queue
[2023-02-19T16:53:57.697+0000] {logging_mixin.py:137} INFO - [2023-02-19T16:53:57.696+0000] {dagbag.py:538} INFO - Filling up the DagBag from /home/airflow/.local/lib/python3.7/site-packages/airflow/example_dags/example_complex.py
[2023-02-19T16:53:57.722+0000] {logging_mixin.py:137} INFO - [2023-02-19T16:53:57.722+0000] {taskmixin.py:205} WARNING - Dependency <Task(BashOperator): create_entry_group>, delete_entry_group already registered for DAG: example_complex
[2023-02-19T16:53:57.724+0000] {logging_mixin.py:137} INFO - [2023-02-19T16:53:57.724+0000] {taskmixin.py:205} WARNING - Dependency <Task(BashOperator): delete_entry_group>, create_entry_group already registered for DAG: example_complex
[2023-02-19T16:53:57.726+0000] {logging_mixin.py:137} INFO - [2023-02-19T16:53:57.726+0000] {taskmixin.py:205} WARNING - Dependency <Task(BashOperator): create_entry_gcs>, delete_entry already registered for DAG: example_complex
[2023-02-19T16:53:57.729+0000] {logging_mixin.py:137} INFO - [2023-02-19T16:53:57.728+0000] {taskmixin.py:205} WARNING - Dependency <Task(BashOperator): delete_entry>, create_entry_gcs already registered for DAG: example_complex
[2023-02-19T16:53:57.732+0000] {logging_mixin.py:137} INFO - [2023-02-19T16:53:57.732+0000] {taskmixin.py:205} WARNING - Dependency <Task(BashOperator): create_tag>, delete_tag already registered for DAG: example_complex
[2023-02-19T16:53:57.740+0000] {logging_mixin.py:137} INFO - [2023-02-19T16:53:57.740+0000] {taskmixin.py:205} WARNING - Dependency <Task(BashOperator): delete_tag>, create_tag already registered for DAG: example_complex
[2023-02-19T16:53:57.766+0000] {processor.py:753} INFO - DAG(s) dict_keys(['example_complex']) retrieved from /home/airflow/.local/lib/python3.7/site-packages/airflow/example_dags/example_complex.py
[2023-02-19T16:53:57.851+0000] {logging_mixin.py:137} INFO - [2023-02-19T16:53:57.851+0000] {dag.py:2676} INFO - Sync 1 DAGs
[2023-02-19T16:53:57.893+0000] {logging_mixin.py:137} INFO - [2023-02-19T16:53:57.893+0000] {dag.py:3427} INFO - Setting next_dagrun for example_complex to None, run_after=None
[2023-02-19T16:53:57.918+0000] {processor.py:175} INFO - Processing /home/airflow/.local/lib/python3.7/site-packages/airflow/example_dags/example_complex.py took 0.242 seconds
[2023-02-19T16:54:29.460+0000] {processor.py:153} INFO - Started process (PID=350) to work on /home/airflow/.local/lib/python3.7/site-packages/airflow/example_dags/example_complex.py
[2023-02-19T16:54:29.462+0000] {processor.py:743} INFO - Processing file /home/airflow/.local/lib/python3.7/site-packages/airflow/example_dags/example_complex.py for tasks to queue
[2023-02-19T16:54:29.465+0000] {logging_mixin.py:137} INFO - [2023-02-19T16:54:29.465+0000] {dagbag.py:538} INFO - Filling up the DagBag from /home/airflow/.local/lib/python3.7/site-packages/airflow/example_dags/example_complex.py
[2023-02-19T16:54:29.480+0000] {logging_mixin.py:137} INFO - [2023-02-19T16:54:29.480+0000] {taskmixin.py:205} WARNING - Dependency <Task(BashOperator): create_entry_group>, delete_entry_group already registered for DAG: example_complex
[2023-02-19T16:54:29.482+0000] {logging_mixin.py:137} INFO - [2023-02-19T16:54:29.482+0000] {taskmixin.py:205} WARNING - Dependency <Task(BashOperator): delete_entry_group>, create_entry_group already registered for DAG: example_complex
[2023-02-19T16:54:29.484+0000] {logging_mixin.py:137} INFO - [2023-02-19T16:54:29.484+0000] {taskmixin.py:205} WARNING - Dependency <Task(BashOperator): create_entry_gcs>, delete_entry already registered for DAG: example_complex
[2023-02-19T16:54:29.485+0000] {logging_mixin.py:137} INFO - [2023-02-19T16:54:29.485+0000] {taskmixin.py:205} WARNING - Dependency <Task(BashOperator): delete_entry>, create_entry_gcs already registered for DAG: example_complex
[2023-02-19T16:54:29.486+0000] {logging_mixin.py:137} INFO - [2023-02-19T16:54:29.486+0000] {taskmixin.py:205} WARNING - Dependency <Task(BashOperator): create_tag>, delete_tag already registered for DAG: example_complex
[2023-02-19T16:54:29.487+0000] {logging_mixin.py:137} INFO - [2023-02-19T16:54:29.487+0000] {taskmixin.py:205} WARNING - Dependency <Task(BashOperator): delete_tag>, create_tag already registered for DAG: example_complex
[2023-02-19T16:54:29.497+0000] {processor.py:753} INFO - DAG(s) dict_keys(['example_complex']) retrieved from /home/airflow/.local/lib/python3.7/site-packages/airflow/example_dags/example_complex.py
[2023-02-19T16:54:29.549+0000] {logging_mixin.py:137} INFO - [2023-02-19T16:54:29.549+0000] {dag.py:2676} INFO - Sync 1 DAGs
[2023-02-19T16:54:29.581+0000] {logging_mixin.py:137} INFO - [2023-02-19T16:54:29.580+0000] {dag.py:3427} INFO - Setting next_dagrun for example_complex to None, run_after=None
[2023-02-19T16:54:29.607+0000] {processor.py:175} INFO - Processing /home/airflow/.local/lib/python3.7/site-packages/airflow/example_dags/example_complex.py took 0.151 seconds
[2023-02-19T16:55:00.595+0000] {processor.py:153} INFO - Started process (PID=439) to work on /home/airflow/.local/lib/python3.7/site-packages/airflow/example_dags/example_complex.py
[2023-02-19T16:55:00.597+0000] {processor.py:743} INFO - Processing file /home/airflow/.local/lib/python3.7/site-packages/airflow/example_dags/example_complex.py for tasks to queue
[2023-02-19T16:55:00.600+0000] {logging_mixin.py:137} INFO - [2023-02-19T16:55:00.600+0000] {dagbag.py:538} INFO - Filling up the DagBag from /home/airflow/.local/lib/python3.7/site-packages/airflow/example_dags/example_complex.py
[2023-02-19T16:55:00.617+0000] {logging_mixin.py:137} INFO - [2023-02-19T16:55:00.616+0000] {taskmixin.py:205} WARNING - Dependency <Task(BashOperator): create_entry_group>, delete_entry_group already registered for DAG: example_complex
[2023-02-19T16:55:00.618+0000] {logging_mixin.py:137} INFO - [2023-02-19T16:55:00.618+0000] {taskmixin.py:205} WARNING - Dependency <Task(BashOperator): delete_entry_group>, create_entry_group already registered for DAG: example_complex
[2023-02-19T16:55:00.619+0000] {logging_mixin.py:137} INFO - [2023-02-19T16:55:00.619+0000] {taskmixin.py:205} WARNING - Dependency <Task(BashOperator): create_entry_gcs>, delete_entry already registered for DAG: example_complex
[2023-02-19T16:55:00.620+0000] {logging_mixin.py:137} INFO - [2023-02-19T16:55:00.620+0000] {taskmixin.py:205} WARNING - Dependency <Task(BashOperator): delete_entry>, create_entry_gcs already registered for DAG: example_complex
[2023-02-19T16:55:00.622+0000] {logging_mixin.py:137} INFO - [2023-02-19T16:55:00.622+0000] {taskmixin.py:205} WARNING - Dependency <Task(BashOperator): create_tag>, delete_tag already registered for DAG: example_complex
[2023-02-19T16:55:00.624+0000] {logging_mixin.py:137} INFO - [2023-02-19T16:55:00.624+0000] {taskmixin.py:205} WARNING - Dependency <Task(BashOperator): delete_tag>, create_tag already registered for DAG: example_complex
[2023-02-19T16:55:00.634+0000] {processor.py:753} INFO - DAG(s) dict_keys(['example_complex']) retrieved from /home/airflow/.local/lib/python3.7/site-packages/airflow/example_dags/example_complex.py
[2023-02-19T16:55:00.681+0000] {logging_mixin.py:137} INFO - [2023-02-19T16:55:00.681+0000] {dag.py:2676} INFO - Sync 1 DAGs
[2023-02-19T16:55:00.709+0000] {logging_mixin.py:137} INFO - [2023-02-19T16:55:00.709+0000] {dag.py:3427} INFO - Setting next_dagrun for example_complex to None, run_after=None
[2023-02-19T16:55:00.729+0000] {processor.py:175} INFO - Processing /home/airflow/.local/lib/python3.7/site-packages/airflow/example_dags/example_complex.py took 0.139 seconds
[2023-02-19T16:55:32.146+0000] {processor.py:153} INFO - Started process (PID=537) to work on /home/airflow/.local/lib/python3.7/site-packages/airflow/example_dags/example_complex.py
[2023-02-19T16:55:32.148+0000] {processor.py:743} INFO - Processing file /home/airflow/.local/lib/python3.7/site-packages/airflow/example_dags/example_complex.py for tasks to queue
[2023-02-19T16:55:32.150+0000] {logging_mixin.py:137} INFO - [2023-02-19T16:55:32.150+0000] {dagbag.py:538} INFO - Filling up the DagBag from /home/airflow/.local/lib/python3.7/site-packages/airflow/example_dags/example_complex.py
[2023-02-19T16:55:32.166+0000] {logging_mixin.py:137} INFO - [2023-02-19T16:55:32.166+0000] {taskmixin.py:205} WARNING - Dependency <Task(BashOperator): create_entry_group>, delete_entry_group already registered for DAG: example_complex
[2023-02-19T16:55:32.167+0000] {logging_mixin.py:137} INFO - [2023-02-19T16:55:32.167+0000] {taskmixin.py:205} WARNING - Dependency <Task(BashOperator): delete_entry_group>, create_entry_group already registered for DAG: example_complex
[2023-02-19T16:55:32.169+0000] {logging_mixin.py:137} INFO - [2023-02-19T16:55:32.168+0000] {taskmixin.py:205} WARNING - Dependency <Task(BashOperator): create_entry_gcs>, delete_entry already registered for DAG: example_complex
[2023-02-19T16:55:32.170+0000] {logging_mixin.py:137} INFO - [2023-02-19T16:55:32.170+0000] {taskmixin.py:205} WARNING - Dependency <Task(BashOperator): delete_entry>, create_entry_gcs already registered for DAG: example_complex
[2023-02-19T16:55:32.171+0000] {logging_mixin.py:137} INFO - [2023-02-19T16:55:32.171+0000] {taskmixin.py:205} WARNING - Dependency <Task(BashOperator): create_tag>, delete_tag already registered for DAG: example_complex
[2023-02-19T16:55:32.172+0000] {logging_mixin.py:137} INFO - [2023-02-19T16:55:32.172+0000] {taskmixin.py:205} WARNING - Dependency <Task(BashOperator): delete_tag>, create_tag already registered for DAG: example_complex
[2023-02-19T16:55:32.181+0000] {processor.py:753} INFO - DAG(s) dict_keys(['example_complex']) retrieved from /home/airflow/.local/lib/python3.7/site-packages/airflow/example_dags/example_complex.py
[2023-02-19T16:55:32.237+0000] {logging_mixin.py:137} INFO - [2023-02-19T16:55:32.237+0000] {dag.py:2676} INFO - Sync 1 DAGs
[2023-02-19T16:55:32.268+0000] {logging_mixin.py:137} INFO - [2023-02-19T16:55:32.268+0000] {dag.py:3427} INFO - Setting next_dagrun for example_complex to None, run_after=None
[2023-02-19T16:55:32.296+0000] {processor.py:175} INFO - Processing /home/airflow/.local/lib/python3.7/site-packages/airflow/example_dags/example_complex.py took 0.154 seconds
[2023-02-19T16:56:03.617+0000] {processor.py:153} INFO - Started process (PID=619) to work on /home/airflow/.local/lib/python3.7/site-packages/airflow/example_dags/example_complex.py
[2023-02-19T16:56:03.620+0000] {processor.py:743} INFO - Processing file /home/airflow/.local/lib/python3.7/site-packages/airflow/example_dags/example_complex.py for tasks to queue
[2023-02-19T16:56:03.622+0000] {logging_mixin.py:137} INFO - [2023-02-19T16:56:03.622+0000] {dagbag.py:538} INFO - Filling up the DagBag from /home/airflow/.local/lib/python3.7/site-packages/airflow/example_dags/example_complex.py
[2023-02-19T16:56:03.642+0000] {logging_mixin.py:137} INFO - [2023-02-19T16:56:03.642+0000] {taskmixin.py:205} WARNING - Dependency <Task(BashOperator): create_entry_group>, delete_entry_group already registered for DAG: example_complex
[2023-02-19T16:56:03.644+0000] {logging_mixin.py:137} INFO - [2023-02-19T16:56:03.644+0000] {taskmixin.py:205} WARNING - Dependency <Task(BashOperator): delete_entry_group>, create_entry_group already registered for DAG: example_complex
[2023-02-19T16:56:03.646+0000] {logging_mixin.py:137} INFO - [2023-02-19T16:56:03.645+0000] {taskmixin.py:205} WARNING - Dependency <Task(BashOperator): create_entry_gcs>, delete_entry already registered for DAG: example_complex
[2023-02-19T16:56:03.648+0000] {logging_mixin.py:137} INFO - [2023-02-19T16:56:03.648+0000] {taskmixin.py:205} WARNING - Dependency <Task(BashOperator): delete_entry>, create_entry_gcs already registered for DAG: example_complex
[2023-02-19T16:56:03.650+0000] {logging_mixin.py:137} INFO - [2023-02-19T16:56:03.650+0000] {taskmixin.py:205} WARNING - Dependency <Task(BashOperator): create_tag>, delete_tag already registered for DAG: example_complex
[2023-02-19T16:56:03.652+0000] {logging_mixin.py:137} INFO - [2023-02-19T16:56:03.651+0000] {taskmixin.py:205} WARNING - Dependency <Task(BashOperator): delete_tag>, create_tag already registered for DAG: example_complex
[2023-02-19T16:56:03.664+0000] {processor.py:753} INFO - DAG(s) dict_keys(['example_complex']) retrieved from /home/airflow/.local/lib/python3.7/site-packages/airflow/example_dags/example_complex.py
[2023-02-19T16:56:03.725+0000] {logging_mixin.py:137} INFO - [2023-02-19T16:56:03.725+0000] {dag.py:2676} INFO - Sync 1 DAGs
[2023-02-19T16:56:03.761+0000] {logging_mixin.py:137} INFO - [2023-02-19T16:56:03.761+0000] {dag.py:3427} INFO - Setting next_dagrun for example_complex to None, run_after=None
[2023-02-19T16:56:03.786+0000] {processor.py:175} INFO - Processing /home/airflow/.local/lib/python3.7/site-packages/airflow/example_dags/example_complex.py took 0.174 seconds
[2023-02-19T16:56:34.872+0000] {processor.py:153} INFO - Started process (PID=717) to work on /home/airflow/.local/lib/python3.7/site-packages/airflow/example_dags/example_complex.py
[2023-02-19T16:56:34.874+0000] {processor.py:743} INFO - Processing file /home/airflow/.local/lib/python3.7/site-packages/airflow/example_dags/example_complex.py for tasks to queue
[2023-02-19T16:56:34.876+0000] {logging_mixin.py:137} INFO - [2023-02-19T16:56:34.876+0000] {dagbag.py:538} INFO - Filling up the DagBag from /home/airflow/.local/lib/python3.7/site-packages/airflow/example_dags/example_complex.py
[2023-02-19T16:56:34.893+0000] {logging_mixin.py:137} INFO - [2023-02-19T16:56:34.893+0000] {taskmixin.py:205} WARNING - Dependency <Task(BashOperator): create_entry_group>, delete_entry_group already registered for DAG: example_complex
[2023-02-19T16:56:34.895+0000] {logging_mixin.py:137} INFO - [2023-02-19T16:56:34.895+0000] {taskmixin.py:205} WARNING - Dependency <Task(BashOperator): delete_entry_group>, create_entry_group already registered for DAG: example_complex
[2023-02-19T16:56:34.896+0000] {logging_mixin.py:137} INFO - [2023-02-19T16:56:34.896+0000] {taskmixin.py:205} WARNING - Dependency <Task(BashOperator): create_entry_gcs>, delete_entry already registered for DAG: example_complex
[2023-02-19T16:56:34.898+0000] {logging_mixin.py:137} INFO - [2023-02-19T16:56:34.897+0000] {taskmixin.py:205} WARNING - Dependency <Task(BashOperator): delete_entry>, create_entry_gcs already registered for DAG: example_complex
[2023-02-19T16:56:34.899+0000] {logging_mixin.py:137} INFO - [2023-02-19T16:56:34.899+0000] {taskmixin.py:205} WARNING - Dependency <Task(BashOperator): create_tag>, delete_tag already registered for DAG: example_complex
[2023-02-19T16:56:34.900+0000] {logging_mixin.py:137} INFO - [2023-02-19T16:56:34.900+0000] {taskmixin.py:205} WARNING - Dependency <Task(BashOperator): delete_tag>, create_tag already registered for DAG: example_complex
[2023-02-19T16:56:34.912+0000] {processor.py:753} INFO - DAG(s) dict_keys(['example_complex']) retrieved from /home/airflow/.local/lib/python3.7/site-packages/airflow/example_dags/example_complex.py
[2023-02-19T16:56:34.975+0000] {logging_mixin.py:137} INFO - [2023-02-19T16:56:34.975+0000] {dag.py:2676} INFO - Sync 1 DAGs
[2023-02-19T16:56:35.007+0000] {logging_mixin.py:137} INFO - [2023-02-19T16:56:35.007+0000] {dag.py:3427} INFO - Setting next_dagrun for example_complex to None, run_after=None
[2023-02-19T16:56:35.029+0000] {processor.py:175} INFO - Processing /home/airflow/.local/lib/python3.7/site-packages/airflow/example_dags/example_complex.py took 0.162 seconds
[2023-02-19T16:57:05.791+0000] {processor.py:153} INFO - Started process (PID=799) to work on /home/airflow/.local/lib/python3.7/site-packages/airflow/example_dags/example_complex.py
[2023-02-19T16:57:05.793+0000] {processor.py:743} INFO - Processing file /home/airflow/.local/lib/python3.7/site-packages/airflow/example_dags/example_complex.py for tasks to queue
[2023-02-19T16:57:05.794+0000] {logging_mixin.py:137} INFO - [2023-02-19T16:57:05.794+0000] {dagbag.py:538} INFO - Filling up the DagBag from /home/airflow/.local/lib/python3.7/site-packages/airflow/example_dags/example_complex.py
[2023-02-19T16:57:05.809+0000] {logging_mixin.py:137} INFO - [2023-02-19T16:57:05.809+0000] {taskmixin.py:205} WARNING - Dependency <Task(BashOperator): create_entry_group>, delete_entry_group already registered for DAG: example_complex
[2023-02-19T16:57:05.810+0000] {logging_mixin.py:137} INFO - [2023-02-19T16:57:05.810+0000] {taskmixin.py:205} WARNING - Dependency <Task(BashOperator): delete_entry_group>, create_entry_group already registered for DAG: example_complex
[2023-02-19T16:57:05.811+0000] {logging_mixin.py:137} INFO - [2023-02-19T16:57:05.811+0000] {taskmixin.py:205} WARNING - Dependency <Task(BashOperator): create_entry_gcs>, delete_entry already registered for DAG: example_complex
[2023-02-19T16:57:05.812+0000] {logging_mixin.py:137} INFO - [2023-02-19T16:57:05.812+0000] {taskmixin.py:205} WARNING - Dependency <Task(BashOperator): delete_entry>, create_entry_gcs already registered for DAG: example_complex
[2023-02-19T16:57:05.814+0000] {logging_mixin.py:137} INFO - [2023-02-19T16:57:05.813+0000] {taskmixin.py:205} WARNING - Dependency <Task(BashOperator): create_tag>, delete_tag already registered for DAG: example_complex
[2023-02-19T16:57:05.815+0000] {logging_mixin.py:137} INFO - [2023-02-19T16:57:05.814+0000] {taskmixin.py:205} WARNING - Dependency <Task(BashOperator): delete_tag>, create_tag already registered for DAG: example_complex
[2023-02-19T16:57:05.824+0000] {processor.py:753} INFO - DAG(s) dict_keys(['example_complex']) retrieved from /home/airflow/.local/lib/python3.7/site-packages/airflow/example_dags/example_complex.py
[2023-02-19T16:57:05.873+0000] {logging_mixin.py:137} INFO - [2023-02-19T16:57:05.873+0000] {dag.py:2676} INFO - Sync 1 DAGs
[2023-02-19T16:57:05.919+0000] {logging_mixin.py:137} INFO - [2023-02-19T16:57:05.919+0000] {dag.py:3427} INFO - Setting next_dagrun for example_complex to None, run_after=None
[2023-02-19T16:57:05.984+0000] {processor.py:175} INFO - Processing /home/airflow/.local/lib/python3.7/site-packages/airflow/example_dags/example_complex.py took 0.198 seconds
[2023-02-19T16:57:37.705+0000] {processor.py:153} INFO - Started process (PID=897) to work on /home/airflow/.local/lib/python3.7/site-packages/airflow/example_dags/example_complex.py
[2023-02-19T16:57:37.708+0000] {processor.py:743} INFO - Processing file /home/airflow/.local/lib/python3.7/site-packages/airflow/example_dags/example_complex.py for tasks to queue
[2023-02-19T16:57:37.710+0000] {logging_mixin.py:137} INFO - [2023-02-19T16:57:37.710+0000] {dagbag.py:538} INFO - Filling up the DagBag from /home/airflow/.local/lib/python3.7/site-packages/airflow/example_dags/example_complex.py
[2023-02-19T16:57:37.728+0000] {logging_mixin.py:137} INFO - [2023-02-19T16:57:37.728+0000] {taskmixin.py:205} WARNING - Dependency <Task(BashOperator): create_entry_group>, delete_entry_group already registered for DAG: example_complex
[2023-02-19T16:57:37.731+0000] {logging_mixin.py:137} INFO - [2023-02-19T16:57:37.731+0000] {taskmixin.py:205} WARNING - Dependency <Task(BashOperator): delete_entry_group>, create_entry_group already registered for DAG: example_complex
[2023-02-19T16:57:37.733+0000] {logging_mixin.py:137} INFO - [2023-02-19T16:57:37.732+0000] {taskmixin.py:205} WARNING - Dependency <Task(BashOperator): create_entry_gcs>, delete_entry already registered for DAG: example_complex
[2023-02-19T16:57:37.734+0000] {logging_mixin.py:137} INFO - [2023-02-19T16:57:37.734+0000] {taskmixin.py:205} WARNING - Dependency <Task(BashOperator): delete_entry>, create_entry_gcs already registered for DAG: example_complex
[2023-02-19T16:57:37.735+0000] {logging_mixin.py:137} INFO - [2023-02-19T16:57:37.735+0000] {taskmixin.py:205} WARNING - Dependency <Task(BashOperator): create_tag>, delete_tag already registered for DAG: example_complex
[2023-02-19T16:57:37.737+0000] {logging_mixin.py:137} INFO - [2023-02-19T16:57:37.736+0000] {taskmixin.py:205} WARNING - Dependency <Task(BashOperator): delete_tag>, create_tag already registered for DAG: example_complex
[2023-02-19T16:57:37.748+0000] {processor.py:753} INFO - DAG(s) dict_keys(['example_complex']) retrieved from /home/airflow/.local/lib/python3.7/site-packages/airflow/example_dags/example_complex.py
[2023-02-19T16:57:37.809+0000] {logging_mixin.py:137} INFO - [2023-02-19T16:57:37.809+0000] {dag.py:2676} INFO - Sync 1 DAGs
[2023-02-19T16:57:37.846+0000] {logging_mixin.py:137} INFO - [2023-02-19T16:57:37.846+0000] {dag.py:3427} INFO - Setting next_dagrun for example_complex to None, run_after=None
[2023-02-19T16:57:37.872+0000] {processor.py:175} INFO - Processing /home/airflow/.local/lib/python3.7/site-packages/airflow/example_dags/example_complex.py took 0.172 seconds
[2023-02-19T16:58:08.846+0000] {processor.py:153} INFO - Started process (PID=979) to work on /home/airflow/.local/lib/python3.7/site-packages/airflow/example_dags/example_complex.py
[2023-02-19T16:58:08.848+0000] {processor.py:743} INFO - Processing file /home/airflow/.local/lib/python3.7/site-packages/airflow/example_dags/example_complex.py for tasks to queue
[2023-02-19T16:58:08.850+0000] {logging_mixin.py:137} INFO - [2023-02-19T16:58:08.849+0000] {dagbag.py:538} INFO - Filling up the DagBag from /home/airflow/.local/lib/python3.7/site-packages/airflow/example_dags/example_complex.py
[2023-02-19T16:58:08.865+0000] {logging_mixin.py:137} INFO - [2023-02-19T16:58:08.864+0000] {taskmixin.py:205} WARNING - Dependency <Task(BashOperator): create_entry_group>, delete_entry_group already registered for DAG: example_complex
[2023-02-19T16:58:08.866+0000] {logging_mixin.py:137} INFO - [2023-02-19T16:58:08.866+0000] {taskmixin.py:205} WARNING - Dependency <Task(BashOperator): delete_entry_group>, create_entry_group already registered for DAG: example_complex
[2023-02-19T16:58:08.867+0000] {logging_mixin.py:137} INFO - [2023-02-19T16:58:08.867+0000] {taskmixin.py:205} WARNING - Dependency <Task(BashOperator): create_entry_gcs>, delete_entry already registered for DAG: example_complex
[2023-02-19T16:58:08.868+0000] {logging_mixin.py:137} INFO - [2023-02-19T16:58:08.868+0000] {taskmixin.py:205} WARNING - Dependency <Task(BashOperator): delete_entry>, create_entry_gcs already registered for DAG: example_complex
[2023-02-19T16:58:08.870+0000] {logging_mixin.py:137} INFO - [2023-02-19T16:58:08.870+0000] {taskmixin.py:205} WARNING - Dependency <Task(BashOperator): create_tag>, delete_tag already registered for DAG: example_complex
[2023-02-19T16:58:08.871+0000] {logging_mixin.py:137} INFO - [2023-02-19T16:58:08.870+0000] {taskmixin.py:205} WARNING - Dependency <Task(BashOperator): delete_tag>, create_tag already registered for DAG: example_complex
[2023-02-19T16:58:08.880+0000] {processor.py:753} INFO - DAG(s) dict_keys(['example_complex']) retrieved from /home/airflow/.local/lib/python3.7/site-packages/airflow/example_dags/example_complex.py
[2023-02-19T16:58:08.931+0000] {logging_mixin.py:137} INFO - [2023-02-19T16:58:08.930+0000] {dag.py:2676} INFO - Sync 1 DAGs
[2023-02-19T16:58:08.967+0000] {logging_mixin.py:137} INFO - [2023-02-19T16:58:08.967+0000] {dag.py:3427} INFO - Setting next_dagrun for example_complex to None, run_after=None
[2023-02-19T16:58:08.998+0000] {processor.py:175} INFO - Processing /home/airflow/.local/lib/python3.7/site-packages/airflow/example_dags/example_complex.py took 0.157 seconds
[2023-02-19T16:58:40.410+0000] {processor.py:153} INFO - Started process (PID=1077) to work on /home/airflow/.local/lib/python3.7/site-packages/airflow/example_dags/example_complex.py
[2023-02-19T16:58:40.412+0000] {processor.py:743} INFO - Processing file /home/airflow/.local/lib/python3.7/site-packages/airflow/example_dags/example_complex.py for tasks to queue
[2023-02-19T16:58:40.414+0000] {logging_mixin.py:137} INFO - [2023-02-19T16:58:40.414+0000] {dagbag.py:538} INFO - Filling up the DagBag from /home/airflow/.local/lib/python3.7/site-packages/airflow/example_dags/example_complex.py
[2023-02-19T16:58:40.430+0000] {logging_mixin.py:137} INFO - [2023-02-19T16:58:40.430+0000] {taskmixin.py:205} WARNING - Dependency <Task(BashOperator): create_entry_group>, delete_entry_group already registered for DAG: example_complex
[2023-02-19T16:58:40.431+0000] {logging_mixin.py:137} INFO - [2023-02-19T16:58:40.431+0000] {taskmixin.py:205} WARNING - Dependency <Task(BashOperator): delete_entry_group>, create_entry_group already registered for DAG: example_complex
[2023-02-19T16:58:40.433+0000] {logging_mixin.py:137} INFO - [2023-02-19T16:58:40.432+0000] {taskmixin.py:205} WARNING - Dependency <Task(BashOperator): create_entry_gcs>, delete_entry already registered for DAG: example_complex
[2023-02-19T16:58:40.434+0000] {logging_mixin.py:137} INFO - [2023-02-19T16:58:40.434+0000] {taskmixin.py:205} WARNING - Dependency <Task(BashOperator): delete_entry>, create_entry_gcs already registered for DAG: example_complex
[2023-02-19T16:58:40.435+0000] {logging_mixin.py:137} INFO - [2023-02-19T16:58:40.435+0000] {taskmixin.py:205} WARNING - Dependency <Task(BashOperator): create_tag>, delete_tag already registered for DAG: example_complex
[2023-02-19T16:58:40.436+0000] {logging_mixin.py:137} INFO - [2023-02-19T16:58:40.436+0000] {taskmixin.py:205} WARNING - Dependency <Task(BashOperator): delete_tag>, create_tag already registered for DAG: example_complex
[2023-02-19T16:58:40.446+0000] {processor.py:753} INFO - DAG(s) dict_keys(['example_complex']) retrieved from /home/airflow/.local/lib/python3.7/site-packages/airflow/example_dags/example_complex.py
[2023-02-19T16:58:40.495+0000] {logging_mixin.py:137} INFO - [2023-02-19T16:58:40.494+0000] {dag.py:2676} INFO - Sync 1 DAGs
[2023-02-19T16:58:40.524+0000] {logging_mixin.py:137} INFO - [2023-02-19T16:58:40.523+0000] {dag.py:3427} INFO - Setting next_dagrun for example_complex to None, run_after=None
[2023-02-19T16:58:40.544+0000] {processor.py:175} INFO - Processing /home/airflow/.local/lib/python3.7/site-packages/airflow/example_dags/example_complex.py took 0.139 seconds
[2023-02-19T16:59:11.685+0000] {processor.py:153} INFO - Started process (PID=1159) to work on /home/airflow/.local/lib/python3.7/site-packages/airflow/example_dags/example_complex.py
[2023-02-19T16:59:11.688+0000] {processor.py:743} INFO - Processing file /home/airflow/.local/lib/python3.7/site-packages/airflow/example_dags/example_complex.py for tasks to queue
[2023-02-19T16:59:11.690+0000] {logging_mixin.py:137} INFO - [2023-02-19T16:59:11.689+0000] {dagbag.py:538} INFO - Filling up the DagBag from /home/airflow/.local/lib/python3.7/site-packages/airflow/example_dags/example_complex.py
[2023-02-19T16:59:11.709+0000] {logging_mixin.py:137} INFO - [2023-02-19T16:59:11.709+0000] {taskmixin.py:205} WARNING - Dependency <Task(BashOperator): create_entry_group>, delete_entry_group already registered for DAG: example_complex
[2023-02-19T16:59:11.711+0000] {logging_mixin.py:137} INFO - [2023-02-19T16:59:11.711+0000] {taskmixin.py:205} WARNING - Dependency <Task(BashOperator): delete_entry_group>, create_entry_group already registered for DAG: example_complex
[2023-02-19T16:59:11.714+0000] {logging_mixin.py:137} INFO - [2023-02-19T16:59:11.713+0000] {taskmixin.py:205} WARNING - Dependency <Task(BashOperator): create_entry_gcs>, delete_entry already registered for DAG: example_complex
[2023-02-19T16:59:11.716+0000] {logging_mixin.py:137} INFO - [2023-02-19T16:59:11.715+0000] {taskmixin.py:205} WARNING - Dependency <Task(BashOperator): delete_entry>, create_entry_gcs already registered for DAG: example_complex
[2023-02-19T16:59:11.718+0000] {logging_mixin.py:137} INFO - [2023-02-19T16:59:11.717+0000] {taskmixin.py:205} WARNING - Dependency <Task(BashOperator): create_tag>, delete_tag already registered for DAG: example_complex
[2023-02-19T16:59:11.719+0000] {logging_mixin.py:137} INFO - [2023-02-19T16:59:11.719+0000] {taskmixin.py:205} WARNING - Dependency <Task(BashOperator): delete_tag>, create_tag already registered for DAG: example_complex
[2023-02-19T16:59:11.731+0000] {processor.py:753} INFO - DAG(s) dict_keys(['example_complex']) retrieved from /home/airflow/.local/lib/python3.7/site-packages/airflow/example_dags/example_complex.py
[2023-02-19T16:59:11.797+0000] {logging_mixin.py:137} INFO - [2023-02-19T16:59:11.797+0000] {dag.py:2676} INFO - Sync 1 DAGs
[2023-02-19T16:59:11.834+0000] {logging_mixin.py:137} INFO - [2023-02-19T16:59:11.833+0000] {dag.py:3427} INFO - Setting next_dagrun for example_complex to None, run_after=None
[2023-02-19T16:59:11.857+0000] {processor.py:175} INFO - Processing /home/airflow/.local/lib/python3.7/site-packages/airflow/example_dags/example_complex.py took 0.177 seconds
[2023-02-19T16:59:42.717+0000] {processor.py:153} INFO - Started process (PID=1257) to work on /home/airflow/.local/lib/python3.7/site-packages/airflow/example_dags/example_complex.py
[2023-02-19T16:59:42.721+0000] {processor.py:743} INFO - Processing file /home/airflow/.local/lib/python3.7/site-packages/airflow/example_dags/example_complex.py for tasks to queue
[2023-02-19T16:59:42.723+0000] {logging_mixin.py:137} INFO - [2023-02-19T16:59:42.723+0000] {dagbag.py:538} INFO - Filling up the DagBag from /home/airflow/.local/lib/python3.7/site-packages/airflow/example_dags/example_complex.py
[2023-02-19T16:59:42.743+0000] {logging_mixin.py:137} INFO - [2023-02-19T16:59:42.743+0000] {taskmixin.py:205} WARNING - Dependency <Task(BashOperator): create_entry_group>, delete_entry_group already registered for DAG: example_complex
[2023-02-19T16:59:42.745+0000] {logging_mixin.py:137} INFO - [2023-02-19T16:59:42.744+0000] {taskmixin.py:205} WARNING - Dependency <Task(BashOperator): delete_entry_group>, create_entry_group already registered for DAG: example_complex
[2023-02-19T16:59:42.746+0000] {logging_mixin.py:137} INFO - [2023-02-19T16:59:42.746+0000] {taskmixin.py:205} WARNING - Dependency <Task(BashOperator): create_entry_gcs>, delete_entry already registered for DAG: example_complex
[2023-02-19T16:59:42.747+0000] {logging_mixin.py:137} INFO - [2023-02-19T16:59:42.747+0000] {taskmixin.py:205} WARNING - Dependency <Task(BashOperator): delete_entry>, create_entry_gcs already registered for DAG: example_complex
[2023-02-19T16:59:42.749+0000] {logging_mixin.py:137} INFO - [2023-02-19T16:59:42.749+0000] {taskmixin.py:205} WARNING - Dependency <Task(BashOperator): create_tag>, delete_tag already registered for DAG: example_complex
[2023-02-19T16:59:42.750+0000] {logging_mixin.py:137} INFO - [2023-02-19T16:59:42.750+0000] {taskmixin.py:205} WARNING - Dependency <Task(BashOperator): delete_tag>, create_tag already registered for DAG: example_complex
[2023-02-19T16:59:42.761+0000] {processor.py:753} INFO - DAG(s) dict_keys(['example_complex']) retrieved from /home/airflow/.local/lib/python3.7/site-packages/airflow/example_dags/example_complex.py
[2023-02-19T16:59:42.844+0000] {logging_mixin.py:137} INFO - [2023-02-19T16:59:42.843+0000] {dag.py:2676} INFO - Sync 1 DAGs
[2023-02-19T16:59:42.906+0000] {logging_mixin.py:137} INFO - [2023-02-19T16:59:42.906+0000] {dag.py:3427} INFO - Setting next_dagrun for example_complex to None, run_after=None
[2023-02-19T16:59:42.932+0000] {processor.py:175} INFO - Processing /home/airflow/.local/lib/python3.7/site-packages/airflow/example_dags/example_complex.py took 0.220 seconds
[2023-02-19T17:00:14.503+0000] {processor.py:153} INFO - Started process (PID=1347) to work on /home/airflow/.local/lib/python3.7/site-packages/airflow/example_dags/example_complex.py
[2023-02-19T17:00:14.506+0000] {processor.py:743} INFO - Processing file /home/airflow/.local/lib/python3.7/site-packages/airflow/example_dags/example_complex.py for tasks to queue
[2023-02-19T17:00:14.508+0000] {logging_mixin.py:137} INFO - [2023-02-19T17:00:14.508+0000] {dagbag.py:538} INFO - Filling up the DagBag from /home/airflow/.local/lib/python3.7/site-packages/airflow/example_dags/example_complex.py
[2023-02-19T17:00:14.528+0000] {logging_mixin.py:137} INFO - [2023-02-19T17:00:14.528+0000] {taskmixin.py:205} WARNING - Dependency <Task(BashOperator): create_entry_group>, delete_entry_group already registered for DAG: example_complex
[2023-02-19T17:00:14.530+0000] {logging_mixin.py:137} INFO - [2023-02-19T17:00:14.529+0000] {taskmixin.py:205} WARNING - Dependency <Task(BashOperator): delete_entry_group>, create_entry_group already registered for DAG: example_complex
[2023-02-19T17:00:14.531+0000] {logging_mixin.py:137} INFO - [2023-02-19T17:00:14.531+0000] {taskmixin.py:205} WARNING - Dependency <Task(BashOperator): create_entry_gcs>, delete_entry already registered for DAG: example_complex
[2023-02-19T17:00:14.533+0000] {logging_mixin.py:137} INFO - [2023-02-19T17:00:14.533+0000] {taskmixin.py:205} WARNING - Dependency <Task(BashOperator): delete_entry>, create_entry_gcs already registered for DAG: example_complex
[2023-02-19T17:00:14.535+0000] {logging_mixin.py:137} INFO - [2023-02-19T17:00:14.535+0000] {taskmixin.py:205} WARNING - Dependency <Task(BashOperator): create_tag>, delete_tag already registered for DAG: example_complex
[2023-02-19T17:00:14.537+0000] {logging_mixin.py:137} INFO - [2023-02-19T17:00:14.536+0000] {taskmixin.py:205} WARNING - Dependency <Task(BashOperator): delete_tag>, create_tag already registered for DAG: example_complex
[2023-02-19T17:00:14.549+0000] {processor.py:753} INFO - DAG(s) dict_keys(['example_complex']) retrieved from /home/airflow/.local/lib/python3.7/site-packages/airflow/example_dags/example_complex.py
[2023-02-19T17:00:14.617+0000] {logging_mixin.py:137} INFO - [2023-02-19T17:00:14.617+0000] {dag.py:2676} INFO - Sync 1 DAGs
[2023-02-19T17:00:14.660+0000] {logging_mixin.py:137} INFO - [2023-02-19T17:00:14.660+0000] {dag.py:3427} INFO - Setting next_dagrun for example_complex to None, run_after=None
[2023-02-19T17:00:14.691+0000] {processor.py:175} INFO - Processing /home/airflow/.local/lib/python3.7/site-packages/airflow/example_dags/example_complex.py took 0.194 seconds
[2023-02-19T17:00:45.789+0000] {processor.py:153} INFO - Started process (PID=1438) to work on /home/airflow/.local/lib/python3.7/site-packages/airflow/example_dags/example_complex.py
[2023-02-19T17:00:45.792+0000] {processor.py:743} INFO - Processing file /home/airflow/.local/lib/python3.7/site-packages/airflow/example_dags/example_complex.py for tasks to queue
[2023-02-19T17:00:45.793+0000] {logging_mixin.py:137} INFO - [2023-02-19T17:00:45.793+0000] {dagbag.py:538} INFO - Filling up the DagBag from /home/airflow/.local/lib/python3.7/site-packages/airflow/example_dags/example_complex.py
[2023-02-19T17:00:45.808+0000] {logging_mixin.py:137} INFO - [2023-02-19T17:00:45.808+0000] {taskmixin.py:205} WARNING - Dependency <Task(BashOperator): create_entry_group>, delete_entry_group already registered for DAG: example_complex
[2023-02-19T17:00:45.809+0000] {logging_mixin.py:137} INFO - [2023-02-19T17:00:45.809+0000] {taskmixin.py:205} WARNING - Dependency <Task(BashOperator): delete_entry_group>, create_entry_group already registered for DAG: example_complex
[2023-02-19T17:00:45.810+0000] {logging_mixin.py:137} INFO - [2023-02-19T17:00:45.810+0000] {taskmixin.py:205} WARNING - Dependency <Task(BashOperator): create_entry_gcs>, delete_entry already registered for DAG: example_complex
[2023-02-19T17:00:45.812+0000] {logging_mixin.py:137} INFO - [2023-02-19T17:00:45.812+0000] {taskmixin.py:205} WARNING - Dependency <Task(BashOperator): delete_entry>, create_entry_gcs already registered for DAG: example_complex
[2023-02-19T17:00:45.813+0000] {logging_mixin.py:137} INFO - [2023-02-19T17:00:45.813+0000] {taskmixin.py:205} WARNING - Dependency <Task(BashOperator): create_tag>, delete_tag already registered for DAG: example_complex
[2023-02-19T17:00:45.814+0000] {logging_mixin.py:137} INFO - [2023-02-19T17:00:45.814+0000] {taskmixin.py:205} WARNING - Dependency <Task(BashOperator): delete_tag>, create_tag already registered for DAG: example_complex
[2023-02-19T17:00:45.823+0000] {processor.py:753} INFO - DAG(s) dict_keys(['example_complex']) retrieved from /home/airflow/.local/lib/python3.7/site-packages/airflow/example_dags/example_complex.py
[2023-02-19T17:00:45.921+0000] {logging_mixin.py:137} INFO - [2023-02-19T17:00:45.921+0000] {dag.py:2676} INFO - Sync 1 DAGs
[2023-02-19T17:00:45.977+0000] {logging_mixin.py:137} INFO - [2023-02-19T17:00:45.976+0000] {dag.py:3427} INFO - Setting next_dagrun for example_complex to None, run_after=None
[2023-02-19T17:00:46.033+0000] {processor.py:175} INFO - Processing /home/airflow/.local/lib/python3.7/site-packages/airflow/example_dags/example_complex.py took 0.248 seconds
[2023-02-19T17:01:17.448+0000] {processor.py:153} INFO - Started process (PID=1527) to work on /home/airflow/.local/lib/python3.7/site-packages/airflow/example_dags/example_complex.py
[2023-02-19T17:01:17.450+0000] {processor.py:743} INFO - Processing file /home/airflow/.local/lib/python3.7/site-packages/airflow/example_dags/example_complex.py for tasks to queue
[2023-02-19T17:01:17.452+0000] {logging_mixin.py:137} INFO - [2023-02-19T17:01:17.452+0000] {dagbag.py:538} INFO - Filling up the DagBag from /home/airflow/.local/lib/python3.7/site-packages/airflow/example_dags/example_complex.py
[2023-02-19T17:01:17.467+0000] {logging_mixin.py:137} INFO - [2023-02-19T17:01:17.467+0000] {taskmixin.py:205} WARNING - Dependency <Task(BashOperator): create_entry_group>, delete_entry_group already registered for DAG: example_complex
[2023-02-19T17:01:17.469+0000] {logging_mixin.py:137} INFO - [2023-02-19T17:01:17.468+0000] {taskmixin.py:205} WARNING - Dependency <Task(BashOperator): delete_entry_group>, create_entry_group already registered for DAG: example_complex
[2023-02-19T17:01:17.470+0000] {logging_mixin.py:137} INFO - [2023-02-19T17:01:17.470+0000] {taskmixin.py:205} WARNING - Dependency <Task(BashOperator): create_entry_gcs>, delete_entry already registered for DAG: example_complex
[2023-02-19T17:01:17.471+0000] {logging_mixin.py:137} INFO - [2023-02-19T17:01:17.471+0000] {taskmixin.py:205} WARNING - Dependency <Task(BashOperator): delete_entry>, create_entry_gcs already registered for DAG: example_complex
[2023-02-19T17:01:17.472+0000] {logging_mixin.py:137} INFO - [2023-02-19T17:01:17.472+0000] {taskmixin.py:205} WARNING - Dependency <Task(BashOperator): create_tag>, delete_tag already registered for DAG: example_complex
[2023-02-19T17:01:17.473+0000] {logging_mixin.py:137} INFO - [2023-02-19T17:01:17.473+0000] {taskmixin.py:205} WARNING - Dependency <Task(BashOperator): delete_tag>, create_tag already registered for DAG: example_complex
[2023-02-19T17:01:17.482+0000] {processor.py:753} INFO - DAG(s) dict_keys(['example_complex']) retrieved from /home/airflow/.local/lib/python3.7/site-packages/airflow/example_dags/example_complex.py
[2023-02-19T17:01:17.532+0000] {logging_mixin.py:137} INFO - [2023-02-19T17:01:17.532+0000] {dag.py:2676} INFO - Sync 1 DAGs
[2023-02-19T17:01:17.561+0000] {logging_mixin.py:137} INFO - [2023-02-19T17:01:17.561+0000] {dag.py:3427} INFO - Setting next_dagrun for example_complex to None, run_after=None
[2023-02-19T17:01:17.586+0000] {processor.py:175} INFO - Processing /home/airflow/.local/lib/python3.7/site-packages/airflow/example_dags/example_complex.py took 0.143 seconds
[2023-02-19T17:01:48.587+0000] {processor.py:153} INFO - Started process (PID=1618) to work on /home/airflow/.local/lib/python3.7/site-packages/airflow/example_dags/example_complex.py
[2023-02-19T17:01:48.591+0000] {processor.py:743} INFO - Processing file /home/airflow/.local/lib/python3.7/site-packages/airflow/example_dags/example_complex.py for tasks to queue
[2023-02-19T17:01:48.593+0000] {logging_mixin.py:137} INFO - [2023-02-19T17:01:48.593+0000] {dagbag.py:538} INFO - Filling up the DagBag from /home/airflow/.local/lib/python3.7/site-packages/airflow/example_dags/example_complex.py
[2023-02-19T17:01:48.611+0000] {logging_mixin.py:137} INFO - [2023-02-19T17:01:48.610+0000] {taskmixin.py:205} WARNING - Dependency <Task(BashOperator): create_entry_group>, delete_entry_group already registered for DAG: example_complex
[2023-02-19T17:01:48.613+0000] {logging_mixin.py:137} INFO - [2023-02-19T17:01:48.613+0000] {taskmixin.py:205} WARNING - Dependency <Task(BashOperator): delete_entry_group>, create_entry_group already registered for DAG: example_complex
[2023-02-19T17:01:48.615+0000] {logging_mixin.py:137} INFO - [2023-02-19T17:01:48.615+0000] {taskmixin.py:205} WARNING - Dependency <Task(BashOperator): create_entry_gcs>, delete_entry already registered for DAG: example_complex
[2023-02-19T17:01:48.617+0000] {logging_mixin.py:137} INFO - [2023-02-19T17:01:48.616+0000] {taskmixin.py:205} WARNING - Dependency <Task(BashOperator): delete_entry>, create_entry_gcs already registered for DAG: example_complex
[2023-02-19T17:01:48.618+0000] {logging_mixin.py:137} INFO - [2023-02-19T17:01:48.618+0000] {taskmixin.py:205} WARNING - Dependency <Task(BashOperator): create_tag>, delete_tag already registered for DAG: example_complex
[2023-02-19T17:01:48.620+0000] {logging_mixin.py:137} INFO - [2023-02-19T17:01:48.620+0000] {taskmixin.py:205} WARNING - Dependency <Task(BashOperator): delete_tag>, create_tag already registered for DAG: example_complex
[2023-02-19T17:01:48.632+0000] {processor.py:753} INFO - DAG(s) dict_keys(['example_complex']) retrieved from /home/airflow/.local/lib/python3.7/site-packages/airflow/example_dags/example_complex.py
[2023-02-19T17:01:48.688+0000] {logging_mixin.py:137} INFO - [2023-02-19T17:01:48.688+0000] {dag.py:2676} INFO - Sync 1 DAGs
[2023-02-19T17:01:48.716+0000] {logging_mixin.py:137} INFO - [2023-02-19T17:01:48.715+0000] {dag.py:3427} INFO - Setting next_dagrun for example_complex to None, run_after=None
[2023-02-19T17:01:48.735+0000] {processor.py:175} INFO - Processing /home/airflow/.local/lib/python3.7/site-packages/airflow/example_dags/example_complex.py took 0.153 seconds
[2023-02-19T17:02:19.684+0000] {processor.py:153} INFO - Started process (PID=1716) to work on /home/airflow/.local/lib/python3.7/site-packages/airflow/example_dags/example_complex.py
[2023-02-19T17:02:19.687+0000] {processor.py:743} INFO - Processing file /home/airflow/.local/lib/python3.7/site-packages/airflow/example_dags/example_complex.py for tasks to queue
[2023-02-19T17:02:19.688+0000] {logging_mixin.py:137} INFO - [2023-02-19T17:02:19.688+0000] {dagbag.py:538} INFO - Filling up the DagBag from /home/airflow/.local/lib/python3.7/site-packages/airflow/example_dags/example_complex.py
[2023-02-19T17:02:19.705+0000] {logging_mixin.py:137} INFO - [2023-02-19T17:02:19.705+0000] {taskmixin.py:205} WARNING - Dependency <Task(BashOperator): create_entry_group>, delete_entry_group already registered for DAG: example_complex
[2023-02-19T17:02:19.707+0000] {logging_mixin.py:137} INFO - [2023-02-19T17:02:19.706+0000] {taskmixin.py:205} WARNING - Dependency <Task(BashOperator): delete_entry_group>, create_entry_group already registered for DAG: example_complex
[2023-02-19T17:02:19.708+0000] {logging_mixin.py:137} INFO - [2023-02-19T17:02:19.708+0000] {taskmixin.py:205} WARNING - Dependency <Task(BashOperator): create_entry_gcs>, delete_entry already registered for DAG: example_complex
[2023-02-19T17:02:19.709+0000] {logging_mixin.py:137} INFO - [2023-02-19T17:02:19.709+0000] {taskmixin.py:205} WARNING - Dependency <Task(BashOperator): delete_entry>, create_entry_gcs already registered for DAG: example_complex
[2023-02-19T17:02:19.711+0000] {logging_mixin.py:137} INFO - [2023-02-19T17:02:19.711+0000] {taskmixin.py:205} WARNING - Dependency <Task(BashOperator): create_tag>, delete_tag already registered for DAG: example_complex
[2023-02-19T17:02:19.712+0000] {logging_mixin.py:137} INFO - [2023-02-19T17:02:19.712+0000] {taskmixin.py:205} WARNING - Dependency <Task(BashOperator): delete_tag>, create_tag already registered for DAG: example_complex
[2023-02-19T17:02:19.721+0000] {processor.py:753} INFO - DAG(s) dict_keys(['example_complex']) retrieved from /home/airflow/.local/lib/python3.7/site-packages/airflow/example_dags/example_complex.py
[2023-02-19T17:02:19.770+0000] {logging_mixin.py:137} INFO - [2023-02-19T17:02:19.770+0000] {dag.py:2676} INFO - Sync 1 DAGs
[2023-02-19T17:02:19.798+0000] {logging_mixin.py:137} INFO - [2023-02-19T17:02:19.798+0000] {dag.py:3427} INFO - Setting next_dagrun for example_complex to None, run_after=None
[2023-02-19T17:02:19.820+0000] {processor.py:175} INFO - Processing /home/airflow/.local/lib/python3.7/site-packages/airflow/example_dags/example_complex.py took 0.139 seconds
[2023-02-19T17:02:51.067+0000] {processor.py:153} INFO - Started process (PID=1798) to work on /home/airflow/.local/lib/python3.7/site-packages/airflow/example_dags/example_complex.py
[2023-02-19T17:02:51.071+0000] {processor.py:743} INFO - Processing file /home/airflow/.local/lib/python3.7/site-packages/airflow/example_dags/example_complex.py for tasks to queue
[2023-02-19T17:02:51.073+0000] {logging_mixin.py:137} INFO - [2023-02-19T17:02:51.073+0000] {dagbag.py:538} INFO - Filling up the DagBag from /home/airflow/.local/lib/python3.7/site-packages/airflow/example_dags/example_complex.py
[2023-02-19T17:02:51.094+0000] {logging_mixin.py:137} INFO - [2023-02-19T17:02:51.094+0000] {taskmixin.py:205} WARNING - Dependency <Task(BashOperator): create_entry_group>, delete_entry_group already registered for DAG: example_complex
[2023-02-19T17:02:51.096+0000] {logging_mixin.py:137} INFO - [2023-02-19T17:02:51.095+0000] {taskmixin.py:205} WARNING - Dependency <Task(BashOperator): delete_entry_group>, create_entry_group already registered for DAG: example_complex
[2023-02-19T17:02:51.097+0000] {logging_mixin.py:137} INFO - [2023-02-19T17:02:51.097+0000] {taskmixin.py:205} WARNING - Dependency <Task(BashOperator): create_entry_gcs>, delete_entry already registered for DAG: example_complex
[2023-02-19T17:02:51.099+0000] {logging_mixin.py:137} INFO - [2023-02-19T17:02:51.098+0000] {taskmixin.py:205} WARNING - Dependency <Task(BashOperator): delete_entry>, create_entry_gcs already registered for DAG: example_complex
[2023-02-19T17:02:51.100+0000] {logging_mixin.py:137} INFO - [2023-02-19T17:02:51.100+0000] {taskmixin.py:205} WARNING - Dependency <Task(BashOperator): create_tag>, delete_tag already registered for DAG: example_complex
[2023-02-19T17:02:51.102+0000] {logging_mixin.py:137} INFO - [2023-02-19T17:02:51.102+0000] {taskmixin.py:205} WARNING - Dependency <Task(BashOperator): delete_tag>, create_tag already registered for DAG: example_complex
[2023-02-19T17:02:51.114+0000] {processor.py:753} INFO - DAG(s) dict_keys(['example_complex']) retrieved from /home/airflow/.local/lib/python3.7/site-packages/airflow/example_dags/example_complex.py
[2023-02-19T17:02:51.180+0000] {logging_mixin.py:137} INFO - [2023-02-19T17:02:51.180+0000] {dag.py:2676} INFO - Sync 1 DAGs
[2023-02-19T17:02:51.222+0000] {logging_mixin.py:137} INFO - [2023-02-19T17:02:51.222+0000] {dag.py:3427} INFO - Setting next_dagrun for example_complex to None, run_after=None
[2023-02-19T17:02:51.251+0000] {processor.py:175} INFO - Processing /home/airflow/.local/lib/python3.7/site-packages/airflow/example_dags/example_complex.py took 0.190 seconds
[2023-02-19T17:03:22.704+0000] {processor.py:153} INFO - Started process (PID=1896) to work on /home/airflow/.local/lib/python3.7/site-packages/airflow/example_dags/example_complex.py
[2023-02-19T17:03:22.707+0000] {processor.py:743} INFO - Processing file /home/airflow/.local/lib/python3.7/site-packages/airflow/example_dags/example_complex.py for tasks to queue
[2023-02-19T17:03:22.711+0000] {logging_mixin.py:137} INFO - [2023-02-19T17:03:22.711+0000] {dagbag.py:538} INFO - Filling up the DagBag from /home/airflow/.local/lib/python3.7/site-packages/airflow/example_dags/example_complex.py
[2023-02-19T17:03:22.729+0000] {logging_mixin.py:137} INFO - [2023-02-19T17:03:22.728+0000] {taskmixin.py:205} WARNING - Dependency <Task(BashOperator): create_entry_group>, delete_entry_group already registered for DAG: example_complex
[2023-02-19T17:03:22.730+0000] {logging_mixin.py:137} INFO - [2023-02-19T17:03:22.730+0000] {taskmixin.py:205} WARNING - Dependency <Task(BashOperator): delete_entry_group>, create_entry_group already registered for DAG: example_complex
[2023-02-19T17:03:22.732+0000] {logging_mixin.py:137} INFO - [2023-02-19T17:03:22.731+0000] {taskmixin.py:205} WARNING - Dependency <Task(BashOperator): create_entry_gcs>, delete_entry already registered for DAG: example_complex
[2023-02-19T17:03:22.733+0000] {logging_mixin.py:137} INFO - [2023-02-19T17:03:22.733+0000] {taskmixin.py:205} WARNING - Dependency <Task(BashOperator): delete_entry>, create_entry_gcs already registered for DAG: example_complex
[2023-02-19T17:03:22.735+0000] {logging_mixin.py:137} INFO - [2023-02-19T17:03:22.735+0000] {taskmixin.py:205} WARNING - Dependency <Task(BashOperator): create_tag>, delete_tag already registered for DAG: example_complex
[2023-02-19T17:03:22.737+0000] {logging_mixin.py:137} INFO - [2023-02-19T17:03:22.736+0000] {taskmixin.py:205} WARNING - Dependency <Task(BashOperator): delete_tag>, create_tag already registered for DAG: example_complex
[2023-02-19T17:03:22.748+0000] {processor.py:753} INFO - DAG(s) dict_keys(['example_complex']) retrieved from /home/airflow/.local/lib/python3.7/site-packages/airflow/example_dags/example_complex.py
[2023-02-19T17:03:22.802+0000] {logging_mixin.py:137} INFO - [2023-02-19T17:03:22.802+0000] {dag.py:2676} INFO - Sync 1 DAGs
[2023-02-19T17:03:22.832+0000] {logging_mixin.py:137} INFO - [2023-02-19T17:03:22.832+0000] {dag.py:3427} INFO - Setting next_dagrun for example_complex to None, run_after=None
[2023-02-19T17:03:22.852+0000] {processor.py:175} INFO - Processing /home/airflow/.local/lib/python3.7/site-packages/airflow/example_dags/example_complex.py took 0.153 seconds
[2023-02-19T17:03:53.935+0000] {processor.py:153} INFO - Started process (PID=1978) to work on /home/airflow/.local/lib/python3.7/site-packages/airflow/example_dags/example_complex.py
[2023-02-19T17:03:53.937+0000] {processor.py:743} INFO - Processing file /home/airflow/.local/lib/python3.7/site-packages/airflow/example_dags/example_complex.py for tasks to queue
[2023-02-19T17:03:53.940+0000] {logging_mixin.py:137} INFO - [2023-02-19T17:03:53.940+0000] {dagbag.py:538} INFO - Filling up the DagBag from /home/airflow/.local/lib/python3.7/site-packages/airflow/example_dags/example_complex.py
[2023-02-19T17:03:53.954+0000] {logging_mixin.py:137} INFO - [2023-02-19T17:03:53.953+0000] {taskmixin.py:205} WARNING - Dependency <Task(BashOperator): create_entry_group>, delete_entry_group already registered for DAG: example_complex
[2023-02-19T17:03:53.955+0000] {logging_mixin.py:137} INFO - [2023-02-19T17:03:53.955+0000] {taskmixin.py:205} WARNING - Dependency <Task(BashOperator): delete_entry_group>, create_entry_group already registered for DAG: example_complex
[2023-02-19T17:03:53.956+0000] {logging_mixin.py:137} INFO - [2023-02-19T17:03:53.956+0000] {taskmixin.py:205} WARNING - Dependency <Task(BashOperator): create_entry_gcs>, delete_entry already registered for DAG: example_complex
[2023-02-19T17:03:53.957+0000] {logging_mixin.py:137} INFO - [2023-02-19T17:03:53.957+0000] {taskmixin.py:205} WARNING - Dependency <Task(BashOperator): delete_entry>, create_entry_gcs already registered for DAG: example_complex
[2023-02-19T17:03:53.958+0000] {logging_mixin.py:137} INFO - [2023-02-19T17:03:53.958+0000] {taskmixin.py:205} WARNING - Dependency <Task(BashOperator): create_tag>, delete_tag already registered for DAG: example_complex
[2023-02-19T17:03:53.959+0000] {logging_mixin.py:137} INFO - [2023-02-19T17:03:53.959+0000] {taskmixin.py:205} WARNING - Dependency <Task(BashOperator): delete_tag>, create_tag already registered for DAG: example_complex
[2023-02-19T17:03:53.970+0000] {processor.py:753} INFO - DAG(s) dict_keys(['example_complex']) retrieved from /home/airflow/.local/lib/python3.7/site-packages/airflow/example_dags/example_complex.py
[2023-02-19T17:03:54.025+0000] {logging_mixin.py:137} INFO - [2023-02-19T17:03:54.024+0000] {dag.py:2676} INFO - Sync 1 DAGs
[2023-02-19T17:03:54.062+0000] {logging_mixin.py:137} INFO - [2023-02-19T17:03:54.062+0000] {dag.py:3427} INFO - Setting next_dagrun for example_complex to None, run_after=None
[2023-02-19T17:03:54.090+0000] {processor.py:175} INFO - Processing /home/airflow/.local/lib/python3.7/site-packages/airflow/example_dags/example_complex.py took 0.159 seconds
[2023-02-19T17:04:25.360+0000] {processor.py:153} INFO - Started process (PID=2076) to work on /home/airflow/.local/lib/python3.7/site-packages/airflow/example_dags/example_complex.py
[2023-02-19T17:04:25.363+0000] {processor.py:743} INFO - Processing file /home/airflow/.local/lib/python3.7/site-packages/airflow/example_dags/example_complex.py for tasks to queue
[2023-02-19T17:04:25.365+0000] {logging_mixin.py:137} INFO - [2023-02-19T17:04:25.365+0000] {dagbag.py:538} INFO - Filling up the DagBag from /home/airflow/.local/lib/python3.7/site-packages/airflow/example_dags/example_complex.py
[2023-02-19T17:04:25.383+0000] {logging_mixin.py:137} INFO - [2023-02-19T17:04:25.383+0000] {taskmixin.py:205} WARNING - Dependency <Task(BashOperator): create_entry_group>, delete_entry_group already registered for DAG: example_complex
[2023-02-19T17:04:25.385+0000] {logging_mixin.py:137} INFO - [2023-02-19T17:04:25.384+0000] {taskmixin.py:205} WARNING - Dependency <Task(BashOperator): delete_entry_group>, create_entry_group already registered for DAG: example_complex
[2023-02-19T17:04:25.386+0000] {logging_mixin.py:137} INFO - [2023-02-19T17:04:25.386+0000] {taskmixin.py:205} WARNING - Dependency <Task(BashOperator): create_entry_gcs>, delete_entry already registered for DAG: example_complex
[2023-02-19T17:04:25.388+0000] {logging_mixin.py:137} INFO - [2023-02-19T17:04:25.388+0000] {taskmixin.py:205} WARNING - Dependency <Task(BashOperator): delete_entry>, create_entry_gcs already registered for DAG: example_complex
[2023-02-19T17:04:25.390+0000] {logging_mixin.py:137} INFO - [2023-02-19T17:04:25.390+0000] {taskmixin.py:205} WARNING - Dependency <Task(BashOperator): create_tag>, delete_tag already registered for DAG: example_complex
[2023-02-19T17:04:25.391+0000] {logging_mixin.py:137} INFO - [2023-02-19T17:04:25.391+0000] {taskmixin.py:205} WARNING - Dependency <Task(BashOperator): delete_tag>, create_tag already registered for DAG: example_complex
[2023-02-19T17:04:25.403+0000] {processor.py:753} INFO - DAG(s) dict_keys(['example_complex']) retrieved from /home/airflow/.local/lib/python3.7/site-packages/airflow/example_dags/example_complex.py
[2023-02-19T17:04:25.462+0000] {logging_mixin.py:137} INFO - [2023-02-19T17:04:25.462+0000] {dag.py:2676} INFO - Sync 1 DAGs
[2023-02-19T17:04:25.493+0000] {logging_mixin.py:137} INFO - [2023-02-19T17:04:25.493+0000] {dag.py:3427} INFO - Setting next_dagrun for example_complex to None, run_after=None
[2023-02-19T17:04:25.517+0000] {processor.py:175} INFO - Processing /home/airflow/.local/lib/python3.7/site-packages/airflow/example_dags/example_complex.py took 0.162 seconds
[2023-02-19T17:04:56.266+0000] {processor.py:153} INFO - Started process (PID=2158) to work on /home/airflow/.local/lib/python3.7/site-packages/airflow/example_dags/example_complex.py
[2023-02-19T17:04:56.271+0000] {processor.py:743} INFO - Processing file /home/airflow/.local/lib/python3.7/site-packages/airflow/example_dags/example_complex.py for tasks to queue
[2023-02-19T17:04:56.274+0000] {logging_mixin.py:137} INFO - [2023-02-19T17:04:56.274+0000] {dagbag.py:538} INFO - Filling up the DagBag from /home/airflow/.local/lib/python3.7/site-packages/airflow/example_dags/example_complex.py
[2023-02-19T17:04:56.296+0000] {logging_mixin.py:137} INFO - [2023-02-19T17:04:56.296+0000] {taskmixin.py:205} WARNING - Dependency <Task(BashOperator): create_entry_group>, delete_entry_group already registered for DAG: example_complex
[2023-02-19T17:04:56.298+0000] {logging_mixin.py:137} INFO - [2023-02-19T17:04:56.298+0000] {taskmixin.py:205} WARNING - Dependency <Task(BashOperator): delete_entry_group>, create_entry_group already registered for DAG: example_complex
[2023-02-19T17:04:56.300+0000] {logging_mixin.py:137} INFO - [2023-02-19T17:04:56.300+0000] {taskmixin.py:205} WARNING - Dependency <Task(BashOperator): create_entry_gcs>, delete_entry already registered for DAG: example_complex
[2023-02-19T17:04:56.301+0000] {logging_mixin.py:137} INFO - [2023-02-19T17:04:56.301+0000] {taskmixin.py:205} WARNING - Dependency <Task(BashOperator): delete_entry>, create_entry_gcs already registered for DAG: example_complex
[2023-02-19T17:04:56.303+0000] {logging_mixin.py:137} INFO - [2023-02-19T17:04:56.303+0000] {taskmixin.py:205} WARNING - Dependency <Task(BashOperator): create_tag>, delete_tag already registered for DAG: example_complex
[2023-02-19T17:04:56.304+0000] {logging_mixin.py:137} INFO - [2023-02-19T17:04:56.304+0000] {taskmixin.py:205} WARNING - Dependency <Task(BashOperator): delete_tag>, create_tag already registered for DAG: example_complex
[2023-02-19T17:04:56.316+0000] {processor.py:753} INFO - DAG(s) dict_keys(['example_complex']) retrieved from /home/airflow/.local/lib/python3.7/site-packages/airflow/example_dags/example_complex.py
[2023-02-19T17:04:56.370+0000] {logging_mixin.py:137} INFO - [2023-02-19T17:04:56.370+0000] {dag.py:2676} INFO - Sync 1 DAGs
[2023-02-19T17:04:56.403+0000] {logging_mixin.py:137} INFO - [2023-02-19T17:04:56.403+0000] {dag.py:3427} INFO - Setting next_dagrun for example_complex to None, run_after=None
[2023-02-19T17:04:56.436+0000] {processor.py:175} INFO - Processing /home/airflow/.local/lib/python3.7/site-packages/airflow/example_dags/example_complex.py took 0.174 seconds
[2023-02-19T17:05:27.212+0000] {processor.py:153} INFO - Started process (PID=2256) to work on /home/airflow/.local/lib/python3.7/site-packages/airflow/example_dags/example_complex.py
[2023-02-19T17:05:27.214+0000] {processor.py:743} INFO - Processing file /home/airflow/.local/lib/python3.7/site-packages/airflow/example_dags/example_complex.py for tasks to queue
[2023-02-19T17:05:27.216+0000] {logging_mixin.py:137} INFO - [2023-02-19T17:05:27.215+0000] {dagbag.py:538} INFO - Filling up the DagBag from /home/airflow/.local/lib/python3.7/site-packages/airflow/example_dags/example_complex.py
[2023-02-19T17:05:27.230+0000] {logging_mixin.py:137} INFO - [2023-02-19T17:05:27.229+0000] {taskmixin.py:205} WARNING - Dependency <Task(BashOperator): create_entry_group>, delete_entry_group already registered for DAG: example_complex
[2023-02-19T17:05:27.231+0000] {logging_mixin.py:137} INFO - [2023-02-19T17:05:27.231+0000] {taskmixin.py:205} WARNING - Dependency <Task(BashOperator): delete_entry_group>, create_entry_group already registered for DAG: example_complex
[2023-02-19T17:05:27.232+0000] {logging_mixin.py:137} INFO - [2023-02-19T17:05:27.232+0000] {taskmixin.py:205} WARNING - Dependency <Task(BashOperator): create_entry_gcs>, delete_entry already registered for DAG: example_complex
[2023-02-19T17:05:27.233+0000] {logging_mixin.py:137} INFO - [2023-02-19T17:05:27.233+0000] {taskmixin.py:205} WARNING - Dependency <Task(BashOperator): delete_entry>, create_entry_gcs already registered for DAG: example_complex
[2023-02-19T17:05:27.234+0000] {logging_mixin.py:137} INFO - [2023-02-19T17:05:27.234+0000] {taskmixin.py:205} WARNING - Dependency <Task(BashOperator): create_tag>, delete_tag already registered for DAG: example_complex
[2023-02-19T17:05:27.235+0000] {logging_mixin.py:137} INFO - [2023-02-19T17:05:27.235+0000] {taskmixin.py:205} WARNING - Dependency <Task(BashOperator): delete_tag>, create_tag already registered for DAG: example_complex
[2023-02-19T17:05:27.244+0000] {processor.py:753} INFO - DAG(s) dict_keys(['example_complex']) retrieved from /home/airflow/.local/lib/python3.7/site-packages/airflow/example_dags/example_complex.py
[2023-02-19T17:05:27.299+0000] {logging_mixin.py:137} INFO - [2023-02-19T17:05:27.299+0000] {dag.py:2676} INFO - Sync 1 DAGs
[2023-02-19T17:05:27.327+0000] {logging_mixin.py:137} INFO - [2023-02-19T17:05:27.327+0000] {dag.py:3427} INFO - Setting next_dagrun for example_complex to None, run_after=None
[2023-02-19T17:05:27.347+0000] {processor.py:175} INFO - Processing /home/airflow/.local/lib/python3.7/site-packages/airflow/example_dags/example_complex.py took 0.139 seconds
[2023-02-19T17:05:58.447+0000] {processor.py:153} INFO - Started process (PID=2338) to work on /home/airflow/.local/lib/python3.7/site-packages/airflow/example_dags/example_complex.py
[2023-02-19T17:05:58.449+0000] {processor.py:743} INFO - Processing file /home/airflow/.local/lib/python3.7/site-packages/airflow/example_dags/example_complex.py for tasks to queue
[2023-02-19T17:05:58.450+0000] {logging_mixin.py:137} INFO - [2023-02-19T17:05:58.450+0000] {dagbag.py:538} INFO - Filling up the DagBag from /home/airflow/.local/lib/python3.7/site-packages/airflow/example_dags/example_complex.py
[2023-02-19T17:05:58.466+0000] {logging_mixin.py:137} INFO - [2023-02-19T17:05:58.466+0000] {taskmixin.py:205} WARNING - Dependency <Task(BashOperator): create_entry_group>, delete_entry_group already registered for DAG: example_complex
[2023-02-19T17:05:58.467+0000] {logging_mixin.py:137} INFO - [2023-02-19T17:05:58.467+0000] {taskmixin.py:205} WARNING - Dependency <Task(BashOperator): delete_entry_group>, create_entry_group already registered for DAG: example_complex
[2023-02-19T17:05:58.468+0000] {logging_mixin.py:137} INFO - [2023-02-19T17:05:58.468+0000] {taskmixin.py:205} WARNING - Dependency <Task(BashOperator): create_entry_gcs>, delete_entry already registered for DAG: example_complex
[2023-02-19T17:05:58.469+0000] {logging_mixin.py:137} INFO - [2023-02-19T17:05:58.469+0000] {taskmixin.py:205} WARNING - Dependency <Task(BashOperator): delete_entry>, create_entry_gcs already registered for DAG: example_complex
[2023-02-19T17:05:58.470+0000] {logging_mixin.py:137} INFO - [2023-02-19T17:05:58.470+0000] {taskmixin.py:205} WARNING - Dependency <Task(BashOperator): create_tag>, delete_tag already registered for DAG: example_complex
[2023-02-19T17:05:58.471+0000] {logging_mixin.py:137} INFO - [2023-02-19T17:05:58.471+0000] {taskmixin.py:205} WARNING - Dependency <Task(BashOperator): delete_tag>, create_tag already registered for DAG: example_complex
[2023-02-19T17:05:58.480+0000] {processor.py:753} INFO - DAG(s) dict_keys(['example_complex']) retrieved from /home/airflow/.local/lib/python3.7/site-packages/airflow/example_dags/example_complex.py
[2023-02-19T17:05:58.529+0000] {logging_mixin.py:137} INFO - [2023-02-19T17:05:58.528+0000] {dag.py:2676} INFO - Sync 1 DAGs
[2023-02-19T17:05:58.556+0000] {logging_mixin.py:137} INFO - [2023-02-19T17:05:58.556+0000] {dag.py:3427} INFO - Setting next_dagrun for example_complex to None, run_after=None
[2023-02-19T17:05:58.580+0000] {processor.py:175} INFO - Processing /home/airflow/.local/lib/python3.7/site-packages/airflow/example_dags/example_complex.py took 0.137 seconds
[2023-02-19T17:06:29.423+0000] {processor.py:153} INFO - Started process (PID=2437) to work on /home/airflow/.local/lib/python3.7/site-packages/airflow/example_dags/example_complex.py
[2023-02-19T17:06:29.426+0000] {processor.py:743} INFO - Processing file /home/airflow/.local/lib/python3.7/site-packages/airflow/example_dags/example_complex.py for tasks to queue
[2023-02-19T17:06:29.428+0000] {logging_mixin.py:137} INFO - [2023-02-19T17:06:29.428+0000] {dagbag.py:538} INFO - Filling up the DagBag from /home/airflow/.local/lib/python3.7/site-packages/airflow/example_dags/example_complex.py
[2023-02-19T17:06:29.443+0000] {logging_mixin.py:137} INFO - [2023-02-19T17:06:29.443+0000] {taskmixin.py:205} WARNING - Dependency <Task(BashOperator): create_entry_group>, delete_entry_group already registered for DAG: example_complex
[2023-02-19T17:06:29.446+0000] {logging_mixin.py:137} INFO - [2023-02-19T17:06:29.446+0000] {taskmixin.py:205} WARNING - Dependency <Task(BashOperator): delete_entry_group>, create_entry_group already registered for DAG: example_complex
[2023-02-19T17:06:29.447+0000] {logging_mixin.py:137} INFO - [2023-02-19T17:06:29.447+0000] {taskmixin.py:205} WARNING - Dependency <Task(BashOperator): create_entry_gcs>, delete_entry already registered for DAG: example_complex
[2023-02-19T17:06:29.449+0000] {logging_mixin.py:137} INFO - [2023-02-19T17:06:29.449+0000] {taskmixin.py:205} WARNING - Dependency <Task(BashOperator): delete_entry>, create_entry_gcs already registered for DAG: example_complex
[2023-02-19T17:06:29.450+0000] {logging_mixin.py:137} INFO - [2023-02-19T17:06:29.450+0000] {taskmixin.py:205} WARNING - Dependency <Task(BashOperator): create_tag>, delete_tag already registered for DAG: example_complex
[2023-02-19T17:06:29.451+0000] {logging_mixin.py:137} INFO - [2023-02-19T17:06:29.451+0000] {taskmixin.py:205} WARNING - Dependency <Task(BashOperator): delete_tag>, create_tag already registered for DAG: example_complex
[2023-02-19T17:06:29.462+0000] {processor.py:753} INFO - DAG(s) dict_keys(['example_complex']) retrieved from /home/airflow/.local/lib/python3.7/site-packages/airflow/example_dags/example_complex.py
[2023-02-19T17:06:29.520+0000] {logging_mixin.py:137} INFO - [2023-02-19T17:06:29.520+0000] {dag.py:2676} INFO - Sync 1 DAGs
[2023-02-19T17:06:29.548+0000] {logging_mixin.py:137} INFO - [2023-02-19T17:06:29.548+0000] {dag.py:3427} INFO - Setting next_dagrun for example_complex to None, run_after=None
[2023-02-19T17:06:29.572+0000] {processor.py:175} INFO - Processing /home/airflow/.local/lib/python3.7/site-packages/airflow/example_dags/example_complex.py took 0.153 seconds
