[2023-02-19T16:52:54.964+0000] {processor.py:153} INFO - Started process (PID=70) to work on /home/airflow/.local/lib/python3.7/site-packages/airflow/example_dags/example_task_group_decorator.py
[2023-02-19T16:52:54.966+0000] {processor.py:743} INFO - Processing file /home/airflow/.local/lib/python3.7/site-packages/airflow/example_dags/example_task_group_decorator.py for tasks to queue
[2023-02-19T16:52:54.967+0000] {logging_mixin.py:137} INFO - [2023-02-19T16:52:54.967+0000] {dagbag.py:538} INFO - Filling up the DagBag from /home/airflow/.local/lib/python3.7/site-packages/airflow/example_dags/example_task_group_decorator.py
[2023-02-19T16:52:55.004+0000] {processor.py:753} INFO - DAG(s) dict_keys(['example_task_group_decorator']) retrieved from /home/airflow/.local/lib/python3.7/site-packages/airflow/example_dags/example_task_group_decorator.py
[2023-02-19T16:52:55.047+0000] {logging_mixin.py:137} INFO - [2023-02-19T16:52:55.047+0000] {dag.py:2676} INFO - Sync 1 DAGs
[2023-02-19T16:52:55.077+0000] {logging_mixin.py:137} INFO - [2023-02-19T16:52:55.077+0000] {dag.py:3427} INFO - Setting next_dagrun for example_task_group_decorator to 2023-02-18T16:52:55.077020+00:00, run_after=2023-02-19T16:52:55.077020+00:00
[2023-02-19T16:52:55.099+0000] {processor.py:175} INFO - Processing /home/airflow/.local/lib/python3.7/site-packages/airflow/example_dags/example_task_group_decorator.py took 0.139 seconds
[2023-02-19T16:53:25.745+0000] {processor.py:153} INFO - Started process (PID=161) to work on /home/airflow/.local/lib/python3.7/site-packages/airflow/example_dags/example_task_group_decorator.py
[2023-02-19T16:53:25.748+0000] {processor.py:743} INFO - Processing file /home/airflow/.local/lib/python3.7/site-packages/airflow/example_dags/example_task_group_decorator.py for tasks to queue
[2023-02-19T16:53:25.751+0000] {logging_mixin.py:137} INFO - [2023-02-19T16:53:25.750+0000] {dagbag.py:538} INFO - Filling up the DagBag from /home/airflow/.local/lib/python3.7/site-packages/airflow/example_dags/example_task_group_decorator.py
[2023-02-19T16:53:25.801+0000] {processor.py:753} INFO - DAG(s) dict_keys(['example_task_group_decorator']) retrieved from /home/airflow/.local/lib/python3.7/site-packages/airflow/example_dags/example_task_group_decorator.py
[2023-02-19T16:53:25.862+0000] {logging_mixin.py:137} INFO - [2023-02-19T16:53:25.862+0000] {dag.py:2676} INFO - Sync 1 DAGs
[2023-02-19T16:53:25.897+0000] {logging_mixin.py:137} INFO - [2023-02-19T16:53:25.897+0000] {dag.py:3427} INFO - Setting next_dagrun for example_task_group_decorator to 2023-02-18T16:53:25.896691+00:00, run_after=2023-02-19T16:53:25.896691+00:00
[2023-02-19T16:53:25.926+0000] {processor.py:175} INFO - Processing /home/airflow/.local/lib/python3.7/site-packages/airflow/example_dags/example_task_group_decorator.py took 0.186 seconds
[2023-02-19T16:53:56.929+0000] {processor.py:153} INFO - Started process (PID=250) to work on /home/airflow/.local/lib/python3.7/site-packages/airflow/example_dags/example_task_group_decorator.py
[2023-02-19T16:53:56.931+0000] {processor.py:743} INFO - Processing file /home/airflow/.local/lib/python3.7/site-packages/airflow/example_dags/example_task_group_decorator.py for tasks to queue
[2023-02-19T16:53:56.932+0000] {logging_mixin.py:137} INFO - [2023-02-19T16:53:56.932+0000] {dagbag.py:538} INFO - Filling up the DagBag from /home/airflow/.local/lib/python3.7/site-packages/airflow/example_dags/example_task_group_decorator.py
[2023-02-19T16:53:56.967+0000] {processor.py:753} INFO - DAG(s) dict_keys(['example_task_group_decorator']) retrieved from /home/airflow/.local/lib/python3.7/site-packages/airflow/example_dags/example_task_group_decorator.py
[2023-02-19T16:53:57.014+0000] {logging_mixin.py:137} INFO - [2023-02-19T16:53:57.014+0000] {dag.py:2676} INFO - Sync 1 DAGs
[2023-02-19T16:53:57.042+0000] {logging_mixin.py:137} INFO - [2023-02-19T16:53:57.042+0000] {dag.py:3427} INFO - Setting next_dagrun for example_task_group_decorator to 2023-02-18T16:53:57.042167+00:00, run_after=2023-02-19T16:53:57.042167+00:00
[2023-02-19T16:53:57.064+0000] {processor.py:175} INFO - Processing /home/airflow/.local/lib/python3.7/site-packages/airflow/example_dags/example_task_group_decorator.py took 0.139 seconds
[2023-02-19T16:54:28.315+0000] {processor.py:153} INFO - Started process (PID=339) to work on /home/airflow/.local/lib/python3.7/site-packages/airflow/example_dags/example_task_group_decorator.py
[2023-02-19T16:54:28.317+0000] {processor.py:743} INFO - Processing file /home/airflow/.local/lib/python3.7/site-packages/airflow/example_dags/example_task_group_decorator.py for tasks to queue
[2023-02-19T16:54:28.319+0000] {logging_mixin.py:137} INFO - [2023-02-19T16:54:28.319+0000] {dagbag.py:538} INFO - Filling up the DagBag from /home/airflow/.local/lib/python3.7/site-packages/airflow/example_dags/example_task_group_decorator.py
[2023-02-19T16:54:28.366+0000] {processor.py:753} INFO - DAG(s) dict_keys(['example_task_group_decorator']) retrieved from /home/airflow/.local/lib/python3.7/site-packages/airflow/example_dags/example_task_group_decorator.py
[2023-02-19T16:54:28.427+0000] {logging_mixin.py:137} INFO - [2023-02-19T16:54:28.427+0000] {dag.py:2676} INFO - Sync 1 DAGs
[2023-02-19T16:54:28.476+0000] {logging_mixin.py:137} INFO - [2023-02-19T16:54:28.476+0000] {dag.py:3427} INFO - Setting next_dagrun for example_task_group_decorator to 2023-02-18T16:54:28.475216+00:00, run_after=2023-02-19T16:54:28.475216+00:00
[2023-02-19T16:54:28.516+0000] {processor.py:175} INFO - Processing /home/airflow/.local/lib/python3.7/site-packages/airflow/example_dags/example_task_group_decorator.py took 0.206 seconds
[2023-02-19T16:54:59.518+0000] {processor.py:153} INFO - Started process (PID=430) to work on /home/airflow/.local/lib/python3.7/site-packages/airflow/example_dags/example_task_group_decorator.py
[2023-02-19T16:54:59.520+0000] {processor.py:743} INFO - Processing file /home/airflow/.local/lib/python3.7/site-packages/airflow/example_dags/example_task_group_decorator.py for tasks to queue
[2023-02-19T16:54:59.521+0000] {logging_mixin.py:137} INFO - [2023-02-19T16:54:59.521+0000] {dagbag.py:538} INFO - Filling up the DagBag from /home/airflow/.local/lib/python3.7/site-packages/airflow/example_dags/example_task_group_decorator.py
[2023-02-19T16:54:59.555+0000] {processor.py:753} INFO - DAG(s) dict_keys(['example_task_group_decorator']) retrieved from /home/airflow/.local/lib/python3.7/site-packages/airflow/example_dags/example_task_group_decorator.py
[2023-02-19T16:54:59.601+0000] {logging_mixin.py:137} INFO - [2023-02-19T16:54:59.600+0000] {dag.py:2676} INFO - Sync 1 DAGs
[2023-02-19T16:54:59.643+0000] {logging_mixin.py:137} INFO - [2023-02-19T16:54:59.642+0000] {dag.py:3427} INFO - Setting next_dagrun for example_task_group_decorator to 2023-02-18T16:54:59.642617+00:00, run_after=2023-02-19T16:54:59.642617+00:00
[2023-02-19T16:54:59.675+0000] {processor.py:175} INFO - Processing /home/airflow/.local/lib/python3.7/site-packages/airflow/example_dags/example_task_group_decorator.py took 0.162 seconds
[2023-02-19T16:55:31.122+0000] {processor.py:153} INFO - Started process (PID=521) to work on /home/airflow/.local/lib/python3.7/site-packages/airflow/example_dags/example_task_group_decorator.py
[2023-02-19T16:55:31.124+0000] {processor.py:743} INFO - Processing file /home/airflow/.local/lib/python3.7/site-packages/airflow/example_dags/example_task_group_decorator.py for tasks to queue
[2023-02-19T16:55:31.126+0000] {logging_mixin.py:137} INFO - [2023-02-19T16:55:31.125+0000] {dagbag.py:538} INFO - Filling up the DagBag from /home/airflow/.local/lib/python3.7/site-packages/airflow/example_dags/example_task_group_decorator.py
[2023-02-19T16:55:31.159+0000] {processor.py:753} INFO - DAG(s) dict_keys(['example_task_group_decorator']) retrieved from /home/airflow/.local/lib/python3.7/site-packages/airflow/example_dags/example_task_group_decorator.py
[2023-02-19T16:55:31.207+0000] {logging_mixin.py:137} INFO - [2023-02-19T16:55:31.207+0000] {dag.py:2676} INFO - Sync 1 DAGs
[2023-02-19T16:55:31.239+0000] {logging_mixin.py:137} INFO - [2023-02-19T16:55:31.239+0000] {dag.py:3427} INFO - Setting next_dagrun for example_task_group_decorator to 2023-02-18T16:55:31.239346+00:00, run_after=2023-02-19T16:55:31.239346+00:00
[2023-02-19T16:55:31.270+0000] {processor.py:175} INFO - Processing /home/airflow/.local/lib/python3.7/site-packages/airflow/example_dags/example_task_group_decorator.py took 0.152 seconds
[2023-02-19T16:56:02.940+0000] {processor.py:153} INFO - Started process (PID=610) to work on /home/airflow/.local/lib/python3.7/site-packages/airflow/example_dags/example_task_group_decorator.py
[2023-02-19T16:56:02.942+0000] {processor.py:743} INFO - Processing file /home/airflow/.local/lib/python3.7/site-packages/airflow/example_dags/example_task_group_decorator.py for tasks to queue
[2023-02-19T16:56:02.944+0000] {logging_mixin.py:137} INFO - [2023-02-19T16:56:02.944+0000] {dagbag.py:538} INFO - Filling up the DagBag from /home/airflow/.local/lib/python3.7/site-packages/airflow/example_dags/example_task_group_decorator.py
[2023-02-19T16:56:02.978+0000] {processor.py:753} INFO - DAG(s) dict_keys(['example_task_group_decorator']) retrieved from /home/airflow/.local/lib/python3.7/site-packages/airflow/example_dags/example_task_group_decorator.py
[2023-02-19T16:56:03.021+0000] {logging_mixin.py:137} INFO - [2023-02-19T16:56:03.020+0000] {dag.py:2676} INFO - Sync 1 DAGs
[2023-02-19T16:56:03.049+0000] {logging_mixin.py:137} INFO - [2023-02-19T16:56:03.049+0000] {dag.py:3427} INFO - Setting next_dagrun for example_task_group_decorator to 2023-02-18T16:56:03.049426+00:00, run_after=2023-02-19T16:56:03.049426+00:00
[2023-02-19T16:56:03.070+0000] {processor.py:175} INFO - Processing /home/airflow/.local/lib/python3.7/site-packages/airflow/example_dags/example_task_group_decorator.py took 0.133 seconds
[2023-02-19T16:56:34.051+0000] {processor.py:153} INFO - Started process (PID=708) to work on /home/airflow/.local/lib/python3.7/site-packages/airflow/example_dags/example_task_group_decorator.py
[2023-02-19T16:56:34.055+0000] {processor.py:743} INFO - Processing file /home/airflow/.local/lib/python3.7/site-packages/airflow/example_dags/example_task_group_decorator.py for tasks to queue
[2023-02-19T16:56:34.057+0000] {logging_mixin.py:137} INFO - [2023-02-19T16:56:34.056+0000] {dagbag.py:538} INFO - Filling up the DagBag from /home/airflow/.local/lib/python3.7/site-packages/airflow/example_dags/example_task_group_decorator.py
[2023-02-19T16:56:34.096+0000] {processor.py:753} INFO - DAG(s) dict_keys(['example_task_group_decorator']) retrieved from /home/airflow/.local/lib/python3.7/site-packages/airflow/example_dags/example_task_group_decorator.py
[2023-02-19T16:56:34.149+0000] {logging_mixin.py:137} INFO - [2023-02-19T16:56:34.149+0000] {dag.py:2676} INFO - Sync 1 DAGs
[2023-02-19T16:56:34.188+0000] {logging_mixin.py:137} INFO - [2023-02-19T16:56:34.188+0000] {dag.py:3427} INFO - Setting next_dagrun for example_task_group_decorator to 2023-02-18T16:56:34.187723+00:00, run_after=2023-02-19T16:56:34.187723+00:00
[2023-02-19T16:56:34.217+0000] {processor.py:175} INFO - Processing /home/airflow/.local/lib/python3.7/site-packages/airflow/example_dags/example_task_group_decorator.py took 0.170 seconds
[2023-02-19T16:57:04.955+0000] {processor.py:153} INFO - Started process (PID=790) to work on /home/airflow/.local/lib/python3.7/site-packages/airflow/example_dags/example_task_group_decorator.py
[2023-02-19T16:57:04.957+0000] {processor.py:743} INFO - Processing file /home/airflow/.local/lib/python3.7/site-packages/airflow/example_dags/example_task_group_decorator.py for tasks to queue
[2023-02-19T16:57:04.960+0000] {logging_mixin.py:137} INFO - [2023-02-19T16:57:04.959+0000] {dagbag.py:538} INFO - Filling up the DagBag from /home/airflow/.local/lib/python3.7/site-packages/airflow/example_dags/example_task_group_decorator.py
[2023-02-19T16:57:05.001+0000] {processor.py:753} INFO - DAG(s) dict_keys(['example_task_group_decorator']) retrieved from /home/airflow/.local/lib/python3.7/site-packages/airflow/example_dags/example_task_group_decorator.py
[2023-02-19T16:57:05.058+0000] {logging_mixin.py:137} INFO - [2023-02-19T16:57:05.058+0000] {dag.py:2676} INFO - Sync 1 DAGs
[2023-02-19T16:57:05.093+0000] {logging_mixin.py:137} INFO - [2023-02-19T16:57:05.093+0000] {dag.py:3427} INFO - Setting next_dagrun for example_task_group_decorator to 2023-02-18T16:57:05.093335+00:00, run_after=2023-02-19T16:57:05.093335+00:00
[2023-02-19T16:57:05.118+0000] {processor.py:175} INFO - Processing /home/airflow/.local/lib/python3.7/site-packages/airflow/example_dags/example_task_group_decorator.py took 0.168 seconds
[2023-02-19T16:57:36.780+0000] {processor.py:153} INFO - Started process (PID=888) to work on /home/airflow/.local/lib/python3.7/site-packages/airflow/example_dags/example_task_group_decorator.py
[2023-02-19T16:57:36.783+0000] {processor.py:743} INFO - Processing file /home/airflow/.local/lib/python3.7/site-packages/airflow/example_dags/example_task_group_decorator.py for tasks to queue
[2023-02-19T16:57:36.785+0000] {logging_mixin.py:137} INFO - [2023-02-19T16:57:36.784+0000] {dagbag.py:538} INFO - Filling up the DagBag from /home/airflow/.local/lib/python3.7/site-packages/airflow/example_dags/example_task_group_decorator.py
[2023-02-19T16:57:36.822+0000] {processor.py:753} INFO - DAG(s) dict_keys(['example_task_group_decorator']) retrieved from /home/airflow/.local/lib/python3.7/site-packages/airflow/example_dags/example_task_group_decorator.py
[2023-02-19T16:57:36.871+0000] {logging_mixin.py:137} INFO - [2023-02-19T16:57:36.870+0000] {dag.py:2676} INFO - Sync 1 DAGs
[2023-02-19T16:57:36.903+0000] {logging_mixin.py:137} INFO - [2023-02-19T16:57:36.903+0000] {dag.py:3427} INFO - Setting next_dagrun for example_task_group_decorator to 2023-02-18T16:57:36.903037+00:00, run_after=2023-02-19T16:57:36.903037+00:00
[2023-02-19T16:57:36.927+0000] {processor.py:175} INFO - Processing /home/airflow/.local/lib/python3.7/site-packages/airflow/example_dags/example_task_group_decorator.py took 0.154 seconds
[2023-02-19T16:58:08.116+0000] {processor.py:153} INFO - Started process (PID=970) to work on /home/airflow/.local/lib/python3.7/site-packages/airflow/example_dags/example_task_group_decorator.py
[2023-02-19T16:58:08.118+0000] {processor.py:743} INFO - Processing file /home/airflow/.local/lib/python3.7/site-packages/airflow/example_dags/example_task_group_decorator.py for tasks to queue
[2023-02-19T16:58:08.120+0000] {logging_mixin.py:137} INFO - [2023-02-19T16:58:08.119+0000] {dagbag.py:538} INFO - Filling up the DagBag from /home/airflow/.local/lib/python3.7/site-packages/airflow/example_dags/example_task_group_decorator.py
[2023-02-19T16:58:08.153+0000] {processor.py:753} INFO - DAG(s) dict_keys(['example_task_group_decorator']) retrieved from /home/airflow/.local/lib/python3.7/site-packages/airflow/example_dags/example_task_group_decorator.py
[2023-02-19T16:58:08.195+0000] {logging_mixin.py:137} INFO - [2023-02-19T16:58:08.195+0000] {dag.py:2676} INFO - Sync 1 DAGs
[2023-02-19T16:58:08.222+0000] {logging_mixin.py:137} INFO - [2023-02-19T16:58:08.222+0000] {dag.py:3427} INFO - Setting next_dagrun for example_task_group_decorator to 2023-02-18T16:58:08.222507+00:00, run_after=2023-02-19T16:58:08.222507+00:00
[2023-02-19T16:58:08.243+0000] {processor.py:175} INFO - Processing /home/airflow/.local/lib/python3.7/site-packages/airflow/example_dags/example_task_group_decorator.py took 0.132 seconds
[2023-02-19T16:58:39.563+0000] {processor.py:153} INFO - Started process (PID=1068) to work on /home/airflow/.local/lib/python3.7/site-packages/airflow/example_dags/example_task_group_decorator.py
[2023-02-19T16:58:39.565+0000] {processor.py:743} INFO - Processing file /home/airflow/.local/lib/python3.7/site-packages/airflow/example_dags/example_task_group_decorator.py for tasks to queue
[2023-02-19T16:58:39.567+0000] {logging_mixin.py:137} INFO - [2023-02-19T16:58:39.567+0000] {dagbag.py:538} INFO - Filling up the DagBag from /home/airflow/.local/lib/python3.7/site-packages/airflow/example_dags/example_task_group_decorator.py
[2023-02-19T16:58:39.603+0000] {processor.py:753} INFO - DAG(s) dict_keys(['example_task_group_decorator']) retrieved from /home/airflow/.local/lib/python3.7/site-packages/airflow/example_dags/example_task_group_decorator.py
[2023-02-19T16:58:39.650+0000] {logging_mixin.py:137} INFO - [2023-02-19T16:58:39.650+0000] {dag.py:2676} INFO - Sync 1 DAGs
[2023-02-19T16:58:39.684+0000] {logging_mixin.py:137} INFO - [2023-02-19T16:58:39.684+0000] {dag.py:3427} INFO - Setting next_dagrun for example_task_group_decorator to 2023-02-18T16:58:39.683587+00:00, run_after=2023-02-19T16:58:39.683587+00:00
[2023-02-19T16:58:39.763+0000] {processor.py:175} INFO - Processing /home/airflow/.local/lib/python3.7/site-packages/airflow/example_dags/example_task_group_decorator.py took 0.204 seconds
[2023-02-19T16:59:10.688+0000] {processor.py:153} INFO - Started process (PID=1150) to work on /home/airflow/.local/lib/python3.7/site-packages/airflow/example_dags/example_task_group_decorator.py
[2023-02-19T16:59:10.690+0000] {processor.py:743} INFO - Processing file /home/airflow/.local/lib/python3.7/site-packages/airflow/example_dags/example_task_group_decorator.py for tasks to queue
[2023-02-19T16:59:10.692+0000] {logging_mixin.py:137} INFO - [2023-02-19T16:59:10.692+0000] {dagbag.py:538} INFO - Filling up the DagBag from /home/airflow/.local/lib/python3.7/site-packages/airflow/example_dags/example_task_group_decorator.py
[2023-02-19T16:59:10.724+0000] {processor.py:753} INFO - DAG(s) dict_keys(['example_task_group_decorator']) retrieved from /home/airflow/.local/lib/python3.7/site-packages/airflow/example_dags/example_task_group_decorator.py
[2023-02-19T16:59:10.767+0000] {logging_mixin.py:137} INFO - [2023-02-19T16:59:10.766+0000] {dag.py:2676} INFO - Sync 1 DAGs
[2023-02-19T16:59:10.796+0000] {logging_mixin.py:137} INFO - [2023-02-19T16:59:10.795+0000] {dag.py:3427} INFO - Setting next_dagrun for example_task_group_decorator to 2023-02-18T16:59:10.795638+00:00, run_after=2023-02-19T16:59:10.795638+00:00
[2023-02-19T16:59:10.818+0000] {processor.py:175} INFO - Processing /home/airflow/.local/lib/python3.7/site-packages/airflow/example_dags/example_task_group_decorator.py took 0.134 seconds
[2023-02-19T16:59:41.877+0000] {processor.py:153} INFO - Started process (PID=1248) to work on /home/airflow/.local/lib/python3.7/site-packages/airflow/example_dags/example_task_group_decorator.py
[2023-02-19T16:59:41.879+0000] {processor.py:743} INFO - Processing file /home/airflow/.local/lib/python3.7/site-packages/airflow/example_dags/example_task_group_decorator.py for tasks to queue
[2023-02-19T16:59:41.881+0000] {logging_mixin.py:137} INFO - [2023-02-19T16:59:41.881+0000] {dagbag.py:538} INFO - Filling up the DagBag from /home/airflow/.local/lib/python3.7/site-packages/airflow/example_dags/example_task_group_decorator.py
[2023-02-19T16:59:41.915+0000] {processor.py:753} INFO - DAG(s) dict_keys(['example_task_group_decorator']) retrieved from /home/airflow/.local/lib/python3.7/site-packages/airflow/example_dags/example_task_group_decorator.py
[2023-02-19T16:59:41.962+0000] {logging_mixin.py:137} INFO - [2023-02-19T16:59:41.961+0000] {dag.py:2676} INFO - Sync 1 DAGs
[2023-02-19T16:59:41.991+0000] {logging_mixin.py:137} INFO - [2023-02-19T16:59:41.991+0000] {dag.py:3427} INFO - Setting next_dagrun for example_task_group_decorator to 2023-02-18T16:59:41.991360+00:00, run_after=2023-02-19T16:59:41.991360+00:00
[2023-02-19T16:59:42.019+0000] {processor.py:175} INFO - Processing /home/airflow/.local/lib/python3.7/site-packages/airflow/example_dags/example_task_group_decorator.py took 0.147 seconds
[2023-02-19T17:00:13.595+0000] {processor.py:153} INFO - Started process (PID=1330) to work on /home/airflow/.local/lib/python3.7/site-packages/airflow/example_dags/example_task_group_decorator.py
[2023-02-19T17:00:13.598+0000] {processor.py:743} INFO - Processing file /home/airflow/.local/lib/python3.7/site-packages/airflow/example_dags/example_task_group_decorator.py for tasks to queue
[2023-02-19T17:00:13.600+0000] {logging_mixin.py:137} INFO - [2023-02-19T17:00:13.600+0000] {dagbag.py:538} INFO - Filling up the DagBag from /home/airflow/.local/lib/python3.7/site-packages/airflow/example_dags/example_task_group_decorator.py
[2023-02-19T17:00:13.650+0000] {processor.py:753} INFO - DAG(s) dict_keys(['example_task_group_decorator']) retrieved from /home/airflow/.local/lib/python3.7/site-packages/airflow/example_dags/example_task_group_decorator.py
[2023-02-19T17:00:13.714+0000] {logging_mixin.py:137} INFO - [2023-02-19T17:00:13.713+0000] {dag.py:2676} INFO - Sync 1 DAGs
[2023-02-19T17:00:13.751+0000] {logging_mixin.py:137} INFO - [2023-02-19T17:00:13.751+0000] {dag.py:3427} INFO - Setting next_dagrun for example_task_group_decorator to 2023-02-18T17:00:13.750911+00:00, run_after=2023-02-19T17:00:13.750911+00:00
[2023-02-19T17:00:13.780+0000] {processor.py:175} INFO - Processing /home/airflow/.local/lib/python3.7/site-packages/airflow/example_dags/example_task_group_decorator.py took 0.192 seconds
[2023-02-19T17:00:44.811+0000] {processor.py:153} INFO - Started process (PID=1429) to work on /home/airflow/.local/lib/python3.7/site-packages/airflow/example_dags/example_task_group_decorator.py
[2023-02-19T17:00:44.813+0000] {processor.py:743} INFO - Processing file /home/airflow/.local/lib/python3.7/site-packages/airflow/example_dags/example_task_group_decorator.py for tasks to queue
[2023-02-19T17:00:44.815+0000] {logging_mixin.py:137} INFO - [2023-02-19T17:00:44.815+0000] {dagbag.py:538} INFO - Filling up the DagBag from /home/airflow/.local/lib/python3.7/site-packages/airflow/example_dags/example_task_group_decorator.py
[2023-02-19T17:00:44.857+0000] {processor.py:753} INFO - DAG(s) dict_keys(['example_task_group_decorator']) retrieved from /home/airflow/.local/lib/python3.7/site-packages/airflow/example_dags/example_task_group_decorator.py
[2023-02-19T17:00:44.912+0000] {logging_mixin.py:137} INFO - [2023-02-19T17:00:44.912+0000] {dag.py:2676} INFO - Sync 1 DAGs
[2023-02-19T17:00:44.949+0000] {logging_mixin.py:137} INFO - [2023-02-19T17:00:44.949+0000] {dag.py:3427} INFO - Setting next_dagrun for example_task_group_decorator to 2023-02-18T17:00:44.948856+00:00, run_after=2023-02-19T17:00:44.948856+00:00
[2023-02-19T17:00:44.976+0000] {processor.py:175} INFO - Processing /home/airflow/.local/lib/python3.7/site-packages/airflow/example_dags/example_task_group_decorator.py took 0.169 seconds
[2023-02-19T17:01:16.756+0000] {processor.py:153} INFO - Started process (PID=1511) to work on /home/airflow/.local/lib/python3.7/site-packages/airflow/example_dags/example_task_group_decorator.py
[2023-02-19T17:01:16.759+0000] {processor.py:743} INFO - Processing file /home/airflow/.local/lib/python3.7/site-packages/airflow/example_dags/example_task_group_decorator.py for tasks to queue
[2023-02-19T17:01:16.761+0000] {logging_mixin.py:137} INFO - [2023-02-19T17:01:16.760+0000] {dagbag.py:538} INFO - Filling up the DagBag from /home/airflow/.local/lib/python3.7/site-packages/airflow/example_dags/example_task_group_decorator.py
[2023-02-19T17:01:16.799+0000] {processor.py:753} INFO - DAG(s) dict_keys(['example_task_group_decorator']) retrieved from /home/airflow/.local/lib/python3.7/site-packages/airflow/example_dags/example_task_group_decorator.py
[2023-02-19T17:01:16.843+0000] {logging_mixin.py:137} INFO - [2023-02-19T17:01:16.843+0000] {dag.py:2676} INFO - Sync 1 DAGs
[2023-02-19T17:01:16.871+0000] {logging_mixin.py:137} INFO - [2023-02-19T17:01:16.871+0000] {dag.py:3427} INFO - Setting next_dagrun for example_task_group_decorator to 2023-02-18T17:01:16.870777+00:00, run_after=2023-02-19T17:01:16.870777+00:00
[2023-02-19T17:01:16.893+0000] {processor.py:175} INFO - Processing /home/airflow/.local/lib/python3.7/site-packages/airflow/example_dags/example_task_group_decorator.py took 0.142 seconds
[2023-02-19T17:01:47.837+0000] {processor.py:153} INFO - Started process (PID=1609) to work on /home/airflow/.local/lib/python3.7/site-packages/airflow/example_dags/example_task_group_decorator.py
[2023-02-19T17:01:47.839+0000] {processor.py:743} INFO - Processing file /home/airflow/.local/lib/python3.7/site-packages/airflow/example_dags/example_task_group_decorator.py for tasks to queue
[2023-02-19T17:01:47.841+0000] {logging_mixin.py:137} INFO - [2023-02-19T17:01:47.840+0000] {dagbag.py:538} INFO - Filling up the DagBag from /home/airflow/.local/lib/python3.7/site-packages/airflow/example_dags/example_task_group_decorator.py
[2023-02-19T17:01:47.875+0000] {processor.py:753} INFO - DAG(s) dict_keys(['example_task_group_decorator']) retrieved from /home/airflow/.local/lib/python3.7/site-packages/airflow/example_dags/example_task_group_decorator.py
[2023-02-19T17:01:47.917+0000] {logging_mixin.py:137} INFO - [2023-02-19T17:01:47.917+0000] {dag.py:2676} INFO - Sync 1 DAGs
[2023-02-19T17:01:47.944+0000] {logging_mixin.py:137} INFO - [2023-02-19T17:01:47.944+0000] {dag.py:3427} INFO - Setting next_dagrun for example_task_group_decorator to 2023-02-18T17:01:47.944519+00:00, run_after=2023-02-19T17:01:47.944519+00:00
[2023-02-19T17:01:47.967+0000] {processor.py:175} INFO - Processing /home/airflow/.local/lib/python3.7/site-packages/airflow/example_dags/example_task_group_decorator.py took 0.135 seconds
[2023-02-19T17:02:18.757+0000] {processor.py:153} INFO - Started process (PID=1700) to work on /home/airflow/.local/lib/python3.7/site-packages/airflow/example_dags/example_task_group_decorator.py
[2023-02-19T17:02:18.759+0000] {processor.py:743} INFO - Processing file /home/airflow/.local/lib/python3.7/site-packages/airflow/example_dags/example_task_group_decorator.py for tasks to queue
[2023-02-19T17:02:18.760+0000] {logging_mixin.py:137} INFO - [2023-02-19T17:02:18.760+0000] {dagbag.py:538} INFO - Filling up the DagBag from /home/airflow/.local/lib/python3.7/site-packages/airflow/example_dags/example_task_group_decorator.py
[2023-02-19T17:02:18.794+0000] {processor.py:753} INFO - DAG(s) dict_keys(['example_task_group_decorator']) retrieved from /home/airflow/.local/lib/python3.7/site-packages/airflow/example_dags/example_task_group_decorator.py
[2023-02-19T17:02:18.840+0000] {logging_mixin.py:137} INFO - [2023-02-19T17:02:18.839+0000] {dag.py:2676} INFO - Sync 1 DAGs
[2023-02-19T17:02:18.870+0000] {logging_mixin.py:137} INFO - [2023-02-19T17:02:18.870+0000] {dag.py:3427} INFO - Setting next_dagrun for example_task_group_decorator to 2023-02-18T17:02:18.869783+00:00, run_after=2023-02-19T17:02:18.869783+00:00
[2023-02-19T17:02:18.893+0000] {processor.py:175} INFO - Processing /home/airflow/.local/lib/python3.7/site-packages/airflow/example_dags/example_task_group_decorator.py took 0.140 seconds
[2023-02-19T17:02:50.249+0000] {processor.py:153} INFO - Started process (PID=1789) to work on /home/airflow/.local/lib/python3.7/site-packages/airflow/example_dags/example_task_group_decorator.py
[2023-02-19T17:02:50.251+0000] {processor.py:743} INFO - Processing file /home/airflow/.local/lib/python3.7/site-packages/airflow/example_dags/example_task_group_decorator.py for tasks to queue
[2023-02-19T17:02:50.253+0000] {logging_mixin.py:137} INFO - [2023-02-19T17:02:50.253+0000] {dagbag.py:538} INFO - Filling up the DagBag from /home/airflow/.local/lib/python3.7/site-packages/airflow/example_dags/example_task_group_decorator.py
[2023-02-19T17:02:50.285+0000] {processor.py:753} INFO - DAG(s) dict_keys(['example_task_group_decorator']) retrieved from /home/airflow/.local/lib/python3.7/site-packages/airflow/example_dags/example_task_group_decorator.py
[2023-02-19T17:02:50.332+0000] {logging_mixin.py:137} INFO - [2023-02-19T17:02:50.332+0000] {dag.py:2676} INFO - Sync 1 DAGs
[2023-02-19T17:02:50.366+0000] {logging_mixin.py:137} INFO - [2023-02-19T17:02:50.366+0000] {dag.py:3427} INFO - Setting next_dagrun for example_task_group_decorator to 2023-02-18T17:02:50.366279+00:00, run_after=2023-02-19T17:02:50.366279+00:00
[2023-02-19T17:02:50.387+0000] {processor.py:175} INFO - Processing /home/airflow/.local/lib/python3.7/site-packages/airflow/example_dags/example_task_group_decorator.py took 0.142 seconds
[2023-02-19T17:03:21.784+0000] {processor.py:153} INFO - Started process (PID=1887) to work on /home/airflow/.local/lib/python3.7/site-packages/airflow/example_dags/example_task_group_decorator.py
[2023-02-19T17:03:21.786+0000] {processor.py:743} INFO - Processing file /home/airflow/.local/lib/python3.7/site-packages/airflow/example_dags/example_task_group_decorator.py for tasks to queue
[2023-02-19T17:03:21.788+0000] {logging_mixin.py:137} INFO - [2023-02-19T17:03:21.788+0000] {dagbag.py:538} INFO - Filling up the DagBag from /home/airflow/.local/lib/python3.7/site-packages/airflow/example_dags/example_task_group_decorator.py
[2023-02-19T17:03:21.821+0000] {processor.py:753} INFO - DAG(s) dict_keys(['example_task_group_decorator']) retrieved from /home/airflow/.local/lib/python3.7/site-packages/airflow/example_dags/example_task_group_decorator.py
[2023-02-19T17:03:21.865+0000] {logging_mixin.py:137} INFO - [2023-02-19T17:03:21.865+0000] {dag.py:2676} INFO - Sync 1 DAGs
[2023-02-19T17:03:21.892+0000] {logging_mixin.py:137} INFO - [2023-02-19T17:03:21.892+0000] {dag.py:3427} INFO - Setting next_dagrun for example_task_group_decorator to 2023-02-18T17:03:21.892381+00:00, run_after=2023-02-19T17:03:21.892381+00:00
[2023-02-19T17:03:21.918+0000] {processor.py:175} INFO - Processing /home/airflow/.local/lib/python3.7/site-packages/airflow/example_dags/example_task_group_decorator.py took 0.138 seconds
[2023-02-19T17:03:53.161+0000] {processor.py:153} INFO - Started process (PID=1969) to work on /home/airflow/.local/lib/python3.7/site-packages/airflow/example_dags/example_task_group_decorator.py
[2023-02-19T17:03:53.164+0000] {processor.py:743} INFO - Processing file /home/airflow/.local/lib/python3.7/site-packages/airflow/example_dags/example_task_group_decorator.py for tasks to queue
[2023-02-19T17:03:53.166+0000] {logging_mixin.py:137} INFO - [2023-02-19T17:03:53.166+0000] {dagbag.py:538} INFO - Filling up the DagBag from /home/airflow/.local/lib/python3.7/site-packages/airflow/example_dags/example_task_group_decorator.py
[2023-02-19T17:03:53.212+0000] {processor.py:753} INFO - DAG(s) dict_keys(['example_task_group_decorator']) retrieved from /home/airflow/.local/lib/python3.7/site-packages/airflow/example_dags/example_task_group_decorator.py
[2023-02-19T17:03:53.269+0000] {logging_mixin.py:137} INFO - [2023-02-19T17:03:53.269+0000] {dag.py:2676} INFO - Sync 1 DAGs
[2023-02-19T17:03:53.307+0000] {logging_mixin.py:137} INFO - [2023-02-19T17:03:53.307+0000] {dag.py:3427} INFO - Setting next_dagrun for example_task_group_decorator to 2023-02-18T17:03:53.306989+00:00, run_after=2023-02-19T17:03:53.306989+00:00
[2023-02-19T17:03:53.335+0000] {processor.py:175} INFO - Processing /home/airflow/.local/lib/python3.7/site-packages/airflow/example_dags/example_task_group_decorator.py took 0.178 seconds
[2023-02-19T17:04:24.431+0000] {processor.py:153} INFO - Started process (PID=2067) to work on /home/airflow/.local/lib/python3.7/site-packages/airflow/example_dags/example_task_group_decorator.py
[2023-02-19T17:04:24.432+0000] {processor.py:743} INFO - Processing file /home/airflow/.local/lib/python3.7/site-packages/airflow/example_dags/example_task_group_decorator.py for tasks to queue
[2023-02-19T17:04:24.434+0000] {logging_mixin.py:137} INFO - [2023-02-19T17:04:24.434+0000] {dagbag.py:538} INFO - Filling up the DagBag from /home/airflow/.local/lib/python3.7/site-packages/airflow/example_dags/example_task_group_decorator.py
[2023-02-19T17:04:24.468+0000] {processor.py:753} INFO - DAG(s) dict_keys(['example_task_group_decorator']) retrieved from /home/airflow/.local/lib/python3.7/site-packages/airflow/example_dags/example_task_group_decorator.py
[2023-02-19T17:04:24.513+0000] {logging_mixin.py:137} INFO - [2023-02-19T17:04:24.513+0000] {dag.py:2676} INFO - Sync 1 DAGs
[2023-02-19T17:04:24.542+0000] {logging_mixin.py:137} INFO - [2023-02-19T17:04:24.542+0000] {dag.py:3427} INFO - Setting next_dagrun for example_task_group_decorator to 2023-02-18T17:04:24.542382+00:00, run_after=2023-02-19T17:04:24.542382+00:00
[2023-02-19T17:04:24.563+0000] {processor.py:175} INFO - Processing /home/airflow/.local/lib/python3.7/site-packages/airflow/example_dags/example_task_group_decorator.py took 0.136 seconds
[2023-02-19T17:04:55.467+0000] {processor.py:153} INFO - Started process (PID=2149) to work on /home/airflow/.local/lib/python3.7/site-packages/airflow/example_dags/example_task_group_decorator.py
[2023-02-19T17:04:55.469+0000] {processor.py:743} INFO - Processing file /home/airflow/.local/lib/python3.7/site-packages/airflow/example_dags/example_task_group_decorator.py for tasks to queue
[2023-02-19T17:04:55.471+0000] {logging_mixin.py:137} INFO - [2023-02-19T17:04:55.471+0000] {dagbag.py:538} INFO - Filling up the DagBag from /home/airflow/.local/lib/python3.7/site-packages/airflow/example_dags/example_task_group_decorator.py
[2023-02-19T17:04:55.503+0000] {processor.py:753} INFO - DAG(s) dict_keys(['example_task_group_decorator']) retrieved from /home/airflow/.local/lib/python3.7/site-packages/airflow/example_dags/example_task_group_decorator.py
[2023-02-19T17:04:55.547+0000] {logging_mixin.py:137} INFO - [2023-02-19T17:04:55.547+0000] {dag.py:2676} INFO - Sync 1 DAGs
[2023-02-19T17:04:55.575+0000] {logging_mixin.py:137} INFO - [2023-02-19T17:04:55.575+0000] {dag.py:3427} INFO - Setting next_dagrun for example_task_group_decorator to 2023-02-18T17:04:55.575036+00:00, run_after=2023-02-19T17:04:55.575036+00:00
[2023-02-19T17:04:55.596+0000] {processor.py:175} INFO - Processing /home/airflow/.local/lib/python3.7/site-packages/airflow/example_dags/example_task_group_decorator.py took 0.133 seconds
[2023-02-19T17:05:26.497+0000] {processor.py:153} INFO - Started process (PID=2247) to work on /home/airflow/.local/lib/python3.7/site-packages/airflow/example_dags/example_task_group_decorator.py
[2023-02-19T17:05:26.500+0000] {processor.py:743} INFO - Processing file /home/airflow/.local/lib/python3.7/site-packages/airflow/example_dags/example_task_group_decorator.py for tasks to queue
[2023-02-19T17:05:26.502+0000] {logging_mixin.py:137} INFO - [2023-02-19T17:05:26.502+0000] {dagbag.py:538} INFO - Filling up the DagBag from /home/airflow/.local/lib/python3.7/site-packages/airflow/example_dags/example_task_group_decorator.py
[2023-02-19T17:05:26.535+0000] {processor.py:753} INFO - DAG(s) dict_keys(['example_task_group_decorator']) retrieved from /home/airflow/.local/lib/python3.7/site-packages/airflow/example_dags/example_task_group_decorator.py
[2023-02-19T17:05:26.578+0000] {logging_mixin.py:137} INFO - [2023-02-19T17:05:26.578+0000] {dag.py:2676} INFO - Sync 1 DAGs
[2023-02-19T17:05:26.611+0000] {logging_mixin.py:137} INFO - [2023-02-19T17:05:26.611+0000] {dag.py:3427} INFO - Setting next_dagrun for example_task_group_decorator to 2023-02-18T17:05:26.611010+00:00, run_after=2023-02-19T17:05:26.611010+00:00
[2023-02-19T17:05:26.632+0000] {processor.py:175} INFO - Processing /home/airflow/.local/lib/python3.7/site-packages/airflow/example_dags/example_task_group_decorator.py took 0.139 seconds
[2023-02-19T17:05:57.481+0000] {processor.py:153} INFO - Started process (PID=2329) to work on /home/airflow/.local/lib/python3.7/site-packages/airflow/example_dags/example_task_group_decorator.py
[2023-02-19T17:05:57.483+0000] {processor.py:743} INFO - Processing file /home/airflow/.local/lib/python3.7/site-packages/airflow/example_dags/example_task_group_decorator.py for tasks to queue
[2023-02-19T17:05:57.485+0000] {logging_mixin.py:137} INFO - [2023-02-19T17:05:57.485+0000] {dagbag.py:538} INFO - Filling up the DagBag from /home/airflow/.local/lib/python3.7/site-packages/airflow/example_dags/example_task_group_decorator.py
[2023-02-19T17:05:57.517+0000] {processor.py:753} INFO - DAG(s) dict_keys(['example_task_group_decorator']) retrieved from /home/airflow/.local/lib/python3.7/site-packages/airflow/example_dags/example_task_group_decorator.py
[2023-02-19T17:05:57.561+0000] {logging_mixin.py:137} INFO - [2023-02-19T17:05:57.561+0000] {dag.py:2676} INFO - Sync 1 DAGs
[2023-02-19T17:05:57.591+0000] {logging_mixin.py:137} INFO - [2023-02-19T17:05:57.591+0000] {dag.py:3427} INFO - Setting next_dagrun for example_task_group_decorator to 2023-02-18T17:05:57.590785+00:00, run_after=2023-02-19T17:05:57.590785+00:00
[2023-02-19T17:05:57.612+0000] {processor.py:175} INFO - Processing /home/airflow/.local/lib/python3.7/site-packages/airflow/example_dags/example_task_group_decorator.py took 0.135 seconds
[2023-02-19T17:06:28.487+0000] {processor.py:153} INFO - Started process (PID=2428) to work on /home/airflow/.local/lib/python3.7/site-packages/airflow/example_dags/example_task_group_decorator.py
[2023-02-19T17:06:28.489+0000] {processor.py:743} INFO - Processing file /home/airflow/.local/lib/python3.7/site-packages/airflow/example_dags/example_task_group_decorator.py for tasks to queue
[2023-02-19T17:06:28.491+0000] {logging_mixin.py:137} INFO - [2023-02-19T17:06:28.491+0000] {dagbag.py:538} INFO - Filling up the DagBag from /home/airflow/.local/lib/python3.7/site-packages/airflow/example_dags/example_task_group_decorator.py
[2023-02-19T17:06:28.524+0000] {processor.py:753} INFO - DAG(s) dict_keys(['example_task_group_decorator']) retrieved from /home/airflow/.local/lib/python3.7/site-packages/airflow/example_dags/example_task_group_decorator.py
[2023-02-19T17:06:28.571+0000] {logging_mixin.py:137} INFO - [2023-02-19T17:06:28.571+0000] {dag.py:2676} INFO - Sync 1 DAGs
[2023-02-19T17:06:28.603+0000] {logging_mixin.py:137} INFO - [2023-02-19T17:06:28.603+0000] {dag.py:3427} INFO - Setting next_dagrun for example_task_group_decorator to 2023-02-18T17:06:28.602864+00:00, run_after=2023-02-19T17:06:28.602864+00:00
[2023-02-19T17:06:28.630+0000] {processor.py:175} INFO - Processing /home/airflow/.local/lib/python3.7/site-packages/airflow/example_dags/example_task_group_decorator.py took 0.147 seconds
