[2023-02-19T16:52:57.046+0000] {processor.py:153} INFO - Started process (PID=92) to work on /home/airflow/.local/lib/python3.7/site-packages/airflow/example_dags/example_trigger_controller_dag.py
[2023-02-19T16:52:57.049+0000] {processor.py:743} INFO - Processing file /home/airflow/.local/lib/python3.7/site-packages/airflow/example_dags/example_trigger_controller_dag.py for tasks to queue
[2023-02-19T16:52:57.050+0000] {logging_mixin.py:137} INFO - [2023-02-19T16:52:57.050+0000] {dagbag.py:538} INFO - Filling up the DagBag from /home/airflow/.local/lib/python3.7/site-packages/airflow/example_dags/example_trigger_controller_dag.py
[2023-02-19T16:52:57.069+0000] {processor.py:753} INFO - DAG(s) dict_keys(['example_trigger_controller_dag']) retrieved from /home/airflow/.local/lib/python3.7/site-packages/airflow/example_dags/example_trigger_controller_dag.py
[2023-02-19T16:52:57.116+0000] {logging_mixin.py:137} INFO - [2023-02-19T16:52:57.116+0000] {dag.py:2676} INFO - Sync 1 DAGs
[2023-02-19T16:52:57.147+0000] {logging_mixin.py:137} INFO - [2023-02-19T16:52:57.147+0000] {dag.py:3427} INFO - Setting next_dagrun for example_trigger_controller_dag to 2021-01-01T00:00:00+00:00, run_after=2021-01-01T00:00:00+00:00
[2023-02-19T16:52:57.174+0000] {processor.py:175} INFO - Processing /home/airflow/.local/lib/python3.7/site-packages/airflow/example_dags/example_trigger_controller_dag.py took 0.132 seconds
[2023-02-19T16:53:28.617+0000] {processor.py:153} INFO - Started process (PID=190) to work on /home/airflow/.local/lib/python3.7/site-packages/airflow/example_dags/example_trigger_controller_dag.py
[2023-02-19T16:53:28.619+0000] {processor.py:743} INFO - Processing file /home/airflow/.local/lib/python3.7/site-packages/airflow/example_dags/example_trigger_controller_dag.py for tasks to queue
[2023-02-19T16:53:28.621+0000] {logging_mixin.py:137} INFO - [2023-02-19T16:53:28.620+0000] {dagbag.py:538} INFO - Filling up the DagBag from /home/airflow/.local/lib/python3.7/site-packages/airflow/example_dags/example_trigger_controller_dag.py
[2023-02-19T16:53:28.636+0000] {processor.py:753} INFO - DAG(s) dict_keys(['example_trigger_controller_dag']) retrieved from /home/airflow/.local/lib/python3.7/site-packages/airflow/example_dags/example_trigger_controller_dag.py
[2023-02-19T16:53:28.681+0000] {logging_mixin.py:137} INFO - [2023-02-19T16:53:28.681+0000] {dag.py:2676} INFO - Sync 1 DAGs
[2023-02-19T16:53:28.712+0000] {logging_mixin.py:137} INFO - [2023-02-19T16:53:28.711+0000] {dag.py:3427} INFO - Setting next_dagrun for example_trigger_controller_dag to 2021-01-01T00:00:00+00:00, run_after=2021-01-01T00:00:00+00:00
[2023-02-19T16:53:28.734+0000] {processor.py:175} INFO - Processing /home/airflow/.local/lib/python3.7/site-packages/airflow/example_dags/example_trigger_controller_dag.py took 0.122 seconds
[2023-02-19T16:53:58.879+0000] {processor.py:153} INFO - Started process (PID=272) to work on /home/airflow/.local/lib/python3.7/site-packages/airflow/example_dags/example_trigger_controller_dag.py
[2023-02-19T16:53:58.881+0000] {processor.py:743} INFO - Processing file /home/airflow/.local/lib/python3.7/site-packages/airflow/example_dags/example_trigger_controller_dag.py for tasks to queue
[2023-02-19T16:53:58.883+0000] {logging_mixin.py:137} INFO - [2023-02-19T16:53:58.882+0000] {dagbag.py:538} INFO - Filling up the DagBag from /home/airflow/.local/lib/python3.7/site-packages/airflow/example_dags/example_trigger_controller_dag.py
[2023-02-19T16:53:58.897+0000] {processor.py:753} INFO - DAG(s) dict_keys(['example_trigger_controller_dag']) retrieved from /home/airflow/.local/lib/python3.7/site-packages/airflow/example_dags/example_trigger_controller_dag.py
[2023-02-19T16:53:58.944+0000] {logging_mixin.py:137} INFO - [2023-02-19T16:53:58.944+0000] {dag.py:2676} INFO - Sync 1 DAGs
[2023-02-19T16:53:58.979+0000] {logging_mixin.py:137} INFO - [2023-02-19T16:53:58.979+0000] {dag.py:3427} INFO - Setting next_dagrun for example_trigger_controller_dag to 2021-01-01T00:00:00+00:00, run_after=2021-01-01T00:00:00+00:00
[2023-02-19T16:53:59.004+0000] {processor.py:175} INFO - Processing /home/airflow/.local/lib/python3.7/site-packages/airflow/example_dags/example_trigger_controller_dag.py took 0.130 seconds
[2023-02-19T16:54:30.993+0000] {processor.py:153} INFO - Started process (PID=370) to work on /home/airflow/.local/lib/python3.7/site-packages/airflow/example_dags/example_trigger_controller_dag.py
[2023-02-19T16:54:30.996+0000] {processor.py:743} INFO - Processing file /home/airflow/.local/lib/python3.7/site-packages/airflow/example_dags/example_trigger_controller_dag.py for tasks to queue
[2023-02-19T16:54:30.998+0000] {logging_mixin.py:137} INFO - [2023-02-19T16:54:30.998+0000] {dagbag.py:538} INFO - Filling up the DagBag from /home/airflow/.local/lib/python3.7/site-packages/airflow/example_dags/example_trigger_controller_dag.py
[2023-02-19T16:54:31.020+0000] {processor.py:753} INFO - DAG(s) dict_keys(['example_trigger_controller_dag']) retrieved from /home/airflow/.local/lib/python3.7/site-packages/airflow/example_dags/example_trigger_controller_dag.py
[2023-02-19T16:54:31.079+0000] {logging_mixin.py:137} INFO - [2023-02-19T16:54:31.079+0000] {dag.py:2676} INFO - Sync 1 DAGs
[2023-02-19T16:54:31.117+0000] {logging_mixin.py:137} INFO - [2023-02-19T16:54:31.117+0000] {dag.py:3427} INFO - Setting next_dagrun for example_trigger_controller_dag to 2021-01-01T00:00:00+00:00, run_after=2021-01-01T00:00:00+00:00
[2023-02-19T16:54:31.146+0000] {processor.py:175} INFO - Processing /home/airflow/.local/lib/python3.7/site-packages/airflow/example_dags/example_trigger_controller_dag.py took 0.159 seconds
[2023-02-19T16:55:01.639+0000] {processor.py:153} INFO - Started process (PID=452) to work on /home/airflow/.local/lib/python3.7/site-packages/airflow/example_dags/example_trigger_controller_dag.py
[2023-02-19T16:55:01.641+0000] {processor.py:743} INFO - Processing file /home/airflow/.local/lib/python3.7/site-packages/airflow/example_dags/example_trigger_controller_dag.py for tasks to queue
[2023-02-19T16:55:01.643+0000] {logging_mixin.py:137} INFO - [2023-02-19T16:55:01.642+0000] {dagbag.py:538} INFO - Filling up the DagBag from /home/airflow/.local/lib/python3.7/site-packages/airflow/example_dags/example_trigger_controller_dag.py
[2023-02-19T16:55:01.656+0000] {processor.py:753} INFO - DAG(s) dict_keys(['example_trigger_controller_dag']) retrieved from /home/airflow/.local/lib/python3.7/site-packages/airflow/example_dags/example_trigger_controller_dag.py
[2023-02-19T16:55:01.699+0000] {logging_mixin.py:137} INFO - [2023-02-19T16:55:01.699+0000] {dag.py:2676} INFO - Sync 1 DAGs
[2023-02-19T16:55:01.731+0000] {logging_mixin.py:137} INFO - [2023-02-19T16:55:01.730+0000] {dag.py:3427} INFO - Setting next_dagrun for example_trigger_controller_dag to 2021-01-01T00:00:00+00:00, run_after=2021-01-01T00:00:00+00:00
[2023-02-19T16:55:01.756+0000] {processor.py:175} INFO - Processing /home/airflow/.local/lib/python3.7/site-packages/airflow/example_dags/example_trigger_controller_dag.py took 0.121 seconds
[2023-02-19T16:55:33.476+0000] {processor.py:153} INFO - Started process (PID=550) to work on /home/airflow/.local/lib/python3.7/site-packages/airflow/example_dags/example_trigger_controller_dag.py
[2023-02-19T16:55:33.478+0000] {processor.py:743} INFO - Processing file /home/airflow/.local/lib/python3.7/site-packages/airflow/example_dags/example_trigger_controller_dag.py for tasks to queue
[2023-02-19T16:55:33.479+0000] {logging_mixin.py:137} INFO - [2023-02-19T16:55:33.479+0000] {dagbag.py:538} INFO - Filling up the DagBag from /home/airflow/.local/lib/python3.7/site-packages/airflow/example_dags/example_trigger_controller_dag.py
[2023-02-19T16:55:33.493+0000] {processor.py:753} INFO - DAG(s) dict_keys(['example_trigger_controller_dag']) retrieved from /home/airflow/.local/lib/python3.7/site-packages/airflow/example_dags/example_trigger_controller_dag.py
[2023-02-19T16:55:33.536+0000] {logging_mixin.py:137} INFO - [2023-02-19T16:55:33.536+0000] {dag.py:2676} INFO - Sync 1 DAGs
[2023-02-19T16:55:33.564+0000] {logging_mixin.py:137} INFO - [2023-02-19T16:55:33.564+0000] {dag.py:3427} INFO - Setting next_dagrun for example_trigger_controller_dag to 2021-01-01T00:00:00+00:00, run_after=2021-01-01T00:00:00+00:00
[2023-02-19T16:55:33.586+0000] {processor.py:175} INFO - Processing /home/airflow/.local/lib/python3.7/site-packages/airflow/example_dags/example_trigger_controller_dag.py took 0.114 seconds
[2023-02-19T16:56:04.827+0000] {processor.py:153} INFO - Started process (PID=632) to work on /home/airflow/.local/lib/python3.7/site-packages/airflow/example_dags/example_trigger_controller_dag.py
[2023-02-19T16:56:04.829+0000] {processor.py:743} INFO - Processing file /home/airflow/.local/lib/python3.7/site-packages/airflow/example_dags/example_trigger_controller_dag.py for tasks to queue
[2023-02-19T16:56:04.831+0000] {logging_mixin.py:137} INFO - [2023-02-19T16:56:04.831+0000] {dagbag.py:538} INFO - Filling up the DagBag from /home/airflow/.local/lib/python3.7/site-packages/airflow/example_dags/example_trigger_controller_dag.py
[2023-02-19T16:56:04.850+0000] {processor.py:753} INFO - DAG(s) dict_keys(['example_trigger_controller_dag']) retrieved from /home/airflow/.local/lib/python3.7/site-packages/airflow/example_dags/example_trigger_controller_dag.py
[2023-02-19T16:56:04.904+0000] {logging_mixin.py:137} INFO - [2023-02-19T16:56:04.904+0000] {dag.py:2676} INFO - Sync 1 DAGs
[2023-02-19T16:56:04.935+0000] {logging_mixin.py:137} INFO - [2023-02-19T16:56:04.935+0000] {dag.py:3427} INFO - Setting next_dagrun for example_trigger_controller_dag to 2021-01-01T00:00:00+00:00, run_after=2021-01-01T00:00:00+00:00
[2023-02-19T16:56:04.955+0000] {processor.py:175} INFO - Processing /home/airflow/.local/lib/python3.7/site-packages/airflow/example_dags/example_trigger_controller_dag.py took 0.133 seconds
[2023-02-19T16:56:35.930+0000] {processor.py:153} INFO - Started process (PID=730) to work on /home/airflow/.local/lib/python3.7/site-packages/airflow/example_dags/example_trigger_controller_dag.py
[2023-02-19T16:56:35.933+0000] {processor.py:743} INFO - Processing file /home/airflow/.local/lib/python3.7/site-packages/airflow/example_dags/example_trigger_controller_dag.py for tasks to queue
[2023-02-19T16:56:35.934+0000] {logging_mixin.py:137} INFO - [2023-02-19T16:56:35.934+0000] {dagbag.py:538} INFO - Filling up the DagBag from /home/airflow/.local/lib/python3.7/site-packages/airflow/example_dags/example_trigger_controller_dag.py
[2023-02-19T16:56:35.948+0000] {processor.py:753} INFO - DAG(s) dict_keys(['example_trigger_controller_dag']) retrieved from /home/airflow/.local/lib/python3.7/site-packages/airflow/example_dags/example_trigger_controller_dag.py
[2023-02-19T16:56:35.994+0000] {logging_mixin.py:137} INFO - [2023-02-19T16:56:35.994+0000] {dag.py:2676} INFO - Sync 1 DAGs
[2023-02-19T16:56:36.023+0000] {logging_mixin.py:137} INFO - [2023-02-19T16:56:36.023+0000] {dag.py:3427} INFO - Setting next_dagrun for example_trigger_controller_dag to 2021-01-01T00:00:00+00:00, run_after=2021-01-01T00:00:00+00:00
[2023-02-19T16:56:36.045+0000] {processor.py:175} INFO - Processing /home/airflow/.local/lib/python3.7/site-packages/airflow/example_dags/example_trigger_controller_dag.py took 0.119 seconds
[2023-02-19T16:57:07.211+0000] {processor.py:153} INFO - Started process (PID=812) to work on /home/airflow/.local/lib/python3.7/site-packages/airflow/example_dags/example_trigger_controller_dag.py
[2023-02-19T16:57:07.213+0000] {processor.py:743} INFO - Processing file /home/airflow/.local/lib/python3.7/site-packages/airflow/example_dags/example_trigger_controller_dag.py for tasks to queue
[2023-02-19T16:57:07.215+0000] {logging_mixin.py:137} INFO - [2023-02-19T16:57:07.215+0000] {dagbag.py:538} INFO - Filling up the DagBag from /home/airflow/.local/lib/python3.7/site-packages/airflow/example_dags/example_trigger_controller_dag.py
[2023-02-19T16:57:07.230+0000] {processor.py:753} INFO - DAG(s) dict_keys(['example_trigger_controller_dag']) retrieved from /home/airflow/.local/lib/python3.7/site-packages/airflow/example_dags/example_trigger_controller_dag.py
[2023-02-19T16:57:07.274+0000] {logging_mixin.py:137} INFO - [2023-02-19T16:57:07.274+0000] {dag.py:2676} INFO - Sync 1 DAGs
[2023-02-19T16:57:07.303+0000] {logging_mixin.py:137} INFO - [2023-02-19T16:57:07.303+0000] {dag.py:3427} INFO - Setting next_dagrun for example_trigger_controller_dag to 2021-01-01T00:00:00+00:00, run_after=2021-01-01T00:00:00+00:00
[2023-02-19T16:57:07.324+0000] {processor.py:175} INFO - Processing /home/airflow/.local/lib/python3.7/site-packages/airflow/example_dags/example_trigger_controller_dag.py took 0.117 seconds
[2023-02-19T16:57:38.850+0000] {processor.py:153} INFO - Started process (PID=910) to work on /home/airflow/.local/lib/python3.7/site-packages/airflow/example_dags/example_trigger_controller_dag.py
[2023-02-19T16:57:38.852+0000] {processor.py:743} INFO - Processing file /home/airflow/.local/lib/python3.7/site-packages/airflow/example_dags/example_trigger_controller_dag.py for tasks to queue
[2023-02-19T16:57:38.854+0000] {logging_mixin.py:137} INFO - [2023-02-19T16:57:38.854+0000] {dagbag.py:538} INFO - Filling up the DagBag from /home/airflow/.local/lib/python3.7/site-packages/airflow/example_dags/example_trigger_controller_dag.py
[2023-02-19T16:57:38.870+0000] {processor.py:753} INFO - DAG(s) dict_keys(['example_trigger_controller_dag']) retrieved from /home/airflow/.local/lib/python3.7/site-packages/airflow/example_dags/example_trigger_controller_dag.py
[2023-02-19T16:57:38.913+0000] {logging_mixin.py:137} INFO - [2023-02-19T16:57:38.912+0000] {dag.py:2676} INFO - Sync 1 DAGs
[2023-02-19T16:57:38.940+0000] {logging_mixin.py:137} INFO - [2023-02-19T16:57:38.940+0000] {dag.py:3427} INFO - Setting next_dagrun for example_trigger_controller_dag to 2021-01-01T00:00:00+00:00, run_after=2021-01-01T00:00:00+00:00
[2023-02-19T16:57:38.960+0000] {processor.py:175} INFO - Processing /home/airflow/.local/lib/python3.7/site-packages/airflow/example_dags/example_trigger_controller_dag.py took 0.115 seconds
[2023-02-19T16:58:10.121+0000] {processor.py:153} INFO - Started process (PID=1001) to work on /home/airflow/.local/lib/python3.7/site-packages/airflow/example_dags/example_trigger_controller_dag.py
[2023-02-19T16:58:10.124+0000] {processor.py:743} INFO - Processing file /home/airflow/.local/lib/python3.7/site-packages/airflow/example_dags/example_trigger_controller_dag.py for tasks to queue
[2023-02-19T16:58:10.126+0000] {logging_mixin.py:137} INFO - [2023-02-19T16:58:10.126+0000] {dagbag.py:538} INFO - Filling up the DagBag from /home/airflow/.local/lib/python3.7/site-packages/airflow/example_dags/example_trigger_controller_dag.py
[2023-02-19T16:58:10.145+0000] {processor.py:753} INFO - DAG(s) dict_keys(['example_trigger_controller_dag']) retrieved from /home/airflow/.local/lib/python3.7/site-packages/airflow/example_dags/example_trigger_controller_dag.py
[2023-02-19T16:58:10.196+0000] {logging_mixin.py:137} INFO - [2023-02-19T16:58:10.196+0000] {dag.py:2676} INFO - Sync 1 DAGs
[2023-02-19T16:58:10.226+0000] {logging_mixin.py:137} INFO - [2023-02-19T16:58:10.226+0000] {dag.py:3427} INFO - Setting next_dagrun for example_trigger_controller_dag to 2021-01-01T00:00:00+00:00, run_after=2021-01-01T00:00:00+00:00
[2023-02-19T16:58:10.247+0000] {processor.py:175} INFO - Processing /home/airflow/.local/lib/python3.7/site-packages/airflow/example_dags/example_trigger_controller_dag.py took 0.134 seconds
[2023-02-19T16:58:41.541+0000] {processor.py:153} INFO - Started process (PID=1090) to work on /home/airflow/.local/lib/python3.7/site-packages/airflow/example_dags/example_trigger_controller_dag.py
[2023-02-19T16:58:41.544+0000] {processor.py:743} INFO - Processing file /home/airflow/.local/lib/python3.7/site-packages/airflow/example_dags/example_trigger_controller_dag.py for tasks to queue
[2023-02-19T16:58:41.545+0000] {logging_mixin.py:137} INFO - [2023-02-19T16:58:41.545+0000] {dagbag.py:538} INFO - Filling up the DagBag from /home/airflow/.local/lib/python3.7/site-packages/airflow/example_dags/example_trigger_controller_dag.py
[2023-02-19T16:58:41.562+0000] {processor.py:753} INFO - DAG(s) dict_keys(['example_trigger_controller_dag']) retrieved from /home/airflow/.local/lib/python3.7/site-packages/airflow/example_dags/example_trigger_controller_dag.py
[2023-02-19T16:58:41.613+0000] {logging_mixin.py:137} INFO - [2023-02-19T16:58:41.613+0000] {dag.py:2676} INFO - Sync 1 DAGs
[2023-02-19T16:58:41.650+0000] {logging_mixin.py:137} INFO - [2023-02-19T16:58:41.650+0000] {dag.py:3427} INFO - Setting next_dagrun for example_trigger_controller_dag to 2021-01-01T00:00:00+00:00, run_after=2021-01-01T00:00:00+00:00
[2023-02-19T16:58:41.674+0000] {processor.py:175} INFO - Processing /home/airflow/.local/lib/python3.7/site-packages/airflow/example_dags/example_trigger_controller_dag.py took 0.137 seconds
[2023-02-19T16:59:13.182+0000] {processor.py:153} INFO - Started process (PID=1188) to work on /home/airflow/.local/lib/python3.7/site-packages/airflow/example_dags/example_trigger_controller_dag.py
[2023-02-19T16:59:13.184+0000] {processor.py:743} INFO - Processing file /home/airflow/.local/lib/python3.7/site-packages/airflow/example_dags/example_trigger_controller_dag.py for tasks to queue
[2023-02-19T16:59:13.185+0000] {logging_mixin.py:137} INFO - [2023-02-19T16:59:13.185+0000] {dagbag.py:538} INFO - Filling up the DagBag from /home/airflow/.local/lib/python3.7/site-packages/airflow/example_dags/example_trigger_controller_dag.py
[2023-02-19T16:59:13.208+0000] {processor.py:753} INFO - DAG(s) dict_keys(['example_trigger_controller_dag']) retrieved from /home/airflow/.local/lib/python3.7/site-packages/airflow/example_dags/example_trigger_controller_dag.py
[2023-02-19T16:59:13.281+0000] {logging_mixin.py:137} INFO - [2023-02-19T16:59:13.281+0000] {dag.py:2676} INFO - Sync 1 DAGs
[2023-02-19T16:59:13.318+0000] {logging_mixin.py:137} INFO - [2023-02-19T16:59:13.317+0000] {dag.py:3427} INFO - Setting next_dagrun for example_trigger_controller_dag to 2021-01-01T00:00:00+00:00, run_after=2021-01-01T00:00:00+00:00
[2023-02-19T16:59:13.346+0000] {processor.py:175} INFO - Processing /home/airflow/.local/lib/python3.7/site-packages/airflow/example_dags/example_trigger_controller_dag.py took 0.170 seconds
[2023-02-19T16:59:43.846+0000] {processor.py:153} INFO - Started process (PID=1270) to work on /home/airflow/.local/lib/python3.7/site-packages/airflow/example_dags/example_trigger_controller_dag.py
[2023-02-19T16:59:43.849+0000] {processor.py:743} INFO - Processing file /home/airflow/.local/lib/python3.7/site-packages/airflow/example_dags/example_trigger_controller_dag.py for tasks to queue
[2023-02-19T16:59:43.851+0000] {logging_mixin.py:137} INFO - [2023-02-19T16:59:43.850+0000] {dagbag.py:538} INFO - Filling up the DagBag from /home/airflow/.local/lib/python3.7/site-packages/airflow/example_dags/example_trigger_controller_dag.py
[2023-02-19T16:59:43.867+0000] {processor.py:753} INFO - DAG(s) dict_keys(['example_trigger_controller_dag']) retrieved from /home/airflow/.local/lib/python3.7/site-packages/airflow/example_dags/example_trigger_controller_dag.py
[2023-02-19T16:59:43.913+0000] {logging_mixin.py:137} INFO - [2023-02-19T16:59:43.913+0000] {dag.py:2676} INFO - Sync 1 DAGs
[2023-02-19T16:59:43.948+0000] {logging_mixin.py:137} INFO - [2023-02-19T16:59:43.948+0000] {dag.py:3427} INFO - Setting next_dagrun for example_trigger_controller_dag to 2021-01-01T00:00:00+00:00, run_after=2021-01-01T00:00:00+00:00
[2023-02-19T16:59:43.971+0000] {processor.py:175} INFO - Processing /home/airflow/.local/lib/python3.7/site-packages/airflow/example_dags/example_trigger_controller_dag.py took 0.130 seconds
[2023-02-19T17:00:16.063+0000] {processor.py:153} INFO - Started process (PID=1369) to work on /home/airflow/.local/lib/python3.7/site-packages/airflow/example_dags/example_trigger_controller_dag.py
[2023-02-19T17:00:16.066+0000] {processor.py:743} INFO - Processing file /home/airflow/.local/lib/python3.7/site-packages/airflow/example_dags/example_trigger_controller_dag.py for tasks to queue
[2023-02-19T17:00:16.068+0000] {logging_mixin.py:137} INFO - [2023-02-19T17:00:16.068+0000] {dagbag.py:538} INFO - Filling up the DagBag from /home/airflow/.local/lib/python3.7/site-packages/airflow/example_dags/example_trigger_controller_dag.py
[2023-02-19T17:00:16.087+0000] {processor.py:753} INFO - DAG(s) dict_keys(['example_trigger_controller_dag']) retrieved from /home/airflow/.local/lib/python3.7/site-packages/airflow/example_dags/example_trigger_controller_dag.py
[2023-02-19T17:00:16.140+0000] {logging_mixin.py:137} INFO - [2023-02-19T17:00:16.140+0000] {dag.py:2676} INFO - Sync 1 DAGs
[2023-02-19T17:00:16.178+0000] {logging_mixin.py:137} INFO - [2023-02-19T17:00:16.178+0000] {dag.py:3427} INFO - Setting next_dagrun for example_trigger_controller_dag to 2021-01-01T00:00:00+00:00, run_after=2021-01-01T00:00:00+00:00
[2023-02-19T17:00:16.204+0000] {processor.py:175} INFO - Processing /home/airflow/.local/lib/python3.7/site-packages/airflow/example_dags/example_trigger_controller_dag.py took 0.147 seconds
[2023-02-19T17:00:47.298+0000] {processor.py:153} INFO - Started process (PID=1451) to work on /home/airflow/.local/lib/python3.7/site-packages/airflow/example_dags/example_trigger_controller_dag.py
[2023-02-19T17:00:47.300+0000] {processor.py:743} INFO - Processing file /home/airflow/.local/lib/python3.7/site-packages/airflow/example_dags/example_trigger_controller_dag.py for tasks to queue
[2023-02-19T17:00:47.302+0000] {logging_mixin.py:137} INFO - [2023-02-19T17:00:47.301+0000] {dagbag.py:538} INFO - Filling up the DagBag from /home/airflow/.local/lib/python3.7/site-packages/airflow/example_dags/example_trigger_controller_dag.py
[2023-02-19T17:00:47.315+0000] {processor.py:753} INFO - DAG(s) dict_keys(['example_trigger_controller_dag']) retrieved from /home/airflow/.local/lib/python3.7/site-packages/airflow/example_dags/example_trigger_controller_dag.py
[2023-02-19T17:00:47.357+0000] {logging_mixin.py:137} INFO - [2023-02-19T17:00:47.357+0000] {dag.py:2676} INFO - Sync 1 DAGs
[2023-02-19T17:00:47.386+0000] {logging_mixin.py:137} INFO - [2023-02-19T17:00:47.386+0000] {dag.py:3427} INFO - Setting next_dagrun for example_trigger_controller_dag to 2021-01-01T00:00:00+00:00, run_after=2021-01-01T00:00:00+00:00
[2023-02-19T17:00:47.412+0000] {processor.py:175} INFO - Processing /home/airflow/.local/lib/python3.7/site-packages/airflow/example_dags/example_trigger_controller_dag.py took 0.119 seconds
[2023-02-19T17:01:18.814+0000] {processor.py:153} INFO - Started process (PID=1549) to work on /home/airflow/.local/lib/python3.7/site-packages/airflow/example_dags/example_trigger_controller_dag.py
[2023-02-19T17:01:18.817+0000] {processor.py:743} INFO - Processing file /home/airflow/.local/lib/python3.7/site-packages/airflow/example_dags/example_trigger_controller_dag.py for tasks to queue
[2023-02-19T17:01:18.819+0000] {logging_mixin.py:137} INFO - [2023-02-19T17:01:18.819+0000] {dagbag.py:538} INFO - Filling up the DagBag from /home/airflow/.local/lib/python3.7/site-packages/airflow/example_dags/example_trigger_controller_dag.py
[2023-02-19T17:01:18.838+0000] {processor.py:753} INFO - DAG(s) dict_keys(['example_trigger_controller_dag']) retrieved from /home/airflow/.local/lib/python3.7/site-packages/airflow/example_dags/example_trigger_controller_dag.py
[2023-02-19T17:01:18.893+0000] {logging_mixin.py:137} INFO - [2023-02-19T17:01:18.893+0000] {dag.py:2676} INFO - Sync 1 DAGs
[2023-02-19T17:01:18.927+0000] {logging_mixin.py:137} INFO - [2023-02-19T17:01:18.927+0000] {dag.py:3427} INFO - Setting next_dagrun for example_trigger_controller_dag to 2021-01-01T00:00:00+00:00, run_after=2021-01-01T00:00:00+00:00
[2023-02-19T17:01:18.950+0000] {processor.py:175} INFO - Processing /home/airflow/.local/lib/python3.7/site-packages/airflow/example_dags/example_trigger_controller_dag.py took 0.140 seconds
[2023-02-19T17:01:49.605+0000] {processor.py:153} INFO - Started process (PID=1631) to work on /home/airflow/.local/lib/python3.7/site-packages/airflow/example_dags/example_trigger_controller_dag.py
[2023-02-19T17:01:49.608+0000] {processor.py:743} INFO - Processing file /home/airflow/.local/lib/python3.7/site-packages/airflow/example_dags/example_trigger_controller_dag.py for tasks to queue
[2023-02-19T17:01:49.610+0000] {logging_mixin.py:137} INFO - [2023-02-19T17:01:49.610+0000] {dagbag.py:538} INFO - Filling up the DagBag from /home/airflow/.local/lib/python3.7/site-packages/airflow/example_dags/example_trigger_controller_dag.py
[2023-02-19T17:01:49.628+0000] {processor.py:753} INFO - DAG(s) dict_keys(['example_trigger_controller_dag']) retrieved from /home/airflow/.local/lib/python3.7/site-packages/airflow/example_dags/example_trigger_controller_dag.py
[2023-02-19T17:01:49.684+0000] {logging_mixin.py:137} INFO - [2023-02-19T17:01:49.684+0000] {dag.py:2676} INFO - Sync 1 DAGs
[2023-02-19T17:01:49.718+0000] {logging_mixin.py:137} INFO - [2023-02-19T17:01:49.718+0000] {dag.py:3427} INFO - Setting next_dagrun for example_trigger_controller_dag to 2021-01-01T00:00:00+00:00, run_after=2021-01-01T00:00:00+00:00
[2023-02-19T17:01:49.741+0000] {processor.py:175} INFO - Processing /home/airflow/.local/lib/python3.7/site-packages/airflow/example_dags/example_trigger_controller_dag.py took 0.141 seconds
[2023-02-19T17:02:21.069+0000] {processor.py:153} INFO - Started process (PID=1729) to work on /home/airflow/.local/lib/python3.7/site-packages/airflow/example_dags/example_trigger_controller_dag.py
[2023-02-19T17:02:21.071+0000] {processor.py:743} INFO - Processing file /home/airflow/.local/lib/python3.7/site-packages/airflow/example_dags/example_trigger_controller_dag.py for tasks to queue
[2023-02-19T17:02:21.073+0000] {logging_mixin.py:137} INFO - [2023-02-19T17:02:21.073+0000] {dagbag.py:538} INFO - Filling up the DagBag from /home/airflow/.local/lib/python3.7/site-packages/airflow/example_dags/example_trigger_controller_dag.py
[2023-02-19T17:02:21.088+0000] {processor.py:753} INFO - DAG(s) dict_keys(['example_trigger_controller_dag']) retrieved from /home/airflow/.local/lib/python3.7/site-packages/airflow/example_dags/example_trigger_controller_dag.py
[2023-02-19T17:02:21.144+0000] {logging_mixin.py:137} INFO - [2023-02-19T17:02:21.144+0000] {dag.py:2676} INFO - Sync 1 DAGs
[2023-02-19T17:02:21.171+0000] {logging_mixin.py:137} INFO - [2023-02-19T17:02:21.171+0000] {dag.py:3427} INFO - Setting next_dagrun for example_trigger_controller_dag to 2021-01-01T00:00:00+00:00, run_after=2021-01-01T00:00:00+00:00
[2023-02-19T17:02:21.193+0000] {processor.py:175} INFO - Processing /home/airflow/.local/lib/python3.7/site-packages/airflow/example_dags/example_trigger_controller_dag.py took 0.128 seconds
[2023-02-19T17:02:52.388+0000] {processor.py:153} INFO - Started process (PID=1811) to work on /home/airflow/.local/lib/python3.7/site-packages/airflow/example_dags/example_trigger_controller_dag.py
[2023-02-19T17:02:52.391+0000] {processor.py:743} INFO - Processing file /home/airflow/.local/lib/python3.7/site-packages/airflow/example_dags/example_trigger_controller_dag.py for tasks to queue
[2023-02-19T17:02:52.394+0000] {logging_mixin.py:137} INFO - [2023-02-19T17:02:52.393+0000] {dagbag.py:538} INFO - Filling up the DagBag from /home/airflow/.local/lib/python3.7/site-packages/airflow/example_dags/example_trigger_controller_dag.py
[2023-02-19T17:02:52.413+0000] {processor.py:753} INFO - DAG(s) dict_keys(['example_trigger_controller_dag']) retrieved from /home/airflow/.local/lib/python3.7/site-packages/airflow/example_dags/example_trigger_controller_dag.py
[2023-02-19T17:02:52.474+0000] {logging_mixin.py:137} INFO - [2023-02-19T17:02:52.474+0000] {dag.py:2676} INFO - Sync 1 DAGs
[2023-02-19T17:02:52.511+0000] {logging_mixin.py:137} INFO - [2023-02-19T17:02:52.510+0000] {dag.py:3427} INFO - Setting next_dagrun for example_trigger_controller_dag to 2021-01-01T00:00:00+00:00, run_after=2021-01-01T00:00:00+00:00
[2023-02-19T17:02:52.539+0000] {processor.py:175} INFO - Processing /home/airflow/.local/lib/python3.7/site-packages/airflow/example_dags/example_trigger_controller_dag.py took 0.157 seconds
[2023-02-19T17:03:23.858+0000] {processor.py:153} INFO - Started process (PID=1909) to work on /home/airflow/.local/lib/python3.7/site-packages/airflow/example_dags/example_trigger_controller_dag.py
[2023-02-19T17:03:23.860+0000] {processor.py:743} INFO - Processing file /home/airflow/.local/lib/python3.7/site-packages/airflow/example_dags/example_trigger_controller_dag.py for tasks to queue
[2023-02-19T17:03:23.862+0000] {logging_mixin.py:137} INFO - [2023-02-19T17:03:23.862+0000] {dagbag.py:538} INFO - Filling up the DagBag from /home/airflow/.local/lib/python3.7/site-packages/airflow/example_dags/example_trigger_controller_dag.py
[2023-02-19T17:03:23.876+0000] {processor.py:753} INFO - DAG(s) dict_keys(['example_trigger_controller_dag']) retrieved from /home/airflow/.local/lib/python3.7/site-packages/airflow/example_dags/example_trigger_controller_dag.py
[2023-02-19T17:03:23.920+0000] {logging_mixin.py:137} INFO - [2023-02-19T17:03:23.920+0000] {dag.py:2676} INFO - Sync 1 DAGs
[2023-02-19T17:03:23.948+0000] {logging_mixin.py:137} INFO - [2023-02-19T17:03:23.948+0000] {dag.py:3427} INFO - Setting next_dagrun for example_trigger_controller_dag to 2021-01-01T00:00:00+00:00, run_after=2021-01-01T00:00:00+00:00
[2023-02-19T17:03:23.969+0000] {processor.py:175} INFO - Processing /home/airflow/.local/lib/python3.7/site-packages/airflow/example_dags/example_trigger_controller_dag.py took 0.115 seconds
[2023-02-19T17:03:55.037+0000] {processor.py:153} INFO - Started process (PID=1991) to work on /home/airflow/.local/lib/python3.7/site-packages/airflow/example_dags/example_trigger_controller_dag.py
[2023-02-19T17:03:55.039+0000] {processor.py:743} INFO - Processing file /home/airflow/.local/lib/python3.7/site-packages/airflow/example_dags/example_trigger_controller_dag.py for tasks to queue
[2023-02-19T17:03:55.041+0000] {logging_mixin.py:137} INFO - [2023-02-19T17:03:55.041+0000] {dagbag.py:538} INFO - Filling up the DagBag from /home/airflow/.local/lib/python3.7/site-packages/airflow/example_dags/example_trigger_controller_dag.py
[2023-02-19T17:03:55.055+0000] {processor.py:753} INFO - DAG(s) dict_keys(['example_trigger_controller_dag']) retrieved from /home/airflow/.local/lib/python3.7/site-packages/airflow/example_dags/example_trigger_controller_dag.py
[2023-02-19T17:03:55.097+0000] {logging_mixin.py:137} INFO - [2023-02-19T17:03:55.097+0000] {dag.py:2676} INFO - Sync 1 DAGs
[2023-02-19T17:03:55.127+0000] {logging_mixin.py:137} INFO - [2023-02-19T17:03:55.126+0000] {dag.py:3427} INFO - Setting next_dagrun for example_trigger_controller_dag to 2021-01-01T00:00:00+00:00, run_after=2021-01-01T00:00:00+00:00
[2023-02-19T17:03:55.148+0000] {processor.py:175} INFO - Processing /home/airflow/.local/lib/python3.7/site-packages/airflow/example_dags/example_trigger_controller_dag.py took 0.115 seconds
[2023-02-19T17:04:26.649+0000] {processor.py:153} INFO - Started process (PID=2089) to work on /home/airflow/.local/lib/python3.7/site-packages/airflow/example_dags/example_trigger_controller_dag.py
[2023-02-19T17:04:26.652+0000] {processor.py:743} INFO - Processing file /home/airflow/.local/lib/python3.7/site-packages/airflow/example_dags/example_trigger_controller_dag.py for tasks to queue
[2023-02-19T17:04:26.654+0000] {logging_mixin.py:137} INFO - [2023-02-19T17:04:26.654+0000] {dagbag.py:538} INFO - Filling up the DagBag from /home/airflow/.local/lib/python3.7/site-packages/airflow/example_dags/example_trigger_controller_dag.py
[2023-02-19T17:04:26.673+0000] {processor.py:753} INFO - DAG(s) dict_keys(['example_trigger_controller_dag']) retrieved from /home/airflow/.local/lib/python3.7/site-packages/airflow/example_dags/example_trigger_controller_dag.py
[2023-02-19T17:04:26.725+0000] {logging_mixin.py:137} INFO - [2023-02-19T17:04:26.725+0000] {dag.py:2676} INFO - Sync 1 DAGs
[2023-02-19T17:04:26.762+0000] {logging_mixin.py:137} INFO - [2023-02-19T17:04:26.762+0000] {dag.py:3427} INFO - Setting next_dagrun for example_trigger_controller_dag to 2021-01-01T00:00:00+00:00, run_after=2021-01-01T00:00:00+00:00
[2023-02-19T17:04:26.790+0000] {processor.py:175} INFO - Processing /home/airflow/.local/lib/python3.7/site-packages/airflow/example_dags/example_trigger_controller_dag.py took 0.147 seconds
[2023-02-19T17:04:57.334+0000] {processor.py:153} INFO - Started process (PID=2173) to work on /home/airflow/.local/lib/python3.7/site-packages/airflow/example_dags/example_trigger_controller_dag.py
[2023-02-19T17:04:57.336+0000] {processor.py:743} INFO - Processing file /home/airflow/.local/lib/python3.7/site-packages/airflow/example_dags/example_trigger_controller_dag.py for tasks to queue
[2023-02-19T17:04:57.338+0000] {logging_mixin.py:137} INFO - [2023-02-19T17:04:57.338+0000] {dagbag.py:538} INFO - Filling up the DagBag from /home/airflow/.local/lib/python3.7/site-packages/airflow/example_dags/example_trigger_controller_dag.py
[2023-02-19T17:04:57.353+0000] {processor.py:753} INFO - DAG(s) dict_keys(['example_trigger_controller_dag']) retrieved from /home/airflow/.local/lib/python3.7/site-packages/airflow/example_dags/example_trigger_controller_dag.py
[2023-02-19T17:04:57.396+0000] {logging_mixin.py:137} INFO - [2023-02-19T17:04:57.396+0000] {dag.py:2676} INFO - Sync 1 DAGs
[2023-02-19T17:04:57.426+0000] {logging_mixin.py:137} INFO - [2023-02-19T17:04:57.426+0000] {dag.py:3427} INFO - Setting next_dagrun for example_trigger_controller_dag to 2021-01-01T00:00:00+00:00, run_after=2021-01-01T00:00:00+00:00
[2023-02-19T17:04:57.447+0000] {processor.py:175} INFO - Processing /home/airflow/.local/lib/python3.7/site-packages/airflow/example_dags/example_trigger_controller_dag.py took 0.118 seconds
[2023-02-19T17:05:28.321+0000] {processor.py:153} INFO - Started process (PID=2269) to work on /home/airflow/.local/lib/python3.7/site-packages/airflow/example_dags/example_trigger_controller_dag.py
[2023-02-19T17:05:28.324+0000] {processor.py:743} INFO - Processing file /home/airflow/.local/lib/python3.7/site-packages/airflow/example_dags/example_trigger_controller_dag.py for tasks to queue
[2023-02-19T17:05:28.326+0000] {logging_mixin.py:137} INFO - [2023-02-19T17:05:28.326+0000] {dagbag.py:538} INFO - Filling up the DagBag from /home/airflow/.local/lib/python3.7/site-packages/airflow/example_dags/example_trigger_controller_dag.py
[2023-02-19T17:05:28.344+0000] {processor.py:753} INFO - DAG(s) dict_keys(['example_trigger_controller_dag']) retrieved from /home/airflow/.local/lib/python3.7/site-packages/airflow/example_dags/example_trigger_controller_dag.py
[2023-02-19T17:05:28.393+0000] {logging_mixin.py:137} INFO - [2023-02-19T17:05:28.393+0000] {dag.py:2676} INFO - Sync 1 DAGs
[2023-02-19T17:05:28.422+0000] {logging_mixin.py:137} INFO - [2023-02-19T17:05:28.421+0000] {dag.py:3427} INFO - Setting next_dagrun for example_trigger_controller_dag to 2021-01-01T00:00:00+00:00, run_after=2021-01-01T00:00:00+00:00
[2023-02-19T17:05:28.442+0000] {processor.py:175} INFO - Processing /home/airflow/.local/lib/python3.7/site-packages/airflow/example_dags/example_trigger_controller_dag.py took 0.127 seconds
[2023-02-19T17:05:59.868+0000] {processor.py:153} INFO - Started process (PID=2351) to work on /home/airflow/.local/lib/python3.7/site-packages/airflow/example_dags/example_trigger_controller_dag.py
[2023-02-19T17:05:59.871+0000] {processor.py:743} INFO - Processing file /home/airflow/.local/lib/python3.7/site-packages/airflow/example_dags/example_trigger_controller_dag.py for tasks to queue
[2023-02-19T17:05:59.874+0000] {logging_mixin.py:137} INFO - [2023-02-19T17:05:59.874+0000] {dagbag.py:538} INFO - Filling up the DagBag from /home/airflow/.local/lib/python3.7/site-packages/airflow/example_dags/example_trigger_controller_dag.py
[2023-02-19T17:05:59.892+0000] {processor.py:753} INFO - DAG(s) dict_keys(['example_trigger_controller_dag']) retrieved from /home/airflow/.local/lib/python3.7/site-packages/airflow/example_dags/example_trigger_controller_dag.py
[2023-02-19T17:05:59.945+0000] {logging_mixin.py:137} INFO - [2023-02-19T17:05:59.945+0000] {dag.py:2676} INFO - Sync 1 DAGs
[2023-02-19T17:05:59.973+0000] {logging_mixin.py:137} INFO - [2023-02-19T17:05:59.973+0000] {dag.py:3427} INFO - Setting next_dagrun for example_trigger_controller_dag to 2021-01-01T00:00:00+00:00, run_after=2021-01-01T00:00:00+00:00
[2023-02-19T17:05:59.994+0000] {processor.py:175} INFO - Processing /home/airflow/.local/lib/python3.7/site-packages/airflow/example_dags/example_trigger_controller_dag.py took 0.132 seconds
[2023-02-19T17:06:30.764+0000] {processor.py:153} INFO - Started process (PID=2450) to work on /home/airflow/.local/lib/python3.7/site-packages/airflow/example_dags/example_trigger_controller_dag.py
[2023-02-19T17:06:30.766+0000] {processor.py:743} INFO - Processing file /home/airflow/.local/lib/python3.7/site-packages/airflow/example_dags/example_trigger_controller_dag.py for tasks to queue
[2023-02-19T17:06:30.768+0000] {logging_mixin.py:137} INFO - [2023-02-19T17:06:30.768+0000] {dagbag.py:538} INFO - Filling up the DagBag from /home/airflow/.local/lib/python3.7/site-packages/airflow/example_dags/example_trigger_controller_dag.py
[2023-02-19T17:06:30.785+0000] {processor.py:753} INFO - DAG(s) dict_keys(['example_trigger_controller_dag']) retrieved from /home/airflow/.local/lib/python3.7/site-packages/airflow/example_dags/example_trigger_controller_dag.py
[2023-02-19T17:06:30.830+0000] {logging_mixin.py:137} INFO - [2023-02-19T17:06:30.830+0000] {dag.py:2676} INFO - Sync 1 DAGs
[2023-02-19T17:06:30.860+0000] {logging_mixin.py:137} INFO - [2023-02-19T17:06:30.860+0000] {dag.py:3427} INFO - Setting next_dagrun for example_trigger_controller_dag to 2021-01-01T00:00:00+00:00, run_after=2021-01-01T00:00:00+00:00
[2023-02-19T17:06:30.887+0000] {processor.py:175} INFO - Processing /home/airflow/.local/lib/python3.7/site-packages/airflow/example_dags/example_trigger_controller_dag.py took 0.128 seconds
