[2023-02-19T16:52:55.539+0000] {processor.py:153} INFO - Started process (PID=76) to work on /home/airflow/.local/lib/python3.7/site-packages/airflow/example_dags/example_skip_dag.py
[2023-02-19T16:52:55.541+0000] {processor.py:743} INFO - Processing file /home/airflow/.local/lib/python3.7/site-packages/airflow/example_dags/example_skip_dag.py for tasks to queue
[2023-02-19T16:52:55.544+0000] {logging_mixin.py:137} INFO - [2023-02-19T16:52:55.544+0000] {dagbag.py:538} INFO - Filling up the DagBag from /home/airflow/.local/lib/python3.7/site-packages/airflow/example_dags/example_skip_dag.py
[2023-02-19T16:52:55.573+0000] {processor.py:753} INFO - DAG(s) dict_keys(['example_skip_dag']) retrieved from /home/airflow/.local/lib/python3.7/site-packages/airflow/example_dags/example_skip_dag.py
[2023-02-19T16:52:55.631+0000] {logging_mixin.py:137} INFO - [2023-02-19T16:52:55.631+0000] {dag.py:2676} INFO - Sync 1 DAGs
[2023-02-19T16:52:55.664+0000] {logging_mixin.py:137} INFO - [2023-02-19T16:52:55.663+0000] {dag.py:3427} INFO - Setting next_dagrun for example_skip_dag to 2023-02-18T16:52:55.663648+00:00, run_after=2023-02-19T16:52:55.663648+00:00
[2023-02-19T16:52:55.685+0000] {processor.py:175} INFO - Processing /home/airflow/.local/lib/python3.7/site-packages/airflow/example_dags/example_skip_dag.py took 0.151 seconds
[2023-02-19T16:53:26.487+0000] {processor.py:153} INFO - Started process (PID=174) to work on /home/airflow/.local/lib/python3.7/site-packages/airflow/example_dags/example_skip_dag.py
[2023-02-19T16:53:26.493+0000] {processor.py:743} INFO - Processing file /home/airflow/.local/lib/python3.7/site-packages/airflow/example_dags/example_skip_dag.py for tasks to queue
[2023-02-19T16:53:26.496+0000] {logging_mixin.py:137} INFO - [2023-02-19T16:53:26.496+0000] {dagbag.py:538} INFO - Filling up the DagBag from /home/airflow/.local/lib/python3.7/site-packages/airflow/example_dags/example_skip_dag.py
[2023-02-19T16:53:26.555+0000] {processor.py:753} INFO - DAG(s) dict_keys(['example_skip_dag']) retrieved from /home/airflow/.local/lib/python3.7/site-packages/airflow/example_dags/example_skip_dag.py
[2023-02-19T16:53:26.603+0000] {logging_mixin.py:137} INFO - [2023-02-19T16:53:26.603+0000] {dag.py:2676} INFO - Sync 1 DAGs
[2023-02-19T16:53:26.638+0000] {logging_mixin.py:137} INFO - [2023-02-19T16:53:26.637+0000] {dag.py:3427} INFO - Setting next_dagrun for example_skip_dag to 2023-02-18T16:53:26.637574+00:00, run_after=2023-02-19T16:53:26.637574+00:00
[2023-02-19T16:53:26.664+0000] {processor.py:175} INFO - Processing /home/airflow/.local/lib/python3.7/site-packages/airflow/example_dags/example_skip_dag.py took 0.185 seconds
[2023-02-19T16:53:57.408+0000] {processor.py:153} INFO - Started process (PID=256) to work on /home/airflow/.local/lib/python3.7/site-packages/airflow/example_dags/example_skip_dag.py
[2023-02-19T16:53:57.410+0000] {processor.py:743} INFO - Processing file /home/airflow/.local/lib/python3.7/site-packages/airflow/example_dags/example_skip_dag.py for tasks to queue
[2023-02-19T16:53:57.412+0000] {logging_mixin.py:137} INFO - [2023-02-19T16:53:57.412+0000] {dagbag.py:538} INFO - Filling up the DagBag from /home/airflow/.local/lib/python3.7/site-packages/airflow/example_dags/example_skip_dag.py
[2023-02-19T16:53:57.431+0000] {processor.py:753} INFO - DAG(s) dict_keys(['example_skip_dag']) retrieved from /home/airflow/.local/lib/python3.7/site-packages/airflow/example_dags/example_skip_dag.py
[2023-02-19T16:53:57.475+0000] {logging_mixin.py:137} INFO - [2023-02-19T16:53:57.475+0000] {dag.py:2676} INFO - Sync 1 DAGs
[2023-02-19T16:53:57.504+0000] {logging_mixin.py:137} INFO - [2023-02-19T16:53:57.504+0000] {dag.py:3427} INFO - Setting next_dagrun for example_skip_dag to 2023-02-18T16:53:57.504543+00:00, run_after=2023-02-19T16:53:57.504543+00:00
[2023-02-19T16:53:57.525+0000] {processor.py:175} INFO - Processing /home/airflow/.local/lib/python3.7/site-packages/airflow/example_dags/example_skip_dag.py took 0.122 seconds
[2023-02-19T16:54:29.253+0000] {processor.py:153} INFO - Started process (PID=347) to work on /home/airflow/.local/lib/python3.7/site-packages/airflow/example_dags/example_skip_dag.py
[2023-02-19T16:54:29.257+0000] {processor.py:743} INFO - Processing file /home/airflow/.local/lib/python3.7/site-packages/airflow/example_dags/example_skip_dag.py for tasks to queue
[2023-02-19T16:54:29.259+0000] {logging_mixin.py:137} INFO - [2023-02-19T16:54:29.259+0000] {dagbag.py:538} INFO - Filling up the DagBag from /home/airflow/.local/lib/python3.7/site-packages/airflow/example_dags/example_skip_dag.py
[2023-02-19T16:54:29.282+0000] {processor.py:753} INFO - DAG(s) dict_keys(['example_skip_dag']) retrieved from /home/airflow/.local/lib/python3.7/site-packages/airflow/example_dags/example_skip_dag.py
[2023-02-19T16:54:29.334+0000] {logging_mixin.py:137} INFO - [2023-02-19T16:54:29.334+0000] {dag.py:2676} INFO - Sync 1 DAGs
[2023-02-19T16:54:29.373+0000] {logging_mixin.py:137} INFO - [2023-02-19T16:54:29.373+0000] {dag.py:3427} INFO - Setting next_dagrun for example_skip_dag to 2023-02-18T16:54:29.372937+00:00, run_after=2023-02-19T16:54:29.372937+00:00
[2023-02-19T16:54:29.396+0000] {processor.py:175} INFO - Processing /home/airflow/.local/lib/python3.7/site-packages/airflow/example_dags/example_skip_dag.py took 0.149 seconds
[2023-02-19T16:55:00.243+0000] {processor.py:153} INFO - Started process (PID=436) to work on /home/airflow/.local/lib/python3.7/site-packages/airflow/example_dags/example_skip_dag.py
[2023-02-19T16:55:00.246+0000] {processor.py:743} INFO - Processing file /home/airflow/.local/lib/python3.7/site-packages/airflow/example_dags/example_skip_dag.py for tasks to queue
[2023-02-19T16:55:00.249+0000] {logging_mixin.py:137} INFO - [2023-02-19T16:55:00.249+0000] {dagbag.py:538} INFO - Filling up the DagBag from /home/airflow/.local/lib/python3.7/site-packages/airflow/example_dags/example_skip_dag.py
[2023-02-19T16:55:00.273+0000] {processor.py:753} INFO - DAG(s) dict_keys(['example_skip_dag']) retrieved from /home/airflow/.local/lib/python3.7/site-packages/airflow/example_dags/example_skip_dag.py
[2023-02-19T16:55:00.333+0000] {logging_mixin.py:137} INFO - [2023-02-19T16:55:00.333+0000] {dag.py:2676} INFO - Sync 1 DAGs
[2023-02-19T16:55:00.371+0000] {logging_mixin.py:137} INFO - [2023-02-19T16:55:00.371+0000] {dag.py:3427} INFO - Setting next_dagrun for example_skip_dag to 2023-02-18T16:55:00.371105+00:00, run_after=2023-02-19T16:55:00.371105+00:00
[2023-02-19T16:55:00.402+0000] {processor.py:175} INFO - Processing /home/airflow/.local/lib/python3.7/site-packages/airflow/example_dags/example_skip_dag.py took 0.165 seconds
[2023-02-19T16:55:31.815+0000] {processor.py:153} INFO - Started process (PID=534) to work on /home/airflow/.local/lib/python3.7/site-packages/airflow/example_dags/example_skip_dag.py
[2023-02-19T16:55:31.818+0000] {processor.py:743} INFO - Processing file /home/airflow/.local/lib/python3.7/site-packages/airflow/example_dags/example_skip_dag.py for tasks to queue
[2023-02-19T16:55:31.820+0000] {logging_mixin.py:137} INFO - [2023-02-19T16:55:31.819+0000] {dagbag.py:538} INFO - Filling up the DagBag from /home/airflow/.local/lib/python3.7/site-packages/airflow/example_dags/example_skip_dag.py
[2023-02-19T16:55:31.841+0000] {processor.py:753} INFO - DAG(s) dict_keys(['example_skip_dag']) retrieved from /home/airflow/.local/lib/python3.7/site-packages/airflow/example_dags/example_skip_dag.py
[2023-02-19T16:55:31.890+0000] {logging_mixin.py:137} INFO - [2023-02-19T16:55:31.890+0000] {dag.py:2676} INFO - Sync 1 DAGs
[2023-02-19T16:55:31.924+0000] {logging_mixin.py:137} INFO - [2023-02-19T16:55:31.923+0000] {dag.py:3427} INFO - Setting next_dagrun for example_skip_dag to 2023-02-18T16:55:31.923581+00:00, run_after=2023-02-19T16:55:31.923581+00:00
[2023-02-19T16:55:31.949+0000] {processor.py:175} INFO - Processing /home/airflow/.local/lib/python3.7/site-packages/airflow/example_dags/example_skip_dag.py took 0.139 seconds
[2023-02-19T16:56:03.419+0000] {processor.py:153} INFO - Started process (PID=616) to work on /home/airflow/.local/lib/python3.7/site-packages/airflow/example_dags/example_skip_dag.py
[2023-02-19T16:56:03.422+0000] {processor.py:743} INFO - Processing file /home/airflow/.local/lib/python3.7/site-packages/airflow/example_dags/example_skip_dag.py for tasks to queue
[2023-02-19T16:56:03.424+0000] {logging_mixin.py:137} INFO - [2023-02-19T16:56:03.424+0000] {dagbag.py:538} INFO - Filling up the DagBag from /home/airflow/.local/lib/python3.7/site-packages/airflow/example_dags/example_skip_dag.py
[2023-02-19T16:56:03.442+0000] {processor.py:753} INFO - DAG(s) dict_keys(['example_skip_dag']) retrieved from /home/airflow/.local/lib/python3.7/site-packages/airflow/example_dags/example_skip_dag.py
[2023-02-19T16:56:03.484+0000] {logging_mixin.py:137} INFO - [2023-02-19T16:56:03.483+0000] {dag.py:2676} INFO - Sync 1 DAGs
[2023-02-19T16:56:03.511+0000] {logging_mixin.py:137} INFO - [2023-02-19T16:56:03.511+0000] {dag.py:3427} INFO - Setting next_dagrun for example_skip_dag to 2023-02-18T16:56:03.511317+00:00, run_after=2023-02-19T16:56:03.511317+00:00
[2023-02-19T16:56:03.534+0000] {processor.py:175} INFO - Processing /home/airflow/.local/lib/python3.7/site-packages/airflow/example_dags/example_skip_dag.py took 0.119 seconds
[2023-02-19T16:56:34.618+0000] {processor.py:153} INFO - Started process (PID=714) to work on /home/airflow/.local/lib/python3.7/site-packages/airflow/example_dags/example_skip_dag.py
[2023-02-19T16:56:34.620+0000] {processor.py:743} INFO - Processing file /home/airflow/.local/lib/python3.7/site-packages/airflow/example_dags/example_skip_dag.py for tasks to queue
[2023-02-19T16:56:34.622+0000] {logging_mixin.py:137} INFO - [2023-02-19T16:56:34.622+0000] {dagbag.py:538} INFO - Filling up the DagBag from /home/airflow/.local/lib/python3.7/site-packages/airflow/example_dags/example_skip_dag.py
[2023-02-19T16:56:34.639+0000] {processor.py:753} INFO - DAG(s) dict_keys(['example_skip_dag']) retrieved from /home/airflow/.local/lib/python3.7/site-packages/airflow/example_dags/example_skip_dag.py
[2023-02-19T16:56:34.685+0000] {logging_mixin.py:137} INFO - [2023-02-19T16:56:34.684+0000] {dag.py:2676} INFO - Sync 1 DAGs
[2023-02-19T16:56:34.720+0000] {logging_mixin.py:137} INFO - [2023-02-19T16:56:34.720+0000] {dag.py:3427} INFO - Setting next_dagrun for example_skip_dag to 2023-02-18T16:56:34.720099+00:00, run_after=2023-02-19T16:56:34.720099+00:00
[2023-02-19T16:56:34.750+0000] {processor.py:175} INFO - Processing /home/airflow/.local/lib/python3.7/site-packages/airflow/example_dags/example_skip_dag.py took 0.137 seconds
[2023-02-19T16:57:05.636+0000] {processor.py:153} INFO - Started process (PID=796) to work on /home/airflow/.local/lib/python3.7/site-packages/airflow/example_dags/example_skip_dag.py
[2023-02-19T16:57:05.638+0000] {processor.py:743} INFO - Processing file /home/airflow/.local/lib/python3.7/site-packages/airflow/example_dags/example_skip_dag.py for tasks to queue
[2023-02-19T16:57:05.639+0000] {logging_mixin.py:137} INFO - [2023-02-19T16:57:05.639+0000] {dagbag.py:538} INFO - Filling up the DagBag from /home/airflow/.local/lib/python3.7/site-packages/airflow/example_dags/example_skip_dag.py
[2023-02-19T16:57:05.657+0000] {processor.py:753} INFO - DAG(s) dict_keys(['example_skip_dag']) retrieved from /home/airflow/.local/lib/python3.7/site-packages/airflow/example_dags/example_skip_dag.py
[2023-02-19T16:57:05.697+0000] {logging_mixin.py:137} INFO - [2023-02-19T16:57:05.697+0000] {dag.py:2676} INFO - Sync 1 DAGs
[2023-02-19T16:57:05.726+0000] {logging_mixin.py:137} INFO - [2023-02-19T16:57:05.726+0000] {dag.py:3427} INFO - Setting next_dagrun for example_skip_dag to 2023-02-18T16:57:05.725963+00:00, run_after=2023-02-19T16:57:05.725963+00:00
[2023-02-19T16:57:05.745+0000] {processor.py:175} INFO - Processing /home/airflow/.local/lib/python3.7/site-packages/airflow/example_dags/example_skip_dag.py took 0.113 seconds
[2023-02-19T16:57:37.520+0000] {processor.py:153} INFO - Started process (PID=894) to work on /home/airflow/.local/lib/python3.7/site-packages/airflow/example_dags/example_skip_dag.py
[2023-02-19T16:57:37.522+0000] {processor.py:743} INFO - Processing file /home/airflow/.local/lib/python3.7/site-packages/airflow/example_dags/example_skip_dag.py for tasks to queue
[2023-02-19T16:57:37.524+0000] {logging_mixin.py:137} INFO - [2023-02-19T16:57:37.524+0000] {dagbag.py:538} INFO - Filling up the DagBag from /home/airflow/.local/lib/python3.7/site-packages/airflow/example_dags/example_skip_dag.py
[2023-02-19T16:57:37.543+0000] {processor.py:753} INFO - DAG(s) dict_keys(['example_skip_dag']) retrieved from /home/airflow/.local/lib/python3.7/site-packages/airflow/example_dags/example_skip_dag.py
[2023-02-19T16:57:37.598+0000] {logging_mixin.py:137} INFO - [2023-02-19T16:57:37.597+0000] {dag.py:2676} INFO - Sync 1 DAGs
[2023-02-19T16:57:37.634+0000] {logging_mixin.py:137} INFO - [2023-02-19T16:57:37.633+0000] {dag.py:3427} INFO - Setting next_dagrun for example_skip_dag to 2023-02-18T16:57:37.633451+00:00, run_after=2023-02-19T16:57:37.633451+00:00
[2023-02-19T16:57:37.659+0000] {processor.py:175} INFO - Processing /home/airflow/.local/lib/python3.7/site-packages/airflow/example_dags/example_skip_dag.py took 0.144 seconds
[2023-02-19T16:58:08.669+0000] {processor.py:153} INFO - Started process (PID=976) to work on /home/airflow/.local/lib/python3.7/site-packages/airflow/example_dags/example_skip_dag.py
[2023-02-19T16:58:08.672+0000] {processor.py:743} INFO - Processing file /home/airflow/.local/lib/python3.7/site-packages/airflow/example_dags/example_skip_dag.py for tasks to queue
[2023-02-19T16:58:08.674+0000] {logging_mixin.py:137} INFO - [2023-02-19T16:58:08.674+0000] {dagbag.py:538} INFO - Filling up the DagBag from /home/airflow/.local/lib/python3.7/site-packages/airflow/example_dags/example_skip_dag.py
[2023-02-19T16:58:08.698+0000] {processor.py:753} INFO - DAG(s) dict_keys(['example_skip_dag']) retrieved from /home/airflow/.local/lib/python3.7/site-packages/airflow/example_dags/example_skip_dag.py
[2023-02-19T16:58:08.746+0000] {logging_mixin.py:137} INFO - [2023-02-19T16:58:08.746+0000] {dag.py:2676} INFO - Sync 1 DAGs
[2023-02-19T16:58:08.774+0000] {logging_mixin.py:137} INFO - [2023-02-19T16:58:08.774+0000] {dag.py:3427} INFO - Setting next_dagrun for example_skip_dag to 2023-02-18T16:58:08.774037+00:00, run_after=2023-02-19T16:58:08.774037+00:00
[2023-02-19T16:58:08.795+0000] {processor.py:175} INFO - Processing /home/airflow/.local/lib/python3.7/site-packages/airflow/example_dags/example_skip_dag.py took 0.130 seconds
[2023-02-19T16:58:40.130+0000] {processor.py:153} INFO - Started process (PID=1074) to work on /home/airflow/.local/lib/python3.7/site-packages/airflow/example_dags/example_skip_dag.py
[2023-02-19T16:58:40.132+0000] {processor.py:743} INFO - Processing file /home/airflow/.local/lib/python3.7/site-packages/airflow/example_dags/example_skip_dag.py for tasks to queue
[2023-02-19T16:58:40.133+0000] {logging_mixin.py:137} INFO - [2023-02-19T16:58:40.133+0000] {dagbag.py:538} INFO - Filling up the DagBag from /home/airflow/.local/lib/python3.7/site-packages/airflow/example_dags/example_skip_dag.py
[2023-02-19T16:58:40.150+0000] {processor.py:753} INFO - DAG(s) dict_keys(['example_skip_dag']) retrieved from /home/airflow/.local/lib/python3.7/site-packages/airflow/example_dags/example_skip_dag.py
[2023-02-19T16:58:40.192+0000] {logging_mixin.py:137} INFO - [2023-02-19T16:58:40.192+0000] {dag.py:2676} INFO - Sync 1 DAGs
[2023-02-19T16:58:40.224+0000] {logging_mixin.py:137} INFO - [2023-02-19T16:58:40.223+0000] {dag.py:3427} INFO - Setting next_dagrun for example_skip_dag to 2023-02-18T16:58:40.223608+00:00, run_after=2023-02-19T16:58:40.223608+00:00
[2023-02-19T16:58:40.254+0000] {processor.py:175} INFO - Processing /home/airflow/.local/lib/python3.7/site-packages/airflow/example_dags/example_skip_dag.py took 0.128 seconds
[2023-02-19T16:59:11.317+0000] {processor.py:153} INFO - Started process (PID=1156) to work on /home/airflow/.local/lib/python3.7/site-packages/airflow/example_dags/example_skip_dag.py
[2023-02-19T16:59:11.319+0000] {processor.py:743} INFO - Processing file /home/airflow/.local/lib/python3.7/site-packages/airflow/example_dags/example_skip_dag.py for tasks to queue
[2023-02-19T16:59:11.321+0000] {logging_mixin.py:137} INFO - [2023-02-19T16:59:11.321+0000] {dagbag.py:538} INFO - Filling up the DagBag from /home/airflow/.local/lib/python3.7/site-packages/airflow/example_dags/example_skip_dag.py
[2023-02-19T16:59:11.339+0000] {processor.py:753} INFO - DAG(s) dict_keys(['example_skip_dag']) retrieved from /home/airflow/.local/lib/python3.7/site-packages/airflow/example_dags/example_skip_dag.py
[2023-02-19T16:59:11.383+0000] {logging_mixin.py:137} INFO - [2023-02-19T16:59:11.383+0000] {dag.py:2676} INFO - Sync 1 DAGs
[2023-02-19T16:59:11.418+0000] {logging_mixin.py:137} INFO - [2023-02-19T16:59:11.418+0000] {dag.py:3427} INFO - Setting next_dagrun for example_skip_dag to 2023-02-18T16:59:11.417861+00:00, run_after=2023-02-19T16:59:11.417861+00:00
[2023-02-19T16:59:11.446+0000] {processor.py:175} INFO - Processing /home/airflow/.local/lib/python3.7/site-packages/airflow/example_dags/example_skip_dag.py took 0.133 seconds
[2023-02-19T16:59:42.427+0000] {processor.py:153} INFO - Started process (PID=1254) to work on /home/airflow/.local/lib/python3.7/site-packages/airflow/example_dags/example_skip_dag.py
[2023-02-19T16:59:42.429+0000] {processor.py:743} INFO - Processing file /home/airflow/.local/lib/python3.7/site-packages/airflow/example_dags/example_skip_dag.py for tasks to queue
[2023-02-19T16:59:42.431+0000] {logging_mixin.py:137} INFO - [2023-02-19T16:59:42.431+0000] {dagbag.py:538} INFO - Filling up the DagBag from /home/airflow/.local/lib/python3.7/site-packages/airflow/example_dags/example_skip_dag.py
[2023-02-19T16:59:42.450+0000] {processor.py:753} INFO - DAG(s) dict_keys(['example_skip_dag']) retrieved from /home/airflow/.local/lib/python3.7/site-packages/airflow/example_dags/example_skip_dag.py
[2023-02-19T16:59:42.493+0000] {logging_mixin.py:137} INFO - [2023-02-19T16:59:42.492+0000] {dag.py:2676} INFO - Sync 1 DAGs
[2023-02-19T16:59:42.521+0000] {logging_mixin.py:137} INFO - [2023-02-19T16:59:42.521+0000] {dag.py:3427} INFO - Setting next_dagrun for example_skip_dag to 2023-02-18T16:59:42.521491+00:00, run_after=2023-02-19T16:59:42.521491+00:00
[2023-02-19T16:59:42.544+0000] {processor.py:175} INFO - Processing /home/airflow/.local/lib/python3.7/site-packages/airflow/example_dags/example_skip_dag.py took 0.121 seconds
[2023-02-19T17:00:14.239+0000] {processor.py:153} INFO - Started process (PID=1336) to work on /home/airflow/.local/lib/python3.7/site-packages/airflow/example_dags/example_skip_dag.py
[2023-02-19T17:00:14.242+0000] {processor.py:743} INFO - Processing file /home/airflow/.local/lib/python3.7/site-packages/airflow/example_dags/example_skip_dag.py for tasks to queue
[2023-02-19T17:00:14.244+0000] {logging_mixin.py:137} INFO - [2023-02-19T17:00:14.244+0000] {dagbag.py:538} INFO - Filling up the DagBag from /home/airflow/.local/lib/python3.7/site-packages/airflow/example_dags/example_skip_dag.py
[2023-02-19T17:00:14.268+0000] {processor.py:753} INFO - DAG(s) dict_keys(['example_skip_dag']) retrieved from /home/airflow/.local/lib/python3.7/site-packages/airflow/example_dags/example_skip_dag.py
[2023-02-19T17:00:14.325+0000] {logging_mixin.py:137} INFO - [2023-02-19T17:00:14.325+0000] {dag.py:2676} INFO - Sync 1 DAGs
[2023-02-19T17:00:14.360+0000] {logging_mixin.py:137} INFO - [2023-02-19T17:00:14.360+0000] {dag.py:3427} INFO - Setting next_dagrun for example_skip_dag to 2023-02-18T17:00:14.360205+00:00, run_after=2023-02-19T17:00:14.360205+00:00
[2023-02-19T17:00:14.385+0000] {processor.py:175} INFO - Processing /home/airflow/.local/lib/python3.7/site-packages/airflow/example_dags/example_skip_dag.py took 0.151 seconds
[2023-02-19T17:00:45.605+0000] {processor.py:153} INFO - Started process (PID=1435) to work on /home/airflow/.local/lib/python3.7/site-packages/airflow/example_dags/example_skip_dag.py
[2023-02-19T17:00:45.607+0000] {processor.py:743} INFO - Processing file /home/airflow/.local/lib/python3.7/site-packages/airflow/example_dags/example_skip_dag.py for tasks to queue
[2023-02-19T17:00:45.609+0000] {logging_mixin.py:137} INFO - [2023-02-19T17:00:45.609+0000] {dagbag.py:538} INFO - Filling up the DagBag from /home/airflow/.local/lib/python3.7/site-packages/airflow/example_dags/example_skip_dag.py
[2023-02-19T17:00:45.632+0000] {processor.py:753} INFO - DAG(s) dict_keys(['example_skip_dag']) retrieved from /home/airflow/.local/lib/python3.7/site-packages/airflow/example_dags/example_skip_dag.py
[2023-02-19T17:00:45.677+0000] {logging_mixin.py:137} INFO - [2023-02-19T17:00:45.677+0000] {dag.py:2676} INFO - Sync 1 DAGs
[2023-02-19T17:00:45.713+0000] {logging_mixin.py:137} INFO - [2023-02-19T17:00:45.713+0000] {dag.py:3427} INFO - Setting next_dagrun for example_skip_dag to 2023-02-18T17:00:45.713366+00:00, run_after=2023-02-19T17:00:45.713366+00:00
[2023-02-19T17:00:45.737+0000] {processor.py:175} INFO - Processing /home/airflow/.local/lib/python3.7/site-packages/airflow/example_dags/example_skip_dag.py took 0.137 seconds
[2023-02-19T17:01:17.236+0000] {processor.py:153} INFO - Started process (PID=1517) to work on /home/airflow/.local/lib/python3.7/site-packages/airflow/example_dags/example_skip_dag.py
[2023-02-19T17:01:17.238+0000] {processor.py:743} INFO - Processing file /home/airflow/.local/lib/python3.7/site-packages/airflow/example_dags/example_skip_dag.py for tasks to queue
[2023-02-19T17:01:17.239+0000] {logging_mixin.py:137} INFO - [2023-02-19T17:01:17.239+0000] {dagbag.py:538} INFO - Filling up the DagBag from /home/airflow/.local/lib/python3.7/site-packages/airflow/example_dags/example_skip_dag.py
[2023-02-19T17:01:17.263+0000] {processor.py:753} INFO - DAG(s) dict_keys(['example_skip_dag']) retrieved from /home/airflow/.local/lib/python3.7/site-packages/airflow/example_dags/example_skip_dag.py
[2023-02-19T17:01:17.313+0000] {logging_mixin.py:137} INFO - [2023-02-19T17:01:17.313+0000] {dag.py:2676} INFO - Sync 1 DAGs
[2023-02-19T17:01:17.344+0000] {logging_mixin.py:137} INFO - [2023-02-19T17:01:17.344+0000] {dag.py:3427} INFO - Setting next_dagrun for example_skip_dag to 2023-02-18T17:01:17.344300+00:00, run_after=2023-02-19T17:01:17.344300+00:00
[2023-02-19T17:01:17.368+0000] {processor.py:175} INFO - Processing /home/airflow/.local/lib/python3.7/site-packages/airflow/example_dags/example_skip_dag.py took 0.136 seconds
[2023-02-19T17:01:48.319+0000] {processor.py:153} INFO - Started process (PID=1615) to work on /home/airflow/.local/lib/python3.7/site-packages/airflow/example_dags/example_skip_dag.py
[2023-02-19T17:01:48.321+0000] {processor.py:743} INFO - Processing file /home/airflow/.local/lib/python3.7/site-packages/airflow/example_dags/example_skip_dag.py for tasks to queue
[2023-02-19T17:01:48.323+0000] {logging_mixin.py:137} INFO - [2023-02-19T17:01:48.323+0000] {dagbag.py:538} INFO - Filling up the DagBag from /home/airflow/.local/lib/python3.7/site-packages/airflow/example_dags/example_skip_dag.py
[2023-02-19T17:01:48.340+0000] {processor.py:753} INFO - DAG(s) dict_keys(['example_skip_dag']) retrieved from /home/airflow/.local/lib/python3.7/site-packages/airflow/example_dags/example_skip_dag.py
[2023-02-19T17:01:48.383+0000] {logging_mixin.py:137} INFO - [2023-02-19T17:01:48.383+0000] {dag.py:2676} INFO - Sync 1 DAGs
[2023-02-19T17:01:48.411+0000] {logging_mixin.py:137} INFO - [2023-02-19T17:01:48.411+0000] {dag.py:3427} INFO - Setting next_dagrun for example_skip_dag to 2023-02-18T17:01:48.410850+00:00, run_after=2023-02-19T17:01:48.410850+00:00
[2023-02-19T17:01:48.433+0000] {processor.py:175} INFO - Processing /home/airflow/.local/lib/python3.7/site-packages/airflow/example_dags/example_skip_dag.py took 0.118 seconds
[2023-02-19T17:02:19.375+0000] {processor.py:153} INFO - Started process (PID=1706) to work on /home/airflow/.local/lib/python3.7/site-packages/airflow/example_dags/example_skip_dag.py
[2023-02-19T17:02:19.377+0000] {processor.py:743} INFO - Processing file /home/airflow/.local/lib/python3.7/site-packages/airflow/example_dags/example_skip_dag.py for tasks to queue
[2023-02-19T17:02:19.378+0000] {logging_mixin.py:137} INFO - [2023-02-19T17:02:19.378+0000] {dagbag.py:538} INFO - Filling up the DagBag from /home/airflow/.local/lib/python3.7/site-packages/airflow/example_dags/example_skip_dag.py
[2023-02-19T17:02:19.396+0000] {processor.py:753} INFO - DAG(s) dict_keys(['example_skip_dag']) retrieved from /home/airflow/.local/lib/python3.7/site-packages/airflow/example_dags/example_skip_dag.py
[2023-02-19T17:02:19.436+0000] {logging_mixin.py:137} INFO - [2023-02-19T17:02:19.436+0000] {dag.py:2676} INFO - Sync 1 DAGs
[2023-02-19T17:02:19.467+0000] {logging_mixin.py:137} INFO - [2023-02-19T17:02:19.467+0000] {dag.py:3427} INFO - Setting next_dagrun for example_skip_dag to 2023-02-18T17:02:19.467090+00:00, run_after=2023-02-19T17:02:19.467090+00:00
[2023-02-19T17:02:19.490+0000] {processor.py:175} INFO - Processing /home/airflow/.local/lib/python3.7/site-packages/airflow/example_dags/example_skip_dag.py took 0.119 seconds
[2023-02-19T17:02:50.745+0000] {processor.py:153} INFO - Started process (PID=1795) to work on /home/airflow/.local/lib/python3.7/site-packages/airflow/example_dags/example_skip_dag.py
[2023-02-19T17:02:50.748+0000] {processor.py:743} INFO - Processing file /home/airflow/.local/lib/python3.7/site-packages/airflow/example_dags/example_skip_dag.py for tasks to queue
[2023-02-19T17:02:50.751+0000] {logging_mixin.py:137} INFO - [2023-02-19T17:02:50.750+0000] {dagbag.py:538} INFO - Filling up the DagBag from /home/airflow/.local/lib/python3.7/site-packages/airflow/example_dags/example_skip_dag.py
[2023-02-19T17:02:50.778+0000] {processor.py:753} INFO - DAG(s) dict_keys(['example_skip_dag']) retrieved from /home/airflow/.local/lib/python3.7/site-packages/airflow/example_dags/example_skip_dag.py
[2023-02-19T17:02:50.840+0000] {logging_mixin.py:137} INFO - [2023-02-19T17:02:50.840+0000] {dag.py:2676} INFO - Sync 1 DAGs
[2023-02-19T17:02:50.884+0000] {logging_mixin.py:137} INFO - [2023-02-19T17:02:50.884+0000] {dag.py:3427} INFO - Setting next_dagrun for example_skip_dag to 2023-02-18T17:02:50.883812+00:00, run_after=2023-02-19T17:02:50.883812+00:00
[2023-02-19T17:02:50.912+0000] {processor.py:175} INFO - Processing /home/airflow/.local/lib/python3.7/site-packages/airflow/example_dags/example_skip_dag.py took 0.171 seconds
[2023-02-19T17:03:22.366+0000] {processor.py:153} INFO - Started process (PID=1893) to work on /home/airflow/.local/lib/python3.7/site-packages/airflow/example_dags/example_skip_dag.py
[2023-02-19T17:03:22.370+0000] {processor.py:743} INFO - Processing file /home/airflow/.local/lib/python3.7/site-packages/airflow/example_dags/example_skip_dag.py for tasks to queue
[2023-02-19T17:03:22.372+0000] {logging_mixin.py:137} INFO - [2023-02-19T17:03:22.372+0000] {dagbag.py:538} INFO - Filling up the DagBag from /home/airflow/.local/lib/python3.7/site-packages/airflow/example_dags/example_skip_dag.py
[2023-02-19T17:03:22.397+0000] {processor.py:753} INFO - DAG(s) dict_keys(['example_skip_dag']) retrieved from /home/airflow/.local/lib/python3.7/site-packages/airflow/example_dags/example_skip_dag.py
[2023-02-19T17:03:22.451+0000] {logging_mixin.py:137} INFO - [2023-02-19T17:03:22.450+0000] {dag.py:2676} INFO - Sync 1 DAGs
[2023-02-19T17:03:22.480+0000] {logging_mixin.py:137} INFO - [2023-02-19T17:03:22.480+0000] {dag.py:3427} INFO - Setting next_dagrun for example_skip_dag to 2023-02-18T17:03:22.479785+00:00, run_after=2023-02-19T17:03:22.479785+00:00
[2023-02-19T17:03:22.502+0000] {processor.py:175} INFO - Processing /home/airflow/.local/lib/python3.7/site-packages/airflow/example_dags/example_skip_dag.py took 0.142 seconds
[2023-02-19T17:03:53.753+0000] {processor.py:153} INFO - Started process (PID=1975) to work on /home/airflow/.local/lib/python3.7/site-packages/airflow/example_dags/example_skip_dag.py
[2023-02-19T17:03:53.755+0000] {processor.py:743} INFO - Processing file /home/airflow/.local/lib/python3.7/site-packages/airflow/example_dags/example_skip_dag.py for tasks to queue
[2023-02-19T17:03:53.757+0000] {logging_mixin.py:137} INFO - [2023-02-19T17:03:53.757+0000] {dagbag.py:538} INFO - Filling up the DagBag from /home/airflow/.local/lib/python3.7/site-packages/airflow/example_dags/example_skip_dag.py
[2023-02-19T17:03:53.776+0000] {processor.py:753} INFO - DAG(s) dict_keys(['example_skip_dag']) retrieved from /home/airflow/.local/lib/python3.7/site-packages/airflow/example_dags/example_skip_dag.py
[2023-02-19T17:03:53.825+0000] {logging_mixin.py:137} INFO - [2023-02-19T17:03:53.825+0000] {dag.py:2676} INFO - Sync 1 DAGs
[2023-02-19T17:03:53.854+0000] {logging_mixin.py:137} INFO - [2023-02-19T17:03:53.854+0000] {dag.py:3427} INFO - Setting next_dagrun for example_skip_dag to 2023-02-18T17:03:53.854106+00:00, run_after=2023-02-19T17:03:53.854106+00:00
[2023-02-19T17:03:53.874+0000] {processor.py:175} INFO - Processing /home/airflow/.local/lib/python3.7/site-packages/airflow/example_dags/example_skip_dag.py took 0.126 seconds
[2023-02-19T17:04:25.026+0000] {processor.py:153} INFO - Started process (PID=2073) to work on /home/airflow/.local/lib/python3.7/site-packages/airflow/example_dags/example_skip_dag.py
[2023-02-19T17:04:25.029+0000] {processor.py:743} INFO - Processing file /home/airflow/.local/lib/python3.7/site-packages/airflow/example_dags/example_skip_dag.py for tasks to queue
[2023-02-19T17:04:25.030+0000] {logging_mixin.py:137} INFO - [2023-02-19T17:04:25.030+0000] {dagbag.py:538} INFO - Filling up the DagBag from /home/airflow/.local/lib/python3.7/site-packages/airflow/example_dags/example_skip_dag.py
[2023-02-19T17:04:25.052+0000] {processor.py:753} INFO - DAG(s) dict_keys(['example_skip_dag']) retrieved from /home/airflow/.local/lib/python3.7/site-packages/airflow/example_dags/example_skip_dag.py
[2023-02-19T17:04:25.108+0000] {logging_mixin.py:137} INFO - [2023-02-19T17:04:25.108+0000] {dag.py:2676} INFO - Sync 1 DAGs
[2023-02-19T17:04:25.147+0000] {logging_mixin.py:137} INFO - [2023-02-19T17:04:25.147+0000] {dag.py:3427} INFO - Setting next_dagrun for example_skip_dag to 2023-02-18T17:04:25.147295+00:00, run_after=2023-02-19T17:04:25.147295+00:00
[2023-02-19T17:04:25.174+0000] {processor.py:175} INFO - Processing /home/airflow/.local/lib/python3.7/site-packages/airflow/example_dags/example_skip_dag.py took 0.155 seconds
[2023-02-19T17:04:55.980+0000] {processor.py:153} INFO - Started process (PID=2155) to work on /home/airflow/.local/lib/python3.7/site-packages/airflow/example_dags/example_skip_dag.py
[2023-02-19T17:04:55.982+0000] {processor.py:743} INFO - Processing file /home/airflow/.local/lib/python3.7/site-packages/airflow/example_dags/example_skip_dag.py for tasks to queue
[2023-02-19T17:04:55.984+0000] {logging_mixin.py:137} INFO - [2023-02-19T17:04:55.983+0000] {dagbag.py:538} INFO - Filling up the DagBag from /home/airflow/.local/lib/python3.7/site-packages/airflow/example_dags/example_skip_dag.py
[2023-02-19T17:04:56.000+0000] {processor.py:753} INFO - DAG(s) dict_keys(['example_skip_dag']) retrieved from /home/airflow/.local/lib/python3.7/site-packages/airflow/example_dags/example_skip_dag.py
[2023-02-19T17:04:56.044+0000] {logging_mixin.py:137} INFO - [2023-02-19T17:04:56.044+0000] {dag.py:2676} INFO - Sync 1 DAGs
[2023-02-19T17:04:56.073+0000] {logging_mixin.py:137} INFO - [2023-02-19T17:04:56.073+0000] {dag.py:3427} INFO - Setting next_dagrun for example_skip_dag to 2023-02-18T17:04:56.073305+00:00, run_after=2023-02-19T17:04:56.073305+00:00
[2023-02-19T17:04:56.095+0000] {processor.py:175} INFO - Processing /home/airflow/.local/lib/python3.7/site-packages/airflow/example_dags/example_skip_dag.py took 0.119 seconds
[2023-02-19T17:05:26.973+0000] {processor.py:153} INFO - Started process (PID=2253) to work on /home/airflow/.local/lib/python3.7/site-packages/airflow/example_dags/example_skip_dag.py
[2023-02-19T17:05:26.976+0000] {processor.py:743} INFO - Processing file /home/airflow/.local/lib/python3.7/site-packages/airflow/example_dags/example_skip_dag.py for tasks to queue
[2023-02-19T17:05:26.977+0000] {logging_mixin.py:137} INFO - [2023-02-19T17:05:26.977+0000] {dagbag.py:538} INFO - Filling up the DagBag from /home/airflow/.local/lib/python3.7/site-packages/airflow/example_dags/example_skip_dag.py
[2023-02-19T17:05:26.995+0000] {processor.py:753} INFO - DAG(s) dict_keys(['example_skip_dag']) retrieved from /home/airflow/.local/lib/python3.7/site-packages/airflow/example_dags/example_skip_dag.py
[2023-02-19T17:05:27.044+0000] {logging_mixin.py:137} INFO - [2023-02-19T17:05:27.044+0000] {dag.py:2676} INFO - Sync 1 DAGs
[2023-02-19T17:05:27.084+0000] {logging_mixin.py:137} INFO - [2023-02-19T17:05:27.084+0000] {dag.py:3427} INFO - Setting next_dagrun for example_skip_dag to 2023-02-18T17:05:27.083768+00:00, run_after=2023-02-19T17:05:27.083768+00:00
[2023-02-19T17:05:27.106+0000] {processor.py:175} INFO - Processing /home/airflow/.local/lib/python3.7/site-packages/airflow/example_dags/example_skip_dag.py took 0.137 seconds
[2023-02-19T17:05:58.158+0000] {processor.py:153} INFO - Started process (PID=2335) to work on /home/airflow/.local/lib/python3.7/site-packages/airflow/example_dags/example_skip_dag.py
[2023-02-19T17:05:58.161+0000] {processor.py:743} INFO - Processing file /home/airflow/.local/lib/python3.7/site-packages/airflow/example_dags/example_skip_dag.py for tasks to queue
[2023-02-19T17:05:58.163+0000] {logging_mixin.py:137} INFO - [2023-02-19T17:05:58.163+0000] {dagbag.py:538} INFO - Filling up the DagBag from /home/airflow/.local/lib/python3.7/site-packages/airflow/example_dags/example_skip_dag.py
[2023-02-19T17:05:58.182+0000] {processor.py:753} INFO - DAG(s) dict_keys(['example_skip_dag']) retrieved from /home/airflow/.local/lib/python3.7/site-packages/airflow/example_dags/example_skip_dag.py
[2023-02-19T17:05:58.229+0000] {logging_mixin.py:137} INFO - [2023-02-19T17:05:58.229+0000] {dag.py:2676} INFO - Sync 1 DAGs
[2023-02-19T17:05:58.257+0000] {logging_mixin.py:137} INFO - [2023-02-19T17:05:58.257+0000] {dag.py:3427} INFO - Setting next_dagrun for example_skip_dag to 2023-02-18T17:05:58.257361+00:00, run_after=2023-02-19T17:05:58.257361+00:00
[2023-02-19T17:05:58.276+0000] {processor.py:175} INFO - Processing /home/airflow/.local/lib/python3.7/site-packages/airflow/example_dags/example_skip_dag.py took 0.123 seconds
[2023-02-19T17:06:29.248+0000] {processor.py:153} INFO - Started process (PID=2434) to work on /home/airflow/.local/lib/python3.7/site-packages/airflow/example_dags/example_skip_dag.py
[2023-02-19T17:06:29.251+0000] {processor.py:743} INFO - Processing file /home/airflow/.local/lib/python3.7/site-packages/airflow/example_dags/example_skip_dag.py for tasks to queue
[2023-02-19T17:06:29.253+0000] {logging_mixin.py:137} INFO - [2023-02-19T17:06:29.253+0000] {dagbag.py:538} INFO - Filling up the DagBag from /home/airflow/.local/lib/python3.7/site-packages/airflow/example_dags/example_skip_dag.py
[2023-02-19T17:06:29.275+0000] {processor.py:753} INFO - DAG(s) dict_keys(['example_skip_dag']) retrieved from /home/airflow/.local/lib/python3.7/site-packages/airflow/example_dags/example_skip_dag.py
[2023-02-19T17:06:29.319+0000] {logging_mixin.py:137} INFO - [2023-02-19T17:06:29.319+0000] {dag.py:2676} INFO - Sync 1 DAGs
[2023-02-19T17:06:29.348+0000] {logging_mixin.py:137} INFO - [2023-02-19T17:06:29.348+0000] {dag.py:3427} INFO - Setting next_dagrun for example_skip_dag to 2023-02-18T17:06:29.347710+00:00, run_after=2023-02-19T17:06:29.347710+00:00
[2023-02-19T17:06:29.375+0000] {processor.py:175} INFO - Processing /home/airflow/.local/lib/python3.7/site-packages/airflow/example_dags/example_skip_dag.py took 0.133 seconds
