[2023-02-19T16:52:56.287+0000] {processor.py:153} INFO - Started process (PID=85) to work on /home/airflow/.local/lib/python3.7/site-packages/airflow/example_dags/example_python_operator.py
[2023-02-19T16:52:56.289+0000] {processor.py:743} INFO - Processing file /home/airflow/.local/lib/python3.7/site-packages/airflow/example_dags/example_python_operator.py for tasks to queue
[2023-02-19T16:52:56.291+0000] {logging_mixin.py:137} INFO - [2023-02-19T16:52:56.290+0000] {dagbag.py:538} INFO - Filling up the DagBag from /home/airflow/.local/lib/python3.7/site-packages/airflow/example_dags/example_python_operator.py
[2023-02-19T16:52:56.318+0000] {logging_mixin.py:137} INFO - [2023-02-19T16:52:56.318+0000] {taskmixin.py:205} WARNING - Dependency <Task(_PythonDecoratedOperator): print_the_context>, log_sql_query already registered for DAG: example_python_operator
[2023-02-19T16:52:56.319+0000] {logging_mixin.py:137} INFO - [2023-02-19T16:52:56.319+0000] {taskmixin.py:205} WARNING - Dependency <Task(_PythonDecoratedOperator): log_sql_query>, print_the_context already registered for DAG: example_python_operator
[2023-02-19T16:52:56.321+0000] {logging_mixin.py:137} INFO - [2023-02-19T16:52:56.321+0000] {taskmixin.py:205} WARNING - Dependency <Task(_PythonDecoratedOperator): print_the_context>, log_sql_query already registered for DAG: example_python_operator
[2023-02-19T16:52:56.322+0000] {logging_mixin.py:137} INFO - [2023-02-19T16:52:56.322+0000] {taskmixin.py:205} WARNING - Dependency <Task(_PythonDecoratedOperator): log_sql_query>, print_the_context already registered for DAG: example_python_operator
[2023-02-19T16:52:56.324+0000] {logging_mixin.py:137} INFO - [2023-02-19T16:52:56.324+0000] {taskmixin.py:205} WARNING - Dependency <Task(_PythonDecoratedOperator): print_the_context>, log_sql_query already registered for DAG: example_python_operator
[2023-02-19T16:52:56.325+0000] {logging_mixin.py:137} INFO - [2023-02-19T16:52:56.325+0000] {taskmixin.py:205} WARNING - Dependency <Task(_PythonDecoratedOperator): log_sql_query>, print_the_context already registered for DAG: example_python_operator
[2023-02-19T16:52:56.327+0000] {logging_mixin.py:137} INFO - [2023-02-19T16:52:56.327+0000] {taskmixin.py:205} WARNING - Dependency <Task(_PythonDecoratedOperator): print_the_context>, log_sql_query already registered for DAG: example_python_operator
[2023-02-19T16:52:56.328+0000] {logging_mixin.py:137} INFO - [2023-02-19T16:52:56.328+0000] {taskmixin.py:205} WARNING - Dependency <Task(_PythonDecoratedOperator): log_sql_query>, print_the_context already registered for DAG: example_python_operator
[2023-02-19T16:52:56.337+0000] {processor.py:753} INFO - DAG(s) dict_keys(['example_python_operator']) retrieved from /home/airflow/.local/lib/python3.7/site-packages/airflow/example_dags/example_python_operator.py
[2023-02-19T16:52:56.427+0000] {logging_mixin.py:137} INFO - [2023-02-19T16:52:56.426+0000] {dag.py:2676} INFO - Sync 1 DAGs
[2023-02-19T16:52:56.474+0000] {logging_mixin.py:137} INFO - [2023-02-19T16:52:56.474+0000] {dag.py:3427} INFO - Setting next_dagrun for example_python_operator to None, run_after=None
[2023-02-19T16:52:56.506+0000] {processor.py:175} INFO - Processing /home/airflow/.local/lib/python3.7/site-packages/airflow/example_dags/example_python_operator.py took 0.224 seconds
[2023-02-19T16:53:27.687+0000] {processor.py:153} INFO - Started process (PID=183) to work on /home/airflow/.local/lib/python3.7/site-packages/airflow/example_dags/example_python_operator.py
[2023-02-19T16:53:27.692+0000] {processor.py:743} INFO - Processing file /home/airflow/.local/lib/python3.7/site-packages/airflow/example_dags/example_python_operator.py for tasks to queue
[2023-02-19T16:53:27.695+0000] {logging_mixin.py:137} INFO - [2023-02-19T16:53:27.695+0000] {dagbag.py:538} INFO - Filling up the DagBag from /home/airflow/.local/lib/python3.7/site-packages/airflow/example_dags/example_python_operator.py
[2023-02-19T16:53:27.732+0000] {logging_mixin.py:137} INFO - [2023-02-19T16:53:27.732+0000] {taskmixin.py:205} WARNING - Dependency <Task(_PythonDecoratedOperator): print_the_context>, log_sql_query already registered for DAG: example_python_operator
[2023-02-19T16:53:27.736+0000] {logging_mixin.py:137} INFO - [2023-02-19T16:53:27.736+0000] {taskmixin.py:205} WARNING - Dependency <Task(_PythonDecoratedOperator): log_sql_query>, print_the_context already registered for DAG: example_python_operator
[2023-02-19T16:53:27.739+0000] {logging_mixin.py:137} INFO - [2023-02-19T16:53:27.739+0000] {taskmixin.py:205} WARNING - Dependency <Task(_PythonDecoratedOperator): print_the_context>, log_sql_query already registered for DAG: example_python_operator
[2023-02-19T16:53:27.741+0000] {logging_mixin.py:137} INFO - [2023-02-19T16:53:27.741+0000] {taskmixin.py:205} WARNING - Dependency <Task(_PythonDecoratedOperator): log_sql_query>, print_the_context already registered for DAG: example_python_operator
[2023-02-19T16:53:27.746+0000] {logging_mixin.py:137} INFO - [2023-02-19T16:53:27.746+0000] {taskmixin.py:205} WARNING - Dependency <Task(_PythonDecoratedOperator): print_the_context>, log_sql_query already registered for DAG: example_python_operator
[2023-02-19T16:53:27.748+0000] {logging_mixin.py:137} INFO - [2023-02-19T16:53:27.748+0000] {taskmixin.py:205} WARNING - Dependency <Task(_PythonDecoratedOperator): log_sql_query>, print_the_context already registered for DAG: example_python_operator
[2023-02-19T16:53:27.751+0000] {logging_mixin.py:137} INFO - [2023-02-19T16:53:27.750+0000] {taskmixin.py:205} WARNING - Dependency <Task(_PythonDecoratedOperator): print_the_context>, log_sql_query already registered for DAG: example_python_operator
[2023-02-19T16:53:27.752+0000] {logging_mixin.py:137} INFO - [2023-02-19T16:53:27.752+0000] {taskmixin.py:205} WARNING - Dependency <Task(_PythonDecoratedOperator): log_sql_query>, print_the_context already registered for DAG: example_python_operator
[2023-02-19T16:53:27.764+0000] {processor.py:753} INFO - DAG(s) dict_keys(['example_python_operator']) retrieved from /home/airflow/.local/lib/python3.7/site-packages/airflow/example_dags/example_python_operator.py
[2023-02-19T16:53:27.845+0000] {logging_mixin.py:137} INFO - [2023-02-19T16:53:27.845+0000] {dag.py:2676} INFO - Sync 1 DAGs
[2023-02-19T16:53:27.914+0000] {logging_mixin.py:137} INFO - [2023-02-19T16:53:27.914+0000] {dag.py:3427} INFO - Setting next_dagrun for example_python_operator to None, run_after=None
[2023-02-19T16:53:27.959+0000] {processor.py:175} INFO - Processing /home/airflow/.local/lib/python3.7/site-packages/airflow/example_dags/example_python_operator.py took 0.279 seconds
[2023-02-19T16:53:58.280+0000] {processor.py:153} INFO - Started process (PID=265) to work on /home/airflow/.local/lib/python3.7/site-packages/airflow/example_dags/example_python_operator.py
[2023-02-19T16:53:58.282+0000] {processor.py:743} INFO - Processing file /home/airflow/.local/lib/python3.7/site-packages/airflow/example_dags/example_python_operator.py for tasks to queue
[2023-02-19T16:53:58.283+0000] {logging_mixin.py:137} INFO - [2023-02-19T16:53:58.283+0000] {dagbag.py:538} INFO - Filling up the DagBag from /home/airflow/.local/lib/python3.7/site-packages/airflow/example_dags/example_python_operator.py
[2023-02-19T16:53:58.305+0000] {logging_mixin.py:137} INFO - [2023-02-19T16:53:58.305+0000] {taskmixin.py:205} WARNING - Dependency <Task(_PythonDecoratedOperator): print_the_context>, log_sql_query already registered for DAG: example_python_operator
[2023-02-19T16:53:58.306+0000] {logging_mixin.py:137} INFO - [2023-02-19T16:53:58.306+0000] {taskmixin.py:205} WARNING - Dependency <Task(_PythonDecoratedOperator): log_sql_query>, print_the_context already registered for DAG: example_python_operator
[2023-02-19T16:53:58.308+0000] {logging_mixin.py:137} INFO - [2023-02-19T16:53:58.308+0000] {taskmixin.py:205} WARNING - Dependency <Task(_PythonDecoratedOperator): print_the_context>, log_sql_query already registered for DAG: example_python_operator
[2023-02-19T16:53:58.309+0000] {logging_mixin.py:137} INFO - [2023-02-19T16:53:58.309+0000] {taskmixin.py:205} WARNING - Dependency <Task(_PythonDecoratedOperator): log_sql_query>, print_the_context already registered for DAG: example_python_operator
[2023-02-19T16:53:58.312+0000] {logging_mixin.py:137} INFO - [2023-02-19T16:53:58.311+0000] {taskmixin.py:205} WARNING - Dependency <Task(_PythonDecoratedOperator): print_the_context>, log_sql_query already registered for DAG: example_python_operator
[2023-02-19T16:53:58.313+0000] {logging_mixin.py:137} INFO - [2023-02-19T16:53:58.313+0000] {taskmixin.py:205} WARNING - Dependency <Task(_PythonDecoratedOperator): log_sql_query>, print_the_context already registered for DAG: example_python_operator
[2023-02-19T16:53:58.314+0000] {logging_mixin.py:137} INFO - [2023-02-19T16:53:58.314+0000] {taskmixin.py:205} WARNING - Dependency <Task(_PythonDecoratedOperator): print_the_context>, log_sql_query already registered for DAG: example_python_operator
[2023-02-19T16:53:58.316+0000] {logging_mixin.py:137} INFO - [2023-02-19T16:53:58.315+0000] {taskmixin.py:205} WARNING - Dependency <Task(_PythonDecoratedOperator): log_sql_query>, print_the_context already registered for DAG: example_python_operator
[2023-02-19T16:53:58.325+0000] {processor.py:753} INFO - DAG(s) dict_keys(['example_python_operator']) retrieved from /home/airflow/.local/lib/python3.7/site-packages/airflow/example_dags/example_python_operator.py
[2023-02-19T16:53:58.370+0000] {logging_mixin.py:137} INFO - [2023-02-19T16:53:58.370+0000] {dag.py:2676} INFO - Sync 1 DAGs
[2023-02-19T16:53:58.399+0000] {logging_mixin.py:137} INFO - [2023-02-19T16:53:58.399+0000] {dag.py:3427} INFO - Setting next_dagrun for example_python_operator to None, run_after=None
[2023-02-19T16:53:58.419+0000] {processor.py:175} INFO - Processing /home/airflow/.local/lib/python3.7/site-packages/airflow/example_dags/example_python_operator.py took 0.144 seconds
[2023-02-19T16:54:30.074+0000] {processor.py:153} INFO - Started process (PID=363) to work on /home/airflow/.local/lib/python3.7/site-packages/airflow/example_dags/example_python_operator.py
[2023-02-19T16:54:30.076+0000] {processor.py:743} INFO - Processing file /home/airflow/.local/lib/python3.7/site-packages/airflow/example_dags/example_python_operator.py for tasks to queue
[2023-02-19T16:54:30.078+0000] {logging_mixin.py:137} INFO - [2023-02-19T16:54:30.078+0000] {dagbag.py:538} INFO - Filling up the DagBag from /home/airflow/.local/lib/python3.7/site-packages/airflow/example_dags/example_python_operator.py
[2023-02-19T16:54:30.101+0000] {logging_mixin.py:137} INFO - [2023-02-19T16:54:30.101+0000] {taskmixin.py:205} WARNING - Dependency <Task(_PythonDecoratedOperator): print_the_context>, log_sql_query already registered for DAG: example_python_operator
[2023-02-19T16:54:30.102+0000] {logging_mixin.py:137} INFO - [2023-02-19T16:54:30.102+0000] {taskmixin.py:205} WARNING - Dependency <Task(_PythonDecoratedOperator): log_sql_query>, print_the_context already registered for DAG: example_python_operator
[2023-02-19T16:54:30.104+0000] {logging_mixin.py:137} INFO - [2023-02-19T16:54:30.104+0000] {taskmixin.py:205} WARNING - Dependency <Task(_PythonDecoratedOperator): print_the_context>, log_sql_query already registered for DAG: example_python_operator
[2023-02-19T16:54:30.105+0000] {logging_mixin.py:137} INFO - [2023-02-19T16:54:30.105+0000] {taskmixin.py:205} WARNING - Dependency <Task(_PythonDecoratedOperator): log_sql_query>, print_the_context already registered for DAG: example_python_operator
[2023-02-19T16:54:30.107+0000] {logging_mixin.py:137} INFO - [2023-02-19T16:54:30.107+0000] {taskmixin.py:205} WARNING - Dependency <Task(_PythonDecoratedOperator): print_the_context>, log_sql_query already registered for DAG: example_python_operator
[2023-02-19T16:54:30.108+0000] {logging_mixin.py:137} INFO - [2023-02-19T16:54:30.108+0000] {taskmixin.py:205} WARNING - Dependency <Task(_PythonDecoratedOperator): log_sql_query>, print_the_context already registered for DAG: example_python_operator
[2023-02-19T16:54:30.110+0000] {logging_mixin.py:137} INFO - [2023-02-19T16:54:30.110+0000] {taskmixin.py:205} WARNING - Dependency <Task(_PythonDecoratedOperator): print_the_context>, log_sql_query already registered for DAG: example_python_operator
[2023-02-19T16:54:30.112+0000] {logging_mixin.py:137} INFO - [2023-02-19T16:54:30.112+0000] {taskmixin.py:205} WARNING - Dependency <Task(_PythonDecoratedOperator): log_sql_query>, print_the_context already registered for DAG: example_python_operator
[2023-02-19T16:54:30.120+0000] {processor.py:753} INFO - DAG(s) dict_keys(['example_python_operator']) retrieved from /home/airflow/.local/lib/python3.7/site-packages/airflow/example_dags/example_python_operator.py
[2023-02-19T16:54:30.167+0000] {logging_mixin.py:137} INFO - [2023-02-19T16:54:30.166+0000] {dag.py:2676} INFO - Sync 1 DAGs
[2023-02-19T16:54:30.204+0000] {logging_mixin.py:137} INFO - [2023-02-19T16:54:30.204+0000] {dag.py:3427} INFO - Setting next_dagrun for example_python_operator to None, run_after=None
[2023-02-19T16:54:30.229+0000] {processor.py:175} INFO - Processing /home/airflow/.local/lib/python3.7/site-packages/airflow/example_dags/example_python_operator.py took 0.160 seconds
[2023-02-19T16:55:01.074+0000] {processor.py:153} INFO - Started process (PID=445) to work on /home/airflow/.local/lib/python3.7/site-packages/airflow/example_dags/example_python_operator.py
[2023-02-19T16:55:01.092+0000] {processor.py:743} INFO - Processing file /home/airflow/.local/lib/python3.7/site-packages/airflow/example_dags/example_python_operator.py for tasks to queue
[2023-02-19T16:55:01.094+0000] {logging_mixin.py:137} INFO - [2023-02-19T16:55:01.094+0000] {dagbag.py:538} INFO - Filling up the DagBag from /home/airflow/.local/lib/python3.7/site-packages/airflow/example_dags/example_python_operator.py
[2023-02-19T16:55:01.116+0000] {logging_mixin.py:137} INFO - [2023-02-19T16:55:01.115+0000] {taskmixin.py:205} WARNING - Dependency <Task(_PythonDecoratedOperator): print_the_context>, log_sql_query already registered for DAG: example_python_operator
[2023-02-19T16:55:01.117+0000] {logging_mixin.py:137} INFO - [2023-02-19T16:55:01.117+0000] {taskmixin.py:205} WARNING - Dependency <Task(_PythonDecoratedOperator): log_sql_query>, print_the_context already registered for DAG: example_python_operator
[2023-02-19T16:55:01.118+0000] {logging_mixin.py:137} INFO - [2023-02-19T16:55:01.118+0000] {taskmixin.py:205} WARNING - Dependency <Task(_PythonDecoratedOperator): print_the_context>, log_sql_query already registered for DAG: example_python_operator
[2023-02-19T16:55:01.119+0000] {logging_mixin.py:137} INFO - [2023-02-19T16:55:01.119+0000] {taskmixin.py:205} WARNING - Dependency <Task(_PythonDecoratedOperator): log_sql_query>, print_the_context already registered for DAG: example_python_operator
[2023-02-19T16:55:01.121+0000] {logging_mixin.py:137} INFO - [2023-02-19T16:55:01.121+0000] {taskmixin.py:205} WARNING - Dependency <Task(_PythonDecoratedOperator): print_the_context>, log_sql_query already registered for DAG: example_python_operator
[2023-02-19T16:55:01.122+0000] {logging_mixin.py:137} INFO - [2023-02-19T16:55:01.122+0000] {taskmixin.py:205} WARNING - Dependency <Task(_PythonDecoratedOperator): log_sql_query>, print_the_context already registered for DAG: example_python_operator
[2023-02-19T16:55:01.123+0000] {logging_mixin.py:137} INFO - [2023-02-19T16:55:01.123+0000] {taskmixin.py:205} WARNING - Dependency <Task(_PythonDecoratedOperator): print_the_context>, log_sql_query already registered for DAG: example_python_operator
[2023-02-19T16:55:01.124+0000] {logging_mixin.py:137} INFO - [2023-02-19T16:55:01.124+0000] {taskmixin.py:205} WARNING - Dependency <Task(_PythonDecoratedOperator): log_sql_query>, print_the_context already registered for DAG: example_python_operator
[2023-02-19T16:55:01.132+0000] {processor.py:753} INFO - DAG(s) dict_keys(['example_python_operator']) retrieved from /home/airflow/.local/lib/python3.7/site-packages/airflow/example_dags/example_python_operator.py
[2023-02-19T16:55:01.176+0000] {logging_mixin.py:137} INFO - [2023-02-19T16:55:01.176+0000] {dag.py:2676} INFO - Sync 1 DAGs
[2023-02-19T16:55:01.204+0000] {logging_mixin.py:137} INFO - [2023-02-19T16:55:01.204+0000] {dag.py:3427} INFO - Setting next_dagrun for example_python_operator to None, run_after=None
[2023-02-19T16:55:01.225+0000] {processor.py:175} INFO - Processing /home/airflow/.local/lib/python3.7/site-packages/airflow/example_dags/example_python_operator.py took 0.155 seconds
[2023-02-19T16:55:32.724+0000] {processor.py:153} INFO - Started process (PID=543) to work on /home/airflow/.local/lib/python3.7/site-packages/airflow/example_dags/example_python_operator.py
[2023-02-19T16:55:32.728+0000] {processor.py:743} INFO - Processing file /home/airflow/.local/lib/python3.7/site-packages/airflow/example_dags/example_python_operator.py for tasks to queue
[2023-02-19T16:55:32.730+0000] {logging_mixin.py:137} INFO - [2023-02-19T16:55:32.730+0000] {dagbag.py:538} INFO - Filling up the DagBag from /home/airflow/.local/lib/python3.7/site-packages/airflow/example_dags/example_python_operator.py
[2023-02-19T16:55:32.756+0000] {logging_mixin.py:137} INFO - [2023-02-19T16:55:32.756+0000] {taskmixin.py:205} WARNING - Dependency <Task(_PythonDecoratedOperator): print_the_context>, log_sql_query already registered for DAG: example_python_operator
[2023-02-19T16:55:32.757+0000] {logging_mixin.py:137} INFO - [2023-02-19T16:55:32.757+0000] {taskmixin.py:205} WARNING - Dependency <Task(_PythonDecoratedOperator): log_sql_query>, print_the_context already registered for DAG: example_python_operator
[2023-02-19T16:55:32.760+0000] {logging_mixin.py:137} INFO - [2023-02-19T16:55:32.759+0000] {taskmixin.py:205} WARNING - Dependency <Task(_PythonDecoratedOperator): print_the_context>, log_sql_query already registered for DAG: example_python_operator
[2023-02-19T16:55:32.761+0000] {logging_mixin.py:137} INFO - [2023-02-19T16:55:32.761+0000] {taskmixin.py:205} WARNING - Dependency <Task(_PythonDecoratedOperator): log_sql_query>, print_the_context already registered for DAG: example_python_operator
[2023-02-19T16:55:32.763+0000] {logging_mixin.py:137} INFO - [2023-02-19T16:55:32.763+0000] {taskmixin.py:205} WARNING - Dependency <Task(_PythonDecoratedOperator): print_the_context>, log_sql_query already registered for DAG: example_python_operator
[2023-02-19T16:55:32.764+0000] {logging_mixin.py:137} INFO - [2023-02-19T16:55:32.764+0000] {taskmixin.py:205} WARNING - Dependency <Task(_PythonDecoratedOperator): log_sql_query>, print_the_context already registered for DAG: example_python_operator
[2023-02-19T16:55:32.766+0000] {logging_mixin.py:137} INFO - [2023-02-19T16:55:32.766+0000] {taskmixin.py:205} WARNING - Dependency <Task(_PythonDecoratedOperator): print_the_context>, log_sql_query already registered for DAG: example_python_operator
[2023-02-19T16:55:32.768+0000] {logging_mixin.py:137} INFO - [2023-02-19T16:55:32.768+0000] {taskmixin.py:205} WARNING - Dependency <Task(_PythonDecoratedOperator): log_sql_query>, print_the_context already registered for DAG: example_python_operator
[2023-02-19T16:55:32.778+0000] {processor.py:753} INFO - DAG(s) dict_keys(['example_python_operator']) retrieved from /home/airflow/.local/lib/python3.7/site-packages/airflow/example_dags/example_python_operator.py
[2023-02-19T16:55:32.836+0000] {logging_mixin.py:137} INFO - [2023-02-19T16:55:32.835+0000] {dag.py:2676} INFO - Sync 1 DAGs
[2023-02-19T16:55:32.870+0000] {logging_mixin.py:137} INFO - [2023-02-19T16:55:32.870+0000] {dag.py:3427} INFO - Setting next_dagrun for example_python_operator to None, run_after=None
[2023-02-19T16:55:32.897+0000] {processor.py:175} INFO - Processing /home/airflow/.local/lib/python3.7/site-packages/airflow/example_dags/example_python_operator.py took 0.179 seconds
[2023-02-19T16:56:04.161+0000] {processor.py:153} INFO - Started process (PID=625) to work on /home/airflow/.local/lib/python3.7/site-packages/airflow/example_dags/example_python_operator.py
[2023-02-19T16:56:04.164+0000] {processor.py:743} INFO - Processing file /home/airflow/.local/lib/python3.7/site-packages/airflow/example_dags/example_python_operator.py for tasks to queue
[2023-02-19T16:56:04.165+0000] {logging_mixin.py:137} INFO - [2023-02-19T16:56:04.165+0000] {dagbag.py:538} INFO - Filling up the DagBag from /home/airflow/.local/lib/python3.7/site-packages/airflow/example_dags/example_python_operator.py
[2023-02-19T16:56:04.186+0000] {logging_mixin.py:137} INFO - [2023-02-19T16:56:04.186+0000] {taskmixin.py:205} WARNING - Dependency <Task(_PythonDecoratedOperator): print_the_context>, log_sql_query already registered for DAG: example_python_operator
[2023-02-19T16:56:04.187+0000] {logging_mixin.py:137} INFO - [2023-02-19T16:56:04.187+0000] {taskmixin.py:205} WARNING - Dependency <Task(_PythonDecoratedOperator): log_sql_query>, print_the_context already registered for DAG: example_python_operator
[2023-02-19T16:56:04.189+0000] {logging_mixin.py:137} INFO - [2023-02-19T16:56:04.189+0000] {taskmixin.py:205} WARNING - Dependency <Task(_PythonDecoratedOperator): print_the_context>, log_sql_query already registered for DAG: example_python_operator
[2023-02-19T16:56:04.190+0000] {logging_mixin.py:137} INFO - [2023-02-19T16:56:04.190+0000] {taskmixin.py:205} WARNING - Dependency <Task(_PythonDecoratedOperator): log_sql_query>, print_the_context already registered for DAG: example_python_operator
[2023-02-19T16:56:04.191+0000] {logging_mixin.py:137} INFO - [2023-02-19T16:56:04.191+0000] {taskmixin.py:205} WARNING - Dependency <Task(_PythonDecoratedOperator): print_the_context>, log_sql_query already registered for DAG: example_python_operator
[2023-02-19T16:56:04.192+0000] {logging_mixin.py:137} INFO - [2023-02-19T16:56:04.192+0000] {taskmixin.py:205} WARNING - Dependency <Task(_PythonDecoratedOperator): log_sql_query>, print_the_context already registered for DAG: example_python_operator
[2023-02-19T16:56:04.193+0000] {logging_mixin.py:137} INFO - [2023-02-19T16:56:04.193+0000] {taskmixin.py:205} WARNING - Dependency <Task(_PythonDecoratedOperator): print_the_context>, log_sql_query already registered for DAG: example_python_operator
[2023-02-19T16:56:04.194+0000] {logging_mixin.py:137} INFO - [2023-02-19T16:56:04.194+0000] {taskmixin.py:205} WARNING - Dependency <Task(_PythonDecoratedOperator): log_sql_query>, print_the_context already registered for DAG: example_python_operator
[2023-02-19T16:56:04.202+0000] {processor.py:753} INFO - DAG(s) dict_keys(['example_python_operator']) retrieved from /home/airflow/.local/lib/python3.7/site-packages/airflow/example_dags/example_python_operator.py
[2023-02-19T16:56:04.250+0000] {logging_mixin.py:137} INFO - [2023-02-19T16:56:04.250+0000] {dag.py:2676} INFO - Sync 1 DAGs
[2023-02-19T16:56:04.284+0000] {logging_mixin.py:137} INFO - [2023-02-19T16:56:04.284+0000] {dag.py:3427} INFO - Setting next_dagrun for example_python_operator to None, run_after=None
[2023-02-19T16:56:04.309+0000] {processor.py:175} INFO - Processing /home/airflow/.local/lib/python3.7/site-packages/airflow/example_dags/example_python_operator.py took 0.151 seconds
[2023-02-19T16:56:35.365+0000] {processor.py:153} INFO - Started process (PID=723) to work on /home/airflow/.local/lib/python3.7/site-packages/airflow/example_dags/example_python_operator.py
[2023-02-19T16:56:35.367+0000] {processor.py:743} INFO - Processing file /home/airflow/.local/lib/python3.7/site-packages/airflow/example_dags/example_python_operator.py for tasks to queue
[2023-02-19T16:56:35.369+0000] {logging_mixin.py:137} INFO - [2023-02-19T16:56:35.369+0000] {dagbag.py:538} INFO - Filling up the DagBag from /home/airflow/.local/lib/python3.7/site-packages/airflow/example_dags/example_python_operator.py
[2023-02-19T16:56:35.390+0000] {logging_mixin.py:137} INFO - [2023-02-19T16:56:35.390+0000] {taskmixin.py:205} WARNING - Dependency <Task(_PythonDecoratedOperator): print_the_context>, log_sql_query already registered for DAG: example_python_operator
[2023-02-19T16:56:35.391+0000] {logging_mixin.py:137} INFO - [2023-02-19T16:56:35.391+0000] {taskmixin.py:205} WARNING - Dependency <Task(_PythonDecoratedOperator): log_sql_query>, print_the_context already registered for DAG: example_python_operator
[2023-02-19T16:56:35.393+0000] {logging_mixin.py:137} INFO - [2023-02-19T16:56:35.393+0000] {taskmixin.py:205} WARNING - Dependency <Task(_PythonDecoratedOperator): print_the_context>, log_sql_query already registered for DAG: example_python_operator
[2023-02-19T16:56:35.395+0000] {logging_mixin.py:137} INFO - [2023-02-19T16:56:35.395+0000] {taskmixin.py:205} WARNING - Dependency <Task(_PythonDecoratedOperator): log_sql_query>, print_the_context already registered for DAG: example_python_operator
[2023-02-19T16:56:35.396+0000] {logging_mixin.py:137} INFO - [2023-02-19T16:56:35.396+0000] {taskmixin.py:205} WARNING - Dependency <Task(_PythonDecoratedOperator): print_the_context>, log_sql_query already registered for DAG: example_python_operator
[2023-02-19T16:56:35.397+0000] {logging_mixin.py:137} INFO - [2023-02-19T16:56:35.397+0000] {taskmixin.py:205} WARNING - Dependency <Task(_PythonDecoratedOperator): log_sql_query>, print_the_context already registered for DAG: example_python_operator
[2023-02-19T16:56:35.399+0000] {logging_mixin.py:137} INFO - [2023-02-19T16:56:35.399+0000] {taskmixin.py:205} WARNING - Dependency <Task(_PythonDecoratedOperator): print_the_context>, log_sql_query already registered for DAG: example_python_operator
[2023-02-19T16:56:35.400+0000] {logging_mixin.py:137} INFO - [2023-02-19T16:56:35.400+0000] {taskmixin.py:205} WARNING - Dependency <Task(_PythonDecoratedOperator): log_sql_query>, print_the_context already registered for DAG: example_python_operator
[2023-02-19T16:56:35.410+0000] {processor.py:753} INFO - DAG(s) dict_keys(['example_python_operator']) retrieved from /home/airflow/.local/lib/python3.7/site-packages/airflow/example_dags/example_python_operator.py
[2023-02-19T16:56:35.464+0000] {logging_mixin.py:137} INFO - [2023-02-19T16:56:35.464+0000] {dag.py:2676} INFO - Sync 1 DAGs
[2023-02-19T16:56:35.496+0000] {logging_mixin.py:137} INFO - [2023-02-19T16:56:35.495+0000] {dag.py:3427} INFO - Setting next_dagrun for example_python_operator to None, run_after=None
[2023-02-19T16:56:35.516+0000] {processor.py:175} INFO - Processing /home/airflow/.local/lib/python3.7/site-packages/airflow/example_dags/example_python_operator.py took 0.155 seconds
[2023-02-19T16:57:06.605+0000] {processor.py:153} INFO - Started process (PID=805) to work on /home/airflow/.local/lib/python3.7/site-packages/airflow/example_dags/example_python_operator.py
[2023-02-19T16:57:06.608+0000] {processor.py:743} INFO - Processing file /home/airflow/.local/lib/python3.7/site-packages/airflow/example_dags/example_python_operator.py for tasks to queue
[2023-02-19T16:57:06.610+0000] {logging_mixin.py:137} INFO - [2023-02-19T16:57:06.609+0000] {dagbag.py:538} INFO - Filling up the DagBag from /home/airflow/.local/lib/python3.7/site-packages/airflow/example_dags/example_python_operator.py
[2023-02-19T16:57:06.631+0000] {logging_mixin.py:137} INFO - [2023-02-19T16:57:06.631+0000] {taskmixin.py:205} WARNING - Dependency <Task(_PythonDecoratedOperator): print_the_context>, log_sql_query already registered for DAG: example_python_operator
[2023-02-19T16:57:06.633+0000] {logging_mixin.py:137} INFO - [2023-02-19T16:57:06.633+0000] {taskmixin.py:205} WARNING - Dependency <Task(_PythonDecoratedOperator): log_sql_query>, print_the_context already registered for DAG: example_python_operator
[2023-02-19T16:57:06.635+0000] {logging_mixin.py:137} INFO - [2023-02-19T16:57:06.635+0000] {taskmixin.py:205} WARNING - Dependency <Task(_PythonDecoratedOperator): print_the_context>, log_sql_query already registered for DAG: example_python_operator
[2023-02-19T16:57:06.636+0000] {logging_mixin.py:137} INFO - [2023-02-19T16:57:06.636+0000] {taskmixin.py:205} WARNING - Dependency <Task(_PythonDecoratedOperator): log_sql_query>, print_the_context already registered for DAG: example_python_operator
[2023-02-19T16:57:06.637+0000] {logging_mixin.py:137} INFO - [2023-02-19T16:57:06.637+0000] {taskmixin.py:205} WARNING - Dependency <Task(_PythonDecoratedOperator): print_the_context>, log_sql_query already registered for DAG: example_python_operator
[2023-02-19T16:57:06.638+0000] {logging_mixin.py:137} INFO - [2023-02-19T16:57:06.638+0000] {taskmixin.py:205} WARNING - Dependency <Task(_PythonDecoratedOperator): log_sql_query>, print_the_context already registered for DAG: example_python_operator
[2023-02-19T16:57:06.641+0000] {logging_mixin.py:137} INFO - [2023-02-19T16:57:06.641+0000] {taskmixin.py:205} WARNING - Dependency <Task(_PythonDecoratedOperator): print_the_context>, log_sql_query already registered for DAG: example_python_operator
[2023-02-19T16:57:06.642+0000] {logging_mixin.py:137} INFO - [2023-02-19T16:57:06.642+0000] {taskmixin.py:205} WARNING - Dependency <Task(_PythonDecoratedOperator): log_sql_query>, print_the_context already registered for DAG: example_python_operator
[2023-02-19T16:57:06.650+0000] {processor.py:753} INFO - DAG(s) dict_keys(['example_python_operator']) retrieved from /home/airflow/.local/lib/python3.7/site-packages/airflow/example_dags/example_python_operator.py
[2023-02-19T16:57:06.696+0000] {logging_mixin.py:137} INFO - [2023-02-19T16:57:06.696+0000] {dag.py:2676} INFO - Sync 1 DAGs
[2023-02-19T16:57:06.726+0000] {logging_mixin.py:137} INFO - [2023-02-19T16:57:06.726+0000] {dag.py:3427} INFO - Setting next_dagrun for example_python_operator to None, run_after=None
[2023-02-19T16:57:06.746+0000] {processor.py:175} INFO - Processing /home/airflow/.local/lib/python3.7/site-packages/airflow/example_dags/example_python_operator.py took 0.145 seconds
[2023-02-19T16:57:38.219+0000] {processor.py:153} INFO - Started process (PID=903) to work on /home/airflow/.local/lib/python3.7/site-packages/airflow/example_dags/example_python_operator.py
[2023-02-19T16:57:38.222+0000] {processor.py:743} INFO - Processing file /home/airflow/.local/lib/python3.7/site-packages/airflow/example_dags/example_python_operator.py for tasks to queue
[2023-02-19T16:57:38.223+0000] {logging_mixin.py:137} INFO - [2023-02-19T16:57:38.223+0000] {dagbag.py:538} INFO - Filling up the DagBag from /home/airflow/.local/lib/python3.7/site-packages/airflow/example_dags/example_python_operator.py
[2023-02-19T16:57:38.243+0000] {logging_mixin.py:137} INFO - [2023-02-19T16:57:38.243+0000] {taskmixin.py:205} WARNING - Dependency <Task(_PythonDecoratedOperator): print_the_context>, log_sql_query already registered for DAG: example_python_operator
[2023-02-19T16:57:38.245+0000] {logging_mixin.py:137} INFO - [2023-02-19T16:57:38.245+0000] {taskmixin.py:205} WARNING - Dependency <Task(_PythonDecoratedOperator): log_sql_query>, print_the_context already registered for DAG: example_python_operator
[2023-02-19T16:57:38.246+0000] {logging_mixin.py:137} INFO - [2023-02-19T16:57:38.246+0000] {taskmixin.py:205} WARNING - Dependency <Task(_PythonDecoratedOperator): print_the_context>, log_sql_query already registered for DAG: example_python_operator
[2023-02-19T16:57:38.247+0000] {logging_mixin.py:137} INFO - [2023-02-19T16:57:38.247+0000] {taskmixin.py:205} WARNING - Dependency <Task(_PythonDecoratedOperator): log_sql_query>, print_the_context already registered for DAG: example_python_operator
[2023-02-19T16:57:38.249+0000] {logging_mixin.py:137} INFO - [2023-02-19T16:57:38.249+0000] {taskmixin.py:205} WARNING - Dependency <Task(_PythonDecoratedOperator): print_the_context>, log_sql_query already registered for DAG: example_python_operator
[2023-02-19T16:57:38.250+0000] {logging_mixin.py:137} INFO - [2023-02-19T16:57:38.249+0000] {taskmixin.py:205} WARNING - Dependency <Task(_PythonDecoratedOperator): log_sql_query>, print_the_context already registered for DAG: example_python_operator
[2023-02-19T16:57:38.251+0000] {logging_mixin.py:137} INFO - [2023-02-19T16:57:38.251+0000] {taskmixin.py:205} WARNING - Dependency <Task(_PythonDecoratedOperator): print_the_context>, log_sql_query already registered for DAG: example_python_operator
[2023-02-19T16:57:38.252+0000] {logging_mixin.py:137} INFO - [2023-02-19T16:57:38.252+0000] {taskmixin.py:205} WARNING - Dependency <Task(_PythonDecoratedOperator): log_sql_query>, print_the_context already registered for DAG: example_python_operator
[2023-02-19T16:57:38.260+0000] {processor.py:753} INFO - DAG(s) dict_keys(['example_python_operator']) retrieved from /home/airflow/.local/lib/python3.7/site-packages/airflow/example_dags/example_python_operator.py
[2023-02-19T16:57:38.306+0000] {logging_mixin.py:137} INFO - [2023-02-19T16:57:38.306+0000] {dag.py:2676} INFO - Sync 1 DAGs
[2023-02-19T16:57:38.336+0000] {logging_mixin.py:137} INFO - [2023-02-19T16:57:38.335+0000] {dag.py:3427} INFO - Setting next_dagrun for example_python_operator to None, run_after=None
[2023-02-19T16:57:38.361+0000] {processor.py:175} INFO - Processing /home/airflow/.local/lib/python3.7/site-packages/airflow/example_dags/example_python_operator.py took 0.146 seconds
[2023-02-19T16:58:09.389+0000] {processor.py:153} INFO - Started process (PID=985) to work on /home/airflow/.local/lib/python3.7/site-packages/airflow/example_dags/example_python_operator.py
[2023-02-19T16:58:09.391+0000] {processor.py:743} INFO - Processing file /home/airflow/.local/lib/python3.7/site-packages/airflow/example_dags/example_python_operator.py for tasks to queue
[2023-02-19T16:58:09.393+0000] {logging_mixin.py:137} INFO - [2023-02-19T16:58:09.393+0000] {dagbag.py:538} INFO - Filling up the DagBag from /home/airflow/.local/lib/python3.7/site-packages/airflow/example_dags/example_python_operator.py
[2023-02-19T16:58:09.414+0000] {logging_mixin.py:137} INFO - [2023-02-19T16:58:09.413+0000] {taskmixin.py:205} WARNING - Dependency <Task(_PythonDecoratedOperator): print_the_context>, log_sql_query already registered for DAG: example_python_operator
[2023-02-19T16:58:09.415+0000] {logging_mixin.py:137} INFO - [2023-02-19T16:58:09.415+0000] {taskmixin.py:205} WARNING - Dependency <Task(_PythonDecoratedOperator): log_sql_query>, print_the_context already registered for DAG: example_python_operator
[2023-02-19T16:58:09.417+0000] {logging_mixin.py:137} INFO - [2023-02-19T16:58:09.417+0000] {taskmixin.py:205} WARNING - Dependency <Task(_PythonDecoratedOperator): print_the_context>, log_sql_query already registered for DAG: example_python_operator
[2023-02-19T16:58:09.418+0000] {logging_mixin.py:137} INFO - [2023-02-19T16:58:09.418+0000] {taskmixin.py:205} WARNING - Dependency <Task(_PythonDecoratedOperator): log_sql_query>, print_the_context already registered for DAG: example_python_operator
[2023-02-19T16:58:09.422+0000] {logging_mixin.py:137} INFO - [2023-02-19T16:58:09.422+0000] {taskmixin.py:205} WARNING - Dependency <Task(_PythonDecoratedOperator): print_the_context>, log_sql_query already registered for DAG: example_python_operator
[2023-02-19T16:58:09.423+0000] {logging_mixin.py:137} INFO - [2023-02-19T16:58:09.423+0000] {taskmixin.py:205} WARNING - Dependency <Task(_PythonDecoratedOperator): log_sql_query>, print_the_context already registered for DAG: example_python_operator
[2023-02-19T16:58:09.425+0000] {logging_mixin.py:137} INFO - [2023-02-19T16:58:09.425+0000] {taskmixin.py:205} WARNING - Dependency <Task(_PythonDecoratedOperator): print_the_context>, log_sql_query already registered for DAG: example_python_operator
[2023-02-19T16:58:09.426+0000] {logging_mixin.py:137} INFO - [2023-02-19T16:58:09.426+0000] {taskmixin.py:205} WARNING - Dependency <Task(_PythonDecoratedOperator): log_sql_query>, print_the_context already registered for DAG: example_python_operator
[2023-02-19T16:58:09.435+0000] {processor.py:753} INFO - DAG(s) dict_keys(['example_python_operator']) retrieved from /home/airflow/.local/lib/python3.7/site-packages/airflow/example_dags/example_python_operator.py
[2023-02-19T16:58:09.484+0000] {logging_mixin.py:137} INFO - [2023-02-19T16:58:09.484+0000] {dag.py:2676} INFO - Sync 1 DAGs
[2023-02-19T16:58:09.553+0000] {logging_mixin.py:137} INFO - [2023-02-19T16:58:09.553+0000] {dag.py:3427} INFO - Setting next_dagrun for example_python_operator to None, run_after=None
[2023-02-19T16:58:09.588+0000] {processor.py:175} INFO - Processing /home/airflow/.local/lib/python3.7/site-packages/airflow/example_dags/example_python_operator.py took 0.203 seconds
[2023-02-19T16:58:40.890+0000] {processor.py:153} INFO - Started process (PID=1083) to work on /home/airflow/.local/lib/python3.7/site-packages/airflow/example_dags/example_python_operator.py
[2023-02-19T16:58:40.893+0000] {processor.py:743} INFO - Processing file /home/airflow/.local/lib/python3.7/site-packages/airflow/example_dags/example_python_operator.py for tasks to queue
[2023-02-19T16:58:40.895+0000] {logging_mixin.py:137} INFO - [2023-02-19T16:58:40.895+0000] {dagbag.py:538} INFO - Filling up the DagBag from /home/airflow/.local/lib/python3.7/site-packages/airflow/example_dags/example_python_operator.py
[2023-02-19T16:58:40.917+0000] {logging_mixin.py:137} INFO - [2023-02-19T16:58:40.916+0000] {taskmixin.py:205} WARNING - Dependency <Task(_PythonDecoratedOperator): print_the_context>, log_sql_query already registered for DAG: example_python_operator
[2023-02-19T16:58:40.918+0000] {logging_mixin.py:137} INFO - [2023-02-19T16:58:40.918+0000] {taskmixin.py:205} WARNING - Dependency <Task(_PythonDecoratedOperator): log_sql_query>, print_the_context already registered for DAG: example_python_operator
[2023-02-19T16:58:40.919+0000] {logging_mixin.py:137} INFO - [2023-02-19T16:58:40.919+0000] {taskmixin.py:205} WARNING - Dependency <Task(_PythonDecoratedOperator): print_the_context>, log_sql_query already registered for DAG: example_python_operator
[2023-02-19T16:58:40.920+0000] {logging_mixin.py:137} INFO - [2023-02-19T16:58:40.920+0000] {taskmixin.py:205} WARNING - Dependency <Task(_PythonDecoratedOperator): log_sql_query>, print_the_context already registered for DAG: example_python_operator
[2023-02-19T16:58:40.922+0000] {logging_mixin.py:137} INFO - [2023-02-19T16:58:40.922+0000] {taskmixin.py:205} WARNING - Dependency <Task(_PythonDecoratedOperator): print_the_context>, log_sql_query already registered for DAG: example_python_operator
[2023-02-19T16:58:40.923+0000] {logging_mixin.py:137} INFO - [2023-02-19T16:58:40.923+0000] {taskmixin.py:205} WARNING - Dependency <Task(_PythonDecoratedOperator): log_sql_query>, print_the_context already registered for DAG: example_python_operator
[2023-02-19T16:58:40.924+0000] {logging_mixin.py:137} INFO - [2023-02-19T16:58:40.924+0000] {taskmixin.py:205} WARNING - Dependency <Task(_PythonDecoratedOperator): print_the_context>, log_sql_query already registered for DAG: example_python_operator
[2023-02-19T16:58:40.925+0000] {logging_mixin.py:137} INFO - [2023-02-19T16:58:40.925+0000] {taskmixin.py:205} WARNING - Dependency <Task(_PythonDecoratedOperator): log_sql_query>, print_the_context already registered for DAG: example_python_operator
[2023-02-19T16:58:40.933+0000] {processor.py:753} INFO - DAG(s) dict_keys(['example_python_operator']) retrieved from /home/airflow/.local/lib/python3.7/site-packages/airflow/example_dags/example_python_operator.py
[2023-02-19T16:58:40.977+0000] {logging_mixin.py:137} INFO - [2023-02-19T16:58:40.977+0000] {dag.py:2676} INFO - Sync 1 DAGs
[2023-02-19T16:58:41.008+0000] {logging_mixin.py:137} INFO - [2023-02-19T16:58:41.007+0000] {dag.py:3427} INFO - Setting next_dagrun for example_python_operator to None, run_after=None
[2023-02-19T16:58:41.038+0000] {processor.py:175} INFO - Processing /home/airflow/.local/lib/python3.7/site-packages/airflow/example_dags/example_python_operator.py took 0.152 seconds
[2023-02-19T16:59:12.389+0000] {processor.py:153} INFO - Started process (PID=1174) to work on /home/airflow/.local/lib/python3.7/site-packages/airflow/example_dags/example_python_operator.py
[2023-02-19T16:59:12.391+0000] {processor.py:743} INFO - Processing file /home/airflow/.local/lib/python3.7/site-packages/airflow/example_dags/example_python_operator.py for tasks to queue
[2023-02-19T16:59:12.393+0000] {logging_mixin.py:137} INFO - [2023-02-19T16:59:12.393+0000] {dagbag.py:538} INFO - Filling up the DagBag from /home/airflow/.local/lib/python3.7/site-packages/airflow/example_dags/example_python_operator.py
[2023-02-19T16:59:12.414+0000] {logging_mixin.py:137} INFO - [2023-02-19T16:59:12.414+0000] {taskmixin.py:205} WARNING - Dependency <Task(_PythonDecoratedOperator): print_the_context>, log_sql_query already registered for DAG: example_python_operator
[2023-02-19T16:59:12.415+0000] {logging_mixin.py:137} INFO - [2023-02-19T16:59:12.415+0000] {taskmixin.py:205} WARNING - Dependency <Task(_PythonDecoratedOperator): log_sql_query>, print_the_context already registered for DAG: example_python_operator
[2023-02-19T16:59:12.418+0000] {logging_mixin.py:137} INFO - [2023-02-19T16:59:12.418+0000] {taskmixin.py:205} WARNING - Dependency <Task(_PythonDecoratedOperator): print_the_context>, log_sql_query already registered for DAG: example_python_operator
[2023-02-19T16:59:12.419+0000] {logging_mixin.py:137} INFO - [2023-02-19T16:59:12.419+0000] {taskmixin.py:205} WARNING - Dependency <Task(_PythonDecoratedOperator): log_sql_query>, print_the_context already registered for DAG: example_python_operator
[2023-02-19T16:59:12.420+0000] {logging_mixin.py:137} INFO - [2023-02-19T16:59:12.420+0000] {taskmixin.py:205} WARNING - Dependency <Task(_PythonDecoratedOperator): print_the_context>, log_sql_query already registered for DAG: example_python_operator
[2023-02-19T16:59:12.422+0000] {logging_mixin.py:137} INFO - [2023-02-19T16:59:12.422+0000] {taskmixin.py:205} WARNING - Dependency <Task(_PythonDecoratedOperator): log_sql_query>, print_the_context already registered for DAG: example_python_operator
[2023-02-19T16:59:12.423+0000] {logging_mixin.py:137} INFO - [2023-02-19T16:59:12.423+0000] {taskmixin.py:205} WARNING - Dependency <Task(_PythonDecoratedOperator): print_the_context>, log_sql_query already registered for DAG: example_python_operator
[2023-02-19T16:59:12.424+0000] {logging_mixin.py:137} INFO - [2023-02-19T16:59:12.424+0000] {taskmixin.py:205} WARNING - Dependency <Task(_PythonDecoratedOperator): log_sql_query>, print_the_context already registered for DAG: example_python_operator
[2023-02-19T16:59:12.432+0000] {processor.py:753} INFO - DAG(s) dict_keys(['example_python_operator']) retrieved from /home/airflow/.local/lib/python3.7/site-packages/airflow/example_dags/example_python_operator.py
[2023-02-19T16:59:12.501+0000] {logging_mixin.py:137} INFO - [2023-02-19T16:59:12.500+0000] {dag.py:2676} INFO - Sync 1 DAGs
[2023-02-19T16:59:12.545+0000] {logging_mixin.py:137} INFO - [2023-02-19T16:59:12.544+0000] {dag.py:3427} INFO - Setting next_dagrun for example_python_operator to None, run_after=None
[2023-02-19T16:59:12.584+0000] {processor.py:175} INFO - Processing /home/airflow/.local/lib/python3.7/site-packages/airflow/example_dags/example_python_operator.py took 0.199 seconds
[2023-02-19T16:59:43.301+0000] {processor.py:153} INFO - Started process (PID=1263) to work on /home/airflow/.local/lib/python3.7/site-packages/airflow/example_dags/example_python_operator.py
[2023-02-19T16:59:43.303+0000] {processor.py:743} INFO - Processing file /home/airflow/.local/lib/python3.7/site-packages/airflow/example_dags/example_python_operator.py for tasks to queue
[2023-02-19T16:59:43.305+0000] {logging_mixin.py:137} INFO - [2023-02-19T16:59:43.305+0000] {dagbag.py:538} INFO - Filling up the DagBag from /home/airflow/.local/lib/python3.7/site-packages/airflow/example_dags/example_python_operator.py
[2023-02-19T16:59:43.331+0000] {logging_mixin.py:137} INFO - [2023-02-19T16:59:43.330+0000] {taskmixin.py:205} WARNING - Dependency <Task(_PythonDecoratedOperator): print_the_context>, log_sql_query already registered for DAG: example_python_operator
[2023-02-19T16:59:43.332+0000] {logging_mixin.py:137} INFO - [2023-02-19T16:59:43.332+0000] {taskmixin.py:205} WARNING - Dependency <Task(_PythonDecoratedOperator): log_sql_query>, print_the_context already registered for DAG: example_python_operator
[2023-02-19T16:59:43.333+0000] {logging_mixin.py:137} INFO - [2023-02-19T16:59:43.333+0000] {taskmixin.py:205} WARNING - Dependency <Task(_PythonDecoratedOperator): print_the_context>, log_sql_query already registered for DAG: example_python_operator
[2023-02-19T16:59:43.335+0000] {logging_mixin.py:137} INFO - [2023-02-19T16:59:43.334+0000] {taskmixin.py:205} WARNING - Dependency <Task(_PythonDecoratedOperator): log_sql_query>, print_the_context already registered for DAG: example_python_operator
[2023-02-19T16:59:43.336+0000] {logging_mixin.py:137} INFO - [2023-02-19T16:59:43.336+0000] {taskmixin.py:205} WARNING - Dependency <Task(_PythonDecoratedOperator): print_the_context>, log_sql_query already registered for DAG: example_python_operator
[2023-02-19T16:59:43.338+0000] {logging_mixin.py:137} INFO - [2023-02-19T16:59:43.338+0000] {taskmixin.py:205} WARNING - Dependency <Task(_PythonDecoratedOperator): log_sql_query>, print_the_context already registered for DAG: example_python_operator
[2023-02-19T16:59:43.340+0000] {logging_mixin.py:137} INFO - [2023-02-19T16:59:43.339+0000] {taskmixin.py:205} WARNING - Dependency <Task(_PythonDecoratedOperator): print_the_context>, log_sql_query already registered for DAG: example_python_operator
[2023-02-19T16:59:43.341+0000] {logging_mixin.py:137} INFO - [2023-02-19T16:59:43.340+0000] {taskmixin.py:205} WARNING - Dependency <Task(_PythonDecoratedOperator): log_sql_query>, print_the_context already registered for DAG: example_python_operator
[2023-02-19T16:59:43.348+0000] {processor.py:753} INFO - DAG(s) dict_keys(['example_python_operator']) retrieved from /home/airflow/.local/lib/python3.7/site-packages/airflow/example_dags/example_python_operator.py
[2023-02-19T16:59:43.393+0000] {logging_mixin.py:137} INFO - [2023-02-19T16:59:43.392+0000] {dag.py:2676} INFO - Sync 1 DAGs
[2023-02-19T16:59:43.421+0000] {logging_mixin.py:137} INFO - [2023-02-19T16:59:43.421+0000] {dag.py:3427} INFO - Setting next_dagrun for example_python_operator to None, run_after=None
[2023-02-19T16:59:43.440+0000] {processor.py:175} INFO - Processing /home/airflow/.local/lib/python3.7/site-packages/airflow/example_dags/example_python_operator.py took 0.145 seconds
[2023-02-19T17:00:15.133+0000] {processor.py:153} INFO - Started process (PID=1355) to work on /home/airflow/.local/lib/python3.7/site-packages/airflow/example_dags/example_python_operator.py
[2023-02-19T17:00:15.135+0000] {processor.py:743} INFO - Processing file /home/airflow/.local/lib/python3.7/site-packages/airflow/example_dags/example_python_operator.py for tasks to queue
[2023-02-19T17:00:15.138+0000] {logging_mixin.py:137} INFO - [2023-02-19T17:00:15.138+0000] {dagbag.py:538} INFO - Filling up the DagBag from /home/airflow/.local/lib/python3.7/site-packages/airflow/example_dags/example_python_operator.py
[2023-02-19T17:00:15.175+0000] {logging_mixin.py:137} INFO - [2023-02-19T17:00:15.175+0000] {taskmixin.py:205} WARNING - Dependency <Task(_PythonDecoratedOperator): print_the_context>, log_sql_query already registered for DAG: example_python_operator
[2023-02-19T17:00:15.178+0000] {logging_mixin.py:137} INFO - [2023-02-19T17:00:15.177+0000] {taskmixin.py:205} WARNING - Dependency <Task(_PythonDecoratedOperator): log_sql_query>, print_the_context already registered for DAG: example_python_operator
[2023-02-19T17:00:15.181+0000] {logging_mixin.py:137} INFO - [2023-02-19T17:00:15.181+0000] {taskmixin.py:205} WARNING - Dependency <Task(_PythonDecoratedOperator): print_the_context>, log_sql_query already registered for DAG: example_python_operator
[2023-02-19T17:00:15.182+0000] {logging_mixin.py:137} INFO - [2023-02-19T17:00:15.182+0000] {taskmixin.py:205} WARNING - Dependency <Task(_PythonDecoratedOperator): log_sql_query>, print_the_context already registered for DAG: example_python_operator
[2023-02-19T17:00:15.185+0000] {logging_mixin.py:137} INFO - [2023-02-19T17:00:15.185+0000] {taskmixin.py:205} WARNING - Dependency <Task(_PythonDecoratedOperator): print_the_context>, log_sql_query already registered for DAG: example_python_operator
[2023-02-19T17:00:15.187+0000] {logging_mixin.py:137} INFO - [2023-02-19T17:00:15.187+0000] {taskmixin.py:205} WARNING - Dependency <Task(_PythonDecoratedOperator): log_sql_query>, print_the_context already registered for DAG: example_python_operator
[2023-02-19T17:00:15.191+0000] {logging_mixin.py:137} INFO - [2023-02-19T17:00:15.191+0000] {taskmixin.py:205} WARNING - Dependency <Task(_PythonDecoratedOperator): print_the_context>, log_sql_query already registered for DAG: example_python_operator
[2023-02-19T17:00:15.192+0000] {logging_mixin.py:137} INFO - [2023-02-19T17:00:15.192+0000] {taskmixin.py:205} WARNING - Dependency <Task(_PythonDecoratedOperator): log_sql_query>, print_the_context already registered for DAG: example_python_operator
[2023-02-19T17:00:15.205+0000] {processor.py:753} INFO - DAG(s) dict_keys(['example_python_operator']) retrieved from /home/airflow/.local/lib/python3.7/site-packages/airflow/example_dags/example_python_operator.py
[2023-02-19T17:00:15.268+0000] {logging_mixin.py:137} INFO - [2023-02-19T17:00:15.268+0000] {dag.py:2676} INFO - Sync 1 DAGs
[2023-02-19T17:00:15.310+0000] {logging_mixin.py:137} INFO - [2023-02-19T17:00:15.310+0000] {dag.py:3427} INFO - Setting next_dagrun for example_python_operator to None, run_after=None
[2023-02-19T17:00:15.354+0000] {processor.py:175} INFO - Processing /home/airflow/.local/lib/python3.7/site-packages/airflow/example_dags/example_python_operator.py took 0.227 seconds
[2023-02-19T17:00:46.622+0000] {processor.py:153} INFO - Started process (PID=1444) to work on /home/airflow/.local/lib/python3.7/site-packages/airflow/example_dags/example_python_operator.py
[2023-02-19T17:00:46.625+0000] {processor.py:743} INFO - Processing file /home/airflow/.local/lib/python3.7/site-packages/airflow/example_dags/example_python_operator.py for tasks to queue
[2023-02-19T17:00:46.627+0000] {logging_mixin.py:137} INFO - [2023-02-19T17:00:46.627+0000] {dagbag.py:538} INFO - Filling up the DagBag from /home/airflow/.local/lib/python3.7/site-packages/airflow/example_dags/example_python_operator.py
[2023-02-19T17:00:46.651+0000] {logging_mixin.py:137} INFO - [2023-02-19T17:00:46.651+0000] {taskmixin.py:205} WARNING - Dependency <Task(_PythonDecoratedOperator): print_the_context>, log_sql_query already registered for DAG: example_python_operator
[2023-02-19T17:00:46.653+0000] {logging_mixin.py:137} INFO - [2023-02-19T17:00:46.653+0000] {taskmixin.py:205} WARNING - Dependency <Task(_PythonDecoratedOperator): log_sql_query>, print_the_context already registered for DAG: example_python_operator
[2023-02-19T17:00:46.654+0000] {logging_mixin.py:137} INFO - [2023-02-19T17:00:46.654+0000] {taskmixin.py:205} WARNING - Dependency <Task(_PythonDecoratedOperator): print_the_context>, log_sql_query already registered for DAG: example_python_operator
[2023-02-19T17:00:46.656+0000] {logging_mixin.py:137} INFO - [2023-02-19T17:00:46.655+0000] {taskmixin.py:205} WARNING - Dependency <Task(_PythonDecoratedOperator): log_sql_query>, print_the_context already registered for DAG: example_python_operator
[2023-02-19T17:00:46.657+0000] {logging_mixin.py:137} INFO - [2023-02-19T17:00:46.657+0000] {taskmixin.py:205} WARNING - Dependency <Task(_PythonDecoratedOperator): print_the_context>, log_sql_query already registered for DAG: example_python_operator
[2023-02-19T17:00:46.658+0000] {logging_mixin.py:137} INFO - [2023-02-19T17:00:46.658+0000] {taskmixin.py:205} WARNING - Dependency <Task(_PythonDecoratedOperator): log_sql_query>, print_the_context already registered for DAG: example_python_operator
[2023-02-19T17:00:46.660+0000] {logging_mixin.py:137} INFO - [2023-02-19T17:00:46.660+0000] {taskmixin.py:205} WARNING - Dependency <Task(_PythonDecoratedOperator): print_the_context>, log_sql_query already registered for DAG: example_python_operator
[2023-02-19T17:00:46.661+0000] {logging_mixin.py:137} INFO - [2023-02-19T17:00:46.661+0000] {taskmixin.py:205} WARNING - Dependency <Task(_PythonDecoratedOperator): log_sql_query>, print_the_context already registered for DAG: example_python_operator
[2023-02-19T17:00:46.669+0000] {processor.py:753} INFO - DAG(s) dict_keys(['example_python_operator']) retrieved from /home/airflow/.local/lib/python3.7/site-packages/airflow/example_dags/example_python_operator.py
[2023-02-19T17:00:46.714+0000] {logging_mixin.py:137} INFO - [2023-02-19T17:00:46.714+0000] {dag.py:2676} INFO - Sync 1 DAGs
[2023-02-19T17:00:46.745+0000] {logging_mixin.py:137} INFO - [2023-02-19T17:00:46.744+0000] {dag.py:3427} INFO - Setting next_dagrun for example_python_operator to None, run_after=None
[2023-02-19T17:00:46.766+0000] {processor.py:175} INFO - Processing /home/airflow/.local/lib/python3.7/site-packages/airflow/example_dags/example_python_operator.py took 0.148 seconds
[2023-02-19T17:01:17.939+0000] {processor.py:153} INFO - Started process (PID=1535) to work on /home/airflow/.local/lib/python3.7/site-packages/airflow/example_dags/example_python_operator.py
[2023-02-19T17:01:17.943+0000] {processor.py:743} INFO - Processing file /home/airflow/.local/lib/python3.7/site-packages/airflow/example_dags/example_python_operator.py for tasks to queue
[2023-02-19T17:01:17.945+0000] {logging_mixin.py:137} INFO - [2023-02-19T17:01:17.945+0000] {dagbag.py:538} INFO - Filling up the DagBag from /home/airflow/.local/lib/python3.7/site-packages/airflow/example_dags/example_python_operator.py
[2023-02-19T17:01:17.978+0000] {logging_mixin.py:137} INFO - [2023-02-19T17:01:17.978+0000] {taskmixin.py:205} WARNING - Dependency <Task(_PythonDecoratedOperator): print_the_context>, log_sql_query already registered for DAG: example_python_operator
[2023-02-19T17:01:17.980+0000] {logging_mixin.py:137} INFO - [2023-02-19T17:01:17.980+0000] {taskmixin.py:205} WARNING - Dependency <Task(_PythonDecoratedOperator): log_sql_query>, print_the_context already registered for DAG: example_python_operator
[2023-02-19T17:01:17.983+0000] {logging_mixin.py:137} INFO - [2023-02-19T17:01:17.982+0000] {taskmixin.py:205} WARNING - Dependency <Task(_PythonDecoratedOperator): print_the_context>, log_sql_query already registered for DAG: example_python_operator
[2023-02-19T17:01:17.985+0000] {logging_mixin.py:137} INFO - [2023-02-19T17:01:17.985+0000] {taskmixin.py:205} WARNING - Dependency <Task(_PythonDecoratedOperator): log_sql_query>, print_the_context already registered for DAG: example_python_operator
[2023-02-19T17:01:17.987+0000] {logging_mixin.py:137} INFO - [2023-02-19T17:01:17.987+0000] {taskmixin.py:205} WARNING - Dependency <Task(_PythonDecoratedOperator): print_the_context>, log_sql_query already registered for DAG: example_python_operator
[2023-02-19T17:01:17.991+0000] {logging_mixin.py:137} INFO - [2023-02-19T17:01:17.991+0000] {taskmixin.py:205} WARNING - Dependency <Task(_PythonDecoratedOperator): log_sql_query>, print_the_context already registered for DAG: example_python_operator
[2023-02-19T17:01:17.994+0000] {logging_mixin.py:137} INFO - [2023-02-19T17:01:17.994+0000] {taskmixin.py:205} WARNING - Dependency <Task(_PythonDecoratedOperator): print_the_context>, log_sql_query already registered for DAG: example_python_operator
[2023-02-19T17:01:17.997+0000] {logging_mixin.py:137} INFO - [2023-02-19T17:01:17.996+0000] {taskmixin.py:205} WARNING - Dependency <Task(_PythonDecoratedOperator): log_sql_query>, print_the_context already registered for DAG: example_python_operator
[2023-02-19T17:01:18.008+0000] {processor.py:753} INFO - DAG(s) dict_keys(['example_python_operator']) retrieved from /home/airflow/.local/lib/python3.7/site-packages/airflow/example_dags/example_python_operator.py
[2023-02-19T17:01:18.086+0000] {logging_mixin.py:137} INFO - [2023-02-19T17:01:18.086+0000] {dag.py:2676} INFO - Sync 1 DAGs
[2023-02-19T17:01:18.131+0000] {logging_mixin.py:137} INFO - [2023-02-19T17:01:18.131+0000] {dag.py:3427} INFO - Setting next_dagrun for example_python_operator to None, run_after=None
[2023-02-19T17:01:18.169+0000] {processor.py:175} INFO - Processing /home/airflow/.local/lib/python3.7/site-packages/airflow/example_dags/example_python_operator.py took 0.236 seconds
[2023-02-19T17:01:49.057+0000] {processor.py:153} INFO - Started process (PID=1624) to work on /home/airflow/.local/lib/python3.7/site-packages/airflow/example_dags/example_python_operator.py
[2023-02-19T17:01:49.060+0000] {processor.py:743} INFO - Processing file /home/airflow/.local/lib/python3.7/site-packages/airflow/example_dags/example_python_operator.py for tasks to queue
[2023-02-19T17:01:49.062+0000] {logging_mixin.py:137} INFO - [2023-02-19T17:01:49.062+0000] {dagbag.py:538} INFO - Filling up the DagBag from /home/airflow/.local/lib/python3.7/site-packages/airflow/example_dags/example_python_operator.py
[2023-02-19T17:01:49.083+0000] {logging_mixin.py:137} INFO - [2023-02-19T17:01:49.083+0000] {taskmixin.py:205} WARNING - Dependency <Task(_PythonDecoratedOperator): print_the_context>, log_sql_query already registered for DAG: example_python_operator
[2023-02-19T17:01:49.085+0000] {logging_mixin.py:137} INFO - [2023-02-19T17:01:49.085+0000] {taskmixin.py:205} WARNING - Dependency <Task(_PythonDecoratedOperator): log_sql_query>, print_the_context already registered for DAG: example_python_operator
[2023-02-19T17:01:49.087+0000] {logging_mixin.py:137} INFO - [2023-02-19T17:01:49.086+0000] {taskmixin.py:205} WARNING - Dependency <Task(_PythonDecoratedOperator): print_the_context>, log_sql_query already registered for DAG: example_python_operator
[2023-02-19T17:01:49.087+0000] {logging_mixin.py:137} INFO - [2023-02-19T17:01:49.087+0000] {taskmixin.py:205} WARNING - Dependency <Task(_PythonDecoratedOperator): log_sql_query>, print_the_context already registered for DAG: example_python_operator
[2023-02-19T17:01:49.089+0000] {logging_mixin.py:137} INFO - [2023-02-19T17:01:49.089+0000] {taskmixin.py:205} WARNING - Dependency <Task(_PythonDecoratedOperator): print_the_context>, log_sql_query already registered for DAG: example_python_operator
[2023-02-19T17:01:49.090+0000] {logging_mixin.py:137} INFO - [2023-02-19T17:01:49.090+0000] {taskmixin.py:205} WARNING - Dependency <Task(_PythonDecoratedOperator): log_sql_query>, print_the_context already registered for DAG: example_python_operator
[2023-02-19T17:01:49.091+0000] {logging_mixin.py:137} INFO - [2023-02-19T17:01:49.091+0000] {taskmixin.py:205} WARNING - Dependency <Task(_PythonDecoratedOperator): print_the_context>, log_sql_query already registered for DAG: example_python_operator
[2023-02-19T17:01:49.092+0000] {logging_mixin.py:137} INFO - [2023-02-19T17:01:49.092+0000] {taskmixin.py:205} WARNING - Dependency <Task(_PythonDecoratedOperator): log_sql_query>, print_the_context already registered for DAG: example_python_operator
[2023-02-19T17:01:49.100+0000] {processor.py:753} INFO - DAG(s) dict_keys(['example_python_operator']) retrieved from /home/airflow/.local/lib/python3.7/site-packages/airflow/example_dags/example_python_operator.py
[2023-02-19T17:01:49.143+0000] {logging_mixin.py:137} INFO - [2023-02-19T17:01:49.143+0000] {dag.py:2676} INFO - Sync 1 DAGs
[2023-02-19T17:01:49.171+0000] {logging_mixin.py:137} INFO - [2023-02-19T17:01:49.171+0000] {dag.py:3427} INFO - Setting next_dagrun for example_python_operator to None, run_after=None
[2023-02-19T17:01:49.194+0000] {processor.py:175} INFO - Processing /home/airflow/.local/lib/python3.7/site-packages/airflow/example_dags/example_python_operator.py took 0.141 seconds
[2023-02-19T17:02:20.339+0000] {processor.py:153} INFO - Started process (PID=1722) to work on /home/airflow/.local/lib/python3.7/site-packages/airflow/example_dags/example_python_operator.py
[2023-02-19T17:02:20.342+0000] {processor.py:743} INFO - Processing file /home/airflow/.local/lib/python3.7/site-packages/airflow/example_dags/example_python_operator.py for tasks to queue
[2023-02-19T17:02:20.344+0000] {logging_mixin.py:137} INFO - [2023-02-19T17:02:20.344+0000] {dagbag.py:538} INFO - Filling up the DagBag from /home/airflow/.local/lib/python3.7/site-packages/airflow/example_dags/example_python_operator.py
[2023-02-19T17:02:20.367+0000] {logging_mixin.py:137} INFO - [2023-02-19T17:02:20.367+0000] {taskmixin.py:205} WARNING - Dependency <Task(_PythonDecoratedOperator): print_the_context>, log_sql_query already registered for DAG: example_python_operator
[2023-02-19T17:02:20.369+0000] {logging_mixin.py:137} INFO - [2023-02-19T17:02:20.369+0000] {taskmixin.py:205} WARNING - Dependency <Task(_PythonDecoratedOperator): log_sql_query>, print_the_context already registered for DAG: example_python_operator
[2023-02-19T17:02:20.371+0000] {logging_mixin.py:137} INFO - [2023-02-19T17:02:20.370+0000] {taskmixin.py:205} WARNING - Dependency <Task(_PythonDecoratedOperator): print_the_context>, log_sql_query already registered for DAG: example_python_operator
[2023-02-19T17:02:20.372+0000] {logging_mixin.py:137} INFO - [2023-02-19T17:02:20.371+0000] {taskmixin.py:205} WARNING - Dependency <Task(_PythonDecoratedOperator): log_sql_query>, print_the_context already registered for DAG: example_python_operator
[2023-02-19T17:02:20.374+0000] {logging_mixin.py:137} INFO - [2023-02-19T17:02:20.374+0000] {taskmixin.py:205} WARNING - Dependency <Task(_PythonDecoratedOperator): print_the_context>, log_sql_query already registered for DAG: example_python_operator
[2023-02-19T17:02:20.375+0000] {logging_mixin.py:137} INFO - [2023-02-19T17:02:20.375+0000] {taskmixin.py:205} WARNING - Dependency <Task(_PythonDecoratedOperator): log_sql_query>, print_the_context already registered for DAG: example_python_operator
[2023-02-19T17:02:20.377+0000] {logging_mixin.py:137} INFO - [2023-02-19T17:02:20.376+0000] {taskmixin.py:205} WARNING - Dependency <Task(_PythonDecoratedOperator): print_the_context>, log_sql_query already registered for DAG: example_python_operator
[2023-02-19T17:02:20.377+0000] {logging_mixin.py:137} INFO - [2023-02-19T17:02:20.377+0000] {taskmixin.py:205} WARNING - Dependency <Task(_PythonDecoratedOperator): log_sql_query>, print_the_context already registered for DAG: example_python_operator
[2023-02-19T17:02:20.385+0000] {processor.py:753} INFO - DAG(s) dict_keys(['example_python_operator']) retrieved from /home/airflow/.local/lib/python3.7/site-packages/airflow/example_dags/example_python_operator.py
[2023-02-19T17:02:20.431+0000] {logging_mixin.py:137} INFO - [2023-02-19T17:02:20.431+0000] {dag.py:2676} INFO - Sync 1 DAGs
[2023-02-19T17:02:20.461+0000] {logging_mixin.py:137} INFO - [2023-02-19T17:02:20.461+0000] {dag.py:3427} INFO - Setting next_dagrun for example_python_operator to None, run_after=None
[2023-02-19T17:02:20.485+0000] {processor.py:175} INFO - Processing /home/airflow/.local/lib/python3.7/site-packages/airflow/example_dags/example_python_operator.py took 0.152 seconds
[2023-02-19T17:02:51.680+0000] {processor.py:153} INFO - Started process (PID=1804) to work on /home/airflow/.local/lib/python3.7/site-packages/airflow/example_dags/example_python_operator.py
[2023-02-19T17:02:51.684+0000] {processor.py:743} INFO - Processing file /home/airflow/.local/lib/python3.7/site-packages/airflow/example_dags/example_python_operator.py for tasks to queue
[2023-02-19T17:02:51.687+0000] {logging_mixin.py:137} INFO - [2023-02-19T17:02:51.686+0000] {dagbag.py:538} INFO - Filling up the DagBag from /home/airflow/.local/lib/python3.7/site-packages/airflow/example_dags/example_python_operator.py
[2023-02-19T17:02:51.717+0000] {logging_mixin.py:137} INFO - [2023-02-19T17:02:51.717+0000] {taskmixin.py:205} WARNING - Dependency <Task(_PythonDecoratedOperator): print_the_context>, log_sql_query already registered for DAG: example_python_operator
[2023-02-19T17:02:51.719+0000] {logging_mixin.py:137} INFO - [2023-02-19T17:02:51.719+0000] {taskmixin.py:205} WARNING - Dependency <Task(_PythonDecoratedOperator): log_sql_query>, print_the_context already registered for DAG: example_python_operator
[2023-02-19T17:02:51.721+0000] {logging_mixin.py:137} INFO - [2023-02-19T17:02:51.721+0000] {taskmixin.py:205} WARNING - Dependency <Task(_PythonDecoratedOperator): print_the_context>, log_sql_query already registered for DAG: example_python_operator
[2023-02-19T17:02:51.723+0000] {logging_mixin.py:137} INFO - [2023-02-19T17:02:51.723+0000] {taskmixin.py:205} WARNING - Dependency <Task(_PythonDecoratedOperator): log_sql_query>, print_the_context already registered for DAG: example_python_operator
[2023-02-19T17:02:51.725+0000] {logging_mixin.py:137} INFO - [2023-02-19T17:02:51.725+0000] {taskmixin.py:205} WARNING - Dependency <Task(_PythonDecoratedOperator): print_the_context>, log_sql_query already registered for DAG: example_python_operator
[2023-02-19T17:02:51.726+0000] {logging_mixin.py:137} INFO - [2023-02-19T17:02:51.726+0000] {taskmixin.py:205} WARNING - Dependency <Task(_PythonDecoratedOperator): log_sql_query>, print_the_context already registered for DAG: example_python_operator
[2023-02-19T17:02:51.729+0000] {logging_mixin.py:137} INFO - [2023-02-19T17:02:51.729+0000] {taskmixin.py:205} WARNING - Dependency <Task(_PythonDecoratedOperator): print_the_context>, log_sql_query already registered for DAG: example_python_operator
[2023-02-19T17:02:51.731+0000] {logging_mixin.py:137} INFO - [2023-02-19T17:02:51.731+0000] {taskmixin.py:205} WARNING - Dependency <Task(_PythonDecoratedOperator): log_sql_query>, print_the_context already registered for DAG: example_python_operator
[2023-02-19T17:02:51.741+0000] {processor.py:753} INFO - DAG(s) dict_keys(['example_python_operator']) retrieved from /home/airflow/.local/lib/python3.7/site-packages/airflow/example_dags/example_python_operator.py
[2023-02-19T17:02:51.805+0000] {logging_mixin.py:137} INFO - [2023-02-19T17:02:51.804+0000] {dag.py:2676} INFO - Sync 1 DAGs
[2023-02-19T17:02:51.834+0000] {logging_mixin.py:137} INFO - [2023-02-19T17:02:51.834+0000] {dag.py:3427} INFO - Setting next_dagrun for example_python_operator to None, run_after=None
[2023-02-19T17:02:51.854+0000] {processor.py:175} INFO - Processing /home/airflow/.local/lib/python3.7/site-packages/airflow/example_dags/example_python_operator.py took 0.181 seconds
[2023-02-19T17:03:23.244+0000] {processor.py:153} INFO - Started process (PID=1902) to work on /home/airflow/.local/lib/python3.7/site-packages/airflow/example_dags/example_python_operator.py
[2023-02-19T17:03:23.246+0000] {processor.py:743} INFO - Processing file /home/airflow/.local/lib/python3.7/site-packages/airflow/example_dags/example_python_operator.py for tasks to queue
[2023-02-19T17:03:23.248+0000] {logging_mixin.py:137} INFO - [2023-02-19T17:03:23.248+0000] {dagbag.py:538} INFO - Filling up the DagBag from /home/airflow/.local/lib/python3.7/site-packages/airflow/example_dags/example_python_operator.py
[2023-02-19T17:03:23.271+0000] {logging_mixin.py:137} INFO - [2023-02-19T17:03:23.270+0000] {taskmixin.py:205} WARNING - Dependency <Task(_PythonDecoratedOperator): print_the_context>, log_sql_query already registered for DAG: example_python_operator
[2023-02-19T17:03:23.271+0000] {logging_mixin.py:137} INFO - [2023-02-19T17:03:23.271+0000] {taskmixin.py:205} WARNING - Dependency <Task(_PythonDecoratedOperator): log_sql_query>, print_the_context already registered for DAG: example_python_operator
[2023-02-19T17:03:23.273+0000] {logging_mixin.py:137} INFO - [2023-02-19T17:03:23.273+0000] {taskmixin.py:205} WARNING - Dependency <Task(_PythonDecoratedOperator): print_the_context>, log_sql_query already registered for DAG: example_python_operator
[2023-02-19T17:03:23.274+0000] {logging_mixin.py:137} INFO - [2023-02-19T17:03:23.274+0000] {taskmixin.py:205} WARNING - Dependency <Task(_PythonDecoratedOperator): log_sql_query>, print_the_context already registered for DAG: example_python_operator
[2023-02-19T17:03:23.276+0000] {logging_mixin.py:137} INFO - [2023-02-19T17:03:23.276+0000] {taskmixin.py:205} WARNING - Dependency <Task(_PythonDecoratedOperator): print_the_context>, log_sql_query already registered for DAG: example_python_operator
[2023-02-19T17:03:23.277+0000] {logging_mixin.py:137} INFO - [2023-02-19T17:03:23.277+0000] {taskmixin.py:205} WARNING - Dependency <Task(_PythonDecoratedOperator): log_sql_query>, print_the_context already registered for DAG: example_python_operator
[2023-02-19T17:03:23.278+0000] {logging_mixin.py:137} INFO - [2023-02-19T17:03:23.278+0000] {taskmixin.py:205} WARNING - Dependency <Task(_PythonDecoratedOperator): print_the_context>, log_sql_query already registered for DAG: example_python_operator
[2023-02-19T17:03:23.279+0000] {logging_mixin.py:137} INFO - [2023-02-19T17:03:23.279+0000] {taskmixin.py:205} WARNING - Dependency <Task(_PythonDecoratedOperator): log_sql_query>, print_the_context already registered for DAG: example_python_operator
[2023-02-19T17:03:23.288+0000] {processor.py:753} INFO - DAG(s) dict_keys(['example_python_operator']) retrieved from /home/airflow/.local/lib/python3.7/site-packages/airflow/example_dags/example_python_operator.py
[2023-02-19T17:03:23.344+0000] {logging_mixin.py:137} INFO - [2023-02-19T17:03:23.344+0000] {dag.py:2676} INFO - Sync 1 DAGs
[2023-02-19T17:03:23.383+0000] {logging_mixin.py:137} INFO - [2023-02-19T17:03:23.382+0000] {dag.py:3427} INFO - Setting next_dagrun for example_python_operator to None, run_after=None
[2023-02-19T17:03:23.410+0000] {processor.py:175} INFO - Processing /home/airflow/.local/lib/python3.7/site-packages/airflow/example_dags/example_python_operator.py took 0.170 seconds
[2023-02-19T17:03:54.451+0000] {processor.py:153} INFO - Started process (PID=1984) to work on /home/airflow/.local/lib/python3.7/site-packages/airflow/example_dags/example_python_operator.py
[2023-02-19T17:03:54.453+0000] {processor.py:743} INFO - Processing file /home/airflow/.local/lib/python3.7/site-packages/airflow/example_dags/example_python_operator.py for tasks to queue
[2023-02-19T17:03:54.455+0000] {logging_mixin.py:137} INFO - [2023-02-19T17:03:54.455+0000] {dagbag.py:538} INFO - Filling up the DagBag from /home/airflow/.local/lib/python3.7/site-packages/airflow/example_dags/example_python_operator.py
[2023-02-19T17:03:54.475+0000] {logging_mixin.py:137} INFO - [2023-02-19T17:03:54.475+0000] {taskmixin.py:205} WARNING - Dependency <Task(_PythonDecoratedOperator): print_the_context>, log_sql_query already registered for DAG: example_python_operator
[2023-02-19T17:03:54.476+0000] {logging_mixin.py:137} INFO - [2023-02-19T17:03:54.476+0000] {taskmixin.py:205} WARNING - Dependency <Task(_PythonDecoratedOperator): log_sql_query>, print_the_context already registered for DAG: example_python_operator
[2023-02-19T17:03:54.478+0000] {logging_mixin.py:137} INFO - [2023-02-19T17:03:54.478+0000] {taskmixin.py:205} WARNING - Dependency <Task(_PythonDecoratedOperator): print_the_context>, log_sql_query already registered for DAG: example_python_operator
[2023-02-19T17:03:54.479+0000] {logging_mixin.py:137} INFO - [2023-02-19T17:03:54.479+0000] {taskmixin.py:205} WARNING - Dependency <Task(_PythonDecoratedOperator): log_sql_query>, print_the_context already registered for DAG: example_python_operator
[2023-02-19T17:03:54.481+0000] {logging_mixin.py:137} INFO - [2023-02-19T17:03:54.480+0000] {taskmixin.py:205} WARNING - Dependency <Task(_PythonDecoratedOperator): print_the_context>, log_sql_query already registered for DAG: example_python_operator
[2023-02-19T17:03:54.482+0000] {logging_mixin.py:137} INFO - [2023-02-19T17:03:54.482+0000] {taskmixin.py:205} WARNING - Dependency <Task(_PythonDecoratedOperator): log_sql_query>, print_the_context already registered for DAG: example_python_operator
[2023-02-19T17:03:54.483+0000] {logging_mixin.py:137} INFO - [2023-02-19T17:03:54.483+0000] {taskmixin.py:205} WARNING - Dependency <Task(_PythonDecoratedOperator): print_the_context>, log_sql_query already registered for DAG: example_python_operator
[2023-02-19T17:03:54.484+0000] {logging_mixin.py:137} INFO - [2023-02-19T17:03:54.484+0000] {taskmixin.py:205} WARNING - Dependency <Task(_PythonDecoratedOperator): log_sql_query>, print_the_context already registered for DAG: example_python_operator
[2023-02-19T17:03:54.492+0000] {processor.py:753} INFO - DAG(s) dict_keys(['example_python_operator']) retrieved from /home/airflow/.local/lib/python3.7/site-packages/airflow/example_dags/example_python_operator.py
[2023-02-19T17:03:54.537+0000] {logging_mixin.py:137} INFO - [2023-02-19T17:03:54.537+0000] {dag.py:2676} INFO - Sync 1 DAGs
[2023-02-19T17:03:54.565+0000] {logging_mixin.py:137} INFO - [2023-02-19T17:03:54.565+0000] {dag.py:3427} INFO - Setting next_dagrun for example_python_operator to None, run_after=None
[2023-02-19T17:03:54.585+0000] {processor.py:175} INFO - Processing /home/airflow/.local/lib/python3.7/site-packages/airflow/example_dags/example_python_operator.py took 0.138 seconds
[2023-02-19T17:04:25.947+0000] {processor.py:153} INFO - Started process (PID=2082) to work on /home/airflow/.local/lib/python3.7/site-packages/airflow/example_dags/example_python_operator.py
[2023-02-19T17:04:25.950+0000] {processor.py:743} INFO - Processing file /home/airflow/.local/lib/python3.7/site-packages/airflow/example_dags/example_python_operator.py for tasks to queue
[2023-02-19T17:04:25.954+0000] {logging_mixin.py:137} INFO - [2023-02-19T17:04:25.953+0000] {dagbag.py:538} INFO - Filling up the DagBag from /home/airflow/.local/lib/python3.7/site-packages/airflow/example_dags/example_python_operator.py
[2023-02-19T17:04:25.983+0000] {logging_mixin.py:137} INFO - [2023-02-19T17:04:25.983+0000] {taskmixin.py:205} WARNING - Dependency <Task(_PythonDecoratedOperator): print_the_context>, log_sql_query already registered for DAG: example_python_operator
[2023-02-19T17:04:25.985+0000] {logging_mixin.py:137} INFO - [2023-02-19T17:04:25.985+0000] {taskmixin.py:205} WARNING - Dependency <Task(_PythonDecoratedOperator): log_sql_query>, print_the_context already registered for DAG: example_python_operator
[2023-02-19T17:04:25.988+0000] {logging_mixin.py:137} INFO - [2023-02-19T17:04:25.987+0000] {taskmixin.py:205} WARNING - Dependency <Task(_PythonDecoratedOperator): print_the_context>, log_sql_query already registered for DAG: example_python_operator
[2023-02-19T17:04:25.989+0000] {logging_mixin.py:137} INFO - [2023-02-19T17:04:25.989+0000] {taskmixin.py:205} WARNING - Dependency <Task(_PythonDecoratedOperator): log_sql_query>, print_the_context already registered for DAG: example_python_operator
[2023-02-19T17:04:25.991+0000] {logging_mixin.py:137} INFO - [2023-02-19T17:04:25.991+0000] {taskmixin.py:205} WARNING - Dependency <Task(_PythonDecoratedOperator): print_the_context>, log_sql_query already registered for DAG: example_python_operator
[2023-02-19T17:04:25.992+0000] {logging_mixin.py:137} INFO - [2023-02-19T17:04:25.992+0000] {taskmixin.py:205} WARNING - Dependency <Task(_PythonDecoratedOperator): log_sql_query>, print_the_context already registered for DAG: example_python_operator
[2023-02-19T17:04:25.995+0000] {logging_mixin.py:137} INFO - [2023-02-19T17:04:25.994+0000] {taskmixin.py:205} WARNING - Dependency <Task(_PythonDecoratedOperator): print_the_context>, log_sql_query already registered for DAG: example_python_operator
[2023-02-19T17:04:25.996+0000] {logging_mixin.py:137} INFO - [2023-02-19T17:04:25.996+0000] {taskmixin.py:205} WARNING - Dependency <Task(_PythonDecoratedOperator): log_sql_query>, print_the_context already registered for DAG: example_python_operator
[2023-02-19T17:04:26.006+0000] {processor.py:753} INFO - DAG(s) dict_keys(['example_python_operator']) retrieved from /home/airflow/.local/lib/python3.7/site-packages/airflow/example_dags/example_python_operator.py
[2023-02-19T17:04:26.064+0000] {logging_mixin.py:137} INFO - [2023-02-19T17:04:26.064+0000] {dag.py:2676} INFO - Sync 1 DAGs
[2023-02-19T17:04:26.100+0000] {logging_mixin.py:137} INFO - [2023-02-19T17:04:26.099+0000] {dag.py:3427} INFO - Setting next_dagrun for example_python_operator to None, run_after=None
[2023-02-19T17:04:26.128+0000] {processor.py:175} INFO - Processing /home/airflow/.local/lib/python3.7/site-packages/airflow/example_dags/example_python_operator.py took 0.186 seconds
[2023-02-19T17:04:56.790+0000] {processor.py:153} INFO - Started process (PID=2164) to work on /home/airflow/.local/lib/python3.7/site-packages/airflow/example_dags/example_python_operator.py
[2023-02-19T17:04:56.792+0000] {processor.py:743} INFO - Processing file /home/airflow/.local/lib/python3.7/site-packages/airflow/example_dags/example_python_operator.py for tasks to queue
[2023-02-19T17:04:56.793+0000] {logging_mixin.py:137} INFO - [2023-02-19T17:04:56.793+0000] {dagbag.py:538} INFO - Filling up the DagBag from /home/airflow/.local/lib/python3.7/site-packages/airflow/example_dags/example_python_operator.py
[2023-02-19T17:04:56.815+0000] {logging_mixin.py:137} INFO - [2023-02-19T17:04:56.814+0000] {taskmixin.py:205} WARNING - Dependency <Task(_PythonDecoratedOperator): print_the_context>, log_sql_query already registered for DAG: example_python_operator
[2023-02-19T17:04:56.816+0000] {logging_mixin.py:137} INFO - [2023-02-19T17:04:56.816+0000] {taskmixin.py:205} WARNING - Dependency <Task(_PythonDecoratedOperator): log_sql_query>, print_the_context already registered for DAG: example_python_operator
[2023-02-19T17:04:56.818+0000] {logging_mixin.py:137} INFO - [2023-02-19T17:04:56.818+0000] {taskmixin.py:205} WARNING - Dependency <Task(_PythonDecoratedOperator): print_the_context>, log_sql_query already registered for DAG: example_python_operator
[2023-02-19T17:04:56.819+0000] {logging_mixin.py:137} INFO - [2023-02-19T17:04:56.819+0000] {taskmixin.py:205} WARNING - Dependency <Task(_PythonDecoratedOperator): log_sql_query>, print_the_context already registered for DAG: example_python_operator
[2023-02-19T17:04:56.820+0000] {logging_mixin.py:137} INFO - [2023-02-19T17:04:56.820+0000] {taskmixin.py:205} WARNING - Dependency <Task(_PythonDecoratedOperator): print_the_context>, log_sql_query already registered for DAG: example_python_operator
[2023-02-19T17:04:56.821+0000] {logging_mixin.py:137} INFO - [2023-02-19T17:04:56.821+0000] {taskmixin.py:205} WARNING - Dependency <Task(_PythonDecoratedOperator): log_sql_query>, print_the_context already registered for DAG: example_python_operator
[2023-02-19T17:04:56.822+0000] {logging_mixin.py:137} INFO - [2023-02-19T17:04:56.822+0000] {taskmixin.py:205} WARNING - Dependency <Task(_PythonDecoratedOperator): print_the_context>, log_sql_query already registered for DAG: example_python_operator
[2023-02-19T17:04:56.823+0000] {logging_mixin.py:137} INFO - [2023-02-19T17:04:56.823+0000] {taskmixin.py:205} WARNING - Dependency <Task(_PythonDecoratedOperator): log_sql_query>, print_the_context already registered for DAG: example_python_operator
[2023-02-19T17:04:56.831+0000] {processor.py:753} INFO - DAG(s) dict_keys(['example_python_operator']) retrieved from /home/airflow/.local/lib/python3.7/site-packages/airflow/example_dags/example_python_operator.py
[2023-02-19T17:04:56.878+0000] {logging_mixin.py:137} INFO - [2023-02-19T17:04:56.878+0000] {dag.py:2676} INFO - Sync 1 DAGs
[2023-02-19T17:04:56.908+0000] {logging_mixin.py:137} INFO - [2023-02-19T17:04:56.907+0000] {dag.py:3427} INFO - Setting next_dagrun for example_python_operator to None, run_after=None
[2023-02-19T17:04:56.925+0000] {processor.py:175} INFO - Processing /home/airflow/.local/lib/python3.7/site-packages/airflow/example_dags/example_python_operator.py took 0.140 seconds
[2023-02-19T17:05:27.703+0000] {processor.py:153} INFO - Started process (PID=2262) to work on /home/airflow/.local/lib/python3.7/site-packages/airflow/example_dags/example_python_operator.py
[2023-02-19T17:05:27.705+0000] {processor.py:743} INFO - Processing file /home/airflow/.local/lib/python3.7/site-packages/airflow/example_dags/example_python_operator.py for tasks to queue
[2023-02-19T17:05:27.706+0000] {logging_mixin.py:137} INFO - [2023-02-19T17:05:27.706+0000] {dagbag.py:538} INFO - Filling up the DagBag from /home/airflow/.local/lib/python3.7/site-packages/airflow/example_dags/example_python_operator.py
[2023-02-19T17:05:27.727+0000] {logging_mixin.py:137} INFO - [2023-02-19T17:05:27.727+0000] {taskmixin.py:205} WARNING - Dependency <Task(_PythonDecoratedOperator): print_the_context>, log_sql_query already registered for DAG: example_python_operator
[2023-02-19T17:05:27.728+0000] {logging_mixin.py:137} INFO - [2023-02-19T17:05:27.728+0000] {taskmixin.py:205} WARNING - Dependency <Task(_PythonDecoratedOperator): log_sql_query>, print_the_context already registered for DAG: example_python_operator
[2023-02-19T17:05:27.730+0000] {logging_mixin.py:137} INFO - [2023-02-19T17:05:27.730+0000] {taskmixin.py:205} WARNING - Dependency <Task(_PythonDecoratedOperator): print_the_context>, log_sql_query already registered for DAG: example_python_operator
[2023-02-19T17:05:27.731+0000] {logging_mixin.py:137} INFO - [2023-02-19T17:05:27.731+0000] {taskmixin.py:205} WARNING - Dependency <Task(_PythonDecoratedOperator): log_sql_query>, print_the_context already registered for DAG: example_python_operator
[2023-02-19T17:05:27.732+0000] {logging_mixin.py:137} INFO - [2023-02-19T17:05:27.732+0000] {taskmixin.py:205} WARNING - Dependency <Task(_PythonDecoratedOperator): print_the_context>, log_sql_query already registered for DAG: example_python_operator
[2023-02-19T17:05:27.734+0000] {logging_mixin.py:137} INFO - [2023-02-19T17:05:27.734+0000] {taskmixin.py:205} WARNING - Dependency <Task(_PythonDecoratedOperator): log_sql_query>, print_the_context already registered for DAG: example_python_operator
[2023-02-19T17:05:27.736+0000] {logging_mixin.py:137} INFO - [2023-02-19T17:05:27.736+0000] {taskmixin.py:205} WARNING - Dependency <Task(_PythonDecoratedOperator): print_the_context>, log_sql_query already registered for DAG: example_python_operator
[2023-02-19T17:05:27.737+0000] {logging_mixin.py:137} INFO - [2023-02-19T17:05:27.736+0000] {taskmixin.py:205} WARNING - Dependency <Task(_PythonDecoratedOperator): log_sql_query>, print_the_context already registered for DAG: example_python_operator
[2023-02-19T17:05:27.745+0000] {processor.py:753} INFO - DAG(s) dict_keys(['example_python_operator']) retrieved from /home/airflow/.local/lib/python3.7/site-packages/airflow/example_dags/example_python_operator.py
[2023-02-19T17:05:27.797+0000] {logging_mixin.py:137} INFO - [2023-02-19T17:05:27.797+0000] {dag.py:2676} INFO - Sync 1 DAGs
[2023-02-19T17:05:27.825+0000] {logging_mixin.py:137} INFO - [2023-02-19T17:05:27.825+0000] {dag.py:3427} INFO - Setting next_dagrun for example_python_operator to None, run_after=None
[2023-02-19T17:05:27.846+0000] {processor.py:175} INFO - Processing /home/airflow/.local/lib/python3.7/site-packages/airflow/example_dags/example_python_operator.py took 0.147 seconds
[2023-02-19T17:05:59.168+0000] {processor.py:153} INFO - Started process (PID=2344) to work on /home/airflow/.local/lib/python3.7/site-packages/airflow/example_dags/example_python_operator.py
[2023-02-19T17:05:59.170+0000] {processor.py:743} INFO - Processing file /home/airflow/.local/lib/python3.7/site-packages/airflow/example_dags/example_python_operator.py for tasks to queue
[2023-02-19T17:05:59.172+0000] {logging_mixin.py:137} INFO - [2023-02-19T17:05:59.172+0000] {dagbag.py:538} INFO - Filling up the DagBag from /home/airflow/.local/lib/python3.7/site-packages/airflow/example_dags/example_python_operator.py
[2023-02-19T17:05:59.194+0000] {logging_mixin.py:137} INFO - [2023-02-19T17:05:59.194+0000] {taskmixin.py:205} WARNING - Dependency <Task(_PythonDecoratedOperator): print_the_context>, log_sql_query already registered for DAG: example_python_operator
[2023-02-19T17:05:59.196+0000] {logging_mixin.py:137} INFO - [2023-02-19T17:05:59.196+0000] {taskmixin.py:205} WARNING - Dependency <Task(_PythonDecoratedOperator): log_sql_query>, print_the_context already registered for DAG: example_python_operator
[2023-02-19T17:05:59.197+0000] {logging_mixin.py:137} INFO - [2023-02-19T17:05:59.197+0000] {taskmixin.py:205} WARNING - Dependency <Task(_PythonDecoratedOperator): print_the_context>, log_sql_query already registered for DAG: example_python_operator
[2023-02-19T17:05:59.199+0000] {logging_mixin.py:137} INFO - [2023-02-19T17:05:59.198+0000] {taskmixin.py:205} WARNING - Dependency <Task(_PythonDecoratedOperator): log_sql_query>, print_the_context already registered for DAG: example_python_operator
[2023-02-19T17:05:59.200+0000] {logging_mixin.py:137} INFO - [2023-02-19T17:05:59.200+0000] {taskmixin.py:205} WARNING - Dependency <Task(_PythonDecoratedOperator): print_the_context>, log_sql_query already registered for DAG: example_python_operator
[2023-02-19T17:05:59.201+0000] {logging_mixin.py:137} INFO - [2023-02-19T17:05:59.201+0000] {taskmixin.py:205} WARNING - Dependency <Task(_PythonDecoratedOperator): log_sql_query>, print_the_context already registered for DAG: example_python_operator
[2023-02-19T17:05:59.203+0000] {logging_mixin.py:137} INFO - [2023-02-19T17:05:59.203+0000] {taskmixin.py:205} WARNING - Dependency <Task(_PythonDecoratedOperator): print_the_context>, log_sql_query already registered for DAG: example_python_operator
[2023-02-19T17:05:59.204+0000] {logging_mixin.py:137} INFO - [2023-02-19T17:05:59.204+0000] {taskmixin.py:205} WARNING - Dependency <Task(_PythonDecoratedOperator): log_sql_query>, print_the_context already registered for DAG: example_python_operator
[2023-02-19T17:05:59.213+0000] {processor.py:753} INFO - DAG(s) dict_keys(['example_python_operator']) retrieved from /home/airflow/.local/lib/python3.7/site-packages/airflow/example_dags/example_python_operator.py
[2023-02-19T17:05:59.264+0000] {logging_mixin.py:137} INFO - [2023-02-19T17:05:59.264+0000] {dag.py:2676} INFO - Sync 1 DAGs
[2023-02-19T17:05:59.301+0000] {logging_mixin.py:137} INFO - [2023-02-19T17:05:59.301+0000] {dag.py:3427} INFO - Setting next_dagrun for example_python_operator to None, run_after=None
[2023-02-19T17:05:59.328+0000] {processor.py:175} INFO - Processing /home/airflow/.local/lib/python3.7/site-packages/airflow/example_dags/example_python_operator.py took 0.166 seconds
[2023-02-19T17:06:30.018+0000] {processor.py:153} INFO - Started process (PID=2443) to work on /home/airflow/.local/lib/python3.7/site-packages/airflow/example_dags/example_python_operator.py
[2023-02-19T17:06:30.023+0000] {processor.py:743} INFO - Processing file /home/airflow/.local/lib/python3.7/site-packages/airflow/example_dags/example_python_operator.py for tasks to queue
[2023-02-19T17:06:30.025+0000] {logging_mixin.py:137} INFO - [2023-02-19T17:06:30.025+0000] {dagbag.py:538} INFO - Filling up the DagBag from /home/airflow/.local/lib/python3.7/site-packages/airflow/example_dags/example_python_operator.py
[2023-02-19T17:06:30.047+0000] {logging_mixin.py:137} INFO - [2023-02-19T17:06:30.047+0000] {taskmixin.py:205} WARNING - Dependency <Task(_PythonDecoratedOperator): print_the_context>, log_sql_query already registered for DAG: example_python_operator
[2023-02-19T17:06:30.049+0000] {logging_mixin.py:137} INFO - [2023-02-19T17:06:30.049+0000] {taskmixin.py:205} WARNING - Dependency <Task(_PythonDecoratedOperator): log_sql_query>, print_the_context already registered for DAG: example_python_operator
[2023-02-19T17:06:30.052+0000] {logging_mixin.py:137} INFO - [2023-02-19T17:06:30.051+0000] {taskmixin.py:205} WARNING - Dependency <Task(_PythonDecoratedOperator): print_the_context>, log_sql_query already registered for DAG: example_python_operator
[2023-02-19T17:06:30.053+0000] {logging_mixin.py:137} INFO - [2023-02-19T17:06:30.053+0000] {taskmixin.py:205} WARNING - Dependency <Task(_PythonDecoratedOperator): log_sql_query>, print_the_context already registered for DAG: example_python_operator
[2023-02-19T17:06:30.055+0000] {logging_mixin.py:137} INFO - [2023-02-19T17:06:30.055+0000] {taskmixin.py:205} WARNING - Dependency <Task(_PythonDecoratedOperator): print_the_context>, log_sql_query already registered for DAG: example_python_operator
[2023-02-19T17:06:30.056+0000] {logging_mixin.py:137} INFO - [2023-02-19T17:06:30.056+0000] {taskmixin.py:205} WARNING - Dependency <Task(_PythonDecoratedOperator): log_sql_query>, print_the_context already registered for DAG: example_python_operator
[2023-02-19T17:06:30.058+0000] {logging_mixin.py:137} INFO - [2023-02-19T17:06:30.058+0000] {taskmixin.py:205} WARNING - Dependency <Task(_PythonDecoratedOperator): print_the_context>, log_sql_query already registered for DAG: example_python_operator
[2023-02-19T17:06:30.059+0000] {logging_mixin.py:137} INFO - [2023-02-19T17:06:30.059+0000] {taskmixin.py:205} WARNING - Dependency <Task(_PythonDecoratedOperator): log_sql_query>, print_the_context already registered for DAG: example_python_operator
[2023-02-19T17:06:30.067+0000] {processor.py:753} INFO - DAG(s) dict_keys(['example_python_operator']) retrieved from /home/airflow/.local/lib/python3.7/site-packages/airflow/example_dags/example_python_operator.py
[2023-02-19T17:06:30.114+0000] {logging_mixin.py:137} INFO - [2023-02-19T17:06:30.114+0000] {dag.py:2676} INFO - Sync 1 DAGs
[2023-02-19T17:06:30.143+0000] {logging_mixin.py:137} INFO - [2023-02-19T17:06:30.143+0000] {dag.py:3427} INFO - Setting next_dagrun for example_python_operator to None, run_after=None
[2023-02-19T17:06:30.166+0000] {processor.py:175} INFO - Processing /home/airflow/.local/lib/python3.7/site-packages/airflow/example_dags/example_python_operator.py took 0.153 seconds
