[2023-02-19T16:52:55.194+0000] {processor.py:153} INFO - Started process (PID=73) to work on /home/airflow/.local/lib/python3.7/site-packages/airflow/example_dags/example_branch_datetime_operator.py
[2023-02-19T16:52:55.197+0000] {processor.py:743} INFO - Processing file /home/airflow/.local/lib/python3.7/site-packages/airflow/example_dags/example_branch_datetime_operator.py for tasks to queue
[2023-02-19T16:52:55.198+0000] {logging_mixin.py:137} INFO - [2023-02-19T16:52:55.198+0000] {dagbag.py:538} INFO - Filling up the DagBag from /home/airflow/.local/lib/python3.7/site-packages/airflow/example_dags/example_branch_datetime_operator.py
[2023-02-19T16:52:55.228+0000] {processor.py:753} INFO - DAG(s) dict_keys(['example_branch_datetime_operator_3', 'example_branch_datetime_operator_2', 'example_branch_datetime_operator']) retrieved from /home/airflow/.local/lib/python3.7/site-packages/airflow/example_dags/example_branch_datetime_operator.py
[2023-02-19T16:52:55.292+0000] {logging_mixin.py:137} INFO - [2023-02-19T16:52:55.292+0000] {dag.py:2676} INFO - Sync 3 DAGs
[2023-02-19T16:52:55.332+0000] {logging_mixin.py:137} INFO - [2023-02-19T16:52:55.331+0000] {dag.py:3427} INFO - Setting next_dagrun for example_branch_datetime_operator to 2023-02-18T00:00:00+00:00, run_after=2023-02-19T00:00:00+00:00
[2023-02-19T16:52:55.341+0000] {logging_mixin.py:137} INFO - [2023-02-19T16:52:55.341+0000] {dag.py:3427} INFO - Setting next_dagrun for example_branch_datetime_operator_2 to 2023-02-18T00:00:00+00:00, run_after=2023-02-19T00:00:00+00:00
[2023-02-19T16:52:55.346+0000] {logging_mixin.py:137} INFO - [2023-02-19T16:52:55.346+0000] {dag.py:3427} INFO - Setting next_dagrun for example_branch_datetime_operator_3 to 2023-02-18T00:00:00+00:00, run_after=2023-02-19T00:00:00+00:00
[2023-02-19T16:52:55.368+0000] {processor.py:175} INFO - Processing /home/airflow/.local/lib/python3.7/site-packages/airflow/example_dags/example_branch_datetime_operator.py took 0.179 seconds
[2023-02-19T16:53:25.994+0000] {processor.py:153} INFO - Started process (PID=164) to work on /home/airflow/.local/lib/python3.7/site-packages/airflow/example_dags/example_branch_datetime_operator.py
[2023-02-19T16:53:25.997+0000] {processor.py:743} INFO - Processing file /home/airflow/.local/lib/python3.7/site-packages/airflow/example_dags/example_branch_datetime_operator.py for tasks to queue
[2023-02-19T16:53:25.999+0000] {logging_mixin.py:137} INFO - [2023-02-19T16:53:25.999+0000] {dagbag.py:538} INFO - Filling up the DagBag from /home/airflow/.local/lib/python3.7/site-packages/airflow/example_dags/example_branch_datetime_operator.py
[2023-02-19T16:53:26.031+0000] {processor.py:753} INFO - DAG(s) dict_keys(['example_branch_datetime_operator_3', 'example_branch_datetime_operator', 'example_branch_datetime_operator_2']) retrieved from /home/airflow/.local/lib/python3.7/site-packages/airflow/example_dags/example_branch_datetime_operator.py
[2023-02-19T16:53:26.109+0000] {logging_mixin.py:137} INFO - [2023-02-19T16:53:26.109+0000] {dag.py:2676} INFO - Sync 3 DAGs
[2023-02-19T16:53:26.159+0000] {logging_mixin.py:137} INFO - [2023-02-19T16:53:26.159+0000] {dag.py:3427} INFO - Setting next_dagrun for example_branch_datetime_operator to 2023-02-18T00:00:00+00:00, run_after=2023-02-19T00:00:00+00:00
[2023-02-19T16:53:26.168+0000] {logging_mixin.py:137} INFO - [2023-02-19T16:53:26.168+0000] {dag.py:3427} INFO - Setting next_dagrun for example_branch_datetime_operator_2 to 2023-02-18T00:00:00+00:00, run_after=2023-02-19T00:00:00+00:00
[2023-02-19T16:53:26.174+0000] {logging_mixin.py:137} INFO - [2023-02-19T16:53:26.174+0000] {dag.py:3427} INFO - Setting next_dagrun for example_branch_datetime_operator_3 to 2023-02-18T00:00:00+00:00, run_after=2023-02-19T00:00:00+00:00
[2023-02-19T16:53:26.203+0000] {processor.py:175} INFO - Processing /home/airflow/.local/lib/python3.7/site-packages/airflow/example_dags/example_branch_datetime_operator.py took 0.216 seconds
[2023-02-19T16:53:57.136+0000] {processor.py:153} INFO - Started process (PID=253) to work on /home/airflow/.local/lib/python3.7/site-packages/airflow/example_dags/example_branch_datetime_operator.py
[2023-02-19T16:53:57.139+0000] {processor.py:743} INFO - Processing file /home/airflow/.local/lib/python3.7/site-packages/airflow/example_dags/example_branch_datetime_operator.py for tasks to queue
[2023-02-19T16:53:57.140+0000] {logging_mixin.py:137} INFO - [2023-02-19T16:53:57.140+0000] {dagbag.py:538} INFO - Filling up the DagBag from /home/airflow/.local/lib/python3.7/site-packages/airflow/example_dags/example_branch_datetime_operator.py
[2023-02-19T16:53:57.161+0000] {processor.py:753} INFO - DAG(s) dict_keys(['example_branch_datetime_operator_2', 'example_branch_datetime_operator_3', 'example_branch_datetime_operator']) retrieved from /home/airflow/.local/lib/python3.7/site-packages/airflow/example_dags/example_branch_datetime_operator.py
[2023-02-19T16:53:57.210+0000] {logging_mixin.py:137} INFO - [2023-02-19T16:53:57.209+0000] {dag.py:2676} INFO - Sync 3 DAGs
[2023-02-19T16:53:57.241+0000] {logging_mixin.py:137} INFO - [2023-02-19T16:53:57.241+0000] {dag.py:3427} INFO - Setting next_dagrun for example_branch_datetime_operator to 2023-02-18T00:00:00+00:00, run_after=2023-02-19T00:00:00+00:00
[2023-02-19T16:53:57.247+0000] {logging_mixin.py:137} INFO - [2023-02-19T16:53:57.247+0000] {dag.py:3427} INFO - Setting next_dagrun for example_branch_datetime_operator_2 to 2023-02-18T00:00:00+00:00, run_after=2023-02-19T00:00:00+00:00
[2023-02-19T16:53:57.251+0000] {logging_mixin.py:137} INFO - [2023-02-19T16:53:57.251+0000] {dag.py:3427} INFO - Setting next_dagrun for example_branch_datetime_operator_3 to 2023-02-18T00:00:00+00:00, run_after=2023-02-19T00:00:00+00:00
[2023-02-19T16:53:57.270+0000] {processor.py:175} INFO - Processing /home/airflow/.local/lib/python3.7/site-packages/airflow/example_dags/example_branch_datetime_operator.py took 0.138 seconds
[2023-02-19T16:54:28.652+0000] {processor.py:153} INFO - Started process (PID=344) to work on /home/airflow/.local/lib/python3.7/site-packages/airflow/example_dags/example_branch_datetime_operator.py
[2023-02-19T16:54:28.657+0000] {processor.py:743} INFO - Processing file /home/airflow/.local/lib/python3.7/site-packages/airflow/example_dags/example_branch_datetime_operator.py for tasks to queue
[2023-02-19T16:54:28.663+0000] {logging_mixin.py:137} INFO - [2023-02-19T16:54:28.663+0000] {dagbag.py:538} INFO - Filling up the DagBag from /home/airflow/.local/lib/python3.7/site-packages/airflow/example_dags/example_branch_datetime_operator.py
[2023-02-19T16:54:28.719+0000] {processor.py:753} INFO - DAG(s) dict_keys(['example_branch_datetime_operator_2', 'example_branch_datetime_operator', 'example_branch_datetime_operator_3']) retrieved from /home/airflow/.local/lib/python3.7/site-packages/airflow/example_dags/example_branch_datetime_operator.py
[2023-02-19T16:54:28.815+0000] {logging_mixin.py:137} INFO - [2023-02-19T16:54:28.815+0000] {dag.py:2676} INFO - Sync 3 DAGs
[2023-02-19T16:54:28.865+0000] {logging_mixin.py:137} INFO - [2023-02-19T16:54:28.865+0000] {dag.py:3427} INFO - Setting next_dagrun for example_branch_datetime_operator to 2023-02-18T00:00:00+00:00, run_after=2023-02-19T00:00:00+00:00
[2023-02-19T16:54:28.880+0000] {logging_mixin.py:137} INFO - [2023-02-19T16:54:28.880+0000] {dag.py:3427} INFO - Setting next_dagrun for example_branch_datetime_operator_2 to 2023-02-18T00:00:00+00:00, run_after=2023-02-19T00:00:00+00:00
[2023-02-19T16:54:28.887+0000] {logging_mixin.py:137} INFO - [2023-02-19T16:54:28.887+0000] {dag.py:3427} INFO - Setting next_dagrun for example_branch_datetime_operator_3 to 2023-02-18T00:00:00+00:00, run_after=2023-02-19T00:00:00+00:00
[2023-02-19T16:54:28.925+0000] {processor.py:175} INFO - Processing /home/airflow/.local/lib/python3.7/site-packages/airflow/example_dags/example_branch_datetime_operator.py took 0.284 seconds
[2023-02-19T16:54:59.951+0000] {processor.py:153} INFO - Started process (PID=433) to work on /home/airflow/.local/lib/python3.7/site-packages/airflow/example_dags/example_branch_datetime_operator.py
[2023-02-19T16:54:59.954+0000] {processor.py:743} INFO - Processing file /home/airflow/.local/lib/python3.7/site-packages/airflow/example_dags/example_branch_datetime_operator.py for tasks to queue
[2023-02-19T16:54:59.957+0000] {logging_mixin.py:137} INFO - [2023-02-19T16:54:59.957+0000] {dagbag.py:538} INFO - Filling up the DagBag from /home/airflow/.local/lib/python3.7/site-packages/airflow/example_dags/example_branch_datetime_operator.py
[2023-02-19T16:54:59.989+0000] {processor.py:753} INFO - DAG(s) dict_keys(['example_branch_datetime_operator_3', 'example_branch_datetime_operator', 'example_branch_datetime_operator_2']) retrieved from /home/airflow/.local/lib/python3.7/site-packages/airflow/example_dags/example_branch_datetime_operator.py
[2023-02-19T16:55:00.079+0000] {logging_mixin.py:137} INFO - [2023-02-19T16:55:00.079+0000] {dag.py:2676} INFO - Sync 3 DAGs
[2023-02-19T16:55:00.135+0000] {logging_mixin.py:137} INFO - [2023-02-19T16:55:00.135+0000] {dag.py:3427} INFO - Setting next_dagrun for example_branch_datetime_operator to 2023-02-18T00:00:00+00:00, run_after=2023-02-19T00:00:00+00:00
[2023-02-19T16:55:00.144+0000] {logging_mixin.py:137} INFO - [2023-02-19T16:55:00.144+0000] {dag.py:3427} INFO - Setting next_dagrun for example_branch_datetime_operator_2 to 2023-02-18T00:00:00+00:00, run_after=2023-02-19T00:00:00+00:00
[2023-02-19T16:55:00.149+0000] {logging_mixin.py:137} INFO - [2023-02-19T16:55:00.149+0000] {dag.py:3427} INFO - Setting next_dagrun for example_branch_datetime_operator_3 to 2023-02-18T00:00:00+00:00, run_after=2023-02-19T00:00:00+00:00
[2023-02-19T16:55:00.175+0000] {processor.py:175} INFO - Processing /home/airflow/.local/lib/python3.7/site-packages/airflow/example_dags/example_branch_datetime_operator.py took 0.231 seconds
[2023-02-19T16:55:31.498+0000] {processor.py:153} INFO - Started process (PID=531) to work on /home/airflow/.local/lib/python3.7/site-packages/airflow/example_dags/example_branch_datetime_operator.py
[2023-02-19T16:55:31.500+0000] {processor.py:743} INFO - Processing file /home/airflow/.local/lib/python3.7/site-packages/airflow/example_dags/example_branch_datetime_operator.py for tasks to queue
[2023-02-19T16:55:31.502+0000] {logging_mixin.py:137} INFO - [2023-02-19T16:55:31.502+0000] {dagbag.py:538} INFO - Filling up the DagBag from /home/airflow/.local/lib/python3.7/site-packages/airflow/example_dags/example_branch_datetime_operator.py
[2023-02-19T16:55:31.522+0000] {processor.py:753} INFO - DAG(s) dict_keys(['example_branch_datetime_operator', 'example_branch_datetime_operator_2', 'example_branch_datetime_operator_3']) retrieved from /home/airflow/.local/lib/python3.7/site-packages/airflow/example_dags/example_branch_datetime_operator.py
[2023-02-19T16:55:31.574+0000] {logging_mixin.py:137} INFO - [2023-02-19T16:55:31.574+0000] {dag.py:2676} INFO - Sync 3 DAGs
[2023-02-19T16:55:31.606+0000] {logging_mixin.py:137} INFO - [2023-02-19T16:55:31.606+0000] {dag.py:3427} INFO - Setting next_dagrun for example_branch_datetime_operator to 2023-02-18T00:00:00+00:00, run_after=2023-02-19T00:00:00+00:00
[2023-02-19T16:55:31.614+0000] {logging_mixin.py:137} INFO - [2023-02-19T16:55:31.614+0000] {dag.py:3427} INFO - Setting next_dagrun for example_branch_datetime_operator_2 to 2023-02-18T00:00:00+00:00, run_after=2023-02-19T00:00:00+00:00
[2023-02-19T16:55:31.619+0000] {logging_mixin.py:137} INFO - [2023-02-19T16:55:31.619+0000] {dag.py:3427} INFO - Setting next_dagrun for example_branch_datetime_operator_3 to 2023-02-18T00:00:00+00:00, run_after=2023-02-19T00:00:00+00:00
[2023-02-19T16:55:31.639+0000] {processor.py:175} INFO - Processing /home/airflow/.local/lib/python3.7/site-packages/airflow/example_dags/example_branch_datetime_operator.py took 0.145 seconds
[2023-02-19T16:56:03.134+0000] {processor.py:153} INFO - Started process (PID=613) to work on /home/airflow/.local/lib/python3.7/site-packages/airflow/example_dags/example_branch_datetime_operator.py
[2023-02-19T16:56:03.137+0000] {processor.py:743} INFO - Processing file /home/airflow/.local/lib/python3.7/site-packages/airflow/example_dags/example_branch_datetime_operator.py for tasks to queue
[2023-02-19T16:56:03.139+0000] {logging_mixin.py:137} INFO - [2023-02-19T16:56:03.139+0000] {dagbag.py:538} INFO - Filling up the DagBag from /home/airflow/.local/lib/python3.7/site-packages/airflow/example_dags/example_branch_datetime_operator.py
[2023-02-19T16:56:03.162+0000] {processor.py:753} INFO - DAG(s) dict_keys(['example_branch_datetime_operator', 'example_branch_datetime_operator_3', 'example_branch_datetime_operator_2']) retrieved from /home/airflow/.local/lib/python3.7/site-packages/airflow/example_dags/example_branch_datetime_operator.py
[2023-02-19T16:56:03.214+0000] {logging_mixin.py:137} INFO - [2023-02-19T16:56:03.214+0000] {dag.py:2676} INFO - Sync 3 DAGs
[2023-02-19T16:56:03.246+0000] {logging_mixin.py:137} INFO - [2023-02-19T16:56:03.245+0000] {dag.py:3427} INFO - Setting next_dagrun for example_branch_datetime_operator to 2023-02-18T00:00:00+00:00, run_after=2023-02-19T00:00:00+00:00
[2023-02-19T16:56:03.252+0000] {logging_mixin.py:137} INFO - [2023-02-19T16:56:03.252+0000] {dag.py:3427} INFO - Setting next_dagrun for example_branch_datetime_operator_2 to 2023-02-18T00:00:00+00:00, run_after=2023-02-19T00:00:00+00:00
[2023-02-19T16:56:03.256+0000] {logging_mixin.py:137} INFO - [2023-02-19T16:56:03.256+0000] {dag.py:3427} INFO - Setting next_dagrun for example_branch_datetime_operator_3 to 2023-02-18T00:00:00+00:00, run_after=2023-02-19T00:00:00+00:00
[2023-02-19T16:56:03.277+0000] {processor.py:175} INFO - Processing /home/airflow/.local/lib/python3.7/site-packages/airflow/example_dags/example_branch_datetime_operator.py took 0.148 seconds
[2023-02-19T16:56:34.327+0000] {processor.py:153} INFO - Started process (PID=711) to work on /home/airflow/.local/lib/python3.7/site-packages/airflow/example_dags/example_branch_datetime_operator.py
[2023-02-19T16:56:34.330+0000] {processor.py:743} INFO - Processing file /home/airflow/.local/lib/python3.7/site-packages/airflow/example_dags/example_branch_datetime_operator.py for tasks to queue
[2023-02-19T16:56:34.332+0000] {logging_mixin.py:137} INFO - [2023-02-19T16:56:34.331+0000] {dagbag.py:538} INFO - Filling up the DagBag from /home/airflow/.local/lib/python3.7/site-packages/airflow/example_dags/example_branch_datetime_operator.py
[2023-02-19T16:56:34.357+0000] {processor.py:753} INFO - DAG(s) dict_keys(['example_branch_datetime_operator', 'example_branch_datetime_operator_3', 'example_branch_datetime_operator_2']) retrieved from /home/airflow/.local/lib/python3.7/site-packages/airflow/example_dags/example_branch_datetime_operator.py
[2023-02-19T16:56:34.417+0000] {logging_mixin.py:137} INFO - [2023-02-19T16:56:34.417+0000] {dag.py:2676} INFO - Sync 3 DAGs
[2023-02-19T16:56:34.454+0000] {logging_mixin.py:137} INFO - [2023-02-19T16:56:34.454+0000] {dag.py:3427} INFO - Setting next_dagrun for example_branch_datetime_operator to 2023-02-18T00:00:00+00:00, run_after=2023-02-19T00:00:00+00:00
[2023-02-19T16:56:34.461+0000] {logging_mixin.py:137} INFO - [2023-02-19T16:56:34.460+0000] {dag.py:3427} INFO - Setting next_dagrun for example_branch_datetime_operator_2 to 2023-02-18T00:00:00+00:00, run_after=2023-02-19T00:00:00+00:00
[2023-02-19T16:56:34.464+0000] {logging_mixin.py:137} INFO - [2023-02-19T16:56:34.464+0000] {dag.py:3427} INFO - Setting next_dagrun for example_branch_datetime_operator_3 to 2023-02-18T00:00:00+00:00, run_after=2023-02-19T00:00:00+00:00
[2023-02-19T16:56:34.484+0000] {processor.py:175} INFO - Processing /home/airflow/.local/lib/python3.7/site-packages/airflow/example_dags/example_branch_datetime_operator.py took 0.162 seconds
[2023-02-19T16:57:05.301+0000] {processor.py:153} INFO - Started process (PID=793) to work on /home/airflow/.local/lib/python3.7/site-packages/airflow/example_dags/example_branch_datetime_operator.py
[2023-02-19T16:57:05.303+0000] {processor.py:743} INFO - Processing file /home/airflow/.local/lib/python3.7/site-packages/airflow/example_dags/example_branch_datetime_operator.py for tasks to queue
[2023-02-19T16:57:05.305+0000] {logging_mixin.py:137} INFO - [2023-02-19T16:57:05.305+0000] {dagbag.py:538} INFO - Filling up the DagBag from /home/airflow/.local/lib/python3.7/site-packages/airflow/example_dags/example_branch_datetime_operator.py
[2023-02-19T16:57:05.325+0000] {processor.py:753} INFO - DAG(s) dict_keys(['example_branch_datetime_operator_2', 'example_branch_datetime_operator', 'example_branch_datetime_operator_3']) retrieved from /home/airflow/.local/lib/python3.7/site-packages/airflow/example_dags/example_branch_datetime_operator.py
[2023-02-19T16:57:05.375+0000] {logging_mixin.py:137} INFO - [2023-02-19T16:57:05.375+0000] {dag.py:2676} INFO - Sync 3 DAGs
[2023-02-19T16:57:05.411+0000] {logging_mixin.py:137} INFO - [2023-02-19T16:57:05.411+0000] {dag.py:3427} INFO - Setting next_dagrun for example_branch_datetime_operator to 2023-02-18T00:00:00+00:00, run_after=2023-02-19T00:00:00+00:00
[2023-02-19T16:57:05.417+0000] {logging_mixin.py:137} INFO - [2023-02-19T16:57:05.417+0000] {dag.py:3427} INFO - Setting next_dagrun for example_branch_datetime_operator_2 to 2023-02-18T00:00:00+00:00, run_after=2023-02-19T00:00:00+00:00
[2023-02-19T16:57:05.421+0000] {logging_mixin.py:137} INFO - [2023-02-19T16:57:05.421+0000] {dag.py:3427} INFO - Setting next_dagrun for example_branch_datetime_operator_3 to 2023-02-18T00:00:00+00:00, run_after=2023-02-19T00:00:00+00:00
[2023-02-19T16:57:05.443+0000] {processor.py:175} INFO - Processing /home/airflow/.local/lib/python3.7/site-packages/airflow/example_dags/example_branch_datetime_operator.py took 0.146 seconds
[2023-02-19T16:57:37.162+0000] {processor.py:153} INFO - Started process (PID=891) to work on /home/airflow/.local/lib/python3.7/site-packages/airflow/example_dags/example_branch_datetime_operator.py
[2023-02-19T16:57:37.164+0000] {processor.py:743} INFO - Processing file /home/airflow/.local/lib/python3.7/site-packages/airflow/example_dags/example_branch_datetime_operator.py for tasks to queue
[2023-02-19T16:57:37.165+0000] {logging_mixin.py:137} INFO - [2023-02-19T16:57:37.165+0000] {dagbag.py:538} INFO - Filling up the DagBag from /home/airflow/.local/lib/python3.7/site-packages/airflow/example_dags/example_branch_datetime_operator.py
[2023-02-19T16:57:37.191+0000] {processor.py:753} INFO - DAG(s) dict_keys(['example_branch_datetime_operator_2', 'example_branch_datetime_operator', 'example_branch_datetime_operator_3']) retrieved from /home/airflow/.local/lib/python3.7/site-packages/airflow/example_dags/example_branch_datetime_operator.py
[2023-02-19T16:57:37.254+0000] {logging_mixin.py:137} INFO - [2023-02-19T16:57:37.253+0000] {dag.py:2676} INFO - Sync 3 DAGs
[2023-02-19T16:57:37.294+0000] {logging_mixin.py:137} INFO - [2023-02-19T16:57:37.294+0000] {dag.py:3427} INFO - Setting next_dagrun for example_branch_datetime_operator to 2023-02-18T00:00:00+00:00, run_after=2023-02-19T00:00:00+00:00
[2023-02-19T16:57:37.302+0000] {logging_mixin.py:137} INFO - [2023-02-19T16:57:37.302+0000] {dag.py:3427} INFO - Setting next_dagrun for example_branch_datetime_operator_2 to 2023-02-18T00:00:00+00:00, run_after=2023-02-19T00:00:00+00:00
[2023-02-19T16:57:37.307+0000] {logging_mixin.py:137} INFO - [2023-02-19T16:57:37.307+0000] {dag.py:3427} INFO - Setting next_dagrun for example_branch_datetime_operator_3 to 2023-02-18T00:00:00+00:00, run_after=2023-02-19T00:00:00+00:00
[2023-02-19T16:57:37.329+0000] {processor.py:175} INFO - Processing /home/airflow/.local/lib/python3.7/site-packages/airflow/example_dags/example_branch_datetime_operator.py took 0.171 seconds
[2023-02-19T16:58:08.294+0000] {processor.py:153} INFO - Started process (PID=973) to work on /home/airflow/.local/lib/python3.7/site-packages/airflow/example_dags/example_branch_datetime_operator.py
[2023-02-19T16:58:08.296+0000] {processor.py:743} INFO - Processing file /home/airflow/.local/lib/python3.7/site-packages/airflow/example_dags/example_branch_datetime_operator.py for tasks to queue
[2023-02-19T16:58:08.298+0000] {logging_mixin.py:137} INFO - [2023-02-19T16:58:08.298+0000] {dagbag.py:538} INFO - Filling up the DagBag from /home/airflow/.local/lib/python3.7/site-packages/airflow/example_dags/example_branch_datetime_operator.py
[2023-02-19T16:58:08.319+0000] {processor.py:753} INFO - DAG(s) dict_keys(['example_branch_datetime_operator_3', 'example_branch_datetime_operator', 'example_branch_datetime_operator_2']) retrieved from /home/airflow/.local/lib/python3.7/site-packages/airflow/example_dags/example_branch_datetime_operator.py
[2023-02-19T16:58:08.367+0000] {logging_mixin.py:137} INFO - [2023-02-19T16:58:08.367+0000] {dag.py:2676} INFO - Sync 3 DAGs
[2023-02-19T16:58:08.398+0000] {logging_mixin.py:137} INFO - [2023-02-19T16:58:08.397+0000] {dag.py:3427} INFO - Setting next_dagrun for example_branch_datetime_operator to 2023-02-18T00:00:00+00:00, run_after=2023-02-19T00:00:00+00:00
[2023-02-19T16:58:08.404+0000] {logging_mixin.py:137} INFO - [2023-02-19T16:58:08.404+0000] {dag.py:3427} INFO - Setting next_dagrun for example_branch_datetime_operator_2 to 2023-02-18T00:00:00+00:00, run_after=2023-02-19T00:00:00+00:00
[2023-02-19T16:58:08.409+0000] {logging_mixin.py:137} INFO - [2023-02-19T16:58:08.409+0000] {dag.py:3427} INFO - Setting next_dagrun for example_branch_datetime_operator_3 to 2023-02-18T00:00:00+00:00, run_after=2023-02-19T00:00:00+00:00
[2023-02-19T16:58:08.442+0000] {processor.py:175} INFO - Processing /home/airflow/.local/lib/python3.7/site-packages/airflow/example_dags/example_branch_datetime_operator.py took 0.153 seconds
[2023-02-19T16:58:39.922+0000] {processor.py:153} INFO - Started process (PID=1071) to work on /home/airflow/.local/lib/python3.7/site-packages/airflow/example_dags/example_branch_datetime_operator.py
[2023-02-19T16:58:39.924+0000] {processor.py:743} INFO - Processing file /home/airflow/.local/lib/python3.7/site-packages/airflow/example_dags/example_branch_datetime_operator.py for tasks to queue
[2023-02-19T16:58:39.926+0000] {logging_mixin.py:137} INFO - [2023-02-19T16:58:39.926+0000] {dagbag.py:538} INFO - Filling up the DagBag from /home/airflow/.local/lib/python3.7/site-packages/airflow/example_dags/example_branch_datetime_operator.py
[2023-02-19T16:58:39.946+0000] {processor.py:753} INFO - DAG(s) dict_keys(['example_branch_datetime_operator', 'example_branch_datetime_operator_3', 'example_branch_datetime_operator_2']) retrieved from /home/airflow/.local/lib/python3.7/site-packages/airflow/example_dags/example_branch_datetime_operator.py
[2023-02-19T16:58:39.996+0000] {logging_mixin.py:137} INFO - [2023-02-19T16:58:39.996+0000] {dag.py:2676} INFO - Sync 3 DAGs
[2023-02-19T16:58:40.027+0000] {logging_mixin.py:137} INFO - [2023-02-19T16:58:40.027+0000] {dag.py:3427} INFO - Setting next_dagrun for example_branch_datetime_operator to 2023-02-18T00:00:00+00:00, run_after=2023-02-19T00:00:00+00:00
[2023-02-19T16:58:40.034+0000] {logging_mixin.py:137} INFO - [2023-02-19T16:58:40.034+0000] {dag.py:3427} INFO - Setting next_dagrun for example_branch_datetime_operator_2 to 2023-02-18T00:00:00+00:00, run_after=2023-02-19T00:00:00+00:00
[2023-02-19T16:58:40.037+0000] {logging_mixin.py:137} INFO - [2023-02-19T16:58:40.037+0000] {dag.py:3427} INFO - Setting next_dagrun for example_branch_datetime_operator_3 to 2023-02-18T00:00:00+00:00, run_after=2023-02-19T00:00:00+00:00
[2023-02-19T16:58:40.055+0000] {processor.py:175} INFO - Processing /home/airflow/.local/lib/python3.7/site-packages/airflow/example_dags/example_branch_datetime_operator.py took 0.138 seconds
[2023-02-19T16:59:11.000+0000] {processor.py:153} INFO - Started process (PID=1153) to work on /home/airflow/.local/lib/python3.7/site-packages/airflow/example_dags/example_branch_datetime_operator.py
[2023-02-19T16:59:11.002+0000] {processor.py:743} INFO - Processing file /home/airflow/.local/lib/python3.7/site-packages/airflow/example_dags/example_branch_datetime_operator.py for tasks to queue
[2023-02-19T16:59:11.003+0000] {logging_mixin.py:137} INFO - [2023-02-19T16:59:11.003+0000] {dagbag.py:538} INFO - Filling up the DagBag from /home/airflow/.local/lib/python3.7/site-packages/airflow/example_dags/example_branch_datetime_operator.py
[2023-02-19T16:59:11.023+0000] {processor.py:753} INFO - DAG(s) dict_keys(['example_branch_datetime_operator', 'example_branch_datetime_operator_3', 'example_branch_datetime_operator_2']) retrieved from /home/airflow/.local/lib/python3.7/site-packages/airflow/example_dags/example_branch_datetime_operator.py
[2023-02-19T16:59:11.073+0000] {logging_mixin.py:137} INFO - [2023-02-19T16:59:11.073+0000] {dag.py:2676} INFO - Sync 3 DAGs
[2023-02-19T16:59:11.105+0000] {logging_mixin.py:137} INFO - [2023-02-19T16:59:11.105+0000] {dag.py:3427} INFO - Setting next_dagrun for example_branch_datetime_operator to 2023-02-18T00:00:00+00:00, run_after=2023-02-19T00:00:00+00:00
[2023-02-19T16:59:11.112+0000] {logging_mixin.py:137} INFO - [2023-02-19T16:59:11.112+0000] {dag.py:3427} INFO - Setting next_dagrun for example_branch_datetime_operator_2 to 2023-02-18T00:00:00+00:00, run_after=2023-02-19T00:00:00+00:00
[2023-02-19T16:59:11.117+0000] {logging_mixin.py:137} INFO - [2023-02-19T16:59:11.117+0000] {dag.py:3427} INFO - Setting next_dagrun for example_branch_datetime_operator_3 to 2023-02-18T00:00:00+00:00, run_after=2023-02-19T00:00:00+00:00
[2023-02-19T16:59:11.137+0000] {processor.py:175} INFO - Processing /home/airflow/.local/lib/python3.7/site-packages/airflow/example_dags/example_branch_datetime_operator.py took 0.142 seconds
[2023-02-19T16:59:42.216+0000] {processor.py:153} INFO - Started process (PID=1251) to work on /home/airflow/.local/lib/python3.7/site-packages/airflow/example_dags/example_branch_datetime_operator.py
[2023-02-19T16:59:42.219+0000] {processor.py:743} INFO - Processing file /home/airflow/.local/lib/python3.7/site-packages/airflow/example_dags/example_branch_datetime_operator.py for tasks to queue
[2023-02-19T16:59:42.221+0000] {logging_mixin.py:137} INFO - [2023-02-19T16:59:42.221+0000] {dagbag.py:538} INFO - Filling up the DagBag from /home/airflow/.local/lib/python3.7/site-packages/airflow/example_dags/example_branch_datetime_operator.py
[2023-02-19T16:59:42.250+0000] {processor.py:753} INFO - DAG(s) dict_keys(['example_branch_datetime_operator_3', 'example_branch_datetime_operator_2', 'example_branch_datetime_operator']) retrieved from /home/airflow/.local/lib/python3.7/site-packages/airflow/example_dags/example_branch_datetime_operator.py
[2023-02-19T16:59:42.307+0000] {logging_mixin.py:137} INFO - [2023-02-19T16:59:42.306+0000] {dag.py:2676} INFO - Sync 3 DAGs
[2023-02-19T16:59:42.341+0000] {logging_mixin.py:137} INFO - [2023-02-19T16:59:42.341+0000] {dag.py:3427} INFO - Setting next_dagrun for example_branch_datetime_operator to 2023-02-18T00:00:00+00:00, run_after=2023-02-19T00:00:00+00:00
[2023-02-19T16:59:42.347+0000] {logging_mixin.py:137} INFO - [2023-02-19T16:59:42.347+0000] {dag.py:3427} INFO - Setting next_dagrun for example_branch_datetime_operator_2 to 2023-02-18T00:00:00+00:00, run_after=2023-02-19T00:00:00+00:00
[2023-02-19T16:59:42.351+0000] {logging_mixin.py:137} INFO - [2023-02-19T16:59:42.351+0000] {dag.py:3427} INFO - Setting next_dagrun for example_branch_datetime_operator_3 to 2023-02-18T00:00:00+00:00, run_after=2023-02-19T00:00:00+00:00
[2023-02-19T16:59:42.371+0000] {processor.py:175} INFO - Processing /home/airflow/.local/lib/python3.7/site-packages/airflow/example_dags/example_branch_datetime_operator.py took 0.161 seconds
[2023-02-19T17:00:13.871+0000] {processor.py:153} INFO - Started process (PID=1333) to work on /home/airflow/.local/lib/python3.7/site-packages/airflow/example_dags/example_branch_datetime_operator.py
[2023-02-19T17:00:13.874+0000] {processor.py:743} INFO - Processing file /home/airflow/.local/lib/python3.7/site-packages/airflow/example_dags/example_branch_datetime_operator.py for tasks to queue
[2023-02-19T17:00:13.876+0000] {logging_mixin.py:137} INFO - [2023-02-19T17:00:13.875+0000] {dagbag.py:538} INFO - Filling up the DagBag from /home/airflow/.local/lib/python3.7/site-packages/airflow/example_dags/example_branch_datetime_operator.py
[2023-02-19T17:00:13.902+0000] {processor.py:753} INFO - DAG(s) dict_keys(['example_branch_datetime_operator_2', 'example_branch_datetime_operator', 'example_branch_datetime_operator_3']) retrieved from /home/airflow/.local/lib/python3.7/site-packages/airflow/example_dags/example_branch_datetime_operator.py
[2023-02-19T17:00:13.969+0000] {logging_mixin.py:137} INFO - [2023-02-19T17:00:13.969+0000] {dag.py:2676} INFO - Sync 3 DAGs
[2023-02-19T17:00:14.011+0000] {logging_mixin.py:137} INFO - [2023-02-19T17:00:14.011+0000] {dag.py:3427} INFO - Setting next_dagrun for example_branch_datetime_operator to 2023-02-18T00:00:00+00:00, run_after=2023-02-19T00:00:00+00:00
[2023-02-19T17:00:14.020+0000] {logging_mixin.py:137} INFO - [2023-02-19T17:00:14.020+0000] {dag.py:3427} INFO - Setting next_dagrun for example_branch_datetime_operator_2 to 2023-02-18T00:00:00+00:00, run_after=2023-02-19T00:00:00+00:00
[2023-02-19T17:00:14.027+0000] {logging_mixin.py:137} INFO - [2023-02-19T17:00:14.026+0000] {dag.py:3427} INFO - Setting next_dagrun for example_branch_datetime_operator_3 to 2023-02-18T00:00:00+00:00, run_after=2023-02-19T00:00:00+00:00
[2023-02-19T17:00:14.054+0000] {processor.py:175} INFO - Processing /home/airflow/.local/lib/python3.7/site-packages/airflow/example_dags/example_branch_datetime_operator.py took 0.188 seconds
[2023-02-19T17:00:45.209+0000] {processor.py:153} INFO - Started process (PID=1432) to work on /home/airflow/.local/lib/python3.7/site-packages/airflow/example_dags/example_branch_datetime_operator.py
[2023-02-19T17:00:45.212+0000] {processor.py:743} INFO - Processing file /home/airflow/.local/lib/python3.7/site-packages/airflow/example_dags/example_branch_datetime_operator.py for tasks to queue
[2023-02-19T17:00:45.213+0000] {logging_mixin.py:137} INFO - [2023-02-19T17:00:45.213+0000] {dagbag.py:538} INFO - Filling up the DagBag from /home/airflow/.local/lib/python3.7/site-packages/airflow/example_dags/example_branch_datetime_operator.py
[2023-02-19T17:00:45.241+0000] {processor.py:753} INFO - DAG(s) dict_keys(['example_branch_datetime_operator', 'example_branch_datetime_operator_2', 'example_branch_datetime_operator_3']) retrieved from /home/airflow/.local/lib/python3.7/site-packages/airflow/example_dags/example_branch_datetime_operator.py
[2023-02-19T17:00:45.300+0000] {logging_mixin.py:137} INFO - [2023-02-19T17:00:45.299+0000] {dag.py:2676} INFO - Sync 3 DAGs
[2023-02-19T17:00:45.329+0000] {logging_mixin.py:137} INFO - [2023-02-19T17:00:45.329+0000] {dag.py:3427} INFO - Setting next_dagrun for example_branch_datetime_operator to 2023-02-18T00:00:00+00:00, run_after=2023-02-19T00:00:00+00:00
[2023-02-19T17:00:45.335+0000] {logging_mixin.py:137} INFO - [2023-02-19T17:00:45.335+0000] {dag.py:3427} INFO - Setting next_dagrun for example_branch_datetime_operator_2 to 2023-02-18T00:00:00+00:00, run_after=2023-02-19T00:00:00+00:00
[2023-02-19T17:00:45.339+0000] {logging_mixin.py:137} INFO - [2023-02-19T17:00:45.339+0000] {dag.py:3427} INFO - Setting next_dagrun for example_branch_datetime_operator_3 to 2023-02-18T00:00:00+00:00, run_after=2023-02-19T00:00:00+00:00
[2023-02-19T17:00:45.358+0000] {processor.py:175} INFO - Processing /home/airflow/.local/lib/python3.7/site-packages/airflow/example_dags/example_branch_datetime_operator.py took 0.155 seconds
[2023-02-19T17:01:16.961+0000] {processor.py:153} INFO - Started process (PID=1514) to work on /home/airflow/.local/lib/python3.7/site-packages/airflow/example_dags/example_branch_datetime_operator.py
[2023-02-19T17:01:16.963+0000] {processor.py:743} INFO - Processing file /home/airflow/.local/lib/python3.7/site-packages/airflow/example_dags/example_branch_datetime_operator.py for tasks to queue
[2023-02-19T17:01:16.965+0000] {logging_mixin.py:137} INFO - [2023-02-19T17:01:16.965+0000] {dagbag.py:538} INFO - Filling up the DagBag from /home/airflow/.local/lib/python3.7/site-packages/airflow/example_dags/example_branch_datetime_operator.py
[2023-02-19T17:01:16.986+0000] {processor.py:753} INFO - DAG(s) dict_keys(['example_branch_datetime_operator_2', 'example_branch_datetime_operator_3', 'example_branch_datetime_operator']) retrieved from /home/airflow/.local/lib/python3.7/site-packages/airflow/example_dags/example_branch_datetime_operator.py
[2023-02-19T17:01:17.034+0000] {logging_mixin.py:137} INFO - [2023-02-19T17:01:17.034+0000] {dag.py:2676} INFO - Sync 3 DAGs
[2023-02-19T17:01:17.066+0000] {logging_mixin.py:137} INFO - [2023-02-19T17:01:17.066+0000] {dag.py:3427} INFO - Setting next_dagrun for example_branch_datetime_operator to 2023-02-18T00:00:00+00:00, run_after=2023-02-19T00:00:00+00:00
[2023-02-19T17:01:17.073+0000] {logging_mixin.py:137} INFO - [2023-02-19T17:01:17.073+0000] {dag.py:3427} INFO - Setting next_dagrun for example_branch_datetime_operator_2 to 2023-02-18T00:00:00+00:00, run_after=2023-02-19T00:00:00+00:00
[2023-02-19T17:01:17.077+0000] {logging_mixin.py:137} INFO - [2023-02-19T17:01:17.077+0000] {dag.py:3427} INFO - Setting next_dagrun for example_branch_datetime_operator_3 to 2023-02-18T00:00:00+00:00, run_after=2023-02-19T00:00:00+00:00
[2023-02-19T17:01:17.096+0000] {processor.py:175} INFO - Processing /home/airflow/.local/lib/python3.7/site-packages/airflow/example_dags/example_branch_datetime_operator.py took 0.139 seconds
[2023-02-19T17:01:48.139+0000] {processor.py:153} INFO - Started process (PID=1612) to work on /home/airflow/.local/lib/python3.7/site-packages/airflow/example_dags/example_branch_datetime_operator.py
[2023-02-19T17:01:48.141+0000] {processor.py:743} INFO - Processing file /home/airflow/.local/lib/python3.7/site-packages/airflow/example_dags/example_branch_datetime_operator.py for tasks to queue
[2023-02-19T17:01:48.143+0000] {logging_mixin.py:137} INFO - [2023-02-19T17:01:48.143+0000] {dagbag.py:538} INFO - Filling up the DagBag from /home/airflow/.local/lib/python3.7/site-packages/airflow/example_dags/example_branch_datetime_operator.py
[2023-02-19T17:01:48.163+0000] {processor.py:753} INFO - DAG(s) dict_keys(['example_branch_datetime_operator', 'example_branch_datetime_operator_3', 'example_branch_datetime_operator_2']) retrieved from /home/airflow/.local/lib/python3.7/site-packages/airflow/example_dags/example_branch_datetime_operator.py
[2023-02-19T17:01:48.211+0000] {logging_mixin.py:137} INFO - [2023-02-19T17:01:48.211+0000] {dag.py:2676} INFO - Sync 3 DAGs
[2023-02-19T17:01:48.240+0000] {logging_mixin.py:137} INFO - [2023-02-19T17:01:48.240+0000] {dag.py:3427} INFO - Setting next_dagrun for example_branch_datetime_operator to 2023-02-18T00:00:00+00:00, run_after=2023-02-19T00:00:00+00:00
[2023-02-19T17:01:48.247+0000] {logging_mixin.py:137} INFO - [2023-02-19T17:01:48.246+0000] {dag.py:3427} INFO - Setting next_dagrun for example_branch_datetime_operator_2 to 2023-02-18T00:00:00+00:00, run_after=2023-02-19T00:00:00+00:00
[2023-02-19T17:01:48.250+0000] {logging_mixin.py:137} INFO - [2023-02-19T17:01:48.250+0000] {dag.py:3427} INFO - Setting next_dagrun for example_branch_datetime_operator_3 to 2023-02-18T00:00:00+00:00, run_after=2023-02-19T00:00:00+00:00
[2023-02-19T17:01:48.269+0000] {processor.py:175} INFO - Processing /home/airflow/.local/lib/python3.7/site-packages/airflow/example_dags/example_branch_datetime_operator.py took 0.134 seconds
[2023-02-19T17:02:19.066+0000] {processor.py:153} INFO - Started process (PID=1703) to work on /home/airflow/.local/lib/python3.7/site-packages/airflow/example_dags/example_branch_datetime_operator.py
[2023-02-19T17:02:19.068+0000] {processor.py:743} INFO - Processing file /home/airflow/.local/lib/python3.7/site-packages/airflow/example_dags/example_branch_datetime_operator.py for tasks to queue
[2023-02-19T17:02:19.070+0000] {logging_mixin.py:137} INFO - [2023-02-19T17:02:19.070+0000] {dagbag.py:538} INFO - Filling up the DagBag from /home/airflow/.local/lib/python3.7/site-packages/airflow/example_dags/example_branch_datetime_operator.py
[2023-02-19T17:02:19.090+0000] {processor.py:753} INFO - DAG(s) dict_keys(['example_branch_datetime_operator_2', 'example_branch_datetime_operator_3', 'example_branch_datetime_operator']) retrieved from /home/airflow/.local/lib/python3.7/site-packages/airflow/example_dags/example_branch_datetime_operator.py
[2023-02-19T17:02:19.142+0000] {logging_mixin.py:137} INFO - [2023-02-19T17:02:19.141+0000] {dag.py:2676} INFO - Sync 3 DAGs
[2023-02-19T17:02:19.172+0000] {logging_mixin.py:137} INFO - [2023-02-19T17:02:19.171+0000] {dag.py:3427} INFO - Setting next_dagrun for example_branch_datetime_operator to 2023-02-18T00:00:00+00:00, run_after=2023-02-19T00:00:00+00:00
[2023-02-19T17:02:19.180+0000] {logging_mixin.py:137} INFO - [2023-02-19T17:02:19.180+0000] {dag.py:3427} INFO - Setting next_dagrun for example_branch_datetime_operator_2 to 2023-02-18T00:00:00+00:00, run_after=2023-02-19T00:00:00+00:00
[2023-02-19T17:02:19.184+0000] {logging_mixin.py:137} INFO - [2023-02-19T17:02:19.184+0000] {dag.py:3427} INFO - Setting next_dagrun for example_branch_datetime_operator_3 to 2023-02-18T00:00:00+00:00, run_after=2023-02-19T00:00:00+00:00
[2023-02-19T17:02:19.204+0000] {processor.py:175} INFO - Processing /home/airflow/.local/lib/python3.7/site-packages/airflow/example_dags/example_branch_datetime_operator.py took 0.142 seconds
[2023-02-19T17:02:50.507+0000] {processor.py:153} INFO - Started process (PID=1792) to work on /home/airflow/.local/lib/python3.7/site-packages/airflow/example_dags/example_branch_datetime_operator.py
[2023-02-19T17:02:50.509+0000] {processor.py:743} INFO - Processing file /home/airflow/.local/lib/python3.7/site-packages/airflow/example_dags/example_branch_datetime_operator.py for tasks to queue
[2023-02-19T17:02:50.511+0000] {logging_mixin.py:137} INFO - [2023-02-19T17:02:50.511+0000] {dagbag.py:538} INFO - Filling up the DagBag from /home/airflow/.local/lib/python3.7/site-packages/airflow/example_dags/example_branch_datetime_operator.py
[2023-02-19T17:02:50.531+0000] {processor.py:753} INFO - DAG(s) dict_keys(['example_branch_datetime_operator_3', 'example_branch_datetime_operator', 'example_branch_datetime_operator_2']) retrieved from /home/airflow/.local/lib/python3.7/site-packages/airflow/example_dags/example_branch_datetime_operator.py
[2023-02-19T17:02:50.582+0000] {logging_mixin.py:137} INFO - [2023-02-19T17:02:50.582+0000] {dag.py:2676} INFO - Sync 3 DAGs
[2023-02-19T17:02:50.613+0000] {logging_mixin.py:137} INFO - [2023-02-19T17:02:50.613+0000] {dag.py:3427} INFO - Setting next_dagrun for example_branch_datetime_operator to 2023-02-18T00:00:00+00:00, run_after=2023-02-19T00:00:00+00:00
[2023-02-19T17:02:50.619+0000] {logging_mixin.py:137} INFO - [2023-02-19T17:02:50.619+0000] {dag.py:3427} INFO - Setting next_dagrun for example_branch_datetime_operator_2 to 2023-02-18T00:00:00+00:00, run_after=2023-02-19T00:00:00+00:00
[2023-02-19T17:02:50.623+0000] {logging_mixin.py:137} INFO - [2023-02-19T17:02:50.623+0000] {dag.py:3427} INFO - Setting next_dagrun for example_branch_datetime_operator_3 to 2023-02-18T00:00:00+00:00, run_after=2023-02-19T00:00:00+00:00
[2023-02-19T17:02:50.642+0000] {processor.py:175} INFO - Processing /home/airflow/.local/lib/python3.7/site-packages/airflow/example_dags/example_branch_datetime_operator.py took 0.139 seconds
[2023-02-19T17:03:22.158+0000] {processor.py:153} INFO - Started process (PID=1890) to work on /home/airflow/.local/lib/python3.7/site-packages/airflow/example_dags/example_branch_datetime_operator.py
[2023-02-19T17:03:22.161+0000] {processor.py:743} INFO - Processing file /home/airflow/.local/lib/python3.7/site-packages/airflow/example_dags/example_branch_datetime_operator.py for tasks to queue
[2023-02-19T17:03:22.163+0000] {logging_mixin.py:137} INFO - [2023-02-19T17:03:22.162+0000] {dagbag.py:538} INFO - Filling up the DagBag from /home/airflow/.local/lib/python3.7/site-packages/airflow/example_dags/example_branch_datetime_operator.py
[2023-02-19T17:03:22.194+0000] {processor.py:753} INFO - DAG(s) dict_keys(['example_branch_datetime_operator_2', 'example_branch_datetime_operator', 'example_branch_datetime_operator_3']) retrieved from /home/airflow/.local/lib/python3.7/site-packages/airflow/example_dags/example_branch_datetime_operator.py
[2023-02-19T17:03:22.254+0000] {logging_mixin.py:137} INFO - [2023-02-19T17:03:22.254+0000] {dag.py:2676} INFO - Sync 3 DAGs
[2023-02-19T17:03:22.286+0000] {logging_mixin.py:137} INFO - [2023-02-19T17:03:22.286+0000] {dag.py:3427} INFO - Setting next_dagrun for example_branch_datetime_operator to 2023-02-18T00:00:00+00:00, run_after=2023-02-19T00:00:00+00:00
[2023-02-19T17:03:22.292+0000] {logging_mixin.py:137} INFO - [2023-02-19T17:03:22.292+0000] {dag.py:3427} INFO - Setting next_dagrun for example_branch_datetime_operator_2 to 2023-02-18T00:00:00+00:00, run_after=2023-02-19T00:00:00+00:00
[2023-02-19T17:03:22.297+0000] {logging_mixin.py:137} INFO - [2023-02-19T17:03:22.296+0000] {dag.py:3427} INFO - Setting next_dagrun for example_branch_datetime_operator_3 to 2023-02-18T00:00:00+00:00, run_after=2023-02-19T00:00:00+00:00
[2023-02-19T17:03:22.317+0000] {processor.py:175} INFO - Processing /home/airflow/.local/lib/python3.7/site-packages/airflow/example_dags/example_branch_datetime_operator.py took 0.164 seconds
[2023-02-19T17:03:53.416+0000] {processor.py:153} INFO - Started process (PID=1972) to work on /home/airflow/.local/lib/python3.7/site-packages/airflow/example_dags/example_branch_datetime_operator.py
[2023-02-19T17:03:53.419+0000] {processor.py:743} INFO - Processing file /home/airflow/.local/lib/python3.7/site-packages/airflow/example_dags/example_branch_datetime_operator.py for tasks to queue
[2023-02-19T17:03:53.421+0000] {logging_mixin.py:137} INFO - [2023-02-19T17:03:53.421+0000] {dagbag.py:538} INFO - Filling up the DagBag from /home/airflow/.local/lib/python3.7/site-packages/airflow/example_dags/example_branch_datetime_operator.py
[2023-02-19T17:03:53.451+0000] {processor.py:753} INFO - DAG(s) dict_keys(['example_branch_datetime_operator', 'example_branch_datetime_operator_3', 'example_branch_datetime_operator_2']) retrieved from /home/airflow/.local/lib/python3.7/site-packages/airflow/example_dags/example_branch_datetime_operator.py
[2023-02-19T17:03:53.518+0000] {logging_mixin.py:137} INFO - [2023-02-19T17:03:53.518+0000] {dag.py:2676} INFO - Sync 3 DAGs
[2023-02-19T17:03:53.557+0000] {logging_mixin.py:137} INFO - [2023-02-19T17:03:53.557+0000] {dag.py:3427} INFO - Setting next_dagrun for example_branch_datetime_operator to 2023-02-18T00:00:00+00:00, run_after=2023-02-19T00:00:00+00:00
[2023-02-19T17:03:53.563+0000] {logging_mixin.py:137} INFO - [2023-02-19T17:03:53.562+0000] {dag.py:3427} INFO - Setting next_dagrun for example_branch_datetime_operator_2 to 2023-02-18T00:00:00+00:00, run_after=2023-02-19T00:00:00+00:00
[2023-02-19T17:03:53.566+0000] {logging_mixin.py:137} INFO - [2023-02-19T17:03:53.566+0000] {dag.py:3427} INFO - Setting next_dagrun for example_branch_datetime_operator_3 to 2023-02-18T00:00:00+00:00, run_after=2023-02-19T00:00:00+00:00
[2023-02-19T17:03:53.584+0000] {processor.py:175} INFO - Processing /home/airflow/.local/lib/python3.7/site-packages/airflow/example_dags/example_branch_datetime_operator.py took 0.174 seconds
[2023-02-19T17:04:24.781+0000] {processor.py:153} INFO - Started process (PID=2070) to work on /home/airflow/.local/lib/python3.7/site-packages/airflow/example_dags/example_branch_datetime_operator.py
[2023-02-19T17:04:24.784+0000] {processor.py:743} INFO - Processing file /home/airflow/.local/lib/python3.7/site-packages/airflow/example_dags/example_branch_datetime_operator.py for tasks to queue
[2023-02-19T17:04:24.786+0000] {logging_mixin.py:137} INFO - [2023-02-19T17:04:24.786+0000] {dagbag.py:538} INFO - Filling up the DagBag from /home/airflow/.local/lib/python3.7/site-packages/airflow/example_dags/example_branch_datetime_operator.py
[2023-02-19T17:04:24.819+0000] {processor.py:753} INFO - DAG(s) dict_keys(['example_branch_datetime_operator_3', 'example_branch_datetime_operator', 'example_branch_datetime_operator_2']) retrieved from /home/airflow/.local/lib/python3.7/site-packages/airflow/example_dags/example_branch_datetime_operator.py
[2023-02-19T17:04:24.887+0000] {logging_mixin.py:137} INFO - [2023-02-19T17:04:24.887+0000] {dag.py:2676} INFO - Sync 3 DAGs
[2023-02-19T17:04:24.930+0000] {logging_mixin.py:137} INFO - [2023-02-19T17:04:24.930+0000] {dag.py:3427} INFO - Setting next_dagrun for example_branch_datetime_operator to 2023-02-18T00:00:00+00:00, run_after=2023-02-19T00:00:00+00:00
[2023-02-19T17:04:24.938+0000] {logging_mixin.py:137} INFO - [2023-02-19T17:04:24.938+0000] {dag.py:3427} INFO - Setting next_dagrun for example_branch_datetime_operator_2 to 2023-02-18T00:00:00+00:00, run_after=2023-02-19T00:00:00+00:00
[2023-02-19T17:04:24.944+0000] {logging_mixin.py:137} INFO - [2023-02-19T17:04:24.944+0000] {dag.py:3427} INFO - Setting next_dagrun for example_branch_datetime_operator_3 to 2023-02-18T00:00:00+00:00, run_after=2023-02-19T00:00:00+00:00
[2023-02-19T17:04:24.970+0000] {processor.py:175} INFO - Processing /home/airflow/.local/lib/python3.7/site-packages/airflow/example_dags/example_branch_datetime_operator.py took 0.194 seconds
[2023-02-19T17:04:55.803+0000] {processor.py:153} INFO - Started process (PID=2152) to work on /home/airflow/.local/lib/python3.7/site-packages/airflow/example_dags/example_branch_datetime_operator.py
[2023-02-19T17:04:55.805+0000] {processor.py:743} INFO - Processing file /home/airflow/.local/lib/python3.7/site-packages/airflow/example_dags/example_branch_datetime_operator.py for tasks to queue
[2023-02-19T17:04:55.806+0000] {logging_mixin.py:137} INFO - [2023-02-19T17:04:55.806+0000] {dagbag.py:538} INFO - Filling up the DagBag from /home/airflow/.local/lib/python3.7/site-packages/airflow/example_dags/example_branch_datetime_operator.py
[2023-02-19T17:04:55.827+0000] {processor.py:753} INFO - DAG(s) dict_keys(['example_branch_datetime_operator_2', 'example_branch_datetime_operator', 'example_branch_datetime_operator_3']) retrieved from /home/airflow/.local/lib/python3.7/site-packages/airflow/example_dags/example_branch_datetime_operator.py
[2023-02-19T17:04:55.874+0000] {logging_mixin.py:137} INFO - [2023-02-19T17:04:55.874+0000] {dag.py:2676} INFO - Sync 3 DAGs
[2023-02-19T17:04:55.905+0000] {logging_mixin.py:137} INFO - [2023-02-19T17:04:55.905+0000] {dag.py:3427} INFO - Setting next_dagrun for example_branch_datetime_operator to 2023-02-18T00:00:00+00:00, run_after=2023-02-19T00:00:00+00:00
[2023-02-19T17:04:55.910+0000] {logging_mixin.py:137} INFO - [2023-02-19T17:04:55.910+0000] {dag.py:3427} INFO - Setting next_dagrun for example_branch_datetime_operator_2 to 2023-02-18T00:00:00+00:00, run_after=2023-02-19T00:00:00+00:00
[2023-02-19T17:04:55.913+0000] {logging_mixin.py:137} INFO - [2023-02-19T17:04:55.913+0000] {dag.py:3427} INFO - Setting next_dagrun for example_branch_datetime_operator_3 to 2023-02-18T00:00:00+00:00, run_after=2023-02-19T00:00:00+00:00
[2023-02-19T17:04:55.931+0000] {processor.py:175} INFO - Processing /home/airflow/.local/lib/python3.7/site-packages/airflow/example_dags/example_branch_datetime_operator.py took 0.133 seconds
[2023-02-19T17:05:26.744+0000] {processor.py:153} INFO - Started process (PID=2250) to work on /home/airflow/.local/lib/python3.7/site-packages/airflow/example_dags/example_branch_datetime_operator.py
[2023-02-19T17:05:26.746+0000] {processor.py:743} INFO - Processing file /home/airflow/.local/lib/python3.7/site-packages/airflow/example_dags/example_branch_datetime_operator.py for tasks to queue
[2023-02-19T17:05:26.748+0000] {logging_mixin.py:137} INFO - [2023-02-19T17:05:26.748+0000] {dagbag.py:538} INFO - Filling up the DagBag from /home/airflow/.local/lib/python3.7/site-packages/airflow/example_dags/example_branch_datetime_operator.py
[2023-02-19T17:05:26.767+0000] {processor.py:753} INFO - DAG(s) dict_keys(['example_branch_datetime_operator_2', 'example_branch_datetime_operator', 'example_branch_datetime_operator_3']) retrieved from /home/airflow/.local/lib/python3.7/site-packages/airflow/example_dags/example_branch_datetime_operator.py
[2023-02-19T17:05:26.818+0000] {logging_mixin.py:137} INFO - [2023-02-19T17:05:26.818+0000] {dag.py:2676} INFO - Sync 3 DAGs
[2023-02-19T17:05:26.848+0000] {logging_mixin.py:137} INFO - [2023-02-19T17:05:26.848+0000] {dag.py:3427} INFO - Setting next_dagrun for example_branch_datetime_operator to 2023-02-18T00:00:00+00:00, run_after=2023-02-19T00:00:00+00:00
[2023-02-19T17:05:26.854+0000] {logging_mixin.py:137} INFO - [2023-02-19T17:05:26.854+0000] {dag.py:3427} INFO - Setting next_dagrun for example_branch_datetime_operator_2 to 2023-02-18T00:00:00+00:00, run_after=2023-02-19T00:00:00+00:00
[2023-02-19T17:05:26.858+0000] {logging_mixin.py:137} INFO - [2023-02-19T17:05:26.858+0000] {dag.py:3427} INFO - Setting next_dagrun for example_branch_datetime_operator_3 to 2023-02-18T00:00:00+00:00, run_after=2023-02-19T00:00:00+00:00
[2023-02-19T17:05:26.876+0000] {processor.py:175} INFO - Processing /home/airflow/.local/lib/python3.7/site-packages/airflow/example_dags/example_branch_datetime_operator.py took 0.136 seconds
[2023-02-19T17:05:57.823+0000] {processor.py:153} INFO - Started process (PID=2332) to work on /home/airflow/.local/lib/python3.7/site-packages/airflow/example_dags/example_branch_datetime_operator.py
[2023-02-19T17:05:57.825+0000] {processor.py:743} INFO - Processing file /home/airflow/.local/lib/python3.7/site-packages/airflow/example_dags/example_branch_datetime_operator.py for tasks to queue
[2023-02-19T17:05:57.827+0000] {logging_mixin.py:137} INFO - [2023-02-19T17:05:57.827+0000] {dagbag.py:538} INFO - Filling up the DagBag from /home/airflow/.local/lib/python3.7/site-packages/airflow/example_dags/example_branch_datetime_operator.py
[2023-02-19T17:05:57.850+0000] {processor.py:753} INFO - DAG(s) dict_keys(['example_branch_datetime_operator_3', 'example_branch_datetime_operator_2', 'example_branch_datetime_operator']) retrieved from /home/airflow/.local/lib/python3.7/site-packages/airflow/example_dags/example_branch_datetime_operator.py
[2023-02-19T17:05:57.899+0000] {logging_mixin.py:137} INFO - [2023-02-19T17:05:57.899+0000] {dag.py:2676} INFO - Sync 3 DAGs
[2023-02-19T17:05:57.931+0000] {logging_mixin.py:137} INFO - [2023-02-19T17:05:57.931+0000] {dag.py:3427} INFO - Setting next_dagrun for example_branch_datetime_operator to 2023-02-18T00:00:00+00:00, run_after=2023-02-19T00:00:00+00:00
[2023-02-19T17:05:57.938+0000] {logging_mixin.py:137} INFO - [2023-02-19T17:05:57.937+0000] {dag.py:3427} INFO - Setting next_dagrun for example_branch_datetime_operator_2 to 2023-02-18T00:00:00+00:00, run_after=2023-02-19T00:00:00+00:00
[2023-02-19T17:05:57.941+0000] {logging_mixin.py:137} INFO - [2023-02-19T17:05:57.941+0000] {dag.py:3427} INFO - Setting next_dagrun for example_branch_datetime_operator_3 to 2023-02-18T00:00:00+00:00, run_after=2023-02-19T00:00:00+00:00
[2023-02-19T17:05:57.961+0000] {processor.py:175} INFO - Processing /home/airflow/.local/lib/python3.7/site-packages/airflow/example_dags/example_branch_datetime_operator.py took 0.143 seconds
[2023-02-19T17:06:28.858+0000] {processor.py:153} INFO - Started process (PID=2431) to work on /home/airflow/.local/lib/python3.7/site-packages/airflow/example_dags/example_branch_datetime_operator.py
[2023-02-19T17:06:28.861+0000] {processor.py:743} INFO - Processing file /home/airflow/.local/lib/python3.7/site-packages/airflow/example_dags/example_branch_datetime_operator.py for tasks to queue
[2023-02-19T17:06:28.863+0000] {logging_mixin.py:137} INFO - [2023-02-19T17:06:28.863+0000] {dagbag.py:538} INFO - Filling up the DagBag from /home/airflow/.local/lib/python3.7/site-packages/airflow/example_dags/example_branch_datetime_operator.py
[2023-02-19T17:06:28.888+0000] {processor.py:753} INFO - DAG(s) dict_keys(['example_branch_datetime_operator_3', 'example_branch_datetime_operator', 'example_branch_datetime_operator_2']) retrieved from /home/airflow/.local/lib/python3.7/site-packages/airflow/example_dags/example_branch_datetime_operator.py
[2023-02-19T17:06:28.952+0000] {logging_mixin.py:137} INFO - [2023-02-19T17:06:28.952+0000] {dag.py:2676} INFO - Sync 3 DAGs
[2023-02-19T17:06:28.990+0000] {logging_mixin.py:137} INFO - [2023-02-19T17:06:28.990+0000] {dag.py:3427} INFO - Setting next_dagrun for example_branch_datetime_operator to 2023-02-18T00:00:00+00:00, run_after=2023-02-19T00:00:00+00:00
[2023-02-19T17:06:28.998+0000] {logging_mixin.py:137} INFO - [2023-02-19T17:06:28.998+0000] {dag.py:3427} INFO - Setting next_dagrun for example_branch_datetime_operator_2 to 2023-02-18T00:00:00+00:00, run_after=2023-02-19T00:00:00+00:00
[2023-02-19T17:06:29.005+0000] {logging_mixin.py:137} INFO - [2023-02-19T17:06:29.005+0000] {dag.py:3427} INFO - Setting next_dagrun for example_branch_datetime_operator_3 to 2023-02-18T00:00:00+00:00, run_after=2023-02-19T00:00:00+00:00
[2023-02-19T17:06:29.049+0000] {processor.py:175} INFO - Processing /home/airflow/.local/lib/python3.7/site-packages/airflow/example_dags/example_branch_datetime_operator.py took 0.197 seconds
