[2023-02-19T16:52:54.707+0000] {processor.py:153} INFO - Started process (PID=68) to work on /home/airflow/.local/lib/python3.7/site-packages/airflow/example_dags/example_dag_decorator.py
[2023-02-19T16:52:54.710+0000] {processor.py:743} INFO - Processing file /home/airflow/.local/lib/python3.7/site-packages/airflow/example_dags/example_dag_decorator.py for tasks to queue
[2023-02-19T16:52:54.713+0000] {logging_mixin.py:137} INFO - [2023-02-19T16:52:54.713+0000] {dagbag.py:538} INFO - Filling up the DagBag from /home/airflow/.local/lib/python3.7/site-packages/airflow/example_dags/example_dag_decorator.py
[2023-02-19T16:52:54.751+0000] {logging_mixin.py:137} INFO - [2023-02-19T16:52:54.751+0000] {taskmixin.py:205} WARNING - Dependency <Task(_PythonDecoratedOperator): prepare_email>, send_email already registered for DAG: example_dag_decorator
[2023-02-19T16:52:54.753+0000] {logging_mixin.py:137} INFO - [2023-02-19T16:52:54.753+0000] {taskmixin.py:205} WARNING - Dependency <Task(EmailOperator): send_email>, prepare_email already registered for DAG: example_dag_decorator
[2023-02-19T16:52:54.771+0000] {processor.py:753} INFO - DAG(s) dict_keys(['example_dag_decorator']) retrieved from /home/airflow/.local/lib/python3.7/site-packages/airflow/example_dags/example_dag_decorator.py
[2023-02-19T16:52:54.882+0000] {logging_mixin.py:137} INFO - [2023-02-19T16:52:54.882+0000] {dag.py:2676} INFO - Sync 1 DAGs
[2023-02-19T16:52:54.907+0000] {logging_mixin.py:137} INFO - [2023-02-19T16:52:54.907+0000] {dag.py:3427} INFO - Setting next_dagrun for example_dag_decorator to None, run_after=None
[2023-02-19T16:52:54.929+0000] {processor.py:175} INFO - Processing /home/airflow/.local/lib/python3.7/site-packages/airflow/example_dags/example_dag_decorator.py took 0.230 seconds
[2023-02-19T16:53:25.476+0000] {processor.py:153} INFO - Started process (PID=159) to work on /home/airflow/.local/lib/python3.7/site-packages/airflow/example_dags/example_dag_decorator.py
[2023-02-19T16:53:25.479+0000] {processor.py:743} INFO - Processing file /home/airflow/.local/lib/python3.7/site-packages/airflow/example_dags/example_dag_decorator.py for tasks to queue
[2023-02-19T16:53:25.481+0000] {logging_mixin.py:137} INFO - [2023-02-19T16:53:25.481+0000] {dagbag.py:538} INFO - Filling up the DagBag from /home/airflow/.local/lib/python3.7/site-packages/airflow/example_dags/example_dag_decorator.py
[2023-02-19T16:53:25.505+0000] {logging_mixin.py:137} INFO - [2023-02-19T16:53:25.505+0000] {taskmixin.py:205} WARNING - Dependency <Task(_PythonDecoratedOperator): prepare_email>, send_email already registered for DAG: example_dag_decorator
[2023-02-19T16:53:25.507+0000] {logging_mixin.py:137} INFO - [2023-02-19T16:53:25.506+0000] {taskmixin.py:205} WARNING - Dependency <Task(EmailOperator): send_email>, prepare_email already registered for DAG: example_dag_decorator
[2023-02-19T16:53:25.524+0000] {processor.py:753} INFO - DAG(s) dict_keys(['example_dag_decorator']) retrieved from /home/airflow/.local/lib/python3.7/site-packages/airflow/example_dags/example_dag_decorator.py
[2023-02-19T16:53:25.633+0000] {logging_mixin.py:137} INFO - [2023-02-19T16:53:25.633+0000] {dag.py:2676} INFO - Sync 1 DAGs
[2023-02-19T16:53:25.665+0000] {logging_mixin.py:137} INFO - [2023-02-19T16:53:25.665+0000] {dag.py:3427} INFO - Setting next_dagrun for example_dag_decorator to None, run_after=None
[2023-02-19T16:53:25.696+0000] {processor.py:175} INFO - Processing /home/airflow/.local/lib/python3.7/site-packages/airflow/example_dags/example_dag_decorator.py took 0.225 seconds
[2023-02-19T16:53:56.724+0000] {processor.py:153} INFO - Started process (PID=248) to work on /home/airflow/.local/lib/python3.7/site-packages/airflow/example_dags/example_dag_decorator.py
[2023-02-19T16:53:56.726+0000] {processor.py:743} INFO - Processing file /home/airflow/.local/lib/python3.7/site-packages/airflow/example_dags/example_dag_decorator.py for tasks to queue
[2023-02-19T16:53:56.728+0000] {logging_mixin.py:137} INFO - [2023-02-19T16:53:56.728+0000] {dagbag.py:538} INFO - Filling up the DagBag from /home/airflow/.local/lib/python3.7/site-packages/airflow/example_dags/example_dag_decorator.py
[2023-02-19T16:53:56.748+0000] {logging_mixin.py:137} INFO - [2023-02-19T16:53:56.748+0000] {taskmixin.py:205} WARNING - Dependency <Task(_PythonDecoratedOperator): prepare_email>, send_email already registered for DAG: example_dag_decorator
[2023-02-19T16:53:56.749+0000] {logging_mixin.py:137} INFO - [2023-02-19T16:53:56.749+0000] {taskmixin.py:205} WARNING - Dependency <Task(EmailOperator): send_email>, prepare_email already registered for DAG: example_dag_decorator
[2023-02-19T16:53:56.763+0000] {processor.py:753} INFO - DAG(s) dict_keys(['example_dag_decorator']) retrieved from /home/airflow/.local/lib/python3.7/site-packages/airflow/example_dags/example_dag_decorator.py
[2023-02-19T16:53:56.853+0000] {logging_mixin.py:137} INFO - [2023-02-19T16:53:56.853+0000] {dag.py:2676} INFO - Sync 1 DAGs
[2023-02-19T16:53:56.877+0000] {logging_mixin.py:137} INFO - [2023-02-19T16:53:56.877+0000] {dag.py:3427} INFO - Setting next_dagrun for example_dag_decorator to None, run_after=None
[2023-02-19T16:53:56.898+0000] {processor.py:175} INFO - Processing /home/airflow/.local/lib/python3.7/site-packages/airflow/example_dags/example_dag_decorator.py took 0.179 seconds
[2023-02-19T16:54:28.124+0000] {processor.py:153} INFO - Started process (PID=332) to work on /home/airflow/.local/lib/python3.7/site-packages/airflow/example_dags/example_dag_decorator.py
[2023-02-19T16:54:28.126+0000] {processor.py:743} INFO - Processing file /home/airflow/.local/lib/python3.7/site-packages/airflow/example_dags/example_dag_decorator.py for tasks to queue
[2023-02-19T16:54:28.127+0000] {logging_mixin.py:137} INFO - [2023-02-19T16:54:28.127+0000] {dagbag.py:538} INFO - Filling up the DagBag from /home/airflow/.local/lib/python3.7/site-packages/airflow/example_dags/example_dag_decorator.py
[2023-02-19T16:54:28.150+0000] {logging_mixin.py:137} INFO - [2023-02-19T16:54:28.150+0000] {taskmixin.py:205} WARNING - Dependency <Task(_PythonDecoratedOperator): prepare_email>, send_email already registered for DAG: example_dag_decorator
[2023-02-19T16:54:28.151+0000] {logging_mixin.py:137} INFO - [2023-02-19T16:54:28.151+0000] {taskmixin.py:205} WARNING - Dependency <Task(EmailOperator): send_email>, prepare_email already registered for DAG: example_dag_decorator
[2023-02-19T16:54:28.167+0000] {processor.py:753} INFO - DAG(s) dict_keys(['example_dag_decorator']) retrieved from /home/airflow/.local/lib/python3.7/site-packages/airflow/example_dags/example_dag_decorator.py
[2023-02-19T16:54:28.261+0000] {logging_mixin.py:137} INFO - [2023-02-19T16:54:28.261+0000] {dag.py:2676} INFO - Sync 1 DAGs
[2023-02-19T16:54:28.291+0000] {logging_mixin.py:137} INFO - [2023-02-19T16:54:28.291+0000] {dag.py:3427} INFO - Setting next_dagrun for example_dag_decorator to None, run_after=None
[2023-02-19T16:54:28.316+0000] {processor.py:175} INFO - Processing /home/airflow/.local/lib/python3.7/site-packages/airflow/example_dags/example_dag_decorator.py took 0.196 seconds
[2023-02-19T16:54:59.298+0000] {processor.py:153} INFO - Started process (PID=428) to work on /home/airflow/.local/lib/python3.7/site-packages/airflow/example_dags/example_dag_decorator.py
[2023-02-19T16:54:59.300+0000] {processor.py:743} INFO - Processing file /home/airflow/.local/lib/python3.7/site-packages/airflow/example_dags/example_dag_decorator.py for tasks to queue
[2023-02-19T16:54:59.301+0000] {logging_mixin.py:137} INFO - [2023-02-19T16:54:59.301+0000] {dagbag.py:538} INFO - Filling up the DagBag from /home/airflow/.local/lib/python3.7/site-packages/airflow/example_dags/example_dag_decorator.py
[2023-02-19T16:54:59.321+0000] {logging_mixin.py:137} INFO - [2023-02-19T16:54:59.321+0000] {taskmixin.py:205} WARNING - Dependency <Task(_PythonDecoratedOperator): prepare_email>, send_email already registered for DAG: example_dag_decorator
[2023-02-19T16:54:59.323+0000] {logging_mixin.py:137} INFO - [2023-02-19T16:54:59.322+0000] {taskmixin.py:205} WARNING - Dependency <Task(EmailOperator): send_email>, prepare_email already registered for DAG: example_dag_decorator
[2023-02-19T16:54:59.337+0000] {processor.py:753} INFO - DAG(s) dict_keys(['example_dag_decorator']) retrieved from /home/airflow/.local/lib/python3.7/site-packages/airflow/example_dags/example_dag_decorator.py
[2023-02-19T16:54:59.426+0000] {logging_mixin.py:137} INFO - [2023-02-19T16:54:59.426+0000] {dag.py:2676} INFO - Sync 1 DAGs
[2023-02-19T16:54:59.457+0000] {logging_mixin.py:137} INFO - [2023-02-19T16:54:59.457+0000] {dag.py:3427} INFO - Setting next_dagrun for example_dag_decorator to None, run_after=None
[2023-02-19T16:54:59.482+0000] {processor.py:175} INFO - Processing /home/airflow/.local/lib/python3.7/site-packages/airflow/example_dags/example_dag_decorator.py took 0.188 seconds
[2023-02-19T16:55:30.903+0000] {processor.py:153} INFO - Started process (PID=519) to work on /home/airflow/.local/lib/python3.7/site-packages/airflow/example_dags/example_dag_decorator.py
[2023-02-19T16:55:30.905+0000] {processor.py:743} INFO - Processing file /home/airflow/.local/lib/python3.7/site-packages/airflow/example_dags/example_dag_decorator.py for tasks to queue
[2023-02-19T16:55:30.907+0000] {logging_mixin.py:137} INFO - [2023-02-19T16:55:30.906+0000] {dagbag.py:538} INFO - Filling up the DagBag from /home/airflow/.local/lib/python3.7/site-packages/airflow/example_dags/example_dag_decorator.py
[2023-02-19T16:55:30.927+0000] {logging_mixin.py:137} INFO - [2023-02-19T16:55:30.927+0000] {taskmixin.py:205} WARNING - Dependency <Task(_PythonDecoratedOperator): prepare_email>, send_email already registered for DAG: example_dag_decorator
[2023-02-19T16:55:30.928+0000] {logging_mixin.py:137} INFO - [2023-02-19T16:55:30.928+0000] {taskmixin.py:205} WARNING - Dependency <Task(EmailOperator): send_email>, prepare_email already registered for DAG: example_dag_decorator
[2023-02-19T16:55:30.943+0000] {processor.py:753} INFO - DAG(s) dict_keys(['example_dag_decorator']) retrieved from /home/airflow/.local/lib/python3.7/site-packages/airflow/example_dags/example_dag_decorator.py
[2023-02-19T16:55:31.035+0000] {logging_mixin.py:137} INFO - [2023-02-19T16:55:31.035+0000] {dag.py:2676} INFO - Sync 1 DAGs
[2023-02-19T16:55:31.062+0000] {logging_mixin.py:137} INFO - [2023-02-19T16:55:31.062+0000] {dag.py:3427} INFO - Setting next_dagrun for example_dag_decorator to None, run_after=None
[2023-02-19T16:55:31.084+0000] {processor.py:175} INFO - Processing /home/airflow/.local/lib/python3.7/site-packages/airflow/example_dags/example_dag_decorator.py took 0.185 seconds
[2023-02-19T16:56:02.764+0000] {processor.py:153} INFO - Started process (PID=608) to work on /home/airflow/.local/lib/python3.7/site-packages/airflow/example_dags/example_dag_decorator.py
[2023-02-19T16:56:02.767+0000] {processor.py:743} INFO - Processing file /home/airflow/.local/lib/python3.7/site-packages/airflow/example_dags/example_dag_decorator.py for tasks to queue
[2023-02-19T16:56:02.768+0000] {logging_mixin.py:137} INFO - [2023-02-19T16:56:02.768+0000] {dagbag.py:538} INFO - Filling up the DagBag from /home/airflow/.local/lib/python3.7/site-packages/airflow/example_dags/example_dag_decorator.py
[2023-02-19T16:56:02.791+0000] {logging_mixin.py:137} INFO - [2023-02-19T16:56:02.791+0000] {taskmixin.py:205} WARNING - Dependency <Task(_PythonDecoratedOperator): prepare_email>, send_email already registered for DAG: example_dag_decorator
[2023-02-19T16:56:02.792+0000] {logging_mixin.py:137} INFO - [2023-02-19T16:56:02.792+0000] {taskmixin.py:205} WARNING - Dependency <Task(EmailOperator): send_email>, prepare_email already registered for DAG: example_dag_decorator
[2023-02-19T16:56:02.807+0000] {processor.py:753} INFO - DAG(s) dict_keys(['example_dag_decorator']) retrieved from /home/airflow/.local/lib/python3.7/site-packages/airflow/example_dags/example_dag_decorator.py
[2023-02-19T16:56:02.892+0000] {logging_mixin.py:137} INFO - [2023-02-19T16:56:02.892+0000] {dag.py:2676} INFO - Sync 1 DAGs
[2023-02-19T16:56:02.919+0000] {logging_mixin.py:137} INFO - [2023-02-19T16:56:02.919+0000] {dag.py:3427} INFO - Setting next_dagrun for example_dag_decorator to None, run_after=None
[2023-02-19T16:56:02.942+0000] {processor.py:175} INFO - Processing /home/airflow/.local/lib/python3.7/site-packages/airflow/example_dags/example_dag_decorator.py took 0.182 seconds
[2023-02-19T16:56:33.780+0000] {processor.py:153} INFO - Started process (PID=706) to work on /home/airflow/.local/lib/python3.7/site-packages/airflow/example_dags/example_dag_decorator.py
[2023-02-19T16:56:33.783+0000] {processor.py:743} INFO - Processing file /home/airflow/.local/lib/python3.7/site-packages/airflow/example_dags/example_dag_decorator.py for tasks to queue
[2023-02-19T16:56:33.785+0000] {logging_mixin.py:137} INFO - [2023-02-19T16:56:33.784+0000] {dagbag.py:538} INFO - Filling up the DagBag from /home/airflow/.local/lib/python3.7/site-packages/airflow/example_dags/example_dag_decorator.py
[2023-02-19T16:56:33.810+0000] {logging_mixin.py:137} INFO - [2023-02-19T16:56:33.810+0000] {taskmixin.py:205} WARNING - Dependency <Task(_PythonDecoratedOperator): prepare_email>, send_email already registered for DAG: example_dag_decorator
[2023-02-19T16:56:33.812+0000] {logging_mixin.py:137} INFO - [2023-02-19T16:56:33.811+0000] {taskmixin.py:205} WARNING - Dependency <Task(EmailOperator): send_email>, prepare_email already registered for DAG: example_dag_decorator
[2023-02-19T16:56:33.830+0000] {processor.py:753} INFO - DAG(s) dict_keys(['example_dag_decorator']) retrieved from /home/airflow/.local/lib/python3.7/site-packages/airflow/example_dags/example_dag_decorator.py
[2023-02-19T16:56:33.949+0000] {logging_mixin.py:137} INFO - [2023-02-19T16:56:33.948+0000] {dag.py:2676} INFO - Sync 1 DAGs
[2023-02-19T16:56:33.983+0000] {logging_mixin.py:137} INFO - [2023-02-19T16:56:33.983+0000] {dag.py:3427} INFO - Setting next_dagrun for example_dag_decorator to None, run_after=None
[2023-02-19T16:56:34.014+0000] {processor.py:175} INFO - Processing /home/airflow/.local/lib/python3.7/site-packages/airflow/example_dags/example_dag_decorator.py took 0.239 seconds
[2023-02-19T16:57:04.712+0000] {processor.py:153} INFO - Started process (PID=788) to work on /home/airflow/.local/lib/python3.7/site-packages/airflow/example_dags/example_dag_decorator.py
[2023-02-19T16:57:04.715+0000] {processor.py:743} INFO - Processing file /home/airflow/.local/lib/python3.7/site-packages/airflow/example_dags/example_dag_decorator.py for tasks to queue
[2023-02-19T16:57:04.716+0000] {logging_mixin.py:137} INFO - [2023-02-19T16:57:04.716+0000] {dagbag.py:538} INFO - Filling up the DagBag from /home/airflow/.local/lib/python3.7/site-packages/airflow/example_dags/example_dag_decorator.py
[2023-02-19T16:57:04.736+0000] {logging_mixin.py:137} INFO - [2023-02-19T16:57:04.736+0000] {taskmixin.py:205} WARNING - Dependency <Task(_PythonDecoratedOperator): prepare_email>, send_email already registered for DAG: example_dag_decorator
[2023-02-19T16:57:04.737+0000] {logging_mixin.py:137} INFO - [2023-02-19T16:57:04.737+0000] {taskmixin.py:205} WARNING - Dependency <Task(EmailOperator): send_email>, prepare_email already registered for DAG: example_dag_decorator
[2023-02-19T16:57:04.752+0000] {processor.py:753} INFO - DAG(s) dict_keys(['example_dag_decorator']) retrieved from /home/airflow/.local/lib/python3.7/site-packages/airflow/example_dags/example_dag_decorator.py
[2023-02-19T16:57:04.856+0000] {logging_mixin.py:137} INFO - [2023-02-19T16:57:04.855+0000] {dag.py:2676} INFO - Sync 1 DAGs
[2023-02-19T16:57:04.893+0000] {logging_mixin.py:137} INFO - [2023-02-19T16:57:04.893+0000] {dag.py:3427} INFO - Setting next_dagrun for example_dag_decorator to None, run_after=None
[2023-02-19T16:57:04.915+0000] {processor.py:175} INFO - Processing /home/airflow/.local/lib/python3.7/site-packages/airflow/example_dags/example_dag_decorator.py took 0.207 seconds
[2023-02-19T16:57:36.459+0000] {processor.py:153} INFO - Started process (PID=886) to work on /home/airflow/.local/lib/python3.7/site-packages/airflow/example_dags/example_dag_decorator.py
[2023-02-19T16:57:36.462+0000] {processor.py:743} INFO - Processing file /home/airflow/.local/lib/python3.7/site-packages/airflow/example_dags/example_dag_decorator.py for tasks to queue
[2023-02-19T16:57:36.466+0000] {logging_mixin.py:137} INFO - [2023-02-19T16:57:36.466+0000] {dagbag.py:538} INFO - Filling up the DagBag from /home/airflow/.local/lib/python3.7/site-packages/airflow/example_dags/example_dag_decorator.py
[2023-02-19T16:57:36.497+0000] {logging_mixin.py:137} INFO - [2023-02-19T16:57:36.497+0000] {taskmixin.py:205} WARNING - Dependency <Task(_PythonDecoratedOperator): prepare_email>, send_email already registered for DAG: example_dag_decorator
[2023-02-19T16:57:36.499+0000] {logging_mixin.py:137} INFO - [2023-02-19T16:57:36.499+0000] {taskmixin.py:205} WARNING - Dependency <Task(EmailOperator): send_email>, prepare_email already registered for DAG: example_dag_decorator
[2023-02-19T16:57:36.552+0000] {processor.py:753} INFO - DAG(s) dict_keys(['example_dag_decorator']) retrieved from /home/airflow/.local/lib/python3.7/site-packages/airflow/example_dags/example_dag_decorator.py
[2023-02-19T16:57:36.676+0000] {logging_mixin.py:137} INFO - [2023-02-19T16:57:36.676+0000] {dag.py:2676} INFO - Sync 1 DAGs
[2023-02-19T16:57:36.712+0000] {logging_mixin.py:137} INFO - [2023-02-19T16:57:36.712+0000] {dag.py:3427} INFO - Setting next_dagrun for example_dag_decorator to None, run_after=None
[2023-02-19T16:57:36.745+0000] {processor.py:175} INFO - Processing /home/airflow/.local/lib/python3.7/site-packages/airflow/example_dags/example_dag_decorator.py took 0.291 seconds
[2023-02-19T16:58:07.931+0000] {processor.py:153} INFO - Started process (PID=968) to work on /home/airflow/.local/lib/python3.7/site-packages/airflow/example_dags/example_dag_decorator.py
[2023-02-19T16:58:07.934+0000] {processor.py:743} INFO - Processing file /home/airflow/.local/lib/python3.7/site-packages/airflow/example_dags/example_dag_decorator.py for tasks to queue
[2023-02-19T16:58:07.935+0000] {logging_mixin.py:137} INFO - [2023-02-19T16:58:07.935+0000] {dagbag.py:538} INFO - Filling up the DagBag from /home/airflow/.local/lib/python3.7/site-packages/airflow/example_dags/example_dag_decorator.py
[2023-02-19T16:58:07.959+0000] {logging_mixin.py:137} INFO - [2023-02-19T16:58:07.959+0000] {taskmixin.py:205} WARNING - Dependency <Task(_PythonDecoratedOperator): prepare_email>, send_email already registered for DAG: example_dag_decorator
[2023-02-19T16:58:07.960+0000] {logging_mixin.py:137} INFO - [2023-02-19T16:58:07.960+0000] {taskmixin.py:205} WARNING - Dependency <Task(EmailOperator): send_email>, prepare_email already registered for DAG: example_dag_decorator
[2023-02-19T16:58:07.976+0000] {processor.py:753} INFO - DAG(s) dict_keys(['example_dag_decorator']) retrieved from /home/airflow/.local/lib/python3.7/site-packages/airflow/example_dags/example_dag_decorator.py
[2023-02-19T16:58:08.061+0000] {logging_mixin.py:137} INFO - [2023-02-19T16:58:08.061+0000] {dag.py:2676} INFO - Sync 1 DAGs
[2023-02-19T16:58:08.087+0000] {logging_mixin.py:137} INFO - [2023-02-19T16:58:08.087+0000] {dag.py:3427} INFO - Setting next_dagrun for example_dag_decorator to None, run_after=None
[2023-02-19T16:58:08.109+0000] {processor.py:175} INFO - Processing /home/airflow/.local/lib/python3.7/site-packages/airflow/example_dags/example_dag_decorator.py took 0.183 seconds
[2023-02-19T16:58:39.459+0000] {processor.py:153} INFO - Started process (PID=1067) to work on /home/airflow/.local/lib/python3.7/site-packages/airflow/example_dags/example_dag_decorator.py
[2023-02-19T16:58:39.461+0000] {processor.py:743} INFO - Processing file /home/airflow/.local/lib/python3.7/site-packages/airflow/example_dags/example_dag_decorator.py for tasks to queue
[2023-02-19T16:58:39.463+0000] {logging_mixin.py:137} INFO - [2023-02-19T16:58:39.463+0000] {dagbag.py:538} INFO - Filling up the DagBag from /home/airflow/.local/lib/python3.7/site-packages/airflow/example_dags/example_dag_decorator.py
[2023-02-19T16:58:39.492+0000] {logging_mixin.py:137} INFO - [2023-02-19T16:58:39.492+0000] {taskmixin.py:205} WARNING - Dependency <Task(_PythonDecoratedOperator): prepare_email>, send_email already registered for DAG: example_dag_decorator
[2023-02-19T16:58:39.495+0000] {logging_mixin.py:137} INFO - [2023-02-19T16:58:39.495+0000] {taskmixin.py:205} WARNING - Dependency <Task(EmailOperator): send_email>, prepare_email already registered for DAG: example_dag_decorator
[2023-02-19T16:58:39.514+0000] {processor.py:753} INFO - DAG(s) dict_keys(['example_dag_decorator']) retrieved from /home/airflow/.local/lib/python3.7/site-packages/airflow/example_dags/example_dag_decorator.py
[2023-02-19T16:58:39.615+0000] {logging_mixin.py:137} INFO - [2023-02-19T16:58:39.615+0000] {dag.py:2676} INFO - Sync 1 DAGs
[2023-02-19T16:58:39.641+0000] {logging_mixin.py:137} INFO - [2023-02-19T16:58:39.641+0000] {dag.py:3427} INFO - Setting next_dagrun for example_dag_decorator to None, run_after=None
[2023-02-19T16:58:39.663+0000] {processor.py:175} INFO - Processing /home/airflow/.local/lib/python3.7/site-packages/airflow/example_dags/example_dag_decorator.py took 0.209 seconds
[2023-02-19T16:59:10.494+0000] {processor.py:153} INFO - Started process (PID=1148) to work on /home/airflow/.local/lib/python3.7/site-packages/airflow/example_dags/example_dag_decorator.py
[2023-02-19T16:59:10.496+0000] {processor.py:743} INFO - Processing file /home/airflow/.local/lib/python3.7/site-packages/airflow/example_dags/example_dag_decorator.py for tasks to queue
[2023-02-19T16:59:10.498+0000] {logging_mixin.py:137} INFO - [2023-02-19T16:59:10.497+0000] {dagbag.py:538} INFO - Filling up the DagBag from /home/airflow/.local/lib/python3.7/site-packages/airflow/example_dags/example_dag_decorator.py
[2023-02-19T16:59:10.517+0000] {logging_mixin.py:137} INFO - [2023-02-19T16:59:10.517+0000] {taskmixin.py:205} WARNING - Dependency <Task(_PythonDecoratedOperator): prepare_email>, send_email already registered for DAG: example_dag_decorator
[2023-02-19T16:59:10.519+0000] {logging_mixin.py:137} INFO - [2023-02-19T16:59:10.519+0000] {taskmixin.py:205} WARNING - Dependency <Task(EmailOperator): send_email>, prepare_email already registered for DAG: example_dag_decorator
[2023-02-19T16:59:10.532+0000] {processor.py:753} INFO - DAG(s) dict_keys(['example_dag_decorator']) retrieved from /home/airflow/.local/lib/python3.7/site-packages/airflow/example_dags/example_dag_decorator.py
[2023-02-19T16:59:10.608+0000] {logging_mixin.py:137} INFO - [2023-02-19T16:59:10.608+0000] {dag.py:2676} INFO - Sync 1 DAGs
[2023-02-19T16:59:10.633+0000] {logging_mixin.py:137} INFO - [2023-02-19T16:59:10.632+0000] {dag.py:3427} INFO - Setting next_dagrun for example_dag_decorator to None, run_after=None
[2023-02-19T16:59:10.654+0000] {processor.py:175} INFO - Processing /home/airflow/.local/lib/python3.7/site-packages/airflow/example_dags/example_dag_decorator.py took 0.164 seconds
[2023-02-19T16:59:41.662+0000] {processor.py:153} INFO - Started process (PID=1246) to work on /home/airflow/.local/lib/python3.7/site-packages/airflow/example_dags/example_dag_decorator.py
[2023-02-19T16:59:41.665+0000] {processor.py:743} INFO - Processing file /home/airflow/.local/lib/python3.7/site-packages/airflow/example_dags/example_dag_decorator.py for tasks to queue
[2023-02-19T16:59:41.666+0000] {logging_mixin.py:137} INFO - [2023-02-19T16:59:41.666+0000] {dagbag.py:538} INFO - Filling up the DagBag from /home/airflow/.local/lib/python3.7/site-packages/airflow/example_dags/example_dag_decorator.py
[2023-02-19T16:59:41.688+0000] {logging_mixin.py:137} INFO - [2023-02-19T16:59:41.688+0000] {taskmixin.py:205} WARNING - Dependency <Task(_PythonDecoratedOperator): prepare_email>, send_email already registered for DAG: example_dag_decorator
[2023-02-19T16:59:41.690+0000] {logging_mixin.py:137} INFO - [2023-02-19T16:59:41.689+0000] {taskmixin.py:205} WARNING - Dependency <Task(EmailOperator): send_email>, prepare_email already registered for DAG: example_dag_decorator
[2023-02-19T16:59:41.704+0000] {processor.py:753} INFO - DAG(s) dict_keys(['example_dag_decorator']) retrieved from /home/airflow/.local/lib/python3.7/site-packages/airflow/example_dags/example_dag_decorator.py
[2023-02-19T16:59:41.789+0000] {logging_mixin.py:137} INFO - [2023-02-19T16:59:41.789+0000] {dag.py:2676} INFO - Sync 1 DAGs
[2023-02-19T16:59:41.816+0000] {logging_mixin.py:137} INFO - [2023-02-19T16:59:41.816+0000] {dag.py:3427} INFO - Setting next_dagrun for example_dag_decorator to None, run_after=None
[2023-02-19T16:59:41.838+0000] {processor.py:175} INFO - Processing /home/airflow/.local/lib/python3.7/site-packages/airflow/example_dags/example_dag_decorator.py took 0.180 seconds
[2023-02-19T17:00:13.394+0000] {processor.py:153} INFO - Started process (PID=1328) to work on /home/airflow/.local/lib/python3.7/site-packages/airflow/example_dags/example_dag_decorator.py
[2023-02-19T17:00:13.396+0000] {processor.py:743} INFO - Processing file /home/airflow/.local/lib/python3.7/site-packages/airflow/example_dags/example_dag_decorator.py for tasks to queue
[2023-02-19T17:00:13.397+0000] {logging_mixin.py:137} INFO - [2023-02-19T17:00:13.397+0000] {dagbag.py:538} INFO - Filling up the DagBag from /home/airflow/.local/lib/python3.7/site-packages/airflow/example_dags/example_dag_decorator.py
[2023-02-19T17:00:13.421+0000] {logging_mixin.py:137} INFO - [2023-02-19T17:00:13.420+0000] {taskmixin.py:205} WARNING - Dependency <Task(_PythonDecoratedOperator): prepare_email>, send_email already registered for DAG: example_dag_decorator
[2023-02-19T17:00:13.422+0000] {logging_mixin.py:137} INFO - [2023-02-19T17:00:13.422+0000] {taskmixin.py:205} WARNING - Dependency <Task(EmailOperator): send_email>, prepare_email already registered for DAG: example_dag_decorator
[2023-02-19T17:00:13.440+0000] {processor.py:753} INFO - DAG(s) dict_keys(['example_dag_decorator']) retrieved from /home/airflow/.local/lib/python3.7/site-packages/airflow/example_dags/example_dag_decorator.py
[2023-02-19T17:00:13.543+0000] {logging_mixin.py:137} INFO - [2023-02-19T17:00:13.542+0000] {dag.py:2676} INFO - Sync 1 DAGs
[2023-02-19T17:00:13.578+0000] {logging_mixin.py:137} INFO - [2023-02-19T17:00:13.578+0000] {dag.py:3427} INFO - Setting next_dagrun for example_dag_decorator to None, run_after=None
[2023-02-19T17:00:13.610+0000] {processor.py:175} INFO - Processing /home/airflow/.local/lib/python3.7/site-packages/airflow/example_dags/example_dag_decorator.py took 0.223 seconds
[2023-02-19T17:00:44.579+0000] {processor.py:153} INFO - Started process (PID=1427) to work on /home/airflow/.local/lib/python3.7/site-packages/airflow/example_dags/example_dag_decorator.py
[2023-02-19T17:00:44.581+0000] {processor.py:743} INFO - Processing file /home/airflow/.local/lib/python3.7/site-packages/airflow/example_dags/example_dag_decorator.py for tasks to queue
[2023-02-19T17:00:44.583+0000] {logging_mixin.py:137} INFO - [2023-02-19T17:00:44.583+0000] {dagbag.py:538} INFO - Filling up the DagBag from /home/airflow/.local/lib/python3.7/site-packages/airflow/example_dags/example_dag_decorator.py
[2023-02-19T17:00:44.608+0000] {logging_mixin.py:137} INFO - [2023-02-19T17:00:44.607+0000] {taskmixin.py:205} WARNING - Dependency <Task(_PythonDecoratedOperator): prepare_email>, send_email already registered for DAG: example_dag_decorator
[2023-02-19T17:00:44.609+0000] {logging_mixin.py:137} INFO - [2023-02-19T17:00:44.609+0000] {taskmixin.py:205} WARNING - Dependency <Task(EmailOperator): send_email>, prepare_email already registered for DAG: example_dag_decorator
[2023-02-19T17:00:44.628+0000] {processor.py:753} INFO - DAG(s) dict_keys(['example_dag_decorator']) retrieved from /home/airflow/.local/lib/python3.7/site-packages/airflow/example_dags/example_dag_decorator.py
[2023-02-19T17:00:44.726+0000] {logging_mixin.py:137} INFO - [2023-02-19T17:00:44.726+0000] {dag.py:2676} INFO - Sync 1 DAGs
[2023-02-19T17:00:44.751+0000] {logging_mixin.py:137} INFO - [2023-02-19T17:00:44.751+0000] {dag.py:3427} INFO - Setting next_dagrun for example_dag_decorator to None, run_after=None
[2023-02-19T17:00:44.773+0000] {processor.py:175} INFO - Processing /home/airflow/.local/lib/python3.7/site-packages/airflow/example_dags/example_dag_decorator.py took 0.199 seconds
[2023-02-19T17:01:16.550+0000] {processor.py:153} INFO - Started process (PID=1509) to work on /home/airflow/.local/lib/python3.7/site-packages/airflow/example_dags/example_dag_decorator.py
[2023-02-19T17:01:16.553+0000] {processor.py:743} INFO - Processing file /home/airflow/.local/lib/python3.7/site-packages/airflow/example_dags/example_dag_decorator.py for tasks to queue
[2023-02-19T17:01:16.555+0000] {logging_mixin.py:137} INFO - [2023-02-19T17:01:16.555+0000] {dagbag.py:538} INFO - Filling up the DagBag from /home/airflow/.local/lib/python3.7/site-packages/airflow/example_dags/example_dag_decorator.py
[2023-02-19T17:01:16.580+0000] {logging_mixin.py:137} INFO - [2023-02-19T17:01:16.580+0000] {taskmixin.py:205} WARNING - Dependency <Task(_PythonDecoratedOperator): prepare_email>, send_email already registered for DAG: example_dag_decorator
[2023-02-19T17:01:16.582+0000] {logging_mixin.py:137} INFO - [2023-02-19T17:01:16.582+0000] {taskmixin.py:205} WARNING - Dependency <Task(EmailOperator): send_email>, prepare_email already registered for DAG: example_dag_decorator
[2023-02-19T17:01:16.599+0000] {processor.py:753} INFO - DAG(s) dict_keys(['example_dag_decorator']) retrieved from /home/airflow/.local/lib/python3.7/site-packages/airflow/example_dags/example_dag_decorator.py
[2023-02-19T17:01:16.708+0000] {logging_mixin.py:137} INFO - [2023-02-19T17:01:16.708+0000] {dag.py:2676} INFO - Sync 1 DAGs
[2023-02-19T17:01:16.741+0000] {logging_mixin.py:137} INFO - [2023-02-19T17:01:16.741+0000] {dag.py:3427} INFO - Setting next_dagrun for example_dag_decorator to None, run_after=None
[2023-02-19T17:01:16.769+0000] {processor.py:175} INFO - Processing /home/airflow/.local/lib/python3.7/site-packages/airflow/example_dags/example_dag_decorator.py took 0.223 seconds
[2023-02-19T17:01:47.642+0000] {processor.py:153} INFO - Started process (PID=1607) to work on /home/airflow/.local/lib/python3.7/site-packages/airflow/example_dags/example_dag_decorator.py
[2023-02-19T17:01:47.644+0000] {processor.py:743} INFO - Processing file /home/airflow/.local/lib/python3.7/site-packages/airflow/example_dags/example_dag_decorator.py for tasks to queue
[2023-02-19T17:01:47.646+0000] {logging_mixin.py:137} INFO - [2023-02-19T17:01:47.646+0000] {dagbag.py:538} INFO - Filling up the DagBag from /home/airflow/.local/lib/python3.7/site-packages/airflow/example_dags/example_dag_decorator.py
[2023-02-19T17:01:47.666+0000] {logging_mixin.py:137} INFO - [2023-02-19T17:01:47.666+0000] {taskmixin.py:205} WARNING - Dependency <Task(_PythonDecoratedOperator): prepare_email>, send_email already registered for DAG: example_dag_decorator
[2023-02-19T17:01:47.667+0000] {logging_mixin.py:137} INFO - [2023-02-19T17:01:47.667+0000] {taskmixin.py:205} WARNING - Dependency <Task(EmailOperator): send_email>, prepare_email already registered for DAG: example_dag_decorator
[2023-02-19T17:01:47.681+0000] {processor.py:753} INFO - DAG(s) dict_keys(['example_dag_decorator']) retrieved from /home/airflow/.local/lib/python3.7/site-packages/airflow/example_dags/example_dag_decorator.py
[2023-02-19T17:01:47.757+0000] {logging_mixin.py:137} INFO - [2023-02-19T17:01:47.756+0000] {dag.py:2676} INFO - Sync 1 DAGs
[2023-02-19T17:01:47.781+0000] {logging_mixin.py:137} INFO - [2023-02-19T17:01:47.781+0000] {dag.py:3427} INFO - Setting next_dagrun for example_dag_decorator to None, run_after=None
[2023-02-19T17:01:47.801+0000] {processor.py:175} INFO - Processing /home/airflow/.local/lib/python3.7/site-packages/airflow/example_dags/example_dag_decorator.py took 0.164 seconds
[2023-02-19T17:02:18.525+0000] {processor.py:153} INFO - Started process (PID=1696) to work on /home/airflow/.local/lib/python3.7/site-packages/airflow/example_dags/example_dag_decorator.py
[2023-02-19T17:02:18.527+0000] {processor.py:743} INFO - Processing file /home/airflow/.local/lib/python3.7/site-packages/airflow/example_dags/example_dag_decorator.py for tasks to queue
[2023-02-19T17:02:18.528+0000] {logging_mixin.py:137} INFO - [2023-02-19T17:02:18.528+0000] {dagbag.py:538} INFO - Filling up the DagBag from /home/airflow/.local/lib/python3.7/site-packages/airflow/example_dags/example_dag_decorator.py
[2023-02-19T17:02:18.550+0000] {logging_mixin.py:137} INFO - [2023-02-19T17:02:18.550+0000] {taskmixin.py:205} WARNING - Dependency <Task(_PythonDecoratedOperator): prepare_email>, send_email already registered for DAG: example_dag_decorator
[2023-02-19T17:02:18.551+0000] {logging_mixin.py:137} INFO - [2023-02-19T17:02:18.551+0000] {taskmixin.py:205} WARNING - Dependency <Task(EmailOperator): send_email>, prepare_email already registered for DAG: example_dag_decorator
[2023-02-19T17:02:18.565+0000] {processor.py:753} INFO - DAG(s) dict_keys(['example_dag_decorator']) retrieved from /home/airflow/.local/lib/python3.7/site-packages/airflow/example_dags/example_dag_decorator.py
[2023-02-19T17:02:18.674+0000] {logging_mixin.py:137} INFO - [2023-02-19T17:02:18.674+0000] {dag.py:2676} INFO - Sync 1 DAGs
[2023-02-19T17:02:18.700+0000] {logging_mixin.py:137} INFO - [2023-02-19T17:02:18.700+0000] {dag.py:3427} INFO - Setting next_dagrun for example_dag_decorator to None, run_after=None
[2023-02-19T17:02:18.721+0000] {processor.py:175} INFO - Processing /home/airflow/.local/lib/python3.7/site-packages/airflow/example_dags/example_dag_decorator.py took 0.200 seconds
[2023-02-19T17:02:50.038+0000] {processor.py:153} INFO - Started process (PID=1787) to work on /home/airflow/.local/lib/python3.7/site-packages/airflow/example_dags/example_dag_decorator.py
[2023-02-19T17:02:50.040+0000] {processor.py:743} INFO - Processing file /home/airflow/.local/lib/python3.7/site-packages/airflow/example_dags/example_dag_decorator.py for tasks to queue
[2023-02-19T17:02:50.041+0000] {logging_mixin.py:137} INFO - [2023-02-19T17:02:50.041+0000] {dagbag.py:538} INFO - Filling up the DagBag from /home/airflow/.local/lib/python3.7/site-packages/airflow/example_dags/example_dag_decorator.py
[2023-02-19T17:02:50.062+0000] {logging_mixin.py:137} INFO - [2023-02-19T17:02:50.062+0000] {taskmixin.py:205} WARNING - Dependency <Task(_PythonDecoratedOperator): prepare_email>, send_email already registered for DAG: example_dag_decorator
[2023-02-19T17:02:50.063+0000] {logging_mixin.py:137} INFO - [2023-02-19T17:02:50.063+0000] {taskmixin.py:205} WARNING - Dependency <Task(EmailOperator): send_email>, prepare_email already registered for DAG: example_dag_decorator
[2023-02-19T17:02:50.077+0000] {processor.py:753} INFO - DAG(s) dict_keys(['example_dag_decorator']) retrieved from /home/airflow/.local/lib/python3.7/site-packages/airflow/example_dags/example_dag_decorator.py
[2023-02-19T17:02:50.167+0000] {logging_mixin.py:137} INFO - [2023-02-19T17:02:50.167+0000] {dag.py:2676} INFO - Sync 1 DAGs
[2023-02-19T17:02:50.194+0000] {logging_mixin.py:137} INFO - [2023-02-19T17:02:50.194+0000] {dag.py:3427} INFO - Setting next_dagrun for example_dag_decorator to None, run_after=None
[2023-02-19T17:02:50.216+0000] {processor.py:175} INFO - Processing /home/airflow/.local/lib/python3.7/site-packages/airflow/example_dags/example_dag_decorator.py took 0.182 seconds
[2023-02-19T17:03:21.585+0000] {processor.py:153} INFO - Started process (PID=1885) to work on /home/airflow/.local/lib/python3.7/site-packages/airflow/example_dags/example_dag_decorator.py
[2023-02-19T17:03:21.587+0000] {processor.py:743} INFO - Processing file /home/airflow/.local/lib/python3.7/site-packages/airflow/example_dags/example_dag_decorator.py for tasks to queue
[2023-02-19T17:03:21.589+0000] {logging_mixin.py:137} INFO - [2023-02-19T17:03:21.589+0000] {dagbag.py:538} INFO - Filling up the DagBag from /home/airflow/.local/lib/python3.7/site-packages/airflow/example_dags/example_dag_decorator.py
[2023-02-19T17:03:21.611+0000] {logging_mixin.py:137} INFO - [2023-02-19T17:03:21.611+0000] {taskmixin.py:205} WARNING - Dependency <Task(_PythonDecoratedOperator): prepare_email>, send_email already registered for DAG: example_dag_decorator
[2023-02-19T17:03:21.612+0000] {logging_mixin.py:137} INFO - [2023-02-19T17:03:21.612+0000] {taskmixin.py:205} WARNING - Dependency <Task(EmailOperator): send_email>, prepare_email already registered for DAG: example_dag_decorator
[2023-02-19T17:03:21.627+0000] {processor.py:753} INFO - DAG(s) dict_keys(['example_dag_decorator']) retrieved from /home/airflow/.local/lib/python3.7/site-packages/airflow/example_dags/example_dag_decorator.py
[2023-02-19T17:03:21.715+0000] {logging_mixin.py:137} INFO - [2023-02-19T17:03:21.715+0000] {dag.py:2676} INFO - Sync 1 DAGs
[2023-02-19T17:03:21.742+0000] {logging_mixin.py:137} INFO - [2023-02-19T17:03:21.742+0000] {dag.py:3427} INFO - Setting next_dagrun for example_dag_decorator to None, run_after=None
[2023-02-19T17:03:21.763+0000] {processor.py:175} INFO - Processing /home/airflow/.local/lib/python3.7/site-packages/airflow/example_dags/example_dag_decorator.py took 0.182 seconds
[2023-02-19T17:03:52.929+0000] {processor.py:153} INFO - Started process (PID=1967) to work on /home/airflow/.local/lib/python3.7/site-packages/airflow/example_dags/example_dag_decorator.py
[2023-02-19T17:03:52.932+0000] {processor.py:743} INFO - Processing file /home/airflow/.local/lib/python3.7/site-packages/airflow/example_dags/example_dag_decorator.py for tasks to queue
[2023-02-19T17:03:52.934+0000] {logging_mixin.py:137} INFO - [2023-02-19T17:03:52.933+0000] {dagbag.py:538} INFO - Filling up the DagBag from /home/airflow/.local/lib/python3.7/site-packages/airflow/example_dags/example_dag_decorator.py
[2023-02-19T17:03:52.960+0000] {logging_mixin.py:137} INFO - [2023-02-19T17:03:52.959+0000] {taskmixin.py:205} WARNING - Dependency <Task(_PythonDecoratedOperator): prepare_email>, send_email already registered for DAG: example_dag_decorator
[2023-02-19T17:03:52.961+0000] {logging_mixin.py:137} INFO - [2023-02-19T17:03:52.961+0000] {taskmixin.py:205} WARNING - Dependency <Task(EmailOperator): send_email>, prepare_email already registered for DAG: example_dag_decorator
[2023-02-19T17:03:52.978+0000] {processor.py:753} INFO - DAG(s) dict_keys(['example_dag_decorator']) retrieved from /home/airflow/.local/lib/python3.7/site-packages/airflow/example_dags/example_dag_decorator.py
[2023-02-19T17:03:53.079+0000] {logging_mixin.py:137} INFO - [2023-02-19T17:03:53.078+0000] {dag.py:2676} INFO - Sync 1 DAGs
[2023-02-19T17:03:53.144+0000] {logging_mixin.py:137} INFO - [2023-02-19T17:03:53.144+0000] {dag.py:3427} INFO - Setting next_dagrun for example_dag_decorator to None, run_after=None
[2023-02-19T17:03:53.172+0000] {processor.py:175} INFO - Processing /home/airflow/.local/lib/python3.7/site-packages/airflow/example_dags/example_dag_decorator.py took 0.248 seconds
[2023-02-19T17:04:24.212+0000] {processor.py:153} INFO - Started process (PID=2065) to work on /home/airflow/.local/lib/python3.7/site-packages/airflow/example_dags/example_dag_decorator.py
[2023-02-19T17:04:24.215+0000] {processor.py:743} INFO - Processing file /home/airflow/.local/lib/python3.7/site-packages/airflow/example_dags/example_dag_decorator.py for tasks to queue
[2023-02-19T17:04:24.217+0000] {logging_mixin.py:137} INFO - [2023-02-19T17:04:24.217+0000] {dagbag.py:538} INFO - Filling up the DagBag from /home/airflow/.local/lib/python3.7/site-packages/airflow/example_dags/example_dag_decorator.py
[2023-02-19T17:04:24.242+0000] {logging_mixin.py:137} INFO - [2023-02-19T17:04:24.242+0000] {taskmixin.py:205} WARNING - Dependency <Task(_PythonDecoratedOperator): prepare_email>, send_email already registered for DAG: example_dag_decorator
[2023-02-19T17:04:24.244+0000] {logging_mixin.py:137} INFO - [2023-02-19T17:04:24.243+0000] {taskmixin.py:205} WARNING - Dependency <Task(EmailOperator): send_email>, prepare_email already registered for DAG: example_dag_decorator
[2023-02-19T17:04:24.260+0000] {processor.py:753} INFO - DAG(s) dict_keys(['example_dag_decorator']) retrieved from /home/airflow/.local/lib/python3.7/site-packages/airflow/example_dags/example_dag_decorator.py
[2023-02-19T17:04:24.350+0000] {logging_mixin.py:137} INFO - [2023-02-19T17:04:24.350+0000] {dag.py:2676} INFO - Sync 1 DAGs
[2023-02-19T17:04:24.376+0000] {logging_mixin.py:137} INFO - [2023-02-19T17:04:24.375+0000] {dag.py:3427} INFO - Setting next_dagrun for example_dag_decorator to None, run_after=None
[2023-02-19T17:04:24.395+0000] {processor.py:175} INFO - Processing /home/airflow/.local/lib/python3.7/site-packages/airflow/example_dags/example_dag_decorator.py took 0.188 seconds
[2023-02-19T17:04:55.264+0000] {processor.py:153} INFO - Started process (PID=2147) to work on /home/airflow/.local/lib/python3.7/site-packages/airflow/example_dags/example_dag_decorator.py
[2023-02-19T17:04:55.267+0000] {processor.py:743} INFO - Processing file /home/airflow/.local/lib/python3.7/site-packages/airflow/example_dags/example_dag_decorator.py for tasks to queue
[2023-02-19T17:04:55.269+0000] {logging_mixin.py:137} INFO - [2023-02-19T17:04:55.269+0000] {dagbag.py:538} INFO - Filling up the DagBag from /home/airflow/.local/lib/python3.7/site-packages/airflow/example_dags/example_dag_decorator.py
[2023-02-19T17:04:55.291+0000] {logging_mixin.py:137} INFO - [2023-02-19T17:04:55.290+0000] {taskmixin.py:205} WARNING - Dependency <Task(_PythonDecoratedOperator): prepare_email>, send_email already registered for DAG: example_dag_decorator
[2023-02-19T17:04:55.292+0000] {logging_mixin.py:137} INFO - [2023-02-19T17:04:55.292+0000] {taskmixin.py:205} WARNING - Dependency <Task(EmailOperator): send_email>, prepare_email already registered for DAG: example_dag_decorator
[2023-02-19T17:04:55.306+0000] {processor.py:753} INFO - DAG(s) dict_keys(['example_dag_decorator']) retrieved from /home/airflow/.local/lib/python3.7/site-packages/airflow/example_dags/example_dag_decorator.py
[2023-02-19T17:04:55.389+0000] {logging_mixin.py:137} INFO - [2023-02-19T17:04:55.389+0000] {dag.py:2676} INFO - Sync 1 DAGs
[2023-02-19T17:04:55.412+0000] {logging_mixin.py:137} INFO - [2023-02-19T17:04:55.412+0000] {dag.py:3427} INFO - Setting next_dagrun for example_dag_decorator to None, run_after=None
[2023-02-19T17:04:55.431+0000] {processor.py:175} INFO - Processing /home/airflow/.local/lib/python3.7/site-packages/airflow/example_dags/example_dag_decorator.py took 0.172 seconds
[2023-02-19T17:05:26.288+0000] {processor.py:153} INFO - Started process (PID=2245) to work on /home/airflow/.local/lib/python3.7/site-packages/airflow/example_dags/example_dag_decorator.py
[2023-02-19T17:05:26.290+0000] {processor.py:743} INFO - Processing file /home/airflow/.local/lib/python3.7/site-packages/airflow/example_dags/example_dag_decorator.py for tasks to queue
[2023-02-19T17:05:26.291+0000] {logging_mixin.py:137} INFO - [2023-02-19T17:05:26.291+0000] {dagbag.py:538} INFO - Filling up the DagBag from /home/airflow/.local/lib/python3.7/site-packages/airflow/example_dags/example_dag_decorator.py
[2023-02-19T17:05:26.311+0000] {logging_mixin.py:137} INFO - [2023-02-19T17:05:26.311+0000] {taskmixin.py:205} WARNING - Dependency <Task(_PythonDecoratedOperator): prepare_email>, send_email already registered for DAG: example_dag_decorator
[2023-02-19T17:05:26.312+0000] {logging_mixin.py:137} INFO - [2023-02-19T17:05:26.312+0000] {taskmixin.py:205} WARNING - Dependency <Task(EmailOperator): send_email>, prepare_email already registered for DAG: example_dag_decorator
[2023-02-19T17:05:26.325+0000] {processor.py:753} INFO - DAG(s) dict_keys(['example_dag_decorator']) retrieved from /home/airflow/.local/lib/python3.7/site-packages/airflow/example_dags/example_dag_decorator.py
[2023-02-19T17:05:26.413+0000] {logging_mixin.py:137} INFO - [2023-02-19T17:05:26.413+0000] {dag.py:2676} INFO - Sync 1 DAGs
[2023-02-19T17:05:26.442+0000] {logging_mixin.py:137} INFO - [2023-02-19T17:05:26.442+0000] {dag.py:3427} INFO - Setting next_dagrun for example_dag_decorator to None, run_after=None
[2023-02-19T17:05:26.464+0000] {processor.py:175} INFO - Processing /home/airflow/.local/lib/python3.7/site-packages/airflow/example_dags/example_dag_decorator.py took 0.180 seconds
[2023-02-19T17:05:57.279+0000] {processor.py:153} INFO - Started process (PID=2327) to work on /home/airflow/.local/lib/python3.7/site-packages/airflow/example_dags/example_dag_decorator.py
[2023-02-19T17:05:57.282+0000] {processor.py:743} INFO - Processing file /home/airflow/.local/lib/python3.7/site-packages/airflow/example_dags/example_dag_decorator.py for tasks to queue
[2023-02-19T17:05:57.284+0000] {logging_mixin.py:137} INFO - [2023-02-19T17:05:57.284+0000] {dagbag.py:538} INFO - Filling up the DagBag from /home/airflow/.local/lib/python3.7/site-packages/airflow/example_dags/example_dag_decorator.py
[2023-02-19T17:05:57.304+0000] {logging_mixin.py:137} INFO - [2023-02-19T17:05:57.303+0000] {taskmixin.py:205} WARNING - Dependency <Task(_PythonDecoratedOperator): prepare_email>, send_email already registered for DAG: example_dag_decorator
[2023-02-19T17:05:57.305+0000] {logging_mixin.py:137} INFO - [2023-02-19T17:05:57.305+0000] {taskmixin.py:205} WARNING - Dependency <Task(EmailOperator): send_email>, prepare_email already registered for DAG: example_dag_decorator
[2023-02-19T17:05:57.319+0000] {processor.py:753} INFO - DAG(s) dict_keys(['example_dag_decorator']) retrieved from /home/airflow/.local/lib/python3.7/site-packages/airflow/example_dags/example_dag_decorator.py
[2023-02-19T17:05:57.398+0000] {logging_mixin.py:137} INFO - [2023-02-19T17:05:57.397+0000] {dag.py:2676} INFO - Sync 1 DAGs
[2023-02-19T17:05:57.420+0000] {logging_mixin.py:137} INFO - [2023-02-19T17:05:57.420+0000] {dag.py:3427} INFO - Setting next_dagrun for example_dag_decorator to None, run_after=None
[2023-02-19T17:05:57.446+0000] {processor.py:175} INFO - Processing /home/airflow/.local/lib/python3.7/site-packages/airflow/example_dags/example_dag_decorator.py took 0.172 seconds
[2023-02-19T17:06:28.276+0000] {processor.py:153} INFO - Started process (PID=2426) to work on /home/airflow/.local/lib/python3.7/site-packages/airflow/example_dags/example_dag_decorator.py
[2023-02-19T17:06:28.278+0000] {processor.py:743} INFO - Processing file /home/airflow/.local/lib/python3.7/site-packages/airflow/example_dags/example_dag_decorator.py for tasks to queue
[2023-02-19T17:06:28.279+0000] {logging_mixin.py:137} INFO - [2023-02-19T17:06:28.279+0000] {dagbag.py:538} INFO - Filling up the DagBag from /home/airflow/.local/lib/python3.7/site-packages/airflow/example_dags/example_dag_decorator.py
[2023-02-19T17:06:28.299+0000] {logging_mixin.py:137} INFO - [2023-02-19T17:06:28.299+0000] {taskmixin.py:205} WARNING - Dependency <Task(_PythonDecoratedOperator): prepare_email>, send_email already registered for DAG: example_dag_decorator
[2023-02-19T17:06:28.301+0000] {logging_mixin.py:137} INFO - [2023-02-19T17:06:28.301+0000] {taskmixin.py:205} WARNING - Dependency <Task(EmailOperator): send_email>, prepare_email already registered for DAG: example_dag_decorator
[2023-02-19T17:06:28.315+0000] {processor.py:753} INFO - DAG(s) dict_keys(['example_dag_decorator']) retrieved from /home/airflow/.local/lib/python3.7/site-packages/airflow/example_dags/example_dag_decorator.py
[2023-02-19T17:06:28.404+0000] {logging_mixin.py:137} INFO - [2023-02-19T17:06:28.404+0000] {dag.py:2676} INFO - Sync 1 DAGs
[2023-02-19T17:06:28.431+0000] {logging_mixin.py:137} INFO - [2023-02-19T17:06:28.431+0000] {dag.py:3427} INFO - Setting next_dagrun for example_dag_decorator to None, run_after=None
[2023-02-19T17:06:28.453+0000] {processor.py:175} INFO - Processing /home/airflow/.local/lib/python3.7/site-packages/airflow/example_dags/example_dag_decorator.py took 0.181 seconds
