[2023-02-19T16:52:55.939+0000] {processor.py:153} INFO - Started process (PID=81) to work on /home/airflow/.local/lib/python3.7/site-packages/airflow/example_dags/example_branch_day_of_week_operator.py
[2023-02-19T16:52:55.942+0000] {processor.py:743} INFO - Processing file /home/airflow/.local/lib/python3.7/site-packages/airflow/example_dags/example_branch_day_of_week_operator.py for tasks to queue
[2023-02-19T16:52:55.943+0000] {logging_mixin.py:137} INFO - [2023-02-19T16:52:55.943+0000] {dagbag.py:538} INFO - Filling up the DagBag from /home/airflow/.local/lib/python3.7/site-packages/airflow/example_dags/example_branch_day_of_week_operator.py
[2023-02-19T16:52:55.970+0000] {processor.py:753} INFO - DAG(s) dict_keys(['example_weekday_branch_operator']) retrieved from /home/airflow/.local/lib/python3.7/site-packages/airflow/example_dags/example_branch_day_of_week_operator.py
[2023-02-19T16:52:56.034+0000] {logging_mixin.py:137} INFO - [2023-02-19T16:52:56.033+0000] {dag.py:2676} INFO - Sync 1 DAGs
[2023-02-19T16:52:56.077+0000] {logging_mixin.py:137} INFO - [2023-02-19T16:52:56.076+0000] {dag.py:3427} INFO - Setting next_dagrun for example_weekday_branch_operator to 2023-02-18T00:00:00+00:00, run_after=2023-02-19T00:00:00+00:00
[2023-02-19T16:52:56.100+0000] {processor.py:175} INFO - Processing /home/airflow/.local/lib/python3.7/site-packages/airflow/example_dags/example_branch_day_of_week_operator.py took 0.165 seconds
[2023-02-19T16:53:27.009+0000] {processor.py:153} INFO - Started process (PID=179) to work on /home/airflow/.local/lib/python3.7/site-packages/airflow/example_dags/example_branch_day_of_week_operator.py
[2023-02-19T16:53:27.012+0000] {processor.py:743} INFO - Processing file /home/airflow/.local/lib/python3.7/site-packages/airflow/example_dags/example_branch_day_of_week_operator.py for tasks to queue
[2023-02-19T16:53:27.014+0000] {logging_mixin.py:137} INFO - [2023-02-19T16:53:27.014+0000] {dagbag.py:538} INFO - Filling up the DagBag from /home/airflow/.local/lib/python3.7/site-packages/airflow/example_dags/example_branch_day_of_week_operator.py
[2023-02-19T16:53:27.057+0000] {processor.py:753} INFO - DAG(s) dict_keys(['example_weekday_branch_operator']) retrieved from /home/airflow/.local/lib/python3.7/site-packages/airflow/example_dags/example_branch_day_of_week_operator.py
[2023-02-19T16:53:27.127+0000] {logging_mixin.py:137} INFO - [2023-02-19T16:53:27.127+0000] {dag.py:2676} INFO - Sync 1 DAGs
[2023-02-19T16:53:27.249+0000] {logging_mixin.py:137} INFO - [2023-02-19T16:53:27.249+0000] {dag.py:3427} INFO - Setting next_dagrun for example_weekday_branch_operator to 2023-02-18T00:00:00+00:00, run_after=2023-02-19T00:00:00+00:00
[2023-02-19T16:53:27.292+0000] {processor.py:175} INFO - Processing /home/airflow/.local/lib/python3.7/site-packages/airflow/example_dags/example_branch_day_of_week_operator.py took 0.288 seconds
[2023-02-19T16:53:57.957+0000] {processor.py:153} INFO - Started process (PID=261) to work on /home/airflow/.local/lib/python3.7/site-packages/airflow/example_dags/example_branch_day_of_week_operator.py
[2023-02-19T16:53:57.960+0000] {processor.py:743} INFO - Processing file /home/airflow/.local/lib/python3.7/site-packages/airflow/example_dags/example_branch_day_of_week_operator.py for tasks to queue
[2023-02-19T16:53:57.962+0000] {logging_mixin.py:137} INFO - [2023-02-19T16:53:57.962+0000] {dagbag.py:538} INFO - Filling up the DagBag from /home/airflow/.local/lib/python3.7/site-packages/airflow/example_dags/example_branch_day_of_week_operator.py
[2023-02-19T16:53:57.983+0000] {processor.py:753} INFO - DAG(s) dict_keys(['example_weekday_branch_operator']) retrieved from /home/airflow/.local/lib/python3.7/site-packages/airflow/example_dags/example_branch_day_of_week_operator.py
[2023-02-19T16:53:58.034+0000] {logging_mixin.py:137} INFO - [2023-02-19T16:53:58.034+0000] {dag.py:2676} INFO - Sync 1 DAGs
[2023-02-19T16:53:58.073+0000] {logging_mixin.py:137} INFO - [2023-02-19T16:53:58.073+0000] {dag.py:3427} INFO - Setting next_dagrun for example_weekday_branch_operator to 2023-02-18T00:00:00+00:00, run_after=2023-02-19T00:00:00+00:00
[2023-02-19T16:53:58.099+0000] {processor.py:175} INFO - Processing /home/airflow/.local/lib/python3.7/site-packages/airflow/example_dags/example_branch_day_of_week_operator.py took 0.146 seconds
[2023-02-19T16:54:29.652+0000] {processor.py:153} INFO - Started process (PID=359) to work on /home/airflow/.local/lib/python3.7/site-packages/airflow/example_dags/example_branch_day_of_week_operator.py
[2023-02-19T16:54:29.654+0000] {processor.py:743} INFO - Processing file /home/airflow/.local/lib/python3.7/site-packages/airflow/example_dags/example_branch_day_of_week_operator.py for tasks to queue
[2023-02-19T16:54:29.659+0000] {logging_mixin.py:137} INFO - [2023-02-19T16:54:29.658+0000] {dagbag.py:538} INFO - Filling up the DagBag from /home/airflow/.local/lib/python3.7/site-packages/airflow/example_dags/example_branch_day_of_week_operator.py
[2023-02-19T16:54:29.694+0000] {processor.py:753} INFO - DAG(s) dict_keys(['example_weekday_branch_operator']) retrieved from /home/airflow/.local/lib/python3.7/site-packages/airflow/example_dags/example_branch_day_of_week_operator.py
[2023-02-19T16:54:29.795+0000] {logging_mixin.py:137} INFO - [2023-02-19T16:54:29.794+0000] {dag.py:2676} INFO - Sync 1 DAGs
[2023-02-19T16:54:29.828+0000] {logging_mixin.py:137} INFO - [2023-02-19T16:54:29.828+0000] {dag.py:3427} INFO - Setting next_dagrun for example_weekday_branch_operator to 2023-02-18T00:00:00+00:00, run_after=2023-02-19T00:00:00+00:00
[2023-02-19T16:54:29.885+0000] {processor.py:175} INFO - Processing /home/airflow/.local/lib/python3.7/site-packages/airflow/example_dags/example_branch_day_of_week_operator.py took 0.239 seconds
[2023-02-19T16:55:00.761+0000] {processor.py:153} INFO - Started process (PID=441) to work on /home/airflow/.local/lib/python3.7/site-packages/airflow/example_dags/example_branch_day_of_week_operator.py
[2023-02-19T16:55:00.763+0000] {processor.py:743} INFO - Processing file /home/airflow/.local/lib/python3.7/site-packages/airflow/example_dags/example_branch_day_of_week_operator.py for tasks to queue
[2023-02-19T16:55:00.764+0000] {logging_mixin.py:137} INFO - [2023-02-19T16:55:00.764+0000] {dagbag.py:538} INFO - Filling up the DagBag from /home/airflow/.local/lib/python3.7/site-packages/airflow/example_dags/example_branch_day_of_week_operator.py
[2023-02-19T16:55:00.783+0000] {processor.py:753} INFO - DAG(s) dict_keys(['example_weekday_branch_operator']) retrieved from /home/airflow/.local/lib/python3.7/site-packages/airflow/example_dags/example_branch_day_of_week_operator.py
[2023-02-19T16:55:00.825+0000] {logging_mixin.py:137} INFO - [2023-02-19T16:55:00.825+0000] {dag.py:2676} INFO - Sync 1 DAGs
[2023-02-19T16:55:00.857+0000] {logging_mixin.py:137} INFO - [2023-02-19T16:55:00.857+0000] {dag.py:3427} INFO - Setting next_dagrun for example_weekday_branch_operator to 2023-02-18T00:00:00+00:00, run_after=2023-02-19T00:00:00+00:00
[2023-02-19T16:55:00.879+0000] {processor.py:175} INFO - Processing /home/airflow/.local/lib/python3.7/site-packages/airflow/example_dags/example_branch_day_of_week_operator.py took 0.122 seconds
[2023-02-19T16:55:32.342+0000] {processor.py:153} INFO - Started process (PID=539) to work on /home/airflow/.local/lib/python3.7/site-packages/airflow/example_dags/example_branch_day_of_week_operator.py
[2023-02-19T16:55:32.345+0000] {processor.py:743} INFO - Processing file /home/airflow/.local/lib/python3.7/site-packages/airflow/example_dags/example_branch_day_of_week_operator.py for tasks to queue
[2023-02-19T16:55:32.347+0000] {logging_mixin.py:137} INFO - [2023-02-19T16:55:32.347+0000] {dagbag.py:538} INFO - Filling up the DagBag from /home/airflow/.local/lib/python3.7/site-packages/airflow/example_dags/example_branch_day_of_week_operator.py
[2023-02-19T16:55:32.370+0000] {processor.py:753} INFO - DAG(s) dict_keys(['example_weekday_branch_operator']) retrieved from /home/airflow/.local/lib/python3.7/site-packages/airflow/example_dags/example_branch_day_of_week_operator.py
[2023-02-19T16:55:32.424+0000] {logging_mixin.py:137} INFO - [2023-02-19T16:55:32.424+0000] {dag.py:2676} INFO - Sync 1 DAGs
[2023-02-19T16:55:32.459+0000] {logging_mixin.py:137} INFO - [2023-02-19T16:55:32.459+0000] {dag.py:3427} INFO - Setting next_dagrun for example_weekday_branch_operator to 2023-02-18T00:00:00+00:00, run_after=2023-02-19T00:00:00+00:00
[2023-02-19T16:55:32.481+0000] {processor.py:175} INFO - Processing /home/airflow/.local/lib/python3.7/site-packages/airflow/example_dags/example_branch_day_of_week_operator.py took 0.145 seconds
[2023-02-19T16:56:03.821+0000] {processor.py:153} INFO - Started process (PID=621) to work on /home/airflow/.local/lib/python3.7/site-packages/airflow/example_dags/example_branch_day_of_week_operator.py
[2023-02-19T16:56:03.824+0000] {processor.py:743} INFO - Processing file /home/airflow/.local/lib/python3.7/site-packages/airflow/example_dags/example_branch_day_of_week_operator.py for tasks to queue
[2023-02-19T16:56:03.825+0000] {logging_mixin.py:137} INFO - [2023-02-19T16:56:03.825+0000] {dagbag.py:538} INFO - Filling up the DagBag from /home/airflow/.local/lib/python3.7/site-packages/airflow/example_dags/example_branch_day_of_week_operator.py
[2023-02-19T16:56:03.843+0000] {processor.py:753} INFO - DAG(s) dict_keys(['example_weekday_branch_operator']) retrieved from /home/airflow/.local/lib/python3.7/site-packages/airflow/example_dags/example_branch_day_of_week_operator.py
[2023-02-19T16:56:03.889+0000] {logging_mixin.py:137} INFO - [2023-02-19T16:56:03.889+0000] {dag.py:2676} INFO - Sync 1 DAGs
[2023-02-19T16:56:03.933+0000] {logging_mixin.py:137} INFO - [2023-02-19T16:56:03.932+0000] {dag.py:3427} INFO - Setting next_dagrun for example_weekday_branch_operator to 2023-02-18T00:00:00+00:00, run_after=2023-02-19T00:00:00+00:00
[2023-02-19T16:56:03.957+0000] {processor.py:175} INFO - Processing /home/airflow/.local/lib/python3.7/site-packages/airflow/example_dags/example_branch_day_of_week_operator.py took 0.141 seconds
[2023-02-19T16:56:35.059+0000] {processor.py:153} INFO - Started process (PID=719) to work on /home/airflow/.local/lib/python3.7/site-packages/airflow/example_dags/example_branch_day_of_week_operator.py
[2023-02-19T16:56:35.061+0000] {processor.py:743} INFO - Processing file /home/airflow/.local/lib/python3.7/site-packages/airflow/example_dags/example_branch_day_of_week_operator.py for tasks to queue
[2023-02-19T16:56:35.063+0000] {logging_mixin.py:137} INFO - [2023-02-19T16:56:35.063+0000] {dagbag.py:538} INFO - Filling up the DagBag from /home/airflow/.local/lib/python3.7/site-packages/airflow/example_dags/example_branch_day_of_week_operator.py
[2023-02-19T16:56:35.082+0000] {processor.py:753} INFO - DAG(s) dict_keys(['example_weekday_branch_operator']) retrieved from /home/airflow/.local/lib/python3.7/site-packages/airflow/example_dags/example_branch_day_of_week_operator.py
[2023-02-19T16:56:35.126+0000] {logging_mixin.py:137} INFO - [2023-02-19T16:56:35.125+0000] {dag.py:2676} INFO - Sync 1 DAGs
[2023-02-19T16:56:35.156+0000] {logging_mixin.py:137} INFO - [2023-02-19T16:56:35.156+0000] {dag.py:3427} INFO - Setting next_dagrun for example_weekday_branch_operator to 2023-02-18T00:00:00+00:00, run_after=2023-02-19T00:00:00+00:00
[2023-02-19T16:56:35.181+0000] {processor.py:175} INFO - Processing /home/airflow/.local/lib/python3.7/site-packages/airflow/example_dags/example_branch_day_of_week_operator.py took 0.126 seconds
[2023-02-19T16:57:06.048+0000] {processor.py:153} INFO - Started process (PID=801) to work on /home/airflow/.local/lib/python3.7/site-packages/airflow/example_dags/example_branch_day_of_week_operator.py
[2023-02-19T16:57:06.051+0000] {processor.py:743} INFO - Processing file /home/airflow/.local/lib/python3.7/site-packages/airflow/example_dags/example_branch_day_of_week_operator.py for tasks to queue
[2023-02-19T16:57:06.054+0000] {logging_mixin.py:137} INFO - [2023-02-19T16:57:06.054+0000] {dagbag.py:538} INFO - Filling up the DagBag from /home/airflow/.local/lib/python3.7/site-packages/airflow/example_dags/example_branch_day_of_week_operator.py
[2023-02-19T16:57:06.093+0000] {processor.py:753} INFO - DAG(s) dict_keys(['example_weekday_branch_operator']) retrieved from /home/airflow/.local/lib/python3.7/site-packages/airflow/example_dags/example_branch_day_of_week_operator.py
[2023-02-19T16:57:06.241+0000] {logging_mixin.py:137} INFO - [2023-02-19T16:57:06.241+0000] {dag.py:2676} INFO - Sync 1 DAGs
[2023-02-19T16:57:06.298+0000] {logging_mixin.py:137} INFO - [2023-02-19T16:57:06.298+0000] {dag.py:3427} INFO - Setting next_dagrun for example_weekday_branch_operator to 2023-02-18T00:00:00+00:00, run_after=2023-02-19T00:00:00+00:00
[2023-02-19T16:57:06.338+0000] {processor.py:175} INFO - Processing /home/airflow/.local/lib/python3.7/site-packages/airflow/example_dags/example_branch_day_of_week_operator.py took 0.297 seconds
[2023-02-19T16:57:37.908+0000] {processor.py:153} INFO - Started process (PID=899) to work on /home/airflow/.local/lib/python3.7/site-packages/airflow/example_dags/example_branch_day_of_week_operator.py
[2023-02-19T16:57:37.910+0000] {processor.py:743} INFO - Processing file /home/airflow/.local/lib/python3.7/site-packages/airflow/example_dags/example_branch_day_of_week_operator.py for tasks to queue
[2023-02-19T16:57:37.911+0000] {logging_mixin.py:137} INFO - [2023-02-19T16:57:37.911+0000] {dagbag.py:538} INFO - Filling up the DagBag from /home/airflow/.local/lib/python3.7/site-packages/airflow/example_dags/example_branch_day_of_week_operator.py
[2023-02-19T16:57:37.930+0000] {processor.py:753} INFO - DAG(s) dict_keys(['example_weekday_branch_operator']) retrieved from /home/airflow/.local/lib/python3.7/site-packages/airflow/example_dags/example_branch_day_of_week_operator.py
[2023-02-19T16:57:37.975+0000] {logging_mixin.py:137} INFO - [2023-02-19T16:57:37.975+0000] {dag.py:2676} INFO - Sync 1 DAGs
[2023-02-19T16:57:38.005+0000] {logging_mixin.py:137} INFO - [2023-02-19T16:57:38.005+0000] {dag.py:3427} INFO - Setting next_dagrun for example_weekday_branch_operator to 2023-02-18T00:00:00+00:00, run_after=2023-02-19T00:00:00+00:00
[2023-02-19T16:57:38.028+0000] {processor.py:175} INFO - Processing /home/airflow/.local/lib/python3.7/site-packages/airflow/example_dags/example_branch_day_of_week_operator.py took 0.124 seconds
[2023-02-19T16:58:09.040+0000] {processor.py:153} INFO - Started process (PID=981) to work on /home/airflow/.local/lib/python3.7/site-packages/airflow/example_dags/example_branch_day_of_week_operator.py
[2023-02-19T16:58:09.042+0000] {processor.py:743} INFO - Processing file /home/airflow/.local/lib/python3.7/site-packages/airflow/example_dags/example_branch_day_of_week_operator.py for tasks to queue
[2023-02-19T16:58:09.044+0000] {logging_mixin.py:137} INFO - [2023-02-19T16:58:09.044+0000] {dagbag.py:538} INFO - Filling up the DagBag from /home/airflow/.local/lib/python3.7/site-packages/airflow/example_dags/example_branch_day_of_week_operator.py
[2023-02-19T16:58:09.067+0000] {processor.py:753} INFO - DAG(s) dict_keys(['example_weekday_branch_operator']) retrieved from /home/airflow/.local/lib/python3.7/site-packages/airflow/example_dags/example_branch_day_of_week_operator.py
[2023-02-19T16:58:09.123+0000] {logging_mixin.py:137} INFO - [2023-02-19T16:58:09.123+0000] {dag.py:2676} INFO - Sync 1 DAGs
[2023-02-19T16:58:09.166+0000] {logging_mixin.py:137} INFO - [2023-02-19T16:58:09.166+0000] {dag.py:3427} INFO - Setting next_dagrun for example_weekday_branch_operator to 2023-02-18T00:00:00+00:00, run_after=2023-02-19T00:00:00+00:00
[2023-02-19T16:58:09.197+0000] {processor.py:175} INFO - Processing /home/airflow/.local/lib/python3.7/site-packages/airflow/example_dags/example_branch_day_of_week_operator.py took 0.163 seconds
[2023-02-19T16:58:40.573+0000] {processor.py:153} INFO - Started process (PID=1079) to work on /home/airflow/.local/lib/python3.7/site-packages/airflow/example_dags/example_branch_day_of_week_operator.py
[2023-02-19T16:58:40.575+0000] {processor.py:743} INFO - Processing file /home/airflow/.local/lib/python3.7/site-packages/airflow/example_dags/example_branch_day_of_week_operator.py for tasks to queue
[2023-02-19T16:58:40.577+0000] {logging_mixin.py:137} INFO - [2023-02-19T16:58:40.577+0000] {dagbag.py:538} INFO - Filling up the DagBag from /home/airflow/.local/lib/python3.7/site-packages/airflow/example_dags/example_branch_day_of_week_operator.py
[2023-02-19T16:58:40.597+0000] {processor.py:753} INFO - DAG(s) dict_keys(['example_weekday_branch_operator']) retrieved from /home/airflow/.local/lib/python3.7/site-packages/airflow/example_dags/example_branch_day_of_week_operator.py
[2023-02-19T16:58:40.641+0000] {logging_mixin.py:137} INFO - [2023-02-19T16:58:40.641+0000] {dag.py:2676} INFO - Sync 1 DAGs
[2023-02-19T16:58:40.677+0000] {logging_mixin.py:137} INFO - [2023-02-19T16:58:40.677+0000] {dag.py:3427} INFO - Setting next_dagrun for example_weekday_branch_operator to 2023-02-18T00:00:00+00:00, run_after=2023-02-19T00:00:00+00:00
[2023-02-19T16:58:40.704+0000] {processor.py:175} INFO - Processing /home/airflow/.local/lib/python3.7/site-packages/airflow/example_dags/example_branch_day_of_week_operator.py took 0.135 seconds
[2023-02-19T16:59:11.892+0000] {processor.py:153} INFO - Started process (PID=1161) to work on /home/airflow/.local/lib/python3.7/site-packages/airflow/example_dags/example_branch_day_of_week_operator.py
[2023-02-19T16:59:11.895+0000] {processor.py:743} INFO - Processing file /home/airflow/.local/lib/python3.7/site-packages/airflow/example_dags/example_branch_day_of_week_operator.py for tasks to queue
[2023-02-19T16:59:11.896+0000] {logging_mixin.py:137} INFO - [2023-02-19T16:59:11.896+0000] {dagbag.py:538} INFO - Filling up the DagBag from /home/airflow/.local/lib/python3.7/site-packages/airflow/example_dags/example_branch_day_of_week_operator.py
[2023-02-19T16:59:11.917+0000] {processor.py:753} INFO - DAG(s) dict_keys(['example_weekday_branch_operator']) retrieved from /home/airflow/.local/lib/python3.7/site-packages/airflow/example_dags/example_branch_day_of_week_operator.py
[2023-02-19T16:59:11.960+0000] {logging_mixin.py:137} INFO - [2023-02-19T16:59:11.960+0000] {dag.py:2676} INFO - Sync 1 DAGs
[2023-02-19T16:59:11.992+0000] {logging_mixin.py:137} INFO - [2023-02-19T16:59:11.992+0000] {dag.py:3427} INFO - Setting next_dagrun for example_weekday_branch_operator to 2023-02-18T00:00:00+00:00, run_after=2023-02-19T00:00:00+00:00
[2023-02-19T16:59:12.032+0000] {processor.py:175} INFO - Processing /home/airflow/.local/lib/python3.7/site-packages/airflow/example_dags/example_branch_day_of_week_operator.py took 0.145 seconds
[2023-02-19T16:59:42.970+0000] {processor.py:153} INFO - Started process (PID=1259) to work on /home/airflow/.local/lib/python3.7/site-packages/airflow/example_dags/example_branch_day_of_week_operator.py
[2023-02-19T16:59:42.973+0000] {processor.py:743} INFO - Processing file /home/airflow/.local/lib/python3.7/site-packages/airflow/example_dags/example_branch_day_of_week_operator.py for tasks to queue
[2023-02-19T16:59:42.975+0000] {logging_mixin.py:137} INFO - [2023-02-19T16:59:42.974+0000] {dagbag.py:538} INFO - Filling up the DagBag from /home/airflow/.local/lib/python3.7/site-packages/airflow/example_dags/example_branch_day_of_week_operator.py
[2023-02-19T16:59:42.997+0000] {processor.py:753} INFO - DAG(s) dict_keys(['example_weekday_branch_operator']) retrieved from /home/airflow/.local/lib/python3.7/site-packages/airflow/example_dags/example_branch_day_of_week_operator.py
[2023-02-19T16:59:43.040+0000] {logging_mixin.py:137} INFO - [2023-02-19T16:59:43.040+0000] {dag.py:2676} INFO - Sync 1 DAGs
[2023-02-19T16:59:43.070+0000] {logging_mixin.py:137} INFO - [2023-02-19T16:59:43.070+0000] {dag.py:3427} INFO - Setting next_dagrun for example_weekday_branch_operator to 2023-02-18T00:00:00+00:00, run_after=2023-02-19T00:00:00+00:00
[2023-02-19T16:59:43.091+0000] {processor.py:175} INFO - Processing /home/airflow/.local/lib/python3.7/site-packages/airflow/example_dags/example_branch_day_of_week_operator.py took 0.125 seconds
[2023-02-19T17:00:14.746+0000] {processor.py:153} INFO - Started process (PID=1350) to work on /home/airflow/.local/lib/python3.7/site-packages/airflow/example_dags/example_branch_day_of_week_operator.py
[2023-02-19T17:00:14.749+0000] {processor.py:743} INFO - Processing file /home/airflow/.local/lib/python3.7/site-packages/airflow/example_dags/example_branch_day_of_week_operator.py for tasks to queue
[2023-02-19T17:00:14.752+0000] {logging_mixin.py:137} INFO - [2023-02-19T17:00:14.752+0000] {dagbag.py:538} INFO - Filling up the DagBag from /home/airflow/.local/lib/python3.7/site-packages/airflow/example_dags/example_branch_day_of_week_operator.py
[2023-02-19T17:00:14.777+0000] {processor.py:753} INFO - DAG(s) dict_keys(['example_weekday_branch_operator']) retrieved from /home/airflow/.local/lib/python3.7/site-packages/airflow/example_dags/example_branch_day_of_week_operator.py
[2023-02-19T17:00:14.838+0000] {logging_mixin.py:137} INFO - [2023-02-19T17:00:14.837+0000] {dag.py:2676} INFO - Sync 1 DAGs
[2023-02-19T17:00:14.879+0000] {logging_mixin.py:137} INFO - [2023-02-19T17:00:14.879+0000] {dag.py:3427} INFO - Setting next_dagrun for example_weekday_branch_operator to 2023-02-18T00:00:00+00:00, run_after=2023-02-19T00:00:00+00:00
[2023-02-19T17:00:14.901+0000] {processor.py:175} INFO - Processing /home/airflow/.local/lib/python3.7/site-packages/airflow/example_dags/example_branch_day_of_week_operator.py took 0.161 seconds
[2023-02-19T17:00:46.094+0000] {processor.py:153} INFO - Started process (PID=1440) to work on /home/airflow/.local/lib/python3.7/site-packages/airflow/example_dags/example_branch_day_of_week_operator.py
[2023-02-19T17:00:46.098+0000] {processor.py:743} INFO - Processing file /home/airflow/.local/lib/python3.7/site-packages/airflow/example_dags/example_branch_day_of_week_operator.py for tasks to queue
[2023-02-19T17:00:46.100+0000] {logging_mixin.py:137} INFO - [2023-02-19T17:00:46.100+0000] {dagbag.py:538} INFO - Filling up the DagBag from /home/airflow/.local/lib/python3.7/site-packages/airflow/example_dags/example_branch_day_of_week_operator.py
[2023-02-19T17:00:46.125+0000] {processor.py:753} INFO - DAG(s) dict_keys(['example_weekday_branch_operator']) retrieved from /home/airflow/.local/lib/python3.7/site-packages/airflow/example_dags/example_branch_day_of_week_operator.py
[2023-02-19T17:00:46.229+0000] {logging_mixin.py:137} INFO - [2023-02-19T17:00:46.228+0000] {dag.py:2676} INFO - Sync 1 DAGs
[2023-02-19T17:00:46.290+0000] {logging_mixin.py:137} INFO - [2023-02-19T17:00:46.290+0000] {dag.py:3427} INFO - Setting next_dagrun for example_weekday_branch_operator to 2023-02-18T00:00:00+00:00, run_after=2023-02-19T00:00:00+00:00
[2023-02-19T17:00:46.334+0000] {processor.py:175} INFO - Processing /home/airflow/.local/lib/python3.7/site-packages/airflow/example_dags/example_branch_day_of_week_operator.py took 0.245 seconds
[2023-02-19T17:01:17.625+0000] {processor.py:153} INFO - Started process (PID=1531) to work on /home/airflow/.local/lib/python3.7/site-packages/airflow/example_dags/example_branch_day_of_week_operator.py
[2023-02-19T17:01:17.627+0000] {processor.py:743} INFO - Processing file /home/airflow/.local/lib/python3.7/site-packages/airflow/example_dags/example_branch_day_of_week_operator.py for tasks to queue
[2023-02-19T17:01:17.628+0000] {logging_mixin.py:137} INFO - [2023-02-19T17:01:17.628+0000] {dagbag.py:538} INFO - Filling up the DagBag from /home/airflow/.local/lib/python3.7/site-packages/airflow/example_dags/example_branch_day_of_week_operator.py
[2023-02-19T17:01:17.647+0000] {processor.py:753} INFO - DAG(s) dict_keys(['example_weekday_branch_operator']) retrieved from /home/airflow/.local/lib/python3.7/site-packages/airflow/example_dags/example_branch_day_of_week_operator.py
[2023-02-19T17:01:17.690+0000] {logging_mixin.py:137} INFO - [2023-02-19T17:01:17.690+0000] {dag.py:2676} INFO - Sync 1 DAGs
[2023-02-19T17:01:17.722+0000] {logging_mixin.py:137} INFO - [2023-02-19T17:01:17.722+0000] {dag.py:3427} INFO - Setting next_dagrun for example_weekday_branch_operator to 2023-02-18T00:00:00+00:00, run_after=2023-02-19T00:00:00+00:00
[2023-02-19T17:01:17.742+0000] {processor.py:175} INFO - Processing /home/airflow/.local/lib/python3.7/site-packages/airflow/example_dags/example_branch_day_of_week_operator.py took 0.122 seconds
[2023-02-19T17:01:48.769+0000] {processor.py:153} INFO - Started process (PID=1620) to work on /home/airflow/.local/lib/python3.7/site-packages/airflow/example_dags/example_branch_day_of_week_operator.py
[2023-02-19T17:01:48.771+0000] {processor.py:743} INFO - Processing file /home/airflow/.local/lib/python3.7/site-packages/airflow/example_dags/example_branch_day_of_week_operator.py for tasks to queue
[2023-02-19T17:01:48.773+0000] {logging_mixin.py:137} INFO - [2023-02-19T17:01:48.773+0000] {dagbag.py:538} INFO - Filling up the DagBag from /home/airflow/.local/lib/python3.7/site-packages/airflow/example_dags/example_branch_day_of_week_operator.py
[2023-02-19T17:01:48.792+0000] {processor.py:753} INFO - DAG(s) dict_keys(['example_weekday_branch_operator']) retrieved from /home/airflow/.local/lib/python3.7/site-packages/airflow/example_dags/example_branch_day_of_week_operator.py
[2023-02-19T17:01:48.833+0000] {logging_mixin.py:137} INFO - [2023-02-19T17:01:48.833+0000] {dag.py:2676} INFO - Sync 1 DAGs
[2023-02-19T17:01:48.862+0000] {logging_mixin.py:137} INFO - [2023-02-19T17:01:48.862+0000] {dag.py:3427} INFO - Setting next_dagrun for example_weekday_branch_operator to 2023-02-18T00:00:00+00:00, run_after=2023-02-19T00:00:00+00:00
[2023-02-19T17:01:48.881+0000] {processor.py:175} INFO - Processing /home/airflow/.local/lib/python3.7/site-packages/airflow/example_dags/example_branch_day_of_week_operator.py took 0.116 seconds
[2023-02-19T17:02:19.853+0000] {processor.py:153} INFO - Started process (PID=1718) to work on /home/airflow/.local/lib/python3.7/site-packages/airflow/example_dags/example_branch_day_of_week_operator.py
[2023-02-19T17:02:19.856+0000] {processor.py:743} INFO - Processing file /home/airflow/.local/lib/python3.7/site-packages/airflow/example_dags/example_branch_day_of_week_operator.py for tasks to queue
[2023-02-19T17:02:19.859+0000] {logging_mixin.py:137} INFO - [2023-02-19T17:02:19.859+0000] {dagbag.py:538} INFO - Filling up the DagBag from /home/airflow/.local/lib/python3.7/site-packages/airflow/example_dags/example_branch_day_of_week_operator.py
[2023-02-19T17:02:19.882+0000] {processor.py:753} INFO - DAG(s) dict_keys(['example_weekday_branch_operator']) retrieved from /home/airflow/.local/lib/python3.7/site-packages/airflow/example_dags/example_branch_day_of_week_operator.py
[2023-02-19T17:02:19.928+0000] {logging_mixin.py:137} INFO - [2023-02-19T17:02:19.928+0000] {dag.py:2676} INFO - Sync 1 DAGs
[2023-02-19T17:02:19.960+0000] {logging_mixin.py:137} INFO - [2023-02-19T17:02:19.960+0000] {dag.py:3427} INFO - Setting next_dagrun for example_weekday_branch_operator to 2023-02-18T00:00:00+00:00, run_after=2023-02-19T00:00:00+00:00
[2023-02-19T17:02:19.984+0000] {processor.py:175} INFO - Processing /home/airflow/.local/lib/python3.7/site-packages/airflow/example_dags/example_branch_day_of_week_operator.py took 0.135 seconds
[2023-02-19T17:02:51.294+0000] {processor.py:153} INFO - Started process (PID=1800) to work on /home/airflow/.local/lib/python3.7/site-packages/airflow/example_dags/example_branch_day_of_week_operator.py
[2023-02-19T17:02:51.298+0000] {processor.py:743} INFO - Processing file /home/airflow/.local/lib/python3.7/site-packages/airflow/example_dags/example_branch_day_of_week_operator.py for tasks to queue
[2023-02-19T17:02:51.300+0000] {logging_mixin.py:137} INFO - [2023-02-19T17:02:51.300+0000] {dagbag.py:538} INFO - Filling up the DagBag from /home/airflow/.local/lib/python3.7/site-packages/airflow/example_dags/example_branch_day_of_week_operator.py
[2023-02-19T17:02:51.327+0000] {processor.py:753} INFO - DAG(s) dict_keys(['example_weekday_branch_operator']) retrieved from /home/airflow/.local/lib/python3.7/site-packages/airflow/example_dags/example_branch_day_of_week_operator.py
[2023-02-19T17:02:51.386+0000] {logging_mixin.py:137} INFO - [2023-02-19T17:02:51.386+0000] {dag.py:2676} INFO - Sync 1 DAGs
[2023-02-19T17:02:51.426+0000] {logging_mixin.py:137} INFO - [2023-02-19T17:02:51.426+0000] {dag.py:3427} INFO - Setting next_dagrun for example_weekday_branch_operator to 2023-02-18T00:00:00+00:00, run_after=2023-02-19T00:00:00+00:00
[2023-02-19T17:02:51.455+0000] {processor.py:175} INFO - Processing /home/airflow/.local/lib/python3.7/site-packages/airflow/example_dags/example_branch_day_of_week_operator.py took 0.166 seconds
[2023-02-19T17:03:22.884+0000] {processor.py:153} INFO - Started process (PID=1898) to work on /home/airflow/.local/lib/python3.7/site-packages/airflow/example_dags/example_branch_day_of_week_operator.py
[2023-02-19T17:03:22.886+0000] {processor.py:743} INFO - Processing file /home/airflow/.local/lib/python3.7/site-packages/airflow/example_dags/example_branch_day_of_week_operator.py for tasks to queue
[2023-02-19T17:03:22.888+0000] {logging_mixin.py:137} INFO - [2023-02-19T17:03:22.888+0000] {dagbag.py:538} INFO - Filling up the DagBag from /home/airflow/.local/lib/python3.7/site-packages/airflow/example_dags/example_branch_day_of_week_operator.py
[2023-02-19T17:03:22.910+0000] {processor.py:753} INFO - DAG(s) dict_keys(['example_weekday_branch_operator']) retrieved from /home/airflow/.local/lib/python3.7/site-packages/airflow/example_dags/example_branch_day_of_week_operator.py
[2023-02-19T17:03:22.961+0000] {logging_mixin.py:137} INFO - [2023-02-19T17:03:22.961+0000] {dag.py:2676} INFO - Sync 1 DAGs
[2023-02-19T17:03:23.001+0000] {logging_mixin.py:137} INFO - [2023-02-19T17:03:23.001+0000] {dag.py:3427} INFO - Setting next_dagrun for example_weekday_branch_operator to 2023-02-18T00:00:00+00:00, run_after=2023-02-19T00:00:00+00:00
[2023-02-19T17:03:23.029+0000] {processor.py:175} INFO - Processing /home/airflow/.local/lib/python3.7/site-packages/airflow/example_dags/example_branch_day_of_week_operator.py took 0.149 seconds
[2023-02-19T17:03:54.135+0000] {processor.py:153} INFO - Started process (PID=1980) to work on /home/airflow/.local/lib/python3.7/site-packages/airflow/example_dags/example_branch_day_of_week_operator.py
[2023-02-19T17:03:54.139+0000] {processor.py:743} INFO - Processing file /home/airflow/.local/lib/python3.7/site-packages/airflow/example_dags/example_branch_day_of_week_operator.py for tasks to queue
[2023-02-19T17:03:54.141+0000] {logging_mixin.py:137} INFO - [2023-02-19T17:03:54.141+0000] {dagbag.py:538} INFO - Filling up the DagBag from /home/airflow/.local/lib/python3.7/site-packages/airflow/example_dags/example_branch_day_of_week_operator.py
[2023-02-19T17:03:54.163+0000] {processor.py:753} INFO - DAG(s) dict_keys(['example_weekday_branch_operator']) retrieved from /home/airflow/.local/lib/python3.7/site-packages/airflow/example_dags/example_branch_day_of_week_operator.py
[2023-02-19T17:03:54.208+0000] {logging_mixin.py:137} INFO - [2023-02-19T17:03:54.208+0000] {dag.py:2676} INFO - Sync 1 DAGs
[2023-02-19T17:03:54.243+0000] {logging_mixin.py:137} INFO - [2023-02-19T17:03:54.243+0000] {dag.py:3427} INFO - Setting next_dagrun for example_weekday_branch_operator to 2023-02-18T00:00:00+00:00, run_after=2023-02-19T00:00:00+00:00
[2023-02-19T17:03:54.270+0000] {processor.py:175} INFO - Processing /home/airflow/.local/lib/python3.7/site-packages/airflow/example_dags/example_branch_day_of_week_operator.py took 0.141 seconds
[2023-02-19T17:04:25.555+0000] {processor.py:153} INFO - Started process (PID=2078) to work on /home/airflow/.local/lib/python3.7/site-packages/airflow/example_dags/example_branch_day_of_week_operator.py
[2023-02-19T17:04:25.558+0000] {processor.py:743} INFO - Processing file /home/airflow/.local/lib/python3.7/site-packages/airflow/example_dags/example_branch_day_of_week_operator.py for tasks to queue
[2023-02-19T17:04:25.559+0000] {logging_mixin.py:137} INFO - [2023-02-19T17:04:25.559+0000] {dagbag.py:538} INFO - Filling up the DagBag from /home/airflow/.local/lib/python3.7/site-packages/airflow/example_dags/example_branch_day_of_week_operator.py
[2023-02-19T17:04:25.583+0000] {processor.py:753} INFO - DAG(s) dict_keys(['example_weekday_branch_operator']) retrieved from /home/airflow/.local/lib/python3.7/site-packages/airflow/example_dags/example_branch_day_of_week_operator.py
[2023-02-19T17:04:25.634+0000] {logging_mixin.py:137} INFO - [2023-02-19T17:04:25.633+0000] {dag.py:2676} INFO - Sync 1 DAGs
[2023-02-19T17:04:25.681+0000] {logging_mixin.py:137} INFO - [2023-02-19T17:04:25.681+0000] {dag.py:3427} INFO - Setting next_dagrun for example_weekday_branch_operator to 2023-02-18T00:00:00+00:00, run_after=2023-02-19T00:00:00+00:00
[2023-02-19T17:04:25.711+0000] {processor.py:175} INFO - Processing /home/airflow/.local/lib/python3.7/site-packages/airflow/example_dags/example_branch_day_of_week_operator.py took 0.161 seconds
[2023-02-19T17:04:56.473+0000] {processor.py:153} INFO - Started process (PID=2160) to work on /home/airflow/.local/lib/python3.7/site-packages/airflow/example_dags/example_branch_day_of_week_operator.py
[2023-02-19T17:04:56.476+0000] {processor.py:743} INFO - Processing file /home/airflow/.local/lib/python3.7/site-packages/airflow/example_dags/example_branch_day_of_week_operator.py for tasks to queue
[2023-02-19T17:04:56.478+0000] {logging_mixin.py:137} INFO - [2023-02-19T17:04:56.478+0000] {dagbag.py:538} INFO - Filling up the DagBag from /home/airflow/.local/lib/python3.7/site-packages/airflow/example_dags/example_branch_day_of_week_operator.py
[2023-02-19T17:04:56.504+0000] {processor.py:753} INFO - DAG(s) dict_keys(['example_weekday_branch_operator']) retrieved from /home/airflow/.local/lib/python3.7/site-packages/airflow/example_dags/example_branch_day_of_week_operator.py
[2023-02-19T17:04:56.555+0000] {logging_mixin.py:137} INFO - [2023-02-19T17:04:56.554+0000] {dag.py:2676} INFO - Sync 1 DAGs
[2023-02-19T17:04:56.587+0000] {logging_mixin.py:137} INFO - [2023-02-19T17:04:56.586+0000] {dag.py:3427} INFO - Setting next_dagrun for example_weekday_branch_operator to 2023-02-18T00:00:00+00:00, run_after=2023-02-19T00:00:00+00:00
[2023-02-19T17:04:56.607+0000] {processor.py:175} INFO - Processing /home/airflow/.local/lib/python3.7/site-packages/airflow/example_dags/example_branch_day_of_week_operator.py took 0.138 seconds
[2023-02-19T17:05:27.382+0000] {processor.py:153} INFO - Started process (PID=2258) to work on /home/airflow/.local/lib/python3.7/site-packages/airflow/example_dags/example_branch_day_of_week_operator.py
[2023-02-19T17:05:27.385+0000] {processor.py:743} INFO - Processing file /home/airflow/.local/lib/python3.7/site-packages/airflow/example_dags/example_branch_day_of_week_operator.py for tasks to queue
[2023-02-19T17:05:27.387+0000] {logging_mixin.py:137} INFO - [2023-02-19T17:05:27.387+0000] {dagbag.py:538} INFO - Filling up the DagBag from /home/airflow/.local/lib/python3.7/site-packages/airflow/example_dags/example_branch_day_of_week_operator.py
[2023-02-19T17:05:27.410+0000] {processor.py:753} INFO - DAG(s) dict_keys(['example_weekday_branch_operator']) retrieved from /home/airflow/.local/lib/python3.7/site-packages/airflow/example_dags/example_branch_day_of_week_operator.py
[2023-02-19T17:05:27.457+0000] {logging_mixin.py:137} INFO - [2023-02-19T17:05:27.457+0000] {dag.py:2676} INFO - Sync 1 DAGs
[2023-02-19T17:05:27.489+0000] {logging_mixin.py:137} INFO - [2023-02-19T17:05:27.489+0000] {dag.py:3427} INFO - Setting next_dagrun for example_weekday_branch_operator to 2023-02-18T00:00:00+00:00, run_after=2023-02-19T00:00:00+00:00
[2023-02-19T17:05:27.510+0000] {processor.py:175} INFO - Processing /home/airflow/.local/lib/python3.7/site-packages/airflow/example_dags/example_branch_day_of_week_operator.py took 0.133 seconds
[2023-02-19T17:05:58.623+0000] {processor.py:153} INFO - Started process (PID=2340) to work on /home/airflow/.local/lib/python3.7/site-packages/airflow/example_dags/example_branch_day_of_week_operator.py
[2023-02-19T17:05:58.626+0000] {processor.py:743} INFO - Processing file /home/airflow/.local/lib/python3.7/site-packages/airflow/example_dags/example_branch_day_of_week_operator.py for tasks to queue
[2023-02-19T17:05:58.627+0000] {logging_mixin.py:137} INFO - [2023-02-19T17:05:58.627+0000] {dagbag.py:538} INFO - Filling up the DagBag from /home/airflow/.local/lib/python3.7/site-packages/airflow/example_dags/example_branch_day_of_week_operator.py
[2023-02-19T17:05:58.652+0000] {processor.py:753} INFO - DAG(s) dict_keys(['example_weekday_branch_operator']) retrieved from /home/airflow/.local/lib/python3.7/site-packages/airflow/example_dags/example_branch_day_of_week_operator.py
[2023-02-19T17:05:58.708+0000] {logging_mixin.py:137} INFO - [2023-02-19T17:05:58.708+0000] {dag.py:2676} INFO - Sync 1 DAGs
[2023-02-19T17:05:58.745+0000] {logging_mixin.py:137} INFO - [2023-02-19T17:05:58.745+0000] {dag.py:3427} INFO - Setting next_dagrun for example_weekday_branch_operator to 2023-02-18T00:00:00+00:00, run_after=2023-02-19T00:00:00+00:00
[2023-02-19T17:05:58.774+0000] {processor.py:175} INFO - Processing /home/airflow/.local/lib/python3.7/site-packages/airflow/example_dags/example_branch_day_of_week_operator.py took 0.157 seconds
[2023-02-19T17:06:29.613+0000] {processor.py:153} INFO - Started process (PID=2439) to work on /home/airflow/.local/lib/python3.7/site-packages/airflow/example_dags/example_branch_day_of_week_operator.py
[2023-02-19T17:06:29.616+0000] {processor.py:743} INFO - Processing file /home/airflow/.local/lib/python3.7/site-packages/airflow/example_dags/example_branch_day_of_week_operator.py for tasks to queue
[2023-02-19T17:06:29.618+0000] {logging_mixin.py:137} INFO - [2023-02-19T17:06:29.618+0000] {dagbag.py:538} INFO - Filling up the DagBag from /home/airflow/.local/lib/python3.7/site-packages/airflow/example_dags/example_branch_day_of_week_operator.py
[2023-02-19T17:06:29.641+0000] {processor.py:753} INFO - DAG(s) dict_keys(['example_weekday_branch_operator']) retrieved from /home/airflow/.local/lib/python3.7/site-packages/airflow/example_dags/example_branch_day_of_week_operator.py
[2023-02-19T17:06:29.690+0000] {logging_mixin.py:137} INFO - [2023-02-19T17:06:29.690+0000] {dag.py:2676} INFO - Sync 1 DAGs
[2023-02-19T17:06:29.719+0000] {logging_mixin.py:137} INFO - [2023-02-19T17:06:29.719+0000] {dag.py:3427} INFO - Setting next_dagrun for example_weekday_branch_operator to 2023-02-18T00:00:00+00:00, run_after=2023-02-19T00:00:00+00:00
[2023-02-19T17:06:29.791+0000] {processor.py:175} INFO - Processing /home/airflow/.local/lib/python3.7/site-packages/airflow/example_dags/example_branch_day_of_week_operator.py took 0.183 seconds
