[2023-02-19T16:52:56.072+0000] {processor.py:153} INFO - Started process (PID=82) to work on /home/airflow/.local/lib/python3.7/site-packages/airflow/example_dags/example_sensors.py
[2023-02-19T16:52:56.074+0000] {processor.py:743} INFO - Processing file /home/airflow/.local/lib/python3.7/site-packages/airflow/example_dags/example_sensors.py for tasks to queue
[2023-02-19T16:52:56.076+0000] {logging_mixin.py:137} INFO - [2023-02-19T16:52:56.076+0000] {dagbag.py:538} INFO - Filling up the DagBag from /home/airflow/.local/lib/python3.7/site-packages/airflow/example_dags/example_sensors.py
[2023-02-19T16:52:56.109+0000] {processor.py:753} INFO - DAG(s) dict_keys(['example_sensors']) retrieved from /home/airflow/.local/lib/python3.7/site-packages/airflow/example_dags/example_sensors.py
[2023-02-19T16:52:56.155+0000] {logging_mixin.py:137} INFO - [2023-02-19T16:52:56.155+0000] {dag.py:2676} INFO - Sync 1 DAGs
[2023-02-19T16:52:56.183+0000] {logging_mixin.py:137} INFO - [2023-02-19T16:52:56.183+0000] {dag.py:3427} INFO - Setting next_dagrun for example_sensors to None, run_after=None
[2023-02-19T16:52:56.205+0000] {processor.py:175} INFO - Processing /home/airflow/.local/lib/python3.7/site-packages/airflow/example_dags/example_sensors.py took 0.138 seconds
[2023-02-19T16:53:27.241+0000] {processor.py:153} INFO - Started process (PID=180) to work on /home/airflow/.local/lib/python3.7/site-packages/airflow/example_dags/example_sensors.py
[2023-02-19T16:53:27.245+0000] {processor.py:743} INFO - Processing file /home/airflow/.local/lib/python3.7/site-packages/airflow/example_dags/example_sensors.py for tasks to queue
[2023-02-19T16:53:27.249+0000] {logging_mixin.py:137} INFO - [2023-02-19T16:53:27.248+0000] {dagbag.py:538} INFO - Filling up the DagBag from /home/airflow/.local/lib/python3.7/site-packages/airflow/example_dags/example_sensors.py
[2023-02-19T16:53:27.290+0000] {processor.py:753} INFO - DAG(s) dict_keys(['example_sensors']) retrieved from /home/airflow/.local/lib/python3.7/site-packages/airflow/example_dags/example_sensors.py
[2023-02-19T16:53:27.414+0000] {logging_mixin.py:137} INFO - [2023-02-19T16:53:27.413+0000] {dag.py:2676} INFO - Sync 1 DAGs
[2023-02-19T16:53:27.480+0000] {logging_mixin.py:137} INFO - [2023-02-19T16:53:27.480+0000] {dag.py:3427} INFO - Setting next_dagrun for example_sensors to None, run_after=None
[2023-02-19T16:53:27.524+0000] {processor.py:175} INFO - Processing /home/airflow/.local/lib/python3.7/site-packages/airflow/example_dags/example_sensors.py took 0.290 seconds
[2023-02-19T16:53:58.059+0000] {processor.py:153} INFO - Started process (PID=262) to work on /home/airflow/.local/lib/python3.7/site-packages/airflow/example_dags/example_sensors.py
[2023-02-19T16:53:58.062+0000] {processor.py:743} INFO - Processing file /home/airflow/.local/lib/python3.7/site-packages/airflow/example_dags/example_sensors.py for tasks to queue
[2023-02-19T16:53:58.065+0000] {logging_mixin.py:137} INFO - [2023-02-19T16:53:58.064+0000] {dagbag.py:538} INFO - Filling up the DagBag from /home/airflow/.local/lib/python3.7/site-packages/airflow/example_dags/example_sensors.py
[2023-02-19T16:53:58.093+0000] {processor.py:753} INFO - DAG(s) dict_keys(['example_sensors']) retrieved from /home/airflow/.local/lib/python3.7/site-packages/airflow/example_dags/example_sensors.py
[2023-02-19T16:53:58.144+0000] {logging_mixin.py:137} INFO - [2023-02-19T16:53:58.144+0000] {dag.py:2676} INFO - Sync 1 DAGs
[2023-02-19T16:53:58.172+0000] {logging_mixin.py:137} INFO - [2023-02-19T16:53:58.172+0000] {dag.py:3427} INFO - Setting next_dagrun for example_sensors to None, run_after=None
[2023-02-19T16:53:58.194+0000] {processor.py:175} INFO - Processing /home/airflow/.local/lib/python3.7/site-packages/airflow/example_dags/example_sensors.py took 0.139 seconds
[2023-02-19T16:54:29.856+0000] {processor.py:153} INFO - Started process (PID=360) to work on /home/airflow/.local/lib/python3.7/site-packages/airflow/example_dags/example_sensors.py
[2023-02-19T16:54:29.875+0000] {processor.py:743} INFO - Processing file /home/airflow/.local/lib/python3.7/site-packages/airflow/example_dags/example_sensors.py for tasks to queue
[2023-02-19T16:54:29.879+0000] {logging_mixin.py:137} INFO - [2023-02-19T16:54:29.878+0000] {dagbag.py:538} INFO - Filling up the DagBag from /home/airflow/.local/lib/python3.7/site-packages/airflow/example_dags/example_sensors.py
[2023-02-19T16:54:29.903+0000] {processor.py:753} INFO - DAG(s) dict_keys(['example_sensors']) retrieved from /home/airflow/.local/lib/python3.7/site-packages/airflow/example_dags/example_sensors.py
[2023-02-19T16:54:29.947+0000] {logging_mixin.py:137} INFO - [2023-02-19T16:54:29.947+0000] {dag.py:2676} INFO - Sync 1 DAGs
[2023-02-19T16:54:29.976+0000] {logging_mixin.py:137} INFO - [2023-02-19T16:54:29.976+0000] {dag.py:3427} INFO - Setting next_dagrun for example_sensors to None, run_after=None
[2023-02-19T16:54:29.997+0000] {processor.py:175} INFO - Processing /home/airflow/.local/lib/python3.7/site-packages/airflow/example_dags/example_sensors.py took 0.146 seconds
[2023-02-19T16:55:00.776+0000] {processor.py:153} INFO - Started process (PID=442) to work on /home/airflow/.local/lib/python3.7/site-packages/airflow/example_dags/example_sensors.py
[2023-02-19T16:55:00.778+0000] {processor.py:743} INFO - Processing file /home/airflow/.local/lib/python3.7/site-packages/airflow/example_dags/example_sensors.py for tasks to queue
[2023-02-19T16:55:00.779+0000] {logging_mixin.py:137} INFO - [2023-02-19T16:55:00.779+0000] {dagbag.py:538} INFO - Filling up the DagBag from /home/airflow/.local/lib/python3.7/site-packages/airflow/example_dags/example_sensors.py
[2023-02-19T16:55:00.803+0000] {processor.py:753} INFO - DAG(s) dict_keys(['example_sensors']) retrieved from /home/airflow/.local/lib/python3.7/site-packages/airflow/example_dags/example_sensors.py
[2023-02-19T16:55:00.850+0000] {logging_mixin.py:137} INFO - [2023-02-19T16:55:00.849+0000] {dag.py:2676} INFO - Sync 1 DAGs
[2023-02-19T16:55:00.879+0000] {logging_mixin.py:137} INFO - [2023-02-19T16:55:00.879+0000] {dag.py:3427} INFO - Setting next_dagrun for example_sensors to None, run_after=None
[2023-02-19T16:55:00.903+0000] {processor.py:175} INFO - Processing /home/airflow/.local/lib/python3.7/site-packages/airflow/example_dags/example_sensors.py took 0.132 seconds
[2023-02-19T16:55:32.513+0000] {processor.py:153} INFO - Started process (PID=540) to work on /home/airflow/.local/lib/python3.7/site-packages/airflow/example_dags/example_sensors.py
[2023-02-19T16:55:32.515+0000] {processor.py:743} INFO - Processing file /home/airflow/.local/lib/python3.7/site-packages/airflow/example_dags/example_sensors.py for tasks to queue
[2023-02-19T16:55:32.517+0000] {logging_mixin.py:137} INFO - [2023-02-19T16:55:32.516+0000] {dagbag.py:538} INFO - Filling up the DagBag from /home/airflow/.local/lib/python3.7/site-packages/airflow/example_dags/example_sensors.py
[2023-02-19T16:55:32.547+0000] {processor.py:753} INFO - DAG(s) dict_keys(['example_sensors']) retrieved from /home/airflow/.local/lib/python3.7/site-packages/airflow/example_dags/example_sensors.py
[2023-02-19T16:55:32.611+0000] {logging_mixin.py:137} INFO - [2023-02-19T16:55:32.611+0000] {dag.py:2676} INFO - Sync 1 DAGs
[2023-02-19T16:55:32.648+0000] {logging_mixin.py:137} INFO - [2023-02-19T16:55:32.648+0000] {dag.py:3427} INFO - Setting next_dagrun for example_sensors to None, run_after=None
[2023-02-19T16:55:32.674+0000] {processor.py:175} INFO - Processing /home/airflow/.local/lib/python3.7/site-packages/airflow/example_dags/example_sensors.py took 0.166 seconds
[2023-02-19T16:56:03.928+0000] {processor.py:153} INFO - Started process (PID=622) to work on /home/airflow/.local/lib/python3.7/site-packages/airflow/example_dags/example_sensors.py
[2023-02-19T16:56:03.931+0000] {processor.py:743} INFO - Processing file /home/airflow/.local/lib/python3.7/site-packages/airflow/example_dags/example_sensors.py for tasks to queue
[2023-02-19T16:56:03.933+0000] {logging_mixin.py:137} INFO - [2023-02-19T16:56:03.932+0000] {dagbag.py:538} INFO - Filling up the DagBag from /home/airflow/.local/lib/python3.7/site-packages/airflow/example_dags/example_sensors.py
[2023-02-19T16:56:03.963+0000] {processor.py:753} INFO - DAG(s) dict_keys(['example_sensors']) retrieved from /home/airflow/.local/lib/python3.7/site-packages/airflow/example_dags/example_sensors.py
[2023-02-19T16:56:04.018+0000] {logging_mixin.py:137} INFO - [2023-02-19T16:56:04.017+0000] {dag.py:2676} INFO - Sync 1 DAGs
[2023-02-19T16:56:04.054+0000] {logging_mixin.py:137} INFO - [2023-02-19T16:56:04.053+0000] {dag.py:3427} INFO - Setting next_dagrun for example_sensors to None, run_after=None
[2023-02-19T16:56:04.082+0000] {processor.py:175} INFO - Processing /home/airflow/.local/lib/python3.7/site-packages/airflow/example_dags/example_sensors.py took 0.160 seconds
[2023-02-19T16:56:35.133+0000] {processor.py:153} INFO - Started process (PID=720) to work on /home/airflow/.local/lib/python3.7/site-packages/airflow/example_dags/example_sensors.py
[2023-02-19T16:56:35.135+0000] {processor.py:743} INFO - Processing file /home/airflow/.local/lib/python3.7/site-packages/airflow/example_dags/example_sensors.py for tasks to queue
[2023-02-19T16:56:35.136+0000] {logging_mixin.py:137} INFO - [2023-02-19T16:56:35.136+0000] {dagbag.py:538} INFO - Filling up the DagBag from /home/airflow/.local/lib/python3.7/site-packages/airflow/example_dags/example_sensors.py
[2023-02-19T16:56:35.160+0000] {processor.py:753} INFO - DAG(s) dict_keys(['example_sensors']) retrieved from /home/airflow/.local/lib/python3.7/site-packages/airflow/example_dags/example_sensors.py
[2023-02-19T16:56:35.214+0000] {logging_mixin.py:137} INFO - [2023-02-19T16:56:35.214+0000] {dag.py:2676} INFO - Sync 1 DAGs
[2023-02-19T16:56:35.245+0000] {logging_mixin.py:137} INFO - [2023-02-19T16:56:35.245+0000] {dag.py:3427} INFO - Setting next_dagrun for example_sensors to None, run_after=None
[2023-02-19T16:56:35.265+0000] {processor.py:175} INFO - Processing /home/airflow/.local/lib/python3.7/site-packages/airflow/example_dags/example_sensors.py took 0.137 seconds
[2023-02-19T16:57:06.319+0000] {processor.py:153} INFO - Started process (PID=802) to work on /home/airflow/.local/lib/python3.7/site-packages/airflow/example_dags/example_sensors.py
[2023-02-19T16:57:06.322+0000] {processor.py:743} INFO - Processing file /home/airflow/.local/lib/python3.7/site-packages/airflow/example_dags/example_sensors.py for tasks to queue
[2023-02-19T16:57:06.326+0000] {logging_mixin.py:137} INFO - [2023-02-19T16:57:06.325+0000] {dagbag.py:538} INFO - Filling up the DagBag from /home/airflow/.local/lib/python3.7/site-packages/airflow/example_dags/example_sensors.py
[2023-02-19T16:57:06.395+0000] {processor.py:753} INFO - DAG(s) dict_keys(['example_sensors']) retrieved from /home/airflow/.local/lib/python3.7/site-packages/airflow/example_dags/example_sensors.py
[2023-02-19T16:57:06.471+0000] {logging_mixin.py:137} INFO - [2023-02-19T16:57:06.471+0000] {dag.py:2676} INFO - Sync 1 DAGs
[2023-02-19T16:57:06.505+0000] {logging_mixin.py:137} INFO - [2023-02-19T16:57:06.505+0000] {dag.py:3427} INFO - Setting next_dagrun for example_sensors to None, run_after=None
[2023-02-19T16:57:06.533+0000] {processor.py:175} INFO - Processing /home/airflow/.local/lib/python3.7/site-packages/airflow/example_dags/example_sensors.py took 0.223 seconds
[2023-02-19T16:57:38.035+0000] {processor.py:153} INFO - Started process (PID=900) to work on /home/airflow/.local/lib/python3.7/site-packages/airflow/example_dags/example_sensors.py
[2023-02-19T16:57:38.037+0000] {processor.py:743} INFO - Processing file /home/airflow/.local/lib/python3.7/site-packages/airflow/example_dags/example_sensors.py for tasks to queue
[2023-02-19T16:57:38.039+0000] {logging_mixin.py:137} INFO - [2023-02-19T16:57:38.039+0000] {dagbag.py:538} INFO - Filling up the DagBag from /home/airflow/.local/lib/python3.7/site-packages/airflow/example_dags/example_sensors.py
[2023-02-19T16:57:38.070+0000] {processor.py:753} INFO - DAG(s) dict_keys(['example_sensors']) retrieved from /home/airflow/.local/lib/python3.7/site-packages/airflow/example_dags/example_sensors.py
[2023-02-19T16:57:38.118+0000] {logging_mixin.py:137} INFO - [2023-02-19T16:57:38.118+0000] {dag.py:2676} INFO - Sync 1 DAGs
[2023-02-19T16:57:38.148+0000] {logging_mixin.py:137} INFO - [2023-02-19T16:57:38.147+0000] {dag.py:3427} INFO - Setting next_dagrun for example_sensors to None, run_after=None
[2023-02-19T16:57:38.167+0000] {processor.py:175} INFO - Processing /home/airflow/.local/lib/python3.7/site-packages/airflow/example_dags/example_sensors.py took 0.137 seconds
[2023-02-19T16:58:09.188+0000] {processor.py:153} INFO - Started process (PID=982) to work on /home/airflow/.local/lib/python3.7/site-packages/airflow/example_dags/example_sensors.py
[2023-02-19T16:58:09.190+0000] {processor.py:743} INFO - Processing file /home/airflow/.local/lib/python3.7/site-packages/airflow/example_dags/example_sensors.py for tasks to queue
[2023-02-19T16:58:09.192+0000] {logging_mixin.py:137} INFO - [2023-02-19T16:58:09.192+0000] {dagbag.py:538} INFO - Filling up the DagBag from /home/airflow/.local/lib/python3.7/site-packages/airflow/example_dags/example_sensors.py
[2023-02-19T16:58:09.224+0000] {processor.py:753} INFO - DAG(s) dict_keys(['example_sensors']) retrieved from /home/airflow/.local/lib/python3.7/site-packages/airflow/example_dags/example_sensors.py
[2023-02-19T16:58:09.275+0000] {logging_mixin.py:137} INFO - [2023-02-19T16:58:09.275+0000] {dag.py:2676} INFO - Sync 1 DAGs
[2023-02-19T16:58:09.303+0000] {logging_mixin.py:137} INFO - [2023-02-19T16:58:09.303+0000] {dag.py:3427} INFO - Setting next_dagrun for example_sensors to None, run_after=None
[2023-02-19T16:58:09.323+0000] {processor.py:175} INFO - Processing /home/airflow/.local/lib/python3.7/site-packages/airflow/example_dags/example_sensors.py took 0.142 seconds
[2023-02-19T16:58:40.614+0000] {processor.py:153} INFO - Started process (PID=1080) to work on /home/airflow/.local/lib/python3.7/site-packages/airflow/example_dags/example_sensors.py
[2023-02-19T16:58:40.616+0000] {processor.py:743} INFO - Processing file /home/airflow/.local/lib/python3.7/site-packages/airflow/example_dags/example_sensors.py for tasks to queue
[2023-02-19T16:58:40.617+0000] {logging_mixin.py:137} INFO - [2023-02-19T16:58:40.617+0000] {dagbag.py:538} INFO - Filling up the DagBag from /home/airflow/.local/lib/python3.7/site-packages/airflow/example_dags/example_sensors.py
[2023-02-19T16:58:40.642+0000] {processor.py:753} INFO - DAG(s) dict_keys(['example_sensors']) retrieved from /home/airflow/.local/lib/python3.7/site-packages/airflow/example_dags/example_sensors.py
[2023-02-19T16:58:40.695+0000] {logging_mixin.py:137} INFO - [2023-02-19T16:58:40.695+0000] {dag.py:2676} INFO - Sync 1 DAGs
[2023-02-19T16:58:40.732+0000] {logging_mixin.py:137} INFO - [2023-02-19T16:58:40.732+0000] {dag.py:3427} INFO - Setting next_dagrun for example_sensors to None, run_after=None
[2023-02-19T16:58:40.754+0000] {processor.py:175} INFO - Processing /home/airflow/.local/lib/python3.7/site-packages/airflow/example_dags/example_sensors.py took 0.145 seconds
[2023-02-19T16:59:12.064+0000] {processor.py:153} INFO - Started process (PID=1168) to work on /home/airflow/.local/lib/python3.7/site-packages/airflow/example_dags/example_sensors.py
[2023-02-19T16:59:12.066+0000] {processor.py:743} INFO - Processing file /home/airflow/.local/lib/python3.7/site-packages/airflow/example_dags/example_sensors.py for tasks to queue
[2023-02-19T16:59:12.067+0000] {logging_mixin.py:137} INFO - [2023-02-19T16:59:12.067+0000] {dagbag.py:538} INFO - Filling up the DagBag from /home/airflow/.local/lib/python3.7/site-packages/airflow/example_dags/example_sensors.py
[2023-02-19T16:59:12.090+0000] {processor.py:753} INFO - DAG(s) dict_keys(['example_sensors']) retrieved from /home/airflow/.local/lib/python3.7/site-packages/airflow/example_dags/example_sensors.py
[2023-02-19T16:59:12.137+0000] {logging_mixin.py:137} INFO - [2023-02-19T16:59:12.136+0000] {dag.py:2676} INFO - Sync 1 DAGs
[2023-02-19T16:59:12.165+0000] {logging_mixin.py:137} INFO - [2023-02-19T16:59:12.165+0000] {dag.py:3427} INFO - Setting next_dagrun for example_sensors to None, run_after=None
[2023-02-19T16:59:12.186+0000] {processor.py:175} INFO - Processing /home/airflow/.local/lib/python3.7/site-packages/airflow/example_dags/example_sensors.py took 0.126 seconds
[2023-02-19T16:59:42.987+0000] {processor.py:153} INFO - Started process (PID=1260) to work on /home/airflow/.local/lib/python3.7/site-packages/airflow/example_dags/example_sensors.py
[2023-02-19T16:59:42.989+0000] {processor.py:743} INFO - Processing file /home/airflow/.local/lib/python3.7/site-packages/airflow/example_dags/example_sensors.py for tasks to queue
[2023-02-19T16:59:42.991+0000] {logging_mixin.py:137} INFO - [2023-02-19T16:59:42.991+0000] {dagbag.py:538} INFO - Filling up the DagBag from /home/airflow/.local/lib/python3.7/site-packages/airflow/example_dags/example_sensors.py
[2023-02-19T16:59:43.016+0000] {processor.py:753} INFO - DAG(s) dict_keys(['example_sensors']) retrieved from /home/airflow/.local/lib/python3.7/site-packages/airflow/example_dags/example_sensors.py
[2023-02-19T16:59:43.062+0000] {logging_mixin.py:137} INFO - [2023-02-19T16:59:43.062+0000] {dag.py:2676} INFO - Sync 1 DAGs
[2023-02-19T16:59:43.090+0000] {logging_mixin.py:137} INFO - [2023-02-19T16:59:43.090+0000] {dag.py:3427} INFO - Setting next_dagrun for example_sensors to None, run_after=None
[2023-02-19T16:59:43.113+0000] {processor.py:175} INFO - Processing /home/airflow/.local/lib/python3.7/site-packages/airflow/example_dags/example_sensors.py took 0.131 seconds
[2023-02-19T17:00:14.865+0000] {processor.py:153} INFO - Started process (PID=1352) to work on /home/airflow/.local/lib/python3.7/site-packages/airflow/example_dags/example_sensors.py
[2023-02-19T17:00:14.868+0000] {processor.py:743} INFO - Processing file /home/airflow/.local/lib/python3.7/site-packages/airflow/example_dags/example_sensors.py for tasks to queue
[2023-02-19T17:00:14.870+0000] {logging_mixin.py:137} INFO - [2023-02-19T17:00:14.869+0000] {dagbag.py:538} INFO - Filling up the DagBag from /home/airflow/.local/lib/python3.7/site-packages/airflow/example_dags/example_sensors.py
[2023-02-19T17:00:14.896+0000] {processor.py:753} INFO - DAG(s) dict_keys(['example_sensors']) retrieved from /home/airflow/.local/lib/python3.7/site-packages/airflow/example_dags/example_sensors.py
[2023-02-19T17:00:14.942+0000] {logging_mixin.py:137} INFO - [2023-02-19T17:00:14.942+0000] {dag.py:2676} INFO - Sync 1 DAGs
[2023-02-19T17:00:14.970+0000] {logging_mixin.py:137} INFO - [2023-02-19T17:00:14.970+0000] {dag.py:3427} INFO - Setting next_dagrun for example_sensors to None, run_after=None
[2023-02-19T17:00:14.997+0000] {processor.py:175} INFO - Processing /home/airflow/.local/lib/python3.7/site-packages/airflow/example_dags/example_sensors.py took 0.137 seconds
[2023-02-19T17:00:46.316+0000] {processor.py:153} INFO - Started process (PID=1441) to work on /home/airflow/.local/lib/python3.7/site-packages/airflow/example_dags/example_sensors.py
[2023-02-19T17:00:46.320+0000] {processor.py:743} INFO - Processing file /home/airflow/.local/lib/python3.7/site-packages/airflow/example_dags/example_sensors.py for tasks to queue
[2023-02-19T17:00:46.324+0000] {logging_mixin.py:137} INFO - [2023-02-19T17:00:46.324+0000] {dagbag.py:538} INFO - Filling up the DagBag from /home/airflow/.local/lib/python3.7/site-packages/airflow/example_dags/example_sensors.py
[2023-02-19T17:00:46.362+0000] {processor.py:753} INFO - DAG(s) dict_keys(['example_sensors']) retrieved from /home/airflow/.local/lib/python3.7/site-packages/airflow/example_dags/example_sensors.py
[2023-02-19T17:00:46.469+0000] {logging_mixin.py:137} INFO - [2023-02-19T17:00:46.468+0000] {dag.py:2676} INFO - Sync 1 DAGs
[2023-02-19T17:00:46.516+0000] {logging_mixin.py:137} INFO - [2023-02-19T17:00:46.516+0000] {dag.py:3427} INFO - Setting next_dagrun for example_sensors to None, run_after=None
[2023-02-19T17:00:46.543+0000] {processor.py:175} INFO - Processing /home/airflow/.local/lib/python3.7/site-packages/airflow/example_dags/example_sensors.py took 0.234 seconds
[2023-02-19T17:01:17.725+0000] {processor.py:153} INFO - Started process (PID=1532) to work on /home/airflow/.local/lib/python3.7/site-packages/airflow/example_dags/example_sensors.py
[2023-02-19T17:01:17.729+0000] {processor.py:743} INFO - Processing file /home/airflow/.local/lib/python3.7/site-packages/airflow/example_dags/example_sensors.py for tasks to queue
[2023-02-19T17:01:17.730+0000] {logging_mixin.py:137} INFO - [2023-02-19T17:01:17.730+0000] {dagbag.py:538} INFO - Filling up the DagBag from /home/airflow/.local/lib/python3.7/site-packages/airflow/example_dags/example_sensors.py
[2023-02-19T17:01:17.754+0000] {processor.py:753} INFO - DAG(s) dict_keys(['example_sensors']) retrieved from /home/airflow/.local/lib/python3.7/site-packages/airflow/example_dags/example_sensors.py
[2023-02-19T17:01:17.799+0000] {logging_mixin.py:137} INFO - [2023-02-19T17:01:17.799+0000] {dag.py:2676} INFO - Sync 1 DAGs
[2023-02-19T17:01:17.827+0000] {logging_mixin.py:137} INFO - [2023-02-19T17:01:17.827+0000] {dag.py:3427} INFO - Setting next_dagrun for example_sensors to None, run_after=None
[2023-02-19T17:01:17.849+0000] {processor.py:175} INFO - Processing /home/airflow/.local/lib/python3.7/site-packages/airflow/example_dags/example_sensors.py took 0.128 seconds
[2023-02-19T17:01:48.794+0000] {processor.py:153} INFO - Started process (PID=1621) to work on /home/airflow/.local/lib/python3.7/site-packages/airflow/example_dags/example_sensors.py
[2023-02-19T17:01:48.796+0000] {processor.py:743} INFO - Processing file /home/airflow/.local/lib/python3.7/site-packages/airflow/example_dags/example_sensors.py for tasks to queue
[2023-02-19T17:01:48.797+0000] {logging_mixin.py:137} INFO - [2023-02-19T17:01:48.797+0000] {dagbag.py:538} INFO - Filling up the DagBag from /home/airflow/.local/lib/python3.7/site-packages/airflow/example_dags/example_sensors.py
[2023-02-19T17:01:48.821+0000] {processor.py:753} INFO - DAG(s) dict_keys(['example_sensors']) retrieved from /home/airflow/.local/lib/python3.7/site-packages/airflow/example_dags/example_sensors.py
[2023-02-19T17:01:48.866+0000] {logging_mixin.py:137} INFO - [2023-02-19T17:01:48.866+0000] {dag.py:2676} INFO - Sync 1 DAGs
[2023-02-19T17:01:48.895+0000] {logging_mixin.py:137} INFO - [2023-02-19T17:01:48.894+0000] {dag.py:3427} INFO - Setting next_dagrun for example_sensors to None, run_after=None
[2023-02-19T17:01:48.915+0000] {processor.py:175} INFO - Processing /home/airflow/.local/lib/python3.7/site-packages/airflow/example_dags/example_sensors.py took 0.125 seconds
[2023-02-19T17:02:20.014+0000] {processor.py:153} INFO - Started process (PID=1719) to work on /home/airflow/.local/lib/python3.7/site-packages/airflow/example_dags/example_sensors.py
[2023-02-19T17:02:20.016+0000] {processor.py:743} INFO - Processing file /home/airflow/.local/lib/python3.7/site-packages/airflow/example_dags/example_sensors.py for tasks to queue
[2023-02-19T17:02:20.017+0000] {logging_mixin.py:137} INFO - [2023-02-19T17:02:20.017+0000] {dagbag.py:538} INFO - Filling up the DagBag from /home/airflow/.local/lib/python3.7/site-packages/airflow/example_dags/example_sensors.py
[2023-02-19T17:02:20.042+0000] {processor.py:753} INFO - DAG(s) dict_keys(['example_sensors']) retrieved from /home/airflow/.local/lib/python3.7/site-packages/airflow/example_dags/example_sensors.py
[2023-02-19T17:02:20.087+0000] {logging_mixin.py:137} INFO - [2023-02-19T17:02:20.087+0000] {dag.py:2676} INFO - Sync 1 DAGs
[2023-02-19T17:02:20.114+0000] {logging_mixin.py:137} INFO - [2023-02-19T17:02:20.114+0000] {dag.py:3427} INFO - Setting next_dagrun for example_sensors to None, run_after=None
[2023-02-19T17:02:20.136+0000] {processor.py:175} INFO - Processing /home/airflow/.local/lib/python3.7/site-packages/airflow/example_dags/example_sensors.py took 0.126 seconds
[2023-02-19T17:02:51.370+0000] {processor.py:153} INFO - Started process (PID=1801) to work on /home/airflow/.local/lib/python3.7/site-packages/airflow/example_dags/example_sensors.py
[2023-02-19T17:02:51.373+0000] {processor.py:743} INFO - Processing file /home/airflow/.local/lib/python3.7/site-packages/airflow/example_dags/example_sensors.py for tasks to queue
[2023-02-19T17:02:51.375+0000] {logging_mixin.py:137} INFO - [2023-02-19T17:02:51.375+0000] {dagbag.py:538} INFO - Filling up the DagBag from /home/airflow/.local/lib/python3.7/site-packages/airflow/example_dags/example_sensors.py
[2023-02-19T17:02:51.407+0000] {processor.py:753} INFO - DAG(s) dict_keys(['example_sensors']) retrieved from /home/airflow/.local/lib/python3.7/site-packages/airflow/example_dags/example_sensors.py
[2023-02-19T17:02:51.465+0000] {logging_mixin.py:137} INFO - [2023-02-19T17:02:51.464+0000] {dag.py:2676} INFO - Sync 1 DAGs
[2023-02-19T17:02:51.500+0000] {logging_mixin.py:137} INFO - [2023-02-19T17:02:51.500+0000] {dag.py:3427} INFO - Setting next_dagrun for example_sensors to None, run_after=None
[2023-02-19T17:02:51.532+0000] {processor.py:175} INFO - Processing /home/airflow/.local/lib/python3.7/site-packages/airflow/example_dags/example_sensors.py took 0.167 seconds
[2023-02-19T17:03:22.901+0000] {processor.py:153} INFO - Started process (PID=1899) to work on /home/airflow/.local/lib/python3.7/site-packages/airflow/example_dags/example_sensors.py
[2023-02-19T17:03:22.903+0000] {processor.py:743} INFO - Processing file /home/airflow/.local/lib/python3.7/site-packages/airflow/example_dags/example_sensors.py for tasks to queue
[2023-02-19T17:03:22.906+0000] {logging_mixin.py:137} INFO - [2023-02-19T17:03:22.906+0000] {dagbag.py:538} INFO - Filling up the DagBag from /home/airflow/.local/lib/python3.7/site-packages/airflow/example_dags/example_sensors.py
[2023-02-19T17:03:22.931+0000] {processor.py:753} INFO - DAG(s) dict_keys(['example_sensors']) retrieved from /home/airflow/.local/lib/python3.7/site-packages/airflow/example_dags/example_sensors.py
[2023-02-19T17:03:22.991+0000] {logging_mixin.py:137} INFO - [2023-02-19T17:03:22.991+0000] {dag.py:2676} INFO - Sync 1 DAGs
[2023-02-19T17:03:23.026+0000] {logging_mixin.py:137} INFO - [2023-02-19T17:03:23.025+0000] {dag.py:3427} INFO - Setting next_dagrun for example_sensors to None, run_after=None
[2023-02-19T17:03:23.054+0000] {processor.py:175} INFO - Processing /home/airflow/.local/lib/python3.7/site-packages/airflow/example_dags/example_sensors.py took 0.158 seconds
[2023-02-19T17:03:54.250+0000] {processor.py:153} INFO - Started process (PID=1981) to work on /home/airflow/.local/lib/python3.7/site-packages/airflow/example_dags/example_sensors.py
[2023-02-19T17:03:54.253+0000] {processor.py:743} INFO - Processing file /home/airflow/.local/lib/python3.7/site-packages/airflow/example_dags/example_sensors.py for tasks to queue
[2023-02-19T17:03:54.254+0000] {logging_mixin.py:137} INFO - [2023-02-19T17:03:54.254+0000] {dagbag.py:538} INFO - Filling up the DagBag from /home/airflow/.local/lib/python3.7/site-packages/airflow/example_dags/example_sensors.py
[2023-02-19T17:03:54.284+0000] {processor.py:753} INFO - DAG(s) dict_keys(['example_sensors']) retrieved from /home/airflow/.local/lib/python3.7/site-packages/airflow/example_dags/example_sensors.py
[2023-02-19T17:03:54.331+0000] {logging_mixin.py:137} INFO - [2023-02-19T17:03:54.331+0000] {dag.py:2676} INFO - Sync 1 DAGs
[2023-02-19T17:03:54.358+0000] {logging_mixin.py:137} INFO - [2023-02-19T17:03:54.358+0000] {dag.py:3427} INFO - Setting next_dagrun for example_sensors to None, run_after=None
[2023-02-19T17:03:54.379+0000] {processor.py:175} INFO - Processing /home/airflow/.local/lib/python3.7/site-packages/airflow/example_dags/example_sensors.py took 0.136 seconds
[2023-02-19T17:04:25.578+0000] {processor.py:153} INFO - Started process (PID=2079) to work on /home/airflow/.local/lib/python3.7/site-packages/airflow/example_dags/example_sensors.py
[2023-02-19T17:04:25.581+0000] {processor.py:743} INFO - Processing file /home/airflow/.local/lib/python3.7/site-packages/airflow/example_dags/example_sensors.py for tasks to queue
[2023-02-19T17:04:25.583+0000] {logging_mixin.py:137} INFO - [2023-02-19T17:04:25.582+0000] {dagbag.py:538} INFO - Filling up the DagBag from /home/airflow/.local/lib/python3.7/site-packages/airflow/example_dags/example_sensors.py
[2023-02-19T17:04:25.611+0000] {processor.py:753} INFO - DAG(s) dict_keys(['example_sensors']) retrieved from /home/airflow/.local/lib/python3.7/site-packages/airflow/example_dags/example_sensors.py
[2023-02-19T17:04:25.666+0000] {logging_mixin.py:137} INFO - [2023-02-19T17:04:25.666+0000] {dag.py:2676} INFO - Sync 1 DAGs
[2023-02-19T17:04:25.705+0000] {logging_mixin.py:137} INFO - [2023-02-19T17:04:25.705+0000] {dag.py:3427} INFO - Setting next_dagrun for example_sensors to None, run_after=None
[2023-02-19T17:04:25.735+0000] {processor.py:175} INFO - Processing /home/airflow/.local/lib/python3.7/site-packages/airflow/example_dags/example_sensors.py took 0.161 seconds
[2023-02-19T17:04:56.491+0000] {processor.py:153} INFO - Started process (PID=2161) to work on /home/airflow/.local/lib/python3.7/site-packages/airflow/example_dags/example_sensors.py
[2023-02-19T17:04:56.494+0000] {processor.py:743} INFO - Processing file /home/airflow/.local/lib/python3.7/site-packages/airflow/example_dags/example_sensors.py for tasks to queue
[2023-02-19T17:04:56.496+0000] {logging_mixin.py:137} INFO - [2023-02-19T17:04:56.496+0000] {dagbag.py:538} INFO - Filling up the DagBag from /home/airflow/.local/lib/python3.7/site-packages/airflow/example_dags/example_sensors.py
[2023-02-19T17:04:56.526+0000] {processor.py:753} INFO - DAG(s) dict_keys(['example_sensors']) retrieved from /home/airflow/.local/lib/python3.7/site-packages/airflow/example_dags/example_sensors.py
[2023-02-19T17:04:56.577+0000] {logging_mixin.py:137} INFO - [2023-02-19T17:04:56.576+0000] {dag.py:2676} INFO - Sync 1 DAGs
[2023-02-19T17:04:56.604+0000] {logging_mixin.py:137} INFO - [2023-02-19T17:04:56.603+0000] {dag.py:3427} INFO - Setting next_dagrun for example_sensors to None, run_after=None
[2023-02-19T17:04:56.626+0000] {processor.py:175} INFO - Processing /home/airflow/.local/lib/python3.7/site-packages/airflow/example_dags/example_sensors.py took 0.140 seconds
[2023-02-19T17:05:27.451+0000] {processor.py:153} INFO - Started process (PID=2259) to work on /home/airflow/.local/lib/python3.7/site-packages/airflow/example_dags/example_sensors.py
[2023-02-19T17:05:27.453+0000] {processor.py:743} INFO - Processing file /home/airflow/.local/lib/python3.7/site-packages/airflow/example_dags/example_sensors.py for tasks to queue
[2023-02-19T17:05:27.455+0000] {logging_mixin.py:137} INFO - [2023-02-19T17:05:27.455+0000] {dagbag.py:538} INFO - Filling up the DagBag from /home/airflow/.local/lib/python3.7/site-packages/airflow/example_dags/example_sensors.py
[2023-02-19T17:05:27.479+0000] {processor.py:753} INFO - DAG(s) dict_keys(['example_sensors']) retrieved from /home/airflow/.local/lib/python3.7/site-packages/airflow/example_dags/example_sensors.py
[2023-02-19T17:05:27.528+0000] {logging_mixin.py:137} INFO - [2023-02-19T17:05:27.528+0000] {dag.py:2676} INFO - Sync 1 DAGs
[2023-02-19T17:05:27.558+0000] {logging_mixin.py:137} INFO - [2023-02-19T17:05:27.558+0000] {dag.py:3427} INFO - Setting next_dagrun for example_sensors to None, run_after=None
[2023-02-19T17:05:27.583+0000] {processor.py:175} INFO - Processing /home/airflow/.local/lib/python3.7/site-packages/airflow/example_dags/example_sensors.py took 0.137 seconds
[2023-02-19T17:05:58.810+0000] {processor.py:153} INFO - Started process (PID=2341) to work on /home/airflow/.local/lib/python3.7/site-packages/airflow/example_dags/example_sensors.py
[2023-02-19T17:05:58.812+0000] {processor.py:743} INFO - Processing file /home/airflow/.local/lib/python3.7/site-packages/airflow/example_dags/example_sensors.py for tasks to queue
[2023-02-19T17:05:58.814+0000] {logging_mixin.py:137} INFO - [2023-02-19T17:05:58.814+0000] {dagbag.py:538} INFO - Filling up the DagBag from /home/airflow/.local/lib/python3.7/site-packages/airflow/example_dags/example_sensors.py
[2023-02-19T17:05:58.843+0000] {processor.py:753} INFO - DAG(s) dict_keys(['example_sensors']) retrieved from /home/airflow/.local/lib/python3.7/site-packages/airflow/example_dags/example_sensors.py
[2023-02-19T17:05:58.894+0000] {logging_mixin.py:137} INFO - [2023-02-19T17:05:58.894+0000] {dag.py:2676} INFO - Sync 1 DAGs
[2023-02-19T17:05:58.922+0000] {logging_mixin.py:137} INFO - [2023-02-19T17:05:58.921+0000] {dag.py:3427} INFO - Setting next_dagrun for example_sensors to None, run_after=None
[2023-02-19T17:05:58.947+0000] {processor.py:175} INFO - Processing /home/airflow/.local/lib/python3.7/site-packages/airflow/example_dags/example_sensors.py took 0.143 seconds
[2023-02-19T17:06:29.797+0000] {processor.py:153} INFO - Started process (PID=2440) to work on /home/airflow/.local/lib/python3.7/site-packages/airflow/example_dags/example_sensors.py
[2023-02-19T17:06:29.804+0000] {processor.py:743} INFO - Processing file /home/airflow/.local/lib/python3.7/site-packages/airflow/example_dags/example_sensors.py for tasks to queue
[2023-02-19T17:06:29.807+0000] {logging_mixin.py:137} INFO - [2023-02-19T17:06:29.807+0000] {dagbag.py:538} INFO - Filling up the DagBag from /home/airflow/.local/lib/python3.7/site-packages/airflow/example_dags/example_sensors.py
[2023-02-19T17:06:29.839+0000] {processor.py:753} INFO - DAG(s) dict_keys(['example_sensors']) retrieved from /home/airflow/.local/lib/python3.7/site-packages/airflow/example_dags/example_sensors.py
[2023-02-19T17:06:29.888+0000] {logging_mixin.py:137} INFO - [2023-02-19T17:06:29.888+0000] {dag.py:2676} INFO - Sync 1 DAGs
[2023-02-19T17:06:29.919+0000] {logging_mixin.py:137} INFO - [2023-02-19T17:06:29.919+0000] {dag.py:3427} INFO - Setting next_dagrun for example_sensors to None, run_after=None
[2023-02-19T17:06:29.947+0000] {processor.py:175} INFO - Processing /home/airflow/.local/lib/python3.7/site-packages/airflow/example_dags/example_sensors.py took 0.156 seconds
