[2023-02-16T11:36:08.555+0000] {taskinstance.py:1087} INFO - Dependencies all met for <TaskInstance: abcde.EXTRACTING_DATA manual__2023-02-16T11:36:02.310534+00:00 [queued]>
[2023-02-16T11:36:08.571+0000] {taskinstance.py:1087} INFO - Dependencies all met for <TaskInstance: abcde.EXTRACTING_DATA manual__2023-02-16T11:36:02.310534+00:00 [queued]>
[2023-02-16T11:36:08.573+0000] {taskinstance.py:1283} INFO - 
--------------------------------------------------------------------------------
[2023-02-16T11:36:08.574+0000] {taskinstance.py:1284} INFO - Starting attempt 1 of 2
[2023-02-16T11:36:08.575+0000] {taskinstance.py:1285} INFO - 
--------------------------------------------------------------------------------
[2023-02-16T11:36:08.599+0000] {taskinstance.py:1304} INFO - Executing <Task(PythonOperator): EXTRACTING_DATA> on 2023-02-16 11:36:02.310534+00:00
[2023-02-16T11:36:08.609+0000] {standard_task_runner.py:55} INFO - Started process 562 to run task
[2023-02-16T11:36:08.615+0000] {standard_task_runner.py:82} INFO - Running: ['***', 'tasks', 'run', 'abcde', 'EXTRACTING_DATA', 'manual__2023-02-16T11:36:02.310534+00:00', '--job-id', '119', '--raw', '--subdir', 'DAGS_FOLDER/dag_scrape_specific.py', '--cfg-path', '/tmp/tmp3j9xqwsb']
[2023-02-16T11:36:08.620+0000] {standard_task_runner.py:83} INFO - Job 119: Subtask EXTRACTING_DATA
[2023-02-16T11:36:08.975+0000] {task_command.py:389} INFO - Running <TaskInstance: abcde.EXTRACTING_DATA manual__2023-02-16T11:36:02.310534+00:00 [running]> on host 55b685598511
[2023-02-16T11:36:09.114+0000] {taskinstance.py:1513} INFO - Exporting the following env vars:
AIRFLOW_CTX_DAG_EMAIL=test@test.com
AIRFLOW_CTX_DAG_OWNER=test
AIRFLOW_CTX_DAG_ID=abcde
AIRFLOW_CTX_TASK_ID=EXTRACTING_DATA
AIRFLOW_CTX_EXECUTION_DATE=2023-02-16T11:36:02.310534+00:00
AIRFLOW_CTX_TRY_NUMBER=1
AIRFLOW_CTX_DAG_RUN_ID=manual__2023-02-16T11:36:02.310534+00:00
[2023-02-16T11:36:09.697+0000] {connection.py:285} INFO - Snowflake Connector for Python Version: 3.0.0, Python Version: 3.7.15, Platform: Linux-5.15.49-linuxkit-x86_64-with-debian-11.5
[2023-02-16T11:36:09.703+0000] {connection.py:975} INFO - This connection is in OCSP Fail Open Mode. TLS Certificates would be checked for validity and revocation status. Any other Certificate Revocation related exceptions or OCSP Responder failures would be disregarded in favor of connectivity.
[2023-02-16T11:36:09.705+0000] {connection.py:992} INFO - Setting use_openssl_only mode to False
[2023-02-16T11:36:10.372+0000] {cursor.py:727} INFO - query: [select current_database(), current_schema();]
[2023-02-16T11:36:10.558+0000] {cursor.py:740} INFO - query execution done
[2023-02-16T11:36:10.561+0000] {cursor.py:879} INFO - Number of results in first chunk: 1
[2023-02-16T11:36:10.565+0000] {cursor.py:727} INFO - query: [ROLLBACK]
[2023-02-16T11:36:10.703+0000] {cursor.py:740} INFO - query execution done
[2023-02-16T11:36:10.705+0000] {cursor.py:879} INFO - Number of results in first chunk: 1
[2023-02-16T11:36:10.711+0000] {connection.py:285} INFO - Snowflake Connector for Python Version: 3.0.0, Python Version: 3.7.15, Platform: Linux-5.15.49-linuxkit-x86_64-with-debian-11.5
[2023-02-16T11:36:10.713+0000] {connection.py:975} INFO - This connection is in OCSP Fail Open Mode. TLS Certificates would be checked for validity and revocation status. Any other Certificate Revocation related exceptions or OCSP Responder failures would be disregarded in favor of connectivity.
[2023-02-16T11:36:11.279+0000] {cursor.py:727} INFO - query: [ROLLBACK]
[2023-02-16T11:36:11.411+0000] {cursor.py:740} INFO - query execution done
[2023-02-16T11:36:11.413+0000] {cursor.py:879} INFO - Number of results in first chunk: 1
[2023-02-16T11:36:11.416+0000] {cursor.py:727} INFO - query: [DESC TABLE /* sqlalchemy:_has_object */ match_results]
[2023-02-16T11:36:11.580+0000] {cursor.py:740} INFO - query execution done
[2023-02-16T11:36:11.618+0000] {cursor.py:727} INFO - query: [ROLLBACK]
[2023-02-16T11:36:11.746+0000] {cursor.py:740} INFO - query execution done
[2023-02-16T11:36:11.748+0000] {cursor.py:879} INFO - Number of results in first chunk: 1
[2023-02-16T11:36:11.751+0000] {cursor.py:727} INFO - query: [ROLLBACK]
[2023-02-16T11:36:11.942+0000] {cursor.py:740} INFO - query execution done
[2023-02-16T11:36:11.944+0000] {cursor.py:879} INFO - Number of results in first chunk: 1
[2023-02-16T11:36:11.956+0000] {cursor.py:727} INFO - query: [CREATE TABLE match_results ( "Team1" TEXT, "Score" TEXT, "Team2" TEXT, "Date" TE...]
[2023-02-16T11:36:12.229+0000] {cursor.py:740} INFO - query execution done
[2023-02-16T11:36:12.231+0000] {cursor.py:879} INFO - Number of results in first chunk: 1
[2023-02-16T11:36:12.233+0000] {cursor.py:727} INFO - query: [COMMIT]
[2023-02-16T11:36:12.396+0000] {cursor.py:740} INFO - query execution done
[2023-02-16T11:36:12.400+0000] {cursor.py:879} INFO - Number of results in first chunk: 1
[2023-02-16T11:36:12.404+0000] {cursor.py:727} INFO - query: [ROLLBACK]
[2023-02-16T11:36:12.585+0000] {cursor.py:740} INFO - query execution done
[2023-02-16T11:36:12.592+0000] {cursor.py:879} INFO - Number of results in first chunk: 1
[2023-02-16T11:36:12.606+0000] {cursor.py:727} INFO - query: [INSERT INTO match_results ("Team1", "Score", "Team2", "Date") VALUES ('Croatia',...]
[2023-02-16T11:36:13.617+0000] {cursor.py:740} INFO - query execution done
[2023-02-16T11:36:13.619+0000] {cursor.py:727} INFO - query: [COMMIT]
[2023-02-16T11:36:13.930+0000] {cursor.py:740} INFO - query execution done
[2023-02-16T11:36:13.932+0000] {cursor.py:879} INFO - Number of results in first chunk: 1
[2023-02-16T11:36:13.933+0000] {cursor.py:727} INFO - query: [ROLLBACK]
[2023-02-16T11:36:14.069+0000] {cursor.py:740} INFO - query execution done
[2023-02-16T11:36:14.071+0000] {cursor.py:879} INFO - Number of results in first chunk: 1
[2023-02-16T11:36:14.073+0000] {cursor.py:727} INFO - query: [ROLLBACK]
[2023-02-16T11:36:14.227+0000] {cursor.py:740} INFO - query execution done
[2023-02-16T11:36:14.229+0000] {cursor.py:879} INFO - Number of results in first chunk: 1
[2023-02-16T11:36:14.231+0000] {connection.py:581} INFO - closed
[2023-02-16T11:36:14.317+0000] {connection.py:584} INFO - No async queries seem to be running, deleting session
[2023-02-16T11:36:14.475+0000] {connection.py:581} INFO - closed
[2023-02-16T11:36:14.567+0000] {connection.py:584} INFO - No async queries seem to be running, deleting session
[2023-02-16T11:36:14.722+0000] {python.py:177} INFO - Done. Returned value was: None
[2023-02-16T11:36:14.740+0000] {taskinstance.py:1327} INFO - Marking task as SUCCESS. dag_id=abcde, task_id=EXTRACTING_DATA, execution_date=20230216T113602, start_date=20230216T113608, end_date=20230216T113614
[2023-02-16T11:36:14.817+0000] {local_task_job.py:159} INFO - Task exited with return code 0
[2023-02-16T11:36:14.841+0000] {taskinstance.py:2582} INFO - 0 downstream tasks scheduled from follow-on schedule check
