[2023-02-13T18:56:44.697+0000] {processor.py:153} INFO - Started process (PID=71) to work on /home/airflow/.local/lib/python3.7/site-packages/airflow/example_dags/example_branch_day_of_week_operator.py
[2023-02-13T18:56:44.700+0000] {processor.py:743} INFO - Processing file /home/airflow/.local/lib/python3.7/site-packages/airflow/example_dags/example_branch_day_of_week_operator.py for tasks to queue
[2023-02-13T18:56:44.703+0000] {logging_mixin.py:137} INFO - [2023-02-13T18:56:44.703+0000] {dagbag.py:538} INFO - Filling up the DagBag from /home/airflow/.local/lib/python3.7/site-packages/airflow/example_dags/example_branch_day_of_week_operator.py
[2023-02-13T18:56:44.734+0000] {processor.py:753} INFO - DAG(s) dict_keys(['example_weekday_branch_operator']) retrieved from /home/airflow/.local/lib/python3.7/site-packages/airflow/example_dags/example_branch_day_of_week_operator.py
[2023-02-13T18:56:44.798+0000] {logging_mixin.py:137} INFO - [2023-02-13T18:56:44.798+0000] {dag.py:2676} INFO - Sync 1 DAGs
[2023-02-13T18:56:44.859+0000] {logging_mixin.py:137} INFO - [2023-02-13T18:56:44.859+0000] {dag.py:3427} INFO - Setting next_dagrun for example_weekday_branch_operator to 2023-02-12T00:00:00+00:00, run_after=2023-02-13T00:00:00+00:00
[2023-02-13T18:56:44.895+0000] {processor.py:175} INFO - Processing /home/airflow/.local/lib/python3.7/site-packages/airflow/example_dags/example_branch_day_of_week_operator.py took 0.205 seconds
[2023-02-13T18:57:15.481+0000] {processor.py:153} INFO - Started process (PID=142) to work on /home/airflow/.local/lib/python3.7/site-packages/airflow/example_dags/example_branch_day_of_week_operator.py
[2023-02-13T18:57:15.484+0000] {processor.py:743} INFO - Processing file /home/airflow/.local/lib/python3.7/site-packages/airflow/example_dags/example_branch_day_of_week_operator.py for tasks to queue
[2023-02-13T18:57:15.487+0000] {logging_mixin.py:137} INFO - [2023-02-13T18:57:15.486+0000] {dagbag.py:538} INFO - Filling up the DagBag from /home/airflow/.local/lib/python3.7/site-packages/airflow/example_dags/example_branch_day_of_week_operator.py
[2023-02-13T18:57:15.512+0000] {processor.py:753} INFO - DAG(s) dict_keys(['example_weekday_branch_operator']) retrieved from /home/airflow/.local/lib/python3.7/site-packages/airflow/example_dags/example_branch_day_of_week_operator.py
[2023-02-13T18:57:15.565+0000] {logging_mixin.py:137} INFO - [2023-02-13T18:57:15.565+0000] {dag.py:2676} INFO - Sync 1 DAGs
[2023-02-13T18:57:15.599+0000] {logging_mixin.py:137} INFO - [2023-02-13T18:57:15.599+0000] {dag.py:3427} INFO - Setting next_dagrun for example_weekday_branch_operator to 2023-02-12T00:00:00+00:00, run_after=2023-02-13T00:00:00+00:00
[2023-02-13T18:57:15.620+0000] {processor.py:175} INFO - Processing /home/airflow/.local/lib/python3.7/site-packages/airflow/example_dags/example_branch_day_of_week_operator.py took 0.144 seconds
[2023-02-13T18:57:46.564+0000] {processor.py:153} INFO - Started process (PID=222) to work on /home/airflow/.local/lib/python3.7/site-packages/airflow/example_dags/example_branch_day_of_week_operator.py
[2023-02-13T18:57:46.566+0000] {processor.py:743} INFO - Processing file /home/airflow/.local/lib/python3.7/site-packages/airflow/example_dags/example_branch_day_of_week_operator.py for tasks to queue
[2023-02-13T18:57:46.568+0000] {logging_mixin.py:137} INFO - [2023-02-13T18:57:46.568+0000] {dagbag.py:538} INFO - Filling up the DagBag from /home/airflow/.local/lib/python3.7/site-packages/airflow/example_dags/example_branch_day_of_week_operator.py
[2023-02-13T18:57:46.592+0000] {processor.py:753} INFO - DAG(s) dict_keys(['example_weekday_branch_operator']) retrieved from /home/airflow/.local/lib/python3.7/site-packages/airflow/example_dags/example_branch_day_of_week_operator.py
[2023-02-13T18:57:46.645+0000] {logging_mixin.py:137} INFO - [2023-02-13T18:57:46.645+0000] {dag.py:2676} INFO - Sync 1 DAGs
[2023-02-13T18:57:46.683+0000] {logging_mixin.py:137} INFO - [2023-02-13T18:57:46.682+0000] {dag.py:3427} INFO - Setting next_dagrun for example_weekday_branch_operator to 2023-02-12T00:00:00+00:00, run_after=2023-02-13T00:00:00+00:00
[2023-02-13T18:57:46.709+0000] {processor.py:175} INFO - Processing /home/airflow/.local/lib/python3.7/site-packages/airflow/example_dags/example_branch_day_of_week_operator.py took 0.150 seconds
[2023-02-13T18:58:17.664+0000] {processor.py:153} INFO - Started process (PID=300) to work on /home/airflow/.local/lib/python3.7/site-packages/airflow/example_dags/example_branch_day_of_week_operator.py
[2023-02-13T18:58:17.666+0000] {processor.py:743} INFO - Processing file /home/airflow/.local/lib/python3.7/site-packages/airflow/example_dags/example_branch_day_of_week_operator.py for tasks to queue
[2023-02-13T18:58:17.668+0000] {logging_mixin.py:137} INFO - [2023-02-13T18:58:17.668+0000] {dagbag.py:538} INFO - Filling up the DagBag from /home/airflow/.local/lib/python3.7/site-packages/airflow/example_dags/example_branch_day_of_week_operator.py
[2023-02-13T18:58:17.688+0000] {processor.py:753} INFO - DAG(s) dict_keys(['example_weekday_branch_operator']) retrieved from /home/airflow/.local/lib/python3.7/site-packages/airflow/example_dags/example_branch_day_of_week_operator.py
[2023-02-13T18:58:17.733+0000] {logging_mixin.py:137} INFO - [2023-02-13T18:58:17.733+0000] {dag.py:2676} INFO - Sync 1 DAGs
[2023-02-13T18:58:17.762+0000] {logging_mixin.py:137} INFO - [2023-02-13T18:58:17.762+0000] {dag.py:3427} INFO - Setting next_dagrun for example_weekday_branch_operator to 2023-02-12T00:00:00+00:00, run_after=2023-02-13T00:00:00+00:00
[2023-02-13T18:58:17.783+0000] {processor.py:175} INFO - Processing /home/airflow/.local/lib/python3.7/site-packages/airflow/example_dags/example_branch_day_of_week_operator.py took 0.123 seconds
[2023-02-13T18:58:48.208+0000] {processor.py:153} INFO - Started process (PID=380) to work on /home/airflow/.local/lib/python3.7/site-packages/airflow/example_dags/example_branch_day_of_week_operator.py
[2023-02-13T18:58:48.211+0000] {processor.py:743} INFO - Processing file /home/airflow/.local/lib/python3.7/site-packages/airflow/example_dags/example_branch_day_of_week_operator.py for tasks to queue
[2023-02-13T18:58:48.214+0000] {logging_mixin.py:137} INFO - [2023-02-13T18:58:48.213+0000] {dagbag.py:538} INFO - Filling up the DagBag from /home/airflow/.local/lib/python3.7/site-packages/airflow/example_dags/example_branch_day_of_week_operator.py
[2023-02-13T18:58:48.236+0000] {processor.py:753} INFO - DAG(s) dict_keys(['example_weekday_branch_operator']) retrieved from /home/airflow/.local/lib/python3.7/site-packages/airflow/example_dags/example_branch_day_of_week_operator.py
[2023-02-13T18:58:48.283+0000] {logging_mixin.py:137} INFO - [2023-02-13T18:58:48.283+0000] {dag.py:2676} INFO - Sync 1 DAGs
[2023-02-13T18:58:48.316+0000] {logging_mixin.py:137} INFO - [2023-02-13T18:58:48.316+0000] {dag.py:3427} INFO - Setting next_dagrun for example_weekday_branch_operator to 2023-02-12T00:00:00+00:00, run_after=2023-02-13T00:00:00+00:00
[2023-02-13T18:58:48.338+0000] {processor.py:175} INFO - Processing /home/airflow/.local/lib/python3.7/site-packages/airflow/example_dags/example_branch_day_of_week_operator.py took 0.136 seconds
[2023-02-13T18:59:18.806+0000] {processor.py:153} INFO - Started process (PID=458) to work on /home/airflow/.local/lib/python3.7/site-packages/airflow/example_dags/example_branch_day_of_week_operator.py
[2023-02-13T18:59:18.808+0000] {processor.py:743} INFO - Processing file /home/airflow/.local/lib/python3.7/site-packages/airflow/example_dags/example_branch_day_of_week_operator.py for tasks to queue
[2023-02-13T18:59:18.810+0000] {logging_mixin.py:137} INFO - [2023-02-13T18:59:18.810+0000] {dagbag.py:538} INFO - Filling up the DagBag from /home/airflow/.local/lib/python3.7/site-packages/airflow/example_dags/example_branch_day_of_week_operator.py
[2023-02-13T18:59:18.828+0000] {processor.py:753} INFO - DAG(s) dict_keys(['example_weekday_branch_operator']) retrieved from /home/airflow/.local/lib/python3.7/site-packages/airflow/example_dags/example_branch_day_of_week_operator.py
[2023-02-13T18:59:18.874+0000] {logging_mixin.py:137} INFO - [2023-02-13T18:59:18.874+0000] {dag.py:2676} INFO - Sync 1 DAGs
[2023-02-13T18:59:18.911+0000] {logging_mixin.py:137} INFO - [2023-02-13T18:59:18.911+0000] {dag.py:3427} INFO - Setting next_dagrun for example_weekday_branch_operator to 2023-02-12T00:00:00+00:00, run_after=2023-02-13T00:00:00+00:00
[2023-02-13T18:59:18.932+0000] {processor.py:175} INFO - Processing /home/airflow/.local/lib/python3.7/site-packages/airflow/example_dags/example_branch_day_of_week_operator.py took 0.131 seconds
[2023-02-13T18:59:49.701+0000] {processor.py:153} INFO - Started process (PID=529) to work on /home/airflow/.local/lib/python3.7/site-packages/airflow/example_dags/example_branch_day_of_week_operator.py
[2023-02-13T18:59:49.703+0000] {processor.py:743} INFO - Processing file /home/airflow/.local/lib/python3.7/site-packages/airflow/example_dags/example_branch_day_of_week_operator.py for tasks to queue
[2023-02-13T18:59:49.704+0000] {logging_mixin.py:137} INFO - [2023-02-13T18:59:49.704+0000] {dagbag.py:538} INFO - Filling up the DagBag from /home/airflow/.local/lib/python3.7/site-packages/airflow/example_dags/example_branch_day_of_week_operator.py
[2023-02-13T18:59:49.724+0000] {processor.py:753} INFO - DAG(s) dict_keys(['example_weekday_branch_operator']) retrieved from /home/airflow/.local/lib/python3.7/site-packages/airflow/example_dags/example_branch_day_of_week_operator.py
[2023-02-13T18:59:49.770+0000] {logging_mixin.py:137} INFO - [2023-02-13T18:59:49.770+0000] {dag.py:2676} INFO - Sync 1 DAGs
[2023-02-13T18:59:49.798+0000] {logging_mixin.py:137} INFO - [2023-02-13T18:59:49.798+0000] {dag.py:3427} INFO - Setting next_dagrun for example_weekday_branch_operator to 2023-02-12T00:00:00+00:00, run_after=2023-02-13T00:00:00+00:00
[2023-02-13T18:59:49.817+0000] {processor.py:175} INFO - Processing /home/airflow/.local/lib/python3.7/site-packages/airflow/example_dags/example_branch_day_of_week_operator.py took 0.120 seconds
[2023-02-13T19:00:20.643+0000] {processor.py:153} INFO - Started process (PID=616) to work on /home/airflow/.local/lib/python3.7/site-packages/airflow/example_dags/example_branch_day_of_week_operator.py
[2023-02-13T19:00:20.646+0000] {processor.py:743} INFO - Processing file /home/airflow/.local/lib/python3.7/site-packages/airflow/example_dags/example_branch_day_of_week_operator.py for tasks to queue
[2023-02-13T19:00:20.647+0000] {logging_mixin.py:137} INFO - [2023-02-13T19:00:20.647+0000] {dagbag.py:538} INFO - Filling up the DagBag from /home/airflow/.local/lib/python3.7/site-packages/airflow/example_dags/example_branch_day_of_week_operator.py
[2023-02-13T19:00:20.668+0000] {processor.py:753} INFO - DAG(s) dict_keys(['example_weekday_branch_operator']) retrieved from /home/airflow/.local/lib/python3.7/site-packages/airflow/example_dags/example_branch_day_of_week_operator.py
[2023-02-13T19:00:20.712+0000] {logging_mixin.py:137} INFO - [2023-02-13T19:00:20.712+0000] {dag.py:2676} INFO - Sync 1 DAGs
[2023-02-13T19:00:20.742+0000] {logging_mixin.py:137} INFO - [2023-02-13T19:00:20.742+0000] {dag.py:3427} INFO - Setting next_dagrun for example_weekday_branch_operator to 2023-02-12T00:00:00+00:00, run_after=2023-02-13T00:00:00+00:00
[2023-02-13T19:00:20.768+0000] {processor.py:175} INFO - Processing /home/airflow/.local/lib/python3.7/site-packages/airflow/example_dags/example_branch_day_of_week_operator.py took 0.129 seconds
[2023-02-13T19:00:51.491+0000] {processor.py:153} INFO - Started process (PID=687) to work on /home/airflow/.local/lib/python3.7/site-packages/airflow/example_dags/example_branch_day_of_week_operator.py
[2023-02-13T19:00:51.493+0000] {processor.py:743} INFO - Processing file /home/airflow/.local/lib/python3.7/site-packages/airflow/example_dags/example_branch_day_of_week_operator.py for tasks to queue
[2023-02-13T19:00:51.494+0000] {logging_mixin.py:137} INFO - [2023-02-13T19:00:51.494+0000] {dagbag.py:538} INFO - Filling up the DagBag from /home/airflow/.local/lib/python3.7/site-packages/airflow/example_dags/example_branch_day_of_week_operator.py
[2023-02-13T19:00:51.513+0000] {processor.py:753} INFO - DAG(s) dict_keys(['example_weekday_branch_operator']) retrieved from /home/airflow/.local/lib/python3.7/site-packages/airflow/example_dags/example_branch_day_of_week_operator.py
[2023-02-13T19:00:51.556+0000] {logging_mixin.py:137} INFO - [2023-02-13T19:00:51.555+0000] {dag.py:2676} INFO - Sync 1 DAGs
[2023-02-13T19:00:51.585+0000] {logging_mixin.py:137} INFO - [2023-02-13T19:00:51.585+0000] {dag.py:3427} INFO - Setting next_dagrun for example_weekday_branch_operator to 2023-02-12T00:00:00+00:00, run_after=2023-02-13T00:00:00+00:00
[2023-02-13T19:00:51.605+0000] {processor.py:175} INFO - Processing /home/airflow/.local/lib/python3.7/site-packages/airflow/example_dags/example_branch_day_of_week_operator.py took 0.118 seconds
[2023-02-13T19:01:21.983+0000] {processor.py:153} INFO - Started process (PID=773) to work on /home/airflow/.local/lib/python3.7/site-packages/airflow/example_dags/example_branch_day_of_week_operator.py
[2023-02-13T19:01:21.985+0000] {processor.py:743} INFO - Processing file /home/airflow/.local/lib/python3.7/site-packages/airflow/example_dags/example_branch_day_of_week_operator.py for tasks to queue
[2023-02-13T19:01:21.986+0000] {logging_mixin.py:137} INFO - [2023-02-13T19:01:21.986+0000] {dagbag.py:538} INFO - Filling up the DagBag from /home/airflow/.local/lib/python3.7/site-packages/airflow/example_dags/example_branch_day_of_week_operator.py
[2023-02-13T19:01:22.008+0000] {processor.py:753} INFO - DAG(s) dict_keys(['example_weekday_branch_operator']) retrieved from /home/airflow/.local/lib/python3.7/site-packages/airflow/example_dags/example_branch_day_of_week_operator.py
[2023-02-13T19:01:22.059+0000] {logging_mixin.py:137} INFO - [2023-02-13T19:01:22.059+0000] {dag.py:2676} INFO - Sync 1 DAGs
[2023-02-13T19:01:22.090+0000] {logging_mixin.py:137} INFO - [2023-02-13T19:01:22.090+0000] {dag.py:3427} INFO - Setting next_dagrun for example_weekday_branch_operator to 2023-02-12T00:00:00+00:00, run_after=2023-02-13T00:00:00+00:00
[2023-02-13T19:01:22.111+0000] {processor.py:175} INFO - Processing /home/airflow/.local/lib/python3.7/site-packages/airflow/example_dags/example_branch_day_of_week_operator.py took 0.132 seconds
[2023-02-13T19:01:52.305+0000] {processor.py:153} INFO - Started process (PID=844) to work on /home/airflow/.local/lib/python3.7/site-packages/airflow/example_dags/example_branch_day_of_week_operator.py
[2023-02-13T19:01:52.307+0000] {processor.py:743} INFO - Processing file /home/airflow/.local/lib/python3.7/site-packages/airflow/example_dags/example_branch_day_of_week_operator.py for tasks to queue
[2023-02-13T19:01:52.309+0000] {logging_mixin.py:137} INFO - [2023-02-13T19:01:52.308+0000] {dagbag.py:538} INFO - Filling up the DagBag from /home/airflow/.local/lib/python3.7/site-packages/airflow/example_dags/example_branch_day_of_week_operator.py
[2023-02-13T19:01:52.328+0000] {processor.py:753} INFO - DAG(s) dict_keys(['example_weekday_branch_operator']) retrieved from /home/airflow/.local/lib/python3.7/site-packages/airflow/example_dags/example_branch_day_of_week_operator.py
[2023-02-13T19:01:52.370+0000] {logging_mixin.py:137} INFO - [2023-02-13T19:01:52.370+0000] {dag.py:2676} INFO - Sync 1 DAGs
[2023-02-13T19:01:52.402+0000] {logging_mixin.py:137} INFO - [2023-02-13T19:01:52.402+0000] {dag.py:3427} INFO - Setting next_dagrun for example_weekday_branch_operator to 2023-02-12T00:00:00+00:00, run_after=2023-02-13T00:00:00+00:00
[2023-02-13T19:01:52.422+0000] {processor.py:175} INFO - Processing /home/airflow/.local/lib/python3.7/site-packages/airflow/example_dags/example_branch_day_of_week_operator.py took 0.121 seconds
[2023-02-13T19:02:22.747+0000] {processor.py:153} INFO - Started process (PID=931) to work on /home/airflow/.local/lib/python3.7/site-packages/airflow/example_dags/example_branch_day_of_week_operator.py
[2023-02-13T19:02:22.749+0000] {processor.py:743} INFO - Processing file /home/airflow/.local/lib/python3.7/site-packages/airflow/example_dags/example_branch_day_of_week_operator.py for tasks to queue
[2023-02-13T19:02:22.751+0000] {logging_mixin.py:137} INFO - [2023-02-13T19:02:22.751+0000] {dagbag.py:538} INFO - Filling up the DagBag from /home/airflow/.local/lib/python3.7/site-packages/airflow/example_dags/example_branch_day_of_week_operator.py
[2023-02-13T19:02:22.770+0000] {processor.py:753} INFO - DAG(s) dict_keys(['example_weekday_branch_operator']) retrieved from /home/airflow/.local/lib/python3.7/site-packages/airflow/example_dags/example_branch_day_of_week_operator.py
[2023-02-13T19:02:22.812+0000] {logging_mixin.py:137} INFO - [2023-02-13T19:02:22.812+0000] {dag.py:2676} INFO - Sync 1 DAGs
[2023-02-13T19:02:22.841+0000] {logging_mixin.py:137} INFO - [2023-02-13T19:02:22.841+0000] {dag.py:3427} INFO - Setting next_dagrun for example_weekday_branch_operator to 2023-02-12T00:00:00+00:00, run_after=2023-02-13T00:00:00+00:00
[2023-02-13T19:02:22.860+0000] {processor.py:175} INFO - Processing /home/airflow/.local/lib/python3.7/site-packages/airflow/example_dags/example_branch_day_of_week_operator.py took 0.117 seconds
[2023-02-13T19:02:53.391+0000] {processor.py:153} INFO - Started process (PID=1002) to work on /home/airflow/.local/lib/python3.7/site-packages/airflow/example_dags/example_branch_day_of_week_operator.py
[2023-02-13T19:02:53.393+0000] {processor.py:743} INFO - Processing file /home/airflow/.local/lib/python3.7/site-packages/airflow/example_dags/example_branch_day_of_week_operator.py for tasks to queue
[2023-02-13T19:02:53.395+0000] {logging_mixin.py:137} INFO - [2023-02-13T19:02:53.395+0000] {dagbag.py:538} INFO - Filling up the DagBag from /home/airflow/.local/lib/python3.7/site-packages/airflow/example_dags/example_branch_day_of_week_operator.py
[2023-02-13T19:02:53.414+0000] {processor.py:753} INFO - DAG(s) dict_keys(['example_weekday_branch_operator']) retrieved from /home/airflow/.local/lib/python3.7/site-packages/airflow/example_dags/example_branch_day_of_week_operator.py
[2023-02-13T19:02:53.457+0000] {logging_mixin.py:137} INFO - [2023-02-13T19:02:53.457+0000] {dag.py:2676} INFO - Sync 1 DAGs
[2023-02-13T19:02:53.492+0000] {logging_mixin.py:137} INFO - [2023-02-13T19:02:53.491+0000] {dag.py:3427} INFO - Setting next_dagrun for example_weekday_branch_operator to 2023-02-12T00:00:00+00:00, run_after=2023-02-13T00:00:00+00:00
[2023-02-13T19:02:53.519+0000] {processor.py:175} INFO - Processing /home/airflow/.local/lib/python3.7/site-packages/airflow/example_dags/example_branch_day_of_week_operator.py took 0.133 seconds
[2023-02-13T19:03:36.085+0000] {processor.py:153} INFO - Started process (PID=1072) to work on /home/airflow/.local/lib/python3.7/site-packages/airflow/example_dags/example_branch_day_of_week_operator.py
[2023-02-13T19:03:36.088+0000] {processor.py:743} INFO - Processing file /home/airflow/.local/lib/python3.7/site-packages/airflow/example_dags/example_branch_day_of_week_operator.py for tasks to queue
[2023-02-13T19:03:36.090+0000] {logging_mixin.py:137} INFO - [2023-02-13T19:03:36.090+0000] {dagbag.py:538} INFO - Filling up the DagBag from /home/airflow/.local/lib/python3.7/site-packages/airflow/example_dags/example_branch_day_of_week_operator.py
[2023-02-13T19:03:36.115+0000] {processor.py:753} INFO - DAG(s) dict_keys(['example_weekday_branch_operator']) retrieved from /home/airflow/.local/lib/python3.7/site-packages/airflow/example_dags/example_branch_day_of_week_operator.py
[2023-02-13T19:03:36.174+0000] {logging_mixin.py:137} INFO - [2023-02-13T19:03:36.173+0000] {dag.py:2676} INFO - Sync 1 DAGs
[2023-02-13T19:03:36.212+0000] {logging_mixin.py:137} INFO - [2023-02-13T19:03:36.212+0000] {dag.py:3427} INFO - Setting next_dagrun for example_weekday_branch_operator to 2023-02-12T00:00:00+00:00, run_after=2023-02-13T00:00:00+00:00
[2023-02-13T19:03:36.241+0000] {processor.py:175} INFO - Processing /home/airflow/.local/lib/python3.7/site-packages/airflow/example_dags/example_branch_day_of_week_operator.py took 0.161 seconds
[2023-02-13T19:04:06.522+0000] {processor.py:153} INFO - Started process (PID=1143) to work on /home/airflow/.local/lib/python3.7/site-packages/airflow/example_dags/example_branch_day_of_week_operator.py
[2023-02-13T19:04:06.524+0000] {processor.py:743} INFO - Processing file /home/airflow/.local/lib/python3.7/site-packages/airflow/example_dags/example_branch_day_of_week_operator.py for tasks to queue
[2023-02-13T19:04:06.527+0000] {logging_mixin.py:137} INFO - [2023-02-13T19:04:06.527+0000] {dagbag.py:538} INFO - Filling up the DagBag from /home/airflow/.local/lib/python3.7/site-packages/airflow/example_dags/example_branch_day_of_week_operator.py
[2023-02-13T19:04:06.550+0000] {processor.py:753} INFO - DAG(s) dict_keys(['example_weekday_branch_operator']) retrieved from /home/airflow/.local/lib/python3.7/site-packages/airflow/example_dags/example_branch_day_of_week_operator.py
[2023-02-13T19:04:06.601+0000] {logging_mixin.py:137} INFO - [2023-02-13T19:04:06.601+0000] {dag.py:2676} INFO - Sync 1 DAGs
[2023-02-13T19:04:06.639+0000] {logging_mixin.py:137} INFO - [2023-02-13T19:04:06.639+0000] {dag.py:3427} INFO - Setting next_dagrun for example_weekday_branch_operator to 2023-02-12T00:00:00+00:00, run_after=2023-02-13T00:00:00+00:00
[2023-02-13T19:04:06.665+0000] {processor.py:175} INFO - Processing /home/airflow/.local/lib/python3.7/site-packages/airflow/example_dags/example_branch_day_of_week_operator.py took 0.149 seconds
[2023-02-13T19:04:37.251+0000] {processor.py:153} INFO - Started process (PID=1221) to work on /home/airflow/.local/lib/python3.7/site-packages/airflow/example_dags/example_branch_day_of_week_operator.py
[2023-02-13T19:04:37.254+0000] {processor.py:743} INFO - Processing file /home/airflow/.local/lib/python3.7/site-packages/airflow/example_dags/example_branch_day_of_week_operator.py for tasks to queue
[2023-02-13T19:04:37.256+0000] {logging_mixin.py:137} INFO - [2023-02-13T19:04:37.255+0000] {dagbag.py:538} INFO - Filling up the DagBag from /home/airflow/.local/lib/python3.7/site-packages/airflow/example_dags/example_branch_day_of_week_operator.py
[2023-02-13T19:04:37.276+0000] {processor.py:753} INFO - DAG(s) dict_keys(['example_weekday_branch_operator']) retrieved from /home/airflow/.local/lib/python3.7/site-packages/airflow/example_dags/example_branch_day_of_week_operator.py
[2023-02-13T19:04:37.320+0000] {logging_mixin.py:137} INFO - [2023-02-13T19:04:37.320+0000] {dag.py:2676} INFO - Sync 1 DAGs
[2023-02-13T19:04:37.352+0000] {logging_mixin.py:137} INFO - [2023-02-13T19:04:37.351+0000] {dag.py:3427} INFO - Setting next_dagrun for example_weekday_branch_operator to 2023-02-12T00:00:00+00:00, run_after=2023-02-13T00:00:00+00:00
[2023-02-13T19:04:37.374+0000] {processor.py:175} INFO - Processing /home/airflow/.local/lib/python3.7/site-packages/airflow/example_dags/example_branch_day_of_week_operator.py took 0.128 seconds
[2023-02-13T19:09:14.218+0000] {processor.py:153} INFO - Started process (PID=72) to work on /home/airflow/.local/lib/python3.7/site-packages/airflow/example_dags/example_branch_day_of_week_operator.py
[2023-02-13T19:09:14.223+0000] {processor.py:743} INFO - Processing file /home/airflow/.local/lib/python3.7/site-packages/airflow/example_dags/example_branch_day_of_week_operator.py for tasks to queue
[2023-02-13T19:09:14.225+0000] {logging_mixin.py:137} INFO - [2023-02-13T19:09:14.225+0000] {dagbag.py:538} INFO - Filling up the DagBag from /home/airflow/.local/lib/python3.7/site-packages/airflow/example_dags/example_branch_day_of_week_operator.py
[2023-02-13T19:09:14.263+0000] {processor.py:753} INFO - DAG(s) dict_keys(['example_weekday_branch_operator']) retrieved from /home/airflow/.local/lib/python3.7/site-packages/airflow/example_dags/example_branch_day_of_week_operator.py
[2023-02-13T19:09:14.345+0000] {logging_mixin.py:137} INFO - [2023-02-13T19:09:14.345+0000] {dag.py:2676} INFO - Sync 1 DAGs
[2023-02-13T19:09:14.407+0000] {logging_mixin.py:137} INFO - [2023-02-13T19:09:14.407+0000] {dag.py:3427} INFO - Setting next_dagrun for example_weekday_branch_operator to 2023-02-12T00:00:00+00:00, run_after=2023-02-13T00:00:00+00:00
[2023-02-13T19:09:14.458+0000] {processor.py:175} INFO - Processing /home/airflow/.local/lib/python3.7/site-packages/airflow/example_dags/example_branch_day_of_week_operator.py took 0.245 seconds
[2023-02-13T19:09:44.591+0000] {processor.py:153} INFO - Started process (PID=144) to work on /home/airflow/.local/lib/python3.7/site-packages/airflow/example_dags/example_branch_day_of_week_operator.py
[2023-02-13T19:09:44.594+0000] {processor.py:743} INFO - Processing file /home/airflow/.local/lib/python3.7/site-packages/airflow/example_dags/example_branch_day_of_week_operator.py for tasks to queue
[2023-02-13T19:09:44.596+0000] {logging_mixin.py:137} INFO - [2023-02-13T19:09:44.596+0000] {dagbag.py:538} INFO - Filling up the DagBag from /home/airflow/.local/lib/python3.7/site-packages/airflow/example_dags/example_branch_day_of_week_operator.py
[2023-02-13T19:09:44.631+0000] {processor.py:753} INFO - DAG(s) dict_keys(['example_weekday_branch_operator']) retrieved from /home/airflow/.local/lib/python3.7/site-packages/airflow/example_dags/example_branch_day_of_week_operator.py
[2023-02-13T19:09:44.727+0000] {logging_mixin.py:137} INFO - [2023-02-13T19:09:44.727+0000] {dag.py:2676} INFO - Sync 1 DAGs
[2023-02-13T19:09:44.771+0000] {logging_mixin.py:137} INFO - [2023-02-13T19:09:44.771+0000] {dag.py:3427} INFO - Setting next_dagrun for example_weekday_branch_operator to 2023-02-12T00:00:00+00:00, run_after=2023-02-13T00:00:00+00:00
[2023-02-13T19:09:44.802+0000] {processor.py:175} INFO - Processing /home/airflow/.local/lib/python3.7/site-packages/airflow/example_dags/example_branch_day_of_week_operator.py took 0.219 seconds
[2023-02-13T19:10:15.293+0000] {processor.py:153} INFO - Started process (PID=231) to work on /home/airflow/.local/lib/python3.7/site-packages/airflow/example_dags/example_branch_day_of_week_operator.py
[2023-02-13T19:10:15.296+0000] {processor.py:743} INFO - Processing file /home/airflow/.local/lib/python3.7/site-packages/airflow/example_dags/example_branch_day_of_week_operator.py for tasks to queue
[2023-02-13T19:10:15.299+0000] {logging_mixin.py:137} INFO - [2023-02-13T19:10:15.299+0000] {dagbag.py:538} INFO - Filling up the DagBag from /home/airflow/.local/lib/python3.7/site-packages/airflow/example_dags/example_branch_day_of_week_operator.py
[2023-02-13T19:10:15.327+0000] {processor.py:753} INFO - DAG(s) dict_keys(['example_weekday_branch_operator']) retrieved from /home/airflow/.local/lib/python3.7/site-packages/airflow/example_dags/example_branch_day_of_week_operator.py
[2023-02-13T19:10:15.396+0000] {logging_mixin.py:137} INFO - [2023-02-13T19:10:15.396+0000] {dag.py:2676} INFO - Sync 1 DAGs
[2023-02-13T19:10:15.440+0000] {logging_mixin.py:137} INFO - [2023-02-13T19:10:15.440+0000] {dag.py:3427} INFO - Setting next_dagrun for example_weekday_branch_operator to 2023-02-12T00:00:00+00:00, run_after=2023-02-13T00:00:00+00:00
[2023-02-13T19:10:15.472+0000] {processor.py:175} INFO - Processing /home/airflow/.local/lib/python3.7/site-packages/airflow/example_dags/example_branch_day_of_week_operator.py took 0.186 seconds
