[2023-02-13T18:56:46.343+0000] {processor.py:153} INFO - Started process (PID=83) to work on /home/airflow/.local/lib/python3.7/site-packages/airflow/example_dags/example_sla_dag.py
[2023-02-13T18:56:46.346+0000] {processor.py:743} INFO - Processing file /home/airflow/.local/lib/python3.7/site-packages/airflow/example_dags/example_sla_dag.py for tasks to queue
[2023-02-13T18:56:46.347+0000] {logging_mixin.py:137} INFO - [2023-02-13T18:56:46.347+0000] {dagbag.py:538} INFO - Filling up the DagBag from /home/airflow/.local/lib/python3.7/site-packages/airflow/example_dags/example_sla_dag.py
[2023-02-13T18:56:46.376+0000] {processor.py:753} INFO - DAG(s) dict_keys(['example_sla_dag']) retrieved from /home/airflow/.local/lib/python3.7/site-packages/airflow/example_dags/example_sla_dag.py
[2023-02-13T18:56:46.428+0000] {logging_mixin.py:137} INFO - [2023-02-13T18:56:46.427+0000] {dag.py:2676} INFO - Sync 1 DAGs
[2023-02-13T18:56:46.466+0000] {logging_mixin.py:137} INFO - [2023-02-13T18:56:46.466+0000] {dag.py:3427} INFO - Setting next_dagrun for example_sla_dag to 2023-02-13T18:54:00+00:00, run_after=2023-02-13T18:56:00+00:00
[2023-02-13T18:56:46.500+0000] {processor.py:175} INFO - Processing /home/airflow/.local/lib/python3.7/site-packages/airflow/example_dags/example_sla_dag.py took 0.162 seconds
[2023-02-13T18:57:16.812+0000] {processor.py:153} INFO - Started process (PID=154) to work on /home/airflow/.local/lib/python3.7/site-packages/airflow/example_dags/example_sla_dag.py
[2023-02-13T18:57:16.814+0000] {processor.py:743} INFO - Processing file /home/airflow/.local/lib/python3.7/site-packages/airflow/example_dags/example_sla_dag.py for tasks to queue
[2023-02-13T18:57:16.815+0000] {logging_mixin.py:137} INFO - [2023-02-13T18:57:16.815+0000] {dagbag.py:538} INFO - Filling up the DagBag from /home/airflow/.local/lib/python3.7/site-packages/airflow/example_dags/example_sla_dag.py
[2023-02-13T18:57:16.843+0000] {processor.py:753} INFO - DAG(s) dict_keys(['example_sla_dag']) retrieved from /home/airflow/.local/lib/python3.7/site-packages/airflow/example_dags/example_sla_dag.py
[2023-02-13T18:57:16.892+0000] {logging_mixin.py:137} INFO - [2023-02-13T18:57:16.891+0000] {dag.py:2676} INFO - Sync 1 DAGs
[2023-02-13T18:57:16.932+0000] {logging_mixin.py:137} INFO - [2023-02-13T18:57:16.932+0000] {dag.py:3427} INFO - Setting next_dagrun for example_sla_dag to 2023-02-13T18:54:00+00:00, run_after=2023-02-13T18:56:00+00:00
[2023-02-13T18:57:16.959+0000] {processor.py:175} INFO - Processing /home/airflow/.local/lib/python3.7/site-packages/airflow/example_dags/example_sla_dag.py took 0.151 seconds
[2023-02-13T18:57:48.022+0000] {processor.py:153} INFO - Started process (PID=241) to work on /home/airflow/.local/lib/python3.7/site-packages/airflow/example_dags/example_sla_dag.py
[2023-02-13T18:57:48.025+0000] {processor.py:743} INFO - Processing file /home/airflow/.local/lib/python3.7/site-packages/airflow/example_dags/example_sla_dag.py for tasks to queue
[2023-02-13T18:57:48.027+0000] {logging_mixin.py:137} INFO - [2023-02-13T18:57:48.027+0000] {dagbag.py:538} INFO - Filling up the DagBag from /home/airflow/.local/lib/python3.7/site-packages/airflow/example_dags/example_sla_dag.py
[2023-02-13T18:57:48.065+0000] {processor.py:753} INFO - DAG(s) dict_keys(['example_sla_dag']) retrieved from /home/airflow/.local/lib/python3.7/site-packages/airflow/example_dags/example_sla_dag.py
[2023-02-13T18:57:48.126+0000] {logging_mixin.py:137} INFO - [2023-02-13T18:57:48.125+0000] {dag.py:2676} INFO - Sync 1 DAGs
[2023-02-13T18:57:48.172+0000] {logging_mixin.py:137} INFO - [2023-02-13T18:57:48.172+0000] {dag.py:3427} INFO - Setting next_dagrun for example_sla_dag to 2023-02-13T18:54:00+00:00, run_after=2023-02-13T18:56:00+00:00
[2023-02-13T18:57:48.205+0000] {processor.py:175} INFO - Processing /home/airflow/.local/lib/python3.7/site-packages/airflow/example_dags/example_sla_dag.py took 0.189 seconds
[2023-02-13T18:58:19.082+0000] {processor.py:153} INFO - Started process (PID=312) to work on /home/airflow/.local/lib/python3.7/site-packages/airflow/example_dags/example_sla_dag.py
[2023-02-13T18:58:19.086+0000] {processor.py:743} INFO - Processing file /home/airflow/.local/lib/python3.7/site-packages/airflow/example_dags/example_sla_dag.py for tasks to queue
[2023-02-13T18:58:19.087+0000] {logging_mixin.py:137} INFO - [2023-02-13T18:58:19.087+0000] {dagbag.py:538} INFO - Filling up the DagBag from /home/airflow/.local/lib/python3.7/site-packages/airflow/example_dags/example_sla_dag.py
[2023-02-13T18:58:19.123+0000] {processor.py:753} INFO - DAG(s) dict_keys(['example_sla_dag']) retrieved from /home/airflow/.local/lib/python3.7/site-packages/airflow/example_dags/example_sla_dag.py
[2023-02-13T18:58:19.176+0000] {logging_mixin.py:137} INFO - [2023-02-13T18:58:19.176+0000] {dag.py:2676} INFO - Sync 1 DAGs
[2023-02-13T18:58:19.217+0000] {logging_mixin.py:137} INFO - [2023-02-13T18:58:19.216+0000] {dag.py:3427} INFO - Setting next_dagrun for example_sla_dag to 2023-02-13T18:56:00+00:00, run_after=2023-02-13T18:58:00+00:00
[2023-02-13T18:58:19.238+0000] {processor.py:175} INFO - Processing /home/airflow/.local/lib/python3.7/site-packages/airflow/example_dags/example_sla_dag.py took 0.161 seconds
[2023-02-13T18:58:49.923+0000] {processor.py:153} INFO - Started process (PID=399) to work on /home/airflow/.local/lib/python3.7/site-packages/airflow/example_dags/example_sla_dag.py
[2023-02-13T18:58:49.929+0000] {processor.py:743} INFO - Processing file /home/airflow/.local/lib/python3.7/site-packages/airflow/example_dags/example_sla_dag.py for tasks to queue
[2023-02-13T18:58:49.934+0000] {logging_mixin.py:137} INFO - [2023-02-13T18:58:49.934+0000] {dagbag.py:538} INFO - Filling up the DagBag from /home/airflow/.local/lib/python3.7/site-packages/airflow/example_dags/example_sla_dag.py
[2023-02-13T18:58:50.005+0000] {processor.py:753} INFO - DAG(s) dict_keys(['example_sla_dag']) retrieved from /home/airflow/.local/lib/python3.7/site-packages/airflow/example_dags/example_sla_dag.py
[2023-02-13T18:58:50.084+0000] {logging_mixin.py:137} INFO - [2023-02-13T18:58:50.084+0000] {dag.py:2676} INFO - Sync 1 DAGs
[2023-02-13T18:58:50.127+0000] {logging_mixin.py:137} INFO - [2023-02-13T18:58:50.127+0000] {dag.py:3427} INFO - Setting next_dagrun for example_sla_dag to 2023-02-13T18:56:00+00:00, run_after=2023-02-13T18:58:00+00:00
[2023-02-13T18:58:50.160+0000] {processor.py:175} INFO - Processing /home/airflow/.local/lib/python3.7/site-packages/airflow/example_dags/example_sla_dag.py took 0.248 seconds
[2023-02-13T18:59:20.251+0000] {processor.py:153} INFO - Started process (PID=470) to work on /home/airflow/.local/lib/python3.7/site-packages/airflow/example_dags/example_sla_dag.py
[2023-02-13T18:59:20.255+0000] {processor.py:743} INFO - Processing file /home/airflow/.local/lib/python3.7/site-packages/airflow/example_dags/example_sla_dag.py for tasks to queue
[2023-02-13T18:59:20.261+0000] {logging_mixin.py:137} INFO - [2023-02-13T18:59:20.261+0000] {dagbag.py:538} INFO - Filling up the DagBag from /home/airflow/.local/lib/python3.7/site-packages/airflow/example_dags/example_sla_dag.py
[2023-02-13T18:59:20.317+0000] {processor.py:753} INFO - DAG(s) dict_keys(['example_sla_dag']) retrieved from /home/airflow/.local/lib/python3.7/site-packages/airflow/example_dags/example_sla_dag.py
[2023-02-13T18:59:20.437+0000] {logging_mixin.py:137} INFO - [2023-02-13T18:59:20.436+0000] {dag.py:2676} INFO - Sync 1 DAGs
[2023-02-13T18:59:20.562+0000] {logging_mixin.py:137} INFO - [2023-02-13T18:59:20.561+0000] {dag.py:3427} INFO - Setting next_dagrun for example_sla_dag to 2023-02-13T18:56:00+00:00, run_after=2023-02-13T18:58:00+00:00
[2023-02-13T18:59:20.628+0000] {processor.py:175} INFO - Processing /home/airflow/.local/lib/python3.7/site-packages/airflow/example_dags/example_sla_dag.py took 0.386 seconds
[2023-02-13T18:59:50.709+0000] {processor.py:153} INFO - Started process (PID=550) to work on /home/airflow/.local/lib/python3.7/site-packages/airflow/example_dags/example_sla_dag.py
[2023-02-13T18:59:50.712+0000] {processor.py:743} INFO - Processing file /home/airflow/.local/lib/python3.7/site-packages/airflow/example_dags/example_sla_dag.py for tasks to queue
[2023-02-13T18:59:50.714+0000] {logging_mixin.py:137} INFO - [2023-02-13T18:59:50.714+0000] {dagbag.py:538} INFO - Filling up the DagBag from /home/airflow/.local/lib/python3.7/site-packages/airflow/example_dags/example_sla_dag.py
[2023-02-13T18:59:50.742+0000] {processor.py:753} INFO - DAG(s) dict_keys(['example_sla_dag']) retrieved from /home/airflow/.local/lib/python3.7/site-packages/airflow/example_dags/example_sla_dag.py
[2023-02-13T18:59:50.786+0000] {logging_mixin.py:137} INFO - [2023-02-13T18:59:50.786+0000] {dag.py:2676} INFO - Sync 1 DAGs
[2023-02-13T18:59:50.821+0000] {logging_mixin.py:137} INFO - [2023-02-13T18:59:50.820+0000] {dag.py:3427} INFO - Setting next_dagrun for example_sla_dag to 2023-02-13T18:56:00+00:00, run_after=2023-02-13T18:58:00+00:00
[2023-02-13T18:59:50.843+0000] {processor.py:175} INFO - Processing /home/airflow/.local/lib/python3.7/site-packages/airflow/example_dags/example_sla_dag.py took 0.138 seconds
[2023-02-13T19:00:21.747+0000] {processor.py:153} INFO - Started process (PID=628) to work on /home/airflow/.local/lib/python3.7/site-packages/airflow/example_dags/example_sla_dag.py
[2023-02-13T19:00:21.749+0000] {processor.py:743} INFO - Processing file /home/airflow/.local/lib/python3.7/site-packages/airflow/example_dags/example_sla_dag.py for tasks to queue
[2023-02-13T19:00:21.751+0000] {logging_mixin.py:137} INFO - [2023-02-13T19:00:21.751+0000] {dagbag.py:538} INFO - Filling up the DagBag from /home/airflow/.local/lib/python3.7/site-packages/airflow/example_dags/example_sla_dag.py
[2023-02-13T19:00:21.782+0000] {processor.py:753} INFO - DAG(s) dict_keys(['example_sla_dag']) retrieved from /home/airflow/.local/lib/python3.7/site-packages/airflow/example_dags/example_sla_dag.py
[2023-02-13T19:00:21.829+0000] {logging_mixin.py:137} INFO - [2023-02-13T19:00:21.829+0000] {dag.py:2676} INFO - Sync 1 DAGs
[2023-02-13T19:00:21.864+0000] {logging_mixin.py:137} INFO - [2023-02-13T19:00:21.864+0000] {dag.py:3427} INFO - Setting next_dagrun for example_sla_dag to 2023-02-13T18:58:00+00:00, run_after=2023-02-13T19:00:00+00:00
[2023-02-13T19:00:21.885+0000] {processor.py:175} INFO - Processing /home/airflow/.local/lib/python3.7/site-packages/airflow/example_dags/example_sla_dag.py took 0.144 seconds
[2023-02-13T19:00:52.589+0000] {processor.py:153} INFO - Started process (PID=708) to work on /home/airflow/.local/lib/python3.7/site-packages/airflow/example_dags/example_sla_dag.py
[2023-02-13T19:00:52.591+0000] {processor.py:743} INFO - Processing file /home/airflow/.local/lib/python3.7/site-packages/airflow/example_dags/example_sla_dag.py for tasks to queue
[2023-02-13T19:00:52.592+0000] {logging_mixin.py:137} INFO - [2023-02-13T19:00:52.592+0000] {dagbag.py:538} INFO - Filling up the DagBag from /home/airflow/.local/lib/python3.7/site-packages/airflow/example_dags/example_sla_dag.py
[2023-02-13T19:00:52.619+0000] {processor.py:753} INFO - DAG(s) dict_keys(['example_sla_dag']) retrieved from /home/airflow/.local/lib/python3.7/site-packages/airflow/example_dags/example_sla_dag.py
[2023-02-13T19:00:52.662+0000] {logging_mixin.py:137} INFO - [2023-02-13T19:00:52.662+0000] {dag.py:2676} INFO - Sync 1 DAGs
[2023-02-13T19:00:52.694+0000] {logging_mixin.py:137} INFO - [2023-02-13T19:00:52.694+0000] {dag.py:3427} INFO - Setting next_dagrun for example_sla_dag to 2023-02-13T18:58:00+00:00, run_after=2023-02-13T19:00:00+00:00
[2023-02-13T19:00:52.718+0000] {processor.py:175} INFO - Processing /home/airflow/.local/lib/python3.7/site-packages/airflow/example_dags/example_sla_dag.py took 0.133 seconds
[2023-02-13T19:01:22.953+0000] {processor.py:153} INFO - Started process (PID=785) to work on /home/airflow/.local/lib/python3.7/site-packages/airflow/example_dags/example_sla_dag.py
[2023-02-13T19:01:22.956+0000] {processor.py:743} INFO - Processing file /home/airflow/.local/lib/python3.7/site-packages/airflow/example_dags/example_sla_dag.py for tasks to queue
[2023-02-13T19:01:22.957+0000] {logging_mixin.py:137} INFO - [2023-02-13T19:01:22.957+0000] {dagbag.py:538} INFO - Filling up the DagBag from /home/airflow/.local/lib/python3.7/site-packages/airflow/example_dags/example_sla_dag.py
[2023-02-13T19:01:22.986+0000] {processor.py:753} INFO - DAG(s) dict_keys(['example_sla_dag']) retrieved from /home/airflow/.local/lib/python3.7/site-packages/airflow/example_dags/example_sla_dag.py
[2023-02-13T19:01:23.028+0000] {logging_mixin.py:137} INFO - [2023-02-13T19:01:23.027+0000] {dag.py:2676} INFO - Sync 1 DAGs
[2023-02-13T19:01:23.059+0000] {logging_mixin.py:137} INFO - [2023-02-13T19:01:23.059+0000] {dag.py:3427} INFO - Setting next_dagrun for example_sla_dag to 2023-02-13T18:58:00+00:00, run_after=2023-02-13T19:00:00+00:00
[2023-02-13T19:01:23.078+0000] {processor.py:175} INFO - Processing /home/airflow/.local/lib/python3.7/site-packages/airflow/example_dags/example_sla_dag.py took 0.129 seconds
[2023-02-13T19:01:53.319+0000] {processor.py:153} INFO - Started process (PID=856) to work on /home/airflow/.local/lib/python3.7/site-packages/airflow/example_dags/example_sla_dag.py
[2023-02-13T19:01:53.321+0000] {processor.py:743} INFO - Processing file /home/airflow/.local/lib/python3.7/site-packages/airflow/example_dags/example_sla_dag.py for tasks to queue
[2023-02-13T19:01:53.323+0000] {logging_mixin.py:137} INFO - [2023-02-13T19:01:53.323+0000] {dagbag.py:538} INFO - Filling up the DagBag from /home/airflow/.local/lib/python3.7/site-packages/airflow/example_dags/example_sla_dag.py
[2023-02-13T19:01:53.353+0000] {processor.py:753} INFO - DAG(s) dict_keys(['example_sla_dag']) retrieved from /home/airflow/.local/lib/python3.7/site-packages/airflow/example_dags/example_sla_dag.py
[2023-02-13T19:01:53.395+0000] {logging_mixin.py:137} INFO - [2023-02-13T19:01:53.395+0000] {dag.py:2676} INFO - Sync 1 DAGs
[2023-02-13T19:01:53.427+0000] {logging_mixin.py:137} INFO - [2023-02-13T19:01:53.426+0000] {dag.py:3427} INFO - Setting next_dagrun for example_sla_dag to 2023-02-13T18:58:00+00:00, run_after=2023-02-13T19:00:00+00:00
[2023-02-13T19:01:53.448+0000] {processor.py:175} INFO - Processing /home/airflow/.local/lib/python3.7/site-packages/airflow/example_dags/example_sla_dag.py took 0.134 seconds
[2023-02-13T19:02:23.995+0000] {processor.py:153} INFO - Started process (PID=943) to work on /home/airflow/.local/lib/python3.7/site-packages/airflow/example_dags/example_sla_dag.py
[2023-02-13T19:02:23.997+0000] {processor.py:743} INFO - Processing file /home/airflow/.local/lib/python3.7/site-packages/airflow/example_dags/example_sla_dag.py for tasks to queue
[2023-02-13T19:02:23.999+0000] {logging_mixin.py:137} INFO - [2023-02-13T19:02:23.999+0000] {dagbag.py:538} INFO - Filling up the DagBag from /home/airflow/.local/lib/python3.7/site-packages/airflow/example_dags/example_sla_dag.py
[2023-02-13T19:02:24.029+0000] {processor.py:753} INFO - DAG(s) dict_keys(['example_sla_dag']) retrieved from /home/airflow/.local/lib/python3.7/site-packages/airflow/example_dags/example_sla_dag.py
[2023-02-13T19:02:24.071+0000] {logging_mixin.py:137} INFO - [2023-02-13T19:02:24.071+0000] {dag.py:2676} INFO - Sync 1 DAGs
[2023-02-13T19:02:24.103+0000] {logging_mixin.py:137} INFO - [2023-02-13T19:02:24.103+0000] {dag.py:3427} INFO - Setting next_dagrun for example_sla_dag to 2023-02-13T19:00:00+00:00, run_after=2023-02-13T19:02:00+00:00
[2023-02-13T19:02:24.123+0000] {processor.py:175} INFO - Processing /home/airflow/.local/lib/python3.7/site-packages/airflow/example_dags/example_sla_dag.py took 0.133 seconds
[2023-02-13T19:02:54.420+0000] {processor.py:153} INFO - Started process (PID=1014) to work on /home/airflow/.local/lib/python3.7/site-packages/airflow/example_dags/example_sla_dag.py
[2023-02-13T19:02:54.422+0000] {processor.py:743} INFO - Processing file /home/airflow/.local/lib/python3.7/site-packages/airflow/example_dags/example_sla_dag.py for tasks to queue
[2023-02-13T19:02:54.424+0000] {logging_mixin.py:137} INFO - [2023-02-13T19:02:54.424+0000] {dagbag.py:538} INFO - Filling up the DagBag from /home/airflow/.local/lib/python3.7/site-packages/airflow/example_dags/example_sla_dag.py
[2023-02-13T19:02:54.454+0000] {processor.py:753} INFO - DAG(s) dict_keys(['example_sla_dag']) retrieved from /home/airflow/.local/lib/python3.7/site-packages/airflow/example_dags/example_sla_dag.py
[2023-02-13T19:02:54.497+0000] {logging_mixin.py:137} INFO - [2023-02-13T19:02:54.497+0000] {dag.py:2676} INFO - Sync 1 DAGs
[2023-02-13T19:02:54.527+0000] {logging_mixin.py:137} INFO - [2023-02-13T19:02:54.527+0000] {dag.py:3427} INFO - Setting next_dagrun for example_sla_dag to 2023-02-13T19:00:00+00:00, run_after=2023-02-13T19:02:00+00:00
[2023-02-13T19:02:54.547+0000] {processor.py:175} INFO - Processing /home/airflow/.local/lib/python3.7/site-packages/airflow/example_dags/example_sla_dag.py took 0.132 seconds
[2023-02-13T19:03:37.201+0000] {processor.py:153} INFO - Started process (PID=1084) to work on /home/airflow/.local/lib/python3.7/site-packages/airflow/example_dags/example_sla_dag.py
[2023-02-13T19:03:37.204+0000] {processor.py:743} INFO - Processing file /home/airflow/.local/lib/python3.7/site-packages/airflow/example_dags/example_sla_dag.py for tasks to queue
[2023-02-13T19:03:37.205+0000] {logging_mixin.py:137} INFO - [2023-02-13T19:03:37.205+0000] {dagbag.py:538} INFO - Filling up the DagBag from /home/airflow/.local/lib/python3.7/site-packages/airflow/example_dags/example_sla_dag.py
[2023-02-13T19:03:37.232+0000] {processor.py:753} INFO - DAG(s) dict_keys(['example_sla_dag']) retrieved from /home/airflow/.local/lib/python3.7/site-packages/airflow/example_dags/example_sla_dag.py
[2023-02-13T19:03:37.275+0000] {logging_mixin.py:137} INFO - [2023-02-13T19:03:37.274+0000] {dag.py:2676} INFO - Sync 1 DAGs
[2023-02-13T19:03:37.307+0000] {logging_mixin.py:137} INFO - [2023-02-13T19:03:37.307+0000] {dag.py:3427} INFO - Setting next_dagrun for example_sla_dag to 2023-02-13T19:00:00+00:00, run_after=2023-02-13T19:02:00+00:00
[2023-02-13T19:03:37.328+0000] {processor.py:175} INFO - Processing /home/airflow/.local/lib/python3.7/site-packages/airflow/example_dags/example_sla_dag.py took 0.131 seconds
[2023-02-13T19:04:07.724+0000] {processor.py:153} INFO - Started process (PID=1155) to work on /home/airflow/.local/lib/python3.7/site-packages/airflow/example_dags/example_sla_dag.py
[2023-02-13T19:04:07.727+0000] {processor.py:743} INFO - Processing file /home/airflow/.local/lib/python3.7/site-packages/airflow/example_dags/example_sla_dag.py for tasks to queue
[2023-02-13T19:04:07.728+0000] {logging_mixin.py:137} INFO - [2023-02-13T19:04:07.728+0000] {dagbag.py:538} INFO - Filling up the DagBag from /home/airflow/.local/lib/python3.7/site-packages/airflow/example_dags/example_sla_dag.py
[2023-02-13T19:04:07.760+0000] {processor.py:753} INFO - DAG(s) dict_keys(['example_sla_dag']) retrieved from /home/airflow/.local/lib/python3.7/site-packages/airflow/example_dags/example_sla_dag.py
[2023-02-13T19:04:07.804+0000] {logging_mixin.py:137} INFO - [2023-02-13T19:04:07.804+0000] {dag.py:2676} INFO - Sync 1 DAGs
[2023-02-13T19:04:07.841+0000] {logging_mixin.py:137} INFO - [2023-02-13T19:04:07.841+0000] {dag.py:3427} INFO - Setting next_dagrun for example_sla_dag to 2023-02-13T19:02:00+00:00, run_after=2023-02-13T19:04:00+00:00
[2023-02-13T19:04:07.865+0000] {processor.py:175} INFO - Processing /home/airflow/.local/lib/python3.7/site-packages/airflow/example_dags/example_sla_dag.py took 0.146 seconds
[2023-02-13T19:04:38.415+0000] {processor.py:153} INFO - Started process (PID=1242) to work on /home/airflow/.local/lib/python3.7/site-packages/airflow/example_dags/example_sla_dag.py
[2023-02-13T19:04:38.417+0000] {processor.py:743} INFO - Processing file /home/airflow/.local/lib/python3.7/site-packages/airflow/example_dags/example_sla_dag.py for tasks to queue
[2023-02-13T19:04:38.419+0000] {logging_mixin.py:137} INFO - [2023-02-13T19:04:38.418+0000] {dagbag.py:538} INFO - Filling up the DagBag from /home/airflow/.local/lib/python3.7/site-packages/airflow/example_dags/example_sla_dag.py
[2023-02-13T19:04:38.448+0000] {processor.py:753} INFO - DAG(s) dict_keys(['example_sla_dag']) retrieved from /home/airflow/.local/lib/python3.7/site-packages/airflow/example_dags/example_sla_dag.py
[2023-02-13T19:04:38.492+0000] {logging_mixin.py:137} INFO - [2023-02-13T19:04:38.492+0000] {dag.py:2676} INFO - Sync 1 DAGs
[2023-02-13T19:04:38.529+0000] {logging_mixin.py:137} INFO - [2023-02-13T19:04:38.529+0000] {dag.py:3427} INFO - Setting next_dagrun for example_sla_dag to 2023-02-13T19:02:00+00:00, run_after=2023-02-13T19:04:00+00:00
[2023-02-13T19:04:38.554+0000] {processor.py:175} INFO - Processing /home/airflow/.local/lib/python3.7/site-packages/airflow/example_dags/example_sla_dag.py took 0.145 seconds
[2023-02-13T19:09:16.058+0000] {processor.py:153} INFO - Started process (PID=84) to work on /home/airflow/.local/lib/python3.7/site-packages/airflow/example_dags/example_sla_dag.py
[2023-02-13T19:09:16.063+0000] {processor.py:743} INFO - Processing file /home/airflow/.local/lib/python3.7/site-packages/airflow/example_dags/example_sla_dag.py for tasks to queue
[2023-02-13T19:09:16.066+0000] {logging_mixin.py:137} INFO - [2023-02-13T19:09:16.066+0000] {dagbag.py:538} INFO - Filling up the DagBag from /home/airflow/.local/lib/python3.7/site-packages/airflow/example_dags/example_sla_dag.py
[2023-02-13T19:09:16.130+0000] {processor.py:753} INFO - DAG(s) dict_keys(['example_sla_dag']) retrieved from /home/airflow/.local/lib/python3.7/site-packages/airflow/example_dags/example_sla_dag.py
[2023-02-13T19:09:16.205+0000] {logging_mixin.py:137} INFO - [2023-02-13T19:09:16.205+0000] {dag.py:2676} INFO - Sync 1 DAGs
[2023-02-13T19:09:16.255+0000] {logging_mixin.py:137} INFO - [2023-02-13T19:09:16.255+0000] {dag.py:3427} INFO - Setting next_dagrun for example_sla_dag to 2023-02-13T19:06:00+00:00, run_after=2023-02-13T19:08:00+00:00
[2023-02-13T19:09:16.286+0000] {processor.py:175} INFO - Processing /home/airflow/.local/lib/python3.7/site-packages/airflow/example_dags/example_sla_dag.py took 0.236 seconds
[2023-02-13T19:09:46.625+0000] {processor.py:153} INFO - Started process (PID=156) to work on /home/airflow/.local/lib/python3.7/site-packages/airflow/example_dags/example_sla_dag.py
[2023-02-13T19:09:46.628+0000] {processor.py:743} INFO - Processing file /home/airflow/.local/lib/python3.7/site-packages/airflow/example_dags/example_sla_dag.py for tasks to queue
[2023-02-13T19:09:46.631+0000] {logging_mixin.py:137} INFO - [2023-02-13T19:09:46.631+0000] {dagbag.py:538} INFO - Filling up the DagBag from /home/airflow/.local/lib/python3.7/site-packages/airflow/example_dags/example_sla_dag.py
[2023-02-13T19:09:46.667+0000] {processor.py:753} INFO - DAG(s) dict_keys(['example_sla_dag']) retrieved from /home/airflow/.local/lib/python3.7/site-packages/airflow/example_dags/example_sla_dag.py
[2023-02-13T19:09:46.722+0000] {logging_mixin.py:137} INFO - [2023-02-13T19:09:46.722+0000] {dag.py:2676} INFO - Sync 1 DAGs
[2023-02-13T19:09:46.763+0000] {logging_mixin.py:137} INFO - [2023-02-13T19:09:46.763+0000] {dag.py:3427} INFO - Setting next_dagrun for example_sla_dag to 2023-02-13T19:06:00+00:00, run_after=2023-02-13T19:08:00+00:00
[2023-02-13T19:09:46.789+0000] {processor.py:175} INFO - Processing /home/airflow/.local/lib/python3.7/site-packages/airflow/example_dags/example_sla_dag.py took 0.169 seconds
[2023-02-13T19:10:17.705+0000] {processor.py:153} INFO - Started process (PID=243) to work on /home/airflow/.local/lib/python3.7/site-packages/airflow/example_dags/example_sla_dag.py
[2023-02-13T19:10:17.707+0000] {processor.py:743} INFO - Processing file /home/airflow/.local/lib/python3.7/site-packages/airflow/example_dags/example_sla_dag.py for tasks to queue
[2023-02-13T19:10:17.709+0000] {logging_mixin.py:137} INFO - [2023-02-13T19:10:17.708+0000] {dagbag.py:538} INFO - Filling up the DagBag from /home/airflow/.local/lib/python3.7/site-packages/airflow/example_dags/example_sla_dag.py
[2023-02-13T19:10:17.737+0000] {processor.py:753} INFO - DAG(s) dict_keys(['example_sla_dag']) retrieved from /home/airflow/.local/lib/python3.7/site-packages/airflow/example_dags/example_sla_dag.py
[2023-02-13T19:10:17.785+0000] {logging_mixin.py:137} INFO - [2023-02-13T19:10:17.785+0000] {dag.py:2676} INFO - Sync 1 DAGs
[2023-02-13T19:10:17.825+0000] {logging_mixin.py:137} INFO - [2023-02-13T19:10:17.825+0000] {dag.py:3427} INFO - Setting next_dagrun for example_sla_dag to 2023-02-13T19:08:00+00:00, run_after=2023-02-13T19:10:00+00:00
[2023-02-13T19:10:17.853+0000] {processor.py:175} INFO - Processing /home/airflow/.local/lib/python3.7/site-packages/airflow/example_dags/example_sla_dag.py took 0.152 seconds
