[2023-02-13T18:56:44.463+0000] {processor.py:153} INFO - Started process (PID=69) to work on /home/airflow/.local/lib/python3.7/site-packages/airflow/example_dags/example_complex.py
[2023-02-13T18:56:44.466+0000] {processor.py:743} INFO - Processing file /home/airflow/.local/lib/python3.7/site-packages/airflow/example_dags/example_complex.py for tasks to queue
[2023-02-13T18:56:44.467+0000] {logging_mixin.py:137} INFO - [2023-02-13T18:56:44.467+0000] {dagbag.py:538} INFO - Filling up the DagBag from /home/airflow/.local/lib/python3.7/site-packages/airflow/example_dags/example_complex.py
[2023-02-13T18:56:44.487+0000] {logging_mixin.py:137} INFO - [2023-02-13T18:56:44.486+0000] {taskmixin.py:205} WARNING - Dependency <Task(BashOperator): create_entry_group>, delete_entry_group already registered for DAG: example_complex
[2023-02-13T18:56:44.489+0000] {logging_mixin.py:137} INFO - [2023-02-13T18:56:44.488+0000] {taskmixin.py:205} WARNING - Dependency <Task(BashOperator): delete_entry_group>, create_entry_group already registered for DAG: example_complex
[2023-02-13T18:56:44.490+0000] {logging_mixin.py:137} INFO - [2023-02-13T18:56:44.490+0000] {taskmixin.py:205} WARNING - Dependency <Task(BashOperator): create_entry_gcs>, delete_entry already registered for DAG: example_complex
[2023-02-13T18:56:44.492+0000] {logging_mixin.py:137} INFO - [2023-02-13T18:56:44.492+0000] {taskmixin.py:205} WARNING - Dependency <Task(BashOperator): delete_entry>, create_entry_gcs already registered for DAG: example_complex
[2023-02-13T18:56:44.494+0000] {logging_mixin.py:137} INFO - [2023-02-13T18:56:44.494+0000] {taskmixin.py:205} WARNING - Dependency <Task(BashOperator): create_tag>, delete_tag already registered for DAG: example_complex
[2023-02-13T18:56:44.495+0000] {logging_mixin.py:137} INFO - [2023-02-13T18:56:44.495+0000] {taskmixin.py:205} WARNING - Dependency <Task(BashOperator): delete_tag>, create_tag already registered for DAG: example_complex
[2023-02-13T18:56:44.510+0000] {processor.py:753} INFO - DAG(s) dict_keys(['example_complex']) retrieved from /home/airflow/.local/lib/python3.7/site-packages/airflow/example_dags/example_complex.py
[2023-02-13T18:56:44.578+0000] {logging_mixin.py:137} INFO - [2023-02-13T18:56:44.578+0000] {dag.py:2676} INFO - Sync 1 DAGs
[2023-02-13T18:56:44.618+0000] {logging_mixin.py:137} INFO - [2023-02-13T18:56:44.618+0000] {dag.py:3427} INFO - Setting next_dagrun for example_complex to None, run_after=None
[2023-02-13T18:56:44.646+0000] {processor.py:175} INFO - Processing /home/airflow/.local/lib/python3.7/site-packages/airflow/example_dags/example_complex.py took 0.186 seconds
[2023-02-13T18:57:15.269+0000] {processor.py:153} INFO - Started process (PID=140) to work on /home/airflow/.local/lib/python3.7/site-packages/airflow/example_dags/example_complex.py
[2023-02-13T18:57:15.271+0000] {processor.py:743} INFO - Processing file /home/airflow/.local/lib/python3.7/site-packages/airflow/example_dags/example_complex.py for tasks to queue
[2023-02-13T18:57:15.273+0000] {logging_mixin.py:137} INFO - [2023-02-13T18:57:15.273+0000] {dagbag.py:538} INFO - Filling up the DagBag from /home/airflow/.local/lib/python3.7/site-packages/airflow/example_dags/example_complex.py
[2023-02-13T18:57:15.294+0000] {logging_mixin.py:137} INFO - [2023-02-13T18:57:15.293+0000] {taskmixin.py:205} WARNING - Dependency <Task(BashOperator): create_entry_group>, delete_entry_group already registered for DAG: example_complex
[2023-02-13T18:57:15.295+0000] {logging_mixin.py:137} INFO - [2023-02-13T18:57:15.295+0000] {taskmixin.py:205} WARNING - Dependency <Task(BashOperator): delete_entry_group>, create_entry_group already registered for DAG: example_complex
[2023-02-13T18:57:15.297+0000] {logging_mixin.py:137} INFO - [2023-02-13T18:57:15.297+0000] {taskmixin.py:205} WARNING - Dependency <Task(BashOperator): create_entry_gcs>, delete_entry already registered for DAG: example_complex
[2023-02-13T18:57:15.298+0000] {logging_mixin.py:137} INFO - [2023-02-13T18:57:15.298+0000] {taskmixin.py:205} WARNING - Dependency <Task(BashOperator): delete_entry>, create_entry_gcs already registered for DAG: example_complex
[2023-02-13T18:57:15.301+0000] {logging_mixin.py:137} INFO - [2023-02-13T18:57:15.301+0000] {taskmixin.py:205} WARNING - Dependency <Task(BashOperator): create_tag>, delete_tag already registered for DAG: example_complex
[2023-02-13T18:57:15.303+0000] {logging_mixin.py:137} INFO - [2023-02-13T18:57:15.302+0000] {taskmixin.py:205} WARNING - Dependency <Task(BashOperator): delete_tag>, create_tag already registered for DAG: example_complex
[2023-02-13T18:57:15.314+0000] {processor.py:753} INFO - DAG(s) dict_keys(['example_complex']) retrieved from /home/airflow/.local/lib/python3.7/site-packages/airflow/example_dags/example_complex.py
[2023-02-13T18:57:15.377+0000] {logging_mixin.py:137} INFO - [2023-02-13T18:57:15.376+0000] {dag.py:2676} INFO - Sync 1 DAGs
[2023-02-13T18:57:15.412+0000] {logging_mixin.py:137} INFO - [2023-02-13T18:57:15.411+0000] {dag.py:3427} INFO - Setting next_dagrun for example_complex to None, run_after=None
[2023-02-13T18:57:15.440+0000] {processor.py:175} INFO - Processing /home/airflow/.local/lib/python3.7/site-packages/airflow/example_dags/example_complex.py took 0.177 seconds
[2023-02-13T18:57:46.372+0000] {processor.py:153} INFO - Started process (PID=220) to work on /home/airflow/.local/lib/python3.7/site-packages/airflow/example_dags/example_complex.py
[2023-02-13T18:57:46.375+0000] {processor.py:743} INFO - Processing file /home/airflow/.local/lib/python3.7/site-packages/airflow/example_dags/example_complex.py for tasks to queue
[2023-02-13T18:57:46.377+0000] {logging_mixin.py:137} INFO - [2023-02-13T18:57:46.377+0000] {dagbag.py:538} INFO - Filling up the DagBag from /home/airflow/.local/lib/python3.7/site-packages/airflow/example_dags/example_complex.py
[2023-02-13T18:57:46.393+0000] {logging_mixin.py:137} INFO - [2023-02-13T18:57:46.393+0000] {taskmixin.py:205} WARNING - Dependency <Task(BashOperator): create_entry_group>, delete_entry_group already registered for DAG: example_complex
[2023-02-13T18:57:46.395+0000] {logging_mixin.py:137} INFO - [2023-02-13T18:57:46.395+0000] {taskmixin.py:205} WARNING - Dependency <Task(BashOperator): delete_entry_group>, create_entry_group already registered for DAG: example_complex
[2023-02-13T18:57:46.396+0000] {logging_mixin.py:137} INFO - [2023-02-13T18:57:46.396+0000] {taskmixin.py:205} WARNING - Dependency <Task(BashOperator): create_entry_gcs>, delete_entry already registered for DAG: example_complex
[2023-02-13T18:57:46.397+0000] {logging_mixin.py:137} INFO - [2023-02-13T18:57:46.397+0000] {taskmixin.py:205} WARNING - Dependency <Task(BashOperator): delete_entry>, create_entry_gcs already registered for DAG: example_complex
[2023-02-13T18:57:46.399+0000] {logging_mixin.py:137} INFO - [2023-02-13T18:57:46.399+0000] {taskmixin.py:205} WARNING - Dependency <Task(BashOperator): create_tag>, delete_tag already registered for DAG: example_complex
[2023-02-13T18:57:46.400+0000] {logging_mixin.py:137} INFO - [2023-02-13T18:57:46.400+0000] {taskmixin.py:205} WARNING - Dependency <Task(BashOperator): delete_tag>, create_tag already registered for DAG: example_complex
[2023-02-13T18:57:46.414+0000] {processor.py:753} INFO - DAG(s) dict_keys(['example_complex']) retrieved from /home/airflow/.local/lib/python3.7/site-packages/airflow/example_dags/example_complex.py
[2023-02-13T18:57:46.489+0000] {logging_mixin.py:137} INFO - [2023-02-13T18:57:46.489+0000] {dag.py:2676} INFO - Sync 1 DAGs
[2023-02-13T18:57:46.534+0000] {logging_mixin.py:137} INFO - [2023-02-13T18:57:46.534+0000] {dag.py:3427} INFO - Setting next_dagrun for example_complex to None, run_after=None
[2023-02-13T18:57:46.561+0000] {processor.py:175} INFO - Processing /home/airflow/.local/lib/python3.7/site-packages/airflow/example_dags/example_complex.py took 0.194 seconds
[2023-02-13T18:58:17.497+0000] {processor.py:153} INFO - Started process (PID=298) to work on /home/airflow/.local/lib/python3.7/site-packages/airflow/example_dags/example_complex.py
[2023-02-13T18:58:17.500+0000] {processor.py:743} INFO - Processing file /home/airflow/.local/lib/python3.7/site-packages/airflow/example_dags/example_complex.py for tasks to queue
[2023-02-13T18:58:17.502+0000] {logging_mixin.py:137} INFO - [2023-02-13T18:58:17.502+0000] {dagbag.py:538} INFO - Filling up the DagBag from /home/airflow/.local/lib/python3.7/site-packages/airflow/example_dags/example_complex.py
[2023-02-13T18:58:17.523+0000] {logging_mixin.py:137} INFO - [2023-02-13T18:58:17.522+0000] {taskmixin.py:205} WARNING - Dependency <Task(BashOperator): create_entry_group>, delete_entry_group already registered for DAG: example_complex
[2023-02-13T18:58:17.524+0000] {logging_mixin.py:137} INFO - [2023-02-13T18:58:17.524+0000] {taskmixin.py:205} WARNING - Dependency <Task(BashOperator): delete_entry_group>, create_entry_group already registered for DAG: example_complex
[2023-02-13T18:58:17.525+0000] {logging_mixin.py:137} INFO - [2023-02-13T18:58:17.525+0000] {taskmixin.py:205} WARNING - Dependency <Task(BashOperator): create_entry_gcs>, delete_entry already registered for DAG: example_complex
[2023-02-13T18:58:17.526+0000] {logging_mixin.py:137} INFO - [2023-02-13T18:58:17.526+0000] {taskmixin.py:205} WARNING - Dependency <Task(BashOperator): delete_entry>, create_entry_gcs already registered for DAG: example_complex
[2023-02-13T18:58:17.527+0000] {logging_mixin.py:137} INFO - [2023-02-13T18:58:17.527+0000] {taskmixin.py:205} WARNING - Dependency <Task(BashOperator): create_tag>, delete_tag already registered for DAG: example_complex
[2023-02-13T18:58:17.528+0000] {logging_mixin.py:137} INFO - [2023-02-13T18:58:17.528+0000] {taskmixin.py:205} WARNING - Dependency <Task(BashOperator): delete_tag>, create_tag already registered for DAG: example_complex
[2023-02-13T18:58:17.538+0000] {processor.py:753} INFO - DAG(s) dict_keys(['example_complex']) retrieved from /home/airflow/.local/lib/python3.7/site-packages/airflow/example_dags/example_complex.py
[2023-02-13T18:58:17.586+0000] {logging_mixin.py:137} INFO - [2023-02-13T18:58:17.585+0000] {dag.py:2676} INFO - Sync 1 DAGs
[2023-02-13T18:58:17.614+0000] {logging_mixin.py:137} INFO - [2023-02-13T18:58:17.614+0000] {dag.py:3427} INFO - Setting next_dagrun for example_complex to None, run_after=None
[2023-02-13T18:58:17.635+0000] {processor.py:175} INFO - Processing /home/airflow/.local/lib/python3.7/site-packages/airflow/example_dags/example_complex.py took 0.143 seconds
[2023-02-13T18:58:47.991+0000] {processor.py:153} INFO - Started process (PID=376) to work on /home/airflow/.local/lib/python3.7/site-packages/airflow/example_dags/example_complex.py
[2023-02-13T18:58:47.994+0000] {processor.py:743} INFO - Processing file /home/airflow/.local/lib/python3.7/site-packages/airflow/example_dags/example_complex.py for tasks to queue
[2023-02-13T18:58:47.997+0000] {logging_mixin.py:137} INFO - [2023-02-13T18:58:47.997+0000] {dagbag.py:538} INFO - Filling up the DagBag from /home/airflow/.local/lib/python3.7/site-packages/airflow/example_dags/example_complex.py
[2023-02-13T18:58:48.017+0000] {logging_mixin.py:137} INFO - [2023-02-13T18:58:48.017+0000] {taskmixin.py:205} WARNING - Dependency <Task(BashOperator): create_entry_group>, delete_entry_group already registered for DAG: example_complex
[2023-02-13T18:58:48.019+0000] {logging_mixin.py:137} INFO - [2023-02-13T18:58:48.019+0000] {taskmixin.py:205} WARNING - Dependency <Task(BashOperator): delete_entry_group>, create_entry_group already registered for DAG: example_complex
[2023-02-13T18:58:48.020+0000] {logging_mixin.py:137} INFO - [2023-02-13T18:58:48.020+0000] {taskmixin.py:205} WARNING - Dependency <Task(BashOperator): create_entry_gcs>, delete_entry already registered for DAG: example_complex
[2023-02-13T18:58:48.022+0000] {logging_mixin.py:137} INFO - [2023-02-13T18:58:48.022+0000] {taskmixin.py:205} WARNING - Dependency <Task(BashOperator): delete_entry>, create_entry_gcs already registered for DAG: example_complex
[2023-02-13T18:58:48.024+0000] {logging_mixin.py:137} INFO - [2023-02-13T18:58:48.024+0000] {taskmixin.py:205} WARNING - Dependency <Task(BashOperator): create_tag>, delete_tag already registered for DAG: example_complex
[2023-02-13T18:58:48.026+0000] {logging_mixin.py:137} INFO - [2023-02-13T18:58:48.026+0000] {taskmixin.py:205} WARNING - Dependency <Task(BashOperator): delete_tag>, create_tag already registered for DAG: example_complex
[2023-02-13T18:58:48.038+0000] {processor.py:753} INFO - DAG(s) dict_keys(['example_complex']) retrieved from /home/airflow/.local/lib/python3.7/site-packages/airflow/example_dags/example_complex.py
[2023-02-13T18:58:48.103+0000] {logging_mixin.py:137} INFO - [2023-02-13T18:58:48.103+0000] {dag.py:2676} INFO - Sync 1 DAGs
[2023-02-13T18:58:48.142+0000] {logging_mixin.py:137} INFO - [2023-02-13T18:58:48.142+0000] {dag.py:3427} INFO - Setting next_dagrun for example_complex to None, run_after=None
[2023-02-13T18:58:48.169+0000] {processor.py:175} INFO - Processing /home/airflow/.local/lib/python3.7/site-packages/airflow/example_dags/example_complex.py took 0.183 seconds
[2023-02-13T18:59:18.610+0000] {processor.py:153} INFO - Started process (PID=456) to work on /home/airflow/.local/lib/python3.7/site-packages/airflow/example_dags/example_complex.py
[2023-02-13T18:59:18.613+0000] {processor.py:743} INFO - Processing file /home/airflow/.local/lib/python3.7/site-packages/airflow/example_dags/example_complex.py for tasks to queue
[2023-02-13T18:59:18.614+0000] {logging_mixin.py:137} INFO - [2023-02-13T18:59:18.614+0000] {dagbag.py:538} INFO - Filling up the DagBag from /home/airflow/.local/lib/python3.7/site-packages/airflow/example_dags/example_complex.py
[2023-02-13T18:59:18.631+0000] {logging_mixin.py:137} INFO - [2023-02-13T18:59:18.631+0000] {taskmixin.py:205} WARNING - Dependency <Task(BashOperator): create_entry_group>, delete_entry_group already registered for DAG: example_complex
[2023-02-13T18:59:18.633+0000] {logging_mixin.py:137} INFO - [2023-02-13T18:59:18.632+0000] {taskmixin.py:205} WARNING - Dependency <Task(BashOperator): delete_entry_group>, create_entry_group already registered for DAG: example_complex
[2023-02-13T18:59:18.634+0000] {logging_mixin.py:137} INFO - [2023-02-13T18:59:18.634+0000] {taskmixin.py:205} WARNING - Dependency <Task(BashOperator): create_entry_gcs>, delete_entry already registered for DAG: example_complex
[2023-02-13T18:59:18.635+0000] {logging_mixin.py:137} INFO - [2023-02-13T18:59:18.635+0000] {taskmixin.py:205} WARNING - Dependency <Task(BashOperator): delete_entry>, create_entry_gcs already registered for DAG: example_complex
[2023-02-13T18:59:18.636+0000] {logging_mixin.py:137} INFO - [2023-02-13T18:59:18.636+0000] {taskmixin.py:205} WARNING - Dependency <Task(BashOperator): create_tag>, delete_tag already registered for DAG: example_complex
[2023-02-13T18:59:18.637+0000] {logging_mixin.py:137} INFO - [2023-02-13T18:59:18.637+0000] {taskmixin.py:205} WARNING - Dependency <Task(BashOperator): delete_tag>, create_tag already registered for DAG: example_complex
[2023-02-13T18:59:18.647+0000] {processor.py:753} INFO - DAG(s) dict_keys(['example_complex']) retrieved from /home/airflow/.local/lib/python3.7/site-packages/airflow/example_dags/example_complex.py
[2023-02-13T18:59:18.700+0000] {logging_mixin.py:137} INFO - [2023-02-13T18:59:18.700+0000] {dag.py:2676} INFO - Sync 1 DAGs
[2023-02-13T18:59:18.733+0000] {logging_mixin.py:137} INFO - [2023-02-13T18:59:18.732+0000] {dag.py:3427} INFO - Setting next_dagrun for example_complex to None, run_after=None
[2023-02-13T18:59:18.765+0000] {processor.py:175} INFO - Processing /home/airflow/.local/lib/python3.7/site-packages/airflow/example_dags/example_complex.py took 0.159 seconds
[2023-02-13T18:59:49.543+0000] {processor.py:153} INFO - Started process (PID=527) to work on /home/airflow/.local/lib/python3.7/site-packages/airflow/example_dags/example_complex.py
[2023-02-13T18:59:49.545+0000] {processor.py:743} INFO - Processing file /home/airflow/.local/lib/python3.7/site-packages/airflow/example_dags/example_complex.py for tasks to queue
[2023-02-13T18:59:49.547+0000] {logging_mixin.py:137} INFO - [2023-02-13T18:59:49.547+0000] {dagbag.py:538} INFO - Filling up the DagBag from /home/airflow/.local/lib/python3.7/site-packages/airflow/example_dags/example_complex.py
[2023-02-13T18:59:49.562+0000] {logging_mixin.py:137} INFO - [2023-02-13T18:59:49.561+0000] {taskmixin.py:205} WARNING - Dependency <Task(BashOperator): create_entry_group>, delete_entry_group already registered for DAG: example_complex
[2023-02-13T18:59:49.563+0000] {logging_mixin.py:137} INFO - [2023-02-13T18:59:49.563+0000] {taskmixin.py:205} WARNING - Dependency <Task(BashOperator): delete_entry_group>, create_entry_group already registered for DAG: example_complex
[2023-02-13T18:59:49.564+0000] {logging_mixin.py:137} INFO - [2023-02-13T18:59:49.564+0000] {taskmixin.py:205} WARNING - Dependency <Task(BashOperator): create_entry_gcs>, delete_entry already registered for DAG: example_complex
[2023-02-13T18:59:49.565+0000] {logging_mixin.py:137} INFO - [2023-02-13T18:59:49.565+0000] {taskmixin.py:205} WARNING - Dependency <Task(BashOperator): delete_entry>, create_entry_gcs already registered for DAG: example_complex
[2023-02-13T18:59:49.566+0000] {logging_mixin.py:137} INFO - [2023-02-13T18:59:49.566+0000] {taskmixin.py:205} WARNING - Dependency <Task(BashOperator): create_tag>, delete_tag already registered for DAG: example_complex
[2023-02-13T18:59:49.567+0000] {logging_mixin.py:137} INFO - [2023-02-13T18:59:49.567+0000] {taskmixin.py:205} WARNING - Dependency <Task(BashOperator): delete_tag>, create_tag already registered for DAG: example_complex
[2023-02-13T18:59:49.576+0000] {processor.py:753} INFO - DAG(s) dict_keys(['example_complex']) retrieved from /home/airflow/.local/lib/python3.7/site-packages/airflow/example_dags/example_complex.py
[2023-02-13T18:59:49.626+0000] {logging_mixin.py:137} INFO - [2023-02-13T18:59:49.626+0000] {dag.py:2676} INFO - Sync 1 DAGs
[2023-02-13T18:59:49.653+0000] {logging_mixin.py:137} INFO - [2023-02-13T18:59:49.653+0000] {dag.py:3427} INFO - Setting next_dagrun for example_complex to None, run_after=None
[2023-02-13T18:59:49.673+0000] {processor.py:175} INFO - Processing /home/airflow/.local/lib/python3.7/site-packages/airflow/example_dags/example_complex.py took 0.134 seconds
[2023-02-13T19:00:20.472+0000] {processor.py:153} INFO - Started process (PID=614) to work on /home/airflow/.local/lib/python3.7/site-packages/airflow/example_dags/example_complex.py
[2023-02-13T19:00:20.474+0000] {processor.py:743} INFO - Processing file /home/airflow/.local/lib/python3.7/site-packages/airflow/example_dags/example_complex.py for tasks to queue
[2023-02-13T19:00:20.476+0000] {logging_mixin.py:137} INFO - [2023-02-13T19:00:20.476+0000] {dagbag.py:538} INFO - Filling up the DagBag from /home/airflow/.local/lib/python3.7/site-packages/airflow/example_dags/example_complex.py
[2023-02-13T19:00:20.493+0000] {logging_mixin.py:137} INFO - [2023-02-13T19:00:20.493+0000] {taskmixin.py:205} WARNING - Dependency <Task(BashOperator): create_entry_group>, delete_entry_group already registered for DAG: example_complex
[2023-02-13T19:00:20.495+0000] {logging_mixin.py:137} INFO - [2023-02-13T19:00:20.494+0000] {taskmixin.py:205} WARNING - Dependency <Task(BashOperator): delete_entry_group>, create_entry_group already registered for DAG: example_complex
[2023-02-13T19:00:20.496+0000] {logging_mixin.py:137} INFO - [2023-02-13T19:00:20.496+0000] {taskmixin.py:205} WARNING - Dependency <Task(BashOperator): create_entry_gcs>, delete_entry already registered for DAG: example_complex
[2023-02-13T19:00:20.497+0000] {logging_mixin.py:137} INFO - [2023-02-13T19:00:20.497+0000] {taskmixin.py:205} WARNING - Dependency <Task(BashOperator): delete_entry>, create_entry_gcs already registered for DAG: example_complex
[2023-02-13T19:00:20.498+0000] {logging_mixin.py:137} INFO - [2023-02-13T19:00:20.498+0000] {taskmixin.py:205} WARNING - Dependency <Task(BashOperator): create_tag>, delete_tag already registered for DAG: example_complex
[2023-02-13T19:00:20.499+0000] {logging_mixin.py:137} INFO - [2023-02-13T19:00:20.499+0000] {taskmixin.py:205} WARNING - Dependency <Task(BashOperator): delete_tag>, create_tag already registered for DAG: example_complex
[2023-02-13T19:00:20.510+0000] {processor.py:753} INFO - DAG(s) dict_keys(['example_complex']) retrieved from /home/airflow/.local/lib/python3.7/site-packages/airflow/example_dags/example_complex.py
[2023-02-13T19:00:20.559+0000] {logging_mixin.py:137} INFO - [2023-02-13T19:00:20.559+0000] {dag.py:2676} INFO - Sync 1 DAGs
[2023-02-13T19:00:20.589+0000] {logging_mixin.py:137} INFO - [2023-02-13T19:00:20.589+0000] {dag.py:3427} INFO - Setting next_dagrun for example_complex to None, run_after=None
[2023-02-13T19:00:20.611+0000] {processor.py:175} INFO - Processing /home/airflow/.local/lib/python3.7/site-packages/airflow/example_dags/example_complex.py took 0.145 seconds
[2023-02-13T19:00:51.332+0000] {processor.py:153} INFO - Started process (PID=685) to work on /home/airflow/.local/lib/python3.7/site-packages/airflow/example_dags/example_complex.py
[2023-02-13T19:00:51.334+0000] {processor.py:743} INFO - Processing file /home/airflow/.local/lib/python3.7/site-packages/airflow/example_dags/example_complex.py for tasks to queue
[2023-02-13T19:00:51.335+0000] {logging_mixin.py:137} INFO - [2023-02-13T19:00:51.335+0000] {dagbag.py:538} INFO - Filling up the DagBag from /home/airflow/.local/lib/python3.7/site-packages/airflow/example_dags/example_complex.py
[2023-02-13T19:00:51.349+0000] {logging_mixin.py:137} INFO - [2023-02-13T19:00:51.349+0000] {taskmixin.py:205} WARNING - Dependency <Task(BashOperator): create_entry_group>, delete_entry_group already registered for DAG: example_complex
[2023-02-13T19:00:51.350+0000] {logging_mixin.py:137} INFO - [2023-02-13T19:00:51.350+0000] {taskmixin.py:205} WARNING - Dependency <Task(BashOperator): delete_entry_group>, create_entry_group already registered for DAG: example_complex
[2023-02-13T19:00:51.351+0000] {logging_mixin.py:137} INFO - [2023-02-13T19:00:51.351+0000] {taskmixin.py:205} WARNING - Dependency <Task(BashOperator): create_entry_gcs>, delete_entry already registered for DAG: example_complex
[2023-02-13T19:00:51.352+0000] {logging_mixin.py:137} INFO - [2023-02-13T19:00:51.352+0000] {taskmixin.py:205} WARNING - Dependency <Task(BashOperator): delete_entry>, create_entry_gcs already registered for DAG: example_complex
[2023-02-13T19:00:51.353+0000] {logging_mixin.py:137} INFO - [2023-02-13T19:00:51.353+0000] {taskmixin.py:205} WARNING - Dependency <Task(BashOperator): create_tag>, delete_tag already registered for DAG: example_complex
[2023-02-13T19:00:51.354+0000] {logging_mixin.py:137} INFO - [2023-02-13T19:00:51.354+0000] {taskmixin.py:205} WARNING - Dependency <Task(BashOperator): delete_tag>, create_tag already registered for DAG: example_complex
[2023-02-13T19:00:51.363+0000] {processor.py:753} INFO - DAG(s) dict_keys(['example_complex']) retrieved from /home/airflow/.local/lib/python3.7/site-packages/airflow/example_dags/example_complex.py
[2023-02-13T19:00:51.411+0000] {logging_mixin.py:137} INFO - [2023-02-13T19:00:51.411+0000] {dag.py:2676} INFO - Sync 1 DAGs
[2023-02-13T19:00:51.442+0000] {logging_mixin.py:137} INFO - [2023-02-13T19:00:51.441+0000] {dag.py:3427} INFO - Setting next_dagrun for example_complex to None, run_after=None
[2023-02-13T19:00:51.462+0000] {processor.py:175} INFO - Processing /home/airflow/.local/lib/python3.7/site-packages/airflow/example_dags/example_complex.py took 0.133 seconds
[2023-02-13T19:01:21.821+0000] {processor.py:153} INFO - Started process (PID=771) to work on /home/airflow/.local/lib/python3.7/site-packages/airflow/example_dags/example_complex.py
[2023-02-13T19:01:21.823+0000] {processor.py:743} INFO - Processing file /home/airflow/.local/lib/python3.7/site-packages/airflow/example_dags/example_complex.py for tasks to queue
[2023-02-13T19:01:21.824+0000] {logging_mixin.py:137} INFO - [2023-02-13T19:01:21.824+0000] {dagbag.py:538} INFO - Filling up the DagBag from /home/airflow/.local/lib/python3.7/site-packages/airflow/example_dags/example_complex.py
[2023-02-13T19:01:21.838+0000] {logging_mixin.py:137} INFO - [2023-02-13T19:01:21.838+0000] {taskmixin.py:205} WARNING - Dependency <Task(BashOperator): create_entry_group>, delete_entry_group already registered for DAG: example_complex
[2023-02-13T19:01:21.840+0000] {logging_mixin.py:137} INFO - [2023-02-13T19:01:21.840+0000] {taskmixin.py:205} WARNING - Dependency <Task(BashOperator): delete_entry_group>, create_entry_group already registered for DAG: example_complex
[2023-02-13T19:01:21.842+0000] {logging_mixin.py:137} INFO - [2023-02-13T19:01:21.841+0000] {taskmixin.py:205} WARNING - Dependency <Task(BashOperator): create_entry_gcs>, delete_entry already registered for DAG: example_complex
[2023-02-13T19:01:21.843+0000] {logging_mixin.py:137} INFO - [2023-02-13T19:01:21.843+0000] {taskmixin.py:205} WARNING - Dependency <Task(BashOperator): delete_entry>, create_entry_gcs already registered for DAG: example_complex
[2023-02-13T19:01:21.844+0000] {logging_mixin.py:137} INFO - [2023-02-13T19:01:21.844+0000] {taskmixin.py:205} WARNING - Dependency <Task(BashOperator): create_tag>, delete_tag already registered for DAG: example_complex
[2023-02-13T19:01:21.845+0000] {logging_mixin.py:137} INFO - [2023-02-13T19:01:21.845+0000] {taskmixin.py:205} WARNING - Dependency <Task(BashOperator): delete_tag>, create_tag already registered for DAG: example_complex
[2023-02-13T19:01:21.853+0000] {processor.py:753} INFO - DAG(s) dict_keys(['example_complex']) retrieved from /home/airflow/.local/lib/python3.7/site-packages/airflow/example_dags/example_complex.py
[2023-02-13T19:01:21.903+0000] {logging_mixin.py:137} INFO - [2023-02-13T19:01:21.903+0000] {dag.py:2676} INFO - Sync 1 DAGs
[2023-02-13T19:01:21.938+0000] {logging_mixin.py:137} INFO - [2023-02-13T19:01:21.938+0000] {dag.py:3427} INFO - Setting next_dagrun for example_complex to None, run_after=None
[2023-02-13T19:01:21.967+0000] {processor.py:175} INFO - Processing /home/airflow/.local/lib/python3.7/site-packages/airflow/example_dags/example_complex.py took 0.150 seconds
[2023-02-13T19:01:52.137+0000] {processor.py:153} INFO - Started process (PID=842) to work on /home/airflow/.local/lib/python3.7/site-packages/airflow/example_dags/example_complex.py
[2023-02-13T19:01:52.140+0000] {processor.py:743} INFO - Processing file /home/airflow/.local/lib/python3.7/site-packages/airflow/example_dags/example_complex.py for tasks to queue
[2023-02-13T19:01:52.142+0000] {logging_mixin.py:137} INFO - [2023-02-13T19:01:52.141+0000] {dagbag.py:538} INFO - Filling up the DagBag from /home/airflow/.local/lib/python3.7/site-packages/airflow/example_dags/example_complex.py
[2023-02-13T19:01:52.159+0000] {logging_mixin.py:137} INFO - [2023-02-13T19:01:52.158+0000] {taskmixin.py:205} WARNING - Dependency <Task(BashOperator): create_entry_group>, delete_entry_group already registered for DAG: example_complex
[2023-02-13T19:01:52.160+0000] {logging_mixin.py:137} INFO - [2023-02-13T19:01:52.160+0000] {taskmixin.py:205} WARNING - Dependency <Task(BashOperator): delete_entry_group>, create_entry_group already registered for DAG: example_complex
[2023-02-13T19:01:52.162+0000] {logging_mixin.py:137} INFO - [2023-02-13T19:01:52.162+0000] {taskmixin.py:205} WARNING - Dependency <Task(BashOperator): create_entry_gcs>, delete_entry already registered for DAG: example_complex
[2023-02-13T19:01:52.163+0000] {logging_mixin.py:137} INFO - [2023-02-13T19:01:52.163+0000] {taskmixin.py:205} WARNING - Dependency <Task(BashOperator): delete_entry>, create_entry_gcs already registered for DAG: example_complex
[2023-02-13T19:01:52.165+0000] {logging_mixin.py:137} INFO - [2023-02-13T19:01:52.165+0000] {taskmixin.py:205} WARNING - Dependency <Task(BashOperator): create_tag>, delete_tag already registered for DAG: example_complex
[2023-02-13T19:01:52.167+0000] {logging_mixin.py:137} INFO - [2023-02-13T19:01:52.167+0000] {taskmixin.py:205} WARNING - Dependency <Task(BashOperator): delete_tag>, create_tag already registered for DAG: example_complex
[2023-02-13T19:01:52.178+0000] {processor.py:753} INFO - DAG(s) dict_keys(['example_complex']) retrieved from /home/airflow/.local/lib/python3.7/site-packages/airflow/example_dags/example_complex.py
[2023-02-13T19:01:52.238+0000] {logging_mixin.py:137} INFO - [2023-02-13T19:01:52.238+0000] {dag.py:2676} INFO - Sync 1 DAGs
[2023-02-13T19:01:52.267+0000] {logging_mixin.py:137} INFO - [2023-02-13T19:01:52.267+0000] {dag.py:3427} INFO - Setting next_dagrun for example_complex to None, run_after=None
[2023-02-13T19:01:52.289+0000] {processor.py:175} INFO - Processing /home/airflow/.local/lib/python3.7/site-packages/airflow/example_dags/example_complex.py took 0.157 seconds
[2023-02-13T19:02:22.578+0000] {processor.py:153} INFO - Started process (PID=929) to work on /home/airflow/.local/lib/python3.7/site-packages/airflow/example_dags/example_complex.py
[2023-02-13T19:02:22.580+0000] {processor.py:743} INFO - Processing file /home/airflow/.local/lib/python3.7/site-packages/airflow/example_dags/example_complex.py for tasks to queue
[2023-02-13T19:02:22.582+0000] {logging_mixin.py:137} INFO - [2023-02-13T19:02:22.582+0000] {dagbag.py:538} INFO - Filling up the DagBag from /home/airflow/.local/lib/python3.7/site-packages/airflow/example_dags/example_complex.py
[2023-02-13T19:02:22.598+0000] {logging_mixin.py:137} INFO - [2023-02-13T19:02:22.597+0000] {taskmixin.py:205} WARNING - Dependency <Task(BashOperator): create_entry_group>, delete_entry_group already registered for DAG: example_complex
[2023-02-13T19:02:22.599+0000] {logging_mixin.py:137} INFO - [2023-02-13T19:02:22.599+0000] {taskmixin.py:205} WARNING - Dependency <Task(BashOperator): delete_entry_group>, create_entry_group already registered for DAG: example_complex
[2023-02-13T19:02:22.600+0000] {logging_mixin.py:137} INFO - [2023-02-13T19:02:22.600+0000] {taskmixin.py:205} WARNING - Dependency <Task(BashOperator): create_entry_gcs>, delete_entry already registered for DAG: example_complex
[2023-02-13T19:02:22.601+0000] {logging_mixin.py:137} INFO - [2023-02-13T19:02:22.601+0000] {taskmixin.py:205} WARNING - Dependency <Task(BashOperator): delete_entry>, create_entry_gcs already registered for DAG: example_complex
[2023-02-13T19:02:22.602+0000] {logging_mixin.py:137} INFO - [2023-02-13T19:02:22.602+0000] {taskmixin.py:205} WARNING - Dependency <Task(BashOperator): create_tag>, delete_tag already registered for DAG: example_complex
[2023-02-13T19:02:22.604+0000] {logging_mixin.py:137} INFO - [2023-02-13T19:02:22.603+0000] {taskmixin.py:205} WARNING - Dependency <Task(BashOperator): delete_tag>, create_tag already registered for DAG: example_complex
[2023-02-13T19:02:22.613+0000] {processor.py:753} INFO - DAG(s) dict_keys(['example_complex']) retrieved from /home/airflow/.local/lib/python3.7/site-packages/airflow/example_dags/example_complex.py
[2023-02-13T19:02:22.663+0000] {logging_mixin.py:137} INFO - [2023-02-13T19:02:22.663+0000] {dag.py:2676} INFO - Sync 1 DAGs
[2023-02-13T19:02:22.691+0000] {logging_mixin.py:137} INFO - [2023-02-13T19:02:22.691+0000] {dag.py:3427} INFO - Setting next_dagrun for example_complex to None, run_after=None
[2023-02-13T19:02:22.716+0000] {processor.py:175} INFO - Processing /home/airflow/.local/lib/python3.7/site-packages/airflow/example_dags/example_complex.py took 0.142 seconds
[2023-02-13T19:02:53.222+0000] {processor.py:153} INFO - Started process (PID=1000) to work on /home/airflow/.local/lib/python3.7/site-packages/airflow/example_dags/example_complex.py
[2023-02-13T19:02:53.224+0000] {processor.py:743} INFO - Processing file /home/airflow/.local/lib/python3.7/site-packages/airflow/example_dags/example_complex.py for tasks to queue
[2023-02-13T19:02:53.226+0000] {logging_mixin.py:137} INFO - [2023-02-13T19:02:53.226+0000] {dagbag.py:538} INFO - Filling up the DagBag from /home/airflow/.local/lib/python3.7/site-packages/airflow/example_dags/example_complex.py
[2023-02-13T19:02:53.243+0000] {logging_mixin.py:137} INFO - [2023-02-13T19:02:53.243+0000] {taskmixin.py:205} WARNING - Dependency <Task(BashOperator): create_entry_group>, delete_entry_group already registered for DAG: example_complex
[2023-02-13T19:02:53.244+0000] {logging_mixin.py:137} INFO - [2023-02-13T19:02:53.244+0000] {taskmixin.py:205} WARNING - Dependency <Task(BashOperator): delete_entry_group>, create_entry_group already registered for DAG: example_complex
[2023-02-13T19:02:53.247+0000] {logging_mixin.py:137} INFO - [2023-02-13T19:02:53.246+0000] {taskmixin.py:205} WARNING - Dependency <Task(BashOperator): create_entry_gcs>, delete_entry already registered for DAG: example_complex
[2023-02-13T19:02:53.248+0000] {logging_mixin.py:137} INFO - [2023-02-13T19:02:53.248+0000] {taskmixin.py:205} WARNING - Dependency <Task(BashOperator): delete_entry>, create_entry_gcs already registered for DAG: example_complex
[2023-02-13T19:02:53.249+0000] {logging_mixin.py:137} INFO - [2023-02-13T19:02:53.249+0000] {taskmixin.py:205} WARNING - Dependency <Task(BashOperator): create_tag>, delete_tag already registered for DAG: example_complex
[2023-02-13T19:02:53.250+0000] {logging_mixin.py:137} INFO - [2023-02-13T19:02:53.250+0000] {taskmixin.py:205} WARNING - Dependency <Task(BashOperator): delete_tag>, create_tag already registered for DAG: example_complex
[2023-02-13T19:02:53.259+0000] {processor.py:753} INFO - DAG(s) dict_keys(['example_complex']) retrieved from /home/airflow/.local/lib/python3.7/site-packages/airflow/example_dags/example_complex.py
[2023-02-13T19:02:53.307+0000] {logging_mixin.py:137} INFO - [2023-02-13T19:02:53.307+0000] {dag.py:2676} INFO - Sync 1 DAGs
[2023-02-13T19:02:53.337+0000] {logging_mixin.py:137} INFO - [2023-02-13T19:02:53.336+0000] {dag.py:3427} INFO - Setting next_dagrun for example_complex to None, run_after=None
[2023-02-13T19:02:53.359+0000] {processor.py:175} INFO - Processing /home/airflow/.local/lib/python3.7/site-packages/airflow/example_dags/example_complex.py took 0.141 seconds
[2023-02-13T19:03:35.874+0000] {processor.py:153} INFO - Started process (PID=1070) to work on /home/airflow/.local/lib/python3.7/site-packages/airflow/example_dags/example_complex.py
[2023-02-13T19:03:35.877+0000] {processor.py:743} INFO - Processing file /home/airflow/.local/lib/python3.7/site-packages/airflow/example_dags/example_complex.py for tasks to queue
[2023-02-13T19:03:35.879+0000] {logging_mixin.py:137} INFO - [2023-02-13T19:03:35.879+0000] {dagbag.py:538} INFO - Filling up the DagBag from /home/airflow/.local/lib/python3.7/site-packages/airflow/example_dags/example_complex.py
[2023-02-13T19:03:35.893+0000] {logging_mixin.py:137} INFO - [2023-02-13T19:03:35.893+0000] {taskmixin.py:205} WARNING - Dependency <Task(BashOperator): create_entry_group>, delete_entry_group already registered for DAG: example_complex
[2023-02-13T19:03:35.895+0000] {logging_mixin.py:137} INFO - [2023-02-13T19:03:35.894+0000] {taskmixin.py:205} WARNING - Dependency <Task(BashOperator): delete_entry_group>, create_entry_group already registered for DAG: example_complex
[2023-02-13T19:03:35.897+0000] {logging_mixin.py:137} INFO - [2023-02-13T19:03:35.897+0000] {taskmixin.py:205} WARNING - Dependency <Task(BashOperator): create_entry_gcs>, delete_entry already registered for DAG: example_complex
[2023-02-13T19:03:35.899+0000] {logging_mixin.py:137} INFO - [2023-02-13T19:03:35.899+0000] {taskmixin.py:205} WARNING - Dependency <Task(BashOperator): delete_entry>, create_entry_gcs already registered for DAG: example_complex
[2023-02-13T19:03:35.900+0000] {logging_mixin.py:137} INFO - [2023-02-13T19:03:35.900+0000] {taskmixin.py:205} WARNING - Dependency <Task(BashOperator): create_tag>, delete_tag already registered for DAG: example_complex
[2023-02-13T19:03:35.901+0000] {logging_mixin.py:137} INFO - [2023-02-13T19:03:35.901+0000] {taskmixin.py:205} WARNING - Dependency <Task(BashOperator): delete_tag>, create_tag already registered for DAG: example_complex
[2023-02-13T19:03:35.911+0000] {processor.py:753} INFO - DAG(s) dict_keys(['example_complex']) retrieved from /home/airflow/.local/lib/python3.7/site-packages/airflow/example_dags/example_complex.py
[2023-02-13T19:03:35.975+0000] {logging_mixin.py:137} INFO - [2023-02-13T19:03:35.974+0000] {dag.py:2676} INFO - Sync 1 DAGs
[2023-02-13T19:03:36.014+0000] {logging_mixin.py:137} INFO - [2023-02-13T19:03:36.014+0000] {dag.py:3427} INFO - Setting next_dagrun for example_complex to None, run_after=None
[2023-02-13T19:03:36.046+0000] {processor.py:175} INFO - Processing /home/airflow/.local/lib/python3.7/site-packages/airflow/example_dags/example_complex.py took 0.176 seconds
[2023-02-13T19:04:06.329+0000] {processor.py:153} INFO - Started process (PID=1141) to work on /home/airflow/.local/lib/python3.7/site-packages/airflow/example_dags/example_complex.py
[2023-02-13T19:04:06.332+0000] {processor.py:743} INFO - Processing file /home/airflow/.local/lib/python3.7/site-packages/airflow/example_dags/example_complex.py for tasks to queue
[2023-02-13T19:04:06.334+0000] {logging_mixin.py:137} INFO - [2023-02-13T19:04:06.333+0000] {dagbag.py:538} INFO - Filling up the DagBag from /home/airflow/.local/lib/python3.7/site-packages/airflow/example_dags/example_complex.py
[2023-02-13T19:04:06.351+0000] {logging_mixin.py:137} INFO - [2023-02-13T19:04:06.351+0000] {taskmixin.py:205} WARNING - Dependency <Task(BashOperator): create_entry_group>, delete_entry_group already registered for DAG: example_complex
[2023-02-13T19:04:06.352+0000] {logging_mixin.py:137} INFO - [2023-02-13T19:04:06.352+0000] {taskmixin.py:205} WARNING - Dependency <Task(BashOperator): delete_entry_group>, create_entry_group already registered for DAG: example_complex
[2023-02-13T19:04:06.354+0000] {logging_mixin.py:137} INFO - [2023-02-13T19:04:06.353+0000] {taskmixin.py:205} WARNING - Dependency <Task(BashOperator): create_entry_gcs>, delete_entry already registered for DAG: example_complex
[2023-02-13T19:04:06.355+0000] {logging_mixin.py:137} INFO - [2023-02-13T19:04:06.355+0000] {taskmixin.py:205} WARNING - Dependency <Task(BashOperator): delete_entry>, create_entry_gcs already registered for DAG: example_complex
[2023-02-13T19:04:06.356+0000] {logging_mixin.py:137} INFO - [2023-02-13T19:04:06.356+0000] {taskmixin.py:205} WARNING - Dependency <Task(BashOperator): create_tag>, delete_tag already registered for DAG: example_complex
[2023-02-13T19:04:06.357+0000] {logging_mixin.py:137} INFO - [2023-02-13T19:04:06.357+0000] {taskmixin.py:205} WARNING - Dependency <Task(BashOperator): delete_tag>, create_tag already registered for DAG: example_complex
[2023-02-13T19:04:06.367+0000] {processor.py:753} INFO - DAG(s) dict_keys(['example_complex']) retrieved from /home/airflow/.local/lib/python3.7/site-packages/airflow/example_dags/example_complex.py
[2023-02-13T19:04:06.418+0000] {logging_mixin.py:137} INFO - [2023-02-13T19:04:06.418+0000] {dag.py:2676} INFO - Sync 1 DAGs
[2023-02-13T19:04:06.455+0000] {logging_mixin.py:137} INFO - [2023-02-13T19:04:06.455+0000] {dag.py:3427} INFO - Setting next_dagrun for example_complex to None, run_after=None
[2023-02-13T19:04:06.482+0000] {processor.py:175} INFO - Processing /home/airflow/.local/lib/python3.7/site-packages/airflow/example_dags/example_complex.py took 0.157 seconds
[2023-02-13T19:04:37.029+0000] {processor.py:153} INFO - Started process (PID=1212) to work on /home/airflow/.local/lib/python3.7/site-packages/airflow/example_dags/example_complex.py
[2023-02-13T19:04:37.031+0000] {processor.py:743} INFO - Processing file /home/airflow/.local/lib/python3.7/site-packages/airflow/example_dags/example_complex.py for tasks to queue
[2023-02-13T19:04:37.033+0000] {logging_mixin.py:137} INFO - [2023-02-13T19:04:37.033+0000] {dagbag.py:538} INFO - Filling up the DagBag from /home/airflow/.local/lib/python3.7/site-packages/airflow/example_dags/example_complex.py
[2023-02-13T19:04:37.050+0000] {logging_mixin.py:137} INFO - [2023-02-13T19:04:37.050+0000] {taskmixin.py:205} WARNING - Dependency <Task(BashOperator): create_entry_group>, delete_entry_group already registered for DAG: example_complex
[2023-02-13T19:04:37.052+0000] {logging_mixin.py:137} INFO - [2023-02-13T19:04:37.052+0000] {taskmixin.py:205} WARNING - Dependency <Task(BashOperator): delete_entry_group>, create_entry_group already registered for DAG: example_complex
[2023-02-13T19:04:37.054+0000] {logging_mixin.py:137} INFO - [2023-02-13T19:04:37.054+0000] {taskmixin.py:205} WARNING - Dependency <Task(BashOperator): create_entry_gcs>, delete_entry already registered for DAG: example_complex
[2023-02-13T19:04:37.057+0000] {logging_mixin.py:137} INFO - [2023-02-13T19:04:37.056+0000] {taskmixin.py:205} WARNING - Dependency <Task(BashOperator): delete_entry>, create_entry_gcs already registered for DAG: example_complex
[2023-02-13T19:04:37.058+0000] {logging_mixin.py:137} INFO - [2023-02-13T19:04:37.058+0000] {taskmixin.py:205} WARNING - Dependency <Task(BashOperator): create_tag>, delete_tag already registered for DAG: example_complex
[2023-02-13T19:04:37.060+0000] {logging_mixin.py:137} INFO - [2023-02-13T19:04:37.059+0000] {taskmixin.py:205} WARNING - Dependency <Task(BashOperator): delete_tag>, create_tag already registered for DAG: example_complex
[2023-02-13T19:04:37.071+0000] {processor.py:753} INFO - DAG(s) dict_keys(['example_complex']) retrieved from /home/airflow/.local/lib/python3.7/site-packages/airflow/example_dags/example_complex.py
[2023-02-13T19:04:37.126+0000] {logging_mixin.py:137} INFO - [2023-02-13T19:04:37.126+0000] {dag.py:2676} INFO - Sync 1 DAGs
[2023-02-13T19:04:37.174+0000] {logging_mixin.py:137} INFO - [2023-02-13T19:04:37.173+0000] {dag.py:3427} INFO - Setting next_dagrun for example_complex to None, run_after=None
[2023-02-13T19:04:37.213+0000] {processor.py:175} INFO - Processing /home/airflow/.local/lib/python3.7/site-packages/airflow/example_dags/example_complex.py took 0.189 seconds
[2023-02-13T19:09:13.939+0000] {processor.py:153} INFO - Started process (PID=70) to work on /home/airflow/.local/lib/python3.7/site-packages/airflow/example_dags/example_complex.py
[2023-02-13T19:09:13.943+0000] {processor.py:743} INFO - Processing file /home/airflow/.local/lib/python3.7/site-packages/airflow/example_dags/example_complex.py for tasks to queue
[2023-02-13T19:09:13.946+0000] {logging_mixin.py:137} INFO - [2023-02-13T19:09:13.946+0000] {dagbag.py:538} INFO - Filling up the DagBag from /home/airflow/.local/lib/python3.7/site-packages/airflow/example_dags/example_complex.py
[2023-02-13T19:09:13.972+0000] {logging_mixin.py:137} INFO - [2023-02-13T19:09:13.972+0000] {taskmixin.py:205} WARNING - Dependency <Task(BashOperator): create_entry_group>, delete_entry_group already registered for DAG: example_complex
[2023-02-13T19:09:13.976+0000] {logging_mixin.py:137} INFO - [2023-02-13T19:09:13.976+0000] {taskmixin.py:205} WARNING - Dependency <Task(BashOperator): delete_entry_group>, create_entry_group already registered for DAG: example_complex
[2023-02-13T19:09:13.978+0000] {logging_mixin.py:137} INFO - [2023-02-13T19:09:13.978+0000] {taskmixin.py:205} WARNING - Dependency <Task(BashOperator): create_entry_gcs>, delete_entry already registered for DAG: example_complex
[2023-02-13T19:09:13.980+0000] {logging_mixin.py:137} INFO - [2023-02-13T19:09:13.980+0000] {taskmixin.py:205} WARNING - Dependency <Task(BashOperator): delete_entry>, create_entry_gcs already registered for DAG: example_complex
[2023-02-13T19:09:13.982+0000] {logging_mixin.py:137} INFO - [2023-02-13T19:09:13.981+0000] {taskmixin.py:205} WARNING - Dependency <Task(BashOperator): create_tag>, delete_tag already registered for DAG: example_complex
[2023-02-13T19:09:13.983+0000] {logging_mixin.py:137} INFO - [2023-02-13T19:09:13.983+0000] {taskmixin.py:205} WARNING - Dependency <Task(BashOperator): delete_tag>, create_tag already registered for DAG: example_complex
[2023-02-13T19:09:13.997+0000] {processor.py:753} INFO - DAG(s) dict_keys(['example_complex']) retrieved from /home/airflow/.local/lib/python3.7/site-packages/airflow/example_dags/example_complex.py
[2023-02-13T19:09:14.085+0000] {logging_mixin.py:137} INFO - [2023-02-13T19:09:14.085+0000] {dag.py:2676} INFO - Sync 1 DAGs
[2023-02-13T19:09:14.131+0000] {logging_mixin.py:137} INFO - [2023-02-13T19:09:14.131+0000] {dag.py:3427} INFO - Setting next_dagrun for example_complex to None, run_after=None
[2023-02-13T19:09:14.163+0000] {processor.py:175} INFO - Processing /home/airflow/.local/lib/python3.7/site-packages/airflow/example_dags/example_complex.py took 0.229 seconds
[2023-02-13T19:09:44.295+0000] {processor.py:153} INFO - Started process (PID=142) to work on /home/airflow/.local/lib/python3.7/site-packages/airflow/example_dags/example_complex.py
[2023-02-13T19:09:44.300+0000] {processor.py:743} INFO - Processing file /home/airflow/.local/lib/python3.7/site-packages/airflow/example_dags/example_complex.py for tasks to queue
[2023-02-13T19:09:44.303+0000] {logging_mixin.py:137} INFO - [2023-02-13T19:09:44.303+0000] {dagbag.py:538} INFO - Filling up the DagBag from /home/airflow/.local/lib/python3.7/site-packages/airflow/example_dags/example_complex.py
[2023-02-13T19:09:44.328+0000] {logging_mixin.py:137} INFO - [2023-02-13T19:09:44.328+0000] {taskmixin.py:205} WARNING - Dependency <Task(BashOperator): create_entry_group>, delete_entry_group already registered for DAG: example_complex
[2023-02-13T19:09:44.330+0000] {logging_mixin.py:137} INFO - [2023-02-13T19:09:44.330+0000] {taskmixin.py:205} WARNING - Dependency <Task(BashOperator): delete_entry_group>, create_entry_group already registered for DAG: example_complex
[2023-02-13T19:09:44.332+0000] {logging_mixin.py:137} INFO - [2023-02-13T19:09:44.332+0000] {taskmixin.py:205} WARNING - Dependency <Task(BashOperator): create_entry_gcs>, delete_entry already registered for DAG: example_complex
[2023-02-13T19:09:44.334+0000] {logging_mixin.py:137} INFO - [2023-02-13T19:09:44.334+0000] {taskmixin.py:205} WARNING - Dependency <Task(BashOperator): delete_entry>, create_entry_gcs already registered for DAG: example_complex
[2023-02-13T19:09:44.336+0000] {logging_mixin.py:137} INFO - [2023-02-13T19:09:44.336+0000] {taskmixin.py:205} WARNING - Dependency <Task(BashOperator): create_tag>, delete_tag already registered for DAG: example_complex
[2023-02-13T19:09:44.338+0000] {logging_mixin.py:137} INFO - [2023-02-13T19:09:44.338+0000] {taskmixin.py:205} WARNING - Dependency <Task(BashOperator): delete_tag>, create_tag already registered for DAG: example_complex
[2023-02-13T19:09:44.352+0000] {processor.py:753} INFO - DAG(s) dict_keys(['example_complex']) retrieved from /home/airflow/.local/lib/python3.7/site-packages/airflow/example_dags/example_complex.py
[2023-02-13T19:09:44.439+0000] {logging_mixin.py:137} INFO - [2023-02-13T19:09:44.439+0000] {dag.py:2676} INFO - Sync 1 DAGs
[2023-02-13T19:09:44.494+0000] {logging_mixin.py:137} INFO - [2023-02-13T19:09:44.494+0000] {dag.py:3427} INFO - Setting next_dagrun for example_complex to None, run_after=None
[2023-02-13T19:09:44.529+0000] {processor.py:175} INFO - Processing /home/airflow/.local/lib/python3.7/site-packages/airflow/example_dags/example_complex.py took 0.241 seconds
[2023-02-13T19:10:15.010+0000] {processor.py:153} INFO - Started process (PID=229) to work on /home/airflow/.local/lib/python3.7/site-packages/airflow/example_dags/example_complex.py
[2023-02-13T19:10:15.015+0000] {processor.py:743} INFO - Processing file /home/airflow/.local/lib/python3.7/site-packages/airflow/example_dags/example_complex.py for tasks to queue
[2023-02-13T19:10:15.020+0000] {logging_mixin.py:137} INFO - [2023-02-13T19:10:15.019+0000] {dagbag.py:538} INFO - Filling up the DagBag from /home/airflow/.local/lib/python3.7/site-packages/airflow/example_dags/example_complex.py
[2023-02-13T19:10:15.041+0000] {logging_mixin.py:137} INFO - [2023-02-13T19:10:15.041+0000] {taskmixin.py:205} WARNING - Dependency <Task(BashOperator): create_entry_group>, delete_entry_group already registered for DAG: example_complex
[2023-02-13T19:10:15.043+0000] {logging_mixin.py:137} INFO - [2023-02-13T19:10:15.043+0000] {taskmixin.py:205} WARNING - Dependency <Task(BashOperator): delete_entry_group>, create_entry_group already registered for DAG: example_complex
[2023-02-13T19:10:15.046+0000] {logging_mixin.py:137} INFO - [2023-02-13T19:10:15.046+0000] {taskmixin.py:205} WARNING - Dependency <Task(BashOperator): create_entry_gcs>, delete_entry already registered for DAG: example_complex
[2023-02-13T19:10:15.048+0000] {logging_mixin.py:137} INFO - [2023-02-13T19:10:15.047+0000] {taskmixin.py:205} WARNING - Dependency <Task(BashOperator): delete_entry>, create_entry_gcs already registered for DAG: example_complex
[2023-02-13T19:10:15.051+0000] {logging_mixin.py:137} INFO - [2023-02-13T19:10:15.051+0000] {taskmixin.py:205} WARNING - Dependency <Task(BashOperator): create_tag>, delete_tag already registered for DAG: example_complex
[2023-02-13T19:10:15.053+0000] {logging_mixin.py:137} INFO - [2023-02-13T19:10:15.053+0000] {taskmixin.py:205} WARNING - Dependency <Task(BashOperator): delete_tag>, create_tag already registered for DAG: example_complex
[2023-02-13T19:10:15.068+0000] {processor.py:753} INFO - DAG(s) dict_keys(['example_complex']) retrieved from /home/airflow/.local/lib/python3.7/site-packages/airflow/example_dags/example_complex.py
[2023-02-13T19:10:15.153+0000] {logging_mixin.py:137} INFO - [2023-02-13T19:10:15.153+0000] {dag.py:2676} INFO - Sync 1 DAGs
[2023-02-13T19:10:15.207+0000] {logging_mixin.py:137} INFO - [2023-02-13T19:10:15.207+0000] {dag.py:3427} INFO - Setting next_dagrun for example_complex to None, run_after=None
[2023-02-13T19:10:15.241+0000] {processor.py:175} INFO - Processing /home/airflow/.local/lib/python3.7/site-packages/airflow/example_dags/example_complex.py took 0.240 seconds
