[2023-02-13T18:56:44.934+0000] {processor.py:153} INFO - Started process (PID=73) to work on /home/airflow/.local/lib/python3.7/site-packages/airflow/example_dags/example_latest_only_with_trigger.py
[2023-02-13T18:56:44.936+0000] {processor.py:743} INFO - Processing file /home/airflow/.local/lib/python3.7/site-packages/airflow/example_dags/example_latest_only_with_trigger.py for tasks to queue
[2023-02-13T18:56:44.939+0000] {logging_mixin.py:137} INFO - [2023-02-13T18:56:44.939+0000] {dagbag.py:538} INFO - Filling up the DagBag from /home/airflow/.local/lib/python3.7/site-packages/airflow/example_dags/example_latest_only_with_trigger.py
[2023-02-13T18:56:44.962+0000] {processor.py:753} INFO - DAG(s) dict_keys(['latest_only_with_trigger']) retrieved from /home/airflow/.local/lib/python3.7/site-packages/airflow/example_dags/example_latest_only_with_trigger.py
[2023-02-13T18:56:45.022+0000] {logging_mixin.py:137} INFO - [2023-02-13T18:56:45.022+0000] {dag.py:2676} INFO - Sync 1 DAGs
[2023-02-13T18:56:45.058+0000] {logging_mixin.py:137} INFO - [2023-02-13T18:56:45.058+0000] {dag.py:3427} INFO - Setting next_dagrun for latest_only_with_trigger to 2023-02-13T14:56:45.058169+00:00, run_after=2023-02-13T18:56:45.058169+00:00
[2023-02-13T18:56:45.086+0000] {processor.py:175} INFO - Processing /home/airflow/.local/lib/python3.7/site-packages/airflow/example_dags/example_latest_only_with_trigger.py took 0.156 seconds
[2023-02-13T18:57:15.656+0000] {processor.py:153} INFO - Started process (PID=144) to work on /home/airflow/.local/lib/python3.7/site-packages/airflow/example_dags/example_latest_only_with_trigger.py
[2023-02-13T18:57:15.658+0000] {processor.py:743} INFO - Processing file /home/airflow/.local/lib/python3.7/site-packages/airflow/example_dags/example_latest_only_with_trigger.py for tasks to queue
[2023-02-13T18:57:15.660+0000] {logging_mixin.py:137} INFO - [2023-02-13T18:57:15.659+0000] {dagbag.py:538} INFO - Filling up the DagBag from /home/airflow/.local/lib/python3.7/site-packages/airflow/example_dags/example_latest_only_with_trigger.py
[2023-02-13T18:57:15.680+0000] {processor.py:753} INFO - DAG(s) dict_keys(['latest_only_with_trigger']) retrieved from /home/airflow/.local/lib/python3.7/site-packages/airflow/example_dags/example_latest_only_with_trigger.py
[2023-02-13T18:57:15.736+0000] {logging_mixin.py:137} INFO - [2023-02-13T18:57:15.736+0000] {dag.py:2676} INFO - Sync 1 DAGs
[2023-02-13T18:57:15.777+0000] {logging_mixin.py:137} INFO - [2023-02-13T18:57:15.776+0000] {dag.py:3427} INFO - Setting next_dagrun for latest_only_with_trigger to 2023-02-13T14:57:15.776457+00:00, run_after=2023-02-13T18:57:15.776457+00:00
[2023-02-13T18:57:15.807+0000] {processor.py:175} INFO - Processing /home/airflow/.local/lib/python3.7/site-packages/airflow/example_dags/example_latest_only_with_trigger.py took 0.155 seconds
[2023-02-13T18:57:46.781+0000] {processor.py:153} INFO - Started process (PID=224) to work on /home/airflow/.local/lib/python3.7/site-packages/airflow/example_dags/example_latest_only_with_trigger.py
[2023-02-13T18:57:46.788+0000] {processor.py:743} INFO - Processing file /home/airflow/.local/lib/python3.7/site-packages/airflow/example_dags/example_latest_only_with_trigger.py for tasks to queue
[2023-02-13T18:57:46.789+0000] {logging_mixin.py:137} INFO - [2023-02-13T18:57:46.789+0000] {dagbag.py:538} INFO - Filling up the DagBag from /home/airflow/.local/lib/python3.7/site-packages/airflow/example_dags/example_latest_only_with_trigger.py
[2023-02-13T18:57:46.836+0000] {processor.py:753} INFO - DAG(s) dict_keys(['latest_only_with_trigger']) retrieved from /home/airflow/.local/lib/python3.7/site-packages/airflow/example_dags/example_latest_only_with_trigger.py
[2023-02-13T18:57:46.913+0000] {logging_mixin.py:137} INFO - [2023-02-13T18:57:46.913+0000] {dag.py:2676} INFO - Sync 1 DAGs
[2023-02-13T18:57:46.948+0000] {logging_mixin.py:137} INFO - [2023-02-13T18:57:46.948+0000] {dag.py:3427} INFO - Setting next_dagrun for latest_only_with_trigger to 2023-02-13T14:57:46.947800+00:00, run_after=2023-02-13T18:57:46.947800+00:00
[2023-02-13T18:57:46.973+0000] {processor.py:175} INFO - Processing /home/airflow/.local/lib/python3.7/site-packages/airflow/example_dags/example_latest_only_with_trigger.py took 0.201 seconds
[2023-02-13T18:58:17.819+0000] {processor.py:153} INFO - Started process (PID=302) to work on /home/airflow/.local/lib/python3.7/site-packages/airflow/example_dags/example_latest_only_with_trigger.py
[2023-02-13T18:58:17.821+0000] {processor.py:743} INFO - Processing file /home/airflow/.local/lib/python3.7/site-packages/airflow/example_dags/example_latest_only_with_trigger.py for tasks to queue
[2023-02-13T18:58:17.822+0000] {logging_mixin.py:137} INFO - [2023-02-13T18:58:17.822+0000] {dagbag.py:538} INFO - Filling up the DagBag from /home/airflow/.local/lib/python3.7/site-packages/airflow/example_dags/example_latest_only_with_trigger.py
[2023-02-13T18:58:17.840+0000] {processor.py:753} INFO - DAG(s) dict_keys(['latest_only_with_trigger']) retrieved from /home/airflow/.local/lib/python3.7/site-packages/airflow/example_dags/example_latest_only_with_trigger.py
[2023-02-13T18:58:17.914+0000] {logging_mixin.py:137} INFO - [2023-02-13T18:58:17.914+0000] {dag.py:2676} INFO - Sync 1 DAGs
[2023-02-13T18:58:17.945+0000] {logging_mixin.py:137} INFO - [2023-02-13T18:58:17.945+0000] {dag.py:3427} INFO - Setting next_dagrun for latest_only_with_trigger to 2023-02-13T14:58:17.945227+00:00, run_after=2023-02-13T18:58:17.945227+00:00
[2023-02-13T18:58:17.972+0000] {processor.py:175} INFO - Processing /home/airflow/.local/lib/python3.7/site-packages/airflow/example_dags/example_latest_only_with_trigger.py took 0.158 seconds
[2023-02-13T18:58:48.377+0000] {processor.py:153} INFO - Started process (PID=382) to work on /home/airflow/.local/lib/python3.7/site-packages/airflow/example_dags/example_latest_only_with_trigger.py
[2023-02-13T18:58:48.380+0000] {processor.py:743} INFO - Processing file /home/airflow/.local/lib/python3.7/site-packages/airflow/example_dags/example_latest_only_with_trigger.py for tasks to queue
[2023-02-13T18:58:48.382+0000] {logging_mixin.py:137} INFO - [2023-02-13T18:58:48.382+0000] {dagbag.py:538} INFO - Filling up the DagBag from /home/airflow/.local/lib/python3.7/site-packages/airflow/example_dags/example_latest_only_with_trigger.py
[2023-02-13T18:58:48.401+0000] {processor.py:753} INFO - DAG(s) dict_keys(['latest_only_with_trigger']) retrieved from /home/airflow/.local/lib/python3.7/site-packages/airflow/example_dags/example_latest_only_with_trigger.py
[2023-02-13T18:58:48.455+0000] {logging_mixin.py:137} INFO - [2023-02-13T18:58:48.455+0000] {dag.py:2676} INFO - Sync 1 DAGs
[2023-02-13T18:58:48.501+0000] {logging_mixin.py:137} INFO - [2023-02-13T18:58:48.501+0000] {dag.py:3427} INFO - Setting next_dagrun for latest_only_with_trigger to 2023-02-13T14:58:48.500906+00:00, run_after=2023-02-13T18:58:48.500906+00:00
[2023-02-13T18:58:48.532+0000] {processor.py:175} INFO - Processing /home/airflow/.local/lib/python3.7/site-packages/airflow/example_dags/example_latest_only_with_trigger.py took 0.160 seconds
[2023-02-13T18:59:18.967+0000] {processor.py:153} INFO - Started process (PID=460) to work on /home/airflow/.local/lib/python3.7/site-packages/airflow/example_dags/example_latest_only_with_trigger.py
[2023-02-13T18:59:18.969+0000] {processor.py:743} INFO - Processing file /home/airflow/.local/lib/python3.7/site-packages/airflow/example_dags/example_latest_only_with_trigger.py for tasks to queue
[2023-02-13T18:59:18.970+0000] {logging_mixin.py:137} INFO - [2023-02-13T18:59:18.970+0000] {dagbag.py:538} INFO - Filling up the DagBag from /home/airflow/.local/lib/python3.7/site-packages/airflow/example_dags/example_latest_only_with_trigger.py
[2023-02-13T18:59:18.988+0000] {processor.py:753} INFO - DAG(s) dict_keys(['latest_only_with_trigger']) retrieved from /home/airflow/.local/lib/python3.7/site-packages/airflow/example_dags/example_latest_only_with_trigger.py
[2023-02-13T18:59:19.034+0000] {logging_mixin.py:137} INFO - [2023-02-13T18:59:19.034+0000] {dag.py:2676} INFO - Sync 1 DAGs
[2023-02-13T18:59:19.069+0000] {logging_mixin.py:137} INFO - [2023-02-13T18:59:19.069+0000] {dag.py:3427} INFO - Setting next_dagrun for latest_only_with_trigger to 2023-02-13T14:59:19.068986+00:00, run_after=2023-02-13T18:59:19.068986+00:00
[2023-02-13T18:59:19.099+0000] {processor.py:175} INFO - Processing /home/airflow/.local/lib/python3.7/site-packages/airflow/example_dags/example_latest_only_with_trigger.py took 0.137 seconds
[2023-02-13T18:59:49.852+0000] {processor.py:153} INFO - Started process (PID=531) to work on /home/airflow/.local/lib/python3.7/site-packages/airflow/example_dags/example_latest_only_with_trigger.py
[2023-02-13T18:59:49.854+0000] {processor.py:743} INFO - Processing file /home/airflow/.local/lib/python3.7/site-packages/airflow/example_dags/example_latest_only_with_trigger.py for tasks to queue
[2023-02-13T18:59:49.856+0000] {logging_mixin.py:137} INFO - [2023-02-13T18:59:49.855+0000] {dagbag.py:538} INFO - Filling up the DagBag from /home/airflow/.local/lib/python3.7/site-packages/airflow/example_dags/example_latest_only_with_trigger.py
[2023-02-13T18:59:49.871+0000] {processor.py:753} INFO - DAG(s) dict_keys(['latest_only_with_trigger']) retrieved from /home/airflow/.local/lib/python3.7/site-packages/airflow/example_dags/example_latest_only_with_trigger.py
[2023-02-13T18:59:49.920+0000] {logging_mixin.py:137} INFO - [2023-02-13T18:59:49.920+0000] {dag.py:2676} INFO - Sync 1 DAGs
[2023-02-13T18:59:49.948+0000] {logging_mixin.py:137} INFO - [2023-02-13T18:59:49.948+0000] {dag.py:3427} INFO - Setting next_dagrun for latest_only_with_trigger to 2023-02-13T14:59:49.948087+00:00, run_after=2023-02-13T18:59:49.948087+00:00
[2023-02-13T18:59:49.970+0000] {processor.py:175} INFO - Processing /home/airflow/.local/lib/python3.7/site-packages/airflow/example_dags/example_latest_only_with_trigger.py took 0.122 seconds
[2023-02-13T19:00:20.802+0000] {processor.py:153} INFO - Started process (PID=618) to work on /home/airflow/.local/lib/python3.7/site-packages/airflow/example_dags/example_latest_only_with_trigger.py
[2023-02-13T19:00:20.804+0000] {processor.py:743} INFO - Processing file /home/airflow/.local/lib/python3.7/site-packages/airflow/example_dags/example_latest_only_with_trigger.py for tasks to queue
[2023-02-13T19:00:20.805+0000] {logging_mixin.py:137} INFO - [2023-02-13T19:00:20.805+0000] {dagbag.py:538} INFO - Filling up the DagBag from /home/airflow/.local/lib/python3.7/site-packages/airflow/example_dags/example_latest_only_with_trigger.py
[2023-02-13T19:00:20.822+0000] {processor.py:753} INFO - DAG(s) dict_keys(['latest_only_with_trigger']) retrieved from /home/airflow/.local/lib/python3.7/site-packages/airflow/example_dags/example_latest_only_with_trigger.py
[2023-02-13T19:00:20.865+0000] {logging_mixin.py:137} INFO - [2023-02-13T19:00:20.865+0000] {dag.py:2676} INFO - Sync 1 DAGs
[2023-02-13T19:00:20.895+0000] {logging_mixin.py:137} INFO - [2023-02-13T19:00:20.895+0000] {dag.py:3427} INFO - Setting next_dagrun for latest_only_with_trigger to 2023-02-13T15:00:20.895091+00:00, run_after=2023-02-13T19:00:20.895091+00:00
[2023-02-13T19:00:20.917+0000] {processor.py:175} INFO - Processing /home/airflow/.local/lib/python3.7/site-packages/airflow/example_dags/example_latest_only_with_trigger.py took 0.119 seconds
[2023-02-13T19:00:51.640+0000] {processor.py:153} INFO - Started process (PID=689) to work on /home/airflow/.local/lib/python3.7/site-packages/airflow/example_dags/example_latest_only_with_trigger.py
[2023-02-13T19:00:51.642+0000] {processor.py:743} INFO - Processing file /home/airflow/.local/lib/python3.7/site-packages/airflow/example_dags/example_latest_only_with_trigger.py for tasks to queue
[2023-02-13T19:00:51.644+0000] {logging_mixin.py:137} INFO - [2023-02-13T19:00:51.644+0000] {dagbag.py:538} INFO - Filling up the DagBag from /home/airflow/.local/lib/python3.7/site-packages/airflow/example_dags/example_latest_only_with_trigger.py
[2023-02-13T19:00:51.662+0000] {processor.py:753} INFO - DAG(s) dict_keys(['latest_only_with_trigger']) retrieved from /home/airflow/.local/lib/python3.7/site-packages/airflow/example_dags/example_latest_only_with_trigger.py
[2023-02-13T19:00:51.707+0000] {logging_mixin.py:137} INFO - [2023-02-13T19:00:51.707+0000] {dag.py:2676} INFO - Sync 1 DAGs
[2023-02-13T19:00:51.736+0000] {logging_mixin.py:137} INFO - [2023-02-13T19:00:51.736+0000] {dag.py:3427} INFO - Setting next_dagrun for latest_only_with_trigger to 2023-02-13T15:00:51.736279+00:00, run_after=2023-02-13T19:00:51.736279+00:00
[2023-02-13T19:00:51.757+0000] {processor.py:175} INFO - Processing /home/airflow/.local/lib/python3.7/site-packages/airflow/example_dags/example_latest_only_with_trigger.py took 0.121 seconds
[2023-02-13T19:01:22.145+0000] {processor.py:153} INFO - Started process (PID=775) to work on /home/airflow/.local/lib/python3.7/site-packages/airflow/example_dags/example_latest_only_with_trigger.py
[2023-02-13T19:01:22.148+0000] {processor.py:743} INFO - Processing file /home/airflow/.local/lib/python3.7/site-packages/airflow/example_dags/example_latest_only_with_trigger.py for tasks to queue
[2023-02-13T19:01:22.149+0000] {logging_mixin.py:137} INFO - [2023-02-13T19:01:22.149+0000] {dagbag.py:538} INFO - Filling up the DagBag from /home/airflow/.local/lib/python3.7/site-packages/airflow/example_dags/example_latest_only_with_trigger.py
[2023-02-13T19:01:22.170+0000] {processor.py:753} INFO - DAG(s) dict_keys(['latest_only_with_trigger']) retrieved from /home/airflow/.local/lib/python3.7/site-packages/airflow/example_dags/example_latest_only_with_trigger.py
[2023-02-13T19:01:22.214+0000] {logging_mixin.py:137} INFO - [2023-02-13T19:01:22.214+0000] {dag.py:2676} INFO - Sync 1 DAGs
[2023-02-13T19:01:22.243+0000] {logging_mixin.py:137} INFO - [2023-02-13T19:01:22.242+0000] {dag.py:3427} INFO - Setting next_dagrun for latest_only_with_trigger to 2023-02-13T15:01:22.242610+00:00, run_after=2023-02-13T19:01:22.242610+00:00
[2023-02-13T19:01:22.264+0000] {processor.py:175} INFO - Processing /home/airflow/.local/lib/python3.7/site-packages/airflow/example_dags/example_latest_only_with_trigger.py took 0.123 seconds
[2023-02-13T19:01:52.457+0000] {processor.py:153} INFO - Started process (PID=846) to work on /home/airflow/.local/lib/python3.7/site-packages/airflow/example_dags/example_latest_only_with_trigger.py
[2023-02-13T19:01:52.460+0000] {processor.py:743} INFO - Processing file /home/airflow/.local/lib/python3.7/site-packages/airflow/example_dags/example_latest_only_with_trigger.py for tasks to queue
[2023-02-13T19:01:52.461+0000] {logging_mixin.py:137} INFO - [2023-02-13T19:01:52.461+0000] {dagbag.py:538} INFO - Filling up the DagBag from /home/airflow/.local/lib/python3.7/site-packages/airflow/example_dags/example_latest_only_with_trigger.py
[2023-02-13T19:01:52.482+0000] {processor.py:753} INFO - DAG(s) dict_keys(['latest_only_with_trigger']) retrieved from /home/airflow/.local/lib/python3.7/site-packages/airflow/example_dags/example_latest_only_with_trigger.py
[2023-02-13T19:01:52.524+0000] {logging_mixin.py:137} INFO - [2023-02-13T19:01:52.524+0000] {dag.py:2676} INFO - Sync 1 DAGs
[2023-02-13T19:01:52.553+0000] {logging_mixin.py:137} INFO - [2023-02-13T19:01:52.553+0000] {dag.py:3427} INFO - Setting next_dagrun for latest_only_with_trigger to 2023-02-13T15:01:52.553464+00:00, run_after=2023-02-13T19:01:52.553464+00:00
[2023-02-13T19:01:52.576+0000] {processor.py:175} INFO - Processing /home/airflow/.local/lib/python3.7/site-packages/airflow/example_dags/example_latest_only_with_trigger.py took 0.124 seconds
[2023-02-13T19:02:22.894+0000] {processor.py:153} INFO - Started process (PID=933) to work on /home/airflow/.local/lib/python3.7/site-packages/airflow/example_dags/example_latest_only_with_trigger.py
[2023-02-13T19:02:22.896+0000] {processor.py:743} INFO - Processing file /home/airflow/.local/lib/python3.7/site-packages/airflow/example_dags/example_latest_only_with_trigger.py for tasks to queue
[2023-02-13T19:02:22.897+0000] {logging_mixin.py:137} INFO - [2023-02-13T19:02:22.897+0000] {dagbag.py:538} INFO - Filling up the DagBag from /home/airflow/.local/lib/python3.7/site-packages/airflow/example_dags/example_latest_only_with_trigger.py
[2023-02-13T19:02:22.915+0000] {processor.py:753} INFO - DAG(s) dict_keys(['latest_only_with_trigger']) retrieved from /home/airflow/.local/lib/python3.7/site-packages/airflow/example_dags/example_latest_only_with_trigger.py
[2023-02-13T19:02:22.956+0000] {logging_mixin.py:137} INFO - [2023-02-13T19:02:22.956+0000] {dag.py:2676} INFO - Sync 1 DAGs
[2023-02-13T19:02:22.983+0000] {logging_mixin.py:137} INFO - [2023-02-13T19:02:22.982+0000] {dag.py:3427} INFO - Setting next_dagrun for latest_only_with_trigger to 2023-02-13T15:02:22.982669+00:00, run_after=2023-02-13T19:02:22.982669+00:00
[2023-02-13T19:02:23.007+0000] {processor.py:175} INFO - Processing /home/airflow/.local/lib/python3.7/site-packages/airflow/example_dags/example_latest_only_with_trigger.py took 0.117 seconds
[2023-02-13T19:02:53.551+0000] {processor.py:153} INFO - Started process (PID=1004) to work on /home/airflow/.local/lib/python3.7/site-packages/airflow/example_dags/example_latest_only_with_trigger.py
[2023-02-13T19:02:53.553+0000] {processor.py:743} INFO - Processing file /home/airflow/.local/lib/python3.7/site-packages/airflow/example_dags/example_latest_only_with_trigger.py for tasks to queue
[2023-02-13T19:02:53.555+0000] {logging_mixin.py:137} INFO - [2023-02-13T19:02:53.555+0000] {dagbag.py:538} INFO - Filling up the DagBag from /home/airflow/.local/lib/python3.7/site-packages/airflow/example_dags/example_latest_only_with_trigger.py
[2023-02-13T19:02:53.575+0000] {processor.py:753} INFO - DAG(s) dict_keys(['latest_only_with_trigger']) retrieved from /home/airflow/.local/lib/python3.7/site-packages/airflow/example_dags/example_latest_only_with_trigger.py
[2023-02-13T19:02:53.616+0000] {logging_mixin.py:137} INFO - [2023-02-13T19:02:53.616+0000] {dag.py:2676} INFO - Sync 1 DAGs
[2023-02-13T19:02:53.647+0000] {logging_mixin.py:137} INFO - [2023-02-13T19:02:53.647+0000] {dag.py:3427} INFO - Setting next_dagrun for latest_only_with_trigger to 2023-02-13T15:02:53.646779+00:00, run_after=2023-02-13T19:02:53.646779+00:00
[2023-02-13T19:02:53.667+0000] {processor.py:175} INFO - Processing /home/airflow/.local/lib/python3.7/site-packages/airflow/example_dags/example_latest_only_with_trigger.py took 0.120 seconds
[2023-02-13T19:03:36.282+0000] {processor.py:153} INFO - Started process (PID=1074) to work on /home/airflow/.local/lib/python3.7/site-packages/airflow/example_dags/example_latest_only_with_trigger.py
[2023-02-13T19:03:36.284+0000] {processor.py:743} INFO - Processing file /home/airflow/.local/lib/python3.7/site-packages/airflow/example_dags/example_latest_only_with_trigger.py for tasks to queue
[2023-02-13T19:03:36.286+0000] {logging_mixin.py:137} INFO - [2023-02-13T19:03:36.286+0000] {dagbag.py:538} INFO - Filling up the DagBag from /home/airflow/.local/lib/python3.7/site-packages/airflow/example_dags/example_latest_only_with_trigger.py
[2023-02-13T19:03:36.307+0000] {processor.py:753} INFO - DAG(s) dict_keys(['latest_only_with_trigger']) retrieved from /home/airflow/.local/lib/python3.7/site-packages/airflow/example_dags/example_latest_only_with_trigger.py
[2023-02-13T19:03:36.356+0000] {logging_mixin.py:137} INFO - [2023-02-13T19:03:36.356+0000] {dag.py:2676} INFO - Sync 1 DAGs
[2023-02-13T19:03:36.386+0000] {logging_mixin.py:137} INFO - [2023-02-13T19:03:36.385+0000] {dag.py:3427} INFO - Setting next_dagrun for latest_only_with_trigger to 2023-02-13T15:03:36.385567+00:00, run_after=2023-02-13T19:03:36.385567+00:00
[2023-02-13T19:03:36.414+0000] {processor.py:175} INFO - Processing /home/airflow/.local/lib/python3.7/site-packages/airflow/example_dags/example_latest_only_with_trigger.py took 0.137 seconds
[2023-02-13T19:04:06.705+0000] {processor.py:153} INFO - Started process (PID=1145) to work on /home/airflow/.local/lib/python3.7/site-packages/airflow/example_dags/example_latest_only_with_trigger.py
[2023-02-13T19:04:06.708+0000] {processor.py:743} INFO - Processing file /home/airflow/.local/lib/python3.7/site-packages/airflow/example_dags/example_latest_only_with_trigger.py for tasks to queue
[2023-02-13T19:04:06.710+0000] {logging_mixin.py:137} INFO - [2023-02-13T19:04:06.710+0000] {dagbag.py:538} INFO - Filling up the DagBag from /home/airflow/.local/lib/python3.7/site-packages/airflow/example_dags/example_latest_only_with_trigger.py
[2023-02-13T19:04:06.732+0000] {processor.py:753} INFO - DAG(s) dict_keys(['latest_only_with_trigger']) retrieved from /home/airflow/.local/lib/python3.7/site-packages/airflow/example_dags/example_latest_only_with_trigger.py
[2023-02-13T19:04:06.785+0000] {logging_mixin.py:137} INFO - [2023-02-13T19:04:06.785+0000] {dag.py:2676} INFO - Sync 1 DAGs
[2023-02-13T19:04:06.820+0000] {logging_mixin.py:137} INFO - [2023-02-13T19:04:06.820+0000] {dag.py:3427} INFO - Setting next_dagrun for latest_only_with_trigger to 2023-02-13T15:04:06.820187+00:00, run_after=2023-02-13T19:04:06.820187+00:00
[2023-02-13T19:04:06.849+0000] {processor.py:175} INFO - Processing /home/airflow/.local/lib/python3.7/site-packages/airflow/example_dags/example_latest_only_with_trigger.py took 0.149 seconds
[2023-02-13T19:04:37.407+0000] {processor.py:153} INFO - Started process (PID=1225) to work on /home/airflow/.local/lib/python3.7/site-packages/airflow/example_dags/example_latest_only_with_trigger.py
[2023-02-13T19:04:37.409+0000] {processor.py:743} INFO - Processing file /home/airflow/.local/lib/python3.7/site-packages/airflow/example_dags/example_latest_only_with_trigger.py for tasks to queue
[2023-02-13T19:04:37.410+0000] {logging_mixin.py:137} INFO - [2023-02-13T19:04:37.410+0000] {dagbag.py:538} INFO - Filling up the DagBag from /home/airflow/.local/lib/python3.7/site-packages/airflow/example_dags/example_latest_only_with_trigger.py
[2023-02-13T19:04:37.431+0000] {processor.py:753} INFO - DAG(s) dict_keys(['latest_only_with_trigger']) retrieved from /home/airflow/.local/lib/python3.7/site-packages/airflow/example_dags/example_latest_only_with_trigger.py
[2023-02-13T19:04:37.485+0000] {logging_mixin.py:137} INFO - [2023-02-13T19:04:37.485+0000] {dag.py:2676} INFO - Sync 1 DAGs
[2023-02-13T19:04:37.529+0000] {logging_mixin.py:137} INFO - [2023-02-13T19:04:37.529+0000] {dag.py:3427} INFO - Setting next_dagrun for latest_only_with_trigger to 2023-02-13T15:04:37.528952+00:00, run_after=2023-02-13T19:04:37.528952+00:00
[2023-02-13T19:04:37.560+0000] {processor.py:175} INFO - Processing /home/airflow/.local/lib/python3.7/site-packages/airflow/example_dags/example_latest_only_with_trigger.py took 0.157 seconds
[2023-02-13T19:09:14.520+0000] {processor.py:153} INFO - Started process (PID=74) to work on /home/airflow/.local/lib/python3.7/site-packages/airflow/example_dags/example_latest_only_with_trigger.py
[2023-02-13T19:09:14.524+0000] {processor.py:743} INFO - Processing file /home/airflow/.local/lib/python3.7/site-packages/airflow/example_dags/example_latest_only_with_trigger.py for tasks to queue
[2023-02-13T19:09:14.527+0000] {logging_mixin.py:137} INFO - [2023-02-13T19:09:14.527+0000] {dagbag.py:538} INFO - Filling up the DagBag from /home/airflow/.local/lib/python3.7/site-packages/airflow/example_dags/example_latest_only_with_trigger.py
[2023-02-13T19:09:14.570+0000] {processor.py:753} INFO - DAG(s) dict_keys(['latest_only_with_trigger']) retrieved from /home/airflow/.local/lib/python3.7/site-packages/airflow/example_dags/example_latest_only_with_trigger.py
[2023-02-13T19:09:14.668+0000] {logging_mixin.py:137} INFO - [2023-02-13T19:09:14.667+0000] {dag.py:2676} INFO - Sync 1 DAGs
[2023-02-13T19:09:14.763+0000] {logging_mixin.py:137} INFO - [2023-02-13T19:09:14.762+0000] {dag.py:3427} INFO - Setting next_dagrun for latest_only_with_trigger to 2023-02-13T15:09:14.762352+00:00, run_after=2023-02-13T19:09:14.762352+00:00
[2023-02-13T19:09:14.812+0000] {processor.py:175} INFO - Processing /home/airflow/.local/lib/python3.7/site-packages/airflow/example_dags/example_latest_only_with_trigger.py took 0.298 seconds
[2023-02-13T19:09:44.930+0000] {processor.py:153} INFO - Started process (PID=146) to work on /home/airflow/.local/lib/python3.7/site-packages/airflow/example_dags/example_latest_only_with_trigger.py
[2023-02-13T19:09:44.934+0000] {processor.py:743} INFO - Processing file /home/airflow/.local/lib/python3.7/site-packages/airflow/example_dags/example_latest_only_with_trigger.py for tasks to queue
[2023-02-13T19:09:44.940+0000] {logging_mixin.py:137} INFO - [2023-02-13T19:09:44.940+0000] {dagbag.py:538} INFO - Filling up the DagBag from /home/airflow/.local/lib/python3.7/site-packages/airflow/example_dags/example_latest_only_with_trigger.py
[2023-02-13T19:09:44.969+0000] {processor.py:753} INFO - DAG(s) dict_keys(['latest_only_with_trigger']) retrieved from /home/airflow/.local/lib/python3.7/site-packages/airflow/example_dags/example_latest_only_with_trigger.py
[2023-02-13T19:09:45.057+0000] {logging_mixin.py:137} INFO - [2023-02-13T19:09:45.057+0000] {dag.py:2676} INFO - Sync 1 DAGs
[2023-02-13T19:09:45.097+0000] {logging_mixin.py:137} INFO - [2023-02-13T19:09:45.097+0000] {dag.py:3427} INFO - Setting next_dagrun for latest_only_with_trigger to 2023-02-13T15:09:45.096651+00:00, run_after=2023-02-13T19:09:45.096651+00:00
[2023-02-13T19:09:45.134+0000] {processor.py:175} INFO - Processing /home/airflow/.local/lib/python3.7/site-packages/airflow/example_dags/example_latest_only_with_trigger.py took 0.209 seconds
[2023-02-13T19:10:15.522+0000] {processor.py:153} INFO - Started process (PID=233) to work on /home/airflow/.local/lib/python3.7/site-packages/airflow/example_dags/example_latest_only_with_trigger.py
[2023-02-13T19:10:15.525+0000] {processor.py:743} INFO - Processing file /home/airflow/.local/lib/python3.7/site-packages/airflow/example_dags/example_latest_only_with_trigger.py for tasks to queue
[2023-02-13T19:10:15.527+0000] {logging_mixin.py:137} INFO - [2023-02-13T19:10:15.527+0000] {dagbag.py:538} INFO - Filling up the DagBag from /home/airflow/.local/lib/python3.7/site-packages/airflow/example_dags/example_latest_only_with_trigger.py
[2023-02-13T19:10:15.554+0000] {processor.py:753} INFO - DAG(s) dict_keys(['latest_only_with_trigger']) retrieved from /home/airflow/.local/lib/python3.7/site-packages/airflow/example_dags/example_latest_only_with_trigger.py
[2023-02-13T19:10:15.627+0000] {logging_mixin.py:137} INFO - [2023-02-13T19:10:15.627+0000] {dag.py:2676} INFO - Sync 1 DAGs
[2023-02-13T19:10:15.676+0000] {logging_mixin.py:137} INFO - [2023-02-13T19:10:15.676+0000] {dag.py:3427} INFO - Setting next_dagrun for latest_only_with_trigger to 2023-02-13T15:10:15.675900+00:00, run_after=2023-02-13T19:10:15.675900+00:00
[2023-02-13T19:10:15.708+0000] {processor.py:175} INFO - Processing /home/airflow/.local/lib/python3.7/site-packages/airflow/example_dags/example_latest_only_with_trigger.py took 0.192 seconds
