[2023-02-13T18:56:46.962+0000] {processor.py:153} INFO - Started process (PID=86) to work on /home/airflow/.local/lib/python3.7/site-packages/airflow/example_dags/example_branch_python_dop_operator_3.py
[2023-02-13T18:56:46.965+0000] {processor.py:743} INFO - Processing file /home/airflow/.local/lib/python3.7/site-packages/airflow/example_dags/example_branch_python_dop_operator_3.py for tasks to queue
[2023-02-13T18:56:46.967+0000] {logging_mixin.py:137} INFO - [2023-02-13T18:56:46.967+0000] {dagbag.py:538} INFO - Filling up the DagBag from /home/airflow/.local/lib/python3.7/site-packages/airflow/example_dags/example_branch_python_dop_operator_3.py
[2023-02-13T18:56:47.005+0000] {processor.py:753} INFO - DAG(s) dict_keys(['example_branch_dop_operator_v3']) retrieved from /home/airflow/.local/lib/python3.7/site-packages/airflow/example_dags/example_branch_python_dop_operator_3.py
[2023-02-13T18:56:47.089+0000] {logging_mixin.py:137} INFO - [2023-02-13T18:56:47.089+0000] {dag.py:2676} INFO - Sync 1 DAGs
[2023-02-13T18:56:47.131+0000] {logging_mixin.py:137} INFO - [2023-02-13T18:56:47.130+0000] {dag.py:3427} INFO - Setting next_dagrun for example_branch_dop_operator_v3 to 2023-02-13T18:55:00+00:00, run_after=2023-02-13T18:56:00+00:00
[2023-02-13T18:56:47.159+0000] {processor.py:175} INFO - Processing /home/airflow/.local/lib/python3.7/site-packages/airflow/example_dags/example_branch_python_dop_operator_3.py took 0.202 seconds
[2023-02-13T18:57:18.173+0000] {processor.py:153} INFO - Started process (PID=157) to work on /home/airflow/.local/lib/python3.7/site-packages/airflow/example_dags/example_branch_python_dop_operator_3.py
[2023-02-13T18:57:18.176+0000] {processor.py:743} INFO - Processing file /home/airflow/.local/lib/python3.7/site-packages/airflow/example_dags/example_branch_python_dop_operator_3.py for tasks to queue
[2023-02-13T18:57:18.178+0000] {logging_mixin.py:137} INFO - [2023-02-13T18:57:18.178+0000] {dagbag.py:538} INFO - Filling up the DagBag from /home/airflow/.local/lib/python3.7/site-packages/airflow/example_dags/example_branch_python_dop_operator_3.py
[2023-02-13T18:57:18.212+0000] {processor.py:753} INFO - DAG(s) dict_keys(['example_branch_dop_operator_v3']) retrieved from /home/airflow/.local/lib/python3.7/site-packages/airflow/example_dags/example_branch_python_dop_operator_3.py
[2023-02-13T18:57:18.264+0000] {logging_mixin.py:137} INFO - [2023-02-13T18:57:18.264+0000] {dag.py:2676} INFO - Sync 1 DAGs
[2023-02-13T18:57:18.307+0000] {logging_mixin.py:137} INFO - [2023-02-13T18:57:18.307+0000] {dag.py:3427} INFO - Setting next_dagrun for example_branch_dop_operator_v3 to 2023-02-13T18:56:00+00:00, run_after=2023-02-13T18:57:00+00:00
[2023-02-13T18:57:18.336+0000] {processor.py:175} INFO - Processing /home/airflow/.local/lib/python3.7/site-packages/airflow/example_dags/example_branch_python_dop_operator_3.py took 0.168 seconds
[2023-02-13T18:57:48.412+0000] {processor.py:153} INFO - Started process (PID=244) to work on /home/airflow/.local/lib/python3.7/site-packages/airflow/example_dags/example_branch_python_dop_operator_3.py
[2023-02-13T18:57:48.415+0000] {processor.py:743} INFO - Processing file /home/airflow/.local/lib/python3.7/site-packages/airflow/example_dags/example_branch_python_dop_operator_3.py for tasks to queue
[2023-02-13T18:57:48.417+0000] {logging_mixin.py:137} INFO - [2023-02-13T18:57:48.417+0000] {dagbag.py:538} INFO - Filling up the DagBag from /home/airflow/.local/lib/python3.7/site-packages/airflow/example_dags/example_branch_python_dop_operator_3.py
[2023-02-13T18:57:48.453+0000] {processor.py:753} INFO - DAG(s) dict_keys(['example_branch_dop_operator_v3']) retrieved from /home/airflow/.local/lib/python3.7/site-packages/airflow/example_dags/example_branch_python_dop_operator_3.py
[2023-02-13T18:57:48.501+0000] {logging_mixin.py:137} INFO - [2023-02-13T18:57:48.500+0000] {dag.py:2676} INFO - Sync 1 DAGs
[2023-02-13T18:57:48.536+0000] {logging_mixin.py:137} INFO - [2023-02-13T18:57:48.536+0000] {dag.py:3427} INFO - Setting next_dagrun for example_branch_dop_operator_v3 to 2023-02-13T18:56:00+00:00, run_after=2023-02-13T18:57:00+00:00
[2023-02-13T18:57:48.558+0000] {processor.py:175} INFO - Processing /home/airflow/.local/lib/python3.7/site-packages/airflow/example_dags/example_branch_python_dop_operator_3.py took 0.153 seconds
[2023-02-13T18:58:19.459+0000] {processor.py:153} INFO - Started process (PID=315) to work on /home/airflow/.local/lib/python3.7/site-packages/airflow/example_dags/example_branch_python_dop_operator_3.py
[2023-02-13T18:58:19.462+0000] {processor.py:743} INFO - Processing file /home/airflow/.local/lib/python3.7/site-packages/airflow/example_dags/example_branch_python_dop_operator_3.py for tasks to queue
[2023-02-13T18:58:19.464+0000] {logging_mixin.py:137} INFO - [2023-02-13T18:58:19.463+0000] {dagbag.py:538} INFO - Filling up the DagBag from /home/airflow/.local/lib/python3.7/site-packages/airflow/example_dags/example_branch_python_dop_operator_3.py
[2023-02-13T18:58:19.501+0000] {processor.py:753} INFO - DAG(s) dict_keys(['example_branch_dop_operator_v3']) retrieved from /home/airflow/.local/lib/python3.7/site-packages/airflow/example_dags/example_branch_python_dop_operator_3.py
[2023-02-13T18:58:19.555+0000] {logging_mixin.py:137} INFO - [2023-02-13T18:58:19.555+0000] {dag.py:2676} INFO - Sync 1 DAGs
[2023-02-13T18:58:19.600+0000] {logging_mixin.py:137} INFO - [2023-02-13T18:58:19.600+0000] {dag.py:3427} INFO - Setting next_dagrun for example_branch_dop_operator_v3 to 2023-02-13T18:57:00+00:00, run_after=2023-02-13T18:58:00+00:00
[2023-02-13T18:58:19.630+0000] {processor.py:175} INFO - Processing /home/airflow/.local/lib/python3.7/site-packages/airflow/example_dags/example_branch_python_dop_operator_3.py took 0.177 seconds
[2023-02-13T18:58:50.472+0000] {processor.py:153} INFO - Started process (PID=402) to work on /home/airflow/.local/lib/python3.7/site-packages/airflow/example_dags/example_branch_python_dop_operator_3.py
[2023-02-13T18:58:50.475+0000] {processor.py:743} INFO - Processing file /home/airflow/.local/lib/python3.7/site-packages/airflow/example_dags/example_branch_python_dop_operator_3.py for tasks to queue
[2023-02-13T18:58:50.477+0000] {logging_mixin.py:137} INFO - [2023-02-13T18:58:50.477+0000] {dagbag.py:538} INFO - Filling up the DagBag from /home/airflow/.local/lib/python3.7/site-packages/airflow/example_dags/example_branch_python_dop_operator_3.py
[2023-02-13T18:58:50.515+0000] {processor.py:753} INFO - DAG(s) dict_keys(['example_branch_dop_operator_v3']) retrieved from /home/airflow/.local/lib/python3.7/site-packages/airflow/example_dags/example_branch_python_dop_operator_3.py
[2023-02-13T18:58:50.582+0000] {logging_mixin.py:137} INFO - [2023-02-13T18:58:50.582+0000] {dag.py:2676} INFO - Sync 1 DAGs
[2023-02-13T18:58:50.627+0000] {logging_mixin.py:137} INFO - [2023-02-13T18:58:50.627+0000] {dag.py:3427} INFO - Setting next_dagrun for example_branch_dop_operator_v3 to 2023-02-13T18:57:00+00:00, run_after=2023-02-13T18:58:00+00:00
[2023-02-13T18:58:50.659+0000] {processor.py:175} INFO - Processing /home/airflow/.local/lib/python3.7/site-packages/airflow/example_dags/example_branch_python_dop_operator_3.py took 0.194 seconds
[2023-02-13T18:59:21.292+0000] {processor.py:153} INFO - Started process (PID=473) to work on /home/airflow/.local/lib/python3.7/site-packages/airflow/example_dags/example_branch_python_dop_operator_3.py
[2023-02-13T18:59:21.297+0000] {processor.py:743} INFO - Processing file /home/airflow/.local/lib/python3.7/site-packages/airflow/example_dags/example_branch_python_dop_operator_3.py for tasks to queue
[2023-02-13T18:59:21.300+0000] {logging_mixin.py:137} INFO - [2023-02-13T18:59:21.300+0000] {dagbag.py:538} INFO - Filling up the DagBag from /home/airflow/.local/lib/python3.7/site-packages/airflow/example_dags/example_branch_python_dop_operator_3.py
[2023-02-13T18:59:21.359+0000] {processor.py:753} INFO - DAG(s) dict_keys(['example_branch_dop_operator_v3']) retrieved from /home/airflow/.local/lib/python3.7/site-packages/airflow/example_dags/example_branch_python_dop_operator_3.py
[2023-02-13T18:59:21.423+0000] {logging_mixin.py:137} INFO - [2023-02-13T18:59:21.423+0000] {dag.py:2676} INFO - Sync 1 DAGs
[2023-02-13T18:59:21.469+0000] {logging_mixin.py:137} INFO - [2023-02-13T18:59:21.469+0000] {dag.py:3427} INFO - Setting next_dagrun for example_branch_dop_operator_v3 to 2023-02-13T18:58:00+00:00, run_after=2023-02-13T18:59:00+00:00
[2023-02-13T18:59:21.496+0000] {processor.py:175} INFO - Processing /home/airflow/.local/lib/python3.7/site-packages/airflow/example_dags/example_branch_python_dop_operator_3.py took 0.214 seconds
[2023-02-13T18:59:52.028+0000] {processor.py:153} INFO - Started process (PID=560) to work on /home/airflow/.local/lib/python3.7/site-packages/airflow/example_dags/example_branch_python_dop_operator_3.py
[2023-02-13T18:59:52.031+0000] {processor.py:743} INFO - Processing file /home/airflow/.local/lib/python3.7/site-packages/airflow/example_dags/example_branch_python_dop_operator_3.py for tasks to queue
[2023-02-13T18:59:52.033+0000] {logging_mixin.py:137} INFO - [2023-02-13T18:59:52.033+0000] {dagbag.py:538} INFO - Filling up the DagBag from /home/airflow/.local/lib/python3.7/site-packages/airflow/example_dags/example_branch_python_dop_operator_3.py
[2023-02-13T18:59:52.067+0000] {processor.py:753} INFO - DAG(s) dict_keys(['example_branch_dop_operator_v3']) retrieved from /home/airflow/.local/lib/python3.7/site-packages/airflow/example_dags/example_branch_python_dop_operator_3.py
[2023-02-13T18:59:52.121+0000] {logging_mixin.py:137} INFO - [2023-02-13T18:59:52.121+0000] {dag.py:2676} INFO - Sync 1 DAGs
[2023-02-13T18:59:52.157+0000] {logging_mixin.py:137} INFO - [2023-02-13T18:59:52.157+0000] {dag.py:3427} INFO - Setting next_dagrun for example_branch_dop_operator_v3 to 2023-02-13T18:58:00+00:00, run_after=2023-02-13T18:59:00+00:00
[2023-02-13T18:59:52.180+0000] {processor.py:175} INFO - Processing /home/airflow/.local/lib/python3.7/site-packages/airflow/example_dags/example_branch_python_dop_operator_3.py took 0.158 seconds
[2023-02-13T19:00:23.147+0000] {processor.py:153} INFO - Started process (PID=631) to work on /home/airflow/.local/lib/python3.7/site-packages/airflow/example_dags/example_branch_python_dop_operator_3.py
[2023-02-13T19:00:23.150+0000] {processor.py:743} INFO - Processing file /home/airflow/.local/lib/python3.7/site-packages/airflow/example_dags/example_branch_python_dop_operator_3.py for tasks to queue
[2023-02-13T19:00:23.152+0000] {logging_mixin.py:137} INFO - [2023-02-13T19:00:23.151+0000] {dagbag.py:538} INFO - Filling up the DagBag from /home/airflow/.local/lib/python3.7/site-packages/airflow/example_dags/example_branch_python_dop_operator_3.py
[2023-02-13T19:00:23.187+0000] {processor.py:753} INFO - DAG(s) dict_keys(['example_branch_dop_operator_v3']) retrieved from /home/airflow/.local/lib/python3.7/site-packages/airflow/example_dags/example_branch_python_dop_operator_3.py
[2023-02-13T19:00:23.244+0000] {logging_mixin.py:137} INFO - [2023-02-13T19:00:23.244+0000] {dag.py:2676} INFO - Sync 1 DAGs
[2023-02-13T19:00:23.287+0000] {logging_mixin.py:137} INFO - [2023-02-13T19:00:23.287+0000] {dag.py:3427} INFO - Setting next_dagrun for example_branch_dop_operator_v3 to 2023-02-13T18:59:00+00:00, run_after=2023-02-13T19:00:00+00:00
[2023-02-13T19:00:23.314+0000] {processor.py:175} INFO - Processing /home/airflow/.local/lib/python3.7/site-packages/airflow/example_dags/example_branch_python_dop_operator_3.py took 0.172 seconds
[2023-02-13T19:00:53.806+0000] {processor.py:153} INFO - Started process (PID=718) to work on /home/airflow/.local/lib/python3.7/site-packages/airflow/example_dags/example_branch_python_dop_operator_3.py
[2023-02-13T19:00:53.808+0000] {processor.py:743} INFO - Processing file /home/airflow/.local/lib/python3.7/site-packages/airflow/example_dags/example_branch_python_dop_operator_3.py for tasks to queue
[2023-02-13T19:00:53.810+0000] {logging_mixin.py:137} INFO - [2023-02-13T19:00:53.810+0000] {dagbag.py:538} INFO - Filling up the DagBag from /home/airflow/.local/lib/python3.7/site-packages/airflow/example_dags/example_branch_python_dop_operator_3.py
[2023-02-13T19:00:53.849+0000] {processor.py:753} INFO - DAG(s) dict_keys(['example_branch_dop_operator_v3']) retrieved from /home/airflow/.local/lib/python3.7/site-packages/airflow/example_dags/example_branch_python_dop_operator_3.py
[2023-02-13T19:00:53.895+0000] {logging_mixin.py:137} INFO - [2023-02-13T19:00:53.895+0000] {dag.py:2676} INFO - Sync 1 DAGs
[2023-02-13T19:00:53.931+0000] {logging_mixin.py:137} INFO - [2023-02-13T19:00:53.930+0000] {dag.py:3427} INFO - Setting next_dagrun for example_branch_dop_operator_v3 to 2023-02-13T18:59:00+00:00, run_after=2023-02-13T19:00:00+00:00
[2023-02-13T19:00:53.956+0000] {processor.py:175} INFO - Processing /home/airflow/.local/lib/python3.7/site-packages/airflow/example_dags/example_branch_python_dop_operator_3.py took 0.155 seconds
[2023-02-13T19:01:24.168+0000] {processor.py:153} INFO - Started process (PID=788) to work on /home/airflow/.local/lib/python3.7/site-packages/airflow/example_dags/example_branch_python_dop_operator_3.py
[2023-02-13T19:01:24.170+0000] {processor.py:743} INFO - Processing file /home/airflow/.local/lib/python3.7/site-packages/airflow/example_dags/example_branch_python_dop_operator_3.py for tasks to queue
[2023-02-13T19:01:24.172+0000] {logging_mixin.py:137} INFO - [2023-02-13T19:01:24.172+0000] {dagbag.py:538} INFO - Filling up the DagBag from /home/airflow/.local/lib/python3.7/site-packages/airflow/example_dags/example_branch_python_dop_operator_3.py
[2023-02-13T19:01:24.202+0000] {processor.py:753} INFO - DAG(s) dict_keys(['example_branch_dop_operator_v3']) retrieved from /home/airflow/.local/lib/python3.7/site-packages/airflow/example_dags/example_branch_python_dop_operator_3.py
[2023-02-13T19:01:24.246+0000] {logging_mixin.py:137} INFO - [2023-02-13T19:01:24.245+0000] {dag.py:2676} INFO - Sync 1 DAGs
[2023-02-13T19:01:24.278+0000] {logging_mixin.py:137} INFO - [2023-02-13T19:01:24.278+0000] {dag.py:3427} INFO - Setting next_dagrun for example_branch_dop_operator_v3 to 2023-02-13T19:00:00+00:00, run_after=2023-02-13T19:01:00+00:00
[2023-02-13T19:01:24.300+0000] {processor.py:175} INFO - Processing /home/airflow/.local/lib/python3.7/site-packages/airflow/example_dags/example_branch_python_dop_operator_3.py took 0.137 seconds
[2023-02-13T19:01:54.532+0000] {processor.py:153} INFO - Started process (PID=868) to work on /home/airflow/.local/lib/python3.7/site-packages/airflow/example_dags/example_branch_python_dop_operator_3.py
[2023-02-13T19:01:54.534+0000] {processor.py:743} INFO - Processing file /home/airflow/.local/lib/python3.7/site-packages/airflow/example_dags/example_branch_python_dop_operator_3.py for tasks to queue
[2023-02-13T19:01:54.536+0000] {logging_mixin.py:137} INFO - [2023-02-13T19:01:54.536+0000] {dagbag.py:538} INFO - Filling up the DagBag from /home/airflow/.local/lib/python3.7/site-packages/airflow/example_dags/example_branch_python_dop_operator_3.py
[2023-02-13T19:01:54.566+0000] {processor.py:753} INFO - DAG(s) dict_keys(['example_branch_dop_operator_v3']) retrieved from /home/airflow/.local/lib/python3.7/site-packages/airflow/example_dags/example_branch_python_dop_operator_3.py
[2023-02-13T19:01:54.609+0000] {logging_mixin.py:137} INFO - [2023-02-13T19:01:54.609+0000] {dag.py:2676} INFO - Sync 1 DAGs
[2023-02-13T19:01:54.643+0000] {logging_mixin.py:137} INFO - [2023-02-13T19:01:54.643+0000] {dag.py:3427} INFO - Setting next_dagrun for example_branch_dop_operator_v3 to 2023-02-13T19:00:00+00:00, run_after=2023-02-13T19:01:00+00:00
[2023-02-13T19:01:54.666+0000] {processor.py:175} INFO - Processing /home/airflow/.local/lib/python3.7/site-packages/airflow/example_dags/example_branch_python_dop_operator_3.py took 0.138 seconds
[2023-02-13T19:02:25.167+0000] {processor.py:153} INFO - Started process (PID=946) to work on /home/airflow/.local/lib/python3.7/site-packages/airflow/example_dags/example_branch_python_dop_operator_3.py
[2023-02-13T19:02:25.170+0000] {processor.py:743} INFO - Processing file /home/airflow/.local/lib/python3.7/site-packages/airflow/example_dags/example_branch_python_dop_operator_3.py for tasks to queue
[2023-02-13T19:02:25.172+0000] {logging_mixin.py:137} INFO - [2023-02-13T19:02:25.172+0000] {dagbag.py:538} INFO - Filling up the DagBag from /home/airflow/.local/lib/python3.7/site-packages/airflow/example_dags/example_branch_python_dop_operator_3.py
[2023-02-13T19:02:25.203+0000] {processor.py:753} INFO - DAG(s) dict_keys(['example_branch_dop_operator_v3']) retrieved from /home/airflow/.local/lib/python3.7/site-packages/airflow/example_dags/example_branch_python_dop_operator_3.py
[2023-02-13T19:02:25.244+0000] {logging_mixin.py:137} INFO - [2023-02-13T19:02:25.244+0000] {dag.py:2676} INFO - Sync 1 DAGs
[2023-02-13T19:02:25.278+0000] {logging_mixin.py:137} INFO - [2023-02-13T19:02:25.278+0000] {dag.py:3427} INFO - Setting next_dagrun for example_branch_dop_operator_v3 to 2023-02-13T19:01:00+00:00, run_after=2023-02-13T19:02:00+00:00
[2023-02-13T19:02:25.297+0000] {processor.py:175} INFO - Processing /home/airflow/.local/lib/python3.7/site-packages/airflow/example_dags/example_branch_python_dop_operator_3.py took 0.134 seconds
[2023-02-13T19:02:55.621+0000] {processor.py:153} INFO - Started process (PID=1017) to work on /home/airflow/.local/lib/python3.7/site-packages/airflow/example_dags/example_branch_python_dop_operator_3.py
[2023-02-13T19:02:55.623+0000] {processor.py:743} INFO - Processing file /home/airflow/.local/lib/python3.7/site-packages/airflow/example_dags/example_branch_python_dop_operator_3.py for tasks to queue
[2023-02-13T19:02:55.624+0000] {logging_mixin.py:137} INFO - [2023-02-13T19:02:55.624+0000] {dagbag.py:538} INFO - Filling up the DagBag from /home/airflow/.local/lib/python3.7/site-packages/airflow/example_dags/example_branch_python_dop_operator_3.py
[2023-02-13T19:02:55.649+0000] {processor.py:753} INFO - DAG(s) dict_keys(['example_branch_dop_operator_v3']) retrieved from /home/airflow/.local/lib/python3.7/site-packages/airflow/example_dags/example_branch_python_dop_operator_3.py
[2023-02-13T19:02:55.689+0000] {logging_mixin.py:137} INFO - [2023-02-13T19:02:55.689+0000] {dag.py:2676} INFO - Sync 1 DAGs
[2023-02-13T19:02:55.720+0000] {logging_mixin.py:137} INFO - [2023-02-13T19:02:55.720+0000] {dag.py:3427} INFO - Setting next_dagrun for example_branch_dop_operator_v3 to 2023-02-13T19:01:00+00:00, run_after=2023-02-13T19:02:00+00:00
[2023-02-13T19:02:55.741+0000] {processor.py:175} INFO - Processing /home/airflow/.local/lib/python3.7/site-packages/airflow/example_dags/example_branch_python_dop_operator_3.py took 0.124 seconds
[2023-02-13T19:03:37.473+0000] {processor.py:153} INFO - Started process (PID=1087) to work on /home/airflow/.local/lib/python3.7/site-packages/airflow/example_dags/example_branch_python_dop_operator_3.py
[2023-02-13T19:03:37.475+0000] {processor.py:743} INFO - Processing file /home/airflow/.local/lib/python3.7/site-packages/airflow/example_dags/example_branch_python_dop_operator_3.py for tasks to queue
[2023-02-13T19:03:37.478+0000] {logging_mixin.py:137} INFO - [2023-02-13T19:03:37.477+0000] {dagbag.py:538} INFO - Filling up the DagBag from /home/airflow/.local/lib/python3.7/site-packages/airflow/example_dags/example_branch_python_dop_operator_3.py
[2023-02-13T19:03:37.513+0000] {processor.py:753} INFO - DAG(s) dict_keys(['example_branch_dop_operator_v3']) retrieved from /home/airflow/.local/lib/python3.7/site-packages/airflow/example_dags/example_branch_python_dop_operator_3.py
[2023-02-13T19:03:37.563+0000] {logging_mixin.py:137} INFO - [2023-02-13T19:03:37.563+0000] {dag.py:2676} INFO - Sync 1 DAGs
[2023-02-13T19:03:37.599+0000] {logging_mixin.py:137} INFO - [2023-02-13T19:03:37.599+0000] {dag.py:3427} INFO - Setting next_dagrun for example_branch_dop_operator_v3 to 2023-02-13T19:02:00+00:00, run_after=2023-02-13T19:03:00+00:00
[2023-02-13T19:03:37.623+0000] {processor.py:175} INFO - Processing /home/airflow/.local/lib/python3.7/site-packages/airflow/example_dags/example_branch_python_dop_operator_3.py took 0.155 seconds
[2023-02-13T19:04:08.008+0000] {processor.py:153} INFO - Started process (PID=1158) to work on /home/airflow/.local/lib/python3.7/site-packages/airflow/example_dags/example_branch_python_dop_operator_3.py
[2023-02-13T19:04:08.012+0000] {processor.py:743} INFO - Processing file /home/airflow/.local/lib/python3.7/site-packages/airflow/example_dags/example_branch_python_dop_operator_3.py for tasks to queue
[2023-02-13T19:04:08.013+0000] {logging_mixin.py:137} INFO - [2023-02-13T19:04:08.013+0000] {dagbag.py:538} INFO - Filling up the DagBag from /home/airflow/.local/lib/python3.7/site-packages/airflow/example_dags/example_branch_python_dop_operator_3.py
[2023-02-13T19:04:08.050+0000] {processor.py:753} INFO - DAG(s) dict_keys(['example_branch_dop_operator_v3']) retrieved from /home/airflow/.local/lib/python3.7/site-packages/airflow/example_dags/example_branch_python_dop_operator_3.py
[2023-02-13T19:04:08.107+0000] {logging_mixin.py:137} INFO - [2023-02-13T19:04:08.107+0000] {dag.py:2676} INFO - Sync 1 DAGs
[2023-02-13T19:04:08.151+0000] {logging_mixin.py:137} INFO - [2023-02-13T19:04:08.150+0000] {dag.py:3427} INFO - Setting next_dagrun for example_branch_dop_operator_v3 to 2023-02-13T19:03:00+00:00, run_after=2023-02-13T19:04:00+00:00
[2023-02-13T19:04:08.177+0000] {processor.py:175} INFO - Processing /home/airflow/.local/lib/python3.7/site-packages/airflow/example_dags/example_branch_python_dop_operator_3.py took 0.174 seconds
[2023-02-13T19:04:38.681+0000] {processor.py:153} INFO - Started process (PID=1245) to work on /home/airflow/.local/lib/python3.7/site-packages/airflow/example_dags/example_branch_python_dop_operator_3.py
[2023-02-13T19:04:38.684+0000] {processor.py:743} INFO - Processing file /home/airflow/.local/lib/python3.7/site-packages/airflow/example_dags/example_branch_python_dop_operator_3.py for tasks to queue
[2023-02-13T19:04:38.686+0000] {logging_mixin.py:137} INFO - [2023-02-13T19:04:38.685+0000] {dagbag.py:538} INFO - Filling up the DagBag from /home/airflow/.local/lib/python3.7/site-packages/airflow/example_dags/example_branch_python_dop_operator_3.py
[2023-02-13T19:04:38.719+0000] {processor.py:753} INFO - DAG(s) dict_keys(['example_branch_dop_operator_v3']) retrieved from /home/airflow/.local/lib/python3.7/site-packages/airflow/example_dags/example_branch_python_dop_operator_3.py
[2023-02-13T19:04:38.771+0000] {logging_mixin.py:137} INFO - [2023-02-13T19:04:38.771+0000] {dag.py:2676} INFO - Sync 1 DAGs
[2023-02-13T19:04:38.812+0000] {logging_mixin.py:137} INFO - [2023-02-13T19:04:38.812+0000] {dag.py:3427} INFO - Setting next_dagrun for example_branch_dop_operator_v3 to 2023-02-13T19:03:00+00:00, run_after=2023-02-13T19:04:00+00:00
[2023-02-13T19:04:38.833+0000] {processor.py:175} INFO - Processing /home/airflow/.local/lib/python3.7/site-packages/airflow/example_dags/example_branch_python_dop_operator_3.py took 0.156 seconds
[2023-02-13T19:09:16.386+0000] {processor.py:153} INFO - Started process (PID=87) to work on /home/airflow/.local/lib/python3.7/site-packages/airflow/example_dags/example_branch_python_dop_operator_3.py
[2023-02-13T19:09:16.389+0000] {processor.py:743} INFO - Processing file /home/airflow/.local/lib/python3.7/site-packages/airflow/example_dags/example_branch_python_dop_operator_3.py for tasks to queue
[2023-02-13T19:09:16.392+0000] {logging_mixin.py:137} INFO - [2023-02-13T19:09:16.391+0000] {dagbag.py:538} INFO - Filling up the DagBag from /home/airflow/.local/lib/python3.7/site-packages/airflow/example_dags/example_branch_python_dop_operator_3.py
[2023-02-13T19:09:16.438+0000] {processor.py:753} INFO - DAG(s) dict_keys(['example_branch_dop_operator_v3']) retrieved from /home/airflow/.local/lib/python3.7/site-packages/airflow/example_dags/example_branch_python_dop_operator_3.py
[2023-02-13T19:09:16.508+0000] {logging_mixin.py:137} INFO - [2023-02-13T19:09:16.508+0000] {dag.py:2676} INFO - Sync 1 DAGs
[2023-02-13T19:09:16.562+0000] {logging_mixin.py:137} INFO - [2023-02-13T19:09:16.562+0000] {dag.py:3427} INFO - Setting next_dagrun for example_branch_dop_operator_v3 to 2023-02-13T19:08:00+00:00, run_after=2023-02-13T19:09:00+00:00
[2023-02-13T19:09:16.601+0000] {processor.py:175} INFO - Processing /home/airflow/.local/lib/python3.7/site-packages/airflow/example_dags/example_branch_python_dop_operator_3.py took 0.222 seconds
[2023-02-13T19:09:46.856+0000] {processor.py:153} INFO - Started process (PID=159) to work on /home/airflow/.local/lib/python3.7/site-packages/airflow/example_dags/example_branch_python_dop_operator_3.py
[2023-02-13T19:09:46.858+0000] {processor.py:743} INFO - Processing file /home/airflow/.local/lib/python3.7/site-packages/airflow/example_dags/example_branch_python_dop_operator_3.py for tasks to queue
[2023-02-13T19:09:46.860+0000] {logging_mixin.py:137} INFO - [2023-02-13T19:09:46.860+0000] {dagbag.py:538} INFO - Filling up the DagBag from /home/airflow/.local/lib/python3.7/site-packages/airflow/example_dags/example_branch_python_dop_operator_3.py
[2023-02-13T19:09:46.894+0000] {processor.py:753} INFO - DAG(s) dict_keys(['example_branch_dop_operator_v3']) retrieved from /home/airflow/.local/lib/python3.7/site-packages/airflow/example_dags/example_branch_python_dop_operator_3.py
[2023-02-13T19:09:46.947+0000] {logging_mixin.py:137} INFO - [2023-02-13T19:09:46.946+0000] {dag.py:2676} INFO - Sync 1 DAGs
[2023-02-13T19:09:46.988+0000] {logging_mixin.py:137} INFO - [2023-02-13T19:09:46.988+0000] {dag.py:3427} INFO - Setting next_dagrun for example_branch_dop_operator_v3 to 2023-02-13T19:08:00+00:00, run_after=2023-02-13T19:09:00+00:00
[2023-02-13T19:09:47.018+0000] {processor.py:175} INFO - Processing /home/airflow/.local/lib/python3.7/site-packages/airflow/example_dags/example_branch_python_dop_operator_3.py took 0.168 seconds
[2023-02-13T19:10:17.897+0000] {processor.py:153} INFO - Started process (PID=246) to work on /home/airflow/.local/lib/python3.7/site-packages/airflow/example_dags/example_branch_python_dop_operator_3.py
[2023-02-13T19:10:17.900+0000] {processor.py:743} INFO - Processing file /home/airflow/.local/lib/python3.7/site-packages/airflow/example_dags/example_branch_python_dop_operator_3.py for tasks to queue
[2023-02-13T19:10:17.902+0000] {logging_mixin.py:137} INFO - [2023-02-13T19:10:17.902+0000] {dagbag.py:538} INFO - Filling up the DagBag from /home/airflow/.local/lib/python3.7/site-packages/airflow/example_dags/example_branch_python_dop_operator_3.py
[2023-02-13T19:10:17.940+0000] {processor.py:753} INFO - DAG(s) dict_keys(['example_branch_dop_operator_v3']) retrieved from /home/airflow/.local/lib/python3.7/site-packages/airflow/example_dags/example_branch_python_dop_operator_3.py
[2023-02-13T19:10:18.013+0000] {logging_mixin.py:137} INFO - [2023-02-13T19:10:18.013+0000] {dag.py:2676} INFO - Sync 1 DAGs
[2023-02-13T19:10:18.072+0000] {logging_mixin.py:137} INFO - [2023-02-13T19:10:18.071+0000] {dag.py:3427} INFO - Setting next_dagrun for example_branch_dop_operator_v3 to 2023-02-13T19:09:00+00:00, run_after=2023-02-13T19:10:00+00:00
[2023-02-13T19:10:18.109+0000] {processor.py:175} INFO - Processing /home/airflow/.local/lib/python3.7/site-packages/airflow/example_dags/example_branch_python_dop_operator_3.py took 0.217 seconds
