[2023-02-13T18:56:42.952+0000] {processor.py:153} INFO - Started process (PID=58) to work on /home/airflow/.local/lib/python3.7/site-packages/airflow/example_dags/example_dag_decorator.py
[2023-02-13T18:56:42.955+0000] {processor.py:743} INFO - Processing file /home/airflow/.local/lib/python3.7/site-packages/airflow/example_dags/example_dag_decorator.py for tasks to queue
[2023-02-13T18:56:42.957+0000] {logging_mixin.py:137} INFO - [2023-02-13T18:56:42.957+0000] {dagbag.py:538} INFO - Filling up the DagBag from /home/airflow/.local/lib/python3.7/site-packages/airflow/example_dags/example_dag_decorator.py
[2023-02-13T18:56:42.990+0000] {logging_mixin.py:137} INFO - [2023-02-13T18:56:42.990+0000] {taskmixin.py:205} WARNING - Dependency <Task(_PythonDecoratedOperator): prepare_email>, send_email already registered for DAG: example_dag_decorator
[2023-02-13T18:56:42.993+0000] {logging_mixin.py:137} INFO - [2023-02-13T18:56:42.992+0000] {taskmixin.py:205} WARNING - Dependency <Task(EmailOperator): send_email>, prepare_email already registered for DAG: example_dag_decorator
[2023-02-13T18:56:43.011+0000] {processor.py:753} INFO - DAG(s) dict_keys(['example_dag_decorator']) retrieved from /home/airflow/.local/lib/python3.7/site-packages/airflow/example_dags/example_dag_decorator.py
[2023-02-13T18:56:43.149+0000] {logging_mixin.py:137} INFO - [2023-02-13T18:56:43.149+0000] {dag.py:2676} INFO - Sync 1 DAGs
[2023-02-13T18:56:43.190+0000] {logging_mixin.py:137} INFO - [2023-02-13T18:56:43.190+0000] {dag.py:3427} INFO - Setting next_dagrun for example_dag_decorator to None, run_after=None
[2023-02-13T18:56:43.234+0000] {processor.py:175} INFO - Processing /home/airflow/.local/lib/python3.7/site-packages/airflow/example_dags/example_dag_decorator.py took 0.289 seconds
[2023-02-13T18:57:13.279+0000] {processor.py:153} INFO - Started process (PID=129) to work on /home/airflow/.local/lib/python3.7/site-packages/airflow/example_dags/example_dag_decorator.py
[2023-02-13T18:57:13.281+0000] {processor.py:743} INFO - Processing file /home/airflow/.local/lib/python3.7/site-packages/airflow/example_dags/example_dag_decorator.py for tasks to queue
[2023-02-13T18:57:13.282+0000] {logging_mixin.py:137} INFO - [2023-02-13T18:57:13.282+0000] {dagbag.py:538} INFO - Filling up the DagBag from /home/airflow/.local/lib/python3.7/site-packages/airflow/example_dags/example_dag_decorator.py
[2023-02-13T18:57:13.303+0000] {logging_mixin.py:137} INFO - [2023-02-13T18:57:13.303+0000] {taskmixin.py:205} WARNING - Dependency <Task(_PythonDecoratedOperator): prepare_email>, send_email already registered for DAG: example_dag_decorator
[2023-02-13T18:57:13.304+0000] {logging_mixin.py:137} INFO - [2023-02-13T18:57:13.304+0000] {taskmixin.py:205} WARNING - Dependency <Task(EmailOperator): send_email>, prepare_email already registered for DAG: example_dag_decorator
[2023-02-13T18:57:13.319+0000] {processor.py:753} INFO - DAG(s) dict_keys(['example_dag_decorator']) retrieved from /home/airflow/.local/lib/python3.7/site-packages/airflow/example_dags/example_dag_decorator.py
[2023-02-13T18:57:13.364+0000] {logging_mixin.py:137} INFO - [2023-02-13T18:57:13.364+0000] {dag.py:2676} INFO - Sync 1 DAGs
[2023-02-13T18:57:13.392+0000] {logging_mixin.py:137} INFO - [2023-02-13T18:57:13.392+0000] {dag.py:3427} INFO - Setting next_dagrun for example_dag_decorator to None, run_after=None
[2023-02-13T18:57:13.413+0000] {processor.py:175} INFO - Processing /home/airflow/.local/lib/python3.7/site-packages/airflow/example_dags/example_dag_decorator.py took 0.139 seconds
[2023-02-13T18:57:44.254+0000] {processor.py:153} INFO - Started process (PID=200) to work on /home/airflow/.local/lib/python3.7/site-packages/airflow/example_dags/example_dag_decorator.py
[2023-02-13T18:57:44.256+0000] {processor.py:743} INFO - Processing file /home/airflow/.local/lib/python3.7/site-packages/airflow/example_dags/example_dag_decorator.py for tasks to queue
[2023-02-13T18:57:44.258+0000] {logging_mixin.py:137} INFO - [2023-02-13T18:57:44.258+0000] {dagbag.py:538} INFO - Filling up the DagBag from /home/airflow/.local/lib/python3.7/site-packages/airflow/example_dags/example_dag_decorator.py
[2023-02-13T18:57:44.279+0000] {logging_mixin.py:137} INFO - [2023-02-13T18:57:44.279+0000] {taskmixin.py:205} WARNING - Dependency <Task(_PythonDecoratedOperator): prepare_email>, send_email already registered for DAG: example_dag_decorator
[2023-02-13T18:57:44.280+0000] {logging_mixin.py:137} INFO - [2023-02-13T18:57:44.280+0000] {taskmixin.py:205} WARNING - Dependency <Task(EmailOperator): send_email>, prepare_email already registered for DAG: example_dag_decorator
[2023-02-13T18:57:44.295+0000] {processor.py:753} INFO - DAG(s) dict_keys(['example_dag_decorator']) retrieved from /home/airflow/.local/lib/python3.7/site-packages/airflow/example_dags/example_dag_decorator.py
[2023-02-13T18:57:44.340+0000] {logging_mixin.py:137} INFO - [2023-02-13T18:57:44.340+0000] {dag.py:2676} INFO - Sync 1 DAGs
[2023-02-13T18:57:44.369+0000] {logging_mixin.py:137} INFO - [2023-02-13T18:57:44.369+0000] {dag.py:3427} INFO - Setting next_dagrun for example_dag_decorator to None, run_after=None
[2023-02-13T18:57:44.390+0000] {processor.py:175} INFO - Processing /home/airflow/.local/lib/python3.7/site-packages/airflow/example_dags/example_dag_decorator.py took 0.140 seconds
[2023-02-13T18:58:14.460+0000] {processor.py:153} INFO - Started process (PID=287) to work on /home/airflow/.local/lib/python3.7/site-packages/airflow/example_dags/example_dag_decorator.py
[2023-02-13T18:58:14.462+0000] {processor.py:743} INFO - Processing file /home/airflow/.local/lib/python3.7/site-packages/airflow/example_dags/example_dag_decorator.py for tasks to queue
[2023-02-13T18:58:14.464+0000] {logging_mixin.py:137} INFO - [2023-02-13T18:58:14.464+0000] {dagbag.py:538} INFO - Filling up the DagBag from /home/airflow/.local/lib/python3.7/site-packages/airflow/example_dags/example_dag_decorator.py
[2023-02-13T18:58:14.484+0000] {logging_mixin.py:137} INFO - [2023-02-13T18:58:14.484+0000] {taskmixin.py:205} WARNING - Dependency <Task(_PythonDecoratedOperator): prepare_email>, send_email already registered for DAG: example_dag_decorator
[2023-02-13T18:58:14.485+0000] {logging_mixin.py:137} INFO - [2023-02-13T18:58:14.485+0000] {taskmixin.py:205} WARNING - Dependency <Task(EmailOperator): send_email>, prepare_email already registered for DAG: example_dag_decorator
[2023-02-13T18:58:14.500+0000] {processor.py:753} INFO - DAG(s) dict_keys(['example_dag_decorator']) retrieved from /home/airflow/.local/lib/python3.7/site-packages/airflow/example_dags/example_dag_decorator.py
[2023-02-13T18:58:14.588+0000] {logging_mixin.py:137} INFO - [2023-02-13T18:58:14.588+0000] {dag.py:2676} INFO - Sync 1 DAGs
[2023-02-13T18:58:14.615+0000] {logging_mixin.py:137} INFO - [2023-02-13T18:58:14.614+0000] {dag.py:3427} INFO - Setting next_dagrun for example_dag_decorator to None, run_after=None
[2023-02-13T18:58:14.636+0000] {processor.py:175} INFO - Processing /home/airflow/.local/lib/python3.7/site-packages/airflow/example_dags/example_dag_decorator.py took 0.180 seconds
[2023-02-13T18:58:45.779+0000] {processor.py:153} INFO - Started process (PID=358) to work on /home/airflow/.local/lib/python3.7/site-packages/airflow/example_dags/example_dag_decorator.py
[2023-02-13T18:58:45.790+0000] {processor.py:743} INFO - Processing file /home/airflow/.local/lib/python3.7/site-packages/airflow/example_dags/example_dag_decorator.py for tasks to queue
[2023-02-13T18:58:45.792+0000] {logging_mixin.py:137} INFO - [2023-02-13T18:58:45.792+0000] {dagbag.py:538} INFO - Filling up the DagBag from /home/airflow/.local/lib/python3.7/site-packages/airflow/example_dags/example_dag_decorator.py
[2023-02-13T18:58:45.819+0000] {logging_mixin.py:137} INFO - [2023-02-13T18:58:45.819+0000] {taskmixin.py:205} WARNING - Dependency <Task(_PythonDecoratedOperator): prepare_email>, send_email already registered for DAG: example_dag_decorator
[2023-02-13T18:58:45.821+0000] {logging_mixin.py:137} INFO - [2023-02-13T18:58:45.821+0000] {taskmixin.py:205} WARNING - Dependency <Task(EmailOperator): send_email>, prepare_email already registered for DAG: example_dag_decorator
[2023-02-13T18:58:45.844+0000] {processor.py:753} INFO - DAG(s) dict_keys(['example_dag_decorator']) retrieved from /home/airflow/.local/lib/python3.7/site-packages/airflow/example_dags/example_dag_decorator.py
[2023-02-13T18:58:45.951+0000] {logging_mixin.py:137} INFO - [2023-02-13T18:58:45.951+0000] {dag.py:2676} INFO - Sync 1 DAGs
[2023-02-13T18:58:45.977+0000] {logging_mixin.py:137} INFO - [2023-02-13T18:58:45.977+0000] {dag.py:3427} INFO - Setting next_dagrun for example_dag_decorator to None, run_after=None
[2023-02-13T18:58:46.001+0000] {processor.py:175} INFO - Processing /home/airflow/.local/lib/python3.7/site-packages/airflow/example_dags/example_dag_decorator.py took 0.229 seconds
[2023-02-13T18:59:16.705+0000] {processor.py:153} INFO - Started process (PID=445) to work on /home/airflow/.local/lib/python3.7/site-packages/airflow/example_dags/example_dag_decorator.py
[2023-02-13T18:59:16.709+0000] {processor.py:743} INFO - Processing file /home/airflow/.local/lib/python3.7/site-packages/airflow/example_dags/example_dag_decorator.py for tasks to queue
[2023-02-13T18:59:16.711+0000] {logging_mixin.py:137} INFO - [2023-02-13T18:59:16.711+0000] {dagbag.py:538} INFO - Filling up the DagBag from /home/airflow/.local/lib/python3.7/site-packages/airflow/example_dags/example_dag_decorator.py
[2023-02-13T18:59:16.736+0000] {logging_mixin.py:137} INFO - [2023-02-13T18:59:16.736+0000] {taskmixin.py:205} WARNING - Dependency <Task(_PythonDecoratedOperator): prepare_email>, send_email already registered for DAG: example_dag_decorator
[2023-02-13T18:59:16.738+0000] {logging_mixin.py:137} INFO - [2023-02-13T18:59:16.738+0000] {taskmixin.py:205} WARNING - Dependency <Task(EmailOperator): send_email>, prepare_email already registered for DAG: example_dag_decorator
[2023-02-13T18:59:16.756+0000] {processor.py:753} INFO - DAG(s) dict_keys(['example_dag_decorator']) retrieved from /home/airflow/.local/lib/python3.7/site-packages/airflow/example_dags/example_dag_decorator.py
[2023-02-13T18:59:16.850+0000] {logging_mixin.py:137} INFO - [2023-02-13T18:59:16.850+0000] {dag.py:2676} INFO - Sync 1 DAGs
[2023-02-13T18:59:16.878+0000] {logging_mixin.py:137} INFO - [2023-02-13T18:59:16.878+0000] {dag.py:3427} INFO - Setting next_dagrun for example_dag_decorator to None, run_after=None
[2023-02-13T18:59:16.900+0000] {processor.py:175} INFO - Processing /home/airflow/.local/lib/python3.7/site-packages/airflow/example_dags/example_dag_decorator.py took 0.198 seconds
[2023-02-13T18:59:47.545+0000] {processor.py:153} INFO - Started process (PID=516) to work on /home/airflow/.local/lib/python3.7/site-packages/airflow/example_dags/example_dag_decorator.py
[2023-02-13T18:59:47.547+0000] {processor.py:743} INFO - Processing file /home/airflow/.local/lib/python3.7/site-packages/airflow/example_dags/example_dag_decorator.py for tasks to queue
[2023-02-13T18:59:47.548+0000] {logging_mixin.py:137} INFO - [2023-02-13T18:59:47.548+0000] {dagbag.py:538} INFO - Filling up the DagBag from /home/airflow/.local/lib/python3.7/site-packages/airflow/example_dags/example_dag_decorator.py
[2023-02-13T18:59:47.569+0000] {logging_mixin.py:137} INFO - [2023-02-13T18:59:47.569+0000] {taskmixin.py:205} WARNING - Dependency <Task(_PythonDecoratedOperator): prepare_email>, send_email already registered for DAG: example_dag_decorator
[2023-02-13T18:59:47.571+0000] {logging_mixin.py:137} INFO - [2023-02-13T18:59:47.571+0000] {taskmixin.py:205} WARNING - Dependency <Task(EmailOperator): send_email>, prepare_email already registered for DAG: example_dag_decorator
[2023-02-13T18:59:47.586+0000] {processor.py:753} INFO - DAG(s) dict_keys(['example_dag_decorator']) retrieved from /home/airflow/.local/lib/python3.7/site-packages/airflow/example_dags/example_dag_decorator.py
[2023-02-13T18:59:47.665+0000] {logging_mixin.py:137} INFO - [2023-02-13T18:59:47.665+0000] {dag.py:2676} INFO - Sync 1 DAGs
[2023-02-13T18:59:47.691+0000] {logging_mixin.py:137} INFO - [2023-02-13T18:59:47.691+0000] {dag.py:3427} INFO - Setting next_dagrun for example_dag_decorator to None, run_after=None
[2023-02-13T18:59:47.718+0000] {processor.py:175} INFO - Processing /home/airflow/.local/lib/python3.7/site-packages/airflow/example_dags/example_dag_decorator.py took 0.178 seconds
[2023-02-13T19:00:18.252+0000] {processor.py:153} INFO - Started process (PID=603) to work on /home/airflow/.local/lib/python3.7/site-packages/airflow/example_dags/example_dag_decorator.py
[2023-02-13T19:00:18.254+0000] {processor.py:743} INFO - Processing file /home/airflow/.local/lib/python3.7/site-packages/airflow/example_dags/example_dag_decorator.py for tasks to queue
[2023-02-13T19:00:18.255+0000] {logging_mixin.py:137} INFO - [2023-02-13T19:00:18.255+0000] {dagbag.py:538} INFO - Filling up the DagBag from /home/airflow/.local/lib/python3.7/site-packages/airflow/example_dags/example_dag_decorator.py
[2023-02-13T19:00:18.275+0000] {logging_mixin.py:137} INFO - [2023-02-13T19:00:18.275+0000] {taskmixin.py:205} WARNING - Dependency <Task(_PythonDecoratedOperator): prepare_email>, send_email already registered for DAG: example_dag_decorator
[2023-02-13T19:00:18.276+0000] {logging_mixin.py:137} INFO - [2023-02-13T19:00:18.276+0000] {taskmixin.py:205} WARNING - Dependency <Task(EmailOperator): send_email>, prepare_email already registered for DAG: example_dag_decorator
[2023-02-13T19:00:18.291+0000] {processor.py:753} INFO - DAG(s) dict_keys(['example_dag_decorator']) retrieved from /home/airflow/.local/lib/python3.7/site-packages/airflow/example_dags/example_dag_decorator.py
[2023-02-13T19:00:18.378+0000] {logging_mixin.py:137} INFO - [2023-02-13T19:00:18.378+0000] {dag.py:2676} INFO - Sync 1 DAGs
[2023-02-13T19:00:18.406+0000] {logging_mixin.py:137} INFO - [2023-02-13T19:00:18.406+0000] {dag.py:3427} INFO - Setting next_dagrun for example_dag_decorator to None, run_after=None
[2023-02-13T19:00:18.436+0000] {processor.py:175} INFO - Processing /home/airflow/.local/lib/python3.7/site-packages/airflow/example_dags/example_dag_decorator.py took 0.189 seconds
[2023-02-13T19:00:49.351+0000] {processor.py:153} INFO - Started process (PID=674) to work on /home/airflow/.local/lib/python3.7/site-packages/airflow/example_dags/example_dag_decorator.py
[2023-02-13T19:00:49.352+0000] {processor.py:743} INFO - Processing file /home/airflow/.local/lib/python3.7/site-packages/airflow/example_dags/example_dag_decorator.py for tasks to queue
[2023-02-13T19:00:49.354+0000] {logging_mixin.py:137} INFO - [2023-02-13T19:00:49.354+0000] {dagbag.py:538} INFO - Filling up the DagBag from /home/airflow/.local/lib/python3.7/site-packages/airflow/example_dags/example_dag_decorator.py
[2023-02-13T19:00:49.374+0000] {logging_mixin.py:137} INFO - [2023-02-13T19:00:49.374+0000] {taskmixin.py:205} WARNING - Dependency <Task(_PythonDecoratedOperator): prepare_email>, send_email already registered for DAG: example_dag_decorator
[2023-02-13T19:00:49.376+0000] {logging_mixin.py:137} INFO - [2023-02-13T19:00:49.376+0000] {taskmixin.py:205} WARNING - Dependency <Task(EmailOperator): send_email>, prepare_email already registered for DAG: example_dag_decorator
[2023-02-13T19:00:49.390+0000] {processor.py:753} INFO - DAG(s) dict_keys(['example_dag_decorator']) retrieved from /home/airflow/.local/lib/python3.7/site-packages/airflow/example_dags/example_dag_decorator.py
[2023-02-13T19:00:49.473+0000] {logging_mixin.py:137} INFO - [2023-02-13T19:00:49.473+0000] {dag.py:2676} INFO - Sync 1 DAGs
[2023-02-13T19:00:49.495+0000] {logging_mixin.py:137} INFO - [2023-02-13T19:00:49.495+0000] {dag.py:3427} INFO - Setting next_dagrun for example_dag_decorator to None, run_after=None
[2023-02-13T19:00:49.516+0000] {processor.py:175} INFO - Processing /home/airflow/.local/lib/python3.7/site-packages/airflow/example_dags/example_dag_decorator.py took 0.169 seconds
[2023-02-13T19:01:19.841+0000] {processor.py:153} INFO - Started process (PID=760) to work on /home/airflow/.local/lib/python3.7/site-packages/airflow/example_dags/example_dag_decorator.py
[2023-02-13T19:01:19.843+0000] {processor.py:743} INFO - Processing file /home/airflow/.local/lib/python3.7/site-packages/airflow/example_dags/example_dag_decorator.py for tasks to queue
[2023-02-13T19:01:19.846+0000] {logging_mixin.py:137} INFO - [2023-02-13T19:01:19.846+0000] {dagbag.py:538} INFO - Filling up the DagBag from /home/airflow/.local/lib/python3.7/site-packages/airflow/example_dags/example_dag_decorator.py
[2023-02-13T19:01:19.866+0000] {logging_mixin.py:137} INFO - [2023-02-13T19:01:19.866+0000] {taskmixin.py:205} WARNING - Dependency <Task(_PythonDecoratedOperator): prepare_email>, send_email already registered for DAG: example_dag_decorator
[2023-02-13T19:01:19.867+0000] {logging_mixin.py:137} INFO - [2023-02-13T19:01:19.867+0000] {taskmixin.py:205} WARNING - Dependency <Task(EmailOperator): send_email>, prepare_email already registered for DAG: example_dag_decorator
[2023-02-13T19:01:19.882+0000] {processor.py:753} INFO - DAG(s) dict_keys(['example_dag_decorator']) retrieved from /home/airflow/.local/lib/python3.7/site-packages/airflow/example_dags/example_dag_decorator.py
[2023-02-13T19:01:19.963+0000] {logging_mixin.py:137} INFO - [2023-02-13T19:01:19.963+0000] {dag.py:2676} INFO - Sync 1 DAGs
[2023-02-13T19:01:19.987+0000] {logging_mixin.py:137} INFO - [2023-02-13T19:01:19.987+0000] {dag.py:3427} INFO - Setting next_dagrun for example_dag_decorator to None, run_after=None
[2023-02-13T19:01:20.009+0000] {processor.py:175} INFO - Processing /home/airflow/.local/lib/python3.7/site-packages/airflow/example_dags/example_dag_decorator.py took 0.172 seconds
[2023-02-13T19:01:50.150+0000] {processor.py:153} INFO - Started process (PID=831) to work on /home/airflow/.local/lib/python3.7/site-packages/airflow/example_dags/example_dag_decorator.py
[2023-02-13T19:01:50.153+0000] {processor.py:743} INFO - Processing file /home/airflow/.local/lib/python3.7/site-packages/airflow/example_dags/example_dag_decorator.py for tasks to queue
[2023-02-13T19:01:50.154+0000] {logging_mixin.py:137} INFO - [2023-02-13T19:01:50.154+0000] {dagbag.py:538} INFO - Filling up the DagBag from /home/airflow/.local/lib/python3.7/site-packages/airflow/example_dags/example_dag_decorator.py
[2023-02-13T19:01:50.175+0000] {logging_mixin.py:137} INFO - [2023-02-13T19:01:50.175+0000] {taskmixin.py:205} WARNING - Dependency <Task(_PythonDecoratedOperator): prepare_email>, send_email already registered for DAG: example_dag_decorator
[2023-02-13T19:01:50.177+0000] {logging_mixin.py:137} INFO - [2023-02-13T19:01:50.177+0000] {taskmixin.py:205} WARNING - Dependency <Task(EmailOperator): send_email>, prepare_email already registered for DAG: example_dag_decorator
[2023-02-13T19:01:50.193+0000] {processor.py:753} INFO - DAG(s) dict_keys(['example_dag_decorator']) retrieved from /home/airflow/.local/lib/python3.7/site-packages/airflow/example_dags/example_dag_decorator.py
[2023-02-13T19:01:50.274+0000] {logging_mixin.py:137} INFO - [2023-02-13T19:01:50.274+0000] {dag.py:2676} INFO - Sync 1 DAGs
[2023-02-13T19:01:50.298+0000] {logging_mixin.py:137} INFO - [2023-02-13T19:01:50.298+0000] {dag.py:3427} INFO - Setting next_dagrun for example_dag_decorator to None, run_after=None
[2023-02-13T19:01:50.317+0000] {processor.py:175} INFO - Processing /home/airflow/.local/lib/python3.7/site-packages/airflow/example_dags/example_dag_decorator.py took 0.171 seconds
[2023-02-13T19:02:20.709+0000] {processor.py:153} INFO - Started process (PID=918) to work on /home/airflow/.local/lib/python3.7/site-packages/airflow/example_dags/example_dag_decorator.py
[2023-02-13T19:02:20.711+0000] {processor.py:743} INFO - Processing file /home/airflow/.local/lib/python3.7/site-packages/airflow/example_dags/example_dag_decorator.py for tasks to queue
[2023-02-13T19:02:20.712+0000] {logging_mixin.py:137} INFO - [2023-02-13T19:02:20.712+0000] {dagbag.py:538} INFO - Filling up the DagBag from /home/airflow/.local/lib/python3.7/site-packages/airflow/example_dags/example_dag_decorator.py
[2023-02-13T19:02:20.733+0000] {logging_mixin.py:137} INFO - [2023-02-13T19:02:20.733+0000] {taskmixin.py:205} WARNING - Dependency <Task(_PythonDecoratedOperator): prepare_email>, send_email already registered for DAG: example_dag_decorator
[2023-02-13T19:02:20.736+0000] {logging_mixin.py:137} INFO - [2023-02-13T19:02:20.736+0000] {taskmixin.py:205} WARNING - Dependency <Task(EmailOperator): send_email>, prepare_email already registered for DAG: example_dag_decorator
[2023-02-13T19:02:20.750+0000] {processor.py:753} INFO - DAG(s) dict_keys(['example_dag_decorator']) retrieved from /home/airflow/.local/lib/python3.7/site-packages/airflow/example_dags/example_dag_decorator.py
[2023-02-13T19:02:20.836+0000] {logging_mixin.py:137} INFO - [2023-02-13T19:02:20.836+0000] {dag.py:2676} INFO - Sync 1 DAGs
[2023-02-13T19:02:20.864+0000] {logging_mixin.py:137} INFO - [2023-02-13T19:02:20.864+0000] {dag.py:3427} INFO - Setting next_dagrun for example_dag_decorator to None, run_after=None
[2023-02-13T19:02:20.887+0000] {processor.py:175} INFO - Processing /home/airflow/.local/lib/python3.7/site-packages/airflow/example_dags/example_dag_decorator.py took 0.183 seconds
[2023-02-13T19:02:51.389+0000] {processor.py:153} INFO - Started process (PID=990) to work on /home/airflow/.local/lib/python3.7/site-packages/airflow/example_dags/example_dag_decorator.py
[2023-02-13T19:02:51.391+0000] {processor.py:743} INFO - Processing file /home/airflow/.local/lib/python3.7/site-packages/airflow/example_dags/example_dag_decorator.py for tasks to queue
[2023-02-13T19:02:51.392+0000] {logging_mixin.py:137} INFO - [2023-02-13T19:02:51.392+0000] {dagbag.py:538} INFO - Filling up the DagBag from /home/airflow/.local/lib/python3.7/site-packages/airflow/example_dags/example_dag_decorator.py
[2023-02-13T19:02:51.411+0000] {logging_mixin.py:137} INFO - [2023-02-13T19:02:51.411+0000] {taskmixin.py:205} WARNING - Dependency <Task(_PythonDecoratedOperator): prepare_email>, send_email already registered for DAG: example_dag_decorator
[2023-02-13T19:02:51.413+0000] {logging_mixin.py:137} INFO - [2023-02-13T19:02:51.412+0000] {taskmixin.py:205} WARNING - Dependency <Task(EmailOperator): send_email>, prepare_email already registered for DAG: example_dag_decorator
[2023-02-13T19:02:51.428+0000] {processor.py:753} INFO - DAG(s) dict_keys(['example_dag_decorator']) retrieved from /home/airflow/.local/lib/python3.7/site-packages/airflow/example_dags/example_dag_decorator.py
[2023-02-13T19:02:51.510+0000] {logging_mixin.py:137} INFO - [2023-02-13T19:02:51.510+0000] {dag.py:2676} INFO - Sync 1 DAGs
[2023-02-13T19:02:51.537+0000] {logging_mixin.py:137} INFO - [2023-02-13T19:02:51.537+0000] {dag.py:3427} INFO - Setting next_dagrun for example_dag_decorator to None, run_after=None
[2023-02-13T19:02:51.561+0000] {processor.py:175} INFO - Processing /home/airflow/.local/lib/python3.7/site-packages/airflow/example_dags/example_dag_decorator.py took 0.176 seconds
[2023-02-13T19:03:33.838+0000] {processor.py:153} INFO - Started process (PID=1052) to work on /home/airflow/.local/lib/python3.7/site-packages/airflow/example_dags/example_dag_decorator.py
[2023-02-13T19:03:33.842+0000] {processor.py:743} INFO - Processing file /home/airflow/.local/lib/python3.7/site-packages/airflow/example_dags/example_dag_decorator.py for tasks to queue
[2023-02-13T19:03:33.879+0000] {logging_mixin.py:137} INFO - [2023-02-13T19:03:33.877+0000] {dagbag.py:538} INFO - Filling up the DagBag from /home/airflow/.local/lib/python3.7/site-packages/airflow/example_dags/example_dag_decorator.py
[2023-02-13T19:03:34.044+0000] {logging_mixin.py:137} INFO - [2023-02-13T19:03:34.041+0000] {taskmixin.py:205} WARNING - Dependency <Task(_PythonDecoratedOperator): prepare_email>, send_email already registered for DAG: example_dag_decorator
[2023-02-13T19:03:34.056+0000] {logging_mixin.py:137} INFO - [2023-02-13T19:03:34.053+0000] {taskmixin.py:205} WARNING - Dependency <Task(EmailOperator): send_email>, prepare_email already registered for DAG: example_dag_decorator
[2023-02-13T19:03:34.203+0000] {processor.py:753} INFO - DAG(s) dict_keys(['example_dag_decorator']) retrieved from /home/airflow/.local/lib/python3.7/site-packages/airflow/example_dags/example_dag_decorator.py
[2023-02-13T19:03:34.546+0000] {logging_mixin.py:137} INFO - [2023-02-13T19:03:34.546+0000] {dag.py:2676} INFO - Sync 1 DAGs
[2023-02-13T19:03:34.648+0000] {logging_mixin.py:137} INFO - [2023-02-13T19:03:34.647+0000] {dag.py:3427} INFO - Setting next_dagrun for example_dag_decorator to None, run_after=None
[2023-02-13T19:03:34.799+0000] {processor.py:175} INFO - Processing /home/airflow/.local/lib/python3.7/site-packages/airflow/example_dags/example_dag_decorator.py took 0.967 seconds
[2023-02-13T19:04:05.239+0000] {processor.py:153} INFO - Started process (PID=1130) to work on /home/airflow/.local/lib/python3.7/site-packages/airflow/example_dags/example_dag_decorator.py
[2023-02-13T19:04:05.242+0000] {processor.py:743} INFO - Processing file /home/airflow/.local/lib/python3.7/site-packages/airflow/example_dags/example_dag_decorator.py for tasks to queue
[2023-02-13T19:04:05.244+0000] {logging_mixin.py:137} INFO - [2023-02-13T19:04:05.244+0000] {dagbag.py:538} INFO - Filling up the DagBag from /home/airflow/.local/lib/python3.7/site-packages/airflow/example_dags/example_dag_decorator.py
[2023-02-13T19:04:05.268+0000] {logging_mixin.py:137} INFO - [2023-02-13T19:04:05.268+0000] {taskmixin.py:205} WARNING - Dependency <Task(_PythonDecoratedOperator): prepare_email>, send_email already registered for DAG: example_dag_decorator
[2023-02-13T19:04:05.269+0000] {logging_mixin.py:137} INFO - [2023-02-13T19:04:05.269+0000] {taskmixin.py:205} WARNING - Dependency <Task(EmailOperator): send_email>, prepare_email already registered for DAG: example_dag_decorator
[2023-02-13T19:04:05.286+0000] {processor.py:753} INFO - DAG(s) dict_keys(['example_dag_decorator']) retrieved from /home/airflow/.local/lib/python3.7/site-packages/airflow/example_dags/example_dag_decorator.py
[2023-02-13T19:04:05.374+0000] {logging_mixin.py:137} INFO - [2023-02-13T19:04:05.374+0000] {dag.py:2676} INFO - Sync 1 DAGs
[2023-02-13T19:04:05.404+0000] {logging_mixin.py:137} INFO - [2023-02-13T19:04:05.404+0000] {dag.py:3427} INFO - Setting next_dagrun for example_dag_decorator to None, run_after=None
[2023-02-13T19:04:05.435+0000] {processor.py:175} INFO - Processing /home/airflow/.local/lib/python3.7/site-packages/airflow/example_dags/example_dag_decorator.py took 0.203 seconds
[2023-02-13T19:04:36.073+0000] {processor.py:153} INFO - Started process (PID=1201) to work on /home/airflow/.local/lib/python3.7/site-packages/airflow/example_dags/example_dag_decorator.py
[2023-02-13T19:04:36.075+0000] {processor.py:743} INFO - Processing file /home/airflow/.local/lib/python3.7/site-packages/airflow/example_dags/example_dag_decorator.py for tasks to queue
[2023-02-13T19:04:36.077+0000] {logging_mixin.py:137} INFO - [2023-02-13T19:04:36.077+0000] {dagbag.py:538} INFO - Filling up the DagBag from /home/airflow/.local/lib/python3.7/site-packages/airflow/example_dags/example_dag_decorator.py
[2023-02-13T19:04:36.097+0000] {logging_mixin.py:137} INFO - [2023-02-13T19:04:36.097+0000] {taskmixin.py:205} WARNING - Dependency <Task(_PythonDecoratedOperator): prepare_email>, send_email already registered for DAG: example_dag_decorator
[2023-02-13T19:04:36.099+0000] {logging_mixin.py:137} INFO - [2023-02-13T19:04:36.099+0000] {taskmixin.py:205} WARNING - Dependency <Task(EmailOperator): send_email>, prepare_email already registered for DAG: example_dag_decorator
[2023-02-13T19:04:36.113+0000] {processor.py:753} INFO - DAG(s) dict_keys(['example_dag_decorator']) retrieved from /home/airflow/.local/lib/python3.7/site-packages/airflow/example_dags/example_dag_decorator.py
[2023-02-13T19:04:36.206+0000] {logging_mixin.py:137} INFO - [2023-02-13T19:04:36.206+0000] {dag.py:2676} INFO - Sync 1 DAGs
[2023-02-13T19:04:36.237+0000] {logging_mixin.py:137} INFO - [2023-02-13T19:04:36.237+0000] {dag.py:3427} INFO - Setting next_dagrun for example_dag_decorator to None, run_after=None
[2023-02-13T19:04:36.263+0000] {processor.py:175} INFO - Processing /home/airflow/.local/lib/python3.7/site-packages/airflow/example_dags/example_dag_decorator.py took 0.195 seconds
[2023-02-13T19:09:12.387+0000] {processor.py:153} INFO - Started process (PID=59) to work on /home/airflow/.local/lib/python3.7/site-packages/airflow/example_dags/example_dag_decorator.py
[2023-02-13T19:09:12.393+0000] {processor.py:743} INFO - Processing file /home/airflow/.local/lib/python3.7/site-packages/airflow/example_dags/example_dag_decorator.py for tasks to queue
[2023-02-13T19:09:12.396+0000] {logging_mixin.py:137} INFO - [2023-02-13T19:09:12.395+0000] {dagbag.py:538} INFO - Filling up the DagBag from /home/airflow/.local/lib/python3.7/site-packages/airflow/example_dags/example_dag_decorator.py
[2023-02-13T19:09:12.446+0000] {logging_mixin.py:137} INFO - [2023-02-13T19:09:12.446+0000] {taskmixin.py:205} WARNING - Dependency <Task(_PythonDecoratedOperator): prepare_email>, send_email already registered for DAG: example_dag_decorator
[2023-02-13T19:09:12.449+0000] {logging_mixin.py:137} INFO - [2023-02-13T19:09:12.448+0000] {taskmixin.py:205} WARNING - Dependency <Task(EmailOperator): send_email>, prepare_email already registered for DAG: example_dag_decorator
[2023-02-13T19:09:12.473+0000] {processor.py:753} INFO - DAG(s) dict_keys(['example_dag_decorator']) retrieved from /home/airflow/.local/lib/python3.7/site-packages/airflow/example_dags/example_dag_decorator.py
[2023-02-13T19:09:12.614+0000] {logging_mixin.py:137} INFO - [2023-02-13T19:09:12.614+0000] {dag.py:2676} INFO - Sync 1 DAGs
[2023-02-13T19:09:12.670+0000] {logging_mixin.py:137} INFO - [2023-02-13T19:09:12.669+0000] {dag.py:3427} INFO - Setting next_dagrun for example_dag_decorator to None, run_after=None
[2023-02-13T19:09:12.722+0000] {processor.py:175} INFO - Processing /home/airflow/.local/lib/python3.7/site-packages/airflow/example_dags/example_dag_decorator.py took 0.341 seconds
[2023-02-13T19:09:42.765+0000] {processor.py:153} INFO - Started process (PID=131) to work on /home/airflow/.local/lib/python3.7/site-packages/airflow/example_dags/example_dag_decorator.py
[2023-02-13T19:09:42.768+0000] {processor.py:743} INFO - Processing file /home/airflow/.local/lib/python3.7/site-packages/airflow/example_dags/example_dag_decorator.py for tasks to queue
[2023-02-13T19:09:42.771+0000] {logging_mixin.py:137} INFO - [2023-02-13T19:09:42.771+0000] {dagbag.py:538} INFO - Filling up the DagBag from /home/airflow/.local/lib/python3.7/site-packages/airflow/example_dags/example_dag_decorator.py
[2023-02-13T19:09:42.805+0000] {logging_mixin.py:137} INFO - [2023-02-13T19:09:42.805+0000] {taskmixin.py:205} WARNING - Dependency <Task(_PythonDecoratedOperator): prepare_email>, send_email already registered for DAG: example_dag_decorator
[2023-02-13T19:09:42.807+0000] {logging_mixin.py:137} INFO - [2023-02-13T19:09:42.807+0000] {taskmixin.py:205} WARNING - Dependency <Task(EmailOperator): send_email>, prepare_email already registered for DAG: example_dag_decorator
[2023-02-13T19:09:42.833+0000] {processor.py:753} INFO - DAG(s) dict_keys(['example_dag_decorator']) retrieved from /home/airflow/.local/lib/python3.7/site-packages/airflow/example_dags/example_dag_decorator.py
[2023-02-13T19:09:42.983+0000] {logging_mixin.py:137} INFO - [2023-02-13T19:09:42.983+0000] {dag.py:2676} INFO - Sync 1 DAGs
[2023-02-13T19:09:43.018+0000] {logging_mixin.py:137} INFO - [2023-02-13T19:09:43.017+0000] {dag.py:3427} INFO - Setting next_dagrun for example_dag_decorator to None, run_after=None
[2023-02-13T19:09:43.049+0000] {processor.py:175} INFO - Processing /home/airflow/.local/lib/python3.7/site-packages/airflow/example_dags/example_dag_decorator.py took 0.289 seconds
[2023-02-13T19:10:13.393+0000] {processor.py:153} INFO - Started process (PID=211) to work on /home/airflow/.local/lib/python3.7/site-packages/airflow/example_dags/example_dag_decorator.py
[2023-02-13T19:10:13.396+0000] {processor.py:743} INFO - Processing file /home/airflow/.local/lib/python3.7/site-packages/airflow/example_dags/example_dag_decorator.py for tasks to queue
[2023-02-13T19:10:13.399+0000] {logging_mixin.py:137} INFO - [2023-02-13T19:10:13.399+0000] {dagbag.py:538} INFO - Filling up the DagBag from /home/airflow/.local/lib/python3.7/site-packages/airflow/example_dags/example_dag_decorator.py
[2023-02-13T19:10:13.432+0000] {logging_mixin.py:137} INFO - [2023-02-13T19:10:13.432+0000] {taskmixin.py:205} WARNING - Dependency <Task(_PythonDecoratedOperator): prepare_email>, send_email already registered for DAG: example_dag_decorator
[2023-02-13T19:10:13.435+0000] {logging_mixin.py:137} INFO - [2023-02-13T19:10:13.435+0000] {taskmixin.py:205} WARNING - Dependency <Task(EmailOperator): send_email>, prepare_email already registered for DAG: example_dag_decorator
[2023-02-13T19:10:13.460+0000] {processor.py:753} INFO - DAG(s) dict_keys(['example_dag_decorator']) retrieved from /home/airflow/.local/lib/python3.7/site-packages/airflow/example_dags/example_dag_decorator.py
[2023-02-13T19:10:13.585+0000] {logging_mixin.py:137} INFO - [2023-02-13T19:10:13.584+0000] {dag.py:2676} INFO - Sync 1 DAGs
[2023-02-13T19:10:13.621+0000] {logging_mixin.py:137} INFO - [2023-02-13T19:10:13.621+0000] {dag.py:3427} INFO - Setting next_dagrun for example_dag_decorator to None, run_after=None
[2023-02-13T19:10:13.656+0000] {processor.py:175} INFO - Processing /home/airflow/.local/lib/python3.7/site-packages/airflow/example_dags/example_dag_decorator.py took 0.270 seconds
