[2023-02-13T18:56:45.193+0000] {processor.py:153} INFO - Started process (PID=76) to work on /home/airflow/.local/lib/python3.7/site-packages/airflow/example_dags/example_xcomargs.py
[2023-02-13T18:56:45.196+0000] {processor.py:743} INFO - Processing file /home/airflow/.local/lib/python3.7/site-packages/airflow/example_dags/example_xcomargs.py for tasks to queue
[2023-02-13T18:56:45.198+0000] {logging_mixin.py:137} INFO - [2023-02-13T18:56:45.198+0000] {dagbag.py:538} INFO - Filling up the DagBag from /home/airflow/.local/lib/python3.7/site-packages/airflow/example_dags/example_xcomargs.py
[2023-02-13T18:56:45.242+0000] {processor.py:753} INFO - DAG(s) dict_keys(['example_xcom_args_with_operators', 'example_xcom_args']) retrieved from /home/airflow/.local/lib/python3.7/site-packages/airflow/example_dags/example_xcomargs.py
[2023-02-13T18:56:45.347+0000] {logging_mixin.py:137} INFO - [2023-02-13T18:56:45.346+0000] {dag.py:2676} INFO - Sync 2 DAGs
[2023-02-13T18:56:45.393+0000] {logging_mixin.py:137} INFO - [2023-02-13T18:56:45.393+0000] {dag.py:3427} INFO - Setting next_dagrun for example_xcom_args to None, run_after=None
[2023-02-13T18:56:45.406+0000] {logging_mixin.py:137} INFO - [2023-02-13T18:56:45.405+0000] {dag.py:3427} INFO - Setting next_dagrun for example_xcom_args_with_operators to None, run_after=None
[2023-02-13T18:56:45.445+0000] {processor.py:175} INFO - Processing /home/airflow/.local/lib/python3.7/site-packages/airflow/example_dags/example_xcomargs.py took 0.257 seconds
[2023-02-13T18:57:16.034+0000] {processor.py:153} INFO - Started process (PID=147) to work on /home/airflow/.local/lib/python3.7/site-packages/airflow/example_dags/example_xcomargs.py
[2023-02-13T18:57:16.037+0000] {processor.py:743} INFO - Processing file /home/airflow/.local/lib/python3.7/site-packages/airflow/example_dags/example_xcomargs.py for tasks to queue
[2023-02-13T18:57:16.039+0000] {logging_mixin.py:137} INFO - [2023-02-13T18:57:16.039+0000] {dagbag.py:538} INFO - Filling up the DagBag from /home/airflow/.local/lib/python3.7/site-packages/airflow/example_dags/example_xcomargs.py
[2023-02-13T18:57:16.077+0000] {processor.py:753} INFO - DAG(s) dict_keys(['example_xcom_args_with_operators', 'example_xcom_args']) retrieved from /home/airflow/.local/lib/python3.7/site-packages/airflow/example_dags/example_xcomargs.py
[2023-02-13T18:57:16.135+0000] {logging_mixin.py:137} INFO - [2023-02-13T18:57:16.135+0000] {dag.py:2676} INFO - Sync 2 DAGs
[2023-02-13T18:57:16.173+0000] {logging_mixin.py:137} INFO - [2023-02-13T18:57:16.173+0000] {dag.py:3427} INFO - Setting next_dagrun for example_xcom_args to None, run_after=None
[2023-02-13T18:57:16.179+0000] {logging_mixin.py:137} INFO - [2023-02-13T18:57:16.179+0000] {dag.py:3427} INFO - Setting next_dagrun for example_xcom_args_with_operators to None, run_after=None
[2023-02-13T18:57:16.204+0000] {processor.py:175} INFO - Processing /home/airflow/.local/lib/python3.7/site-packages/airflow/example_dags/example_xcomargs.py took 0.175 seconds
[2023-02-13T18:57:47.253+0000] {processor.py:153} INFO - Started process (PID=234) to work on /home/airflow/.local/lib/python3.7/site-packages/airflow/example_dags/example_xcomargs.py
[2023-02-13T18:57:47.258+0000] {processor.py:743} INFO - Processing file /home/airflow/.local/lib/python3.7/site-packages/airflow/example_dags/example_xcomargs.py for tasks to queue
[2023-02-13T18:57:47.262+0000] {logging_mixin.py:137} INFO - [2023-02-13T18:57:47.261+0000] {dagbag.py:538} INFO - Filling up the DagBag from /home/airflow/.local/lib/python3.7/site-packages/airflow/example_dags/example_xcomargs.py
[2023-02-13T18:57:47.301+0000] {processor.py:753} INFO - DAG(s) dict_keys(['example_xcom_args_with_operators', 'example_xcom_args']) retrieved from /home/airflow/.local/lib/python3.7/site-packages/airflow/example_dags/example_xcomargs.py
[2023-02-13T18:57:47.361+0000] {logging_mixin.py:137} INFO - [2023-02-13T18:57:47.361+0000] {dag.py:2676} INFO - Sync 2 DAGs
[2023-02-13T18:57:47.398+0000] {logging_mixin.py:137} INFO - [2023-02-13T18:57:47.398+0000] {dag.py:3427} INFO - Setting next_dagrun for example_xcom_args to None, run_after=None
[2023-02-13T18:57:47.405+0000] {logging_mixin.py:137} INFO - [2023-02-13T18:57:47.405+0000] {dag.py:3427} INFO - Setting next_dagrun for example_xcom_args_with_operators to None, run_after=None
[2023-02-13T18:57:47.428+0000] {processor.py:175} INFO - Processing /home/airflow/.local/lib/python3.7/site-packages/airflow/example_dags/example_xcomargs.py took 0.183 seconds
[2023-02-13T18:58:18.349+0000] {processor.py:153} INFO - Started process (PID=305) to work on /home/airflow/.local/lib/python3.7/site-packages/airflow/example_dags/example_xcomargs.py
[2023-02-13T18:58:18.351+0000] {processor.py:743} INFO - Processing file /home/airflow/.local/lib/python3.7/site-packages/airflow/example_dags/example_xcomargs.py for tasks to queue
[2023-02-13T18:58:18.352+0000] {logging_mixin.py:137} INFO - [2023-02-13T18:58:18.352+0000] {dagbag.py:538} INFO - Filling up the DagBag from /home/airflow/.local/lib/python3.7/site-packages/airflow/example_dags/example_xcomargs.py
[2023-02-13T18:58:18.381+0000] {processor.py:753} INFO - DAG(s) dict_keys(['example_xcom_args', 'example_xcom_args_with_operators']) retrieved from /home/airflow/.local/lib/python3.7/site-packages/airflow/example_dags/example_xcomargs.py
[2023-02-13T18:58:18.435+0000] {logging_mixin.py:137} INFO - [2023-02-13T18:58:18.435+0000] {dag.py:2676} INFO - Sync 2 DAGs
[2023-02-13T18:58:18.464+0000] {logging_mixin.py:137} INFO - [2023-02-13T18:58:18.464+0000] {dag.py:3427} INFO - Setting next_dagrun for example_xcom_args to None, run_after=None
[2023-02-13T18:58:18.468+0000] {logging_mixin.py:137} INFO - [2023-02-13T18:58:18.468+0000] {dag.py:3427} INFO - Setting next_dagrun for example_xcom_args_with_operators to None, run_after=None
[2023-02-13T18:58:18.486+0000] {processor.py:175} INFO - Processing /home/airflow/.local/lib/python3.7/site-packages/airflow/example_dags/example_xcomargs.py took 0.141 seconds
[2023-02-13T18:58:48.771+0000] {processor.py:153} INFO - Started process (PID=385) to work on /home/airflow/.local/lib/python3.7/site-packages/airflow/example_dags/example_xcomargs.py
[2023-02-13T18:58:48.773+0000] {processor.py:743} INFO - Processing file /home/airflow/.local/lib/python3.7/site-packages/airflow/example_dags/example_xcomargs.py for tasks to queue
[2023-02-13T18:58:48.775+0000] {logging_mixin.py:137} INFO - [2023-02-13T18:58:48.775+0000] {dagbag.py:538} INFO - Filling up the DagBag from /home/airflow/.local/lib/python3.7/site-packages/airflow/example_dags/example_xcomargs.py
[2023-02-13T18:58:48.809+0000] {processor.py:753} INFO - DAG(s) dict_keys(['example_xcom_args', 'example_xcom_args_with_operators']) retrieved from /home/airflow/.local/lib/python3.7/site-packages/airflow/example_dags/example_xcomargs.py
[2023-02-13T18:58:48.881+0000] {logging_mixin.py:137} INFO - [2023-02-13T18:58:48.881+0000] {dag.py:2676} INFO - Sync 2 DAGs
[2023-02-13T18:58:48.937+0000] {logging_mixin.py:137} INFO - [2023-02-13T18:58:48.936+0000] {dag.py:3427} INFO - Setting next_dagrun for example_xcom_args to None, run_after=None
[2023-02-13T18:58:48.945+0000] {logging_mixin.py:137} INFO - [2023-02-13T18:58:48.945+0000] {dag.py:3427} INFO - Setting next_dagrun for example_xcom_args_with_operators to None, run_after=None
[2023-02-13T18:58:48.967+0000] {processor.py:175} INFO - Processing /home/airflow/.local/lib/python3.7/site-packages/airflow/example_dags/example_xcomargs.py took 0.201 seconds
[2023-02-13T18:59:19.300+0000] {processor.py:153} INFO - Started process (PID=463) to work on /home/airflow/.local/lib/python3.7/site-packages/airflow/example_dags/example_xcomargs.py
[2023-02-13T18:59:19.302+0000] {processor.py:743} INFO - Processing file /home/airflow/.local/lib/python3.7/site-packages/airflow/example_dags/example_xcomargs.py for tasks to queue
[2023-02-13T18:59:19.303+0000] {logging_mixin.py:137} INFO - [2023-02-13T18:59:19.303+0000] {dagbag.py:538} INFO - Filling up the DagBag from /home/airflow/.local/lib/python3.7/site-packages/airflow/example_dags/example_xcomargs.py
[2023-02-13T18:59:19.331+0000] {processor.py:753} INFO - DAG(s) dict_keys(['example_xcom_args', 'example_xcom_args_with_operators']) retrieved from /home/airflow/.local/lib/python3.7/site-packages/airflow/example_dags/example_xcomargs.py
[2023-02-13T18:59:19.382+0000] {logging_mixin.py:137} INFO - [2023-02-13T18:59:19.382+0000] {dag.py:2676} INFO - Sync 2 DAGs
[2023-02-13T18:59:19.418+0000] {logging_mixin.py:137} INFO - [2023-02-13T18:59:19.418+0000] {dag.py:3427} INFO - Setting next_dagrun for example_xcom_args to None, run_after=None
[2023-02-13T18:59:19.424+0000] {logging_mixin.py:137} INFO - [2023-02-13T18:59:19.424+0000] {dag.py:3427} INFO - Setting next_dagrun for example_xcom_args_with_operators to None, run_after=None
[2023-02-13T18:59:19.449+0000] {processor.py:175} INFO - Processing /home/airflow/.local/lib/python3.7/site-packages/airflow/example_dags/example_xcomargs.py took 0.154 seconds
[2023-02-13T18:59:50.161+0000] {processor.py:153} INFO - Started process (PID=534) to work on /home/airflow/.local/lib/python3.7/site-packages/airflow/example_dags/example_xcomargs.py
[2023-02-13T18:59:50.182+0000] {processor.py:743} INFO - Processing file /home/airflow/.local/lib/python3.7/site-packages/airflow/example_dags/example_xcomargs.py for tasks to queue
[2023-02-13T18:59:50.184+0000] {logging_mixin.py:137} INFO - [2023-02-13T18:59:50.183+0000] {dagbag.py:538} INFO - Filling up the DagBag from /home/airflow/.local/lib/python3.7/site-packages/airflow/example_dags/example_xcomargs.py
[2023-02-13T18:59:50.213+0000] {processor.py:753} INFO - DAG(s) dict_keys(['example_xcom_args_with_operators', 'example_xcom_args']) retrieved from /home/airflow/.local/lib/python3.7/site-packages/airflow/example_dags/example_xcomargs.py
[2023-02-13T18:59:50.259+0000] {logging_mixin.py:137} INFO - [2023-02-13T18:59:50.259+0000] {dag.py:2676} INFO - Sync 2 DAGs
[2023-02-13T18:59:50.291+0000] {logging_mixin.py:137} INFO - [2023-02-13T18:59:50.290+0000] {dag.py:3427} INFO - Setting next_dagrun for example_xcom_args to None, run_after=None
[2023-02-13T18:59:50.297+0000] {logging_mixin.py:137} INFO - [2023-02-13T18:59:50.297+0000] {dag.py:3427} INFO - Setting next_dagrun for example_xcom_args_with_operators to None, run_after=None
[2023-02-13T18:59:50.318+0000] {processor.py:175} INFO - Processing /home/airflow/.local/lib/python3.7/site-packages/airflow/example_dags/example_xcomargs.py took 0.162 seconds
[2023-02-13T19:00:21.258+0000] {processor.py:153} INFO - Started process (PID=621) to work on /home/airflow/.local/lib/python3.7/site-packages/airflow/example_dags/example_xcomargs.py
[2023-02-13T19:00:21.260+0000] {processor.py:743} INFO - Processing file /home/airflow/.local/lib/python3.7/site-packages/airflow/example_dags/example_xcomargs.py for tasks to queue
[2023-02-13T19:00:21.262+0000] {logging_mixin.py:137} INFO - [2023-02-13T19:00:21.262+0000] {dagbag.py:538} INFO - Filling up the DagBag from /home/airflow/.local/lib/python3.7/site-packages/airflow/example_dags/example_xcomargs.py
[2023-02-13T19:00:21.289+0000] {processor.py:753} INFO - DAG(s) dict_keys(['example_xcom_args', 'example_xcom_args_with_operators']) retrieved from /home/airflow/.local/lib/python3.7/site-packages/airflow/example_dags/example_xcomargs.py
[2023-02-13T19:00:21.334+0000] {logging_mixin.py:137} INFO - [2023-02-13T19:00:21.334+0000] {dag.py:2676} INFO - Sync 2 DAGs
[2023-02-13T19:00:21.364+0000] {logging_mixin.py:137} INFO - [2023-02-13T19:00:21.364+0000] {dag.py:3427} INFO - Setting next_dagrun for example_xcom_args to None, run_after=None
[2023-02-13T19:00:21.368+0000] {logging_mixin.py:137} INFO - [2023-02-13T19:00:21.368+0000] {dag.py:3427} INFO - Setting next_dagrun for example_xcom_args_with_operators to None, run_after=None
[2023-02-13T19:00:21.388+0000] {processor.py:175} INFO - Processing /home/airflow/.local/lib/python3.7/site-packages/airflow/example_dags/example_xcomargs.py took 0.135 seconds
[2023-02-13T19:00:51.945+0000] {processor.py:153} INFO - Started process (PID=692) to work on /home/airflow/.local/lib/python3.7/site-packages/airflow/example_dags/example_xcomargs.py
[2023-02-13T19:00:51.946+0000] {processor.py:743} INFO - Processing file /home/airflow/.local/lib/python3.7/site-packages/airflow/example_dags/example_xcomargs.py for tasks to queue
[2023-02-13T19:00:51.948+0000] {logging_mixin.py:137} INFO - [2023-02-13T19:00:51.948+0000] {dagbag.py:538} INFO - Filling up the DagBag from /home/airflow/.local/lib/python3.7/site-packages/airflow/example_dags/example_xcomargs.py
[2023-02-13T19:00:51.975+0000] {processor.py:753} INFO - DAG(s) dict_keys(['example_xcom_args', 'example_xcom_args_with_operators']) retrieved from /home/airflow/.local/lib/python3.7/site-packages/airflow/example_dags/example_xcomargs.py
[2023-02-13T19:00:52.036+0000] {logging_mixin.py:137} INFO - [2023-02-13T19:00:52.036+0000] {dag.py:2676} INFO - Sync 2 DAGs
[2023-02-13T19:00:52.067+0000] {logging_mixin.py:137} INFO - [2023-02-13T19:00:52.067+0000] {dag.py:3427} INFO - Setting next_dagrun for example_xcom_args to None, run_after=None
[2023-02-13T19:00:52.072+0000] {logging_mixin.py:137} INFO - [2023-02-13T19:00:52.072+0000] {dag.py:3427} INFO - Setting next_dagrun for example_xcom_args_with_operators to None, run_after=None
[2023-02-13T19:00:52.092+0000] {processor.py:175} INFO - Processing /home/airflow/.local/lib/python3.7/site-packages/airflow/example_dags/example_xcomargs.py took 0.152 seconds
[2023-02-13T19:01:22.329+0000] {processor.py:153} INFO - Started process (PID=778) to work on /home/airflow/.local/lib/python3.7/site-packages/airflow/example_dags/example_xcomargs.py
[2023-02-13T19:01:22.331+0000] {processor.py:743} INFO - Processing file /home/airflow/.local/lib/python3.7/site-packages/airflow/example_dags/example_xcomargs.py for tasks to queue
[2023-02-13T19:01:22.333+0000] {logging_mixin.py:137} INFO - [2023-02-13T19:01:22.333+0000] {dagbag.py:538} INFO - Filling up the DagBag from /home/airflow/.local/lib/python3.7/site-packages/airflow/example_dags/example_xcomargs.py
[2023-02-13T19:01:22.363+0000] {processor.py:753} INFO - DAG(s) dict_keys(['example_xcom_args', 'example_xcom_args_with_operators']) retrieved from /home/airflow/.local/lib/python3.7/site-packages/airflow/example_dags/example_xcomargs.py
[2023-02-13T19:01:22.421+0000] {logging_mixin.py:137} INFO - [2023-02-13T19:01:22.421+0000] {dag.py:2676} INFO - Sync 2 DAGs
[2023-02-13T19:01:22.457+0000] {logging_mixin.py:137} INFO - [2023-02-13T19:01:22.457+0000] {dag.py:3427} INFO - Setting next_dagrun for example_xcom_args to None, run_after=None
[2023-02-13T19:01:22.463+0000] {logging_mixin.py:137} INFO - [2023-02-13T19:01:22.463+0000] {dag.py:3427} INFO - Setting next_dagrun for example_xcom_args_with_operators to None, run_after=None
[2023-02-13T19:01:22.488+0000] {processor.py:175} INFO - Processing /home/airflow/.local/lib/python3.7/site-packages/airflow/example_dags/example_xcomargs.py took 0.163 seconds
[2023-02-13T19:01:52.642+0000] {processor.py:153} INFO - Started process (PID=849) to work on /home/airflow/.local/lib/python3.7/site-packages/airflow/example_dags/example_xcomargs.py
[2023-02-13T19:01:52.644+0000] {processor.py:743} INFO - Processing file /home/airflow/.local/lib/python3.7/site-packages/airflow/example_dags/example_xcomargs.py for tasks to queue
[2023-02-13T19:01:52.646+0000] {logging_mixin.py:137} INFO - [2023-02-13T19:01:52.646+0000] {dagbag.py:538} INFO - Filling up the DagBag from /home/airflow/.local/lib/python3.7/site-packages/airflow/example_dags/example_xcomargs.py
[2023-02-13T19:01:52.673+0000] {processor.py:753} INFO - DAG(s) dict_keys(['example_xcom_args', 'example_xcom_args_with_operators']) retrieved from /home/airflow/.local/lib/python3.7/site-packages/airflow/example_dags/example_xcomargs.py
[2023-02-13T19:01:52.722+0000] {logging_mixin.py:137} INFO - [2023-02-13T19:01:52.721+0000] {dag.py:2676} INFO - Sync 2 DAGs
[2023-02-13T19:01:52.752+0000] {logging_mixin.py:137} INFO - [2023-02-13T19:01:52.751+0000] {dag.py:3427} INFO - Setting next_dagrun for example_xcom_args to None, run_after=None
[2023-02-13T19:01:52.757+0000] {logging_mixin.py:137} INFO - [2023-02-13T19:01:52.756+0000] {dag.py:3427} INFO - Setting next_dagrun for example_xcom_args_with_operators to None, run_after=None
[2023-02-13T19:01:52.777+0000] {processor.py:175} INFO - Processing /home/airflow/.local/lib/python3.7/site-packages/airflow/example_dags/example_xcomargs.py took 0.139 seconds
[2023-02-13T19:02:23.193+0000] {processor.py:153} INFO - Started process (PID=936) to work on /home/airflow/.local/lib/python3.7/site-packages/airflow/example_dags/example_xcomargs.py
[2023-02-13T19:02:23.195+0000] {processor.py:743} INFO - Processing file /home/airflow/.local/lib/python3.7/site-packages/airflow/example_dags/example_xcomargs.py for tasks to queue
[2023-02-13T19:02:23.197+0000] {logging_mixin.py:137} INFO - [2023-02-13T19:02:23.196+0000] {dagbag.py:538} INFO - Filling up the DagBag from /home/airflow/.local/lib/python3.7/site-packages/airflow/example_dags/example_xcomargs.py
[2023-02-13T19:02:23.227+0000] {processor.py:753} INFO - DAG(s) dict_keys(['example_xcom_args', 'example_xcom_args_with_operators']) retrieved from /home/airflow/.local/lib/python3.7/site-packages/airflow/example_dags/example_xcomargs.py
[2023-02-13T19:02:23.274+0000] {logging_mixin.py:137} INFO - [2023-02-13T19:02:23.273+0000] {dag.py:2676} INFO - Sync 2 DAGs
[2023-02-13T19:02:23.302+0000] {logging_mixin.py:137} INFO - [2023-02-13T19:02:23.302+0000] {dag.py:3427} INFO - Setting next_dagrun for example_xcom_args to None, run_after=None
[2023-02-13T19:02:23.307+0000] {logging_mixin.py:137} INFO - [2023-02-13T19:02:23.307+0000] {dag.py:3427} INFO - Setting next_dagrun for example_xcom_args_with_operators to None, run_after=None
[2023-02-13T19:02:23.326+0000] {processor.py:175} INFO - Processing /home/airflow/.local/lib/python3.7/site-packages/airflow/example_dags/example_xcomargs.py took 0.138 seconds
[2023-02-13T19:02:53.720+0000] {processor.py:153} INFO - Started process (PID=1007) to work on /home/airflow/.local/lib/python3.7/site-packages/airflow/example_dags/example_xcomargs.py
[2023-02-13T19:02:53.722+0000] {processor.py:743} INFO - Processing file /home/airflow/.local/lib/python3.7/site-packages/airflow/example_dags/example_xcomargs.py for tasks to queue
[2023-02-13T19:02:53.724+0000] {logging_mixin.py:137} INFO - [2023-02-13T19:02:53.724+0000] {dagbag.py:538} INFO - Filling up the DagBag from /home/airflow/.local/lib/python3.7/site-packages/airflow/example_dags/example_xcomargs.py
[2023-02-13T19:02:53.752+0000] {processor.py:753} INFO - DAG(s) dict_keys(['example_xcom_args_with_operators', 'example_xcom_args']) retrieved from /home/airflow/.local/lib/python3.7/site-packages/airflow/example_dags/example_xcomargs.py
[2023-02-13T19:02:53.809+0000] {logging_mixin.py:137} INFO - [2023-02-13T19:02:53.809+0000] {dag.py:2676} INFO - Sync 2 DAGs
[2023-02-13T19:02:53.840+0000] {logging_mixin.py:137} INFO - [2023-02-13T19:02:53.840+0000] {dag.py:3427} INFO - Setting next_dagrun for example_xcom_args to None, run_after=None
[2023-02-13T19:02:53.845+0000] {logging_mixin.py:137} INFO - [2023-02-13T19:02:53.845+0000] {dag.py:3427} INFO - Setting next_dagrun for example_xcom_args_with_operators to None, run_after=None
[2023-02-13T19:02:53.877+0000] {processor.py:175} INFO - Processing /home/airflow/.local/lib/python3.7/site-packages/airflow/example_dags/example_xcomargs.py took 0.161 seconds
[2023-02-13T19:03:36.557+0000] {processor.py:153} INFO - Started process (PID=1077) to work on /home/airflow/.local/lib/python3.7/site-packages/airflow/example_dags/example_xcomargs.py
[2023-02-13T19:03:36.560+0000] {processor.py:743} INFO - Processing file /home/airflow/.local/lib/python3.7/site-packages/airflow/example_dags/example_xcomargs.py for tasks to queue
[2023-02-13T19:03:36.562+0000] {logging_mixin.py:137} INFO - [2023-02-13T19:03:36.562+0000] {dagbag.py:538} INFO - Filling up the DagBag from /home/airflow/.local/lib/python3.7/site-packages/airflow/example_dags/example_xcomargs.py
[2023-02-13T19:03:36.598+0000] {processor.py:753} INFO - DAG(s) dict_keys(['example_xcom_args', 'example_xcom_args_with_operators']) retrieved from /home/airflow/.local/lib/python3.7/site-packages/airflow/example_dags/example_xcomargs.py
[2023-02-13T19:03:36.661+0000] {logging_mixin.py:137} INFO - [2023-02-13T19:03:36.661+0000] {dag.py:2676} INFO - Sync 2 DAGs
[2023-02-13T19:03:36.697+0000] {logging_mixin.py:137} INFO - [2023-02-13T19:03:36.696+0000] {dag.py:3427} INFO - Setting next_dagrun for example_xcom_args to None, run_after=None
[2023-02-13T19:03:36.701+0000] {logging_mixin.py:137} INFO - [2023-02-13T19:03:36.701+0000] {dag.py:3427} INFO - Setting next_dagrun for example_xcom_args_with_operators to None, run_after=None
[2023-02-13T19:03:36.721+0000] {processor.py:175} INFO - Processing /home/airflow/.local/lib/python3.7/site-packages/airflow/example_dags/example_xcomargs.py took 0.169 seconds
[2023-02-13T19:04:07.030+0000] {processor.py:153} INFO - Started process (PID=1148) to work on /home/airflow/.local/lib/python3.7/site-packages/airflow/example_dags/example_xcomargs.py
[2023-02-13T19:04:07.032+0000] {processor.py:743} INFO - Processing file /home/airflow/.local/lib/python3.7/site-packages/airflow/example_dags/example_xcomargs.py for tasks to queue
[2023-02-13T19:04:07.034+0000] {logging_mixin.py:137} INFO - [2023-02-13T19:04:07.034+0000] {dagbag.py:538} INFO - Filling up the DagBag from /home/airflow/.local/lib/python3.7/site-packages/airflow/example_dags/example_xcomargs.py
[2023-02-13T19:04:07.069+0000] {processor.py:753} INFO - DAG(s) dict_keys(['example_xcom_args', 'example_xcom_args_with_operators']) retrieved from /home/airflow/.local/lib/python3.7/site-packages/airflow/example_dags/example_xcomargs.py
[2023-02-13T19:04:07.125+0000] {logging_mixin.py:137} INFO - [2023-02-13T19:04:07.125+0000] {dag.py:2676} INFO - Sync 2 DAGs
[2023-02-13T19:04:07.160+0000] {logging_mixin.py:137} INFO - [2023-02-13T19:04:07.160+0000] {dag.py:3427} INFO - Setting next_dagrun for example_xcom_args to None, run_after=None
[2023-02-13T19:04:07.167+0000] {logging_mixin.py:137} INFO - [2023-02-13T19:04:07.167+0000] {dag.py:3427} INFO - Setting next_dagrun for example_xcom_args_with_operators to None, run_after=None
[2023-02-13T19:04:07.193+0000] {processor.py:175} INFO - Processing /home/airflow/.local/lib/python3.7/site-packages/airflow/example_dags/example_xcomargs.py took 0.168 seconds
[2023-02-13T19:04:37.713+0000] {processor.py:153} INFO - Started process (PID=1228) to work on /home/airflow/.local/lib/python3.7/site-packages/airflow/example_dags/example_xcomargs.py
[2023-02-13T19:04:37.716+0000] {processor.py:743} INFO - Processing file /home/airflow/.local/lib/python3.7/site-packages/airflow/example_dags/example_xcomargs.py for tasks to queue
[2023-02-13T19:04:37.718+0000] {logging_mixin.py:137} INFO - [2023-02-13T19:04:37.718+0000] {dagbag.py:538} INFO - Filling up the DagBag from /home/airflow/.local/lib/python3.7/site-packages/airflow/example_dags/example_xcomargs.py
[2023-02-13T19:04:37.751+0000] {processor.py:753} INFO - DAG(s) dict_keys(['example_xcom_args_with_operators', 'example_xcom_args']) retrieved from /home/airflow/.local/lib/python3.7/site-packages/airflow/example_dags/example_xcomargs.py
[2023-02-13T19:04:37.808+0000] {logging_mixin.py:137} INFO - [2023-02-13T19:04:37.808+0000] {dag.py:2676} INFO - Sync 2 DAGs
[2023-02-13T19:04:37.841+0000] {logging_mixin.py:137} INFO - [2023-02-13T19:04:37.841+0000] {dag.py:3427} INFO - Setting next_dagrun for example_xcom_args to None, run_after=None
[2023-02-13T19:04:37.846+0000] {logging_mixin.py:137} INFO - [2023-02-13T19:04:37.846+0000] {dag.py:3427} INFO - Setting next_dagrun for example_xcom_args_with_operators to None, run_after=None
[2023-02-13T19:04:37.866+0000] {processor.py:175} INFO - Processing /home/airflow/.local/lib/python3.7/site-packages/airflow/example_dags/example_xcomargs.py took 0.157 seconds
[2023-02-13T19:09:15.013+0000] {processor.py:153} INFO - Started process (PID=77) to work on /home/airflow/.local/lib/python3.7/site-packages/airflow/example_dags/example_xcomargs.py
[2023-02-13T19:09:15.017+0000] {processor.py:743} INFO - Processing file /home/airflow/.local/lib/python3.7/site-packages/airflow/example_dags/example_xcomargs.py for tasks to queue
[2023-02-13T19:09:15.023+0000] {logging_mixin.py:137} INFO - [2023-02-13T19:09:15.023+0000] {dagbag.py:538} INFO - Filling up the DagBag from /home/airflow/.local/lib/python3.7/site-packages/airflow/example_dags/example_xcomargs.py
[2023-02-13T19:09:15.088+0000] {processor.py:753} INFO - DAG(s) dict_keys(['example_xcom_args_with_operators', 'example_xcom_args']) retrieved from /home/airflow/.local/lib/python3.7/site-packages/airflow/example_dags/example_xcomargs.py
[2023-02-13T19:09:15.172+0000] {logging_mixin.py:137} INFO - [2023-02-13T19:09:15.172+0000] {dag.py:2676} INFO - Sync 2 DAGs
[2023-02-13T19:09:15.220+0000] {logging_mixin.py:137} INFO - [2023-02-13T19:09:15.219+0000] {dag.py:3427} INFO - Setting next_dagrun for example_xcom_args to None, run_after=None
[2023-02-13T19:09:15.226+0000] {logging_mixin.py:137} INFO - [2023-02-13T19:09:15.226+0000] {dag.py:3427} INFO - Setting next_dagrun for example_xcom_args_with_operators to None, run_after=None
[2023-02-13T19:09:15.255+0000] {processor.py:175} INFO - Processing /home/airflow/.local/lib/python3.7/site-packages/airflow/example_dags/example_xcomargs.py took 0.250 seconds
[2023-02-13T19:09:45.547+0000] {processor.py:153} INFO - Started process (PID=149) to work on /home/airflow/.local/lib/python3.7/site-packages/airflow/example_dags/example_xcomargs.py
[2023-02-13T19:09:45.551+0000] {processor.py:743} INFO - Processing file /home/airflow/.local/lib/python3.7/site-packages/airflow/example_dags/example_xcomargs.py for tasks to queue
[2023-02-13T19:09:45.553+0000] {logging_mixin.py:137} INFO - [2023-02-13T19:09:45.553+0000] {dagbag.py:538} INFO - Filling up the DagBag from /home/airflow/.local/lib/python3.7/site-packages/airflow/example_dags/example_xcomargs.py
[2023-02-13T19:09:45.588+0000] {processor.py:753} INFO - DAG(s) dict_keys(['example_xcom_args', 'example_xcom_args_with_operators']) retrieved from /home/airflow/.local/lib/python3.7/site-packages/airflow/example_dags/example_xcomargs.py
[2023-02-13T19:09:45.686+0000] {logging_mixin.py:137} INFO - [2023-02-13T19:09:45.686+0000] {dag.py:2676} INFO - Sync 2 DAGs
[2023-02-13T19:09:45.735+0000] {logging_mixin.py:137} INFO - [2023-02-13T19:09:45.735+0000] {dag.py:3427} INFO - Setting next_dagrun for example_xcom_args to None, run_after=None
[2023-02-13T19:09:45.746+0000] {logging_mixin.py:137} INFO - [2023-02-13T19:09:45.746+0000] {dag.py:3427} INFO - Setting next_dagrun for example_xcom_args_with_operators to None, run_after=None
[2023-02-13T19:09:45.805+0000] {processor.py:175} INFO - Processing /home/airflow/.local/lib/python3.7/site-packages/airflow/example_dags/example_xcomargs.py took 0.265 seconds
[2023-02-13T19:10:16.766+0000] {processor.py:153} INFO - Started process (PID=236) to work on /home/airflow/.local/lib/python3.7/site-packages/airflow/example_dags/example_xcomargs.py
[2023-02-13T19:10:16.768+0000] {processor.py:743} INFO - Processing file /home/airflow/.local/lib/python3.7/site-packages/airflow/example_dags/example_xcomargs.py for tasks to queue
[2023-02-13T19:10:16.770+0000] {logging_mixin.py:137} INFO - [2023-02-13T19:10:16.770+0000] {dagbag.py:538} INFO - Filling up the DagBag from /home/airflow/.local/lib/python3.7/site-packages/airflow/example_dags/example_xcomargs.py
[2023-02-13T19:10:16.814+0000] {processor.py:753} INFO - DAG(s) dict_keys(['example_xcom_args', 'example_xcom_args_with_operators']) retrieved from /home/airflow/.local/lib/python3.7/site-packages/airflow/example_dags/example_xcomargs.py
[2023-02-13T19:10:16.879+0000] {logging_mixin.py:137} INFO - [2023-02-13T19:10:16.878+0000] {dag.py:2676} INFO - Sync 2 DAGs
[2023-02-13T19:10:16.916+0000] {logging_mixin.py:137} INFO - [2023-02-13T19:10:16.915+0000] {dag.py:3427} INFO - Setting next_dagrun for example_xcom_args to None, run_after=None
[2023-02-13T19:10:16.922+0000] {logging_mixin.py:137} INFO - [2023-02-13T19:10:16.922+0000] {dag.py:3427} INFO - Setting next_dagrun for example_xcom_args_with_operators to None, run_after=None
[2023-02-13T19:10:16.946+0000] {processor.py:175} INFO - Processing /home/airflow/.local/lib/python3.7/site-packages/airflow/example_dags/example_xcomargs.py took 0.185 seconds
