[2023-02-13T18:56:45.698+0000] {processor.py:153} INFO - Started process (PID=79) to work on /home/airflow/.local/lib/python3.7/site-packages/airflow/example_dags/example_external_task_marker_dag.py
[2023-02-13T18:56:45.699+0000] {processor.py:743} INFO - Processing file /home/airflow/.local/lib/python3.7/site-packages/airflow/example_dags/example_external_task_marker_dag.py for tasks to queue
[2023-02-13T18:56:45.701+0000] {logging_mixin.py:137} INFO - [2023-02-13T18:56:45.701+0000] {dagbag.py:538} INFO - Filling up the DagBag from /home/airflow/.local/lib/python3.7/site-packages/airflow/example_dags/example_external_task_marker_dag.py
[2023-02-13T18:56:45.718+0000] {processor.py:753} INFO - DAG(s) dict_keys(['example_external_task_marker_parent', 'example_external_task_marker_child']) retrieved from /home/airflow/.local/lib/python3.7/site-packages/airflow/example_dags/example_external_task_marker_dag.py
[2023-02-13T18:56:45.768+0000] {logging_mixin.py:137} INFO - [2023-02-13T18:56:45.767+0000] {dag.py:2676} INFO - Sync 2 DAGs
[2023-02-13T18:56:45.803+0000] {logging_mixin.py:137} INFO - [2023-02-13T18:56:45.802+0000] {dag.py:3427} INFO - Setting next_dagrun for example_external_task_marker_child to None, run_after=None
[2023-02-13T18:56:45.810+0000] {logging_mixin.py:137} INFO - [2023-02-13T18:56:45.809+0000] {dag.py:3427} INFO - Setting next_dagrun for example_external_task_marker_parent to None, run_after=None
[2023-02-13T18:56:45.834+0000] {processor.py:175} INFO - Processing /home/airflow/.local/lib/python3.7/site-packages/airflow/example_dags/example_external_task_marker_dag.py took 0.140 seconds
[2023-02-13T18:57:16.271+0000] {processor.py:153} INFO - Started process (PID=150) to work on /home/airflow/.local/lib/python3.7/site-packages/airflow/example_dags/example_external_task_marker_dag.py
[2023-02-13T18:57:16.274+0000] {processor.py:743} INFO - Processing file /home/airflow/.local/lib/python3.7/site-packages/airflow/example_dags/example_external_task_marker_dag.py for tasks to queue
[2023-02-13T18:57:16.276+0000] {logging_mixin.py:137} INFO - [2023-02-13T18:57:16.276+0000] {dagbag.py:538} INFO - Filling up the DagBag from /home/airflow/.local/lib/python3.7/site-packages/airflow/example_dags/example_external_task_marker_dag.py
[2023-02-13T18:57:16.296+0000] {processor.py:753} INFO - DAG(s) dict_keys(['example_external_task_marker_parent', 'example_external_task_marker_child']) retrieved from /home/airflow/.local/lib/python3.7/site-packages/airflow/example_dags/example_external_task_marker_dag.py
[2023-02-13T18:57:16.359+0000] {logging_mixin.py:137} INFO - [2023-02-13T18:57:16.358+0000] {dag.py:2676} INFO - Sync 2 DAGs
[2023-02-13T18:57:16.398+0000] {logging_mixin.py:137} INFO - [2023-02-13T18:57:16.398+0000] {dag.py:3427} INFO - Setting next_dagrun for example_external_task_marker_child to None, run_after=None
[2023-02-13T18:57:16.405+0000] {logging_mixin.py:137} INFO - [2023-02-13T18:57:16.405+0000] {dag.py:3427} INFO - Setting next_dagrun for example_external_task_marker_parent to None, run_after=None
[2023-02-13T18:57:16.431+0000] {processor.py:175} INFO - Processing /home/airflow/.local/lib/python3.7/site-packages/airflow/example_dags/example_external_task_marker_dag.py took 0.165 seconds
[2023-02-13T18:57:47.627+0000] {processor.py:153} INFO - Started process (PID=237) to work on /home/airflow/.local/lib/python3.7/site-packages/airflow/example_dags/example_external_task_marker_dag.py
[2023-02-13T18:57:47.629+0000] {processor.py:743} INFO - Processing file /home/airflow/.local/lib/python3.7/site-packages/airflow/example_dags/example_external_task_marker_dag.py for tasks to queue
[2023-02-13T18:57:47.631+0000] {logging_mixin.py:137} INFO - [2023-02-13T18:57:47.631+0000] {dagbag.py:538} INFO - Filling up the DagBag from /home/airflow/.local/lib/python3.7/site-packages/airflow/example_dags/example_external_task_marker_dag.py
[2023-02-13T18:57:47.649+0000] {processor.py:753} INFO - DAG(s) dict_keys(['example_external_task_marker_parent', 'example_external_task_marker_child']) retrieved from /home/airflow/.local/lib/python3.7/site-packages/airflow/example_dags/example_external_task_marker_dag.py
[2023-02-13T18:57:47.704+0000] {logging_mixin.py:137} INFO - [2023-02-13T18:57:47.704+0000] {dag.py:2676} INFO - Sync 2 DAGs
[2023-02-13T18:57:47.738+0000] {logging_mixin.py:137} INFO - [2023-02-13T18:57:47.738+0000] {dag.py:3427} INFO - Setting next_dagrun for example_external_task_marker_child to None, run_after=None
[2023-02-13T18:57:47.743+0000] {logging_mixin.py:137} INFO - [2023-02-13T18:57:47.743+0000] {dag.py:3427} INFO - Setting next_dagrun for example_external_task_marker_parent to None, run_after=None
[2023-02-13T18:57:47.763+0000] {processor.py:175} INFO - Processing /home/airflow/.local/lib/python3.7/site-packages/airflow/example_dags/example_external_task_marker_dag.py took 0.141 seconds
[2023-02-13T18:58:18.663+0000] {processor.py:153} INFO - Started process (PID=308) to work on /home/airflow/.local/lib/python3.7/site-packages/airflow/example_dags/example_external_task_marker_dag.py
[2023-02-13T18:58:18.666+0000] {processor.py:743} INFO - Processing file /home/airflow/.local/lib/python3.7/site-packages/airflow/example_dags/example_external_task_marker_dag.py for tasks to queue
[2023-02-13T18:58:18.667+0000] {logging_mixin.py:137} INFO - [2023-02-13T18:58:18.667+0000] {dagbag.py:538} INFO - Filling up the DagBag from /home/airflow/.local/lib/python3.7/site-packages/airflow/example_dags/example_external_task_marker_dag.py
[2023-02-13T18:58:18.684+0000] {processor.py:753} INFO - DAG(s) dict_keys(['example_external_task_marker_parent', 'example_external_task_marker_child']) retrieved from /home/airflow/.local/lib/python3.7/site-packages/airflow/example_dags/example_external_task_marker_dag.py
[2023-02-13T18:58:18.737+0000] {logging_mixin.py:137} INFO - [2023-02-13T18:58:18.737+0000] {dag.py:2676} INFO - Sync 2 DAGs
[2023-02-13T18:58:18.780+0000] {logging_mixin.py:137} INFO - [2023-02-13T18:58:18.780+0000] {dag.py:3427} INFO - Setting next_dagrun for example_external_task_marker_child to None, run_after=None
[2023-02-13T18:58:18.789+0000] {logging_mixin.py:137} INFO - [2023-02-13T18:58:18.789+0000] {dag.py:3427} INFO - Setting next_dagrun for example_external_task_marker_parent to None, run_after=None
[2023-02-13T18:58:18.825+0000] {processor.py:175} INFO - Processing /home/airflow/.local/lib/python3.7/site-packages/airflow/example_dags/example_external_task_marker_dag.py took 0.165 seconds
[2023-02-13T18:58:49.354+0000] {processor.py:153} INFO - Started process (PID=395) to work on /home/airflow/.local/lib/python3.7/site-packages/airflow/example_dags/example_external_task_marker_dag.py
[2023-02-13T18:58:49.356+0000] {processor.py:743} INFO - Processing file /home/airflow/.local/lib/python3.7/site-packages/airflow/example_dags/example_external_task_marker_dag.py for tasks to queue
[2023-02-13T18:58:49.357+0000] {logging_mixin.py:137} INFO - [2023-02-13T18:58:49.357+0000] {dagbag.py:538} INFO - Filling up the DagBag from /home/airflow/.local/lib/python3.7/site-packages/airflow/example_dags/example_external_task_marker_dag.py
[2023-02-13T18:58:49.376+0000] {processor.py:753} INFO - DAG(s) dict_keys(['example_external_task_marker_child', 'example_external_task_marker_parent']) retrieved from /home/airflow/.local/lib/python3.7/site-packages/airflow/example_dags/example_external_task_marker_dag.py
[2023-02-13T18:58:49.433+0000] {logging_mixin.py:137} INFO - [2023-02-13T18:58:49.433+0000] {dag.py:2676} INFO - Sync 2 DAGs
[2023-02-13T18:58:49.469+0000] {logging_mixin.py:137} INFO - [2023-02-13T18:58:49.469+0000] {dag.py:3427} INFO - Setting next_dagrun for example_external_task_marker_child to None, run_after=None
[2023-02-13T18:58:49.476+0000] {logging_mixin.py:137} INFO - [2023-02-13T18:58:49.476+0000] {dag.py:3427} INFO - Setting next_dagrun for example_external_task_marker_parent to None, run_after=None
[2023-02-13T18:58:49.503+0000] {processor.py:175} INFO - Processing /home/airflow/.local/lib/python3.7/site-packages/airflow/example_dags/example_external_task_marker_dag.py took 0.154 seconds
[2023-02-13T18:59:19.661+0000] {processor.py:153} INFO - Started process (PID=466) to work on /home/airflow/.local/lib/python3.7/site-packages/airflow/example_dags/example_external_task_marker_dag.py
[2023-02-13T18:59:19.663+0000] {processor.py:743} INFO - Processing file /home/airflow/.local/lib/python3.7/site-packages/airflow/example_dags/example_external_task_marker_dag.py for tasks to queue
[2023-02-13T18:59:19.665+0000] {logging_mixin.py:137} INFO - [2023-02-13T18:59:19.664+0000] {dagbag.py:538} INFO - Filling up the DagBag from /home/airflow/.local/lib/python3.7/site-packages/airflow/example_dags/example_external_task_marker_dag.py
[2023-02-13T18:59:19.682+0000] {processor.py:753} INFO - DAG(s) dict_keys(['example_external_task_marker_parent', 'example_external_task_marker_child']) retrieved from /home/airflow/.local/lib/python3.7/site-packages/airflow/example_dags/example_external_task_marker_dag.py
[2023-02-13T18:59:19.728+0000] {logging_mixin.py:137} INFO - [2023-02-13T18:59:19.728+0000] {dag.py:2676} INFO - Sync 2 DAGs
[2023-02-13T18:59:19.757+0000] {logging_mixin.py:137} INFO - [2023-02-13T18:59:19.757+0000] {dag.py:3427} INFO - Setting next_dagrun for example_external_task_marker_child to None, run_after=None
[2023-02-13T18:59:19.762+0000] {logging_mixin.py:137} INFO - [2023-02-13T18:59:19.762+0000] {dag.py:3427} INFO - Setting next_dagrun for example_external_task_marker_parent to None, run_after=None
[2023-02-13T18:59:19.781+0000] {processor.py:175} INFO - Processing /home/airflow/.local/lib/python3.7/site-packages/airflow/example_dags/example_external_task_marker_dag.py took 0.124 seconds
[2023-02-13T18:59:50.383+0000] {processor.py:153} INFO - Started process (PID=539) to work on /home/airflow/.local/lib/python3.7/site-packages/airflow/example_dags/example_external_task_marker_dag.py
[2023-02-13T18:59:50.385+0000] {processor.py:743} INFO - Processing file /home/airflow/.local/lib/python3.7/site-packages/airflow/example_dags/example_external_task_marker_dag.py for tasks to queue
[2023-02-13T18:59:50.387+0000] {logging_mixin.py:137} INFO - [2023-02-13T18:59:50.387+0000] {dagbag.py:538} INFO - Filling up the DagBag from /home/airflow/.local/lib/python3.7/site-packages/airflow/example_dags/example_external_task_marker_dag.py
[2023-02-13T18:59:50.406+0000] {processor.py:753} INFO - DAG(s) dict_keys(['example_external_task_marker_child', 'example_external_task_marker_parent']) retrieved from /home/airflow/.local/lib/python3.7/site-packages/airflow/example_dags/example_external_task_marker_dag.py
[2023-02-13T18:59:50.453+0000] {logging_mixin.py:137} INFO - [2023-02-13T18:59:50.453+0000] {dag.py:2676} INFO - Sync 2 DAGs
[2023-02-13T18:59:50.484+0000] {logging_mixin.py:137} INFO - [2023-02-13T18:59:50.484+0000] {dag.py:3427} INFO - Setting next_dagrun for example_external_task_marker_child to None, run_after=None
[2023-02-13T18:59:50.490+0000] {logging_mixin.py:137} INFO - [2023-02-13T18:59:50.490+0000] {dag.py:3427} INFO - Setting next_dagrun for example_external_task_marker_parent to None, run_after=None
[2023-02-13T18:59:50.512+0000] {processor.py:175} INFO - Processing /home/airflow/.local/lib/python3.7/site-packages/airflow/example_dags/example_external_task_marker_dag.py took 0.135 seconds
[2023-02-13T19:00:21.422+0000] {processor.py:153} INFO - Started process (PID=624) to work on /home/airflow/.local/lib/python3.7/site-packages/airflow/example_dags/example_external_task_marker_dag.py
[2023-02-13T19:00:21.436+0000] {processor.py:743} INFO - Processing file /home/airflow/.local/lib/python3.7/site-packages/airflow/example_dags/example_external_task_marker_dag.py for tasks to queue
[2023-02-13T19:00:21.438+0000] {logging_mixin.py:137} INFO - [2023-02-13T19:00:21.437+0000] {dagbag.py:538} INFO - Filling up the DagBag from /home/airflow/.local/lib/python3.7/site-packages/airflow/example_dags/example_external_task_marker_dag.py
[2023-02-13T19:00:21.454+0000] {processor.py:753} INFO - DAG(s) dict_keys(['example_external_task_marker_parent', 'example_external_task_marker_child']) retrieved from /home/airflow/.local/lib/python3.7/site-packages/airflow/example_dags/example_external_task_marker_dag.py
[2023-02-13T19:00:21.500+0000] {logging_mixin.py:137} INFO - [2023-02-13T19:00:21.500+0000] {dag.py:2676} INFO - Sync 2 DAGs
[2023-02-13T19:00:21.528+0000] {logging_mixin.py:137} INFO - [2023-02-13T19:00:21.528+0000] {dag.py:3427} INFO - Setting next_dagrun for example_external_task_marker_child to None, run_after=None
[2023-02-13T19:00:21.533+0000] {logging_mixin.py:137} INFO - [2023-02-13T19:00:21.532+0000] {dag.py:3427} INFO - Setting next_dagrun for example_external_task_marker_parent to None, run_after=None
[2023-02-13T19:00:21.553+0000] {processor.py:175} INFO - Processing /home/airflow/.local/lib/python3.7/site-packages/airflow/example_dags/example_external_task_marker_dag.py took 0.135 seconds
[2023-02-13T19:00:52.279+0000] {processor.py:153} INFO - Started process (PID=702) to work on /home/airflow/.local/lib/python3.7/site-packages/airflow/example_dags/example_external_task_marker_dag.py
[2023-02-13T19:00:52.281+0000] {processor.py:743} INFO - Processing file /home/airflow/.local/lib/python3.7/site-packages/airflow/example_dags/example_external_task_marker_dag.py for tasks to queue
[2023-02-13T19:00:52.283+0000] {logging_mixin.py:137} INFO - [2023-02-13T19:00:52.282+0000] {dagbag.py:538} INFO - Filling up the DagBag from /home/airflow/.local/lib/python3.7/site-packages/airflow/example_dags/example_external_task_marker_dag.py
[2023-02-13T19:00:52.299+0000] {processor.py:753} INFO - DAG(s) dict_keys(['example_external_task_marker_parent', 'example_external_task_marker_child']) retrieved from /home/airflow/.local/lib/python3.7/site-packages/airflow/example_dags/example_external_task_marker_dag.py
[2023-02-13T19:00:52.342+0000] {logging_mixin.py:137} INFO - [2023-02-13T19:00:52.342+0000] {dag.py:2676} INFO - Sync 2 DAGs
[2023-02-13T19:00:52.372+0000] {logging_mixin.py:137} INFO - [2023-02-13T19:00:52.372+0000] {dag.py:3427} INFO - Setting next_dagrun for example_external_task_marker_child to None, run_after=None
[2023-02-13T19:00:52.379+0000] {logging_mixin.py:137} INFO - [2023-02-13T19:00:52.379+0000] {dag.py:3427} INFO - Setting next_dagrun for example_external_task_marker_parent to None, run_after=None
[2023-02-13T19:00:52.401+0000] {processor.py:175} INFO - Processing /home/airflow/.local/lib/python3.7/site-packages/airflow/example_dags/example_external_task_marker_dag.py took 0.125 seconds
[2023-02-13T19:01:22.660+0000] {processor.py:153} INFO - Started process (PID=781) to work on /home/airflow/.local/lib/python3.7/site-packages/airflow/example_dags/example_external_task_marker_dag.py
[2023-02-13T19:01:22.662+0000] {processor.py:743} INFO - Processing file /home/airflow/.local/lib/python3.7/site-packages/airflow/example_dags/example_external_task_marker_dag.py for tasks to queue
[2023-02-13T19:01:22.664+0000] {logging_mixin.py:137} INFO - [2023-02-13T19:01:22.664+0000] {dagbag.py:538} INFO - Filling up the DagBag from /home/airflow/.local/lib/python3.7/site-packages/airflow/example_dags/example_external_task_marker_dag.py
[2023-02-13T19:01:22.681+0000] {processor.py:753} INFO - DAG(s) dict_keys(['example_external_task_marker_child', 'example_external_task_marker_parent']) retrieved from /home/airflow/.local/lib/python3.7/site-packages/airflow/example_dags/example_external_task_marker_dag.py
[2023-02-13T19:01:22.727+0000] {logging_mixin.py:137} INFO - [2023-02-13T19:01:22.727+0000] {dag.py:2676} INFO - Sync 2 DAGs
[2023-02-13T19:01:22.756+0000] {logging_mixin.py:137} INFO - [2023-02-13T19:01:22.756+0000] {dag.py:3427} INFO - Setting next_dagrun for example_external_task_marker_child to None, run_after=None
[2023-02-13T19:01:22.761+0000] {logging_mixin.py:137} INFO - [2023-02-13T19:01:22.761+0000] {dag.py:3427} INFO - Setting next_dagrun for example_external_task_marker_parent to None, run_after=None
[2023-02-13T19:01:22.778+0000] {processor.py:175} INFO - Processing /home/airflow/.local/lib/python3.7/site-packages/airflow/example_dags/example_external_task_marker_dag.py took 0.123 seconds
[2023-02-13T19:01:52.938+0000] {processor.py:153} INFO - Started process (PID=852) to work on /home/airflow/.local/lib/python3.7/site-packages/airflow/example_dags/example_external_task_marker_dag.py
[2023-02-13T19:01:52.943+0000] {processor.py:743} INFO - Processing file /home/airflow/.local/lib/python3.7/site-packages/airflow/example_dags/example_external_task_marker_dag.py for tasks to queue
[2023-02-13T19:01:52.945+0000] {logging_mixin.py:137} INFO - [2023-02-13T19:01:52.944+0000] {dagbag.py:538} INFO - Filling up the DagBag from /home/airflow/.local/lib/python3.7/site-packages/airflow/example_dags/example_external_task_marker_dag.py
[2023-02-13T19:01:52.962+0000] {processor.py:753} INFO - DAG(s) dict_keys(['example_external_task_marker_parent', 'example_external_task_marker_child']) retrieved from /home/airflow/.local/lib/python3.7/site-packages/airflow/example_dags/example_external_task_marker_dag.py
[2023-02-13T19:01:53.007+0000] {logging_mixin.py:137} INFO - [2023-02-13T19:01:53.007+0000] {dag.py:2676} INFO - Sync 2 DAGs
[2023-02-13T19:01:53.036+0000] {logging_mixin.py:137} INFO - [2023-02-13T19:01:53.036+0000] {dag.py:3427} INFO - Setting next_dagrun for example_external_task_marker_child to None, run_after=None
[2023-02-13T19:01:53.041+0000] {logging_mixin.py:137} INFO - [2023-02-13T19:01:53.041+0000] {dag.py:3427} INFO - Setting next_dagrun for example_external_task_marker_parent to None, run_after=None
[2023-02-13T19:01:53.104+0000] {processor.py:175} INFO - Processing /home/airflow/.local/lib/python3.7/site-packages/airflow/example_dags/example_external_task_marker_dag.py took 0.171 seconds
[2023-02-13T19:02:23.505+0000] {processor.py:153} INFO - Started process (PID=939) to work on /home/airflow/.local/lib/python3.7/site-packages/airflow/example_dags/example_external_task_marker_dag.py
[2023-02-13T19:02:23.506+0000] {processor.py:743} INFO - Processing file /home/airflow/.local/lib/python3.7/site-packages/airflow/example_dags/example_external_task_marker_dag.py for tasks to queue
[2023-02-13T19:02:23.508+0000] {logging_mixin.py:137} INFO - [2023-02-13T19:02:23.508+0000] {dagbag.py:538} INFO - Filling up the DagBag from /home/airflow/.local/lib/python3.7/site-packages/airflow/example_dags/example_external_task_marker_dag.py
[2023-02-13T19:02:23.525+0000] {processor.py:753} INFO - DAG(s) dict_keys(['example_external_task_marker_child', 'example_external_task_marker_parent']) retrieved from /home/airflow/.local/lib/python3.7/site-packages/airflow/example_dags/example_external_task_marker_dag.py
[2023-02-13T19:02:23.570+0000] {logging_mixin.py:137} INFO - [2023-02-13T19:02:23.570+0000] {dag.py:2676} INFO - Sync 2 DAGs
[2023-02-13T19:02:23.599+0000] {logging_mixin.py:137} INFO - [2023-02-13T19:02:23.599+0000] {dag.py:3427} INFO - Setting next_dagrun for example_external_task_marker_child to None, run_after=None
[2023-02-13T19:02:23.605+0000] {logging_mixin.py:137} INFO - [2023-02-13T19:02:23.605+0000] {dag.py:3427} INFO - Setting next_dagrun for example_external_task_marker_parent to None, run_after=None
[2023-02-13T19:02:23.624+0000] {processor.py:175} INFO - Processing /home/airflow/.local/lib/python3.7/site-packages/airflow/example_dags/example_external_task_marker_dag.py took 0.124 seconds
[2023-02-13T19:02:54.060+0000] {processor.py:153} INFO - Started process (PID=1010) to work on /home/airflow/.local/lib/python3.7/site-packages/airflow/example_dags/example_external_task_marker_dag.py
[2023-02-13T19:02:54.063+0000] {processor.py:743} INFO - Processing file /home/airflow/.local/lib/python3.7/site-packages/airflow/example_dags/example_external_task_marker_dag.py for tasks to queue
[2023-02-13T19:02:54.064+0000] {logging_mixin.py:137} INFO - [2023-02-13T19:02:54.064+0000] {dagbag.py:538} INFO - Filling up the DagBag from /home/airflow/.local/lib/python3.7/site-packages/airflow/example_dags/example_external_task_marker_dag.py
[2023-02-13T19:02:54.082+0000] {processor.py:753} INFO - DAG(s) dict_keys(['example_external_task_marker_child', 'example_external_task_marker_parent']) retrieved from /home/airflow/.local/lib/python3.7/site-packages/airflow/example_dags/example_external_task_marker_dag.py
[2023-02-13T19:02:54.127+0000] {logging_mixin.py:137} INFO - [2023-02-13T19:02:54.127+0000] {dag.py:2676} INFO - Sync 2 DAGs
[2023-02-13T19:02:54.156+0000] {logging_mixin.py:137} INFO - [2023-02-13T19:02:54.156+0000] {dag.py:3427} INFO - Setting next_dagrun for example_external_task_marker_child to None, run_after=None
[2023-02-13T19:02:54.162+0000] {logging_mixin.py:137} INFO - [2023-02-13T19:02:54.162+0000] {dag.py:3427} INFO - Setting next_dagrun for example_external_task_marker_parent to None, run_after=None
[2023-02-13T19:02:54.185+0000] {processor.py:175} INFO - Processing /home/airflow/.local/lib/python3.7/site-packages/airflow/example_dags/example_external_task_marker_dag.py took 0.129 seconds
[2023-02-13T19:03:36.858+0000] {processor.py:153} INFO - Started process (PID=1080) to work on /home/airflow/.local/lib/python3.7/site-packages/airflow/example_dags/example_external_task_marker_dag.py
[2023-02-13T19:03:36.860+0000] {processor.py:743} INFO - Processing file /home/airflow/.local/lib/python3.7/site-packages/airflow/example_dags/example_external_task_marker_dag.py for tasks to queue
[2023-02-13T19:03:36.862+0000] {logging_mixin.py:137} INFO - [2023-02-13T19:03:36.862+0000] {dagbag.py:538} INFO - Filling up the DagBag from /home/airflow/.local/lib/python3.7/site-packages/airflow/example_dags/example_external_task_marker_dag.py
[2023-02-13T19:03:36.885+0000] {processor.py:753} INFO - DAG(s) dict_keys(['example_external_task_marker_parent', 'example_external_task_marker_child']) retrieved from /home/airflow/.local/lib/python3.7/site-packages/airflow/example_dags/example_external_task_marker_dag.py
[2023-02-13T19:03:36.945+0000] {logging_mixin.py:137} INFO - [2023-02-13T19:03:36.944+0000] {dag.py:2676} INFO - Sync 2 DAGs
[2023-02-13T19:03:36.982+0000] {logging_mixin.py:137} INFO - [2023-02-13T19:03:36.982+0000] {dag.py:3427} INFO - Setting next_dagrun for example_external_task_marker_child to None, run_after=None
[2023-02-13T19:03:36.989+0000] {logging_mixin.py:137} INFO - [2023-02-13T19:03:36.989+0000] {dag.py:3427} INFO - Setting next_dagrun for example_external_task_marker_parent to None, run_after=None
[2023-02-13T19:03:37.013+0000] {processor.py:175} INFO - Processing /home/airflow/.local/lib/python3.7/site-packages/airflow/example_dags/example_external_task_marker_dag.py took 0.160 seconds
[2023-02-13T19:04:07.278+0000] {processor.py:153} INFO - Started process (PID=1151) to work on /home/airflow/.local/lib/python3.7/site-packages/airflow/example_dags/example_external_task_marker_dag.py
[2023-02-13T19:04:07.281+0000] {processor.py:743} INFO - Processing file /home/airflow/.local/lib/python3.7/site-packages/airflow/example_dags/example_external_task_marker_dag.py for tasks to queue
[2023-02-13T19:04:07.282+0000] {logging_mixin.py:137} INFO - [2023-02-13T19:04:07.282+0000] {dagbag.py:538} INFO - Filling up the DagBag from /home/airflow/.local/lib/python3.7/site-packages/airflow/example_dags/example_external_task_marker_dag.py
[2023-02-13T19:04:07.303+0000] {processor.py:753} INFO - DAG(s) dict_keys(['example_external_task_marker_parent', 'example_external_task_marker_child']) retrieved from /home/airflow/.local/lib/python3.7/site-packages/airflow/example_dags/example_external_task_marker_dag.py
[2023-02-13T19:04:07.361+0000] {logging_mixin.py:137} INFO - [2023-02-13T19:04:07.361+0000] {dag.py:2676} INFO - Sync 2 DAGs
[2023-02-13T19:04:07.396+0000] {logging_mixin.py:137} INFO - [2023-02-13T19:04:07.396+0000] {dag.py:3427} INFO - Setting next_dagrun for example_external_task_marker_child to None, run_after=None
[2023-02-13T19:04:07.432+0000] {logging_mixin.py:137} INFO - [2023-02-13T19:04:07.432+0000] {dag.py:3427} INFO - Setting next_dagrun for example_external_task_marker_parent to None, run_after=None
[2023-02-13T19:04:07.495+0000] {processor.py:175} INFO - Processing /home/airflow/.local/lib/python3.7/site-packages/airflow/example_dags/example_external_task_marker_dag.py took 0.222 seconds
[2023-02-13T19:04:37.978+0000] {processor.py:153} INFO - Started process (PID=1231) to work on /home/airflow/.local/lib/python3.7/site-packages/airflow/example_dags/example_external_task_marker_dag.py
[2023-02-13T19:04:37.982+0000] {processor.py:743} INFO - Processing file /home/airflow/.local/lib/python3.7/site-packages/airflow/example_dags/example_external_task_marker_dag.py for tasks to queue
[2023-02-13T19:04:37.984+0000] {logging_mixin.py:137} INFO - [2023-02-13T19:04:37.984+0000] {dagbag.py:538} INFO - Filling up the DagBag from /home/airflow/.local/lib/python3.7/site-packages/airflow/example_dags/example_external_task_marker_dag.py
[2023-02-13T19:04:38.006+0000] {processor.py:753} INFO - DAG(s) dict_keys(['example_external_task_marker_child', 'example_external_task_marker_parent']) retrieved from /home/airflow/.local/lib/python3.7/site-packages/airflow/example_dags/example_external_task_marker_dag.py
[2023-02-13T19:04:38.062+0000] {logging_mixin.py:137} INFO - [2023-02-13T19:04:38.061+0000] {dag.py:2676} INFO - Sync 2 DAGs
[2023-02-13T19:04:38.096+0000] {logging_mixin.py:137} INFO - [2023-02-13T19:04:38.096+0000] {dag.py:3427} INFO - Setting next_dagrun for example_external_task_marker_child to None, run_after=None
[2023-02-13T19:04:38.102+0000] {logging_mixin.py:137} INFO - [2023-02-13T19:04:38.102+0000] {dag.py:3427} INFO - Setting next_dagrun for example_external_task_marker_parent to None, run_after=None
[2023-02-13T19:04:38.125+0000] {processor.py:175} INFO - Processing /home/airflow/.local/lib/python3.7/site-packages/airflow/example_dags/example_external_task_marker_dag.py took 0.152 seconds
[2023-02-13T19:09:15.536+0000] {processor.py:153} INFO - Started process (PID=80) to work on /home/airflow/.local/lib/python3.7/site-packages/airflow/example_dags/example_external_task_marker_dag.py
[2023-02-13T19:09:15.540+0000] {processor.py:743} INFO - Processing file /home/airflow/.local/lib/python3.7/site-packages/airflow/example_dags/example_external_task_marker_dag.py for tasks to queue
[2023-02-13T19:09:15.543+0000] {logging_mixin.py:137} INFO - [2023-02-13T19:09:15.543+0000] {dagbag.py:538} INFO - Filling up the DagBag from /home/airflow/.local/lib/python3.7/site-packages/airflow/example_dags/example_external_task_marker_dag.py
[2023-02-13T19:09:15.584+0000] {processor.py:753} INFO - DAG(s) dict_keys(['example_external_task_marker_child', 'example_external_task_marker_parent']) retrieved from /home/airflow/.local/lib/python3.7/site-packages/airflow/example_dags/example_external_task_marker_dag.py
[2023-02-13T19:09:15.653+0000] {logging_mixin.py:137} INFO - [2023-02-13T19:09:15.653+0000] {dag.py:2676} INFO - Sync 2 DAGs
[2023-02-13T19:09:15.695+0000] {logging_mixin.py:137} INFO - [2023-02-13T19:09:15.695+0000] {dag.py:3427} INFO - Setting next_dagrun for example_external_task_marker_child to None, run_after=None
[2023-02-13T19:09:15.703+0000] {logging_mixin.py:137} INFO - [2023-02-13T19:09:15.702+0000] {dag.py:3427} INFO - Setting next_dagrun for example_external_task_marker_parent to None, run_after=None
[2023-02-13T19:09:15.732+0000] {processor.py:175} INFO - Processing /home/airflow/.local/lib/python3.7/site-packages/airflow/example_dags/example_external_task_marker_dag.py took 0.202 seconds
[2023-02-13T19:09:46.172+0000] {processor.py:153} INFO - Started process (PID=152) to work on /home/airflow/.local/lib/python3.7/site-packages/airflow/example_dags/example_external_task_marker_dag.py
[2023-02-13T19:09:46.176+0000] {processor.py:743} INFO - Processing file /home/airflow/.local/lib/python3.7/site-packages/airflow/example_dags/example_external_task_marker_dag.py for tasks to queue
[2023-02-13T19:09:46.179+0000] {logging_mixin.py:137} INFO - [2023-02-13T19:09:46.178+0000] {dagbag.py:538} INFO - Filling up the DagBag from /home/airflow/.local/lib/python3.7/site-packages/airflow/example_dags/example_external_task_marker_dag.py
[2023-02-13T19:09:46.204+0000] {processor.py:753} INFO - DAG(s) dict_keys(['example_external_task_marker_parent', 'example_external_task_marker_child']) retrieved from /home/airflow/.local/lib/python3.7/site-packages/airflow/example_dags/example_external_task_marker_dag.py
[2023-02-13T19:09:46.279+0000] {logging_mixin.py:137} INFO - [2023-02-13T19:09:46.278+0000] {dag.py:2676} INFO - Sync 2 DAGs
[2023-02-13T19:09:46.327+0000] {logging_mixin.py:137} INFO - [2023-02-13T19:09:46.327+0000] {dag.py:3427} INFO - Setting next_dagrun for example_external_task_marker_child to None, run_after=None
[2023-02-13T19:09:46.335+0000] {logging_mixin.py:137} INFO - [2023-02-13T19:09:46.335+0000] {dag.py:3427} INFO - Setting next_dagrun for example_external_task_marker_parent to None, run_after=None
[2023-02-13T19:09:46.366+0000] {processor.py:175} INFO - Processing /home/airflow/.local/lib/python3.7/site-packages/airflow/example_dags/example_external_task_marker_dag.py took 0.203 seconds
[2023-02-13T19:10:17.173+0000] {processor.py:153} INFO - Started process (PID=239) to work on /home/airflow/.local/lib/python3.7/site-packages/airflow/example_dags/example_external_task_marker_dag.py
[2023-02-13T19:10:17.176+0000] {processor.py:743} INFO - Processing file /home/airflow/.local/lib/python3.7/site-packages/airflow/example_dags/example_external_task_marker_dag.py for tasks to queue
[2023-02-13T19:10:17.178+0000] {logging_mixin.py:137} INFO - [2023-02-13T19:10:17.178+0000] {dagbag.py:538} INFO - Filling up the DagBag from /home/airflow/.local/lib/python3.7/site-packages/airflow/example_dags/example_external_task_marker_dag.py
[2023-02-13T19:10:17.199+0000] {processor.py:753} INFO - DAG(s) dict_keys(['example_external_task_marker_parent', 'example_external_task_marker_child']) retrieved from /home/airflow/.local/lib/python3.7/site-packages/airflow/example_dags/example_external_task_marker_dag.py
[2023-02-13T19:10:17.256+0000] {logging_mixin.py:137} INFO - [2023-02-13T19:10:17.256+0000] {dag.py:2676} INFO - Sync 2 DAGs
[2023-02-13T19:10:17.291+0000] {logging_mixin.py:137} INFO - [2023-02-13T19:10:17.291+0000] {dag.py:3427} INFO - Setting next_dagrun for example_external_task_marker_child to None, run_after=None
[2023-02-13T19:10:17.297+0000] {logging_mixin.py:137} INFO - [2023-02-13T19:10:17.297+0000] {dag.py:3427} INFO - Setting next_dagrun for example_external_task_marker_parent to None, run_after=None
[2023-02-13T19:10:17.320+0000] {processor.py:175} INFO - Processing /home/airflow/.local/lib/python3.7/site-packages/airflow/example_dags/example_external_task_marker_dag.py took 0.152 seconds
