[2023-02-13T18:56:43.791+0000] {processor.py:153} INFO - Started process (PID=63) to work on /home/airflow/.local/lib/python3.7/site-packages/airflow/example_dags/example_branch_datetime_operator.py
[2023-02-13T18:56:43.794+0000] {processor.py:743} INFO - Processing file /home/airflow/.local/lib/python3.7/site-packages/airflow/example_dags/example_branch_datetime_operator.py for tasks to queue
[2023-02-13T18:56:43.796+0000] {logging_mixin.py:137} INFO - [2023-02-13T18:56:43.796+0000] {dagbag.py:538} INFO - Filling up the DagBag from /home/airflow/.local/lib/python3.7/site-packages/airflow/example_dags/example_branch_datetime_operator.py
[2023-02-13T18:56:43.826+0000] {processor.py:753} INFO - DAG(s) dict_keys(['example_branch_datetime_operator_2', 'example_branch_datetime_operator_3', 'example_branch_datetime_operator']) retrieved from /home/airflow/.local/lib/python3.7/site-packages/airflow/example_dags/example_branch_datetime_operator.py
[2023-02-13T18:56:43.902+0000] {logging_mixin.py:137} INFO - [2023-02-13T18:56:43.902+0000] {dag.py:2676} INFO - Sync 3 DAGs
[2023-02-13T18:56:43.954+0000] {logging_mixin.py:137} INFO - [2023-02-13T18:56:43.954+0000] {dag.py:3427} INFO - Setting next_dagrun for example_branch_datetime_operator to 2023-02-12T00:00:00+00:00, run_after=2023-02-13T00:00:00+00:00
[2023-02-13T18:56:43.964+0000] {logging_mixin.py:137} INFO - [2023-02-13T18:56:43.963+0000] {dag.py:3427} INFO - Setting next_dagrun for example_branch_datetime_operator_2 to 2023-02-12T00:00:00+00:00, run_after=2023-02-13T00:00:00+00:00
[2023-02-13T18:56:43.970+0000] {logging_mixin.py:137} INFO - [2023-02-13T18:56:43.970+0000] {dag.py:3427} INFO - Setting next_dagrun for example_branch_datetime_operator_3 to 2023-02-12T00:00:00+00:00, run_after=2023-02-13T00:00:00+00:00
[2023-02-13T18:56:44.004+0000] {processor.py:175} INFO - Processing /home/airflow/.local/lib/python3.7/site-packages/airflow/example_dags/example_branch_datetime_operator.py took 0.224 seconds
[2023-02-13T18:57:14.808+0000] {processor.py:153} INFO - Started process (PID=134) to work on /home/airflow/.local/lib/python3.7/site-packages/airflow/example_dags/example_branch_datetime_operator.py
[2023-02-13T18:57:14.810+0000] {processor.py:743} INFO - Processing file /home/airflow/.local/lib/python3.7/site-packages/airflow/example_dags/example_branch_datetime_operator.py for tasks to queue
[2023-02-13T18:57:14.812+0000] {logging_mixin.py:137} INFO - [2023-02-13T18:57:14.812+0000] {dagbag.py:538} INFO - Filling up the DagBag from /home/airflow/.local/lib/python3.7/site-packages/airflow/example_dags/example_branch_datetime_operator.py
[2023-02-13T18:57:14.837+0000] {processor.py:753} INFO - DAG(s) dict_keys(['example_branch_datetime_operator_3', 'example_branch_datetime_operator_2', 'example_branch_datetime_operator']) retrieved from /home/airflow/.local/lib/python3.7/site-packages/airflow/example_dags/example_branch_datetime_operator.py
[2023-02-13T18:57:14.888+0000] {logging_mixin.py:137} INFO - [2023-02-13T18:57:14.888+0000] {dag.py:2676} INFO - Sync 3 DAGs
[2023-02-13T18:57:14.918+0000] {logging_mixin.py:137} INFO - [2023-02-13T18:57:14.918+0000] {dag.py:3427} INFO - Setting next_dagrun for example_branch_datetime_operator to 2023-02-12T00:00:00+00:00, run_after=2023-02-13T00:00:00+00:00
[2023-02-13T18:57:14.925+0000] {logging_mixin.py:137} INFO - [2023-02-13T18:57:14.925+0000] {dag.py:3427} INFO - Setting next_dagrun for example_branch_datetime_operator_2 to 2023-02-12T00:00:00+00:00, run_after=2023-02-13T00:00:00+00:00
[2023-02-13T18:57:14.928+0000] {logging_mixin.py:137} INFO - [2023-02-13T18:57:14.928+0000] {dag.py:3427} INFO - Setting next_dagrun for example_branch_datetime_operator_3 to 2023-02-12T00:00:00+00:00, run_after=2023-02-13T00:00:00+00:00
[2023-02-13T18:57:14.948+0000] {processor.py:175} INFO - Processing /home/airflow/.local/lib/python3.7/site-packages/airflow/example_dags/example_branch_datetime_operator.py took 0.145 seconds
[2023-02-13T18:57:45.670+0000] {processor.py:153} INFO - Started process (PID=212) to work on /home/airflow/.local/lib/python3.7/site-packages/airflow/example_dags/example_branch_datetime_operator.py
[2023-02-13T18:57:45.675+0000] {processor.py:743} INFO - Processing file /home/airflow/.local/lib/python3.7/site-packages/airflow/example_dags/example_branch_datetime_operator.py for tasks to queue
[2023-02-13T18:57:45.681+0000] {logging_mixin.py:137} INFO - [2023-02-13T18:57:45.681+0000] {dagbag.py:538} INFO - Filling up the DagBag from /home/airflow/.local/lib/python3.7/site-packages/airflow/example_dags/example_branch_datetime_operator.py
[2023-02-13T18:57:45.723+0000] {processor.py:753} INFO - DAG(s) dict_keys(['example_branch_datetime_operator_2', 'example_branch_datetime_operator', 'example_branch_datetime_operator_3']) retrieved from /home/airflow/.local/lib/python3.7/site-packages/airflow/example_dags/example_branch_datetime_operator.py
[2023-02-13T18:57:45.813+0000] {logging_mixin.py:137} INFO - [2023-02-13T18:57:45.813+0000] {dag.py:2676} INFO - Sync 3 DAGs
[2023-02-13T18:57:45.852+0000] {logging_mixin.py:137} INFO - [2023-02-13T18:57:45.852+0000] {dag.py:3427} INFO - Setting next_dagrun for example_branch_datetime_operator to 2023-02-12T00:00:00+00:00, run_after=2023-02-13T00:00:00+00:00
[2023-02-13T18:57:45.860+0000] {logging_mixin.py:137} INFO - [2023-02-13T18:57:45.860+0000] {dag.py:3427} INFO - Setting next_dagrun for example_branch_datetime_operator_2 to 2023-02-12T00:00:00+00:00, run_after=2023-02-13T00:00:00+00:00
[2023-02-13T18:57:45.864+0000] {logging_mixin.py:137} INFO - [2023-02-13T18:57:45.864+0000] {dag.py:3427} INFO - Setting next_dagrun for example_branch_datetime_operator_3 to 2023-02-12T00:00:00+00:00, run_after=2023-02-13T00:00:00+00:00
[2023-02-13T18:57:45.889+0000] {processor.py:175} INFO - Processing /home/airflow/.local/lib/python3.7/site-packages/airflow/example_dags/example_branch_datetime_operator.py took 0.228 seconds
[2023-02-13T18:58:16.026+0000] {processor.py:153} INFO - Started process (PID=292) to work on /home/airflow/.local/lib/python3.7/site-packages/airflow/example_dags/example_branch_datetime_operator.py
[2023-02-13T18:58:16.029+0000] {processor.py:743} INFO - Processing file /home/airflow/.local/lib/python3.7/site-packages/airflow/example_dags/example_branch_datetime_operator.py for tasks to queue
[2023-02-13T18:58:16.031+0000] {logging_mixin.py:137} INFO - [2023-02-13T18:58:16.031+0000] {dagbag.py:538} INFO - Filling up the DagBag from /home/airflow/.local/lib/python3.7/site-packages/airflow/example_dags/example_branch_datetime_operator.py
[2023-02-13T18:58:16.056+0000] {processor.py:753} INFO - DAG(s) dict_keys(['example_branch_datetime_operator_2', 'example_branch_datetime_operator', 'example_branch_datetime_operator_3']) retrieved from /home/airflow/.local/lib/python3.7/site-packages/airflow/example_dags/example_branch_datetime_operator.py
[2023-02-13T18:58:16.113+0000] {logging_mixin.py:137} INFO - [2023-02-13T18:58:16.112+0000] {dag.py:2676} INFO - Sync 3 DAGs
[2023-02-13T18:58:16.143+0000] {logging_mixin.py:137} INFO - [2023-02-13T18:58:16.143+0000] {dag.py:3427} INFO - Setting next_dagrun for example_branch_datetime_operator to 2023-02-12T00:00:00+00:00, run_after=2023-02-13T00:00:00+00:00
[2023-02-13T18:58:16.150+0000] {logging_mixin.py:137} INFO - [2023-02-13T18:58:16.150+0000] {dag.py:3427} INFO - Setting next_dagrun for example_branch_datetime_operator_2 to 2023-02-12T00:00:00+00:00, run_after=2023-02-13T00:00:00+00:00
[2023-02-13T18:58:16.153+0000] {logging_mixin.py:137} INFO - [2023-02-13T18:58:16.153+0000] {dag.py:3427} INFO - Setting next_dagrun for example_branch_datetime_operator_3 to 2023-02-12T00:00:00+00:00, run_after=2023-02-13T00:00:00+00:00
[2023-02-13T18:58:16.172+0000] {processor.py:175} INFO - Processing /home/airflow/.local/lib/python3.7/site-packages/airflow/example_dags/example_branch_datetime_operator.py took 0.151 seconds
[2023-02-13T18:58:46.431+0000] {processor.py:153} INFO - Started process (PID=363) to work on /home/airflow/.local/lib/python3.7/site-packages/airflow/example_dags/example_branch_datetime_operator.py
[2023-02-13T18:58:46.434+0000] {processor.py:743} INFO - Processing file /home/airflow/.local/lib/python3.7/site-packages/airflow/example_dags/example_branch_datetime_operator.py for tasks to queue
[2023-02-13T18:58:46.436+0000] {logging_mixin.py:137} INFO - [2023-02-13T18:58:46.436+0000] {dagbag.py:538} INFO - Filling up the DagBag from /home/airflow/.local/lib/python3.7/site-packages/airflow/example_dags/example_branch_datetime_operator.py
[2023-02-13T18:58:46.460+0000] {processor.py:753} INFO - DAG(s) dict_keys(['example_branch_datetime_operator_3', 'example_branch_datetime_operator', 'example_branch_datetime_operator_2']) retrieved from /home/airflow/.local/lib/python3.7/site-packages/airflow/example_dags/example_branch_datetime_operator.py
[2023-02-13T18:58:46.510+0000] {logging_mixin.py:137} INFO - [2023-02-13T18:58:46.510+0000] {dag.py:2676} INFO - Sync 3 DAGs
[2023-02-13T18:58:46.541+0000] {logging_mixin.py:137} INFO - [2023-02-13T18:58:46.541+0000] {dag.py:3427} INFO - Setting next_dagrun for example_branch_datetime_operator to 2023-02-12T00:00:00+00:00, run_after=2023-02-13T00:00:00+00:00
[2023-02-13T18:58:46.549+0000] {logging_mixin.py:137} INFO - [2023-02-13T18:58:46.548+0000] {dag.py:3427} INFO - Setting next_dagrun for example_branch_datetime_operator_2 to 2023-02-12T00:00:00+00:00, run_after=2023-02-13T00:00:00+00:00
[2023-02-13T18:58:46.553+0000] {logging_mixin.py:137} INFO - [2023-02-13T18:58:46.553+0000] {dag.py:3427} INFO - Setting next_dagrun for example_branch_datetime_operator_3 to 2023-02-12T00:00:00+00:00, run_after=2023-02-13T00:00:00+00:00
[2023-02-13T18:58:46.578+0000] {processor.py:175} INFO - Processing /home/airflow/.local/lib/python3.7/site-packages/airflow/example_dags/example_branch_datetime_operator.py took 0.153 seconds
[2023-02-13T18:59:17.104+0000] {processor.py:153} INFO - Started process (PID=450) to work on /home/airflow/.local/lib/python3.7/site-packages/airflow/example_dags/example_branch_datetime_operator.py
[2023-02-13T18:59:17.107+0000] {processor.py:743} INFO - Processing file /home/airflow/.local/lib/python3.7/site-packages/airflow/example_dags/example_branch_datetime_operator.py for tasks to queue
[2023-02-13T18:59:17.108+0000] {logging_mixin.py:137} INFO - [2023-02-13T18:59:17.108+0000] {dagbag.py:538} INFO - Filling up the DagBag from /home/airflow/.local/lib/python3.7/site-packages/airflow/example_dags/example_branch_datetime_operator.py
[2023-02-13T18:59:17.134+0000] {processor.py:753} INFO - DAG(s) dict_keys(['example_branch_datetime_operator_3', 'example_branch_datetime_operator', 'example_branch_datetime_operator_2']) retrieved from /home/airflow/.local/lib/python3.7/site-packages/airflow/example_dags/example_branch_datetime_operator.py
[2023-02-13T18:59:17.191+0000] {logging_mixin.py:137} INFO - [2023-02-13T18:59:17.191+0000] {dag.py:2676} INFO - Sync 3 DAGs
[2023-02-13T18:59:17.222+0000] {logging_mixin.py:137} INFO - [2023-02-13T18:59:17.222+0000] {dag.py:3427} INFO - Setting next_dagrun for example_branch_datetime_operator to 2023-02-12T00:00:00+00:00, run_after=2023-02-13T00:00:00+00:00
[2023-02-13T18:59:17.229+0000] {logging_mixin.py:137} INFO - [2023-02-13T18:59:17.228+0000] {dag.py:3427} INFO - Setting next_dagrun for example_branch_datetime_operator_2 to 2023-02-12T00:00:00+00:00, run_after=2023-02-13T00:00:00+00:00
[2023-02-13T18:59:17.233+0000] {logging_mixin.py:137} INFO - [2023-02-13T18:59:17.233+0000] {dag.py:3427} INFO - Setting next_dagrun for example_branch_datetime_operator_3 to 2023-02-12T00:00:00+00:00, run_after=2023-02-13T00:00:00+00:00
[2023-02-13T18:59:17.254+0000] {processor.py:175} INFO - Processing /home/airflow/.local/lib/python3.7/site-packages/airflow/example_dags/example_branch_datetime_operator.py took 0.154 seconds
[2023-02-13T18:59:48.074+0000] {processor.py:153} INFO - Started process (PID=521) to work on /home/airflow/.local/lib/python3.7/site-packages/airflow/example_dags/example_branch_datetime_operator.py
[2023-02-13T18:59:48.076+0000] {processor.py:743} INFO - Processing file /home/airflow/.local/lib/python3.7/site-packages/airflow/example_dags/example_branch_datetime_operator.py for tasks to queue
[2023-02-13T18:59:48.078+0000] {logging_mixin.py:137} INFO - [2023-02-13T18:59:48.078+0000] {dagbag.py:538} INFO - Filling up the DagBag from /home/airflow/.local/lib/python3.7/site-packages/airflow/example_dags/example_branch_datetime_operator.py
[2023-02-13T18:59:48.098+0000] {processor.py:753} INFO - DAG(s) dict_keys(['example_branch_datetime_operator_3', 'example_branch_datetime_operator_2', 'example_branch_datetime_operator']) retrieved from /home/airflow/.local/lib/python3.7/site-packages/airflow/example_dags/example_branch_datetime_operator.py
[2023-02-13T18:59:48.147+0000] {logging_mixin.py:137} INFO - [2023-02-13T18:59:48.147+0000] {dag.py:2676} INFO - Sync 3 DAGs
[2023-02-13T18:59:48.176+0000] {logging_mixin.py:137} INFO - [2023-02-13T18:59:48.176+0000] {dag.py:3427} INFO - Setting next_dagrun for example_branch_datetime_operator to 2023-02-12T00:00:00+00:00, run_after=2023-02-13T00:00:00+00:00
[2023-02-13T18:59:48.183+0000] {logging_mixin.py:137} INFO - [2023-02-13T18:59:48.182+0000] {dag.py:3427} INFO - Setting next_dagrun for example_branch_datetime_operator_2 to 2023-02-12T00:00:00+00:00, run_after=2023-02-13T00:00:00+00:00
[2023-02-13T18:59:48.186+0000] {logging_mixin.py:137} INFO - [2023-02-13T18:59:48.186+0000] {dag.py:3427} INFO - Setting next_dagrun for example_branch_datetime_operator_3 to 2023-02-12T00:00:00+00:00, run_after=2023-02-13T00:00:00+00:00
[2023-02-13T18:59:48.206+0000] {processor.py:175} INFO - Processing /home/airflow/.local/lib/python3.7/site-packages/airflow/example_dags/example_branch_datetime_operator.py took 0.136 seconds
[2023-02-13T19:00:18.890+0000] {processor.py:153} INFO - Started process (PID=608) to work on /home/airflow/.local/lib/python3.7/site-packages/airflow/example_dags/example_branch_datetime_operator.py
[2023-02-13T19:00:18.893+0000] {processor.py:743} INFO - Processing file /home/airflow/.local/lib/python3.7/site-packages/airflow/example_dags/example_branch_datetime_operator.py for tasks to queue
[2023-02-13T19:00:18.896+0000] {logging_mixin.py:137} INFO - [2023-02-13T19:00:18.896+0000] {dagbag.py:538} INFO - Filling up the DagBag from /home/airflow/.local/lib/python3.7/site-packages/airflow/example_dags/example_branch_datetime_operator.py
[2023-02-13T19:00:18.942+0000] {processor.py:753} INFO - DAG(s) dict_keys(['example_branch_datetime_operator_2', 'example_branch_datetime_operator', 'example_branch_datetime_operator_3']) retrieved from /home/airflow/.local/lib/python3.7/site-packages/airflow/example_dags/example_branch_datetime_operator.py
[2023-02-13T19:00:19.014+0000] {logging_mixin.py:137} INFO - [2023-02-13T19:00:19.014+0000] {dag.py:2676} INFO - Sync 3 DAGs
[2023-02-13T19:00:19.052+0000] {logging_mixin.py:137} INFO - [2023-02-13T19:00:19.052+0000] {dag.py:3427} INFO - Setting next_dagrun for example_branch_datetime_operator to 2023-02-12T00:00:00+00:00, run_after=2023-02-13T00:00:00+00:00
[2023-02-13T19:00:19.060+0000] {logging_mixin.py:137} INFO - [2023-02-13T19:00:19.060+0000] {dag.py:3427} INFO - Setting next_dagrun for example_branch_datetime_operator_2 to 2023-02-12T00:00:00+00:00, run_after=2023-02-13T00:00:00+00:00
[2023-02-13T19:00:19.064+0000] {logging_mixin.py:137} INFO - [2023-02-13T19:00:19.064+0000] {dag.py:3427} INFO - Setting next_dagrun for example_branch_datetime_operator_3 to 2023-02-12T00:00:00+00:00, run_after=2023-02-13T00:00:00+00:00
[2023-02-13T19:00:19.086+0000] {processor.py:175} INFO - Processing /home/airflow/.local/lib/python3.7/site-packages/airflow/example_dags/example_branch_datetime_operator.py took 0.204 seconds
[2023-02-13T19:00:49.860+0000] {processor.py:153} INFO - Started process (PID=679) to work on /home/airflow/.local/lib/python3.7/site-packages/airflow/example_dags/example_branch_datetime_operator.py
[2023-02-13T19:00:49.862+0000] {processor.py:743} INFO - Processing file /home/airflow/.local/lib/python3.7/site-packages/airflow/example_dags/example_branch_datetime_operator.py for tasks to queue
[2023-02-13T19:00:49.863+0000] {logging_mixin.py:137} INFO - [2023-02-13T19:00:49.863+0000] {dagbag.py:538} INFO - Filling up the DagBag from /home/airflow/.local/lib/python3.7/site-packages/airflow/example_dags/example_branch_datetime_operator.py
[2023-02-13T19:00:49.884+0000] {processor.py:753} INFO - DAG(s) dict_keys(['example_branch_datetime_operator_2', 'example_branch_datetime_operator_3', 'example_branch_datetime_operator']) retrieved from /home/airflow/.local/lib/python3.7/site-packages/airflow/example_dags/example_branch_datetime_operator.py
[2023-02-13T19:00:49.933+0000] {logging_mixin.py:137} INFO - [2023-02-13T19:00:49.933+0000] {dag.py:2676} INFO - Sync 3 DAGs
[2023-02-13T19:00:49.964+0000] {logging_mixin.py:137} INFO - [2023-02-13T19:00:49.964+0000] {dag.py:3427} INFO - Setting next_dagrun for example_branch_datetime_operator to 2023-02-12T00:00:00+00:00, run_after=2023-02-13T00:00:00+00:00
[2023-02-13T19:00:49.970+0000] {logging_mixin.py:137} INFO - [2023-02-13T19:00:49.969+0000] {dag.py:3427} INFO - Setting next_dagrun for example_branch_datetime_operator_2 to 2023-02-12T00:00:00+00:00, run_after=2023-02-13T00:00:00+00:00
[2023-02-13T19:00:49.974+0000] {logging_mixin.py:137} INFO - [2023-02-13T19:00:49.973+0000] {dag.py:3427} INFO - Setting next_dagrun for example_branch_datetime_operator_3 to 2023-02-12T00:00:00+00:00, run_after=2023-02-13T00:00:00+00:00
[2023-02-13T19:00:49.993+0000] {processor.py:175} INFO - Processing /home/airflow/.local/lib/python3.7/site-packages/airflow/example_dags/example_branch_datetime_operator.py took 0.137 seconds
[2023-02-13T19:01:20.350+0000] {processor.py:153} INFO - Started process (PID=765) to work on /home/airflow/.local/lib/python3.7/site-packages/airflow/example_dags/example_branch_datetime_operator.py
[2023-02-13T19:01:20.352+0000] {processor.py:743} INFO - Processing file /home/airflow/.local/lib/python3.7/site-packages/airflow/example_dags/example_branch_datetime_operator.py for tasks to queue
[2023-02-13T19:01:20.354+0000] {logging_mixin.py:137} INFO - [2023-02-13T19:01:20.353+0000] {dagbag.py:538} INFO - Filling up the DagBag from /home/airflow/.local/lib/python3.7/site-packages/airflow/example_dags/example_branch_datetime_operator.py
[2023-02-13T19:01:20.373+0000] {processor.py:753} INFO - DAG(s) dict_keys(['example_branch_datetime_operator_3', 'example_branch_datetime_operator', 'example_branch_datetime_operator_2']) retrieved from /home/airflow/.local/lib/python3.7/site-packages/airflow/example_dags/example_branch_datetime_operator.py
[2023-02-13T19:01:20.423+0000] {logging_mixin.py:137} INFO - [2023-02-13T19:01:20.422+0000] {dag.py:2676} INFO - Sync 3 DAGs
[2023-02-13T19:01:20.453+0000] {logging_mixin.py:137} INFO - [2023-02-13T19:01:20.453+0000] {dag.py:3427} INFO - Setting next_dagrun for example_branch_datetime_operator to 2023-02-12T00:00:00+00:00, run_after=2023-02-13T00:00:00+00:00
[2023-02-13T19:01:20.460+0000] {logging_mixin.py:137} INFO - [2023-02-13T19:01:20.460+0000] {dag.py:3427} INFO - Setting next_dagrun for example_branch_datetime_operator_2 to 2023-02-12T00:00:00+00:00, run_after=2023-02-13T00:00:00+00:00
[2023-02-13T19:01:20.463+0000] {logging_mixin.py:137} INFO - [2023-02-13T19:01:20.463+0000] {dag.py:3427} INFO - Setting next_dagrun for example_branch_datetime_operator_3 to 2023-02-12T00:00:00+00:00, run_after=2023-02-13T00:00:00+00:00
[2023-02-13T19:01:20.483+0000] {processor.py:175} INFO - Processing /home/airflow/.local/lib/python3.7/site-packages/airflow/example_dags/example_branch_datetime_operator.py took 0.136 seconds
[2023-02-13T19:01:50.654+0000] {processor.py:153} INFO - Started process (PID=836) to work on /home/airflow/.local/lib/python3.7/site-packages/airflow/example_dags/example_branch_datetime_operator.py
[2023-02-13T19:01:50.656+0000] {processor.py:743} INFO - Processing file /home/airflow/.local/lib/python3.7/site-packages/airflow/example_dags/example_branch_datetime_operator.py for tasks to queue
[2023-02-13T19:01:50.658+0000] {logging_mixin.py:137} INFO - [2023-02-13T19:01:50.658+0000] {dagbag.py:538} INFO - Filling up the DagBag from /home/airflow/.local/lib/python3.7/site-packages/airflow/example_dags/example_branch_datetime_operator.py
[2023-02-13T19:01:50.678+0000] {processor.py:753} INFO - DAG(s) dict_keys(['example_branch_datetime_operator_2', 'example_branch_datetime_operator_3', 'example_branch_datetime_operator']) retrieved from /home/airflow/.local/lib/python3.7/site-packages/airflow/example_dags/example_branch_datetime_operator.py
[2023-02-13T19:01:50.729+0000] {logging_mixin.py:137} INFO - [2023-02-13T19:01:50.729+0000] {dag.py:2676} INFO - Sync 3 DAGs
[2023-02-13T19:01:50.758+0000] {logging_mixin.py:137} INFO - [2023-02-13T19:01:50.758+0000] {dag.py:3427} INFO - Setting next_dagrun for example_branch_datetime_operator to 2023-02-12T00:00:00+00:00, run_after=2023-02-13T00:00:00+00:00
[2023-02-13T19:01:50.764+0000] {logging_mixin.py:137} INFO - [2023-02-13T19:01:50.764+0000] {dag.py:3427} INFO - Setting next_dagrun for example_branch_datetime_operator_2 to 2023-02-12T00:00:00+00:00, run_after=2023-02-13T00:00:00+00:00
[2023-02-13T19:01:50.767+0000] {logging_mixin.py:137} INFO - [2023-02-13T19:01:50.767+0000] {dag.py:3427} INFO - Setting next_dagrun for example_branch_datetime_operator_3 to 2023-02-12T00:00:00+00:00, run_after=2023-02-13T00:00:00+00:00
[2023-02-13T19:01:50.787+0000] {processor.py:175} INFO - Processing /home/airflow/.local/lib/python3.7/site-packages/airflow/example_dags/example_branch_datetime_operator.py took 0.136 seconds
[2023-02-13T19:02:21.091+0000] {processor.py:153} INFO - Started process (PID=923) to work on /home/airflow/.local/lib/python3.7/site-packages/airflow/example_dags/example_branch_datetime_operator.py
[2023-02-13T19:02:21.093+0000] {processor.py:743} INFO - Processing file /home/airflow/.local/lib/python3.7/site-packages/airflow/example_dags/example_branch_datetime_operator.py for tasks to queue
[2023-02-13T19:02:21.095+0000] {logging_mixin.py:137} INFO - [2023-02-13T19:02:21.095+0000] {dagbag.py:538} INFO - Filling up the DagBag from /home/airflow/.local/lib/python3.7/site-packages/airflow/example_dags/example_branch_datetime_operator.py
[2023-02-13T19:02:21.116+0000] {processor.py:753} INFO - DAG(s) dict_keys(['example_branch_datetime_operator_3', 'example_branch_datetime_operator_2', 'example_branch_datetime_operator']) retrieved from /home/airflow/.local/lib/python3.7/site-packages/airflow/example_dags/example_branch_datetime_operator.py
[2023-02-13T19:02:21.167+0000] {logging_mixin.py:137} INFO - [2023-02-13T19:02:21.166+0000] {dag.py:2676} INFO - Sync 3 DAGs
[2023-02-13T19:02:21.198+0000] {logging_mixin.py:137} INFO - [2023-02-13T19:02:21.198+0000] {dag.py:3427} INFO - Setting next_dagrun for example_branch_datetime_operator to 2023-02-12T00:00:00+00:00, run_after=2023-02-13T00:00:00+00:00
[2023-02-13T19:02:21.205+0000] {logging_mixin.py:137} INFO - [2023-02-13T19:02:21.205+0000] {dag.py:3427} INFO - Setting next_dagrun for example_branch_datetime_operator_2 to 2023-02-12T00:00:00+00:00, run_after=2023-02-13T00:00:00+00:00
[2023-02-13T19:02:21.209+0000] {logging_mixin.py:137} INFO - [2023-02-13T19:02:21.209+0000] {dag.py:3427} INFO - Setting next_dagrun for example_branch_datetime_operator_3 to 2023-02-12T00:00:00+00:00, run_after=2023-02-13T00:00:00+00:00
[2023-02-13T19:02:21.228+0000] {processor.py:175} INFO - Processing /home/airflow/.local/lib/python3.7/site-packages/airflow/example_dags/example_branch_datetime_operator.py took 0.141 seconds
[2023-02-13T19:02:51.760+0000] {processor.py:153} INFO - Started process (PID=994) to work on /home/airflow/.local/lib/python3.7/site-packages/airflow/example_dags/example_branch_datetime_operator.py
[2023-02-13T19:02:51.762+0000] {processor.py:743} INFO - Processing file /home/airflow/.local/lib/python3.7/site-packages/airflow/example_dags/example_branch_datetime_operator.py for tasks to queue
[2023-02-13T19:02:51.764+0000] {logging_mixin.py:137} INFO - [2023-02-13T19:02:51.764+0000] {dagbag.py:538} INFO - Filling up the DagBag from /home/airflow/.local/lib/python3.7/site-packages/airflow/example_dags/example_branch_datetime_operator.py
[2023-02-13T19:02:51.785+0000] {processor.py:753} INFO - DAG(s) dict_keys(['example_branch_datetime_operator_3', 'example_branch_datetime_operator_2', 'example_branch_datetime_operator']) retrieved from /home/airflow/.local/lib/python3.7/site-packages/airflow/example_dags/example_branch_datetime_operator.py
[2023-02-13T19:02:51.834+0000] {logging_mixin.py:137} INFO - [2023-02-13T19:02:51.834+0000] {dag.py:2676} INFO - Sync 3 DAGs
[2023-02-13T19:02:51.863+0000] {logging_mixin.py:137} INFO - [2023-02-13T19:02:51.863+0000] {dag.py:3427} INFO - Setting next_dagrun for example_branch_datetime_operator to 2023-02-12T00:00:00+00:00, run_after=2023-02-13T00:00:00+00:00
[2023-02-13T19:02:51.870+0000] {logging_mixin.py:137} INFO - [2023-02-13T19:02:51.870+0000] {dag.py:3427} INFO - Setting next_dagrun for example_branch_datetime_operator_2 to 2023-02-12T00:00:00+00:00, run_after=2023-02-13T00:00:00+00:00
[2023-02-13T19:02:51.873+0000] {logging_mixin.py:137} INFO - [2023-02-13T19:02:51.873+0000] {dag.py:3427} INFO - Setting next_dagrun for example_branch_datetime_operator_3 to 2023-02-12T00:00:00+00:00, run_after=2023-02-13T00:00:00+00:00
[2023-02-13T19:02:51.892+0000] {processor.py:175} INFO - Processing /home/airflow/.local/lib/python3.7/site-packages/airflow/example_dags/example_branch_datetime_operator.py took 0.136 seconds
[2023-02-13T19:03:35.361+0000] {processor.py:153} INFO - Started process (PID=1057) to work on /home/airflow/.local/lib/python3.7/site-packages/airflow/example_dags/example_branch_datetime_operator.py
[2023-02-13T19:03:35.363+0000] {processor.py:743} INFO - Processing file /home/airflow/.local/lib/python3.7/site-packages/airflow/example_dags/example_branch_datetime_operator.py for tasks to queue
[2023-02-13T19:03:35.365+0000] {logging_mixin.py:137} INFO - [2023-02-13T19:03:35.365+0000] {dagbag.py:538} INFO - Filling up the DagBag from /home/airflow/.local/lib/python3.7/site-packages/airflow/example_dags/example_branch_datetime_operator.py
[2023-02-13T19:03:35.389+0000] {processor.py:753} INFO - DAG(s) dict_keys(['example_branch_datetime_operator_3', 'example_branch_datetime_operator_2', 'example_branch_datetime_operator']) retrieved from /home/airflow/.local/lib/python3.7/site-packages/airflow/example_dags/example_branch_datetime_operator.py
[2023-02-13T19:03:35.447+0000] {logging_mixin.py:137} INFO - [2023-02-13T19:03:35.446+0000] {dag.py:2676} INFO - Sync 3 DAGs
[2023-02-13T19:03:35.483+0000] {logging_mixin.py:137} INFO - [2023-02-13T19:03:35.483+0000] {dag.py:3427} INFO - Setting next_dagrun for example_branch_datetime_operator to 2023-02-12T00:00:00+00:00, run_after=2023-02-13T00:00:00+00:00
[2023-02-13T19:03:35.491+0000] {logging_mixin.py:137} INFO - [2023-02-13T19:03:35.491+0000] {dag.py:3427} INFO - Setting next_dagrun for example_branch_datetime_operator_2 to 2023-02-12T00:00:00+00:00, run_after=2023-02-13T00:00:00+00:00
[2023-02-13T19:03:35.497+0000] {logging_mixin.py:137} INFO - [2023-02-13T19:03:35.496+0000] {dag.py:3427} INFO - Setting next_dagrun for example_branch_datetime_operator_3 to 2023-02-12T00:00:00+00:00, run_after=2023-02-13T00:00:00+00:00
[2023-02-13T19:03:35.523+0000] {processor.py:175} INFO - Processing /home/airflow/.local/lib/python3.7/site-packages/airflow/example_dags/example_branch_datetime_operator.py took 0.167 seconds
[2023-02-13T19:04:05.732+0000] {processor.py:153} INFO - Started process (PID=1135) to work on /home/airflow/.local/lib/python3.7/site-packages/airflow/example_dags/example_branch_datetime_operator.py
[2023-02-13T19:04:05.734+0000] {processor.py:743} INFO - Processing file /home/airflow/.local/lib/python3.7/site-packages/airflow/example_dags/example_branch_datetime_operator.py for tasks to queue
[2023-02-13T19:04:05.736+0000] {logging_mixin.py:137} INFO - [2023-02-13T19:04:05.736+0000] {dagbag.py:538} INFO - Filling up the DagBag from /home/airflow/.local/lib/python3.7/site-packages/airflow/example_dags/example_branch_datetime_operator.py
[2023-02-13T19:04:05.763+0000] {processor.py:753} INFO - DAG(s) dict_keys(['example_branch_datetime_operator_2', 'example_branch_datetime_operator', 'example_branch_datetime_operator_3']) retrieved from /home/airflow/.local/lib/python3.7/site-packages/airflow/example_dags/example_branch_datetime_operator.py
[2023-02-13T19:04:05.823+0000] {logging_mixin.py:137} INFO - [2023-02-13T19:04:05.823+0000] {dag.py:2676} INFO - Sync 3 DAGs
[2023-02-13T19:04:05.862+0000] {logging_mixin.py:137} INFO - [2023-02-13T19:04:05.861+0000] {dag.py:3427} INFO - Setting next_dagrun for example_branch_datetime_operator to 2023-02-12T00:00:00+00:00, run_after=2023-02-13T00:00:00+00:00
[2023-02-13T19:04:05.869+0000] {logging_mixin.py:137} INFO - [2023-02-13T19:04:05.869+0000] {dag.py:3427} INFO - Setting next_dagrun for example_branch_datetime_operator_2 to 2023-02-12T00:00:00+00:00, run_after=2023-02-13T00:00:00+00:00
[2023-02-13T19:04:05.874+0000] {logging_mixin.py:137} INFO - [2023-02-13T19:04:05.874+0000] {dag.py:3427} INFO - Setting next_dagrun for example_branch_datetime_operator_3 to 2023-02-12T00:00:00+00:00, run_after=2023-02-13T00:00:00+00:00
[2023-02-13T19:04:05.898+0000] {processor.py:175} INFO - Processing /home/airflow/.local/lib/python3.7/site-packages/airflow/example_dags/example_branch_datetime_operator.py took 0.172 seconds
[2023-02-13T19:04:36.497+0000] {processor.py:153} INFO - Started process (PID=1206) to work on /home/airflow/.local/lib/python3.7/site-packages/airflow/example_dags/example_branch_datetime_operator.py
[2023-02-13T19:04:36.499+0000] {processor.py:743} INFO - Processing file /home/airflow/.local/lib/python3.7/site-packages/airflow/example_dags/example_branch_datetime_operator.py for tasks to queue
[2023-02-13T19:04:36.501+0000] {logging_mixin.py:137} INFO - [2023-02-13T19:04:36.501+0000] {dagbag.py:538} INFO - Filling up the DagBag from /home/airflow/.local/lib/python3.7/site-packages/airflow/example_dags/example_branch_datetime_operator.py
[2023-02-13T19:04:36.522+0000] {processor.py:753} INFO - DAG(s) dict_keys(['example_branch_datetime_operator_2', 'example_branch_datetime_operator_3', 'example_branch_datetime_operator']) retrieved from /home/airflow/.local/lib/python3.7/site-packages/airflow/example_dags/example_branch_datetime_operator.py
[2023-02-13T19:04:36.570+0000] {logging_mixin.py:137} INFO - [2023-02-13T19:04:36.570+0000] {dag.py:2676} INFO - Sync 3 DAGs
[2023-02-13T19:04:36.601+0000] {logging_mixin.py:137} INFO - [2023-02-13T19:04:36.601+0000] {dag.py:3427} INFO - Setting next_dagrun for example_branch_datetime_operator to 2023-02-12T00:00:00+00:00, run_after=2023-02-13T00:00:00+00:00
[2023-02-13T19:04:36.607+0000] {logging_mixin.py:137} INFO - [2023-02-13T19:04:36.607+0000] {dag.py:3427} INFO - Setting next_dagrun for example_branch_datetime_operator_2 to 2023-02-12T00:00:00+00:00, run_after=2023-02-13T00:00:00+00:00
[2023-02-13T19:04:36.610+0000] {logging_mixin.py:137} INFO - [2023-02-13T19:04:36.610+0000] {dag.py:3427} INFO - Setting next_dagrun for example_branch_datetime_operator_3 to 2023-02-12T00:00:00+00:00, run_after=2023-02-13T00:00:00+00:00
[2023-02-13T19:04:36.634+0000] {processor.py:175} INFO - Processing /home/airflow/.local/lib/python3.7/site-packages/airflow/example_dags/example_branch_datetime_operator.py took 0.141 seconds
[2023-02-13T19:09:13.184+0000] {processor.py:153} INFO - Started process (PID=64) to work on /home/airflow/.local/lib/python3.7/site-packages/airflow/example_dags/example_branch_datetime_operator.py
[2023-02-13T19:09:13.187+0000] {processor.py:743} INFO - Processing file /home/airflow/.local/lib/python3.7/site-packages/airflow/example_dags/example_branch_datetime_operator.py for tasks to queue
[2023-02-13T19:09:13.190+0000] {logging_mixin.py:137} INFO - [2023-02-13T19:09:13.189+0000] {dagbag.py:538} INFO - Filling up the DagBag from /home/airflow/.local/lib/python3.7/site-packages/airflow/example_dags/example_branch_datetime_operator.py
[2023-02-13T19:09:13.227+0000] {processor.py:753} INFO - DAG(s) dict_keys(['example_branch_datetime_operator_2', 'example_branch_datetime_operator', 'example_branch_datetime_operator_3']) retrieved from /home/airflow/.local/lib/python3.7/site-packages/airflow/example_dags/example_branch_datetime_operator.py
[2023-02-13T19:09:13.310+0000] {logging_mixin.py:137} INFO - [2023-02-13T19:09:13.310+0000] {dag.py:2676} INFO - Sync 3 DAGs
[2023-02-13T19:09:13.363+0000] {logging_mixin.py:137} INFO - [2023-02-13T19:09:13.363+0000] {dag.py:3427} INFO - Setting next_dagrun for example_branch_datetime_operator to 2023-02-12T00:00:00+00:00, run_after=2023-02-13T00:00:00+00:00
[2023-02-13T19:09:13.374+0000] {logging_mixin.py:137} INFO - [2023-02-13T19:09:13.373+0000] {dag.py:3427} INFO - Setting next_dagrun for example_branch_datetime_operator_2 to 2023-02-12T00:00:00+00:00, run_after=2023-02-13T00:00:00+00:00
[2023-02-13T19:09:13.379+0000] {logging_mixin.py:137} INFO - [2023-02-13T19:09:13.379+0000] {dag.py:3427} INFO - Setting next_dagrun for example_branch_datetime_operator_3 to 2023-02-12T00:00:00+00:00, run_after=2023-02-13T00:00:00+00:00
[2023-02-13T19:09:13.409+0000] {processor.py:175} INFO - Processing /home/airflow/.local/lib/python3.7/site-packages/airflow/example_dags/example_branch_datetime_operator.py took 0.231 seconds
[2023-02-13T19:09:43.504+0000] {processor.py:153} INFO - Started process (PID=136) to work on /home/airflow/.local/lib/python3.7/site-packages/airflow/example_dags/example_branch_datetime_operator.py
[2023-02-13T19:09:43.507+0000] {processor.py:743} INFO - Processing file /home/airflow/.local/lib/python3.7/site-packages/airflow/example_dags/example_branch_datetime_operator.py for tasks to queue
[2023-02-13T19:09:43.509+0000] {logging_mixin.py:137} INFO - [2023-02-13T19:09:43.509+0000] {dagbag.py:538} INFO - Filling up the DagBag from /home/airflow/.local/lib/python3.7/site-packages/airflow/example_dags/example_branch_datetime_operator.py
[2023-02-13T19:09:43.544+0000] {processor.py:753} INFO - DAG(s) dict_keys(['example_branch_datetime_operator_2', 'example_branch_datetime_operator', 'example_branch_datetime_operator_3']) retrieved from /home/airflow/.local/lib/python3.7/site-packages/airflow/example_dags/example_branch_datetime_operator.py
[2023-02-13T19:09:43.655+0000] {logging_mixin.py:137} INFO - [2023-02-13T19:09:43.655+0000] {dag.py:2676} INFO - Sync 3 DAGs
[2023-02-13T19:09:43.710+0000] {logging_mixin.py:137} INFO - [2023-02-13T19:09:43.709+0000] {dag.py:3427} INFO - Setting next_dagrun for example_branch_datetime_operator to 2023-02-12T00:00:00+00:00, run_after=2023-02-13T00:00:00+00:00
[2023-02-13T19:09:43.721+0000] {logging_mixin.py:137} INFO - [2023-02-13T19:09:43.721+0000] {dag.py:3427} INFO - Setting next_dagrun for example_branch_datetime_operator_2 to 2023-02-12T00:00:00+00:00, run_after=2023-02-13T00:00:00+00:00
[2023-02-13T19:09:43.728+0000] {logging_mixin.py:137} INFO - [2023-02-13T19:09:43.728+0000] {dag.py:3427} INFO - Setting next_dagrun for example_branch_datetime_operator_3 to 2023-02-12T00:00:00+00:00, run_after=2023-02-13T00:00:00+00:00
[2023-02-13T19:09:43.771+0000] {processor.py:175} INFO - Processing /home/airflow/.local/lib/python3.7/site-packages/airflow/example_dags/example_branch_datetime_operator.py took 0.273 seconds
[2023-02-13T19:10:14.141+0000] {processor.py:153} INFO - Started process (PID=223) to work on /home/airflow/.local/lib/python3.7/site-packages/airflow/example_dags/example_branch_datetime_operator.py
[2023-02-13T19:10:14.143+0000] {processor.py:743} INFO - Processing file /home/airflow/.local/lib/python3.7/site-packages/airflow/example_dags/example_branch_datetime_operator.py for tasks to queue
[2023-02-13T19:10:14.146+0000] {logging_mixin.py:137} INFO - [2023-02-13T19:10:14.145+0000] {dagbag.py:538} INFO - Filling up the DagBag from /home/airflow/.local/lib/python3.7/site-packages/airflow/example_dags/example_branch_datetime_operator.py
[2023-02-13T19:10:14.172+0000] {processor.py:753} INFO - DAG(s) dict_keys(['example_branch_datetime_operator', 'example_branch_datetime_operator_2', 'example_branch_datetime_operator_3']) retrieved from /home/airflow/.local/lib/python3.7/site-packages/airflow/example_dags/example_branch_datetime_operator.py
[2023-02-13T19:10:14.241+0000] {logging_mixin.py:137} INFO - [2023-02-13T19:10:14.241+0000] {dag.py:2676} INFO - Sync 3 DAGs
[2023-02-13T19:10:14.285+0000] {logging_mixin.py:137} INFO - [2023-02-13T19:10:14.285+0000] {dag.py:3427} INFO - Setting next_dagrun for example_branch_datetime_operator to 2023-02-12T00:00:00+00:00, run_after=2023-02-13T00:00:00+00:00
[2023-02-13T19:10:14.295+0000] {logging_mixin.py:137} INFO - [2023-02-13T19:10:14.295+0000] {dag.py:3427} INFO - Setting next_dagrun for example_branch_datetime_operator_2 to 2023-02-12T00:00:00+00:00, run_after=2023-02-13T00:00:00+00:00
[2023-02-13T19:10:14.302+0000] {logging_mixin.py:137} INFO - [2023-02-13T19:10:14.301+0000] {dag.py:3427} INFO - Setting next_dagrun for example_branch_datetime_operator_3 to 2023-02-12T00:00:00+00:00, run_after=2023-02-13T00:00:00+00:00
[2023-02-13T19:10:14.333+0000] {processor.py:175} INFO - Processing /home/airflow/.local/lib/python3.7/site-packages/airflow/example_dags/example_branch_datetime_operator.py took 0.198 seconds
