[2023-02-13T18:56:44.734+0000] {processor.py:153} INFO - Started process (PID=72) to work on /home/airflow/.local/lib/python3.7/site-packages/airflow/example_dags/example_sensors.py
[2023-02-13T18:56:44.736+0000] {processor.py:743} INFO - Processing file /home/airflow/.local/lib/python3.7/site-packages/airflow/example_dags/example_sensors.py for tasks to queue
[2023-02-13T18:56:44.738+0000] {logging_mixin.py:137} INFO - [2023-02-13T18:56:44.738+0000] {dagbag.py:538} INFO - Filling up the DagBag from /home/airflow/.local/lib/python3.7/site-packages/airflow/example_dags/example_sensors.py
[2023-02-13T18:56:44.779+0000] {processor.py:753} INFO - DAG(s) dict_keys(['example_sensors']) retrieved from /home/airflow/.local/lib/python3.7/site-packages/airflow/example_dags/example_sensors.py
[2023-02-13T18:56:44.862+0000] {logging_mixin.py:137} INFO - [2023-02-13T18:56:44.862+0000] {dag.py:2676} INFO - Sync 1 DAGs
[2023-02-13T18:56:44.905+0000] {logging_mixin.py:137} INFO - [2023-02-13T18:56:44.905+0000] {dag.py:3427} INFO - Setting next_dagrun for example_sensors to None, run_after=None
[2023-02-13T18:56:44.934+0000] {processor.py:175} INFO - Processing /home/airflow/.local/lib/python3.7/site-packages/airflow/example_dags/example_sensors.py took 0.205 seconds
[2023-02-13T18:57:15.653+0000] {processor.py:153} INFO - Started process (PID=143) to work on /home/airflow/.local/lib/python3.7/site-packages/airflow/example_dags/example_sensors.py
[2023-02-13T18:57:15.655+0000] {processor.py:743} INFO - Processing file /home/airflow/.local/lib/python3.7/site-packages/airflow/example_dags/example_sensors.py for tasks to queue
[2023-02-13T18:57:15.656+0000] {logging_mixin.py:137} INFO - [2023-02-13T18:57:15.656+0000] {dagbag.py:538} INFO - Filling up the DagBag from /home/airflow/.local/lib/python3.7/site-packages/airflow/example_dags/example_sensors.py
[2023-02-13T18:57:15.685+0000] {processor.py:753} INFO - DAG(s) dict_keys(['example_sensors']) retrieved from /home/airflow/.local/lib/python3.7/site-packages/airflow/example_dags/example_sensors.py
[2023-02-13T18:57:15.747+0000] {logging_mixin.py:137} INFO - [2023-02-13T18:57:15.746+0000] {dag.py:2676} INFO - Sync 1 DAGs
[2023-02-13T18:57:15.787+0000] {logging_mixin.py:137} INFO - [2023-02-13T18:57:15.787+0000] {dag.py:3427} INFO - Setting next_dagrun for example_sensors to None, run_after=None
[2023-02-13T18:57:15.819+0000] {processor.py:175} INFO - Processing /home/airflow/.local/lib/python3.7/site-packages/airflow/example_dags/example_sensors.py took 0.172 seconds
[2023-02-13T18:57:46.601+0000] {processor.py:153} INFO - Started process (PID=223) to work on /home/airflow/.local/lib/python3.7/site-packages/airflow/example_dags/example_sensors.py
[2023-02-13T18:57:46.604+0000] {processor.py:743} INFO - Processing file /home/airflow/.local/lib/python3.7/site-packages/airflow/example_dags/example_sensors.py for tasks to queue
[2023-02-13T18:57:46.606+0000] {logging_mixin.py:137} INFO - [2023-02-13T18:57:46.605+0000] {dagbag.py:538} INFO - Filling up the DagBag from /home/airflow/.local/lib/python3.7/site-packages/airflow/example_dags/example_sensors.py
[2023-02-13T18:57:46.635+0000] {processor.py:753} INFO - DAG(s) dict_keys(['example_sensors']) retrieved from /home/airflow/.local/lib/python3.7/site-packages/airflow/example_dags/example_sensors.py
[2023-02-13T18:57:46.693+0000] {logging_mixin.py:137} INFO - [2023-02-13T18:57:46.692+0000] {dag.py:2676} INFO - Sync 1 DAGs
[2023-02-13T18:57:46.732+0000] {logging_mixin.py:137} INFO - [2023-02-13T18:57:46.732+0000] {dag.py:3427} INFO - Setting next_dagrun for example_sensors to None, run_after=None
[2023-02-13T18:57:46.763+0000] {processor.py:175} INFO - Processing /home/airflow/.local/lib/python3.7/site-packages/airflow/example_dags/example_sensors.py took 0.167 seconds
[2023-02-13T18:58:17.815+0000] {processor.py:153} INFO - Started process (PID=301) to work on /home/airflow/.local/lib/python3.7/site-packages/airflow/example_dags/example_sensors.py
[2023-02-13T18:58:17.817+0000] {processor.py:743} INFO - Processing file /home/airflow/.local/lib/python3.7/site-packages/airflow/example_dags/example_sensors.py for tasks to queue
[2023-02-13T18:58:17.819+0000] {logging_mixin.py:137} INFO - [2023-02-13T18:58:17.819+0000] {dagbag.py:538} INFO - Filling up the DagBag from /home/airflow/.local/lib/python3.7/site-packages/airflow/example_dags/example_sensors.py
[2023-02-13T18:58:17.844+0000] {processor.py:753} INFO - DAG(s) dict_keys(['example_sensors']) retrieved from /home/airflow/.local/lib/python3.7/site-packages/airflow/example_dags/example_sensors.py
[2023-02-13T18:58:17.922+0000] {logging_mixin.py:137} INFO - [2023-02-13T18:58:17.921+0000] {dag.py:2676} INFO - Sync 1 DAGs
[2023-02-13T18:58:17.953+0000] {logging_mixin.py:137} INFO - [2023-02-13T18:58:17.952+0000] {dag.py:3427} INFO - Setting next_dagrun for example_sensors to None, run_after=None
[2023-02-13T18:58:17.980+0000] {processor.py:175} INFO - Processing /home/airflow/.local/lib/python3.7/site-packages/airflow/example_dags/example_sensors.py took 0.169 seconds
[2023-02-13T18:58:48.372+0000] {processor.py:153} INFO - Started process (PID=381) to work on /home/airflow/.local/lib/python3.7/site-packages/airflow/example_dags/example_sensors.py
[2023-02-13T18:58:48.374+0000] {processor.py:743} INFO - Processing file /home/airflow/.local/lib/python3.7/site-packages/airflow/example_dags/example_sensors.py for tasks to queue
[2023-02-13T18:58:48.376+0000] {logging_mixin.py:137} INFO - [2023-02-13T18:58:48.375+0000] {dagbag.py:538} INFO - Filling up the DagBag from /home/airflow/.local/lib/python3.7/site-packages/airflow/example_dags/example_sensors.py
[2023-02-13T18:58:48.402+0000] {processor.py:753} INFO - DAG(s) dict_keys(['example_sensors']) retrieved from /home/airflow/.local/lib/python3.7/site-packages/airflow/example_dags/example_sensors.py
[2023-02-13T18:58:48.461+0000] {logging_mixin.py:137} INFO - [2023-02-13T18:58:48.461+0000] {dag.py:2676} INFO - Sync 1 DAGs
[2023-02-13T18:58:48.506+0000] {logging_mixin.py:137} INFO - [2023-02-13T18:58:48.505+0000] {dag.py:3427} INFO - Setting next_dagrun for example_sensors to None, run_after=None
[2023-02-13T18:58:48.536+0000] {processor.py:175} INFO - Processing /home/airflow/.local/lib/python3.7/site-packages/airflow/example_dags/example_sensors.py took 0.169 seconds
[2023-02-13T18:59:18.962+0000] {processor.py:153} INFO - Started process (PID=459) to work on /home/airflow/.local/lib/python3.7/site-packages/airflow/example_dags/example_sensors.py
[2023-02-13T18:59:18.964+0000] {processor.py:743} INFO - Processing file /home/airflow/.local/lib/python3.7/site-packages/airflow/example_dags/example_sensors.py for tasks to queue
[2023-02-13T18:59:18.966+0000] {logging_mixin.py:137} INFO - [2023-02-13T18:59:18.966+0000] {dagbag.py:538} INFO - Filling up the DagBag from /home/airflow/.local/lib/python3.7/site-packages/airflow/example_dags/example_sensors.py
[2023-02-13T18:59:18.990+0000] {processor.py:753} INFO - DAG(s) dict_keys(['example_sensors']) retrieved from /home/airflow/.local/lib/python3.7/site-packages/airflow/example_dags/example_sensors.py
[2023-02-13T18:59:19.039+0000] {logging_mixin.py:137} INFO - [2023-02-13T18:59:19.039+0000] {dag.py:2676} INFO - Sync 1 DAGs
[2023-02-13T18:59:19.073+0000] {logging_mixin.py:137} INFO - [2023-02-13T18:59:19.072+0000] {dag.py:3427} INFO - Setting next_dagrun for example_sensors to None, run_after=None
[2023-02-13T18:59:19.103+0000] {processor.py:175} INFO - Processing /home/airflow/.local/lib/python3.7/site-packages/airflow/example_dags/example_sensors.py took 0.146 seconds
[2023-02-13T18:59:49.849+0000] {processor.py:153} INFO - Started process (PID=530) to work on /home/airflow/.local/lib/python3.7/site-packages/airflow/example_dags/example_sensors.py
[2023-02-13T18:59:49.852+0000] {processor.py:743} INFO - Processing file /home/airflow/.local/lib/python3.7/site-packages/airflow/example_dags/example_sensors.py for tasks to queue
[2023-02-13T18:59:49.853+0000] {logging_mixin.py:137} INFO - [2023-02-13T18:59:49.853+0000] {dagbag.py:538} INFO - Filling up the DagBag from /home/airflow/.local/lib/python3.7/site-packages/airflow/example_dags/example_sensors.py
[2023-02-13T18:59:49.879+0000] {processor.py:753} INFO - DAG(s) dict_keys(['example_sensors']) retrieved from /home/airflow/.local/lib/python3.7/site-packages/airflow/example_dags/example_sensors.py
[2023-02-13T18:59:49.928+0000] {logging_mixin.py:137} INFO - [2023-02-13T18:59:49.927+0000] {dag.py:2676} INFO - Sync 1 DAGs
[2023-02-13T18:59:49.957+0000] {logging_mixin.py:137} INFO - [2023-02-13T18:59:49.957+0000] {dag.py:3427} INFO - Setting next_dagrun for example_sensors to None, run_after=None
[2023-02-13T18:59:49.980+0000] {processor.py:175} INFO - Processing /home/airflow/.local/lib/python3.7/site-packages/airflow/example_dags/example_sensors.py took 0.136 seconds
[2023-02-13T19:00:20.797+0000] {processor.py:153} INFO - Started process (PID=617) to work on /home/airflow/.local/lib/python3.7/site-packages/airflow/example_dags/example_sensors.py
[2023-02-13T19:00:20.799+0000] {processor.py:743} INFO - Processing file /home/airflow/.local/lib/python3.7/site-packages/airflow/example_dags/example_sensors.py for tasks to queue
[2023-02-13T19:00:20.800+0000] {logging_mixin.py:137} INFO - [2023-02-13T19:00:20.800+0000] {dagbag.py:538} INFO - Filling up the DagBag from /home/airflow/.local/lib/python3.7/site-packages/airflow/example_dags/example_sensors.py
[2023-02-13T19:00:20.824+0000] {processor.py:753} INFO - DAG(s) dict_keys(['example_sensors']) retrieved from /home/airflow/.local/lib/python3.7/site-packages/airflow/example_dags/example_sensors.py
[2023-02-13T19:00:20.868+0000] {logging_mixin.py:137} INFO - [2023-02-13T19:00:20.868+0000] {dag.py:2676} INFO - Sync 1 DAGs
[2023-02-13T19:00:20.897+0000] {logging_mixin.py:137} INFO - [2023-02-13T19:00:20.897+0000] {dag.py:3427} INFO - Setting next_dagrun for example_sensors to None, run_after=None
[2023-02-13T19:00:20.917+0000] {processor.py:175} INFO - Processing /home/airflow/.local/lib/python3.7/site-packages/airflow/example_dags/example_sensors.py took 0.124 seconds
[2023-02-13T19:00:51.635+0000] {processor.py:153} INFO - Started process (PID=688) to work on /home/airflow/.local/lib/python3.7/site-packages/airflow/example_dags/example_sensors.py
[2023-02-13T19:00:51.637+0000] {processor.py:743} INFO - Processing file /home/airflow/.local/lib/python3.7/site-packages/airflow/example_dags/example_sensors.py for tasks to queue
[2023-02-13T19:00:51.639+0000] {logging_mixin.py:137} INFO - [2023-02-13T19:00:51.639+0000] {dagbag.py:538} INFO - Filling up the DagBag from /home/airflow/.local/lib/python3.7/site-packages/airflow/example_dags/example_sensors.py
[2023-02-13T19:00:51.664+0000] {processor.py:753} INFO - DAG(s) dict_keys(['example_sensors']) retrieved from /home/airflow/.local/lib/python3.7/site-packages/airflow/example_dags/example_sensors.py
[2023-02-13T19:00:51.710+0000] {logging_mixin.py:137} INFO - [2023-02-13T19:00:51.710+0000] {dag.py:2676} INFO - Sync 1 DAGs
[2023-02-13T19:00:51.738+0000] {logging_mixin.py:137} INFO - [2023-02-13T19:00:51.738+0000] {dag.py:3427} INFO - Setting next_dagrun for example_sensors to None, run_after=None
[2023-02-13T19:00:51.759+0000] {processor.py:175} INFO - Processing /home/airflow/.local/lib/python3.7/site-packages/airflow/example_dags/example_sensors.py took 0.127 seconds
[2023-02-13T19:01:22.004+0000] {processor.py:153} INFO - Started process (PID=774) to work on /home/airflow/.local/lib/python3.7/site-packages/airflow/example_dags/example_sensors.py
[2023-02-13T19:01:22.007+0000] {processor.py:743} INFO - Processing file /home/airflow/.local/lib/python3.7/site-packages/airflow/example_dags/example_sensors.py for tasks to queue
[2023-02-13T19:01:22.009+0000] {logging_mixin.py:137} INFO - [2023-02-13T19:01:22.009+0000] {dagbag.py:538} INFO - Filling up the DagBag from /home/airflow/.local/lib/python3.7/site-packages/airflow/example_dags/example_sensors.py
[2023-02-13T19:01:22.038+0000] {processor.py:753} INFO - DAG(s) dict_keys(['example_sensors']) retrieved from /home/airflow/.local/lib/python3.7/site-packages/airflow/example_dags/example_sensors.py
[2023-02-13T19:01:22.087+0000] {logging_mixin.py:137} INFO - [2023-02-13T19:01:22.086+0000] {dag.py:2676} INFO - Sync 1 DAGs
[2023-02-13T19:01:22.117+0000] {logging_mixin.py:137} INFO - [2023-02-13T19:01:22.116+0000] {dag.py:3427} INFO - Setting next_dagrun for example_sensors to None, run_after=None
[2023-02-13T19:01:22.142+0000] {processor.py:175} INFO - Processing /home/airflow/.local/lib/python3.7/site-packages/airflow/example_dags/example_sensors.py took 0.143 seconds
[2023-02-13T19:01:52.323+0000] {processor.py:153} INFO - Started process (PID=845) to work on /home/airflow/.local/lib/python3.7/site-packages/airflow/example_dags/example_sensors.py
[2023-02-13T19:01:52.325+0000] {processor.py:743} INFO - Processing file /home/airflow/.local/lib/python3.7/site-packages/airflow/example_dags/example_sensors.py for tasks to queue
[2023-02-13T19:01:52.326+0000] {logging_mixin.py:137} INFO - [2023-02-13T19:01:52.326+0000] {dagbag.py:538} INFO - Filling up the DagBag from /home/airflow/.local/lib/python3.7/site-packages/airflow/example_dags/example_sensors.py
[2023-02-13T19:01:52.350+0000] {processor.py:753} INFO - DAG(s) dict_keys(['example_sensors']) retrieved from /home/airflow/.local/lib/python3.7/site-packages/airflow/example_dags/example_sensors.py
[2023-02-13T19:01:52.395+0000] {logging_mixin.py:137} INFO - [2023-02-13T19:01:52.395+0000] {dag.py:2676} INFO - Sync 1 DAGs
[2023-02-13T19:01:52.425+0000] {logging_mixin.py:137} INFO - [2023-02-13T19:01:52.425+0000] {dag.py:3427} INFO - Setting next_dagrun for example_sensors to None, run_after=None
[2023-02-13T19:01:52.452+0000] {processor.py:175} INFO - Processing /home/airflow/.local/lib/python3.7/site-packages/airflow/example_dags/example_sensors.py took 0.133 seconds
[2023-02-13T19:02:22.891+0000] {processor.py:153} INFO - Started process (PID=932) to work on /home/airflow/.local/lib/python3.7/site-packages/airflow/example_dags/example_sensors.py
[2023-02-13T19:02:22.893+0000] {processor.py:743} INFO - Processing file /home/airflow/.local/lib/python3.7/site-packages/airflow/example_dags/example_sensors.py for tasks to queue
[2023-02-13T19:02:22.894+0000] {logging_mixin.py:137} INFO - [2023-02-13T19:02:22.894+0000] {dagbag.py:538} INFO - Filling up the DagBag from /home/airflow/.local/lib/python3.7/site-packages/airflow/example_dags/example_sensors.py
[2023-02-13T19:02:22.919+0000] {processor.py:753} INFO - DAG(s) dict_keys(['example_sensors']) retrieved from /home/airflow/.local/lib/python3.7/site-packages/airflow/example_dags/example_sensors.py
[2023-02-13T19:02:22.962+0000] {logging_mixin.py:137} INFO - [2023-02-13T19:02:22.962+0000] {dag.py:2676} INFO - Sync 1 DAGs
[2023-02-13T19:02:22.989+0000] {logging_mixin.py:137} INFO - [2023-02-13T19:02:22.989+0000] {dag.py:3427} INFO - Setting next_dagrun for example_sensors to None, run_after=None
[2023-02-13T19:02:23.011+0000] {processor.py:175} INFO - Processing /home/airflow/.local/lib/python3.7/site-packages/airflow/example_dags/example_sensors.py took 0.125 seconds
[2023-02-13T19:02:53.396+0000] {processor.py:153} INFO - Started process (PID=1003) to work on /home/airflow/.local/lib/python3.7/site-packages/airflow/example_dags/example_sensors.py
[2023-02-13T19:02:53.399+0000] {processor.py:743} INFO - Processing file /home/airflow/.local/lib/python3.7/site-packages/airflow/example_dags/example_sensors.py for tasks to queue
[2023-02-13T19:02:53.400+0000] {logging_mixin.py:137} INFO - [2023-02-13T19:02:53.400+0000] {dagbag.py:538} INFO - Filling up the DagBag from /home/airflow/.local/lib/python3.7/site-packages/airflow/example_dags/example_sensors.py
[2023-02-13T19:02:53.425+0000] {processor.py:753} INFO - DAG(s) dict_keys(['example_sensors']) retrieved from /home/airflow/.local/lib/python3.7/site-packages/airflow/example_dags/example_sensors.py
[2023-02-13T19:02:53.472+0000] {logging_mixin.py:137} INFO - [2023-02-13T19:02:53.472+0000] {dag.py:2676} INFO - Sync 1 DAGs
[2023-02-13T19:02:53.506+0000] {logging_mixin.py:137} INFO - [2023-02-13T19:02:53.506+0000] {dag.py:3427} INFO - Setting next_dagrun for example_sensors to None, run_after=None
[2023-02-13T19:02:53.531+0000] {processor.py:175} INFO - Processing /home/airflow/.local/lib/python3.7/site-packages/airflow/example_dags/example_sensors.py took 0.139 seconds
[2023-02-13T19:03:36.169+0000] {processor.py:153} INFO - Started process (PID=1073) to work on /home/airflow/.local/lib/python3.7/site-packages/airflow/example_dags/example_sensors.py
[2023-02-13T19:03:36.173+0000] {processor.py:743} INFO - Processing file /home/airflow/.local/lib/python3.7/site-packages/airflow/example_dags/example_sensors.py for tasks to queue
[2023-02-13T19:03:36.175+0000] {logging_mixin.py:137} INFO - [2023-02-13T19:03:36.175+0000] {dagbag.py:538} INFO - Filling up the DagBag from /home/airflow/.local/lib/python3.7/site-packages/airflow/example_dags/example_sensors.py
[2023-02-13T19:03:36.206+0000] {processor.py:753} INFO - DAG(s) dict_keys(['example_sensors']) retrieved from /home/airflow/.local/lib/python3.7/site-packages/airflow/example_dags/example_sensors.py
[2023-02-13T19:03:36.267+0000] {logging_mixin.py:137} INFO - [2023-02-13T19:03:36.267+0000] {dag.py:2676} INFO - Sync 1 DAGs
[2023-02-13T19:03:36.304+0000] {logging_mixin.py:137} INFO - [2023-02-13T19:03:36.304+0000] {dag.py:3427} INFO - Setting next_dagrun for example_sensors to None, run_after=None
[2023-02-13T19:03:36.327+0000] {processor.py:175} INFO - Processing /home/airflow/.local/lib/python3.7/site-packages/airflow/example_dags/example_sensors.py took 0.163 seconds
[2023-02-13T19:04:06.647+0000] {processor.py:153} INFO - Started process (PID=1144) to work on /home/airflow/.local/lib/python3.7/site-packages/airflow/example_dags/example_sensors.py
[2023-02-13T19:04:06.650+0000] {processor.py:743} INFO - Processing file /home/airflow/.local/lib/python3.7/site-packages/airflow/example_dags/example_sensors.py for tasks to queue
[2023-02-13T19:04:06.652+0000] {logging_mixin.py:137} INFO - [2023-02-13T19:04:06.652+0000] {dagbag.py:538} INFO - Filling up the DagBag from /home/airflow/.local/lib/python3.7/site-packages/airflow/example_dags/example_sensors.py
[2023-02-13T19:04:06.683+0000] {processor.py:753} INFO - DAG(s) dict_keys(['example_sensors']) retrieved from /home/airflow/.local/lib/python3.7/site-packages/airflow/example_dags/example_sensors.py
[2023-02-13T19:04:06.740+0000] {logging_mixin.py:137} INFO - [2023-02-13T19:04:06.740+0000] {dag.py:2676} INFO - Sync 1 DAGs
[2023-02-13T19:04:06.774+0000] {logging_mixin.py:137} INFO - [2023-02-13T19:04:06.774+0000] {dag.py:3427} INFO - Setting next_dagrun for example_sensors to None, run_after=None
[2023-02-13T19:04:06.799+0000] {processor.py:175} INFO - Processing /home/airflow/.local/lib/python3.7/site-packages/airflow/example_dags/example_sensors.py took 0.157 seconds
[2023-02-13T19:04:37.348+0000] {processor.py:153} INFO - Started process (PID=1222) to work on /home/airflow/.local/lib/python3.7/site-packages/airflow/example_dags/example_sensors.py
[2023-02-13T19:04:37.350+0000] {processor.py:743} INFO - Processing file /home/airflow/.local/lib/python3.7/site-packages/airflow/example_dags/example_sensors.py for tasks to queue
[2023-02-13T19:04:37.352+0000] {logging_mixin.py:137} INFO - [2023-02-13T19:04:37.352+0000] {dagbag.py:538} INFO - Filling up the DagBag from /home/airflow/.local/lib/python3.7/site-packages/airflow/example_dags/example_sensors.py
[2023-02-13T19:04:37.376+0000] {processor.py:753} INFO - DAG(s) dict_keys(['example_sensors']) retrieved from /home/airflow/.local/lib/python3.7/site-packages/airflow/example_dags/example_sensors.py
[2023-02-13T19:04:37.424+0000] {logging_mixin.py:137} INFO - [2023-02-13T19:04:37.424+0000] {dag.py:2676} INFO - Sync 1 DAGs
[2023-02-13T19:04:37.463+0000] {logging_mixin.py:137} INFO - [2023-02-13T19:04:37.462+0000] {dag.py:3427} INFO - Setting next_dagrun for example_sensors to None, run_after=None
[2023-02-13T19:04:37.492+0000] {processor.py:175} INFO - Processing /home/airflow/.local/lib/python3.7/site-packages/airflow/example_dags/example_sensors.py took 0.148 seconds
[2023-02-13T19:09:14.315+0000] {processor.py:153} INFO - Started process (PID=73) to work on /home/airflow/.local/lib/python3.7/site-packages/airflow/example_dags/example_sensors.py
[2023-02-13T19:09:14.321+0000] {processor.py:743} INFO - Processing file /home/airflow/.local/lib/python3.7/site-packages/airflow/example_dags/example_sensors.py for tasks to queue
[2023-02-13T19:09:14.325+0000] {logging_mixin.py:137} INFO - [2023-02-13T19:09:14.324+0000] {dagbag.py:538} INFO - Filling up the DagBag from /home/airflow/.local/lib/python3.7/site-packages/airflow/example_dags/example_sensors.py
[2023-02-13T19:09:14.385+0000] {processor.py:753} INFO - DAG(s) dict_keys(['example_sensors']) retrieved from /home/airflow/.local/lib/python3.7/site-packages/airflow/example_dags/example_sensors.py
[2023-02-13T19:09:14.486+0000] {logging_mixin.py:137} INFO - [2023-02-13T19:09:14.485+0000] {dag.py:2676} INFO - Sync 1 DAGs
[2023-02-13T19:09:14.532+0000] {logging_mixin.py:137} INFO - [2023-02-13T19:09:14.532+0000] {dag.py:3427} INFO - Setting next_dagrun for example_sensors to None, run_after=None
[2023-02-13T19:09:14.581+0000] {processor.py:175} INFO - Processing /home/airflow/.local/lib/python3.7/site-packages/airflow/example_dags/example_sensors.py took 0.272 seconds
[2023-02-13T19:09:44.712+0000] {processor.py:153} INFO - Started process (PID=145) to work on /home/airflow/.local/lib/python3.7/site-packages/airflow/example_dags/example_sensors.py
[2023-02-13T19:09:44.715+0000] {processor.py:743} INFO - Processing file /home/airflow/.local/lib/python3.7/site-packages/airflow/example_dags/example_sensors.py for tasks to queue
[2023-02-13T19:09:44.719+0000] {logging_mixin.py:137} INFO - [2023-02-13T19:09:44.719+0000] {dagbag.py:538} INFO - Filling up the DagBag from /home/airflow/.local/lib/python3.7/site-packages/airflow/example_dags/example_sensors.py
[2023-02-13T19:09:44.755+0000] {processor.py:753} INFO - DAG(s) dict_keys(['example_sensors']) retrieved from /home/airflow/.local/lib/python3.7/site-packages/airflow/example_dags/example_sensors.py
[2023-02-13T19:09:44.820+0000] {logging_mixin.py:137} INFO - [2023-02-13T19:09:44.820+0000] {dag.py:2676} INFO - Sync 1 DAGs
[2023-02-13T19:09:44.859+0000] {logging_mixin.py:137} INFO - [2023-02-13T19:09:44.858+0000] {dag.py:3427} INFO - Setting next_dagrun for example_sensors to None, run_after=None
[2023-02-13T19:09:44.889+0000] {processor.py:175} INFO - Processing /home/airflow/.local/lib/python3.7/site-packages/airflow/example_dags/example_sensors.py took 0.182 seconds
[2023-02-13T19:10:15.377+0000] {processor.py:153} INFO - Started process (PID=232) to work on /home/airflow/.local/lib/python3.7/site-packages/airflow/example_dags/example_sensors.py
[2023-02-13T19:10:15.381+0000] {processor.py:743} INFO - Processing file /home/airflow/.local/lib/python3.7/site-packages/airflow/example_dags/example_sensors.py for tasks to queue
[2023-02-13T19:10:15.383+0000] {logging_mixin.py:137} INFO - [2023-02-13T19:10:15.383+0000] {dagbag.py:538} INFO - Filling up the DagBag from /home/airflow/.local/lib/python3.7/site-packages/airflow/example_dags/example_sensors.py
[2023-02-13T19:10:15.422+0000] {processor.py:753} INFO - DAG(s) dict_keys(['example_sensors']) retrieved from /home/airflow/.local/lib/python3.7/site-packages/airflow/example_dags/example_sensors.py
[2023-02-13T19:10:15.489+0000] {logging_mixin.py:137} INFO - [2023-02-13T19:10:15.489+0000] {dag.py:2676} INFO - Sync 1 DAGs
[2023-02-13T19:10:15.537+0000] {logging_mixin.py:137} INFO - [2023-02-13T19:10:15.537+0000] {dag.py:3427} INFO - Setting next_dagrun for example_sensors to None, run_after=None
[2023-02-13T19:10:15.573+0000] {processor.py:175} INFO - Processing /home/airflow/.local/lib/python3.7/site-packages/airflow/example_dags/example_sensors.py took 0.202 seconds
