[2023-02-13T18:56:42.678+0000] {processor.py:153} INFO - Started process (PID=56) to work on /home/airflow/.local/lib/python3.7/site-packages/airflow/example_dags/example_subdag_operator.py
[2023-02-13T18:56:42.679+0000] {processor.py:743} INFO - Processing file /home/airflow/.local/lib/python3.7/site-packages/airflow/example_dags/example_subdag_operator.py for tasks to queue
[2023-02-13T18:56:42.681+0000] {logging_mixin.py:137} INFO - [2023-02-13T18:56:42.681+0000] {dagbag.py:538} INFO - Filling up the DagBag from /home/airflow/.local/lib/python3.7/site-packages/airflow/example_dags/example_subdag_operator.py
[2023-02-13T18:56:42.742+0000] {processor.py:753} INFO - DAG(s) dict_keys(['example_subdag_operator.section-1', 'example_subdag_operator.section-2', 'example_subdag_operator']) retrieved from /home/airflow/.local/lib/python3.7/site-packages/airflow/example_dags/example_subdag_operator.py
[2023-02-13T18:56:42.801+0000] {logging_mixin.py:137} INFO - [2023-02-13T18:56:42.800+0000] {dag.py:2676} INFO - Sync 3 DAGs
[2023-02-13T18:56:42.854+0000] {logging_mixin.py:137} INFO - [2023-02-13T18:56:42.854+0000] {dag.py:3427} INFO - Setting next_dagrun for example_subdag_operator to 2022-01-01T00:00:00+00:00, run_after=2022-01-01T00:00:00+00:00
[2023-02-13T18:56:42.861+0000] {logging_mixin.py:137} INFO - [2023-02-13T18:56:42.861+0000] {dag.py:3427} INFO - Setting next_dagrun for example_subdag_operator.section-1 to None, run_after=None
[2023-02-13T18:56:42.864+0000] {logging_mixin.py:137} INFO - [2023-02-13T18:56:42.864+0000] {dag.py:3427} INFO - Setting next_dagrun for example_subdag_operator.section-2 to None, run_after=None
[2023-02-13T18:56:42.877+0000] {logging_mixin.py:137} INFO - [2023-02-13T18:56:42.877+0000] {dag.py:2676} INFO - Sync 2 DAGs
[2023-02-13T18:56:42.886+0000] {logging_mixin.py:137} INFO - [2023-02-13T18:56:42.886+0000] {dag.py:3427} INFO - Setting next_dagrun for example_subdag_operator.section-1 to None, run_after=None
[2023-02-13T18:56:42.888+0000] {logging_mixin.py:137} INFO - [2023-02-13T18:56:42.888+0000] {dag.py:3427} INFO - Setting next_dagrun for example_subdag_operator.section-2 to None, run_after=None
[2023-02-13T18:56:42.906+0000] {processor.py:175} INFO - Processing /home/airflow/.local/lib/python3.7/site-packages/airflow/example_dags/example_subdag_operator.py took 0.233 seconds
[2023-02-13T18:57:13.028+0000] {processor.py:153} INFO - Started process (PID=127) to work on /home/airflow/.local/lib/python3.7/site-packages/airflow/example_dags/example_subdag_operator.py
[2023-02-13T18:57:13.031+0000] {processor.py:743} INFO - Processing file /home/airflow/.local/lib/python3.7/site-packages/airflow/example_dags/example_subdag_operator.py for tasks to queue
[2023-02-13T18:57:13.033+0000] {logging_mixin.py:137} INFO - [2023-02-13T18:57:13.033+0000] {dagbag.py:538} INFO - Filling up the DagBag from /home/airflow/.local/lib/python3.7/site-packages/airflow/example_dags/example_subdag_operator.py
[2023-02-13T18:57:13.085+0000] {processor.py:753} INFO - DAG(s) dict_keys(['example_subdag_operator.section-1', 'example_subdag_operator.section-2', 'example_subdag_operator']) retrieved from /home/airflow/.local/lib/python3.7/site-packages/airflow/example_dags/example_subdag_operator.py
[2023-02-13T18:57:13.131+0000] {logging_mixin.py:137} INFO - [2023-02-13T18:57:13.131+0000] {dag.py:2676} INFO - Sync 3 DAGs
[2023-02-13T18:57:13.168+0000] {logging_mixin.py:137} INFO - [2023-02-13T18:57:13.167+0000] {dag.py:3427} INFO - Setting next_dagrun for example_subdag_operator to 2022-01-01T00:00:00+00:00, run_after=2022-01-01T00:00:00+00:00
[2023-02-13T18:57:13.173+0000] {logging_mixin.py:137} INFO - [2023-02-13T18:57:13.173+0000] {dag.py:3427} INFO - Setting next_dagrun for example_subdag_operator.section-1 to None, run_after=None
[2023-02-13T18:57:13.176+0000] {logging_mixin.py:137} INFO - [2023-02-13T18:57:13.176+0000] {dag.py:3427} INFO - Setting next_dagrun for example_subdag_operator.section-2 to None, run_after=None
[2023-02-13T18:57:13.186+0000] {logging_mixin.py:137} INFO - [2023-02-13T18:57:13.185+0000] {dag.py:2676} INFO - Sync 2 DAGs
[2023-02-13T18:57:13.194+0000] {logging_mixin.py:137} INFO - [2023-02-13T18:57:13.194+0000] {dag.py:3427} INFO - Setting next_dagrun for example_subdag_operator.section-1 to None, run_after=None
[2023-02-13T18:57:13.195+0000] {logging_mixin.py:137} INFO - [2023-02-13T18:57:13.195+0000] {dag.py:3427} INFO - Setting next_dagrun for example_subdag_operator.section-2 to None, run_after=None
[2023-02-13T18:57:13.208+0000] {processor.py:175} INFO - Processing /home/airflow/.local/lib/python3.7/site-packages/airflow/example_dags/example_subdag_operator.py took 0.185 seconds
[2023-02-13T18:57:44.069+0000] {processor.py:153} INFO - Started process (PID=198) to work on /home/airflow/.local/lib/python3.7/site-packages/airflow/example_dags/example_subdag_operator.py
[2023-02-13T18:57:44.072+0000] {processor.py:743} INFO - Processing file /home/airflow/.local/lib/python3.7/site-packages/airflow/example_dags/example_subdag_operator.py for tasks to queue
[2023-02-13T18:57:44.074+0000] {logging_mixin.py:137} INFO - [2023-02-13T18:57:44.074+0000] {dagbag.py:538} INFO - Filling up the DagBag from /home/airflow/.local/lib/python3.7/site-packages/airflow/example_dags/example_subdag_operator.py
[2023-02-13T18:57:44.120+0000] {processor.py:753} INFO - DAG(s) dict_keys(['example_subdag_operator.section-1', 'example_subdag_operator.section-2', 'example_subdag_operator']) retrieved from /home/airflow/.local/lib/python3.7/site-packages/airflow/example_dags/example_subdag_operator.py
[2023-02-13T18:57:44.160+0000] {logging_mixin.py:137} INFO - [2023-02-13T18:57:44.160+0000] {dag.py:2676} INFO - Sync 3 DAGs
[2023-02-13T18:57:44.188+0000] {logging_mixin.py:137} INFO - [2023-02-13T18:57:44.188+0000] {dag.py:3427} INFO - Setting next_dagrun for example_subdag_operator to 2022-01-01T00:00:00+00:00, run_after=2022-01-01T00:00:00+00:00
[2023-02-13T18:57:44.193+0000] {logging_mixin.py:137} INFO - [2023-02-13T18:57:44.193+0000] {dag.py:3427} INFO - Setting next_dagrun for example_subdag_operator.section-1 to None, run_after=None
[2023-02-13T18:57:44.195+0000] {logging_mixin.py:137} INFO - [2023-02-13T18:57:44.195+0000] {dag.py:3427} INFO - Setting next_dagrun for example_subdag_operator.section-2 to None, run_after=None
[2023-02-13T18:57:44.204+0000] {logging_mixin.py:137} INFO - [2023-02-13T18:57:44.204+0000] {dag.py:2676} INFO - Sync 2 DAGs
[2023-02-13T18:57:44.210+0000] {logging_mixin.py:137} INFO - [2023-02-13T18:57:44.210+0000] {dag.py:3427} INFO - Setting next_dagrun for example_subdag_operator.section-1 to None, run_after=None
[2023-02-13T18:57:44.211+0000] {logging_mixin.py:137} INFO - [2023-02-13T18:57:44.211+0000] {dag.py:3427} INFO - Setting next_dagrun for example_subdag_operator.section-2 to None, run_after=None
[2023-02-13T18:57:44.224+0000] {processor.py:175} INFO - Processing /home/airflow/.local/lib/python3.7/site-packages/airflow/example_dags/example_subdag_operator.py took 0.159 seconds
[2023-02-13T18:58:14.289+0000] {processor.py:153} INFO - Started process (PID=285) to work on /home/airflow/.local/lib/python3.7/site-packages/airflow/example_dags/example_subdag_operator.py
[2023-02-13T18:58:14.290+0000] {processor.py:743} INFO - Processing file /home/airflow/.local/lib/python3.7/site-packages/airflow/example_dags/example_subdag_operator.py for tasks to queue
[2023-02-13T18:58:14.292+0000] {logging_mixin.py:137} INFO - [2023-02-13T18:58:14.292+0000] {dagbag.py:538} INFO - Filling up the DagBag from /home/airflow/.local/lib/python3.7/site-packages/airflow/example_dags/example_subdag_operator.py
[2023-02-13T18:58:14.329+0000] {processor.py:753} INFO - DAG(s) dict_keys(['example_subdag_operator.section-1', 'example_subdag_operator.section-2', 'example_subdag_operator']) retrieved from /home/airflow/.local/lib/python3.7/site-packages/airflow/example_dags/example_subdag_operator.py
[2023-02-13T18:58:14.364+0000] {logging_mixin.py:137} INFO - [2023-02-13T18:58:14.364+0000] {dag.py:2676} INFO - Sync 3 DAGs
[2023-02-13T18:58:14.392+0000] {logging_mixin.py:137} INFO - [2023-02-13T18:58:14.392+0000] {dag.py:3427} INFO - Setting next_dagrun for example_subdag_operator to 2022-01-01T00:00:00+00:00, run_after=2022-01-01T00:00:00+00:00
[2023-02-13T18:58:14.398+0000] {logging_mixin.py:137} INFO - [2023-02-13T18:58:14.398+0000] {dag.py:3427} INFO - Setting next_dagrun for example_subdag_operator.section-1 to None, run_after=None
[2023-02-13T18:58:14.400+0000] {logging_mixin.py:137} INFO - [2023-02-13T18:58:14.400+0000] {dag.py:3427} INFO - Setting next_dagrun for example_subdag_operator.section-2 to None, run_after=None
[2023-02-13T18:58:14.409+0000] {logging_mixin.py:137} INFO - [2023-02-13T18:58:14.408+0000] {dag.py:2676} INFO - Sync 2 DAGs
[2023-02-13T18:58:14.415+0000] {logging_mixin.py:137} INFO - [2023-02-13T18:58:14.415+0000] {dag.py:3427} INFO - Setting next_dagrun for example_subdag_operator.section-1 to None, run_after=None
[2023-02-13T18:58:14.416+0000] {logging_mixin.py:137} INFO - [2023-02-13T18:58:14.416+0000] {dag.py:3427} INFO - Setting next_dagrun for example_subdag_operator.section-2 to None, run_after=None
[2023-02-13T18:58:14.429+0000] {processor.py:175} INFO - Processing /home/airflow/.local/lib/python3.7/site-packages/airflow/example_dags/example_subdag_operator.py took 0.144 seconds
[2023-02-13T18:58:45.471+0000] {processor.py:153} INFO - Started process (PID=356) to work on /home/airflow/.local/lib/python3.7/site-packages/airflow/example_dags/example_subdag_operator.py
[2023-02-13T18:58:45.477+0000] {processor.py:743} INFO - Processing file /home/airflow/.local/lib/python3.7/site-packages/airflow/example_dags/example_subdag_operator.py for tasks to queue
[2023-02-13T18:58:45.481+0000] {logging_mixin.py:137} INFO - [2023-02-13T18:58:45.480+0000] {dagbag.py:538} INFO - Filling up the DagBag from /home/airflow/.local/lib/python3.7/site-packages/airflow/example_dags/example_subdag_operator.py
[2023-02-13T18:58:45.594+0000] {processor.py:753} INFO - DAG(s) dict_keys(['example_subdag_operator.section-1', 'example_subdag_operator.section-2', 'example_subdag_operator']) retrieved from /home/airflow/.local/lib/python3.7/site-packages/airflow/example_dags/example_subdag_operator.py
[2023-02-13T18:58:45.652+0000] {logging_mixin.py:137} INFO - [2023-02-13T18:58:45.651+0000] {dag.py:2676} INFO - Sync 3 DAGs
[2023-02-13T18:58:45.689+0000] {logging_mixin.py:137} INFO - [2023-02-13T18:58:45.689+0000] {dag.py:3427} INFO - Setting next_dagrun for example_subdag_operator to 2022-01-01T00:00:00+00:00, run_after=2022-01-01T00:00:00+00:00
[2023-02-13T18:58:45.696+0000] {logging_mixin.py:137} INFO - [2023-02-13T18:58:45.696+0000] {dag.py:3427} INFO - Setting next_dagrun for example_subdag_operator.section-1 to None, run_after=None
[2023-02-13T18:58:45.699+0000] {logging_mixin.py:137} INFO - [2023-02-13T18:58:45.699+0000] {dag.py:3427} INFO - Setting next_dagrun for example_subdag_operator.section-2 to None, run_after=None
[2023-02-13T18:58:45.712+0000] {logging_mixin.py:137} INFO - [2023-02-13T18:58:45.711+0000] {dag.py:2676} INFO - Sync 2 DAGs
[2023-02-13T18:58:45.720+0000] {logging_mixin.py:137} INFO - [2023-02-13T18:58:45.720+0000] {dag.py:3427} INFO - Setting next_dagrun for example_subdag_operator.section-1 to None, run_after=None
[2023-02-13T18:58:45.722+0000] {logging_mixin.py:137} INFO - [2023-02-13T18:58:45.722+0000] {dag.py:3427} INFO - Setting next_dagrun for example_subdag_operator.section-2 to None, run_after=None
[2023-02-13T18:58:45.738+0000] {processor.py:175} INFO - Processing /home/airflow/.local/lib/python3.7/site-packages/airflow/example_dags/example_subdag_operator.py took 0.275 seconds
[2023-02-13T18:59:16.471+0000] {processor.py:153} INFO - Started process (PID=443) to work on /home/airflow/.local/lib/python3.7/site-packages/airflow/example_dags/example_subdag_operator.py
[2023-02-13T18:59:16.494+0000] {processor.py:743} INFO - Processing file /home/airflow/.local/lib/python3.7/site-packages/airflow/example_dags/example_subdag_operator.py for tasks to queue
[2023-02-13T18:59:16.514+0000] {logging_mixin.py:137} INFO - [2023-02-13T18:59:16.514+0000] {dagbag.py:538} INFO - Filling up the DagBag from /home/airflow/.local/lib/python3.7/site-packages/airflow/example_dags/example_subdag_operator.py
[2023-02-13T18:59:16.553+0000] {processor.py:753} INFO - DAG(s) dict_keys(['example_subdag_operator.section-1', 'example_subdag_operator.section-2', 'example_subdag_operator']) retrieved from /home/airflow/.local/lib/python3.7/site-packages/airflow/example_dags/example_subdag_operator.py
[2023-02-13T18:59:16.594+0000] {logging_mixin.py:137} INFO - [2023-02-13T18:59:16.594+0000] {dag.py:2676} INFO - Sync 3 DAGs
[2023-02-13T18:59:16.630+0000] {logging_mixin.py:137} INFO - [2023-02-13T18:59:16.630+0000] {dag.py:3427} INFO - Setting next_dagrun for example_subdag_operator to 2022-01-01T00:00:00+00:00, run_after=2022-01-01T00:00:00+00:00
[2023-02-13T18:59:16.642+0000] {logging_mixin.py:137} INFO - [2023-02-13T18:59:16.642+0000] {dag.py:3427} INFO - Setting next_dagrun for example_subdag_operator.section-1 to None, run_after=None
[2023-02-13T18:59:16.645+0000] {logging_mixin.py:137} INFO - [2023-02-13T18:59:16.645+0000] {dag.py:3427} INFO - Setting next_dagrun for example_subdag_operator.section-2 to None, run_after=None
[2023-02-13T18:59:16.655+0000] {logging_mixin.py:137} INFO - [2023-02-13T18:59:16.655+0000] {dag.py:2676} INFO - Sync 2 DAGs
[2023-02-13T18:59:16.662+0000] {logging_mixin.py:137} INFO - [2023-02-13T18:59:16.662+0000] {dag.py:3427} INFO - Setting next_dagrun for example_subdag_operator.section-1 to None, run_after=None
[2023-02-13T18:59:16.664+0000] {logging_mixin.py:137} INFO - [2023-02-13T18:59:16.664+0000] {dag.py:3427} INFO - Setting next_dagrun for example_subdag_operator.section-2 to None, run_after=None
[2023-02-13T18:59:16.679+0000] {processor.py:175} INFO - Processing /home/airflow/.local/lib/python3.7/site-packages/airflow/example_dags/example_subdag_operator.py took 0.213 seconds
[2023-02-13T18:59:47.332+0000] {processor.py:153} INFO - Started process (PID=514) to work on /home/airflow/.local/lib/python3.7/site-packages/airflow/example_dags/example_subdag_operator.py
[2023-02-13T18:59:47.334+0000] {processor.py:743} INFO - Processing file /home/airflow/.local/lib/python3.7/site-packages/airflow/example_dags/example_subdag_operator.py for tasks to queue
[2023-02-13T18:59:47.336+0000] {logging_mixin.py:137} INFO - [2023-02-13T18:59:47.336+0000] {dagbag.py:538} INFO - Filling up the DagBag from /home/airflow/.local/lib/python3.7/site-packages/airflow/example_dags/example_subdag_operator.py
[2023-02-13T18:59:47.386+0000] {processor.py:753} INFO - DAG(s) dict_keys(['example_subdag_operator.section-1', 'example_subdag_operator.section-2', 'example_subdag_operator']) retrieved from /home/airflow/.local/lib/python3.7/site-packages/airflow/example_dags/example_subdag_operator.py
[2023-02-13T18:59:47.433+0000] {logging_mixin.py:137} INFO - [2023-02-13T18:59:47.432+0000] {dag.py:2676} INFO - Sync 3 DAGs
[2023-02-13T18:59:47.470+0000] {logging_mixin.py:137} INFO - [2023-02-13T18:59:47.470+0000] {dag.py:3427} INFO - Setting next_dagrun for example_subdag_operator to 2022-01-01T00:00:00+00:00, run_after=2022-01-01T00:00:00+00:00
[2023-02-13T18:59:47.476+0000] {logging_mixin.py:137} INFO - [2023-02-13T18:59:47.476+0000] {dag.py:3427} INFO - Setting next_dagrun for example_subdag_operator.section-1 to None, run_after=None
[2023-02-13T18:59:47.479+0000] {logging_mixin.py:137} INFO - [2023-02-13T18:59:47.478+0000] {dag.py:3427} INFO - Setting next_dagrun for example_subdag_operator.section-2 to None, run_after=None
[2023-02-13T18:59:47.489+0000] {logging_mixin.py:137} INFO - [2023-02-13T18:59:47.488+0000] {dag.py:2676} INFO - Sync 2 DAGs
[2023-02-13T18:59:47.496+0000] {logging_mixin.py:137} INFO - [2023-02-13T18:59:47.496+0000] {dag.py:3427} INFO - Setting next_dagrun for example_subdag_operator.section-1 to None, run_after=None
[2023-02-13T18:59:47.498+0000] {logging_mixin.py:137} INFO - [2023-02-13T18:59:47.498+0000] {dag.py:3427} INFO - Setting next_dagrun for example_subdag_operator.section-2 to None, run_after=None
[2023-02-13T18:59:47.512+0000] {processor.py:175} INFO - Processing /home/airflow/.local/lib/python3.7/site-packages/airflow/example_dags/example_subdag_operator.py took 0.186 seconds
[2023-02-13T19:00:18.077+0000] {processor.py:153} INFO - Started process (PID=601) to work on /home/airflow/.local/lib/python3.7/site-packages/airflow/example_dags/example_subdag_operator.py
[2023-02-13T19:00:18.079+0000] {processor.py:743} INFO - Processing file /home/airflow/.local/lib/python3.7/site-packages/airflow/example_dags/example_subdag_operator.py for tasks to queue
[2023-02-13T19:00:18.081+0000] {logging_mixin.py:137} INFO - [2023-02-13T19:00:18.081+0000] {dagbag.py:538} INFO - Filling up the DagBag from /home/airflow/.local/lib/python3.7/site-packages/airflow/example_dags/example_subdag_operator.py
[2023-02-13T19:00:18.119+0000] {processor.py:753} INFO - DAG(s) dict_keys(['example_subdag_operator.section-1', 'example_subdag_operator.section-2', 'example_subdag_operator']) retrieved from /home/airflow/.local/lib/python3.7/site-packages/airflow/example_dags/example_subdag_operator.py
[2023-02-13T19:00:18.153+0000] {logging_mixin.py:137} INFO - [2023-02-13T19:00:18.153+0000] {dag.py:2676} INFO - Sync 3 DAGs
[2023-02-13T19:00:18.182+0000] {logging_mixin.py:137} INFO - [2023-02-13T19:00:18.182+0000] {dag.py:3427} INFO - Setting next_dagrun for example_subdag_operator to 2022-01-01T00:00:00+00:00, run_after=2022-01-01T00:00:00+00:00
[2023-02-13T19:00:18.187+0000] {logging_mixin.py:137} INFO - [2023-02-13T19:00:18.187+0000] {dag.py:3427} INFO - Setting next_dagrun for example_subdag_operator.section-1 to None, run_after=None
[2023-02-13T19:00:18.189+0000] {logging_mixin.py:137} INFO - [2023-02-13T19:00:18.189+0000] {dag.py:3427} INFO - Setting next_dagrun for example_subdag_operator.section-2 to None, run_after=None
[2023-02-13T19:00:18.198+0000] {logging_mixin.py:137} INFO - [2023-02-13T19:00:18.198+0000] {dag.py:2676} INFO - Sync 2 DAGs
[2023-02-13T19:00:18.204+0000] {logging_mixin.py:137} INFO - [2023-02-13T19:00:18.204+0000] {dag.py:3427} INFO - Setting next_dagrun for example_subdag_operator.section-1 to None, run_after=None
[2023-02-13T19:00:18.206+0000] {logging_mixin.py:137} INFO - [2023-02-13T19:00:18.205+0000] {dag.py:3427} INFO - Setting next_dagrun for example_subdag_operator.section-2 to None, run_after=None
[2023-02-13T19:00:18.217+0000] {processor.py:175} INFO - Processing /home/airflow/.local/lib/python3.7/site-packages/airflow/example_dags/example_subdag_operator.py took 0.145 seconds
[2023-02-13T19:00:49.152+0000] {processor.py:153} INFO - Started process (PID=672) to work on /home/airflow/.local/lib/python3.7/site-packages/airflow/example_dags/example_subdag_operator.py
[2023-02-13T19:00:49.154+0000] {processor.py:743} INFO - Processing file /home/airflow/.local/lib/python3.7/site-packages/airflow/example_dags/example_subdag_operator.py for tasks to queue
[2023-02-13T19:00:49.156+0000] {logging_mixin.py:137} INFO - [2023-02-13T19:00:49.156+0000] {dagbag.py:538} INFO - Filling up the DagBag from /home/airflow/.local/lib/python3.7/site-packages/airflow/example_dags/example_subdag_operator.py
[2023-02-13T19:00:49.202+0000] {processor.py:753} INFO - DAG(s) dict_keys(['example_subdag_operator.section-1', 'example_subdag_operator.section-2', 'example_subdag_operator']) retrieved from /home/airflow/.local/lib/python3.7/site-packages/airflow/example_dags/example_subdag_operator.py
[2023-02-13T19:00:49.242+0000] {logging_mixin.py:137} INFO - [2023-02-13T19:00:49.242+0000] {dag.py:2676} INFO - Sync 3 DAGs
[2023-02-13T19:00:49.273+0000] {logging_mixin.py:137} INFO - [2023-02-13T19:00:49.273+0000] {dag.py:3427} INFO - Setting next_dagrun for example_subdag_operator to 2022-01-01T00:00:00+00:00, run_after=2022-01-01T00:00:00+00:00
[2023-02-13T19:00:49.277+0000] {logging_mixin.py:137} INFO - [2023-02-13T19:00:49.277+0000] {dag.py:3427} INFO - Setting next_dagrun for example_subdag_operator.section-1 to None, run_after=None
[2023-02-13T19:00:49.279+0000] {logging_mixin.py:137} INFO - [2023-02-13T19:00:49.279+0000] {dag.py:3427} INFO - Setting next_dagrun for example_subdag_operator.section-2 to None, run_after=None
[2023-02-13T19:00:49.287+0000] {logging_mixin.py:137} INFO - [2023-02-13T19:00:49.287+0000] {dag.py:2676} INFO - Sync 2 DAGs
[2023-02-13T19:00:49.294+0000] {logging_mixin.py:137} INFO - [2023-02-13T19:00:49.294+0000] {dag.py:3427} INFO - Setting next_dagrun for example_subdag_operator.section-1 to None, run_after=None
[2023-02-13T19:00:49.295+0000] {logging_mixin.py:137} INFO - [2023-02-13T19:00:49.295+0000] {dag.py:3427} INFO - Setting next_dagrun for example_subdag_operator.section-2 to None, run_after=None
[2023-02-13T19:00:49.308+0000] {processor.py:175} INFO - Processing /home/airflow/.local/lib/python3.7/site-packages/airflow/example_dags/example_subdag_operator.py took 0.160 seconds
[2023-02-13T19:01:19.669+0000] {processor.py:153} INFO - Started process (PID=758) to work on /home/airflow/.local/lib/python3.7/site-packages/airflow/example_dags/example_subdag_operator.py
[2023-02-13T19:01:19.671+0000] {processor.py:743} INFO - Processing file /home/airflow/.local/lib/python3.7/site-packages/airflow/example_dags/example_subdag_operator.py for tasks to queue
[2023-02-13T19:01:19.673+0000] {logging_mixin.py:137} INFO - [2023-02-13T19:01:19.673+0000] {dagbag.py:538} INFO - Filling up the DagBag from /home/airflow/.local/lib/python3.7/site-packages/airflow/example_dags/example_subdag_operator.py
[2023-02-13T19:01:19.711+0000] {processor.py:753} INFO - DAG(s) dict_keys(['example_subdag_operator.section-1', 'example_subdag_operator.section-2', 'example_subdag_operator']) retrieved from /home/airflow/.local/lib/python3.7/site-packages/airflow/example_dags/example_subdag_operator.py
[2023-02-13T19:01:19.746+0000] {logging_mixin.py:137} INFO - [2023-02-13T19:01:19.746+0000] {dag.py:2676} INFO - Sync 3 DAGs
[2023-02-13T19:01:19.777+0000] {logging_mixin.py:137} INFO - [2023-02-13T19:01:19.777+0000] {dag.py:3427} INFO - Setting next_dagrun for example_subdag_operator to 2022-01-01T00:00:00+00:00, run_after=2022-01-01T00:00:00+00:00
[2023-02-13T19:01:19.782+0000] {logging_mixin.py:137} INFO - [2023-02-13T19:01:19.782+0000] {dag.py:3427} INFO - Setting next_dagrun for example_subdag_operator.section-1 to None, run_after=None
[2023-02-13T19:01:19.784+0000] {logging_mixin.py:137} INFO - [2023-02-13T19:01:19.784+0000] {dag.py:3427} INFO - Setting next_dagrun for example_subdag_operator.section-2 to None, run_after=None
[2023-02-13T19:01:19.793+0000] {logging_mixin.py:137} INFO - [2023-02-13T19:01:19.793+0000] {dag.py:2676} INFO - Sync 2 DAGs
[2023-02-13T19:01:19.799+0000] {logging_mixin.py:137} INFO - [2023-02-13T19:01:19.799+0000] {dag.py:3427} INFO - Setting next_dagrun for example_subdag_operator.section-1 to None, run_after=None
[2023-02-13T19:01:19.801+0000] {logging_mixin.py:137} INFO - [2023-02-13T19:01:19.801+0000] {dag.py:3427} INFO - Setting next_dagrun for example_subdag_operator.section-2 to None, run_after=None
[2023-02-13T19:01:19.814+0000] {processor.py:175} INFO - Processing /home/airflow/.local/lib/python3.7/site-packages/airflow/example_dags/example_subdag_operator.py took 0.148 seconds
[2023-02-13T19:01:49.976+0000] {processor.py:153} INFO - Started process (PID=829) to work on /home/airflow/.local/lib/python3.7/site-packages/airflow/example_dags/example_subdag_operator.py
[2023-02-13T19:01:49.978+0000] {processor.py:743} INFO - Processing file /home/airflow/.local/lib/python3.7/site-packages/airflow/example_dags/example_subdag_operator.py for tasks to queue
[2023-02-13T19:01:49.979+0000] {logging_mixin.py:137} INFO - [2023-02-13T19:01:49.979+0000] {dagbag.py:538} INFO - Filling up the DagBag from /home/airflow/.local/lib/python3.7/site-packages/airflow/example_dags/example_subdag_operator.py
[2023-02-13T19:01:50.017+0000] {processor.py:753} INFO - DAG(s) dict_keys(['example_subdag_operator.section-1', 'example_subdag_operator.section-2', 'example_subdag_operator']) retrieved from /home/airflow/.local/lib/python3.7/site-packages/airflow/example_dags/example_subdag_operator.py
[2023-02-13T19:01:50.051+0000] {logging_mixin.py:137} INFO - [2023-02-13T19:01:50.051+0000] {dag.py:2676} INFO - Sync 3 DAGs
[2023-02-13T19:01:50.078+0000] {logging_mixin.py:137} INFO - [2023-02-13T19:01:50.078+0000] {dag.py:3427} INFO - Setting next_dagrun for example_subdag_operator to 2022-01-01T00:00:00+00:00, run_after=2022-01-01T00:00:00+00:00
[2023-02-13T19:01:50.086+0000] {logging_mixin.py:137} INFO - [2023-02-13T19:01:50.086+0000] {dag.py:3427} INFO - Setting next_dagrun for example_subdag_operator.section-1 to None, run_after=None
[2023-02-13T19:01:50.088+0000] {logging_mixin.py:137} INFO - [2023-02-13T19:01:50.088+0000] {dag.py:3427} INFO - Setting next_dagrun for example_subdag_operator.section-2 to None, run_after=None
[2023-02-13T19:01:50.096+0000] {logging_mixin.py:137} INFO - [2023-02-13T19:01:50.096+0000] {dag.py:2676} INFO - Sync 2 DAGs
[2023-02-13T19:01:50.104+0000] {logging_mixin.py:137} INFO - [2023-02-13T19:01:50.104+0000] {dag.py:3427} INFO - Setting next_dagrun for example_subdag_operator.section-1 to None, run_after=None
[2023-02-13T19:01:50.106+0000] {logging_mixin.py:137} INFO - [2023-02-13T19:01:50.105+0000] {dag.py:3427} INFO - Setting next_dagrun for example_subdag_operator.section-2 to None, run_after=None
[2023-02-13T19:01:50.119+0000] {processor.py:175} INFO - Processing /home/airflow/.local/lib/python3.7/site-packages/airflow/example_dags/example_subdag_operator.py took 0.147 seconds
[2023-02-13T19:02:20.367+0000] {processor.py:153} INFO - Started process (PID=916) to work on /home/airflow/.local/lib/python3.7/site-packages/airflow/example_dags/example_subdag_operator.py
[2023-02-13T19:02:20.369+0000] {processor.py:743} INFO - Processing file /home/airflow/.local/lib/python3.7/site-packages/airflow/example_dags/example_subdag_operator.py for tasks to queue
[2023-02-13T19:02:20.370+0000] {logging_mixin.py:137} INFO - [2023-02-13T19:02:20.370+0000] {dagbag.py:538} INFO - Filling up the DagBag from /home/airflow/.local/lib/python3.7/site-packages/airflow/example_dags/example_subdag_operator.py
[2023-02-13T19:02:20.408+0000] {processor.py:753} INFO - DAG(s) dict_keys(['example_subdag_operator.section-1', 'example_subdag_operator.section-2', 'example_subdag_operator']) retrieved from /home/airflow/.local/lib/python3.7/site-packages/airflow/example_dags/example_subdag_operator.py
[2023-02-13T19:02:20.442+0000] {logging_mixin.py:137} INFO - [2023-02-13T19:02:20.441+0000] {dag.py:2676} INFO - Sync 3 DAGs
[2023-02-13T19:02:20.468+0000] {logging_mixin.py:137} INFO - [2023-02-13T19:02:20.467+0000] {dag.py:3427} INFO - Setting next_dagrun for example_subdag_operator to 2022-01-01T00:00:00+00:00, run_after=2022-01-01T00:00:00+00:00
[2023-02-13T19:02:20.472+0000] {logging_mixin.py:137} INFO - [2023-02-13T19:02:20.472+0000] {dag.py:3427} INFO - Setting next_dagrun for example_subdag_operator.section-1 to None, run_after=None
[2023-02-13T19:02:20.474+0000] {logging_mixin.py:137} INFO - [2023-02-13T19:02:20.474+0000] {dag.py:3427} INFO - Setting next_dagrun for example_subdag_operator.section-2 to None, run_after=None
[2023-02-13T19:02:20.483+0000] {logging_mixin.py:137} INFO - [2023-02-13T19:02:20.483+0000] {dag.py:2676} INFO - Sync 2 DAGs
[2023-02-13T19:02:20.490+0000] {logging_mixin.py:137} INFO - [2023-02-13T19:02:20.490+0000] {dag.py:3427} INFO - Setting next_dagrun for example_subdag_operator.section-1 to None, run_after=None
[2023-02-13T19:02:20.492+0000] {logging_mixin.py:137} INFO - [2023-02-13T19:02:20.492+0000] {dag.py:3427} INFO - Setting next_dagrun for example_subdag_operator.section-2 to None, run_after=None
[2023-02-13T19:02:20.505+0000] {processor.py:175} INFO - Processing /home/airflow/.local/lib/python3.7/site-packages/airflow/example_dags/example_subdag_operator.py took 0.143 seconds
[2023-02-13T19:02:51.077+0000] {processor.py:153} INFO - Started process (PID=987) to work on /home/airflow/.local/lib/python3.7/site-packages/airflow/example_dags/example_subdag_operator.py
[2023-02-13T19:02:51.079+0000] {processor.py:743} INFO - Processing file /home/airflow/.local/lib/python3.7/site-packages/airflow/example_dags/example_subdag_operator.py for tasks to queue
[2023-02-13T19:02:51.080+0000] {logging_mixin.py:137} INFO - [2023-02-13T19:02:51.080+0000] {dagbag.py:538} INFO - Filling up the DagBag from /home/airflow/.local/lib/python3.7/site-packages/airflow/example_dags/example_subdag_operator.py
[2023-02-13T19:02:51.119+0000] {processor.py:753} INFO - DAG(s) dict_keys(['example_subdag_operator.section-1', 'example_subdag_operator.section-2', 'example_subdag_operator']) retrieved from /home/airflow/.local/lib/python3.7/site-packages/airflow/example_dags/example_subdag_operator.py
[2023-02-13T19:02:51.151+0000] {logging_mixin.py:137} INFO - [2023-02-13T19:02:51.151+0000] {dag.py:2676} INFO - Sync 3 DAGs
[2023-02-13T19:02:51.179+0000] {logging_mixin.py:137} INFO - [2023-02-13T19:02:51.179+0000] {dag.py:3427} INFO - Setting next_dagrun for example_subdag_operator to 2022-01-01T00:00:00+00:00, run_after=2022-01-01T00:00:00+00:00
[2023-02-13T19:02:51.184+0000] {logging_mixin.py:137} INFO - [2023-02-13T19:02:51.184+0000] {dag.py:3427} INFO - Setting next_dagrun for example_subdag_operator.section-1 to None, run_after=None
[2023-02-13T19:02:51.187+0000] {logging_mixin.py:137} INFO - [2023-02-13T19:02:51.187+0000] {dag.py:3427} INFO - Setting next_dagrun for example_subdag_operator.section-2 to None, run_after=None
[2023-02-13T19:02:51.195+0000] {logging_mixin.py:137} INFO - [2023-02-13T19:02:51.195+0000] {dag.py:2676} INFO - Sync 2 DAGs
[2023-02-13T19:02:51.201+0000] {logging_mixin.py:137} INFO - [2023-02-13T19:02:51.201+0000] {dag.py:3427} INFO - Setting next_dagrun for example_subdag_operator.section-1 to None, run_after=None
[2023-02-13T19:02:51.203+0000] {logging_mixin.py:137} INFO - [2023-02-13T19:02:51.203+0000] {dag.py:3427} INFO - Setting next_dagrun for example_subdag_operator.section-2 to None, run_after=None
[2023-02-13T19:02:51.216+0000] {processor.py:175} INFO - Processing /home/airflow/.local/lib/python3.7/site-packages/airflow/example_dags/example_subdag_operator.py took 0.143 seconds
[2023-02-13T19:03:33.568+0000] {processor.py:153} INFO - Started process (PID=1048) to work on /home/airflow/.local/lib/python3.7/site-packages/airflow/example_dags/example_subdag_operator.py
[2023-02-13T19:03:33.571+0000] {processor.py:743} INFO - Processing file /home/airflow/.local/lib/python3.7/site-packages/airflow/example_dags/example_subdag_operator.py for tasks to queue
[2023-02-13T19:03:33.573+0000] {logging_mixin.py:137} INFO - [2023-02-13T19:03:33.572+0000] {dagbag.py:538} INFO - Filling up the DagBag from /home/airflow/.local/lib/python3.7/site-packages/airflow/example_dags/example_subdag_operator.py
[2023-02-13T19:03:33.631+0000] {processor.py:753} INFO - DAG(s) dict_keys(['example_subdag_operator.section-1', 'example_subdag_operator.section-2', 'example_subdag_operator']) retrieved from /home/airflow/.local/lib/python3.7/site-packages/airflow/example_dags/example_subdag_operator.py
[2023-02-13T19:03:33.693+0000] {logging_mixin.py:137} INFO - [2023-02-13T19:03:33.693+0000] {dag.py:2676} INFO - Sync 3 DAGs
[2023-02-13T19:03:33.731+0000] {logging_mixin.py:137} INFO - [2023-02-13T19:03:33.731+0000] {dag.py:3427} INFO - Setting next_dagrun for example_subdag_operator to 2022-01-01T00:00:00+00:00, run_after=2022-01-01T00:00:00+00:00
[2023-02-13T19:03:33.737+0000] {logging_mixin.py:137} INFO - [2023-02-13T19:03:33.737+0000] {dag.py:3427} INFO - Setting next_dagrun for example_subdag_operator.section-1 to None, run_after=None
[2023-02-13T19:03:33.741+0000] {logging_mixin.py:137} INFO - [2023-02-13T19:03:33.740+0000] {dag.py:3427} INFO - Setting next_dagrun for example_subdag_operator.section-2 to None, run_after=None
[2023-02-13T19:03:33.753+0000] {logging_mixin.py:137} INFO - [2023-02-13T19:03:33.753+0000] {dag.py:2676} INFO - Sync 2 DAGs
[2023-02-13T19:03:33.763+0000] {logging_mixin.py:137} INFO - [2023-02-13T19:03:33.763+0000] {dag.py:3427} INFO - Setting next_dagrun for example_subdag_operator.section-1 to None, run_after=None
[2023-02-13T19:03:33.766+0000] {logging_mixin.py:137} INFO - [2023-02-13T19:03:33.765+0000] {dag.py:3427} INFO - Setting next_dagrun for example_subdag_operator.section-2 to None, run_after=None
[2023-02-13T19:03:33.789+0000] {processor.py:175} INFO - Processing /home/airflow/.local/lib/python3.7/site-packages/airflow/example_dags/example_subdag_operator.py took 0.226 seconds
[2023-02-13T19:04:03.986+0000] {processor.py:153} INFO - Started process (PID=1128) to work on /home/airflow/.local/lib/python3.7/site-packages/airflow/example_dags/example_subdag_operator.py
[2023-02-13T19:04:03.988+0000] {processor.py:743} INFO - Processing file /home/airflow/.local/lib/python3.7/site-packages/airflow/example_dags/example_subdag_operator.py for tasks to queue
[2023-02-13T19:04:03.990+0000] {logging_mixin.py:137} INFO - [2023-02-13T19:04:03.990+0000] {dagbag.py:538} INFO - Filling up the DagBag from /home/airflow/.local/lib/python3.7/site-packages/airflow/example_dags/example_subdag_operator.py
[2023-02-13T19:04:04.040+0000] {processor.py:753} INFO - DAG(s) dict_keys(['example_subdag_operator.section-1', 'example_subdag_operator.section-2', 'example_subdag_operator']) retrieved from /home/airflow/.local/lib/python3.7/site-packages/airflow/example_dags/example_subdag_operator.py
[2023-02-13T19:04:04.085+0000] {logging_mixin.py:137} INFO - [2023-02-13T19:04:04.084+0000] {dag.py:2676} INFO - Sync 3 DAGs
[2023-02-13T19:04:04.135+0000] {logging_mixin.py:137} INFO - [2023-02-13T19:04:04.135+0000] {dag.py:3427} INFO - Setting next_dagrun for example_subdag_operator to 2022-01-01T00:00:00+00:00, run_after=2022-01-01T00:00:00+00:00
[2023-02-13T19:04:04.145+0000] {logging_mixin.py:137} INFO - [2023-02-13T19:04:04.145+0000] {dag.py:3427} INFO - Setting next_dagrun for example_subdag_operator.section-1 to None, run_after=None
[2023-02-13T19:04:04.149+0000] {logging_mixin.py:137} INFO - [2023-02-13T19:04:04.149+0000] {dag.py:3427} INFO - Setting next_dagrun for example_subdag_operator.section-2 to None, run_after=None
[2023-02-13T19:04:04.160+0000] {logging_mixin.py:137} INFO - [2023-02-13T19:04:04.160+0000] {dag.py:2676} INFO - Sync 2 DAGs
[2023-02-13T19:04:04.170+0000] {logging_mixin.py:137} INFO - [2023-02-13T19:04:04.169+0000] {dag.py:3427} INFO - Setting next_dagrun for example_subdag_operator.section-1 to None, run_after=None
[2023-02-13T19:04:04.171+0000] {logging_mixin.py:137} INFO - [2023-02-13T19:04:04.171+0000] {dag.py:3427} INFO - Setting next_dagrun for example_subdag_operator.section-2 to None, run_after=None
[2023-02-13T19:04:04.188+0000] {processor.py:175} INFO - Processing /home/airflow/.local/lib/python3.7/site-packages/airflow/example_dags/example_subdag_operator.py took 0.207 seconds
[2023-02-13T19:04:34.868+0000] {processor.py:153} INFO - Started process (PID=1199) to work on /home/airflow/.local/lib/python3.7/site-packages/airflow/example_dags/example_subdag_operator.py
[2023-02-13T19:04:34.871+0000] {processor.py:743} INFO - Processing file /home/airflow/.local/lib/python3.7/site-packages/airflow/example_dags/example_subdag_operator.py for tasks to queue
[2023-02-13T19:04:34.872+0000] {logging_mixin.py:137} INFO - [2023-02-13T19:04:34.872+0000] {dagbag.py:538} INFO - Filling up the DagBag from /home/airflow/.local/lib/python3.7/site-packages/airflow/example_dags/example_subdag_operator.py
[2023-02-13T19:04:34.912+0000] {processor.py:753} INFO - DAG(s) dict_keys(['example_subdag_operator.section-1', 'example_subdag_operator.section-2', 'example_subdag_operator']) retrieved from /home/airflow/.local/lib/python3.7/site-packages/airflow/example_dags/example_subdag_operator.py
[2023-02-13T19:04:34.948+0000] {logging_mixin.py:137} INFO - [2023-02-13T19:04:34.948+0000] {dag.py:2676} INFO - Sync 3 DAGs
[2023-02-13T19:04:34.982+0000] {logging_mixin.py:137} INFO - [2023-02-13T19:04:34.982+0000] {dag.py:3427} INFO - Setting next_dagrun for example_subdag_operator to 2022-01-01T00:00:00+00:00, run_after=2022-01-01T00:00:00+00:00
[2023-02-13T19:04:34.988+0000] {logging_mixin.py:137} INFO - [2023-02-13T19:04:34.988+0000] {dag.py:3427} INFO - Setting next_dagrun for example_subdag_operator.section-1 to None, run_after=None
[2023-02-13T19:04:34.991+0000] {logging_mixin.py:137} INFO - [2023-02-13T19:04:34.991+0000] {dag.py:3427} INFO - Setting next_dagrun for example_subdag_operator.section-2 to None, run_after=None
[2023-02-13T19:04:35.006+0000] {logging_mixin.py:137} INFO - [2023-02-13T19:04:35.005+0000] {dag.py:2676} INFO - Sync 2 DAGs
[2023-02-13T19:04:35.016+0000] {logging_mixin.py:137} INFO - [2023-02-13T19:04:35.016+0000] {dag.py:3427} INFO - Setting next_dagrun for example_subdag_operator.section-1 to None, run_after=None
[2023-02-13T19:04:35.018+0000] {logging_mixin.py:137} INFO - [2023-02-13T19:04:35.017+0000] {dag.py:3427} INFO - Setting next_dagrun for example_subdag_operator.section-2 to None, run_after=None
[2023-02-13T19:04:35.034+0000] {processor.py:175} INFO - Processing /home/airflow/.local/lib/python3.7/site-packages/airflow/example_dags/example_subdag_operator.py took 0.170 seconds
[2023-02-13T19:09:12.100+0000] {processor.py:153} INFO - Started process (PID=57) to work on /home/airflow/.local/lib/python3.7/site-packages/airflow/example_dags/example_subdag_operator.py
[2023-02-13T19:09:12.104+0000] {processor.py:743} INFO - Processing file /home/airflow/.local/lib/python3.7/site-packages/airflow/example_dags/example_subdag_operator.py for tasks to queue
[2023-02-13T19:09:12.107+0000] {logging_mixin.py:137} INFO - [2023-02-13T19:09:12.106+0000] {dagbag.py:538} INFO - Filling up the DagBag from /home/airflow/.local/lib/python3.7/site-packages/airflow/example_dags/example_subdag_operator.py
[2023-02-13T19:09:12.170+0000] {processor.py:753} INFO - DAG(s) dict_keys(['example_subdag_operator.section-1', 'example_subdag_operator.section-2', 'example_subdag_operator']) retrieved from /home/airflow/.local/lib/python3.7/site-packages/airflow/example_dags/example_subdag_operator.py
[2023-02-13T19:09:12.224+0000] {logging_mixin.py:137} INFO - [2023-02-13T19:09:12.224+0000] {dag.py:2676} INFO - Sync 3 DAGs
[2023-02-13T19:09:12.269+0000] {logging_mixin.py:137} INFO - [2023-02-13T19:09:12.268+0000] {dag.py:3427} INFO - Setting next_dagrun for example_subdag_operator to 2022-01-01T00:00:00+00:00, run_after=2022-01-01T00:00:00+00:00
[2023-02-13T19:09:12.277+0000] {logging_mixin.py:137} INFO - [2023-02-13T19:09:12.277+0000] {dag.py:3427} INFO - Setting next_dagrun for example_subdag_operator.section-1 to None, run_after=None
[2023-02-13T19:09:12.280+0000] {logging_mixin.py:137} INFO - [2023-02-13T19:09:12.280+0000] {dag.py:3427} INFO - Setting next_dagrun for example_subdag_operator.section-2 to None, run_after=None
[2023-02-13T19:09:12.294+0000] {logging_mixin.py:137} INFO - [2023-02-13T19:09:12.294+0000] {dag.py:2676} INFO - Sync 2 DAGs
[2023-02-13T19:09:12.306+0000] {logging_mixin.py:137} INFO - [2023-02-13T19:09:12.306+0000] {dag.py:3427} INFO - Setting next_dagrun for example_subdag_operator.section-1 to None, run_after=None
[2023-02-13T19:09:12.309+0000] {logging_mixin.py:137} INFO - [2023-02-13T19:09:12.309+0000] {dag.py:3427} INFO - Setting next_dagrun for example_subdag_operator.section-2 to None, run_after=None
[2023-02-13T19:09:12.334+0000] {processor.py:175} INFO - Processing /home/airflow/.local/lib/python3.7/site-packages/airflow/example_dags/example_subdag_operator.py took 0.240 seconds
[2023-02-13T19:09:42.572+0000] {processor.py:153} INFO - Started process (PID=129) to work on /home/airflow/.local/lib/python3.7/site-packages/airflow/example_dags/example_subdag_operator.py
[2023-02-13T19:09:42.575+0000] {processor.py:743} INFO - Processing file /home/airflow/.local/lib/python3.7/site-packages/airflow/example_dags/example_subdag_operator.py for tasks to queue
[2023-02-13T19:09:42.577+0000] {logging_mixin.py:137} INFO - [2023-02-13T19:09:42.576+0000] {dagbag.py:538} INFO - Filling up the DagBag from /home/airflow/.local/lib/python3.7/site-packages/airflow/example_dags/example_subdag_operator.py
[2023-02-13T19:09:42.616+0000] {processor.py:753} INFO - DAG(s) dict_keys(['example_subdag_operator.section-1', 'example_subdag_operator.section-2', 'example_subdag_operator']) retrieved from /home/airflow/.local/lib/python3.7/site-packages/airflow/example_dags/example_subdag_operator.py
[2023-02-13T19:09:42.656+0000] {logging_mixin.py:137} INFO - [2023-02-13T19:09:42.656+0000] {dag.py:2676} INFO - Sync 3 DAGs
[2023-02-13T19:09:42.686+0000] {logging_mixin.py:137} INFO - [2023-02-13T19:09:42.686+0000] {dag.py:3427} INFO - Setting next_dagrun for example_subdag_operator to 2022-01-01T00:00:00+00:00, run_after=2022-01-01T00:00:00+00:00
[2023-02-13T19:09:42.690+0000] {logging_mixin.py:137} INFO - [2023-02-13T19:09:42.690+0000] {dag.py:3427} INFO - Setting next_dagrun for example_subdag_operator.section-1 to None, run_after=None
[2023-02-13T19:09:42.692+0000] {logging_mixin.py:137} INFO - [2023-02-13T19:09:42.692+0000] {dag.py:3427} INFO - Setting next_dagrun for example_subdag_operator.section-2 to None, run_after=None
[2023-02-13T19:09:42.701+0000] {logging_mixin.py:137} INFO - [2023-02-13T19:09:42.701+0000] {dag.py:2676} INFO - Sync 2 DAGs
[2023-02-13T19:09:42.708+0000] {logging_mixin.py:137} INFO - [2023-02-13T19:09:42.708+0000] {dag.py:3427} INFO - Setting next_dagrun for example_subdag_operator.section-1 to None, run_after=None
[2023-02-13T19:09:42.710+0000] {logging_mixin.py:137} INFO - [2023-02-13T19:09:42.710+0000] {dag.py:3427} INFO - Setting next_dagrun for example_subdag_operator.section-2 to None, run_after=None
[2023-02-13T19:09:42.725+0000] {processor.py:175} INFO - Processing /home/airflow/.local/lib/python3.7/site-packages/airflow/example_dags/example_subdag_operator.py took 0.158 seconds
[2023-02-13T19:10:13.002+0000] {processor.py:153} INFO - Started process (PID=209) to work on /home/airflow/.local/lib/python3.7/site-packages/airflow/example_dags/example_subdag_operator.py
[2023-02-13T19:10:13.007+0000] {processor.py:743} INFO - Processing file /home/airflow/.local/lib/python3.7/site-packages/airflow/example_dags/example_subdag_operator.py for tasks to queue
[2023-02-13T19:10:13.009+0000] {logging_mixin.py:137} INFO - [2023-02-13T19:10:13.009+0000] {dagbag.py:538} INFO - Filling up the DagBag from /home/airflow/.local/lib/python3.7/site-packages/airflow/example_dags/example_subdag_operator.py
[2023-02-13T19:10:13.101+0000] {processor.py:753} INFO - DAG(s) dict_keys(['example_subdag_operator.section-1', 'example_subdag_operator.section-2', 'example_subdag_operator']) retrieved from /home/airflow/.local/lib/python3.7/site-packages/airflow/example_dags/example_subdag_operator.py
[2023-02-13T19:10:13.183+0000] {logging_mixin.py:137} INFO - [2023-02-13T19:10:13.182+0000] {dag.py:2676} INFO - Sync 3 DAGs
[2023-02-13T19:10:13.239+0000] {logging_mixin.py:137} INFO - [2023-02-13T19:10:13.238+0000] {dag.py:3427} INFO - Setting next_dagrun for example_subdag_operator to 2022-01-01T00:00:00+00:00, run_after=2022-01-01T00:00:00+00:00
[2023-02-13T19:10:13.251+0000] {logging_mixin.py:137} INFO - [2023-02-13T19:10:13.251+0000] {dag.py:3427} INFO - Setting next_dagrun for example_subdag_operator.section-1 to None, run_after=None
[2023-02-13T19:10:13.260+0000] {logging_mixin.py:137} INFO - [2023-02-13T19:10:13.259+0000] {dag.py:3427} INFO - Setting next_dagrun for example_subdag_operator.section-2 to None, run_after=None
[2023-02-13T19:10:13.280+0000] {logging_mixin.py:137} INFO - [2023-02-13T19:10:13.280+0000] {dag.py:2676} INFO - Sync 2 DAGs
[2023-02-13T19:10:13.297+0000] {logging_mixin.py:137} INFO - [2023-02-13T19:10:13.297+0000] {dag.py:3427} INFO - Setting next_dagrun for example_subdag_operator.section-1 to None, run_after=None
[2023-02-13T19:10:13.299+0000] {logging_mixin.py:137} INFO - [2023-02-13T19:10:13.299+0000] {dag.py:3427} INFO - Setting next_dagrun for example_subdag_operator.section-2 to None, run_after=None
[2023-02-13T19:10:13.330+0000] {processor.py:175} INFO - Processing /home/airflow/.local/lib/python3.7/site-packages/airflow/example_dags/example_subdag_operator.py took 0.336 seconds
