[2023-02-13T18:56:46.604+0000] {processor.py:153} INFO - Started process (PID=85) to work on /home/airflow/.local/lib/python3.7/site-packages/airflow/example_dags/example_branch_labels.py
[2023-02-13T18:56:46.606+0000] {processor.py:743} INFO - Processing file /home/airflow/.local/lib/python3.7/site-packages/airflow/example_dags/example_branch_labels.py for tasks to queue
[2023-02-13T18:56:46.609+0000] {logging_mixin.py:137} INFO - [2023-02-13T18:56:46.609+0000] {dagbag.py:538} INFO - Filling up the DagBag from /home/airflow/.local/lib/python3.7/site-packages/airflow/example_dags/example_branch_labels.py
[2023-02-13T18:56:46.638+0000] {processor.py:753} INFO - DAG(s) dict_keys(['example_branch_labels']) retrieved from /home/airflow/.local/lib/python3.7/site-packages/airflow/example_dags/example_branch_labels.py
[2023-02-13T18:56:46.798+0000] {logging_mixin.py:137} INFO - [2023-02-13T18:56:46.797+0000] {dag.py:2676} INFO - Sync 1 DAGs
[2023-02-13T18:56:46.891+0000] {logging_mixin.py:137} INFO - [2023-02-13T18:56:46.891+0000] {dag.py:3427} INFO - Setting next_dagrun for example_branch_labels to 2023-02-12T00:00:00+00:00, run_after=2023-02-13T00:00:00+00:00
[2023-02-13T18:56:46.925+0000] {processor.py:175} INFO - Processing /home/airflow/.local/lib/python3.7/site-packages/airflow/example_dags/example_branch_labels.py took 0.330 seconds
[2023-02-13T18:57:17.003+0000] {processor.py:153} INFO - Started process (PID=156) to work on /home/airflow/.local/lib/python3.7/site-packages/airflow/example_dags/example_branch_labels.py
[2023-02-13T18:57:17.006+0000] {processor.py:743} INFO - Processing file /home/airflow/.local/lib/python3.7/site-packages/airflow/example_dags/example_branch_labels.py for tasks to queue
[2023-02-13T18:57:17.008+0000] {logging_mixin.py:137} INFO - [2023-02-13T18:57:17.008+0000] {dagbag.py:538} INFO - Filling up the DagBag from /home/airflow/.local/lib/python3.7/site-packages/airflow/example_dags/example_branch_labels.py
[2023-02-13T18:57:17.031+0000] {processor.py:753} INFO - DAG(s) dict_keys(['example_branch_labels']) retrieved from /home/airflow/.local/lib/python3.7/site-packages/airflow/example_dags/example_branch_labels.py
[2023-02-13T18:57:17.085+0000] {logging_mixin.py:137} INFO - [2023-02-13T18:57:17.084+0000] {dag.py:2676} INFO - Sync 1 DAGs
[2023-02-13T18:57:17.117+0000] {logging_mixin.py:137} INFO - [2023-02-13T18:57:17.117+0000] {dag.py:3427} INFO - Setting next_dagrun for example_branch_labels to 2023-02-12T00:00:00+00:00, run_after=2023-02-13T00:00:00+00:00
[2023-02-13T18:57:17.137+0000] {processor.py:175} INFO - Processing /home/airflow/.local/lib/python3.7/site-packages/airflow/example_dags/example_branch_labels.py took 0.139 seconds
[2023-02-13T18:57:48.251+0000] {processor.py:153} INFO - Started process (PID=243) to work on /home/airflow/.local/lib/python3.7/site-packages/airflow/example_dags/example_branch_labels.py
[2023-02-13T18:57:48.254+0000] {processor.py:743} INFO - Processing file /home/airflow/.local/lib/python3.7/site-packages/airflow/example_dags/example_branch_labels.py for tasks to queue
[2023-02-13T18:57:48.256+0000] {logging_mixin.py:137} INFO - [2023-02-13T18:57:48.256+0000] {dagbag.py:538} INFO - Filling up the DagBag from /home/airflow/.local/lib/python3.7/site-packages/airflow/example_dags/example_branch_labels.py
[2023-02-13T18:57:48.282+0000] {processor.py:753} INFO - DAG(s) dict_keys(['example_branch_labels']) retrieved from /home/airflow/.local/lib/python3.7/site-packages/airflow/example_dags/example_branch_labels.py
[2023-02-13T18:57:48.349+0000] {logging_mixin.py:137} INFO - [2023-02-13T18:57:48.349+0000] {dag.py:2676} INFO - Sync 1 DAGs
[2023-02-13T18:57:48.392+0000] {logging_mixin.py:137} INFO - [2023-02-13T18:57:48.391+0000] {dag.py:3427} INFO - Setting next_dagrun for example_branch_labels to 2023-02-12T00:00:00+00:00, run_after=2023-02-13T00:00:00+00:00
[2023-02-13T18:57:48.424+0000] {processor.py:175} INFO - Processing /home/airflow/.local/lib/python3.7/site-packages/airflow/example_dags/example_branch_labels.py took 0.179 seconds
[2023-02-13T18:58:19.271+0000] {processor.py:153} INFO - Started process (PID=314) to work on /home/airflow/.local/lib/python3.7/site-packages/airflow/example_dags/example_branch_labels.py
[2023-02-13T18:58:19.274+0000] {processor.py:743} INFO - Processing file /home/airflow/.local/lib/python3.7/site-packages/airflow/example_dags/example_branch_labels.py for tasks to queue
[2023-02-13T18:58:19.276+0000] {logging_mixin.py:137} INFO - [2023-02-13T18:58:19.276+0000] {dagbag.py:538} INFO - Filling up the DagBag from /home/airflow/.local/lib/python3.7/site-packages/airflow/example_dags/example_branch_labels.py
[2023-02-13T18:58:19.298+0000] {processor.py:753} INFO - DAG(s) dict_keys(['example_branch_labels']) retrieved from /home/airflow/.local/lib/python3.7/site-packages/airflow/example_dags/example_branch_labels.py
[2023-02-13T18:58:19.350+0000] {logging_mixin.py:137} INFO - [2023-02-13T18:58:19.350+0000] {dag.py:2676} INFO - Sync 1 DAGs
[2023-02-13T18:58:19.392+0000] {logging_mixin.py:137} INFO - [2023-02-13T18:58:19.391+0000] {dag.py:3427} INFO - Setting next_dagrun for example_branch_labels to 2023-02-12T00:00:00+00:00, run_after=2023-02-13T00:00:00+00:00
[2023-02-13T18:58:19.419+0000] {processor.py:175} INFO - Processing /home/airflow/.local/lib/python3.7/site-packages/airflow/example_dags/example_branch_labels.py took 0.153 seconds
[2023-02-13T18:58:50.464+0000] {processor.py:153} INFO - Started process (PID=401) to work on /home/airflow/.local/lib/python3.7/site-packages/airflow/example_dags/example_branch_labels.py
[2023-02-13T18:58:50.467+0000] {processor.py:743} INFO - Processing file /home/airflow/.local/lib/python3.7/site-packages/airflow/example_dags/example_branch_labels.py for tasks to queue
[2023-02-13T18:58:50.469+0000] {logging_mixin.py:137} INFO - [2023-02-13T18:58:50.469+0000] {dagbag.py:538} INFO - Filling up the DagBag from /home/airflow/.local/lib/python3.7/site-packages/airflow/example_dags/example_branch_labels.py
[2023-02-13T18:58:50.494+0000] {processor.py:753} INFO - DAG(s) dict_keys(['example_branch_labels']) retrieved from /home/airflow/.local/lib/python3.7/site-packages/airflow/example_dags/example_branch_labels.py
[2023-02-13T18:58:50.559+0000] {logging_mixin.py:137} INFO - [2023-02-13T18:58:50.559+0000] {dag.py:2676} INFO - Sync 1 DAGs
[2023-02-13T18:58:50.605+0000] {logging_mixin.py:137} INFO - [2023-02-13T18:58:50.604+0000] {dag.py:3427} INFO - Setting next_dagrun for example_branch_labels to 2023-02-12T00:00:00+00:00, run_after=2023-02-13T00:00:00+00:00
[2023-02-13T18:58:50.634+0000] {processor.py:175} INFO - Processing /home/airflow/.local/lib/python3.7/site-packages/airflow/example_dags/example_branch_labels.py took 0.176 seconds
[2023-02-13T18:59:20.753+0000] {processor.py:153} INFO - Started process (PID=472) to work on /home/airflow/.local/lib/python3.7/site-packages/airflow/example_dags/example_branch_labels.py
[2023-02-13T18:59:20.760+0000] {processor.py:743} INFO - Processing file /home/airflow/.local/lib/python3.7/site-packages/airflow/example_dags/example_branch_labels.py for tasks to queue
[2023-02-13T18:59:20.765+0000] {logging_mixin.py:137} INFO - [2023-02-13T18:59:20.764+0000] {dagbag.py:538} INFO - Filling up the DagBag from /home/airflow/.local/lib/python3.7/site-packages/airflow/example_dags/example_branch_labels.py
[2023-02-13T18:59:20.847+0000] {processor.py:753} INFO - DAG(s) dict_keys(['example_branch_labels']) retrieved from /home/airflow/.local/lib/python3.7/site-packages/airflow/example_dags/example_branch_labels.py
[2023-02-13T18:59:21.027+0000] {logging_mixin.py:137} INFO - [2023-02-13T18:59:21.027+0000] {dag.py:2676} INFO - Sync 1 DAGs
[2023-02-13T18:59:21.113+0000] {logging_mixin.py:137} INFO - [2023-02-13T18:59:21.112+0000] {dag.py:3427} INFO - Setting next_dagrun for example_branch_labels to 2023-02-12T00:00:00+00:00, run_after=2023-02-13T00:00:00+00:00
[2023-02-13T18:59:21.226+0000] {processor.py:175} INFO - Processing /home/airflow/.local/lib/python3.7/site-packages/airflow/example_dags/example_branch_labels.py took 0.487 seconds
[2023-02-13T18:59:51.852+0000] {processor.py:153} INFO - Started process (PID=559) to work on /home/airflow/.local/lib/python3.7/site-packages/airflow/example_dags/example_branch_labels.py
[2023-02-13T18:59:51.854+0000] {processor.py:743} INFO - Processing file /home/airflow/.local/lib/python3.7/site-packages/airflow/example_dags/example_branch_labels.py for tasks to queue
[2023-02-13T18:59:51.856+0000] {logging_mixin.py:137} INFO - [2023-02-13T18:59:51.856+0000] {dagbag.py:538} INFO - Filling up the DagBag from /home/airflow/.local/lib/python3.7/site-packages/airflow/example_dags/example_branch_labels.py
[2023-02-13T18:59:51.878+0000] {processor.py:753} INFO - DAG(s) dict_keys(['example_branch_labels']) retrieved from /home/airflow/.local/lib/python3.7/site-packages/airflow/example_dags/example_branch_labels.py
[2023-02-13T18:59:51.932+0000] {logging_mixin.py:137} INFO - [2023-02-13T18:59:51.932+0000] {dag.py:2676} INFO - Sync 1 DAGs
[2023-02-13T18:59:51.968+0000] {logging_mixin.py:137} INFO - [2023-02-13T18:59:51.968+0000] {dag.py:3427} INFO - Setting next_dagrun for example_branch_labels to 2023-02-12T00:00:00+00:00, run_after=2023-02-13T00:00:00+00:00
[2023-02-13T18:59:51.992+0000] {processor.py:175} INFO - Processing /home/airflow/.local/lib/python3.7/site-packages/airflow/example_dags/example_branch_labels.py took 0.144 seconds
[2023-02-13T19:00:22.897+0000] {processor.py:153} INFO - Started process (PID=630) to work on /home/airflow/.local/lib/python3.7/site-packages/airflow/example_dags/example_branch_labels.py
[2023-02-13T19:00:22.899+0000] {processor.py:743} INFO - Processing file /home/airflow/.local/lib/python3.7/site-packages/airflow/example_dags/example_branch_labels.py for tasks to queue
[2023-02-13T19:00:22.905+0000] {logging_mixin.py:137} INFO - [2023-02-13T19:00:22.904+0000] {dagbag.py:538} INFO - Filling up the DagBag from /home/airflow/.local/lib/python3.7/site-packages/airflow/example_dags/example_branch_labels.py
[2023-02-13T19:00:22.926+0000] {processor.py:753} INFO - DAG(s) dict_keys(['example_branch_labels']) retrieved from /home/airflow/.local/lib/python3.7/site-packages/airflow/example_dags/example_branch_labels.py
[2023-02-13T19:00:22.973+0000] {logging_mixin.py:137} INFO - [2023-02-13T19:00:22.973+0000] {dag.py:2676} INFO - Sync 1 DAGs
[2023-02-13T19:00:23.062+0000] {logging_mixin.py:137} INFO - [2023-02-13T19:00:23.062+0000] {dag.py:3427} INFO - Setting next_dagrun for example_branch_labels to 2023-02-12T00:00:00+00:00, run_after=2023-02-13T00:00:00+00:00
[2023-02-13T19:00:23.107+0000] {processor.py:175} INFO - Processing /home/airflow/.local/lib/python3.7/site-packages/airflow/example_dags/example_branch_labels.py took 0.215 seconds
[2023-02-13T19:00:53.640+0000] {processor.py:153} INFO - Started process (PID=717) to work on /home/airflow/.local/lib/python3.7/site-packages/airflow/example_dags/example_branch_labels.py
[2023-02-13T19:00:53.642+0000] {processor.py:743} INFO - Processing file /home/airflow/.local/lib/python3.7/site-packages/airflow/example_dags/example_branch_labels.py for tasks to queue
[2023-02-13T19:00:53.644+0000] {logging_mixin.py:137} INFO - [2023-02-13T19:00:53.644+0000] {dagbag.py:538} INFO - Filling up the DagBag from /home/airflow/.local/lib/python3.7/site-packages/airflow/example_dags/example_branch_labels.py
[2023-02-13T19:00:53.667+0000] {processor.py:753} INFO - DAG(s) dict_keys(['example_branch_labels']) retrieved from /home/airflow/.local/lib/python3.7/site-packages/airflow/example_dags/example_branch_labels.py
[2023-02-13T19:00:53.721+0000] {logging_mixin.py:137} INFO - [2023-02-13T19:00:53.721+0000] {dag.py:2676} INFO - Sync 1 DAGs
[2023-02-13T19:00:53.754+0000] {logging_mixin.py:137} INFO - [2023-02-13T19:00:53.753+0000] {dag.py:3427} INFO - Setting next_dagrun for example_branch_labels to 2023-02-12T00:00:00+00:00, run_after=2023-02-13T00:00:00+00:00
[2023-02-13T19:00:53.777+0000] {processor.py:175} INFO - Processing /home/airflow/.local/lib/python3.7/site-packages/airflow/example_dags/example_branch_labels.py took 0.142 seconds
[2023-02-13T19:01:24.014+0000] {processor.py:153} INFO - Started process (PID=787) to work on /home/airflow/.local/lib/python3.7/site-packages/airflow/example_dags/example_branch_labels.py
[2023-02-13T19:01:24.018+0000] {processor.py:743} INFO - Processing file /home/airflow/.local/lib/python3.7/site-packages/airflow/example_dags/example_branch_labels.py for tasks to queue
[2023-02-13T19:01:24.019+0000] {logging_mixin.py:137} INFO - [2023-02-13T19:01:24.019+0000] {dagbag.py:538} INFO - Filling up the DagBag from /home/airflow/.local/lib/python3.7/site-packages/airflow/example_dags/example_branch_labels.py
[2023-02-13T19:01:24.040+0000] {processor.py:753} INFO - DAG(s) dict_keys(['example_branch_labels']) retrieved from /home/airflow/.local/lib/python3.7/site-packages/airflow/example_dags/example_branch_labels.py
[2023-02-13T19:01:24.090+0000] {logging_mixin.py:137} INFO - [2023-02-13T19:01:24.089+0000] {dag.py:2676} INFO - Sync 1 DAGs
[2023-02-13T19:01:24.119+0000] {logging_mixin.py:137} INFO - [2023-02-13T19:01:24.119+0000] {dag.py:3427} INFO - Setting next_dagrun for example_branch_labels to 2023-02-12T00:00:00+00:00, run_after=2023-02-13T00:00:00+00:00
[2023-02-13T19:01:24.140+0000] {processor.py:175} INFO - Processing /home/airflow/.local/lib/python3.7/site-packages/airflow/example_dags/example_branch_labels.py took 0.131 seconds
[2023-02-13T19:01:54.381+0000] {processor.py:153} INFO - Started process (PID=867) to work on /home/airflow/.local/lib/python3.7/site-packages/airflow/example_dags/example_branch_labels.py
[2023-02-13T19:01:54.383+0000] {processor.py:743} INFO - Processing file /home/airflow/.local/lib/python3.7/site-packages/airflow/example_dags/example_branch_labels.py for tasks to queue
[2023-02-13T19:01:54.385+0000] {logging_mixin.py:137} INFO - [2023-02-13T19:01:54.385+0000] {dagbag.py:538} INFO - Filling up the DagBag from /home/airflow/.local/lib/python3.7/site-packages/airflow/example_dags/example_branch_labels.py
[2023-02-13T19:01:54.406+0000] {processor.py:753} INFO - DAG(s) dict_keys(['example_branch_labels']) retrieved from /home/airflow/.local/lib/python3.7/site-packages/airflow/example_dags/example_branch_labels.py
[2023-02-13T19:01:54.451+0000] {logging_mixin.py:137} INFO - [2023-02-13T19:01:54.451+0000] {dag.py:2676} INFO - Sync 1 DAGs
[2023-02-13T19:01:54.481+0000] {logging_mixin.py:137} INFO - [2023-02-13T19:01:54.481+0000] {dag.py:3427} INFO - Setting next_dagrun for example_branch_labels to 2023-02-12T00:00:00+00:00, run_after=2023-02-13T00:00:00+00:00
[2023-02-13T19:01:54.501+0000] {processor.py:175} INFO - Processing /home/airflow/.local/lib/python3.7/site-packages/airflow/example_dags/example_branch_labels.py took 0.124 seconds
[2023-02-13T19:02:25.015+0000] {processor.py:153} INFO - Started process (PID=945) to work on /home/airflow/.local/lib/python3.7/site-packages/airflow/example_dags/example_branch_labels.py
[2023-02-13T19:02:25.017+0000] {processor.py:743} INFO - Processing file /home/airflow/.local/lib/python3.7/site-packages/airflow/example_dags/example_branch_labels.py for tasks to queue
[2023-02-13T19:02:25.019+0000] {logging_mixin.py:137} INFO - [2023-02-13T19:02:25.018+0000] {dagbag.py:538} INFO - Filling up the DagBag from /home/airflow/.local/lib/python3.7/site-packages/airflow/example_dags/example_branch_labels.py
[2023-02-13T19:02:25.041+0000] {processor.py:753} INFO - DAG(s) dict_keys(['example_branch_labels']) retrieved from /home/airflow/.local/lib/python3.7/site-packages/airflow/example_dags/example_branch_labels.py
[2023-02-13T19:02:25.089+0000] {logging_mixin.py:137} INFO - [2023-02-13T19:02:25.089+0000] {dag.py:2676} INFO - Sync 1 DAGs
[2023-02-13T19:02:25.119+0000] {logging_mixin.py:137} INFO - [2023-02-13T19:02:25.119+0000] {dag.py:3427} INFO - Setting next_dagrun for example_branch_labels to 2023-02-12T00:00:00+00:00, run_after=2023-02-13T00:00:00+00:00
[2023-02-13T19:02:25.140+0000] {processor.py:175} INFO - Processing /home/airflow/.local/lib/python3.7/site-packages/airflow/example_dags/example_branch_labels.py took 0.131 seconds
[2023-02-13T19:02:55.478+0000] {processor.py:153} INFO - Started process (PID=1016) to work on /home/airflow/.local/lib/python3.7/site-packages/airflow/example_dags/example_branch_labels.py
[2023-02-13T19:02:55.482+0000] {processor.py:743} INFO - Processing file /home/airflow/.local/lib/python3.7/site-packages/airflow/example_dags/example_branch_labels.py for tasks to queue
[2023-02-13T19:02:55.484+0000] {logging_mixin.py:137} INFO - [2023-02-13T19:02:55.484+0000] {dagbag.py:538} INFO - Filling up the DagBag from /home/airflow/.local/lib/python3.7/site-packages/airflow/example_dags/example_branch_labels.py
[2023-02-13T19:02:55.506+0000] {processor.py:753} INFO - DAG(s) dict_keys(['example_branch_labels']) retrieved from /home/airflow/.local/lib/python3.7/site-packages/airflow/example_dags/example_branch_labels.py
[2023-02-13T19:02:55.550+0000] {logging_mixin.py:137} INFO - [2023-02-13T19:02:55.550+0000] {dag.py:2676} INFO - Sync 1 DAGs
[2023-02-13T19:02:55.579+0000] {logging_mixin.py:137} INFO - [2023-02-13T19:02:55.579+0000] {dag.py:3427} INFO - Setting next_dagrun for example_branch_labels to 2023-02-12T00:00:00+00:00, run_after=2023-02-13T00:00:00+00:00
[2023-02-13T19:02:55.599+0000] {processor.py:175} INFO - Processing /home/airflow/.local/lib/python3.7/site-packages/airflow/example_dags/example_branch_labels.py took 0.127 seconds
[2023-02-13T19:03:37.362+0000] {processor.py:153} INFO - Started process (PID=1086) to work on /home/airflow/.local/lib/python3.7/site-packages/airflow/example_dags/example_branch_labels.py
[2023-02-13T19:03:37.364+0000] {processor.py:743} INFO - Processing file /home/airflow/.local/lib/python3.7/site-packages/airflow/example_dags/example_branch_labels.py for tasks to queue
[2023-02-13T19:03:37.366+0000] {logging_mixin.py:137} INFO - [2023-02-13T19:03:37.366+0000] {dagbag.py:538} INFO - Filling up the DagBag from /home/airflow/.local/lib/python3.7/site-packages/airflow/example_dags/example_branch_labels.py
[2023-02-13T19:03:37.384+0000] {processor.py:753} INFO - DAG(s) dict_keys(['example_branch_labels']) retrieved from /home/airflow/.local/lib/python3.7/site-packages/airflow/example_dags/example_branch_labels.py
[2023-02-13T19:03:37.429+0000] {logging_mixin.py:137} INFO - [2023-02-13T19:03:37.429+0000] {dag.py:2676} INFO - Sync 1 DAGs
[2023-02-13T19:03:37.467+0000] {logging_mixin.py:137} INFO - [2023-02-13T19:03:37.467+0000] {dag.py:3427} INFO - Setting next_dagrun for example_branch_labels to 2023-02-12T00:00:00+00:00, run_after=2023-02-13T00:00:00+00:00
[2023-02-13T19:03:37.493+0000] {processor.py:175} INFO - Processing /home/airflow/.local/lib/python3.7/site-packages/airflow/example_dags/example_branch_labels.py took 0.136 seconds
[2023-02-13T19:04:07.905+0000] {processor.py:153} INFO - Started process (PID=1157) to work on /home/airflow/.local/lib/python3.7/site-packages/airflow/example_dags/example_branch_labels.py
[2023-02-13T19:04:07.907+0000] {processor.py:743} INFO - Processing file /home/airflow/.local/lib/python3.7/site-packages/airflow/example_dags/example_branch_labels.py for tasks to queue
[2023-02-13T19:04:07.909+0000] {logging_mixin.py:137} INFO - [2023-02-13T19:04:07.909+0000] {dagbag.py:538} INFO - Filling up the DagBag from /home/airflow/.local/lib/python3.7/site-packages/airflow/example_dags/example_branch_labels.py
[2023-02-13T19:04:07.929+0000] {processor.py:753} INFO - DAG(s) dict_keys(['example_branch_labels']) retrieved from /home/airflow/.local/lib/python3.7/site-packages/airflow/example_dags/example_branch_labels.py
[2023-02-13T19:04:07.982+0000] {logging_mixin.py:137} INFO - [2023-02-13T19:04:07.981+0000] {dag.py:2676} INFO - Sync 1 DAGs
[2023-02-13T19:04:08.019+0000] {logging_mixin.py:137} INFO - [2023-02-13T19:04:08.018+0000] {dag.py:3427} INFO - Setting next_dagrun for example_branch_labels to 2023-02-12T00:00:00+00:00, run_after=2023-02-13T00:00:00+00:00
[2023-02-13T19:04:08.048+0000] {processor.py:175} INFO - Processing /home/airflow/.local/lib/python3.7/site-packages/airflow/example_dags/example_branch_labels.py took 0.150 seconds
[2023-02-13T19:04:38.594+0000] {processor.py:153} INFO - Started process (PID=1244) to work on /home/airflow/.local/lib/python3.7/site-packages/airflow/example_dags/example_branch_labels.py
[2023-02-13T19:04:38.597+0000] {processor.py:743} INFO - Processing file /home/airflow/.local/lib/python3.7/site-packages/airflow/example_dags/example_branch_labels.py for tasks to queue
[2023-02-13T19:04:38.599+0000] {logging_mixin.py:137} INFO - [2023-02-13T19:04:38.599+0000] {dagbag.py:538} INFO - Filling up the DagBag from /home/airflow/.local/lib/python3.7/site-packages/airflow/example_dags/example_branch_labels.py
[2023-02-13T19:04:38.621+0000] {processor.py:753} INFO - DAG(s) dict_keys(['example_branch_labels']) retrieved from /home/airflow/.local/lib/python3.7/site-packages/airflow/example_dags/example_branch_labels.py
[2023-02-13T19:04:38.676+0000] {logging_mixin.py:137} INFO - [2023-02-13T19:04:38.676+0000] {dag.py:2676} INFO - Sync 1 DAGs
[2023-02-13T19:04:38.711+0000] {logging_mixin.py:137} INFO - [2023-02-13T19:04:38.711+0000] {dag.py:3427} INFO - Setting next_dagrun for example_branch_labels to 2023-02-12T00:00:00+00:00, run_after=2023-02-13T00:00:00+00:00
[2023-02-13T19:04:38.738+0000] {processor.py:175} INFO - Processing /home/airflow/.local/lib/python3.7/site-packages/airflow/example_dags/example_branch_labels.py took 0.149 seconds
[2023-02-13T19:09:16.335+0000] {processor.py:153} INFO - Started process (PID=86) to work on /home/airflow/.local/lib/python3.7/site-packages/airflow/example_dags/example_branch_labels.py
[2023-02-13T19:09:16.343+0000] {processor.py:743} INFO - Processing file /home/airflow/.local/lib/python3.7/site-packages/airflow/example_dags/example_branch_labels.py for tasks to queue
[2023-02-13T19:09:16.346+0000] {logging_mixin.py:137} INFO - [2023-02-13T19:09:16.345+0000] {dagbag.py:538} INFO - Filling up the DagBag from /home/airflow/.local/lib/python3.7/site-packages/airflow/example_dags/example_branch_labels.py
[2023-02-13T19:09:16.380+0000] {processor.py:753} INFO - DAG(s) dict_keys(['example_branch_labels']) retrieved from /home/airflow/.local/lib/python3.7/site-packages/airflow/example_dags/example_branch_labels.py
[2023-02-13T19:09:16.447+0000] {logging_mixin.py:137} INFO - [2023-02-13T19:09:16.447+0000] {dag.py:2676} INFO - Sync 1 DAGs
[2023-02-13T19:09:16.500+0000] {logging_mixin.py:137} INFO - [2023-02-13T19:09:16.499+0000] {dag.py:3427} INFO - Setting next_dagrun for example_branch_labels to 2023-02-12T00:00:00+00:00, run_after=2023-02-13T00:00:00+00:00
[2023-02-13T19:09:16.536+0000] {processor.py:175} INFO - Processing /home/airflow/.local/lib/python3.7/site-packages/airflow/example_dags/example_branch_labels.py took 0.206 seconds
[2023-02-13T19:09:46.827+0000] {processor.py:153} INFO - Started process (PID=158) to work on /home/airflow/.local/lib/python3.7/site-packages/airflow/example_dags/example_branch_labels.py
[2023-02-13T19:09:46.829+0000] {processor.py:743} INFO - Processing file /home/airflow/.local/lib/python3.7/site-packages/airflow/example_dags/example_branch_labels.py for tasks to queue
[2023-02-13T19:09:46.831+0000] {logging_mixin.py:137} INFO - [2023-02-13T19:09:46.831+0000] {dagbag.py:538} INFO - Filling up the DagBag from /home/airflow/.local/lib/python3.7/site-packages/airflow/example_dags/example_branch_labels.py
[2023-02-13T19:09:46.854+0000] {processor.py:753} INFO - DAG(s) dict_keys(['example_branch_labels']) retrieved from /home/airflow/.local/lib/python3.7/site-packages/airflow/example_dags/example_branch_labels.py
[2023-02-13T19:09:46.908+0000] {logging_mixin.py:137} INFO - [2023-02-13T19:09:46.907+0000] {dag.py:2676} INFO - Sync 1 DAGs
[2023-02-13T19:09:46.943+0000] {logging_mixin.py:137} INFO - [2023-02-13T19:09:46.943+0000] {dag.py:3427} INFO - Setting next_dagrun for example_branch_labels to 2023-02-12T00:00:00+00:00, run_after=2023-02-13T00:00:00+00:00
[2023-02-13T19:09:46.969+0000] {processor.py:175} INFO - Processing /home/airflow/.local/lib/python3.7/site-packages/airflow/example_dags/example_branch_labels.py took 0.147 seconds
[2023-02-13T19:10:17.875+0000] {processor.py:153} INFO - Started process (PID=245) to work on /home/airflow/.local/lib/python3.7/site-packages/airflow/example_dags/example_branch_labels.py
[2023-02-13T19:10:17.879+0000] {processor.py:743} INFO - Processing file /home/airflow/.local/lib/python3.7/site-packages/airflow/example_dags/example_branch_labels.py for tasks to queue
[2023-02-13T19:10:17.881+0000] {logging_mixin.py:137} INFO - [2023-02-13T19:10:17.881+0000] {dagbag.py:538} INFO - Filling up the DagBag from /home/airflow/.local/lib/python3.7/site-packages/airflow/example_dags/example_branch_labels.py
[2023-02-13T19:10:17.905+0000] {processor.py:753} INFO - DAG(s) dict_keys(['example_branch_labels']) retrieved from /home/airflow/.local/lib/python3.7/site-packages/airflow/example_dags/example_branch_labels.py
[2023-02-13T19:10:17.971+0000] {logging_mixin.py:137} INFO - [2023-02-13T19:10:17.971+0000] {dag.py:2676} INFO - Sync 1 DAGs
[2023-02-13T19:10:18.025+0000] {logging_mixin.py:137} INFO - [2023-02-13T19:10:18.025+0000] {dag.py:3427} INFO - Setting next_dagrun for example_branch_labels to 2023-02-12T00:00:00+00:00, run_after=2023-02-13T00:00:00+00:00
[2023-02-13T19:10:18.060+0000] {processor.py:175} INFO - Processing /home/airflow/.local/lib/python3.7/site-packages/airflow/example_dags/example_branch_labels.py took 0.189 seconds
