[2023-02-13T18:56:45.694+0000] {processor.py:153} INFO - Started process (PID=78) to work on /home/airflow/.local/lib/python3.7/site-packages/airflow/example_dags/example_short_circuit_decorator.py
[2023-02-13T18:56:45.696+0000] {processor.py:743} INFO - Processing file /home/airflow/.local/lib/python3.7/site-packages/airflow/example_dags/example_short_circuit_decorator.py for tasks to queue
[2023-02-13T18:56:45.697+0000] {logging_mixin.py:137} INFO - [2023-02-13T18:56:45.697+0000] {dagbag.py:538} INFO - Filling up the DagBag from /home/airflow/.local/lib/python3.7/site-packages/airflow/example_dags/example_short_circuit_decorator.py
[2023-02-13T18:56:45.728+0000] {processor.py:753} INFO - DAG(s) dict_keys(['example_short_circuit_decorator']) retrieved from /home/airflow/.local/lib/python3.7/site-packages/airflow/example_dags/example_short_circuit_decorator.py
[2023-02-13T18:56:45.776+0000] {logging_mixin.py:137} INFO - [2023-02-13T18:56:45.776+0000] {dag.py:2676} INFO - Sync 1 DAGs
[2023-02-13T18:56:45.814+0000] {logging_mixin.py:137} INFO - [2023-02-13T18:56:45.814+0000] {dag.py:3427} INFO - Setting next_dagrun for example_short_circuit_decorator to 2023-02-12T18:56:45.814417+00:00, run_after=2023-02-13T18:56:45.814417+00:00
[2023-02-13T18:56:45.844+0000] {processor.py:175} INFO - Processing /home/airflow/.local/lib/python3.7/site-packages/airflow/example_dags/example_short_circuit_decorator.py took 0.156 seconds
[2023-02-13T18:57:16.246+0000] {processor.py:153} INFO - Started process (PID=149) to work on /home/airflow/.local/lib/python3.7/site-packages/airflow/example_dags/example_short_circuit_decorator.py
[2023-02-13T18:57:16.248+0000] {processor.py:743} INFO - Processing file /home/airflow/.local/lib/python3.7/site-packages/airflow/example_dags/example_short_circuit_decorator.py for tasks to queue
[2023-02-13T18:57:16.250+0000] {logging_mixin.py:137} INFO - [2023-02-13T18:57:16.250+0000] {dagbag.py:538} INFO - Filling up the DagBag from /home/airflow/.local/lib/python3.7/site-packages/airflow/example_dags/example_short_circuit_decorator.py
[2023-02-13T18:57:16.284+0000] {processor.py:753} INFO - DAG(s) dict_keys(['example_short_circuit_decorator']) retrieved from /home/airflow/.local/lib/python3.7/site-packages/airflow/example_dags/example_short_circuit_decorator.py
[2023-02-13T18:57:16.342+0000] {logging_mixin.py:137} INFO - [2023-02-13T18:57:16.342+0000] {dag.py:2676} INFO - Sync 1 DAGs
[2023-02-13T18:57:16.381+0000] {logging_mixin.py:137} INFO - [2023-02-13T18:57:16.381+0000] {dag.py:3427} INFO - Setting next_dagrun for example_short_circuit_decorator to 2023-02-12T18:57:16.381246+00:00, run_after=2023-02-13T18:57:16.381246+00:00
[2023-02-13T18:57:16.409+0000] {processor.py:175} INFO - Processing /home/airflow/.local/lib/python3.7/site-packages/airflow/example_dags/example_short_circuit_decorator.py took 0.169 seconds
[2023-02-13T18:57:47.459+0000] {processor.py:153} INFO - Started process (PID=236) to work on /home/airflow/.local/lib/python3.7/site-packages/airflow/example_dags/example_short_circuit_decorator.py
[2023-02-13T18:57:47.462+0000] {processor.py:743} INFO - Processing file /home/airflow/.local/lib/python3.7/site-packages/airflow/example_dags/example_short_circuit_decorator.py for tasks to queue
[2023-02-13T18:57:47.464+0000] {logging_mixin.py:137} INFO - [2023-02-13T18:57:47.463+0000] {dagbag.py:538} INFO - Filling up the DagBag from /home/airflow/.local/lib/python3.7/site-packages/airflow/example_dags/example_short_circuit_decorator.py
[2023-02-13T18:57:47.498+0000] {processor.py:753} INFO - DAG(s) dict_keys(['example_short_circuit_decorator']) retrieved from /home/airflow/.local/lib/python3.7/site-packages/airflow/example_dags/example_short_circuit_decorator.py
[2023-02-13T18:57:47.542+0000] {logging_mixin.py:137} INFO - [2023-02-13T18:57:47.542+0000] {dag.py:2676} INFO - Sync 1 DAGs
[2023-02-13T18:57:47.572+0000] {logging_mixin.py:137} INFO - [2023-02-13T18:57:47.572+0000] {dag.py:3427} INFO - Setting next_dagrun for example_short_circuit_decorator to 2023-02-12T18:57:47.572386+00:00, run_after=2023-02-13T18:57:47.572386+00:00
[2023-02-13T18:57:47.596+0000] {processor.py:175} INFO - Processing /home/airflow/.local/lib/python3.7/site-packages/airflow/example_dags/example_short_circuit_decorator.py took 0.142 seconds
[2023-02-13T18:58:18.511+0000] {processor.py:153} INFO - Started process (PID=307) to work on /home/airflow/.local/lib/python3.7/site-packages/airflow/example_dags/example_short_circuit_decorator.py
[2023-02-13T18:58:18.513+0000] {processor.py:743} INFO - Processing file /home/airflow/.local/lib/python3.7/site-packages/airflow/example_dags/example_short_circuit_decorator.py for tasks to queue
[2023-02-13T18:58:18.514+0000] {logging_mixin.py:137} INFO - [2023-02-13T18:58:18.514+0000] {dagbag.py:538} INFO - Filling up the DagBag from /home/airflow/.local/lib/python3.7/site-packages/airflow/example_dags/example_short_circuit_decorator.py
[2023-02-13T18:58:18.543+0000] {processor.py:753} INFO - DAG(s) dict_keys(['example_short_circuit_decorator']) retrieved from /home/airflow/.local/lib/python3.7/site-packages/airflow/example_dags/example_short_circuit_decorator.py
[2023-02-13T18:58:18.586+0000] {logging_mixin.py:137} INFO - [2023-02-13T18:58:18.586+0000] {dag.py:2676} INFO - Sync 1 DAGs
[2023-02-13T18:58:18.615+0000] {logging_mixin.py:137} INFO - [2023-02-13T18:58:18.615+0000] {dag.py:3427} INFO - Setting next_dagrun for example_short_circuit_decorator to 2023-02-12T18:58:18.614779+00:00, run_after=2023-02-13T18:58:18.614779+00:00
[2023-02-13T18:58:18.635+0000] {processor.py:175} INFO - Processing /home/airflow/.local/lib/python3.7/site-packages/airflow/example_dags/example_short_circuit_decorator.py took 0.128 seconds
[2023-02-13T18:58:49.194+0000] {processor.py:153} INFO - Started process (PID=394) to work on /home/airflow/.local/lib/python3.7/site-packages/airflow/example_dags/example_short_circuit_decorator.py
[2023-02-13T18:58:49.196+0000] {processor.py:743} INFO - Processing file /home/airflow/.local/lib/python3.7/site-packages/airflow/example_dags/example_short_circuit_decorator.py for tasks to queue
[2023-02-13T18:58:49.198+0000] {logging_mixin.py:137} INFO - [2023-02-13T18:58:49.197+0000] {dagbag.py:538} INFO - Filling up the DagBag from /home/airflow/.local/lib/python3.7/site-packages/airflow/example_dags/example_short_circuit_decorator.py
[2023-02-13T18:58:49.227+0000] {processor.py:753} INFO - DAG(s) dict_keys(['example_short_circuit_decorator']) retrieved from /home/airflow/.local/lib/python3.7/site-packages/airflow/example_dags/example_short_circuit_decorator.py
[2023-02-13T18:58:49.272+0000] {logging_mixin.py:137} INFO - [2023-02-13T18:58:49.272+0000] {dag.py:2676} INFO - Sync 1 DAGs
[2023-02-13T18:58:49.300+0000] {logging_mixin.py:137} INFO - [2023-02-13T18:58:49.300+0000] {dag.py:3427} INFO - Setting next_dagrun for example_short_circuit_decorator to 2023-02-12T18:58:49.300107+00:00, run_after=2023-02-13T18:58:49.300107+00:00
[2023-02-13T18:58:49.322+0000] {processor.py:175} INFO - Processing /home/airflow/.local/lib/python3.7/site-packages/airflow/example_dags/example_short_circuit_decorator.py took 0.133 seconds
[2023-02-13T18:59:19.657+0000] {processor.py:153} INFO - Started process (PID=465) to work on /home/airflow/.local/lib/python3.7/site-packages/airflow/example_dags/example_short_circuit_decorator.py
[2023-02-13T18:59:19.659+0000] {processor.py:743} INFO - Processing file /home/airflow/.local/lib/python3.7/site-packages/airflow/example_dags/example_short_circuit_decorator.py for tasks to queue
[2023-02-13T18:59:19.661+0000] {logging_mixin.py:137} INFO - [2023-02-13T18:59:19.661+0000] {dagbag.py:538} INFO - Filling up the DagBag from /home/airflow/.local/lib/python3.7/site-packages/airflow/example_dags/example_short_circuit_decorator.py
[2023-02-13T18:59:19.692+0000] {processor.py:753} INFO - DAG(s) dict_keys(['example_short_circuit_decorator']) retrieved from /home/airflow/.local/lib/python3.7/site-packages/airflow/example_dags/example_short_circuit_decorator.py
[2023-02-13T18:59:19.736+0000] {logging_mixin.py:137} INFO - [2023-02-13T18:59:19.736+0000] {dag.py:2676} INFO - Sync 1 DAGs
[2023-02-13T18:59:19.766+0000] {logging_mixin.py:137} INFO - [2023-02-13T18:59:19.766+0000] {dag.py:3427} INFO - Setting next_dagrun for example_short_circuit_decorator to 2023-02-12T18:59:19.766034+00:00, run_after=2023-02-13T18:59:19.766034+00:00
[2023-02-13T18:59:19.788+0000] {processor.py:175} INFO - Processing /home/airflow/.local/lib/python3.7/site-packages/airflow/example_dags/example_short_circuit_decorator.py took 0.135 seconds
[2023-02-13T18:59:50.354+0000] {processor.py:153} INFO - Started process (PID=536) to work on /home/airflow/.local/lib/python3.7/site-packages/airflow/example_dags/example_short_circuit_decorator.py
[2023-02-13T18:59:50.356+0000] {processor.py:743} INFO - Processing file /home/airflow/.local/lib/python3.7/site-packages/airflow/example_dags/example_short_circuit_decorator.py for tasks to queue
[2023-02-13T18:59:50.357+0000] {logging_mixin.py:137} INFO - [2023-02-13T18:59:50.357+0000] {dagbag.py:538} INFO - Filling up the DagBag from /home/airflow/.local/lib/python3.7/site-packages/airflow/example_dags/example_short_circuit_decorator.py
[2023-02-13T18:59:50.391+0000] {processor.py:753} INFO - DAG(s) dict_keys(['example_short_circuit_decorator']) retrieved from /home/airflow/.local/lib/python3.7/site-packages/airflow/example_dags/example_short_circuit_decorator.py
[2023-02-13T18:59:50.435+0000] {logging_mixin.py:137} INFO - [2023-02-13T18:59:50.435+0000] {dag.py:2676} INFO - Sync 1 DAGs
[2023-02-13T18:59:50.465+0000] {logging_mixin.py:137} INFO - [2023-02-13T18:59:50.465+0000] {dag.py:3427} INFO - Setting next_dagrun for example_short_circuit_decorator to 2023-02-12T18:59:50.464908+00:00, run_after=2023-02-13T18:59:50.464908+00:00
[2023-02-13T18:59:50.491+0000] {processor.py:175} INFO - Processing /home/airflow/.local/lib/python3.7/site-packages/airflow/example_dags/example_short_circuit_decorator.py took 0.143 seconds
[2023-02-13T19:00:21.407+0000] {processor.py:153} INFO - Started process (PID=623) to work on /home/airflow/.local/lib/python3.7/site-packages/airflow/example_dags/example_short_circuit_decorator.py
[2023-02-13T19:00:21.409+0000] {processor.py:743} INFO - Processing file /home/airflow/.local/lib/python3.7/site-packages/airflow/example_dags/example_short_circuit_decorator.py for tasks to queue
[2023-02-13T19:00:21.411+0000] {logging_mixin.py:137} INFO - [2023-02-13T19:00:21.411+0000] {dagbag.py:538} INFO - Filling up the DagBag from /home/airflow/.local/lib/python3.7/site-packages/airflow/example_dags/example_short_circuit_decorator.py
[2023-02-13T19:00:21.442+0000] {processor.py:753} INFO - DAG(s) dict_keys(['example_short_circuit_decorator']) retrieved from /home/airflow/.local/lib/python3.7/site-packages/airflow/example_dags/example_short_circuit_decorator.py
[2023-02-13T19:00:21.483+0000] {logging_mixin.py:137} INFO - [2023-02-13T19:00:21.483+0000] {dag.py:2676} INFO - Sync 1 DAGs
[2023-02-13T19:00:21.512+0000] {logging_mixin.py:137} INFO - [2023-02-13T19:00:21.512+0000] {dag.py:3427} INFO - Setting next_dagrun for example_short_circuit_decorator to 2023-02-12T19:00:21.512261+00:00, run_after=2023-02-13T19:00:21.512261+00:00
[2023-02-13T19:00:21.533+0000] {processor.py:175} INFO - Processing /home/airflow/.local/lib/python3.7/site-packages/airflow/example_dags/example_short_circuit_decorator.py took 0.131 seconds
[2023-02-13T19:00:52.132+0000] {processor.py:153} INFO - Started process (PID=700) to work on /home/airflow/.local/lib/python3.7/site-packages/airflow/example_dags/example_short_circuit_decorator.py
[2023-02-13T19:00:52.134+0000] {processor.py:743} INFO - Processing file /home/airflow/.local/lib/python3.7/site-packages/airflow/example_dags/example_short_circuit_decorator.py for tasks to queue
[2023-02-13T19:00:52.136+0000] {logging_mixin.py:137} INFO - [2023-02-13T19:00:52.136+0000] {dagbag.py:538} INFO - Filling up the DagBag from /home/airflow/.local/lib/python3.7/site-packages/airflow/example_dags/example_short_circuit_decorator.py
[2023-02-13T19:00:52.166+0000] {processor.py:753} INFO - DAG(s) dict_keys(['example_short_circuit_decorator']) retrieved from /home/airflow/.local/lib/python3.7/site-packages/airflow/example_dags/example_short_circuit_decorator.py
[2023-02-13T19:00:52.211+0000] {logging_mixin.py:137} INFO - [2023-02-13T19:00:52.211+0000] {dag.py:2676} INFO - Sync 1 DAGs
[2023-02-13T19:00:52.240+0000] {logging_mixin.py:137} INFO - [2023-02-13T19:00:52.240+0000] {dag.py:3427} INFO - Setting next_dagrun for example_short_circuit_decorator to 2023-02-12T19:00:52.240371+00:00, run_after=2023-02-13T19:00:52.240371+00:00
[2023-02-13T19:00:52.262+0000] {processor.py:175} INFO - Processing /home/airflow/.local/lib/python3.7/site-packages/airflow/example_dags/example_short_circuit_decorator.py took 0.135 seconds
[2023-02-13T19:01:22.527+0000] {processor.py:153} INFO - Started process (PID=780) to work on /home/airflow/.local/lib/python3.7/site-packages/airflow/example_dags/example_short_circuit_decorator.py
[2023-02-13T19:01:22.530+0000] {processor.py:743} INFO - Processing file /home/airflow/.local/lib/python3.7/site-packages/airflow/example_dags/example_short_circuit_decorator.py for tasks to queue
[2023-02-13T19:01:22.532+0000] {logging_mixin.py:137} INFO - [2023-02-13T19:01:22.532+0000] {dagbag.py:538} INFO - Filling up the DagBag from /home/airflow/.local/lib/python3.7/site-packages/airflow/example_dags/example_short_circuit_decorator.py
[2023-02-13T19:01:22.568+0000] {processor.py:753} INFO - DAG(s) dict_keys(['example_short_circuit_decorator']) retrieved from /home/airflow/.local/lib/python3.7/site-packages/airflow/example_dags/example_short_circuit_decorator.py
[2023-02-13T19:01:22.617+0000] {logging_mixin.py:137} INFO - [2023-02-13T19:01:22.616+0000] {dag.py:2676} INFO - Sync 1 DAGs
[2023-02-13T19:01:22.645+0000] {logging_mixin.py:137} INFO - [2023-02-13T19:01:22.645+0000] {dag.py:3427} INFO - Setting next_dagrun for example_short_circuit_decorator to 2023-02-12T19:01:22.645498+00:00, run_after=2023-02-13T19:01:22.645498+00:00
[2023-02-13T19:01:22.666+0000] {processor.py:175} INFO - Processing /home/airflow/.local/lib/python3.7/site-packages/airflow/example_dags/example_short_circuit_decorator.py took 0.144 seconds
[2023-02-13T19:01:52.808+0000] {processor.py:153} INFO - Started process (PID=851) to work on /home/airflow/.local/lib/python3.7/site-packages/airflow/example_dags/example_short_circuit_decorator.py
[2023-02-13T19:01:52.810+0000] {processor.py:743} INFO - Processing file /home/airflow/.local/lib/python3.7/site-packages/airflow/example_dags/example_short_circuit_decorator.py for tasks to queue
[2023-02-13T19:01:52.811+0000] {logging_mixin.py:137} INFO - [2023-02-13T19:01:52.811+0000] {dagbag.py:538} INFO - Filling up the DagBag from /home/airflow/.local/lib/python3.7/site-packages/airflow/example_dags/example_short_circuit_decorator.py
[2023-02-13T19:01:52.847+0000] {processor.py:753} INFO - DAG(s) dict_keys(['example_short_circuit_decorator']) retrieved from /home/airflow/.local/lib/python3.7/site-packages/airflow/example_dags/example_short_circuit_decorator.py
[2023-02-13T19:01:52.892+0000] {logging_mixin.py:137} INFO - [2023-02-13T19:01:52.891+0000] {dag.py:2676} INFO - Sync 1 DAGs
[2023-02-13T19:01:52.924+0000] {logging_mixin.py:137} INFO - [2023-02-13T19:01:52.924+0000] {dag.py:3427} INFO - Setting next_dagrun for example_short_circuit_decorator to 2023-02-12T19:01:52.923910+00:00, run_after=2023-02-13T19:01:52.923910+00:00
[2023-02-13T19:01:52.951+0000] {processor.py:175} INFO - Processing /home/airflow/.local/lib/python3.7/site-packages/airflow/example_dags/example_short_circuit_decorator.py took 0.147 seconds
[2023-02-13T19:02:23.500+0000] {processor.py:153} INFO - Started process (PID=938) to work on /home/airflow/.local/lib/python3.7/site-packages/airflow/example_dags/example_short_circuit_decorator.py
[2023-02-13T19:02:23.502+0000] {processor.py:743} INFO - Processing file /home/airflow/.local/lib/python3.7/site-packages/airflow/example_dags/example_short_circuit_decorator.py for tasks to queue
[2023-02-13T19:02:23.504+0000] {logging_mixin.py:137} INFO - [2023-02-13T19:02:23.504+0000] {dagbag.py:538} INFO - Filling up the DagBag from /home/airflow/.local/lib/python3.7/site-packages/airflow/example_dags/example_short_circuit_decorator.py
[2023-02-13T19:02:23.534+0000] {processor.py:753} INFO - DAG(s) dict_keys(['example_short_circuit_decorator']) retrieved from /home/airflow/.local/lib/python3.7/site-packages/airflow/example_dags/example_short_circuit_decorator.py
[2023-02-13T19:02:23.577+0000] {logging_mixin.py:137} INFO - [2023-02-13T19:02:23.577+0000] {dag.py:2676} INFO - Sync 1 DAGs
[2023-02-13T19:02:23.607+0000] {logging_mixin.py:137} INFO - [2023-02-13T19:02:23.606+0000] {dag.py:3427} INFO - Setting next_dagrun for example_short_circuit_decorator to 2023-02-12T19:02:23.606591+00:00, run_after=2023-02-13T19:02:23.606591+00:00
[2023-02-13T19:02:23.627+0000] {processor.py:175} INFO - Processing /home/airflow/.local/lib/python3.7/site-packages/airflow/example_dags/example_short_circuit_decorator.py took 0.131 seconds
[2023-02-13T19:02:53.919+0000] {processor.py:153} INFO - Started process (PID=1009) to work on /home/airflow/.local/lib/python3.7/site-packages/airflow/example_dags/example_short_circuit_decorator.py
[2023-02-13T19:02:53.921+0000] {processor.py:743} INFO - Processing file /home/airflow/.local/lib/python3.7/site-packages/airflow/example_dags/example_short_circuit_decorator.py for tasks to queue
[2023-02-13T19:02:53.923+0000] {logging_mixin.py:137} INFO - [2023-02-13T19:02:53.923+0000] {dagbag.py:538} INFO - Filling up the DagBag from /home/airflow/.local/lib/python3.7/site-packages/airflow/example_dags/example_short_circuit_decorator.py
[2023-02-13T19:02:53.953+0000] {processor.py:753} INFO - DAG(s) dict_keys(['example_short_circuit_decorator']) retrieved from /home/airflow/.local/lib/python3.7/site-packages/airflow/example_dags/example_short_circuit_decorator.py
[2023-02-13T19:02:54.004+0000] {logging_mixin.py:137} INFO - [2023-02-13T19:02:54.003+0000] {dag.py:2676} INFO - Sync 1 DAGs
[2023-02-13T19:02:54.038+0000] {logging_mixin.py:137} INFO - [2023-02-13T19:02:54.038+0000] {dag.py:3427} INFO - Setting next_dagrun for example_short_circuit_decorator to 2023-02-12T19:02:54.037786+00:00, run_after=2023-02-13T19:02:54.037786+00:00
[2023-02-13T19:02:54.062+0000] {processor.py:175} INFO - Processing /home/airflow/.local/lib/python3.7/site-packages/airflow/example_dags/example_short_circuit_decorator.py took 0.147 seconds
[2023-02-13T19:03:36.756+0000] {processor.py:153} INFO - Started process (PID=1079) to work on /home/airflow/.local/lib/python3.7/site-packages/airflow/example_dags/example_short_circuit_decorator.py
[2023-02-13T19:03:36.758+0000] {processor.py:743} INFO - Processing file /home/airflow/.local/lib/python3.7/site-packages/airflow/example_dags/example_short_circuit_decorator.py for tasks to queue
[2023-02-13T19:03:36.760+0000] {logging_mixin.py:137} INFO - [2023-02-13T19:03:36.760+0000] {dagbag.py:538} INFO - Filling up the DagBag from /home/airflow/.local/lib/python3.7/site-packages/airflow/example_dags/example_short_circuit_decorator.py
[2023-02-13T19:03:36.798+0000] {processor.py:753} INFO - DAG(s) dict_keys(['example_short_circuit_decorator']) retrieved from /home/airflow/.local/lib/python3.7/site-packages/airflow/example_dags/example_short_circuit_decorator.py
[2023-02-13T19:03:36.855+0000] {logging_mixin.py:137} INFO - [2023-02-13T19:03:36.855+0000] {dag.py:2676} INFO - Sync 1 DAGs
[2023-02-13T19:03:36.893+0000] {logging_mixin.py:137} INFO - [2023-02-13T19:03:36.893+0000] {dag.py:3427} INFO - Setting next_dagrun for example_short_circuit_decorator to 2023-02-12T19:03:36.892886+00:00, run_after=2023-02-13T19:03:36.892886+00:00
[2023-02-13T19:03:36.921+0000] {processor.py:175} INFO - Processing /home/airflow/.local/lib/python3.7/site-packages/airflow/example_dags/example_short_circuit_decorator.py took 0.170 seconds
[2023-02-13T19:04:07.230+0000] {processor.py:153} INFO - Started process (PID=1150) to work on /home/airflow/.local/lib/python3.7/site-packages/airflow/example_dags/example_short_circuit_decorator.py
[2023-02-13T19:04:07.232+0000] {processor.py:743} INFO - Processing file /home/airflow/.local/lib/python3.7/site-packages/airflow/example_dags/example_short_circuit_decorator.py for tasks to queue
[2023-02-13T19:04:07.235+0000] {logging_mixin.py:137} INFO - [2023-02-13T19:04:07.235+0000] {dagbag.py:538} INFO - Filling up the DagBag from /home/airflow/.local/lib/python3.7/site-packages/airflow/example_dags/example_short_circuit_decorator.py
[2023-02-13T19:04:07.273+0000] {processor.py:753} INFO - DAG(s) dict_keys(['example_short_circuit_decorator']) retrieved from /home/airflow/.local/lib/python3.7/site-packages/airflow/example_dags/example_short_circuit_decorator.py
[2023-02-13T19:04:07.326+0000] {logging_mixin.py:137} INFO - [2023-02-13T19:04:07.326+0000] {dag.py:2676} INFO - Sync 1 DAGs
[2023-02-13T19:04:07.362+0000] {logging_mixin.py:137} INFO - [2023-02-13T19:04:07.361+0000] {dag.py:3427} INFO - Setting next_dagrun for example_short_circuit_decorator to 2023-02-12T19:04:07.361475+00:00, run_after=2023-02-13T19:04:07.361475+00:00
[2023-02-13T19:04:07.387+0000] {processor.py:175} INFO - Processing /home/airflow/.local/lib/python3.7/site-packages/airflow/example_dags/example_short_circuit_decorator.py took 0.162 seconds
[2023-02-13T19:04:37.902+0000] {processor.py:153} INFO - Started process (PID=1230) to work on /home/airflow/.local/lib/python3.7/site-packages/airflow/example_dags/example_short_circuit_decorator.py
[2023-02-13T19:04:37.905+0000] {processor.py:743} INFO - Processing file /home/airflow/.local/lib/python3.7/site-packages/airflow/example_dags/example_short_circuit_decorator.py for tasks to queue
[2023-02-13T19:04:37.906+0000] {logging_mixin.py:137} INFO - [2023-02-13T19:04:37.906+0000] {dagbag.py:538} INFO - Filling up the DagBag from /home/airflow/.local/lib/python3.7/site-packages/airflow/example_dags/example_short_circuit_decorator.py
[2023-02-13T19:04:37.949+0000] {processor.py:753} INFO - DAG(s) dict_keys(['example_short_circuit_decorator']) retrieved from /home/airflow/.local/lib/python3.7/site-packages/airflow/example_dags/example_short_circuit_decorator.py
[2023-02-13T19:04:38.006+0000] {logging_mixin.py:137} INFO - [2023-02-13T19:04:38.006+0000] {dag.py:2676} INFO - Sync 1 DAGs
[2023-02-13T19:04:38.044+0000] {logging_mixin.py:137} INFO - [2023-02-13T19:04:38.044+0000] {dag.py:3427} INFO - Setting next_dagrun for example_short_circuit_decorator to 2023-02-12T19:04:38.043757+00:00, run_after=2023-02-13T19:04:38.043757+00:00
[2023-02-13T19:04:38.070+0000] {processor.py:175} INFO - Processing /home/airflow/.local/lib/python3.7/site-packages/airflow/example_dags/example_short_circuit_decorator.py took 0.172 seconds
[2023-02-13T19:09:15.306+0000] {processor.py:153} INFO - Started process (PID=79) to work on /home/airflow/.local/lib/python3.7/site-packages/airflow/example_dags/example_short_circuit_decorator.py
[2023-02-13T19:09:15.310+0000] {processor.py:743} INFO - Processing file /home/airflow/.local/lib/python3.7/site-packages/airflow/example_dags/example_short_circuit_decorator.py for tasks to queue
[2023-02-13T19:09:15.313+0000] {logging_mixin.py:137} INFO - [2023-02-13T19:09:15.313+0000] {dagbag.py:538} INFO - Filling up the DagBag from /home/airflow/.local/lib/python3.7/site-packages/airflow/example_dags/example_short_circuit_decorator.py
[2023-02-13T19:09:15.375+0000] {processor.py:753} INFO - DAG(s) dict_keys(['example_short_circuit_decorator']) retrieved from /home/airflow/.local/lib/python3.7/site-packages/airflow/example_dags/example_short_circuit_decorator.py
[2023-02-13T19:09:15.456+0000] {logging_mixin.py:137} INFO - [2023-02-13T19:09:15.456+0000] {dag.py:2676} INFO - Sync 1 DAGs
[2023-02-13T19:09:15.503+0000] {logging_mixin.py:137} INFO - [2023-02-13T19:09:15.502+0000] {dag.py:3427} INFO - Setting next_dagrun for example_short_circuit_decorator to 2023-02-12T19:09:15.502283+00:00, run_after=2023-02-13T19:09:15.502283+00:00
[2023-02-13T19:09:15.539+0000] {processor.py:175} INFO - Processing /home/airflow/.local/lib/python3.7/site-packages/airflow/example_dags/example_short_circuit_decorator.py took 0.240 seconds
[2023-02-13T19:09:45.912+0000] {processor.py:153} INFO - Started process (PID=151) to work on /home/airflow/.local/lib/python3.7/site-packages/airflow/example_dags/example_short_circuit_decorator.py
[2023-02-13T19:09:45.922+0000] {processor.py:743} INFO - Processing file /home/airflow/.local/lib/python3.7/site-packages/airflow/example_dags/example_short_circuit_decorator.py for tasks to queue
[2023-02-13T19:09:45.925+0000] {logging_mixin.py:137} INFO - [2023-02-13T19:09:45.924+0000] {dagbag.py:538} INFO - Filling up the DagBag from /home/airflow/.local/lib/python3.7/site-packages/airflow/example_dags/example_short_circuit_decorator.py
[2023-02-13T19:09:45.985+0000] {processor.py:753} INFO - DAG(s) dict_keys(['example_short_circuit_decorator']) retrieved from /home/airflow/.local/lib/python3.7/site-packages/airflow/example_dags/example_short_circuit_decorator.py
[2023-02-13T19:09:46.075+0000] {logging_mixin.py:137} INFO - [2023-02-13T19:09:46.075+0000] {dag.py:2676} INFO - Sync 1 DAGs
[2023-02-13T19:09:46.119+0000] {logging_mixin.py:137} INFO - [2023-02-13T19:09:46.119+0000] {dag.py:3427} INFO - Setting next_dagrun for example_short_circuit_decorator to 2023-02-12T19:09:46.118647+00:00, run_after=2023-02-13T19:09:46.118647+00:00
[2023-02-13T19:09:46.158+0000] {processor.py:175} INFO - Processing /home/airflow/.local/lib/python3.7/site-packages/airflow/example_dags/example_short_circuit_decorator.py took 0.254 seconds
[2023-02-13T19:10:17.167+0000] {processor.py:153} INFO - Started process (PID=238) to work on /home/airflow/.local/lib/python3.7/site-packages/airflow/example_dags/example_short_circuit_decorator.py
[2023-02-13T19:10:17.169+0000] {processor.py:743} INFO - Processing file /home/airflow/.local/lib/python3.7/site-packages/airflow/example_dags/example_short_circuit_decorator.py for tasks to queue
[2023-02-13T19:10:17.171+0000] {logging_mixin.py:137} INFO - [2023-02-13T19:10:17.171+0000] {dagbag.py:538} INFO - Filling up the DagBag from /home/airflow/.local/lib/python3.7/site-packages/airflow/example_dags/example_short_circuit_decorator.py
[2023-02-13T19:10:17.208+0000] {processor.py:753} INFO - DAG(s) dict_keys(['example_short_circuit_decorator']) retrieved from /home/airflow/.local/lib/python3.7/site-packages/airflow/example_dags/example_short_circuit_decorator.py
[2023-02-13T19:10:17.261+0000] {logging_mixin.py:137} INFO - [2023-02-13T19:10:17.260+0000] {dag.py:2676} INFO - Sync 1 DAGs
[2023-02-13T19:10:17.296+0000] {logging_mixin.py:137} INFO - [2023-02-13T19:10:17.296+0000] {dag.py:3427} INFO - Setting next_dagrun for example_short_circuit_decorator to 2023-02-12T19:10:17.296121+00:00, run_after=2023-02-13T19:10:17.296121+00:00
[2023-02-13T19:10:17.321+0000] {processor.py:175} INFO - Processing /home/airflow/.local/lib/python3.7/site-packages/airflow/example_dags/example_short_circuit_decorator.py took 0.159 seconds
