[2023-02-13T18:56:47.205+0000] {processor.py:153} INFO - Started process (PID=87) to work on /home/airflow/.local/lib/python3.7/site-packages/airflow/example_dags/example_datasets.py
[2023-02-13T18:56:47.245+0000] {processor.py:743} INFO - Processing file /home/airflow/.local/lib/python3.7/site-packages/airflow/example_dags/example_datasets.py for tasks to queue
[2023-02-13T18:56:47.247+0000] {logging_mixin.py:137} INFO - [2023-02-13T18:56:47.247+0000] {dagbag.py:538} INFO - Filling up the DagBag from /home/airflow/.local/lib/python3.7/site-packages/airflow/example_dags/example_datasets.py
[2023-02-13T18:56:47.269+0000] {processor.py:753} INFO - DAG(s) dict_keys(['dataset_produces_2', 'dataset_produces_1', 'dataset_consumes_1_never_scheduled', 'dataset_consumes_unknown_never_scheduled', 'dataset_consumes_1', 'dataset_consumes_1_and_2']) retrieved from /home/airflow/.local/lib/python3.7/site-packages/airflow/example_dags/example_datasets.py
[2023-02-13T18:56:47.402+0000] {logging_mixin.py:137} INFO - [2023-02-13T18:56:47.402+0000] {dag.py:2676} INFO - Sync 6 DAGs
[2023-02-13T18:56:47.447+0000] {logging_mixin.py:137} INFO - [2023-02-13T18:56:47.447+0000] {dag.py:3427} INFO - Setting next_dagrun for dataset_consumes_1 to None, run_after=None
[2023-02-13T18:56:47.452+0000] {logging_mixin.py:137} INFO - [2023-02-13T18:56:47.452+0000] {dag.py:3427} INFO - Setting next_dagrun for dataset_consumes_1_and_2 to None, run_after=None
[2023-02-13T18:56:47.455+0000] {logging_mixin.py:137} INFO - [2023-02-13T18:56:47.455+0000] {dag.py:3427} INFO - Setting next_dagrun for dataset_consumes_1_never_scheduled to None, run_after=None
[2023-02-13T18:56:47.458+0000] {logging_mixin.py:137} INFO - [2023-02-13T18:56:47.458+0000] {dag.py:3427} INFO - Setting next_dagrun for dataset_consumes_unknown_never_scheduled to None, run_after=None
[2023-02-13T18:56:47.465+0000] {logging_mixin.py:137} INFO - [2023-02-13T18:56:47.464+0000] {dag.py:3427} INFO - Setting next_dagrun for dataset_produces_1 to 2023-02-12T00:00:00+00:00, run_after=2023-02-13T00:00:00+00:00
[2023-02-13T18:56:47.469+0000] {logging_mixin.py:137} INFO - [2023-02-13T18:56:47.468+0000] {dag.py:3427} INFO - Setting next_dagrun for dataset_produces_2 to None, run_after=None
[2023-02-13T18:56:47.536+0000] {processor.py:175} INFO - Processing /home/airflow/.local/lib/python3.7/site-packages/airflow/example_dags/example_datasets.py took 0.336 seconds
[2023-02-13T18:57:18.177+0000] {processor.py:153} INFO - Started process (PID=158) to work on /home/airflow/.local/lib/python3.7/site-packages/airflow/example_dags/example_datasets.py
[2023-02-13T18:57:18.180+0000] {processor.py:743} INFO - Processing file /home/airflow/.local/lib/python3.7/site-packages/airflow/example_dags/example_datasets.py for tasks to queue
[2023-02-13T18:57:18.181+0000] {logging_mixin.py:137} INFO - [2023-02-13T18:57:18.181+0000] {dagbag.py:538} INFO - Filling up the DagBag from /home/airflow/.local/lib/python3.7/site-packages/airflow/example_dags/example_datasets.py
[2023-02-13T18:57:18.205+0000] {processor.py:753} INFO - DAG(s) dict_keys(['dataset_consumes_1', 'dataset_consumes_1_never_scheduled', 'dataset_produces_1', 'dataset_produces_2', 'dataset_consumes_1_and_2', 'dataset_consumes_unknown_never_scheduled']) retrieved from /home/airflow/.local/lib/python3.7/site-packages/airflow/example_dags/example_datasets.py
[2023-02-13T18:57:18.279+0000] {logging_mixin.py:137} INFO - [2023-02-13T18:57:18.279+0000] {dag.py:2676} INFO - Sync 6 DAGs
[2023-02-13T18:57:18.317+0000] {logging_mixin.py:137} INFO - [2023-02-13T18:57:18.317+0000] {dag.py:3427} INFO - Setting next_dagrun for dataset_consumes_1 to None, run_after=None
[2023-02-13T18:57:18.323+0000] {logging_mixin.py:137} INFO - [2023-02-13T18:57:18.323+0000] {dag.py:3427} INFO - Setting next_dagrun for dataset_consumes_1_and_2 to None, run_after=None
[2023-02-13T18:57:18.326+0000] {logging_mixin.py:137} INFO - [2023-02-13T18:57:18.326+0000] {dag.py:3427} INFO - Setting next_dagrun for dataset_consumes_1_never_scheduled to None, run_after=None
[2023-02-13T18:57:18.328+0000] {logging_mixin.py:137} INFO - [2023-02-13T18:57:18.328+0000] {dag.py:3427} INFO - Setting next_dagrun for dataset_consumes_unknown_never_scheduled to None, run_after=None
[2023-02-13T18:57:18.334+0000] {logging_mixin.py:137} INFO - [2023-02-13T18:57:18.334+0000] {dag.py:3427} INFO - Setting next_dagrun for dataset_produces_1 to 2023-02-12T00:00:00+00:00, run_after=2023-02-13T00:00:00+00:00
[2023-02-13T18:57:18.337+0000] {logging_mixin.py:137} INFO - [2023-02-13T18:57:18.337+0000] {dag.py:3427} INFO - Setting next_dagrun for dataset_produces_2 to None, run_after=None
[2023-02-13T18:57:18.386+0000] {processor.py:175} INFO - Processing /home/airflow/.local/lib/python3.7/site-packages/airflow/example_dags/example_datasets.py took 0.214 seconds
[2023-02-13T18:57:48.463+0000] {processor.py:153} INFO - Started process (PID=245) to work on /home/airflow/.local/lib/python3.7/site-packages/airflow/example_dags/example_datasets.py
[2023-02-13T18:57:48.466+0000] {processor.py:743} INFO - Processing file /home/airflow/.local/lib/python3.7/site-packages/airflow/example_dags/example_datasets.py for tasks to queue
[2023-02-13T18:57:48.468+0000] {logging_mixin.py:137} INFO - [2023-02-13T18:57:48.468+0000] {dagbag.py:538} INFO - Filling up the DagBag from /home/airflow/.local/lib/python3.7/site-packages/airflow/example_dags/example_datasets.py
[2023-02-13T18:57:48.491+0000] {processor.py:753} INFO - DAG(s) dict_keys(['dataset_produces_1', 'dataset_consumes_1_never_scheduled', 'dataset_consumes_unknown_never_scheduled', 'dataset_consumes_1', 'dataset_consumes_1_and_2', 'dataset_produces_2']) retrieved from /home/airflow/.local/lib/python3.7/site-packages/airflow/example_dags/example_datasets.py
[2023-02-13T18:57:48.552+0000] {logging_mixin.py:137} INFO - [2023-02-13T18:57:48.552+0000] {dag.py:2676} INFO - Sync 6 DAGs
[2023-02-13T18:57:48.585+0000] {logging_mixin.py:137} INFO - [2023-02-13T18:57:48.585+0000] {dag.py:3427} INFO - Setting next_dagrun for dataset_consumes_1 to None, run_after=None
[2023-02-13T18:57:48.590+0000] {logging_mixin.py:137} INFO - [2023-02-13T18:57:48.590+0000] {dag.py:3427} INFO - Setting next_dagrun for dataset_consumes_1_and_2 to None, run_after=None
[2023-02-13T18:57:48.592+0000] {logging_mixin.py:137} INFO - [2023-02-13T18:57:48.592+0000] {dag.py:3427} INFO - Setting next_dagrun for dataset_consumes_1_never_scheduled to None, run_after=None
[2023-02-13T18:57:48.594+0000] {logging_mixin.py:137} INFO - [2023-02-13T18:57:48.594+0000] {dag.py:3427} INFO - Setting next_dagrun for dataset_consumes_unknown_never_scheduled to None, run_after=None
[2023-02-13T18:57:48.598+0000] {logging_mixin.py:137} INFO - [2023-02-13T18:57:48.598+0000] {dag.py:3427} INFO - Setting next_dagrun for dataset_produces_1 to 2023-02-12T00:00:00+00:00, run_after=2023-02-13T00:00:00+00:00
[2023-02-13T18:57:48.600+0000] {logging_mixin.py:137} INFO - [2023-02-13T18:57:48.600+0000] {dag.py:3427} INFO - Setting next_dagrun for dataset_produces_2 to None, run_after=None
[2023-02-13T18:57:48.639+0000] {processor.py:175} INFO - Processing /home/airflow/.local/lib/python3.7/site-packages/airflow/example_dags/example_datasets.py took 0.180 seconds
[2023-02-13T18:58:19.467+0000] {processor.py:153} INFO - Started process (PID=316) to work on /home/airflow/.local/lib/python3.7/site-packages/airflow/example_dags/example_datasets.py
[2023-02-13T18:58:19.470+0000] {processor.py:743} INFO - Processing file /home/airflow/.local/lib/python3.7/site-packages/airflow/example_dags/example_datasets.py for tasks to queue
[2023-02-13T18:58:19.472+0000] {logging_mixin.py:137} INFO - [2023-02-13T18:58:19.472+0000] {dagbag.py:538} INFO - Filling up the DagBag from /home/airflow/.local/lib/python3.7/site-packages/airflow/example_dags/example_datasets.py
[2023-02-13T18:58:19.497+0000] {processor.py:753} INFO - DAG(s) dict_keys(['dataset_consumes_unknown_never_scheduled', 'dataset_consumes_1_never_scheduled', 'dataset_produces_2', 'dataset_consumes_1', 'dataset_produces_1', 'dataset_consumes_1_and_2']) retrieved from /home/airflow/.local/lib/python3.7/site-packages/airflow/example_dags/example_datasets.py
[2023-02-13T18:58:19.577+0000] {logging_mixin.py:137} INFO - [2023-02-13T18:58:19.577+0000] {dag.py:2676} INFO - Sync 6 DAGs
[2023-02-13T18:58:19.618+0000] {logging_mixin.py:137} INFO - [2023-02-13T18:58:19.618+0000] {dag.py:3427} INFO - Setting next_dagrun for dataset_consumes_1 to None, run_after=None
[2023-02-13T18:58:19.624+0000] {logging_mixin.py:137} INFO - [2023-02-13T18:58:19.624+0000] {dag.py:3427} INFO - Setting next_dagrun for dataset_consumes_1_and_2 to None, run_after=None
[2023-02-13T18:58:19.628+0000] {logging_mixin.py:137} INFO - [2023-02-13T18:58:19.628+0000] {dag.py:3427} INFO - Setting next_dagrun for dataset_consumes_1_never_scheduled to None, run_after=None
[2023-02-13T18:58:19.630+0000] {logging_mixin.py:137} INFO - [2023-02-13T18:58:19.630+0000] {dag.py:3427} INFO - Setting next_dagrun for dataset_consumes_unknown_never_scheduled to None, run_after=None
[2023-02-13T18:58:19.636+0000] {logging_mixin.py:137} INFO - [2023-02-13T18:58:19.636+0000] {dag.py:3427} INFO - Setting next_dagrun for dataset_produces_1 to 2023-02-12T00:00:00+00:00, run_after=2023-02-13T00:00:00+00:00
[2023-02-13T18:58:19.639+0000] {logging_mixin.py:137} INFO - [2023-02-13T18:58:19.639+0000] {dag.py:3427} INFO - Setting next_dagrun for dataset_produces_2 to None, run_after=None
[2023-02-13T18:58:19.689+0000] {processor.py:175} INFO - Processing /home/airflow/.local/lib/python3.7/site-packages/airflow/example_dags/example_datasets.py took 0.229 seconds
[2023-02-13T18:58:50.678+0000] {processor.py:153} INFO - Started process (PID=403) to work on /home/airflow/.local/lib/python3.7/site-packages/airflow/example_dags/example_datasets.py
[2023-02-13T18:58:50.682+0000] {processor.py:743} INFO - Processing file /home/airflow/.local/lib/python3.7/site-packages/airflow/example_dags/example_datasets.py for tasks to queue
[2023-02-13T18:58:50.684+0000] {logging_mixin.py:137} INFO - [2023-02-13T18:58:50.684+0000] {dagbag.py:538} INFO - Filling up the DagBag from /home/airflow/.local/lib/python3.7/site-packages/airflow/example_dags/example_datasets.py
[2023-02-13T18:58:50.713+0000] {processor.py:753} INFO - DAG(s) dict_keys(['dataset_produces_2', 'dataset_produces_1', 'dataset_consumes_1', 'dataset_consumes_1_never_scheduled', 'dataset_consumes_1_and_2', 'dataset_consumes_unknown_never_scheduled']) retrieved from /home/airflow/.local/lib/python3.7/site-packages/airflow/example_dags/example_datasets.py
[2023-02-13T18:58:50.801+0000] {logging_mixin.py:137} INFO - [2023-02-13T18:58:50.801+0000] {dag.py:2676} INFO - Sync 6 DAGs
[2023-02-13T18:58:50.848+0000] {logging_mixin.py:137} INFO - [2023-02-13T18:58:50.848+0000] {dag.py:3427} INFO - Setting next_dagrun for dataset_consumes_1 to None, run_after=None
[2023-02-13T18:58:50.856+0000] {logging_mixin.py:137} INFO - [2023-02-13T18:58:50.855+0000] {dag.py:3427} INFO - Setting next_dagrun for dataset_consumes_1_and_2 to None, run_after=None
[2023-02-13T18:58:50.859+0000] {logging_mixin.py:137} INFO - [2023-02-13T18:58:50.859+0000] {dag.py:3427} INFO - Setting next_dagrun for dataset_consumes_1_never_scheduled to None, run_after=None
[2023-02-13T18:58:50.862+0000] {logging_mixin.py:137} INFO - [2023-02-13T18:58:50.862+0000] {dag.py:3427} INFO - Setting next_dagrun for dataset_consumes_unknown_never_scheduled to None, run_after=None
[2023-02-13T18:58:50.868+0000] {logging_mixin.py:137} INFO - [2023-02-13T18:58:50.868+0000] {dag.py:3427} INFO - Setting next_dagrun for dataset_produces_1 to 2023-02-12T00:00:00+00:00, run_after=2023-02-13T00:00:00+00:00
[2023-02-13T18:58:50.871+0000] {logging_mixin.py:137} INFO - [2023-02-13T18:58:50.871+0000] {dag.py:3427} INFO - Setting next_dagrun for dataset_produces_2 to None, run_after=None
[2023-02-13T18:58:50.923+0000] {processor.py:175} INFO - Processing /home/airflow/.local/lib/python3.7/site-packages/airflow/example_dags/example_datasets.py took 0.251 seconds
[2023-02-13T18:59:21.319+0000] {processor.py:153} INFO - Started process (PID=474) to work on /home/airflow/.local/lib/python3.7/site-packages/airflow/example_dags/example_datasets.py
[2023-02-13T18:59:21.323+0000] {processor.py:743} INFO - Processing file /home/airflow/.local/lib/python3.7/site-packages/airflow/example_dags/example_datasets.py for tasks to queue
[2023-02-13T18:59:21.326+0000] {logging_mixin.py:137} INFO - [2023-02-13T18:59:21.326+0000] {dagbag.py:538} INFO - Filling up the DagBag from /home/airflow/.local/lib/python3.7/site-packages/airflow/example_dags/example_datasets.py
[2023-02-13T18:59:21.369+0000] {processor.py:753} INFO - DAG(s) dict_keys(['dataset_consumes_unknown_never_scheduled', 'dataset_consumes_1', 'dataset_produces_2', 'dataset_produces_1', 'dataset_consumes_1_never_scheduled', 'dataset_consumes_1_and_2']) retrieved from /home/airflow/.local/lib/python3.7/site-packages/airflow/example_dags/example_datasets.py
[2023-02-13T18:59:21.458+0000] {logging_mixin.py:137} INFO - [2023-02-13T18:59:21.458+0000] {dag.py:2676} INFO - Sync 6 DAGs
[2023-02-13T18:59:21.495+0000] {logging_mixin.py:137} INFO - [2023-02-13T18:59:21.495+0000] {dag.py:3427} INFO - Setting next_dagrun for dataset_consumes_1 to None, run_after=None
[2023-02-13T18:59:21.502+0000] {logging_mixin.py:137} INFO - [2023-02-13T18:59:21.502+0000] {dag.py:3427} INFO - Setting next_dagrun for dataset_consumes_1_and_2 to None, run_after=None
[2023-02-13T18:59:21.507+0000] {logging_mixin.py:137} INFO - [2023-02-13T18:59:21.506+0000] {dag.py:3427} INFO - Setting next_dagrun for dataset_consumes_1_never_scheduled to None, run_after=None
[2023-02-13T18:59:21.511+0000] {logging_mixin.py:137} INFO - [2023-02-13T18:59:21.510+0000] {dag.py:3427} INFO - Setting next_dagrun for dataset_consumes_unknown_never_scheduled to None, run_after=None
[2023-02-13T18:59:21.517+0000] {logging_mixin.py:137} INFO - [2023-02-13T18:59:21.517+0000] {dag.py:3427} INFO - Setting next_dagrun for dataset_produces_1 to 2023-02-12T00:00:00+00:00, run_after=2023-02-13T00:00:00+00:00
[2023-02-13T18:59:21.523+0000] {logging_mixin.py:137} INFO - [2023-02-13T18:59:21.522+0000] {dag.py:3427} INFO - Setting next_dagrun for dataset_produces_2 to None, run_after=None
[2023-02-13T18:59:21.645+0000] {processor.py:175} INFO - Processing /home/airflow/.local/lib/python3.7/site-packages/airflow/example_dags/example_datasets.py took 0.333 seconds
[2023-02-13T18:59:52.210+0000] {processor.py:153} INFO - Started process (PID=561) to work on /home/airflow/.local/lib/python3.7/site-packages/airflow/example_dags/example_datasets.py
[2023-02-13T18:59:52.212+0000] {processor.py:743} INFO - Processing file /home/airflow/.local/lib/python3.7/site-packages/airflow/example_dags/example_datasets.py for tasks to queue
[2023-02-13T18:59:52.214+0000] {logging_mixin.py:137} INFO - [2023-02-13T18:59:52.214+0000] {dagbag.py:538} INFO - Filling up the DagBag from /home/airflow/.local/lib/python3.7/site-packages/airflow/example_dags/example_datasets.py
[2023-02-13T18:59:52.235+0000] {processor.py:753} INFO - DAG(s) dict_keys(['dataset_produces_2', 'dataset_consumes_1', 'dataset_consumes_unknown_never_scheduled', 'dataset_produces_1', 'dataset_consumes_1_and_2', 'dataset_consumes_1_never_scheduled']) retrieved from /home/airflow/.local/lib/python3.7/site-packages/airflow/example_dags/example_datasets.py
[2023-02-13T18:59:52.304+0000] {logging_mixin.py:137} INFO - [2023-02-13T18:59:52.304+0000] {dag.py:2676} INFO - Sync 6 DAGs
[2023-02-13T18:59:52.343+0000] {logging_mixin.py:137} INFO - [2023-02-13T18:59:52.342+0000] {dag.py:3427} INFO - Setting next_dagrun for dataset_consumes_1 to None, run_after=None
[2023-02-13T18:59:52.349+0000] {logging_mixin.py:137} INFO - [2023-02-13T18:59:52.349+0000] {dag.py:3427} INFO - Setting next_dagrun for dataset_consumes_1_and_2 to None, run_after=None
[2023-02-13T18:59:52.352+0000] {logging_mixin.py:137} INFO - [2023-02-13T18:59:52.352+0000] {dag.py:3427} INFO - Setting next_dagrun for dataset_consumes_1_never_scheduled to None, run_after=None
[2023-02-13T18:59:52.355+0000] {logging_mixin.py:137} INFO - [2023-02-13T18:59:52.355+0000] {dag.py:3427} INFO - Setting next_dagrun for dataset_consumes_unknown_never_scheduled to None, run_after=None
[2023-02-13T18:59:52.360+0000] {logging_mixin.py:137} INFO - [2023-02-13T18:59:52.360+0000] {dag.py:3427} INFO - Setting next_dagrun for dataset_produces_1 to 2023-02-12T00:00:00+00:00, run_after=2023-02-13T00:00:00+00:00
[2023-02-13T18:59:52.364+0000] {logging_mixin.py:137} INFO - [2023-02-13T18:59:52.364+0000] {dag.py:3427} INFO - Setting next_dagrun for dataset_produces_2 to None, run_after=None
[2023-02-13T18:59:52.412+0000] {processor.py:175} INFO - Processing /home/airflow/.local/lib/python3.7/site-packages/airflow/example_dags/example_datasets.py took 0.206 seconds
[2023-02-13T19:00:23.352+0000] {processor.py:153} INFO - Started process (PID=632) to work on /home/airflow/.local/lib/python3.7/site-packages/airflow/example_dags/example_datasets.py
[2023-02-13T19:00:23.355+0000] {processor.py:743} INFO - Processing file /home/airflow/.local/lib/python3.7/site-packages/airflow/example_dags/example_datasets.py for tasks to queue
[2023-02-13T19:00:23.357+0000] {logging_mixin.py:137} INFO - [2023-02-13T19:00:23.357+0000] {dagbag.py:538} INFO - Filling up the DagBag from /home/airflow/.local/lib/python3.7/site-packages/airflow/example_dags/example_datasets.py
[2023-02-13T19:00:23.381+0000] {processor.py:753} INFO - DAG(s) dict_keys(['dataset_consumes_unknown_never_scheduled', 'dataset_consumes_1', 'dataset_produces_2', 'dataset_consumes_1_never_scheduled', 'dataset_produces_1', 'dataset_consumes_1_and_2']) retrieved from /home/airflow/.local/lib/python3.7/site-packages/airflow/example_dags/example_datasets.py
[2023-02-13T19:00:23.448+0000] {logging_mixin.py:137} INFO - [2023-02-13T19:00:23.448+0000] {dag.py:2676} INFO - Sync 6 DAGs
[2023-02-13T19:00:23.480+0000] {logging_mixin.py:137} INFO - [2023-02-13T19:00:23.480+0000] {dag.py:3427} INFO - Setting next_dagrun for dataset_consumes_1 to None, run_after=None
[2023-02-13T19:00:23.485+0000] {logging_mixin.py:137} INFO - [2023-02-13T19:00:23.485+0000] {dag.py:3427} INFO - Setting next_dagrun for dataset_consumes_1_and_2 to None, run_after=None
[2023-02-13T19:00:23.487+0000] {logging_mixin.py:137} INFO - [2023-02-13T19:00:23.487+0000] {dag.py:3427} INFO - Setting next_dagrun for dataset_consumes_1_never_scheduled to None, run_after=None
[2023-02-13T19:00:23.489+0000] {logging_mixin.py:137} INFO - [2023-02-13T19:00:23.489+0000] {dag.py:3427} INFO - Setting next_dagrun for dataset_consumes_unknown_never_scheduled to None, run_after=None
[2023-02-13T19:00:23.493+0000] {logging_mixin.py:137} INFO - [2023-02-13T19:00:23.493+0000] {dag.py:3427} INFO - Setting next_dagrun for dataset_produces_1 to 2023-02-12T00:00:00+00:00, run_after=2023-02-13T00:00:00+00:00
[2023-02-13T19:00:23.495+0000] {logging_mixin.py:137} INFO - [2023-02-13T19:00:23.495+0000] {dag.py:3427} INFO - Setting next_dagrun for dataset_produces_2 to None, run_after=None
[2023-02-13T19:00:23.538+0000] {processor.py:175} INFO - Processing /home/airflow/.local/lib/python3.7/site-packages/airflow/example_dags/example_datasets.py took 0.191 seconds
[2023-02-13T19:00:53.987+0000] {processor.py:153} INFO - Started process (PID=719) to work on /home/airflow/.local/lib/python3.7/site-packages/airflow/example_dags/example_datasets.py
[2023-02-13T19:00:53.989+0000] {processor.py:743} INFO - Processing file /home/airflow/.local/lib/python3.7/site-packages/airflow/example_dags/example_datasets.py for tasks to queue
[2023-02-13T19:00:53.990+0000] {logging_mixin.py:137} INFO - [2023-02-13T19:00:53.990+0000] {dagbag.py:538} INFO - Filling up the DagBag from /home/airflow/.local/lib/python3.7/site-packages/airflow/example_dags/example_datasets.py
[2023-02-13T19:00:54.010+0000] {processor.py:753} INFO - DAG(s) dict_keys(['dataset_produces_2', 'dataset_consumes_1_never_scheduled', 'dataset_consumes_1_and_2', 'dataset_consumes_unknown_never_scheduled', 'dataset_produces_1', 'dataset_consumes_1']) retrieved from /home/airflow/.local/lib/python3.7/site-packages/airflow/example_dags/example_datasets.py
[2023-02-13T19:00:54.076+0000] {logging_mixin.py:137} INFO - [2023-02-13T19:00:54.076+0000] {dag.py:2676} INFO - Sync 6 DAGs
[2023-02-13T19:00:54.113+0000] {logging_mixin.py:137} INFO - [2023-02-13T19:00:54.113+0000] {dag.py:3427} INFO - Setting next_dagrun for dataset_consumes_1 to None, run_after=None
[2023-02-13T19:00:54.120+0000] {logging_mixin.py:137} INFO - [2023-02-13T19:00:54.120+0000] {dag.py:3427} INFO - Setting next_dagrun for dataset_consumes_1_and_2 to None, run_after=None
[2023-02-13T19:00:54.123+0000] {logging_mixin.py:137} INFO - [2023-02-13T19:00:54.123+0000] {dag.py:3427} INFO - Setting next_dagrun for dataset_consumes_1_never_scheduled to None, run_after=None
[2023-02-13T19:00:54.125+0000] {logging_mixin.py:137} INFO - [2023-02-13T19:00:54.125+0000] {dag.py:3427} INFO - Setting next_dagrun for dataset_consumes_unknown_never_scheduled to None, run_after=None
[2023-02-13T19:00:54.130+0000] {logging_mixin.py:137} INFO - [2023-02-13T19:00:54.130+0000] {dag.py:3427} INFO - Setting next_dagrun for dataset_produces_1 to 2023-02-12T00:00:00+00:00, run_after=2023-02-13T00:00:00+00:00
[2023-02-13T19:00:54.133+0000] {logging_mixin.py:137} INFO - [2023-02-13T19:00:54.133+0000] {dag.py:3427} INFO - Setting next_dagrun for dataset_produces_2 to None, run_after=None
[2023-02-13T19:00:54.180+0000] {processor.py:175} INFO - Processing /home/airflow/.local/lib/python3.7/site-packages/airflow/example_dags/example_datasets.py took 0.197 seconds
[2023-02-13T19:01:24.329+0000] {processor.py:153} INFO - Started process (PID=789) to work on /home/airflow/.local/lib/python3.7/site-packages/airflow/example_dags/example_datasets.py
[2023-02-13T19:01:24.331+0000] {processor.py:743} INFO - Processing file /home/airflow/.local/lib/python3.7/site-packages/airflow/example_dags/example_datasets.py for tasks to queue
[2023-02-13T19:01:24.332+0000] {logging_mixin.py:137} INFO - [2023-02-13T19:01:24.332+0000] {dagbag.py:538} INFO - Filling up the DagBag from /home/airflow/.local/lib/python3.7/site-packages/airflow/example_dags/example_datasets.py
[2023-02-13T19:01:24.352+0000] {processor.py:753} INFO - DAG(s) dict_keys(['dataset_consumes_1_and_2', 'dataset_consumes_1_never_scheduled', 'dataset_consumes_1', 'dataset_produces_1', 'dataset_consumes_unknown_never_scheduled', 'dataset_produces_2']) retrieved from /home/airflow/.local/lib/python3.7/site-packages/airflow/example_dags/example_datasets.py
[2023-02-13T19:01:24.411+0000] {logging_mixin.py:137} INFO - [2023-02-13T19:01:24.411+0000] {dag.py:2676} INFO - Sync 6 DAGs
[2023-02-13T19:01:24.440+0000] {logging_mixin.py:137} INFO - [2023-02-13T19:01:24.440+0000] {dag.py:3427} INFO - Setting next_dagrun for dataset_consumes_1 to None, run_after=None
[2023-02-13T19:01:24.445+0000] {logging_mixin.py:137} INFO - [2023-02-13T19:01:24.444+0000] {dag.py:3427} INFO - Setting next_dagrun for dataset_consumes_1_and_2 to None, run_after=None
[2023-02-13T19:01:24.447+0000] {logging_mixin.py:137} INFO - [2023-02-13T19:01:24.447+0000] {dag.py:3427} INFO - Setting next_dagrun for dataset_consumes_1_never_scheduled to None, run_after=None
[2023-02-13T19:01:24.449+0000] {logging_mixin.py:137} INFO - [2023-02-13T19:01:24.449+0000] {dag.py:3427} INFO - Setting next_dagrun for dataset_consumes_unknown_never_scheduled to None, run_after=None
[2023-02-13T19:01:24.453+0000] {logging_mixin.py:137} INFO - [2023-02-13T19:01:24.452+0000] {dag.py:3427} INFO - Setting next_dagrun for dataset_produces_1 to 2023-02-12T00:00:00+00:00, run_after=2023-02-13T00:00:00+00:00
[2023-02-13T19:01:24.454+0000] {logging_mixin.py:137} INFO - [2023-02-13T19:01:24.454+0000] {dag.py:3427} INFO - Setting next_dagrun for dataset_produces_2 to None, run_after=None
[2023-02-13T19:01:24.492+0000] {processor.py:175} INFO - Processing /home/airflow/.local/lib/python3.7/site-packages/airflow/example_dags/example_datasets.py took 0.167 seconds
[2023-02-13T19:01:54.697+0000] {processor.py:153} INFO - Started process (PID=869) to work on /home/airflow/.local/lib/python3.7/site-packages/airflow/example_dags/example_datasets.py
[2023-02-13T19:01:54.699+0000] {processor.py:743} INFO - Processing file /home/airflow/.local/lib/python3.7/site-packages/airflow/example_dags/example_datasets.py for tasks to queue
[2023-02-13T19:01:54.702+0000] {logging_mixin.py:137} INFO - [2023-02-13T19:01:54.702+0000] {dagbag.py:538} INFO - Filling up the DagBag from /home/airflow/.local/lib/python3.7/site-packages/airflow/example_dags/example_datasets.py
[2023-02-13T19:01:54.723+0000] {processor.py:753} INFO - DAG(s) dict_keys(['dataset_consumes_1_never_scheduled', 'dataset_produces_2', 'dataset_produces_1', 'dataset_consumes_1', 'dataset_consumes_1_and_2', 'dataset_consumes_unknown_never_scheduled']) retrieved from /home/airflow/.local/lib/python3.7/site-packages/airflow/example_dags/example_datasets.py
[2023-02-13T19:01:54.785+0000] {logging_mixin.py:137} INFO - [2023-02-13T19:01:54.785+0000] {dag.py:2676} INFO - Sync 6 DAGs
[2023-02-13T19:01:54.820+0000] {logging_mixin.py:137} INFO - [2023-02-13T19:01:54.820+0000] {dag.py:3427} INFO - Setting next_dagrun for dataset_consumes_1 to None, run_after=None
[2023-02-13T19:01:54.826+0000] {logging_mixin.py:137} INFO - [2023-02-13T19:01:54.826+0000] {dag.py:3427} INFO - Setting next_dagrun for dataset_consumes_1_and_2 to None, run_after=None
[2023-02-13T19:01:54.828+0000] {logging_mixin.py:137} INFO - [2023-02-13T19:01:54.828+0000] {dag.py:3427} INFO - Setting next_dagrun for dataset_consumes_1_never_scheduled to None, run_after=None
[2023-02-13T19:01:54.831+0000] {logging_mixin.py:137} INFO - [2023-02-13T19:01:54.831+0000] {dag.py:3427} INFO - Setting next_dagrun for dataset_consumes_unknown_never_scheduled to None, run_after=None
[2023-02-13T19:01:54.836+0000] {logging_mixin.py:137} INFO - [2023-02-13T19:01:54.836+0000] {dag.py:3427} INFO - Setting next_dagrun for dataset_produces_1 to 2023-02-12T00:00:00+00:00, run_after=2023-02-13T00:00:00+00:00
[2023-02-13T19:01:54.840+0000] {logging_mixin.py:137} INFO - [2023-02-13T19:01:54.839+0000] {dag.py:3427} INFO - Setting next_dagrun for dataset_produces_2 to None, run_after=None
[2023-02-13T19:01:54.881+0000] {processor.py:175} INFO - Processing /home/airflow/.local/lib/python3.7/site-packages/airflow/example_dags/example_datasets.py took 0.189 seconds
[2023-02-13T19:02:25.326+0000] {processor.py:153} INFO - Started process (PID=947) to work on /home/airflow/.local/lib/python3.7/site-packages/airflow/example_dags/example_datasets.py
[2023-02-13T19:02:25.328+0000] {processor.py:743} INFO - Processing file /home/airflow/.local/lib/python3.7/site-packages/airflow/example_dags/example_datasets.py for tasks to queue
[2023-02-13T19:02:25.330+0000] {logging_mixin.py:137} INFO - [2023-02-13T19:02:25.330+0000] {dagbag.py:538} INFO - Filling up the DagBag from /home/airflow/.local/lib/python3.7/site-packages/airflow/example_dags/example_datasets.py
[2023-02-13T19:02:25.350+0000] {processor.py:753} INFO - DAG(s) dict_keys(['dataset_consumes_1', 'dataset_consumes_1_and_2', 'dataset_consumes_unknown_never_scheduled', 'dataset_consumes_1_never_scheduled', 'dataset_produces_2', 'dataset_produces_1']) retrieved from /home/airflow/.local/lib/python3.7/site-packages/airflow/example_dags/example_datasets.py
[2023-02-13T19:02:25.409+0000] {logging_mixin.py:137} INFO - [2023-02-13T19:02:25.409+0000] {dag.py:2676} INFO - Sync 6 DAGs
[2023-02-13T19:02:25.439+0000] {logging_mixin.py:137} INFO - [2023-02-13T19:02:25.439+0000] {dag.py:3427} INFO - Setting next_dagrun for dataset_consumes_1 to None, run_after=None
[2023-02-13T19:02:25.444+0000] {logging_mixin.py:137} INFO - [2023-02-13T19:02:25.444+0000] {dag.py:3427} INFO - Setting next_dagrun for dataset_consumes_1_and_2 to None, run_after=None
[2023-02-13T19:02:25.446+0000] {logging_mixin.py:137} INFO - [2023-02-13T19:02:25.446+0000] {dag.py:3427} INFO - Setting next_dagrun for dataset_consumes_1_never_scheduled to None, run_after=None
[2023-02-13T19:02:25.448+0000] {logging_mixin.py:137} INFO - [2023-02-13T19:02:25.448+0000] {dag.py:3427} INFO - Setting next_dagrun for dataset_consumes_unknown_never_scheduled to None, run_after=None
[2023-02-13T19:02:25.451+0000] {logging_mixin.py:137} INFO - [2023-02-13T19:02:25.451+0000] {dag.py:3427} INFO - Setting next_dagrun for dataset_produces_1 to 2023-02-12T00:00:00+00:00, run_after=2023-02-13T00:00:00+00:00
[2023-02-13T19:02:25.455+0000] {logging_mixin.py:137} INFO - [2023-02-13T19:02:25.454+0000] {dag.py:3427} INFO - Setting next_dagrun for dataset_produces_2 to None, run_after=None
[2023-02-13T19:02:25.491+0000] {processor.py:175} INFO - Processing /home/airflow/.local/lib/python3.7/site-packages/airflow/example_dags/example_datasets.py took 0.169 seconds
[2023-02-13T19:02:55.771+0000] {processor.py:153} INFO - Started process (PID=1018) to work on /home/airflow/.local/lib/python3.7/site-packages/airflow/example_dags/example_datasets.py
[2023-02-13T19:02:55.773+0000] {processor.py:743} INFO - Processing file /home/airflow/.local/lib/python3.7/site-packages/airflow/example_dags/example_datasets.py for tasks to queue
[2023-02-13T19:02:55.775+0000] {logging_mixin.py:137} INFO - [2023-02-13T19:02:55.775+0000] {dagbag.py:538} INFO - Filling up the DagBag from /home/airflow/.local/lib/python3.7/site-packages/airflow/example_dags/example_datasets.py
[2023-02-13T19:02:55.794+0000] {processor.py:753} INFO - DAG(s) dict_keys(['dataset_consumes_1_never_scheduled', 'dataset_produces_1', 'dataset_produces_2', 'dataset_consumes_1_and_2', 'dataset_consumes_1', 'dataset_consumes_unknown_never_scheduled']) retrieved from /home/airflow/.local/lib/python3.7/site-packages/airflow/example_dags/example_datasets.py
[2023-02-13T19:02:55.852+0000] {logging_mixin.py:137} INFO - [2023-02-13T19:02:55.852+0000] {dag.py:2676} INFO - Sync 6 DAGs
[2023-02-13T19:02:55.905+0000] {logging_mixin.py:137} INFO - [2023-02-13T19:02:55.905+0000] {dag.py:3427} INFO - Setting next_dagrun for dataset_consumes_1 to None, run_after=None
[2023-02-13T19:02:55.910+0000] {logging_mixin.py:137} INFO - [2023-02-13T19:02:55.910+0000] {dag.py:3427} INFO - Setting next_dagrun for dataset_consumes_1_and_2 to None, run_after=None
[2023-02-13T19:02:55.912+0000] {logging_mixin.py:137} INFO - [2023-02-13T19:02:55.912+0000] {dag.py:3427} INFO - Setting next_dagrun for dataset_consumes_1_never_scheduled to None, run_after=None
[2023-02-13T19:02:55.914+0000] {logging_mixin.py:137} INFO - [2023-02-13T19:02:55.914+0000] {dag.py:3427} INFO - Setting next_dagrun for dataset_consumes_unknown_never_scheduled to None, run_after=None
[2023-02-13T19:02:55.918+0000] {logging_mixin.py:137} INFO - [2023-02-13T19:02:55.918+0000] {dag.py:3427} INFO - Setting next_dagrun for dataset_produces_1 to 2023-02-12T00:00:00+00:00, run_after=2023-02-13T00:00:00+00:00
[2023-02-13T19:02:55.920+0000] {logging_mixin.py:137} INFO - [2023-02-13T19:02:55.920+0000] {dag.py:3427} INFO - Setting next_dagrun for dataset_produces_2 to None, run_after=None
[2023-02-13T19:02:55.957+0000] {processor.py:175} INFO - Processing /home/airflow/.local/lib/python3.7/site-packages/airflow/example_dags/example_datasets.py took 0.190 seconds
[2023-02-13T19:03:37.533+0000] {processor.py:153} INFO - Started process (PID=1088) to work on /home/airflow/.local/lib/python3.7/site-packages/airflow/example_dags/example_datasets.py
[2023-02-13T19:03:37.536+0000] {processor.py:743} INFO - Processing file /home/airflow/.local/lib/python3.7/site-packages/airflow/example_dags/example_datasets.py for tasks to queue
[2023-02-13T19:03:37.538+0000] {logging_mixin.py:137} INFO - [2023-02-13T19:03:37.538+0000] {dagbag.py:538} INFO - Filling up the DagBag from /home/airflow/.local/lib/python3.7/site-packages/airflow/example_dags/example_datasets.py
[2023-02-13T19:03:37.560+0000] {processor.py:753} INFO - DAG(s) dict_keys(['dataset_produces_1', 'dataset_consumes_1_and_2', 'dataset_consumes_unknown_never_scheduled', 'dataset_produces_2', 'dataset_consumes_1', 'dataset_consumes_1_never_scheduled']) retrieved from /home/airflow/.local/lib/python3.7/site-packages/airflow/example_dags/example_datasets.py
[2023-02-13T19:03:37.622+0000] {logging_mixin.py:137} INFO - [2023-02-13T19:03:37.622+0000] {dag.py:2676} INFO - Sync 6 DAGs
[2023-02-13T19:03:37.653+0000] {logging_mixin.py:137} INFO - [2023-02-13T19:03:37.653+0000] {dag.py:3427} INFO - Setting next_dagrun for dataset_consumes_1 to None, run_after=None
[2023-02-13T19:03:37.658+0000] {logging_mixin.py:137} INFO - [2023-02-13T19:03:37.658+0000] {dag.py:3427} INFO - Setting next_dagrun for dataset_consumes_1_and_2 to None, run_after=None
[2023-02-13T19:03:37.661+0000] {logging_mixin.py:137} INFO - [2023-02-13T19:03:37.661+0000] {dag.py:3427} INFO - Setting next_dagrun for dataset_consumes_1_never_scheduled to None, run_after=None
[2023-02-13T19:03:37.663+0000] {logging_mixin.py:137} INFO - [2023-02-13T19:03:37.663+0000] {dag.py:3427} INFO - Setting next_dagrun for dataset_consumes_unknown_never_scheduled to None, run_after=None
[2023-02-13T19:03:37.667+0000] {logging_mixin.py:137} INFO - [2023-02-13T19:03:37.667+0000] {dag.py:3427} INFO - Setting next_dagrun for dataset_produces_1 to 2023-02-12T00:00:00+00:00, run_after=2023-02-13T00:00:00+00:00
[2023-02-13T19:03:37.669+0000] {logging_mixin.py:137} INFO - [2023-02-13T19:03:37.669+0000] {dag.py:3427} INFO - Setting next_dagrun for dataset_produces_2 to None, run_after=None
[2023-02-13T19:03:37.705+0000] {processor.py:175} INFO - Processing /home/airflow/.local/lib/python3.7/site-packages/airflow/example_dags/example_datasets.py took 0.177 seconds
[2023-02-13T19:04:08.091+0000] {processor.py:153} INFO - Started process (PID=1159) to work on /home/airflow/.local/lib/python3.7/site-packages/airflow/example_dags/example_datasets.py
[2023-02-13T19:04:08.094+0000] {processor.py:743} INFO - Processing file /home/airflow/.local/lib/python3.7/site-packages/airflow/example_dags/example_datasets.py for tasks to queue
[2023-02-13T19:04:08.096+0000] {logging_mixin.py:137} INFO - [2023-02-13T19:04:08.096+0000] {dagbag.py:538} INFO - Filling up the DagBag from /home/airflow/.local/lib/python3.7/site-packages/airflow/example_dags/example_datasets.py
[2023-02-13T19:04:08.121+0000] {processor.py:753} INFO - DAG(s) dict_keys(['dataset_consumes_unknown_never_scheduled', 'dataset_consumes_1_never_scheduled', 'dataset_produces_1', 'dataset_produces_2', 'dataset_consumes_1_and_2', 'dataset_consumes_1']) retrieved from /home/airflow/.local/lib/python3.7/site-packages/airflow/example_dags/example_datasets.py
[2023-02-13T19:04:08.196+0000] {logging_mixin.py:137} INFO - [2023-02-13T19:04:08.196+0000] {dag.py:2676} INFO - Sync 6 DAGs
[2023-02-13T19:04:08.236+0000] {logging_mixin.py:137} INFO - [2023-02-13T19:04:08.236+0000] {dag.py:3427} INFO - Setting next_dagrun for dataset_consumes_1 to None, run_after=None
[2023-02-13T19:04:08.242+0000] {logging_mixin.py:137} INFO - [2023-02-13T19:04:08.242+0000] {dag.py:3427} INFO - Setting next_dagrun for dataset_consumes_1_and_2 to None, run_after=None
[2023-02-13T19:04:08.245+0000] {logging_mixin.py:137} INFO - [2023-02-13T19:04:08.245+0000] {dag.py:3427} INFO - Setting next_dagrun for dataset_consumes_1_never_scheduled to None, run_after=None
[2023-02-13T19:04:08.247+0000] {logging_mixin.py:137} INFO - [2023-02-13T19:04:08.247+0000] {dag.py:3427} INFO - Setting next_dagrun for dataset_consumes_unknown_never_scheduled to None, run_after=None
[2023-02-13T19:04:08.252+0000] {logging_mixin.py:137} INFO - [2023-02-13T19:04:08.251+0000] {dag.py:3427} INFO - Setting next_dagrun for dataset_produces_1 to 2023-02-12T00:00:00+00:00, run_after=2023-02-13T00:00:00+00:00
[2023-02-13T19:04:08.254+0000] {logging_mixin.py:137} INFO - [2023-02-13T19:04:08.254+0000] {dag.py:3427} INFO - Setting next_dagrun for dataset_produces_2 to None, run_after=None
[2023-02-13T19:04:08.303+0000] {processor.py:175} INFO - Processing /home/airflow/.local/lib/python3.7/site-packages/airflow/example_dags/example_datasets.py took 0.218 seconds
[2023-02-13T19:04:38.775+0000] {processor.py:153} INFO - Started process (PID=1246) to work on /home/airflow/.local/lib/python3.7/site-packages/airflow/example_dags/example_datasets.py
[2023-02-13T19:04:38.777+0000] {processor.py:743} INFO - Processing file /home/airflow/.local/lib/python3.7/site-packages/airflow/example_dags/example_datasets.py for tasks to queue
[2023-02-13T19:04:38.780+0000] {logging_mixin.py:137} INFO - [2023-02-13T19:04:38.779+0000] {dagbag.py:538} INFO - Filling up the DagBag from /home/airflow/.local/lib/python3.7/site-packages/airflow/example_dags/example_datasets.py
[2023-02-13T19:04:38.804+0000] {processor.py:753} INFO - DAG(s) dict_keys(['dataset_consumes_unknown_never_scheduled', 'dataset_consumes_1', 'dataset_produces_2', 'dataset_consumes_1_and_2', 'dataset_consumes_1_never_scheduled', 'dataset_produces_1']) retrieved from /home/airflow/.local/lib/python3.7/site-packages/airflow/example_dags/example_datasets.py
[2023-02-13T19:04:38.866+0000] {logging_mixin.py:137} INFO - [2023-02-13T19:04:38.866+0000] {dag.py:2676} INFO - Sync 6 DAGs
[2023-02-13T19:04:38.897+0000] {logging_mixin.py:137} INFO - [2023-02-13T19:04:38.897+0000] {dag.py:3427} INFO - Setting next_dagrun for dataset_consumes_1 to None, run_after=None
[2023-02-13T19:04:38.901+0000] {logging_mixin.py:137} INFO - [2023-02-13T19:04:38.901+0000] {dag.py:3427} INFO - Setting next_dagrun for dataset_consumes_1_and_2 to None, run_after=None
[2023-02-13T19:04:38.903+0000] {logging_mixin.py:137} INFO - [2023-02-13T19:04:38.903+0000] {dag.py:3427} INFO - Setting next_dagrun for dataset_consumes_1_never_scheduled to None, run_after=None
[2023-02-13T19:04:38.905+0000] {logging_mixin.py:137} INFO - [2023-02-13T19:04:38.905+0000] {dag.py:3427} INFO - Setting next_dagrun for dataset_consumes_unknown_never_scheduled to None, run_after=None
[2023-02-13T19:04:38.909+0000] {logging_mixin.py:137} INFO - [2023-02-13T19:04:38.909+0000] {dag.py:3427} INFO - Setting next_dagrun for dataset_produces_1 to 2023-02-12T00:00:00+00:00, run_after=2023-02-13T00:00:00+00:00
[2023-02-13T19:04:38.911+0000] {logging_mixin.py:137} INFO - [2023-02-13T19:04:38.911+0000] {dag.py:3427} INFO - Setting next_dagrun for dataset_produces_2 to None, run_after=None
[2023-02-13T19:04:38.948+0000] {processor.py:175} INFO - Processing /home/airflow/.local/lib/python3.7/site-packages/airflow/example_dags/example_datasets.py took 0.178 seconds
[2023-02-13T19:09:16.588+0000] {processor.py:153} INFO - Started process (PID=88) to work on /home/airflow/.local/lib/python3.7/site-packages/airflow/example_dags/example_datasets.py
[2023-02-13T19:09:16.592+0000] {processor.py:743} INFO - Processing file /home/airflow/.local/lib/python3.7/site-packages/airflow/example_dags/example_datasets.py for tasks to queue
[2023-02-13T19:09:16.601+0000] {logging_mixin.py:137} INFO - [2023-02-13T19:09:16.601+0000] {dagbag.py:538} INFO - Filling up the DagBag from /home/airflow/.local/lib/python3.7/site-packages/airflow/example_dags/example_datasets.py
[2023-02-13T19:09:16.637+0000] {processor.py:753} INFO - DAG(s) dict_keys(['dataset_produces_1', 'dataset_produces_2', 'dataset_consumes_1_never_scheduled', 'dataset_consumes_1', 'dataset_consumes_1_and_2', 'dataset_consumes_unknown_never_scheduled']) retrieved from /home/airflow/.local/lib/python3.7/site-packages/airflow/example_dags/example_datasets.py
[2023-02-13T19:09:16.800+0000] {logging_mixin.py:137} INFO - [2023-02-13T19:09:16.800+0000] {dag.py:2676} INFO - Sync 6 DAGs
[2023-02-13T19:09:16.843+0000] {logging_mixin.py:137} INFO - [2023-02-13T19:09:16.842+0000] {dag.py:3427} INFO - Setting next_dagrun for dataset_consumes_1 to None, run_after=None
[2023-02-13T19:09:16.849+0000] {logging_mixin.py:137} INFO - [2023-02-13T19:09:16.849+0000] {dag.py:3427} INFO - Setting next_dagrun for dataset_consumes_1_and_2 to None, run_after=None
[2023-02-13T19:09:16.855+0000] {logging_mixin.py:137} INFO - [2023-02-13T19:09:16.855+0000] {dag.py:3427} INFO - Setting next_dagrun for dataset_consumes_1_never_scheduled to None, run_after=None
[2023-02-13T19:09:16.859+0000] {logging_mixin.py:137} INFO - [2023-02-13T19:09:16.859+0000] {dag.py:3427} INFO - Setting next_dagrun for dataset_consumes_unknown_never_scheduled to None, run_after=None
[2023-02-13T19:09:16.865+0000] {logging_mixin.py:137} INFO - [2023-02-13T19:09:16.865+0000] {dag.py:3427} INFO - Setting next_dagrun for dataset_produces_1 to 2023-02-12T00:00:00+00:00, run_after=2023-02-13T00:00:00+00:00
[2023-02-13T19:09:16.870+0000] {logging_mixin.py:137} INFO - [2023-02-13T19:09:16.869+0000] {dag.py:3427} INFO - Setting next_dagrun for dataset_produces_2 to None, run_after=None
[2023-02-13T19:09:16.935+0000] {processor.py:175} INFO - Processing /home/airflow/.local/lib/python3.7/site-packages/airflow/example_dags/example_datasets.py took 0.353 seconds
[2023-02-13T19:09:47.016+0000] {processor.py:153} INFO - Started process (PID=160) to work on /home/airflow/.local/lib/python3.7/site-packages/airflow/example_dags/example_datasets.py
[2023-02-13T19:09:47.019+0000] {processor.py:743} INFO - Processing file /home/airflow/.local/lib/python3.7/site-packages/airflow/example_dags/example_datasets.py for tasks to queue
[2023-02-13T19:09:47.020+0000] {logging_mixin.py:137} INFO - [2023-02-13T19:09:47.020+0000] {dagbag.py:538} INFO - Filling up the DagBag from /home/airflow/.local/lib/python3.7/site-packages/airflow/example_dags/example_datasets.py
[2023-02-13T19:09:47.050+0000] {processor.py:753} INFO - DAG(s) dict_keys(['dataset_consumes_1_never_scheduled', 'dataset_produces_1', 'dataset_consumes_unknown_never_scheduled', 'dataset_produces_2', 'dataset_consumes_1_and_2', 'dataset_consumes_1']) retrieved from /home/airflow/.local/lib/python3.7/site-packages/airflow/example_dags/example_datasets.py
[2023-02-13T19:09:47.148+0000] {logging_mixin.py:137} INFO - [2023-02-13T19:09:47.148+0000] {dag.py:2676} INFO - Sync 6 DAGs
[2023-02-13T19:09:47.192+0000] {logging_mixin.py:137} INFO - [2023-02-13T19:09:47.192+0000] {dag.py:3427} INFO - Setting next_dagrun for dataset_consumes_1 to None, run_after=None
[2023-02-13T19:09:47.198+0000] {logging_mixin.py:137} INFO - [2023-02-13T19:09:47.197+0000] {dag.py:3427} INFO - Setting next_dagrun for dataset_consumes_1_and_2 to None, run_after=None
[2023-02-13T19:09:47.201+0000] {logging_mixin.py:137} INFO - [2023-02-13T19:09:47.200+0000] {dag.py:3427} INFO - Setting next_dagrun for dataset_consumes_1_never_scheduled to None, run_after=None
[2023-02-13T19:09:47.205+0000] {logging_mixin.py:137} INFO - [2023-02-13T19:09:47.204+0000] {dag.py:3427} INFO - Setting next_dagrun for dataset_consumes_unknown_never_scheduled to None, run_after=None
[2023-02-13T19:09:47.211+0000] {logging_mixin.py:137} INFO - [2023-02-13T19:09:47.211+0000] {dag.py:3427} INFO - Setting next_dagrun for dataset_produces_1 to 2023-02-12T00:00:00+00:00, run_after=2023-02-13T00:00:00+00:00
[2023-02-13T19:09:47.214+0000] {logging_mixin.py:137} INFO - [2023-02-13T19:09:47.214+0000] {dag.py:3427} INFO - Setting next_dagrun for dataset_produces_2 to None, run_after=None
[2023-02-13T19:09:47.267+0000] {processor.py:175} INFO - Processing /home/airflow/.local/lib/python3.7/site-packages/airflow/example_dags/example_datasets.py took 0.256 seconds
[2023-02-13T19:10:18.109+0000] {processor.py:153} INFO - Started process (PID=247) to work on /home/airflow/.local/lib/python3.7/site-packages/airflow/example_dags/example_datasets.py
[2023-02-13T19:10:18.112+0000] {processor.py:743} INFO - Processing file /home/airflow/.local/lib/python3.7/site-packages/airflow/example_dags/example_datasets.py for tasks to queue
[2023-02-13T19:10:18.115+0000] {logging_mixin.py:137} INFO - [2023-02-13T19:10:18.115+0000] {dagbag.py:538} INFO - Filling up the DagBag from /home/airflow/.local/lib/python3.7/site-packages/airflow/example_dags/example_datasets.py
[2023-02-13T19:10:18.144+0000] {processor.py:753} INFO - DAG(s) dict_keys(['dataset_produces_2', 'dataset_consumes_1_and_2', 'dataset_consumes_unknown_never_scheduled', 'dataset_consumes_1', 'dataset_produces_1', 'dataset_consumes_1_never_scheduled']) retrieved from /home/airflow/.local/lib/python3.7/site-packages/airflow/example_dags/example_datasets.py
[2023-02-13T19:10:18.233+0000] {logging_mixin.py:137} INFO - [2023-02-13T19:10:18.233+0000] {dag.py:2676} INFO - Sync 6 DAGs
[2023-02-13T19:10:18.272+0000] {logging_mixin.py:137} INFO - [2023-02-13T19:10:18.272+0000] {dag.py:3427} INFO - Setting next_dagrun for dataset_consumes_1 to None, run_after=None
[2023-02-13T19:10:18.279+0000] {logging_mixin.py:137} INFO - [2023-02-13T19:10:18.279+0000] {dag.py:3427} INFO - Setting next_dagrun for dataset_consumes_1_and_2 to None, run_after=None
[2023-02-13T19:10:18.283+0000] {logging_mixin.py:137} INFO - [2023-02-13T19:10:18.283+0000] {dag.py:3427} INFO - Setting next_dagrun for dataset_consumes_1_never_scheduled to None, run_after=None
[2023-02-13T19:10:18.287+0000] {logging_mixin.py:137} INFO - [2023-02-13T19:10:18.286+0000] {dag.py:3427} INFO - Setting next_dagrun for dataset_consumes_unknown_never_scheduled to None, run_after=None
[2023-02-13T19:10:18.291+0000] {logging_mixin.py:137} INFO - [2023-02-13T19:10:18.291+0000] {dag.py:3427} INFO - Setting next_dagrun for dataset_produces_1 to 2023-02-12T00:00:00+00:00, run_after=2023-02-13T00:00:00+00:00
[2023-02-13T19:10:18.294+0000] {logging_mixin.py:137} INFO - [2023-02-13T19:10:18.294+0000] {dag.py:3427} INFO - Setting next_dagrun for dataset_produces_2 to None, run_after=None
