[2023-02-13T18:56:45.132+0000] {processor.py:153} INFO - Started process (PID=75) to work on /home/airflow/.local/lib/python3.7/site-packages/airflow/example_dags/example_python_operator.py
[2023-02-13T18:56:45.135+0000] {processor.py:743} INFO - Processing file /home/airflow/.local/lib/python3.7/site-packages/airflow/example_dags/example_python_operator.py for tasks to queue
[2023-02-13T18:56:45.137+0000] {logging_mixin.py:137} INFO - [2023-02-13T18:56:45.137+0000] {dagbag.py:538} INFO - Filling up the DagBag from /home/airflow/.local/lib/python3.7/site-packages/airflow/example_dags/example_python_operator.py
[2023-02-13T18:56:45.169+0000] {logging_mixin.py:137} INFO - [2023-02-13T18:56:45.169+0000] {taskmixin.py:205} WARNING - Dependency <Task(_PythonDecoratedOperator): print_the_context>, log_sql_query already registered for DAG: example_python_operator
[2023-02-13T18:56:45.172+0000] {logging_mixin.py:137} INFO - [2023-02-13T18:56:45.171+0000] {taskmixin.py:205} WARNING - Dependency <Task(_PythonDecoratedOperator): log_sql_query>, print_the_context already registered for DAG: example_python_operator
[2023-02-13T18:56:45.174+0000] {logging_mixin.py:137} INFO - [2023-02-13T18:56:45.174+0000] {taskmixin.py:205} WARNING - Dependency <Task(_PythonDecoratedOperator): print_the_context>, log_sql_query already registered for DAG: example_python_operator
[2023-02-13T18:56:45.176+0000] {logging_mixin.py:137} INFO - [2023-02-13T18:56:45.175+0000] {taskmixin.py:205} WARNING - Dependency <Task(_PythonDecoratedOperator): log_sql_query>, print_the_context already registered for DAG: example_python_operator
[2023-02-13T18:56:45.178+0000] {logging_mixin.py:137} INFO - [2023-02-13T18:56:45.178+0000] {taskmixin.py:205} WARNING - Dependency <Task(_PythonDecoratedOperator): print_the_context>, log_sql_query already registered for DAG: example_python_operator
[2023-02-13T18:56:45.179+0000] {logging_mixin.py:137} INFO - [2023-02-13T18:56:45.179+0000] {taskmixin.py:205} WARNING - Dependency <Task(_PythonDecoratedOperator): log_sql_query>, print_the_context already registered for DAG: example_python_operator
[2023-02-13T18:56:45.180+0000] {logging_mixin.py:137} INFO - [2023-02-13T18:56:45.180+0000] {taskmixin.py:205} WARNING - Dependency <Task(_PythonDecoratedOperator): print_the_context>, log_sql_query already registered for DAG: example_python_operator
[2023-02-13T18:56:45.181+0000] {logging_mixin.py:137} INFO - [2023-02-13T18:56:45.181+0000] {taskmixin.py:205} WARNING - Dependency <Task(_PythonDecoratedOperator): log_sql_query>, print_the_context already registered for DAG: example_python_operator
[2023-02-13T18:56:45.190+0000] {processor.py:753} INFO - DAG(s) dict_keys(['example_python_operator']) retrieved from /home/airflow/.local/lib/python3.7/site-packages/airflow/example_dags/example_python_operator.py
[2023-02-13T18:56:45.360+0000] {logging_mixin.py:137} INFO - [2023-02-13T18:56:45.360+0000] {dag.py:2676} INFO - Sync 1 DAGs
[2023-02-13T18:56:45.407+0000] {logging_mixin.py:137} INFO - [2023-02-13T18:56:45.406+0000] {dag.py:3427} INFO - Setting next_dagrun for example_python_operator to None, run_after=None
[2023-02-13T18:56:45.459+0000] {processor.py:175} INFO - Processing /home/airflow/.local/lib/python3.7/site-packages/airflow/example_dags/example_python_operator.py took 0.332 seconds
[2023-02-13T18:57:15.863+0000] {processor.py:153} INFO - Started process (PID=146) to work on /home/airflow/.local/lib/python3.7/site-packages/airflow/example_dags/example_python_operator.py
[2023-02-13T18:57:15.866+0000] {processor.py:743} INFO - Processing file /home/airflow/.local/lib/python3.7/site-packages/airflow/example_dags/example_python_operator.py for tasks to queue
[2023-02-13T18:57:15.868+0000] {logging_mixin.py:137} INFO - [2023-02-13T18:57:15.868+0000] {dagbag.py:538} INFO - Filling up the DagBag from /home/airflow/.local/lib/python3.7/site-packages/airflow/example_dags/example_python_operator.py
[2023-02-13T18:57:15.894+0000] {logging_mixin.py:137} INFO - [2023-02-13T18:57:15.894+0000] {taskmixin.py:205} WARNING - Dependency <Task(_PythonDecoratedOperator): print_the_context>, log_sql_query already registered for DAG: example_python_operator
[2023-02-13T18:57:15.897+0000] {logging_mixin.py:137} INFO - [2023-02-13T18:57:15.897+0000] {taskmixin.py:205} WARNING - Dependency <Task(_PythonDecoratedOperator): log_sql_query>, print_the_context already registered for DAG: example_python_operator
[2023-02-13T18:57:15.899+0000] {logging_mixin.py:137} INFO - [2023-02-13T18:57:15.899+0000] {taskmixin.py:205} WARNING - Dependency <Task(_PythonDecoratedOperator): print_the_context>, log_sql_query already registered for DAG: example_python_operator
[2023-02-13T18:57:15.900+0000] {logging_mixin.py:137} INFO - [2023-02-13T18:57:15.900+0000] {taskmixin.py:205} WARNING - Dependency <Task(_PythonDecoratedOperator): log_sql_query>, print_the_context already registered for DAG: example_python_operator
[2023-02-13T18:57:15.903+0000] {logging_mixin.py:137} INFO - [2023-02-13T18:57:15.902+0000] {taskmixin.py:205} WARNING - Dependency <Task(_PythonDecoratedOperator): print_the_context>, log_sql_query already registered for DAG: example_python_operator
[2023-02-13T18:57:15.904+0000] {logging_mixin.py:137} INFO - [2023-02-13T18:57:15.904+0000] {taskmixin.py:205} WARNING - Dependency <Task(_PythonDecoratedOperator): log_sql_query>, print_the_context already registered for DAG: example_python_operator
[2023-02-13T18:57:15.906+0000] {logging_mixin.py:137} INFO - [2023-02-13T18:57:15.906+0000] {taskmixin.py:205} WARNING - Dependency <Task(_PythonDecoratedOperator): print_the_context>, log_sql_query already registered for DAG: example_python_operator
[2023-02-13T18:57:15.907+0000] {logging_mixin.py:137} INFO - [2023-02-13T18:57:15.907+0000] {taskmixin.py:205} WARNING - Dependency <Task(_PythonDecoratedOperator): log_sql_query>, print_the_context already registered for DAG: example_python_operator
[2023-02-13T18:57:15.917+0000] {processor.py:753} INFO - DAG(s) dict_keys(['example_python_operator']) retrieved from /home/airflow/.local/lib/python3.7/site-packages/airflow/example_dags/example_python_operator.py
[2023-02-13T18:57:15.974+0000] {logging_mixin.py:137} INFO - [2023-02-13T18:57:15.974+0000] {dag.py:2676} INFO - Sync 1 DAGs
[2023-02-13T18:57:16.011+0000] {logging_mixin.py:137} INFO - [2023-02-13T18:57:16.011+0000] {dag.py:3427} INFO - Setting next_dagrun for example_python_operator to None, run_after=None
[2023-02-13T18:57:16.038+0000] {processor.py:175} INFO - Processing /home/airflow/.local/lib/python3.7/site-packages/airflow/example_dags/example_python_operator.py took 0.180 seconds
[2023-02-13T18:57:47.009+0000] {processor.py:153} INFO - Started process (PID=233) to work on /home/airflow/.local/lib/python3.7/site-packages/airflow/example_dags/example_python_operator.py
[2023-02-13T18:57:47.012+0000] {processor.py:743} INFO - Processing file /home/airflow/.local/lib/python3.7/site-packages/airflow/example_dags/example_python_operator.py for tasks to queue
[2023-02-13T18:57:47.015+0000] {logging_mixin.py:137} INFO - [2023-02-13T18:57:47.014+0000] {dagbag.py:538} INFO - Filling up the DagBag from /home/airflow/.local/lib/python3.7/site-packages/airflow/example_dags/example_python_operator.py
[2023-02-13T18:57:47.053+0000] {logging_mixin.py:137} INFO - [2023-02-13T18:57:47.052+0000] {taskmixin.py:205} WARNING - Dependency <Task(_PythonDecoratedOperator): print_the_context>, log_sql_query already registered for DAG: example_python_operator
[2023-02-13T18:57:47.055+0000] {logging_mixin.py:137} INFO - [2023-02-13T18:57:47.055+0000] {taskmixin.py:205} WARNING - Dependency <Task(_PythonDecoratedOperator): log_sql_query>, print_the_context already registered for DAG: example_python_operator
[2023-02-13T18:57:47.058+0000] {logging_mixin.py:137} INFO - [2023-02-13T18:57:47.058+0000] {taskmixin.py:205} WARNING - Dependency <Task(_PythonDecoratedOperator): print_the_context>, log_sql_query already registered for DAG: example_python_operator
[2023-02-13T18:57:47.060+0000] {logging_mixin.py:137} INFO - [2023-02-13T18:57:47.060+0000] {taskmixin.py:205} WARNING - Dependency <Task(_PythonDecoratedOperator): log_sql_query>, print_the_context already registered for DAG: example_python_operator
[2023-02-13T18:57:47.064+0000] {logging_mixin.py:137} INFO - [2023-02-13T18:57:47.064+0000] {taskmixin.py:205} WARNING - Dependency <Task(_PythonDecoratedOperator): print_the_context>, log_sql_query already registered for DAG: example_python_operator
[2023-02-13T18:57:47.066+0000] {logging_mixin.py:137} INFO - [2023-02-13T18:57:47.066+0000] {taskmixin.py:205} WARNING - Dependency <Task(_PythonDecoratedOperator): log_sql_query>, print_the_context already registered for DAG: example_python_operator
[2023-02-13T18:57:47.068+0000] {logging_mixin.py:137} INFO - [2023-02-13T18:57:47.068+0000] {taskmixin.py:205} WARNING - Dependency <Task(_PythonDecoratedOperator): print_the_context>, log_sql_query already registered for DAG: example_python_operator
[2023-02-13T18:57:47.070+0000] {logging_mixin.py:137} INFO - [2023-02-13T18:57:47.069+0000] {taskmixin.py:205} WARNING - Dependency <Task(_PythonDecoratedOperator): log_sql_query>, print_the_context already registered for DAG: example_python_operator
[2023-02-13T18:57:47.081+0000] {processor.py:753} INFO - DAG(s) dict_keys(['example_python_operator']) retrieved from /home/airflow/.local/lib/python3.7/site-packages/airflow/example_dags/example_python_operator.py
[2023-02-13T18:57:47.137+0000] {logging_mixin.py:137} INFO - [2023-02-13T18:57:47.137+0000] {dag.py:2676} INFO - Sync 1 DAGs
[2023-02-13T18:57:47.182+0000] {logging_mixin.py:137} INFO - [2023-02-13T18:57:47.182+0000] {dag.py:3427} INFO - Setting next_dagrun for example_python_operator to None, run_after=None
[2023-02-13T18:57:47.210+0000] {processor.py:175} INFO - Processing /home/airflow/.local/lib/python3.7/site-packages/airflow/example_dags/example_python_operator.py took 0.207 seconds
[2023-02-13T18:58:18.185+0000] {processor.py:153} INFO - Started process (PID=304) to work on /home/airflow/.local/lib/python3.7/site-packages/airflow/example_dags/example_python_operator.py
[2023-02-13T18:58:18.187+0000] {processor.py:743} INFO - Processing file /home/airflow/.local/lib/python3.7/site-packages/airflow/example_dags/example_python_operator.py for tasks to queue
[2023-02-13T18:58:18.189+0000] {logging_mixin.py:137} INFO - [2023-02-13T18:58:18.189+0000] {dagbag.py:538} INFO - Filling up the DagBag from /home/airflow/.local/lib/python3.7/site-packages/airflow/example_dags/example_python_operator.py
[2023-02-13T18:58:18.210+0000] {logging_mixin.py:137} INFO - [2023-02-13T18:58:18.210+0000] {taskmixin.py:205} WARNING - Dependency <Task(_PythonDecoratedOperator): print_the_context>, log_sql_query already registered for DAG: example_python_operator
[2023-02-13T18:58:18.211+0000] {logging_mixin.py:137} INFO - [2023-02-13T18:58:18.211+0000] {taskmixin.py:205} WARNING - Dependency <Task(_PythonDecoratedOperator): log_sql_query>, print_the_context already registered for DAG: example_python_operator
[2023-02-13T18:58:18.213+0000] {logging_mixin.py:137} INFO - [2023-02-13T18:58:18.213+0000] {taskmixin.py:205} WARNING - Dependency <Task(_PythonDecoratedOperator): print_the_context>, log_sql_query already registered for DAG: example_python_operator
[2023-02-13T18:58:18.214+0000] {logging_mixin.py:137} INFO - [2023-02-13T18:58:18.214+0000] {taskmixin.py:205} WARNING - Dependency <Task(_PythonDecoratedOperator): log_sql_query>, print_the_context already registered for DAG: example_python_operator
[2023-02-13T18:58:18.215+0000] {logging_mixin.py:137} INFO - [2023-02-13T18:58:18.215+0000] {taskmixin.py:205} WARNING - Dependency <Task(_PythonDecoratedOperator): print_the_context>, log_sql_query already registered for DAG: example_python_operator
[2023-02-13T18:58:18.216+0000] {logging_mixin.py:137} INFO - [2023-02-13T18:58:18.216+0000] {taskmixin.py:205} WARNING - Dependency <Task(_PythonDecoratedOperator): log_sql_query>, print_the_context already registered for DAG: example_python_operator
[2023-02-13T18:58:18.218+0000] {logging_mixin.py:137} INFO - [2023-02-13T18:58:18.218+0000] {taskmixin.py:205} WARNING - Dependency <Task(_PythonDecoratedOperator): print_the_context>, log_sql_query already registered for DAG: example_python_operator
[2023-02-13T18:58:18.219+0000] {logging_mixin.py:137} INFO - [2023-02-13T18:58:18.219+0000] {taskmixin.py:205} WARNING - Dependency <Task(_PythonDecoratedOperator): log_sql_query>, print_the_context already registered for DAG: example_python_operator
[2023-02-13T18:58:18.228+0000] {processor.py:753} INFO - DAG(s) dict_keys(['example_python_operator']) retrieved from /home/airflow/.local/lib/python3.7/site-packages/airflow/example_dags/example_python_operator.py
[2023-02-13T18:58:18.272+0000] {logging_mixin.py:137} INFO - [2023-02-13T18:58:18.271+0000] {dag.py:2676} INFO - Sync 1 DAGs
[2023-02-13T18:58:18.300+0000] {logging_mixin.py:137} INFO - [2023-02-13T18:58:18.300+0000] {dag.py:3427} INFO - Setting next_dagrun for example_python_operator to None, run_after=None
[2023-02-13T18:58:18.318+0000] {processor.py:175} INFO - Processing /home/airflow/.local/lib/python3.7/site-packages/airflow/example_dags/example_python_operator.py took 0.138 seconds
[2023-02-13T18:58:48.765+0000] {processor.py:153} INFO - Started process (PID=384) to work on /home/airflow/.local/lib/python3.7/site-packages/airflow/example_dags/example_python_operator.py
[2023-02-13T18:58:48.767+0000] {processor.py:743} INFO - Processing file /home/airflow/.local/lib/python3.7/site-packages/airflow/example_dags/example_python_operator.py for tasks to queue
[2023-02-13T18:58:48.769+0000] {logging_mixin.py:137} INFO - [2023-02-13T18:58:48.769+0000] {dagbag.py:538} INFO - Filling up the DagBag from /home/airflow/.local/lib/python3.7/site-packages/airflow/example_dags/example_python_operator.py
[2023-02-13T18:58:48.796+0000] {logging_mixin.py:137} INFO - [2023-02-13T18:58:48.796+0000] {taskmixin.py:205} WARNING - Dependency <Task(_PythonDecoratedOperator): print_the_context>, log_sql_query already registered for DAG: example_python_operator
[2023-02-13T18:58:48.797+0000] {logging_mixin.py:137} INFO - [2023-02-13T18:58:48.797+0000] {taskmixin.py:205} WARNING - Dependency <Task(_PythonDecoratedOperator): log_sql_query>, print_the_context already registered for DAG: example_python_operator
[2023-02-13T18:58:48.800+0000] {logging_mixin.py:137} INFO - [2023-02-13T18:58:48.799+0000] {taskmixin.py:205} WARNING - Dependency <Task(_PythonDecoratedOperator): print_the_context>, log_sql_query already registered for DAG: example_python_operator
[2023-02-13T18:58:48.801+0000] {logging_mixin.py:137} INFO - [2023-02-13T18:58:48.801+0000] {taskmixin.py:205} WARNING - Dependency <Task(_PythonDecoratedOperator): log_sql_query>, print_the_context already registered for DAG: example_python_operator
[2023-02-13T18:58:48.803+0000] {logging_mixin.py:137} INFO - [2023-02-13T18:58:48.803+0000] {taskmixin.py:205} WARNING - Dependency <Task(_PythonDecoratedOperator): print_the_context>, log_sql_query already registered for DAG: example_python_operator
[2023-02-13T18:58:48.805+0000] {logging_mixin.py:137} INFO - [2023-02-13T18:58:48.805+0000] {taskmixin.py:205} WARNING - Dependency <Task(_PythonDecoratedOperator): log_sql_query>, print_the_context already registered for DAG: example_python_operator
[2023-02-13T18:58:48.808+0000] {logging_mixin.py:137} INFO - [2023-02-13T18:58:48.807+0000] {taskmixin.py:205} WARNING - Dependency <Task(_PythonDecoratedOperator): print_the_context>, log_sql_query already registered for DAG: example_python_operator
[2023-02-13T18:58:48.809+0000] {logging_mixin.py:137} INFO - [2023-02-13T18:58:48.809+0000] {taskmixin.py:205} WARNING - Dependency <Task(_PythonDecoratedOperator): log_sql_query>, print_the_context already registered for DAG: example_python_operator
[2023-02-13T18:58:48.819+0000] {processor.py:753} INFO - DAG(s) dict_keys(['example_python_operator']) retrieved from /home/airflow/.local/lib/python3.7/site-packages/airflow/example_dags/example_python_operator.py
[2023-02-13T18:58:48.888+0000] {logging_mixin.py:137} INFO - [2023-02-13T18:58:48.888+0000] {dag.py:2676} INFO - Sync 1 DAGs
[2023-02-13T18:58:48.938+0000] {logging_mixin.py:137} INFO - [2023-02-13T18:58:48.937+0000] {dag.py:3427} INFO - Setting next_dagrun for example_python_operator to None, run_after=None
[2023-02-13T18:58:48.968+0000] {processor.py:175} INFO - Processing /home/airflow/.local/lib/python3.7/site-packages/airflow/example_dags/example_python_operator.py took 0.209 seconds
[2023-02-13T18:59:19.295+0000] {processor.py:153} INFO - Started process (PID=462) to work on /home/airflow/.local/lib/python3.7/site-packages/airflow/example_dags/example_python_operator.py
[2023-02-13T18:59:19.297+0000] {processor.py:743} INFO - Processing file /home/airflow/.local/lib/python3.7/site-packages/airflow/example_dags/example_python_operator.py for tasks to queue
[2023-02-13T18:59:19.299+0000] {logging_mixin.py:137} INFO - [2023-02-13T18:59:19.299+0000] {dagbag.py:538} INFO - Filling up the DagBag from /home/airflow/.local/lib/python3.7/site-packages/airflow/example_dags/example_python_operator.py
[2023-02-13T18:59:19.320+0000] {logging_mixin.py:137} INFO - [2023-02-13T18:59:19.320+0000] {taskmixin.py:205} WARNING - Dependency <Task(_PythonDecoratedOperator): print_the_context>, log_sql_query already registered for DAG: example_python_operator
[2023-02-13T18:59:19.321+0000] {logging_mixin.py:137} INFO - [2023-02-13T18:59:19.321+0000] {taskmixin.py:205} WARNING - Dependency <Task(_PythonDecoratedOperator): log_sql_query>, print_the_context already registered for DAG: example_python_operator
[2023-02-13T18:59:19.323+0000] {logging_mixin.py:137} INFO - [2023-02-13T18:59:19.323+0000] {taskmixin.py:205} WARNING - Dependency <Task(_PythonDecoratedOperator): print_the_context>, log_sql_query already registered for DAG: example_python_operator
[2023-02-13T18:59:19.324+0000] {logging_mixin.py:137} INFO - [2023-02-13T18:59:19.324+0000] {taskmixin.py:205} WARNING - Dependency <Task(_PythonDecoratedOperator): log_sql_query>, print_the_context already registered for DAG: example_python_operator
[2023-02-13T18:59:19.326+0000] {logging_mixin.py:137} INFO - [2023-02-13T18:59:19.325+0000] {taskmixin.py:205} WARNING - Dependency <Task(_PythonDecoratedOperator): print_the_context>, log_sql_query already registered for DAG: example_python_operator
[2023-02-13T18:59:19.327+0000] {logging_mixin.py:137} INFO - [2023-02-13T18:59:19.326+0000] {taskmixin.py:205} WARNING - Dependency <Task(_PythonDecoratedOperator): log_sql_query>, print_the_context already registered for DAG: example_python_operator
[2023-02-13T18:59:19.328+0000] {logging_mixin.py:137} INFO - [2023-02-13T18:59:19.328+0000] {taskmixin.py:205} WARNING - Dependency <Task(_PythonDecoratedOperator): print_the_context>, log_sql_query already registered for DAG: example_python_operator
[2023-02-13T18:59:19.329+0000] {logging_mixin.py:137} INFO - [2023-02-13T18:59:19.329+0000] {taskmixin.py:205} WARNING - Dependency <Task(_PythonDecoratedOperator): log_sql_query>, print_the_context already registered for DAG: example_python_operator
[2023-02-13T18:59:19.337+0000] {processor.py:753} INFO - DAG(s) dict_keys(['example_python_operator']) retrieved from /home/airflow/.local/lib/python3.7/site-packages/airflow/example_dags/example_python_operator.py
[2023-02-13T18:59:19.387+0000] {logging_mixin.py:137} INFO - [2023-02-13T18:59:19.387+0000] {dag.py:2676} INFO - Sync 1 DAGs
[2023-02-13T18:59:19.422+0000] {logging_mixin.py:137} INFO - [2023-02-13T18:59:19.422+0000] {dag.py:3427} INFO - Setting next_dagrun for example_python_operator to None, run_after=None
[2023-02-13T18:59:19.449+0000] {processor.py:175} INFO - Processing /home/airflow/.local/lib/python3.7/site-packages/airflow/example_dags/example_python_operator.py took 0.158 seconds
[2023-02-13T18:59:50.016+0000] {processor.py:153} INFO - Started process (PID=533) to work on /home/airflow/.local/lib/python3.7/site-packages/airflow/example_dags/example_python_operator.py
[2023-02-13T18:59:50.018+0000] {processor.py:743} INFO - Processing file /home/airflow/.local/lib/python3.7/site-packages/airflow/example_dags/example_python_operator.py for tasks to queue
[2023-02-13T18:59:50.020+0000] {logging_mixin.py:137} INFO - [2023-02-13T18:59:50.020+0000] {dagbag.py:538} INFO - Filling up the DagBag from /home/airflow/.local/lib/python3.7/site-packages/airflow/example_dags/example_python_operator.py
[2023-02-13T18:59:50.041+0000] {logging_mixin.py:137} INFO - [2023-02-13T18:59:50.041+0000] {taskmixin.py:205} WARNING - Dependency <Task(_PythonDecoratedOperator): print_the_context>, log_sql_query already registered for DAG: example_python_operator
[2023-02-13T18:59:50.042+0000] {logging_mixin.py:137} INFO - [2023-02-13T18:59:50.042+0000] {taskmixin.py:205} WARNING - Dependency <Task(_PythonDecoratedOperator): log_sql_query>, print_the_context already registered for DAG: example_python_operator
[2023-02-13T18:59:50.044+0000] {logging_mixin.py:137} INFO - [2023-02-13T18:59:50.044+0000] {taskmixin.py:205} WARNING - Dependency <Task(_PythonDecoratedOperator): print_the_context>, log_sql_query already registered for DAG: example_python_operator
[2023-02-13T18:59:50.045+0000] {logging_mixin.py:137} INFO - [2023-02-13T18:59:50.045+0000] {taskmixin.py:205} WARNING - Dependency <Task(_PythonDecoratedOperator): log_sql_query>, print_the_context already registered for DAG: example_python_operator
[2023-02-13T18:59:50.047+0000] {logging_mixin.py:137} INFO - [2023-02-13T18:59:50.047+0000] {taskmixin.py:205} WARNING - Dependency <Task(_PythonDecoratedOperator): print_the_context>, log_sql_query already registered for DAG: example_python_operator
[2023-02-13T18:59:50.049+0000] {logging_mixin.py:137} INFO - [2023-02-13T18:59:50.048+0000] {taskmixin.py:205} WARNING - Dependency <Task(_PythonDecoratedOperator): log_sql_query>, print_the_context already registered for DAG: example_python_operator
[2023-02-13T18:59:50.050+0000] {logging_mixin.py:137} INFO - [2023-02-13T18:59:50.050+0000] {taskmixin.py:205} WARNING - Dependency <Task(_PythonDecoratedOperator): print_the_context>, log_sql_query already registered for DAG: example_python_operator
[2023-02-13T18:59:50.051+0000] {logging_mixin.py:137} INFO - [2023-02-13T18:59:50.051+0000] {taskmixin.py:205} WARNING - Dependency <Task(_PythonDecoratedOperator): log_sql_query>, print_the_context already registered for DAG: example_python_operator
[2023-02-13T18:59:50.060+0000] {processor.py:753} INFO - DAG(s) dict_keys(['example_python_operator']) retrieved from /home/airflow/.local/lib/python3.7/site-packages/airflow/example_dags/example_python_operator.py
[2023-02-13T18:59:50.108+0000] {logging_mixin.py:137} INFO - [2023-02-13T18:59:50.107+0000] {dag.py:2676} INFO - Sync 1 DAGs
[2023-02-13T18:59:50.141+0000] {logging_mixin.py:137} INFO - [2023-02-13T18:59:50.141+0000] {dag.py:3427} INFO - Setting next_dagrun for example_python_operator to None, run_after=None
[2023-02-13T18:59:50.166+0000] {processor.py:175} INFO - Processing /home/airflow/.local/lib/python3.7/site-packages/airflow/example_dags/example_python_operator.py took 0.155 seconds
[2023-02-13T19:00:21.093+0000] {processor.py:153} INFO - Started process (PID=620) to work on /home/airflow/.local/lib/python3.7/site-packages/airflow/example_dags/example_python_operator.py
[2023-02-13T19:00:21.095+0000] {processor.py:743} INFO - Processing file /home/airflow/.local/lib/python3.7/site-packages/airflow/example_dags/example_python_operator.py for tasks to queue
[2023-02-13T19:00:21.097+0000] {logging_mixin.py:137} INFO - [2023-02-13T19:00:21.097+0000] {dagbag.py:538} INFO - Filling up the DagBag from /home/airflow/.local/lib/python3.7/site-packages/airflow/example_dags/example_python_operator.py
[2023-02-13T19:00:21.117+0000] {logging_mixin.py:137} INFO - [2023-02-13T19:00:21.117+0000] {taskmixin.py:205} WARNING - Dependency <Task(_PythonDecoratedOperator): print_the_context>, log_sql_query already registered for DAG: example_python_operator
[2023-02-13T19:00:21.118+0000] {logging_mixin.py:137} INFO - [2023-02-13T19:00:21.118+0000] {taskmixin.py:205} WARNING - Dependency <Task(_PythonDecoratedOperator): log_sql_query>, print_the_context already registered for DAG: example_python_operator
[2023-02-13T19:00:21.120+0000] {logging_mixin.py:137} INFO - [2023-02-13T19:00:21.120+0000] {taskmixin.py:205} WARNING - Dependency <Task(_PythonDecoratedOperator): print_the_context>, log_sql_query already registered for DAG: example_python_operator
[2023-02-13T19:00:21.122+0000] {logging_mixin.py:137} INFO - [2023-02-13T19:00:21.122+0000] {taskmixin.py:205} WARNING - Dependency <Task(_PythonDecoratedOperator): log_sql_query>, print_the_context already registered for DAG: example_python_operator
[2023-02-13T19:00:21.123+0000] {logging_mixin.py:137} INFO - [2023-02-13T19:00:21.123+0000] {taskmixin.py:205} WARNING - Dependency <Task(_PythonDecoratedOperator): print_the_context>, log_sql_query already registered for DAG: example_python_operator
[2023-02-13T19:00:21.124+0000] {logging_mixin.py:137} INFO - [2023-02-13T19:00:21.124+0000] {taskmixin.py:205} WARNING - Dependency <Task(_PythonDecoratedOperator): log_sql_query>, print_the_context already registered for DAG: example_python_operator
[2023-02-13T19:00:21.126+0000] {logging_mixin.py:137} INFO - [2023-02-13T19:00:21.125+0000] {taskmixin.py:205} WARNING - Dependency <Task(_PythonDecoratedOperator): print_the_context>, log_sql_query already registered for DAG: example_python_operator
[2023-02-13T19:00:21.126+0000] {logging_mixin.py:137} INFO - [2023-02-13T19:00:21.126+0000] {taskmixin.py:205} WARNING - Dependency <Task(_PythonDecoratedOperator): log_sql_query>, print_the_context already registered for DAG: example_python_operator
[2023-02-13T19:00:21.135+0000] {processor.py:753} INFO - DAG(s) dict_keys(['example_python_operator']) retrieved from /home/airflow/.local/lib/python3.7/site-packages/airflow/example_dags/example_python_operator.py
[2023-02-13T19:00:21.179+0000] {logging_mixin.py:137} INFO - [2023-02-13T19:00:21.179+0000] {dag.py:2676} INFO - Sync 1 DAGs
[2023-02-13T19:00:21.207+0000] {logging_mixin.py:137} INFO - [2023-02-13T19:00:21.207+0000] {dag.py:3427} INFO - Setting next_dagrun for example_python_operator to None, run_after=None
[2023-02-13T19:00:21.225+0000] {processor.py:175} INFO - Processing /home/airflow/.local/lib/python3.7/site-packages/airflow/example_dags/example_python_operator.py took 0.137 seconds
[2023-02-13T19:00:51.940+0000] {processor.py:153} INFO - Started process (PID=691) to work on /home/airflow/.local/lib/python3.7/site-packages/airflow/example_dags/example_python_operator.py
[2023-02-13T19:00:51.942+0000] {processor.py:743} INFO - Processing file /home/airflow/.local/lib/python3.7/site-packages/airflow/example_dags/example_python_operator.py for tasks to queue
[2023-02-13T19:00:51.943+0000] {logging_mixin.py:137} INFO - [2023-02-13T19:00:51.943+0000] {dagbag.py:538} INFO - Filling up the DagBag from /home/airflow/.local/lib/python3.7/site-packages/airflow/example_dags/example_python_operator.py
[2023-02-13T19:00:51.963+0000] {logging_mixin.py:137} INFO - [2023-02-13T19:00:51.963+0000] {taskmixin.py:205} WARNING - Dependency <Task(_PythonDecoratedOperator): print_the_context>, log_sql_query already registered for DAG: example_python_operator
[2023-02-13T19:00:51.965+0000] {logging_mixin.py:137} INFO - [2023-02-13T19:00:51.965+0000] {taskmixin.py:205} WARNING - Dependency <Task(_PythonDecoratedOperator): log_sql_query>, print_the_context already registered for DAG: example_python_operator
[2023-02-13T19:00:51.966+0000] {logging_mixin.py:137} INFO - [2023-02-13T19:00:51.966+0000] {taskmixin.py:205} WARNING - Dependency <Task(_PythonDecoratedOperator): print_the_context>, log_sql_query already registered for DAG: example_python_operator
[2023-02-13T19:00:51.967+0000] {logging_mixin.py:137} INFO - [2023-02-13T19:00:51.967+0000] {taskmixin.py:205} WARNING - Dependency <Task(_PythonDecoratedOperator): log_sql_query>, print_the_context already registered for DAG: example_python_operator
[2023-02-13T19:00:51.969+0000] {logging_mixin.py:137} INFO - [2023-02-13T19:00:51.969+0000] {taskmixin.py:205} WARNING - Dependency <Task(_PythonDecoratedOperator): print_the_context>, log_sql_query already registered for DAG: example_python_operator
[2023-02-13T19:00:51.970+0000] {logging_mixin.py:137} INFO - [2023-02-13T19:00:51.970+0000] {taskmixin.py:205} WARNING - Dependency <Task(_PythonDecoratedOperator): log_sql_query>, print_the_context already registered for DAG: example_python_operator
[2023-02-13T19:00:51.972+0000] {logging_mixin.py:137} INFO - [2023-02-13T19:00:51.972+0000] {taskmixin.py:205} WARNING - Dependency <Task(_PythonDecoratedOperator): print_the_context>, log_sql_query already registered for DAG: example_python_operator
[2023-02-13T19:00:51.973+0000] {logging_mixin.py:137} INFO - [2023-02-13T19:00:51.973+0000] {taskmixin.py:205} WARNING - Dependency <Task(_PythonDecoratedOperator): log_sql_query>, print_the_context already registered for DAG: example_python_operator
[2023-02-13T19:00:51.981+0000] {processor.py:753} INFO - DAG(s) dict_keys(['example_python_operator']) retrieved from /home/airflow/.local/lib/python3.7/site-packages/airflow/example_dags/example_python_operator.py
[2023-02-13T19:00:52.039+0000] {logging_mixin.py:137} INFO - [2023-02-13T19:00:52.039+0000] {dag.py:2676} INFO - Sync 1 DAGs
[2023-02-13T19:00:52.069+0000] {logging_mixin.py:137} INFO - [2023-02-13T19:00:52.069+0000] {dag.py:3427} INFO - Setting next_dagrun for example_python_operator to None, run_after=None
[2023-02-13T19:00:52.091+0000] {processor.py:175} INFO - Processing /home/airflow/.local/lib/python3.7/site-packages/airflow/example_dags/example_python_operator.py took 0.156 seconds
[2023-02-13T19:01:22.294+0000] {processor.py:153} INFO - Started process (PID=777) to work on /home/airflow/.local/lib/python3.7/site-packages/airflow/example_dags/example_python_operator.py
[2023-02-13T19:01:22.296+0000] {processor.py:743} INFO - Processing file /home/airflow/.local/lib/python3.7/site-packages/airflow/example_dags/example_python_operator.py for tasks to queue
[2023-02-13T19:01:22.297+0000] {logging_mixin.py:137} INFO - [2023-02-13T19:01:22.297+0000] {dagbag.py:538} INFO - Filling up the DagBag from /home/airflow/.local/lib/python3.7/site-packages/airflow/example_dags/example_python_operator.py
[2023-02-13T19:01:22.319+0000] {logging_mixin.py:137} INFO - [2023-02-13T19:01:22.319+0000] {taskmixin.py:205} WARNING - Dependency <Task(_PythonDecoratedOperator): print_the_context>, log_sql_query already registered for DAG: example_python_operator
[2023-02-13T19:01:22.320+0000] {logging_mixin.py:137} INFO - [2023-02-13T19:01:22.320+0000] {taskmixin.py:205} WARNING - Dependency <Task(_PythonDecoratedOperator): log_sql_query>, print_the_context already registered for DAG: example_python_operator
[2023-02-13T19:01:22.322+0000] {logging_mixin.py:137} INFO - [2023-02-13T19:01:22.322+0000] {taskmixin.py:205} WARNING - Dependency <Task(_PythonDecoratedOperator): print_the_context>, log_sql_query already registered for DAG: example_python_operator
[2023-02-13T19:01:22.323+0000] {logging_mixin.py:137} INFO - [2023-02-13T19:01:22.323+0000] {taskmixin.py:205} WARNING - Dependency <Task(_PythonDecoratedOperator): log_sql_query>, print_the_context already registered for DAG: example_python_operator
[2023-02-13T19:01:22.325+0000] {logging_mixin.py:137} INFO - [2023-02-13T19:01:22.324+0000] {taskmixin.py:205} WARNING - Dependency <Task(_PythonDecoratedOperator): print_the_context>, log_sql_query already registered for DAG: example_python_operator
[2023-02-13T19:01:22.325+0000] {logging_mixin.py:137} INFO - [2023-02-13T19:01:22.325+0000] {taskmixin.py:205} WARNING - Dependency <Task(_PythonDecoratedOperator): log_sql_query>, print_the_context already registered for DAG: example_python_operator
[2023-02-13T19:01:22.327+0000] {logging_mixin.py:137} INFO - [2023-02-13T19:01:22.327+0000] {taskmixin.py:205} WARNING - Dependency <Task(_PythonDecoratedOperator): print_the_context>, log_sql_query already registered for DAG: example_python_operator
[2023-02-13T19:01:22.328+0000] {logging_mixin.py:137} INFO - [2023-02-13T19:01:22.328+0000] {taskmixin.py:205} WARNING - Dependency <Task(_PythonDecoratedOperator): log_sql_query>, print_the_context already registered for DAG: example_python_operator
[2023-02-13T19:01:22.337+0000] {processor.py:753} INFO - DAG(s) dict_keys(['example_python_operator']) retrieved from /home/airflow/.local/lib/python3.7/site-packages/airflow/example_dags/example_python_operator.py
[2023-02-13T19:01:22.390+0000] {logging_mixin.py:137} INFO - [2023-02-13T19:01:22.390+0000] {dag.py:2676} INFO - Sync 1 DAGs
[2023-02-13T19:01:22.426+0000] {logging_mixin.py:137} INFO - [2023-02-13T19:01:22.425+0000] {dag.py:3427} INFO - Setting next_dagrun for example_python_operator to None, run_after=None
[2023-02-13T19:01:22.451+0000] {processor.py:175} INFO - Processing /home/airflow/.local/lib/python3.7/site-packages/airflow/example_dags/example_python_operator.py took 0.162 seconds
[2023-02-13T19:01:52.608+0000] {processor.py:153} INFO - Started process (PID=848) to work on /home/airflow/.local/lib/python3.7/site-packages/airflow/example_dags/example_python_operator.py
[2023-02-13T19:01:52.611+0000] {processor.py:743} INFO - Processing file /home/airflow/.local/lib/python3.7/site-packages/airflow/example_dags/example_python_operator.py for tasks to queue
[2023-02-13T19:01:52.612+0000] {logging_mixin.py:137} INFO - [2023-02-13T19:01:52.612+0000] {dagbag.py:538} INFO - Filling up the DagBag from /home/airflow/.local/lib/python3.7/site-packages/airflow/example_dags/example_python_operator.py
[2023-02-13T19:01:52.634+0000] {logging_mixin.py:137} INFO - [2023-02-13T19:01:52.634+0000] {taskmixin.py:205} WARNING - Dependency <Task(_PythonDecoratedOperator): print_the_context>, log_sql_query already registered for DAG: example_python_operator
[2023-02-13T19:01:52.635+0000] {logging_mixin.py:137} INFO - [2023-02-13T19:01:52.635+0000] {taskmixin.py:205} WARNING - Dependency <Task(_PythonDecoratedOperator): log_sql_query>, print_the_context already registered for DAG: example_python_operator
[2023-02-13T19:01:52.637+0000] {logging_mixin.py:137} INFO - [2023-02-13T19:01:52.637+0000] {taskmixin.py:205} WARNING - Dependency <Task(_PythonDecoratedOperator): print_the_context>, log_sql_query already registered for DAG: example_python_operator
[2023-02-13T19:01:52.638+0000] {logging_mixin.py:137} INFO - [2023-02-13T19:01:52.638+0000] {taskmixin.py:205} WARNING - Dependency <Task(_PythonDecoratedOperator): log_sql_query>, print_the_context already registered for DAG: example_python_operator
[2023-02-13T19:01:52.639+0000] {logging_mixin.py:137} INFO - [2023-02-13T19:01:52.639+0000] {taskmixin.py:205} WARNING - Dependency <Task(_PythonDecoratedOperator): print_the_context>, log_sql_query already registered for DAG: example_python_operator
[2023-02-13T19:01:52.640+0000] {logging_mixin.py:137} INFO - [2023-02-13T19:01:52.640+0000] {taskmixin.py:205} WARNING - Dependency <Task(_PythonDecoratedOperator): log_sql_query>, print_the_context already registered for DAG: example_python_operator
[2023-02-13T19:01:52.642+0000] {logging_mixin.py:137} INFO - [2023-02-13T19:01:52.642+0000] {taskmixin.py:205} WARNING - Dependency <Task(_PythonDecoratedOperator): print_the_context>, log_sql_query already registered for DAG: example_python_operator
[2023-02-13T19:01:52.643+0000] {logging_mixin.py:137} INFO - [2023-02-13T19:01:52.643+0000] {taskmixin.py:205} WARNING - Dependency <Task(_PythonDecoratedOperator): log_sql_query>, print_the_context already registered for DAG: example_python_operator
[2023-02-13T19:01:52.651+0000] {processor.py:753} INFO - DAG(s) dict_keys(['example_python_operator']) retrieved from /home/airflow/.local/lib/python3.7/site-packages/airflow/example_dags/example_python_operator.py
[2023-02-13T19:01:52.695+0000] {logging_mixin.py:137} INFO - [2023-02-13T19:01:52.694+0000] {dag.py:2676} INFO - Sync 1 DAGs
[2023-02-13T19:01:52.725+0000] {logging_mixin.py:137} INFO - [2023-02-13T19:01:52.725+0000] {dag.py:3427} INFO - Setting next_dagrun for example_python_operator to None, run_after=None
[2023-02-13T19:01:52.747+0000] {processor.py:175} INFO - Processing /home/airflow/.local/lib/python3.7/site-packages/airflow/example_dags/example_python_operator.py took 0.144 seconds
[2023-02-13T19:02:23.188+0000] {processor.py:153} INFO - Started process (PID=935) to work on /home/airflow/.local/lib/python3.7/site-packages/airflow/example_dags/example_python_operator.py
[2023-02-13T19:02:23.191+0000] {processor.py:743} INFO - Processing file /home/airflow/.local/lib/python3.7/site-packages/airflow/example_dags/example_python_operator.py for tasks to queue
[2023-02-13T19:02:23.192+0000] {logging_mixin.py:137} INFO - [2023-02-13T19:02:23.192+0000] {dagbag.py:538} INFO - Filling up the DagBag from /home/airflow/.local/lib/python3.7/site-packages/airflow/example_dags/example_python_operator.py
[2023-02-13T19:02:23.213+0000] {logging_mixin.py:137} INFO - [2023-02-13T19:02:23.213+0000] {taskmixin.py:205} WARNING - Dependency <Task(_PythonDecoratedOperator): print_the_context>, log_sql_query already registered for DAG: example_python_operator
[2023-02-13T19:02:23.215+0000] {logging_mixin.py:137} INFO - [2023-02-13T19:02:23.214+0000] {taskmixin.py:205} WARNING - Dependency <Task(_PythonDecoratedOperator): log_sql_query>, print_the_context already registered for DAG: example_python_operator
[2023-02-13T19:02:23.216+0000] {logging_mixin.py:137} INFO - [2023-02-13T19:02:23.216+0000] {taskmixin.py:205} WARNING - Dependency <Task(_PythonDecoratedOperator): print_the_context>, log_sql_query already registered for DAG: example_python_operator
[2023-02-13T19:02:23.217+0000] {logging_mixin.py:137} INFO - [2023-02-13T19:02:23.217+0000] {taskmixin.py:205} WARNING - Dependency <Task(_PythonDecoratedOperator): log_sql_query>, print_the_context already registered for DAG: example_python_operator
[2023-02-13T19:02:23.218+0000] {logging_mixin.py:137} INFO - [2023-02-13T19:02:23.218+0000] {taskmixin.py:205} WARNING - Dependency <Task(_PythonDecoratedOperator): print_the_context>, log_sql_query already registered for DAG: example_python_operator
[2023-02-13T19:02:23.219+0000] {logging_mixin.py:137} INFO - [2023-02-13T19:02:23.219+0000] {taskmixin.py:205} WARNING - Dependency <Task(_PythonDecoratedOperator): log_sql_query>, print_the_context already registered for DAG: example_python_operator
[2023-02-13T19:02:23.221+0000] {logging_mixin.py:137} INFO - [2023-02-13T19:02:23.221+0000] {taskmixin.py:205} WARNING - Dependency <Task(_PythonDecoratedOperator): print_the_context>, log_sql_query already registered for DAG: example_python_operator
[2023-02-13T19:02:23.222+0000] {logging_mixin.py:137} INFO - [2023-02-13T19:02:23.222+0000] {taskmixin.py:205} WARNING - Dependency <Task(_PythonDecoratedOperator): log_sql_query>, print_the_context already registered for DAG: example_python_operator
[2023-02-13T19:02:23.230+0000] {processor.py:753} INFO - DAG(s) dict_keys(['example_python_operator']) retrieved from /home/airflow/.local/lib/python3.7/site-packages/airflow/example_dags/example_python_operator.py
[2023-02-13T19:02:23.273+0000] {logging_mixin.py:137} INFO - [2023-02-13T19:02:23.273+0000] {dag.py:2676} INFO - Sync 1 DAGs
[2023-02-13T19:02:23.303+0000] {logging_mixin.py:137} INFO - [2023-02-13T19:02:23.302+0000] {dag.py:3427} INFO - Setting next_dagrun for example_python_operator to None, run_after=None
[2023-02-13T19:02:23.323+0000] {processor.py:175} INFO - Processing /home/airflow/.local/lib/python3.7/site-packages/airflow/example_dags/example_python_operator.py took 0.140 seconds
[2023-02-13T19:02:53.700+0000] {processor.py:153} INFO - Started process (PID=1006) to work on /home/airflow/.local/lib/python3.7/site-packages/airflow/example_dags/example_python_operator.py
[2023-02-13T19:02:53.702+0000] {processor.py:743} INFO - Processing file /home/airflow/.local/lib/python3.7/site-packages/airflow/example_dags/example_python_operator.py for tasks to queue
[2023-02-13T19:02:53.704+0000] {logging_mixin.py:137} INFO - [2023-02-13T19:02:53.704+0000] {dagbag.py:538} INFO - Filling up the DagBag from /home/airflow/.local/lib/python3.7/site-packages/airflow/example_dags/example_python_operator.py
[2023-02-13T19:02:53.725+0000] {logging_mixin.py:137} INFO - [2023-02-13T19:02:53.725+0000] {taskmixin.py:205} WARNING - Dependency <Task(_PythonDecoratedOperator): print_the_context>, log_sql_query already registered for DAG: example_python_operator
[2023-02-13T19:02:53.726+0000] {logging_mixin.py:137} INFO - [2023-02-13T19:02:53.726+0000] {taskmixin.py:205} WARNING - Dependency <Task(_PythonDecoratedOperator): log_sql_query>, print_the_context already registered for DAG: example_python_operator
[2023-02-13T19:02:53.728+0000] {logging_mixin.py:137} INFO - [2023-02-13T19:02:53.728+0000] {taskmixin.py:205} WARNING - Dependency <Task(_PythonDecoratedOperator): print_the_context>, log_sql_query already registered for DAG: example_python_operator
[2023-02-13T19:02:53.729+0000] {logging_mixin.py:137} INFO - [2023-02-13T19:02:53.729+0000] {taskmixin.py:205} WARNING - Dependency <Task(_PythonDecoratedOperator): log_sql_query>, print_the_context already registered for DAG: example_python_operator
[2023-02-13T19:02:53.731+0000] {logging_mixin.py:137} INFO - [2023-02-13T19:02:53.730+0000] {taskmixin.py:205} WARNING - Dependency <Task(_PythonDecoratedOperator): print_the_context>, log_sql_query already registered for DAG: example_python_operator
[2023-02-13T19:02:53.731+0000] {logging_mixin.py:137} INFO - [2023-02-13T19:02:53.731+0000] {taskmixin.py:205} WARNING - Dependency <Task(_PythonDecoratedOperator): log_sql_query>, print_the_context already registered for DAG: example_python_operator
[2023-02-13T19:02:53.733+0000] {logging_mixin.py:137} INFO - [2023-02-13T19:02:53.733+0000] {taskmixin.py:205} WARNING - Dependency <Task(_PythonDecoratedOperator): print_the_context>, log_sql_query already registered for DAG: example_python_operator
[2023-02-13T19:02:53.734+0000] {logging_mixin.py:137} INFO - [2023-02-13T19:02:53.734+0000] {taskmixin.py:205} WARNING - Dependency <Task(_PythonDecoratedOperator): log_sql_query>, print_the_context already registered for DAG: example_python_operator
[2023-02-13T19:02:53.742+0000] {processor.py:753} INFO - DAG(s) dict_keys(['example_python_operator']) retrieved from /home/airflow/.local/lib/python3.7/site-packages/airflow/example_dags/example_python_operator.py
[2023-02-13T19:02:53.794+0000] {logging_mixin.py:137} INFO - [2023-02-13T19:02:53.794+0000] {dag.py:2676} INFO - Sync 1 DAGs
[2023-02-13T19:02:53.826+0000] {logging_mixin.py:137} INFO - [2023-02-13T19:02:53.825+0000] {dag.py:3427} INFO - Setting next_dagrun for example_python_operator to None, run_after=None
[2023-02-13T19:02:53.848+0000] {processor.py:175} INFO - Processing /home/airflow/.local/lib/python3.7/site-packages/airflow/example_dags/example_python_operator.py took 0.152 seconds
[2023-02-13T19:03:36.452+0000] {processor.py:153} INFO - Started process (PID=1076) to work on /home/airflow/.local/lib/python3.7/site-packages/airflow/example_dags/example_python_operator.py
[2023-02-13T19:03:36.455+0000] {processor.py:743} INFO - Processing file /home/airflow/.local/lib/python3.7/site-packages/airflow/example_dags/example_python_operator.py for tasks to queue
[2023-02-13T19:03:36.457+0000] {logging_mixin.py:137} INFO - [2023-02-13T19:03:36.457+0000] {dagbag.py:538} INFO - Filling up the DagBag from /home/airflow/.local/lib/python3.7/site-packages/airflow/example_dags/example_python_operator.py
[2023-02-13T19:03:36.487+0000] {logging_mixin.py:137} INFO - [2023-02-13T19:03:36.487+0000] {taskmixin.py:205} WARNING - Dependency <Task(_PythonDecoratedOperator): print_the_context>, log_sql_query already registered for DAG: example_python_operator
[2023-02-13T19:03:36.489+0000] {logging_mixin.py:137} INFO - [2023-02-13T19:03:36.488+0000] {taskmixin.py:205} WARNING - Dependency <Task(_PythonDecoratedOperator): log_sql_query>, print_the_context already registered for DAG: example_python_operator
[2023-02-13T19:03:36.491+0000] {logging_mixin.py:137} INFO - [2023-02-13T19:03:36.490+0000] {taskmixin.py:205} WARNING - Dependency <Task(_PythonDecoratedOperator): print_the_context>, log_sql_query already registered for DAG: example_python_operator
[2023-02-13T19:03:36.492+0000] {logging_mixin.py:137} INFO - [2023-02-13T19:03:36.492+0000] {taskmixin.py:205} WARNING - Dependency <Task(_PythonDecoratedOperator): log_sql_query>, print_the_context already registered for DAG: example_python_operator
[2023-02-13T19:03:36.494+0000] {logging_mixin.py:137} INFO - [2023-02-13T19:03:36.494+0000] {taskmixin.py:205} WARNING - Dependency <Task(_PythonDecoratedOperator): print_the_context>, log_sql_query already registered for DAG: example_python_operator
[2023-02-13T19:03:36.496+0000] {logging_mixin.py:137} INFO - [2023-02-13T19:03:36.496+0000] {taskmixin.py:205} WARNING - Dependency <Task(_PythonDecoratedOperator): log_sql_query>, print_the_context already registered for DAG: example_python_operator
[2023-02-13T19:03:36.498+0000] {logging_mixin.py:137} INFO - [2023-02-13T19:03:36.498+0000] {taskmixin.py:205} WARNING - Dependency <Task(_PythonDecoratedOperator): print_the_context>, log_sql_query already registered for DAG: example_python_operator
[2023-02-13T19:03:36.500+0000] {logging_mixin.py:137} INFO - [2023-02-13T19:03:36.500+0000] {taskmixin.py:205} WARNING - Dependency <Task(_PythonDecoratedOperator): log_sql_query>, print_the_context already registered for DAG: example_python_operator
[2023-02-13T19:03:36.511+0000] {processor.py:753} INFO - DAG(s) dict_keys(['example_python_operator']) retrieved from /home/airflow/.local/lib/python3.7/site-packages/airflow/example_dags/example_python_operator.py
[2023-02-13T19:03:36.573+0000] {logging_mixin.py:137} INFO - [2023-02-13T19:03:36.573+0000] {dag.py:2676} INFO - Sync 1 DAGs
[2023-02-13T19:03:36.612+0000] {logging_mixin.py:137} INFO - [2023-02-13T19:03:36.612+0000] {dag.py:3427} INFO - Setting next_dagrun for example_python_operator to None, run_after=None
[2023-02-13T19:03:36.640+0000] {processor.py:175} INFO - Processing /home/airflow/.local/lib/python3.7/site-packages/airflow/example_dags/example_python_operator.py took 0.193 seconds
[2023-02-13T19:04:06.888+0000] {processor.py:153} INFO - Started process (PID=1147) to work on /home/airflow/.local/lib/python3.7/site-packages/airflow/example_dags/example_python_operator.py
[2023-02-13T19:04:06.890+0000] {processor.py:743} INFO - Processing file /home/airflow/.local/lib/python3.7/site-packages/airflow/example_dags/example_python_operator.py for tasks to queue
[2023-02-13T19:04:06.892+0000] {logging_mixin.py:137} INFO - [2023-02-13T19:04:06.892+0000] {dagbag.py:538} INFO - Filling up the DagBag from /home/airflow/.local/lib/python3.7/site-packages/airflow/example_dags/example_python_operator.py
[2023-02-13T19:04:06.919+0000] {logging_mixin.py:137} INFO - [2023-02-13T19:04:06.919+0000] {taskmixin.py:205} WARNING - Dependency <Task(_PythonDecoratedOperator): print_the_context>, log_sql_query already registered for DAG: example_python_operator
[2023-02-13T19:04:06.921+0000] {logging_mixin.py:137} INFO - [2023-02-13T19:04:06.920+0000] {taskmixin.py:205} WARNING - Dependency <Task(_PythonDecoratedOperator): log_sql_query>, print_the_context already registered for DAG: example_python_operator
[2023-02-13T19:04:06.923+0000] {logging_mixin.py:137} INFO - [2023-02-13T19:04:06.923+0000] {taskmixin.py:205} WARNING - Dependency <Task(_PythonDecoratedOperator): print_the_context>, log_sql_query already registered for DAG: example_python_operator
[2023-02-13T19:04:06.924+0000] {logging_mixin.py:137} INFO - [2023-02-13T19:04:06.924+0000] {taskmixin.py:205} WARNING - Dependency <Task(_PythonDecoratedOperator): log_sql_query>, print_the_context already registered for DAG: example_python_operator
[2023-02-13T19:04:06.926+0000] {logging_mixin.py:137} INFO - [2023-02-13T19:04:06.926+0000] {taskmixin.py:205} WARNING - Dependency <Task(_PythonDecoratedOperator): print_the_context>, log_sql_query already registered for DAG: example_python_operator
[2023-02-13T19:04:06.927+0000] {logging_mixin.py:137} INFO - [2023-02-13T19:04:06.927+0000] {taskmixin.py:205} WARNING - Dependency <Task(_PythonDecoratedOperator): log_sql_query>, print_the_context already registered for DAG: example_python_operator
[2023-02-13T19:04:06.929+0000] {logging_mixin.py:137} INFO - [2023-02-13T19:04:06.929+0000] {taskmixin.py:205} WARNING - Dependency <Task(_PythonDecoratedOperator): print_the_context>, log_sql_query already registered for DAG: example_python_operator
[2023-02-13T19:04:06.930+0000] {logging_mixin.py:137} INFO - [2023-02-13T19:04:06.930+0000] {taskmixin.py:205} WARNING - Dependency <Task(_PythonDecoratedOperator): log_sql_query>, print_the_context already registered for DAG: example_python_operator
[2023-02-13T19:04:06.941+0000] {processor.py:753} INFO - DAG(s) dict_keys(['example_python_operator']) retrieved from /home/airflow/.local/lib/python3.7/site-packages/airflow/example_dags/example_python_operator.py
[2023-02-13T19:04:06.993+0000] {logging_mixin.py:137} INFO - [2023-02-13T19:04:06.993+0000] {dag.py:2676} INFO - Sync 1 DAGs
[2023-02-13T19:04:07.030+0000] {logging_mixin.py:137} INFO - [2023-02-13T19:04:07.030+0000] {dag.py:3427} INFO - Setting next_dagrun for example_python_operator to None, run_after=None
[2023-02-13T19:04:07.057+0000] {processor.py:175} INFO - Processing /home/airflow/.local/lib/python3.7/site-packages/airflow/example_dags/example_python_operator.py took 0.174 seconds
[2023-02-13T19:04:37.601+0000] {processor.py:153} INFO - Started process (PID=1227) to work on /home/airflow/.local/lib/python3.7/site-packages/airflow/example_dags/example_python_operator.py
[2023-02-13T19:04:37.603+0000] {processor.py:743} INFO - Processing file /home/airflow/.local/lib/python3.7/site-packages/airflow/example_dags/example_python_operator.py for tasks to queue
[2023-02-13T19:04:37.605+0000] {logging_mixin.py:137} INFO - [2023-02-13T19:04:37.605+0000] {dagbag.py:538} INFO - Filling up the DagBag from /home/airflow/.local/lib/python3.7/site-packages/airflow/example_dags/example_python_operator.py
[2023-02-13T19:04:37.630+0000] {logging_mixin.py:137} INFO - [2023-02-13T19:04:37.630+0000] {taskmixin.py:205} WARNING - Dependency <Task(_PythonDecoratedOperator): print_the_context>, log_sql_query already registered for DAG: example_python_operator
[2023-02-13T19:04:37.632+0000] {logging_mixin.py:137} INFO - [2023-02-13T19:04:37.632+0000] {taskmixin.py:205} WARNING - Dependency <Task(_PythonDecoratedOperator): log_sql_query>, print_the_context already registered for DAG: example_python_operator
[2023-02-13T19:04:37.633+0000] {logging_mixin.py:137} INFO - [2023-02-13T19:04:37.633+0000] {taskmixin.py:205} WARNING - Dependency <Task(_PythonDecoratedOperator): print_the_context>, log_sql_query already registered for DAG: example_python_operator
[2023-02-13T19:04:37.634+0000] {logging_mixin.py:137} INFO - [2023-02-13T19:04:37.634+0000] {taskmixin.py:205} WARNING - Dependency <Task(_PythonDecoratedOperator): log_sql_query>, print_the_context already registered for DAG: example_python_operator
[2023-02-13T19:04:37.636+0000] {logging_mixin.py:137} INFO - [2023-02-13T19:04:37.636+0000] {taskmixin.py:205} WARNING - Dependency <Task(_PythonDecoratedOperator): print_the_context>, log_sql_query already registered for DAG: example_python_operator
[2023-02-13T19:04:37.637+0000] {logging_mixin.py:137} INFO - [2023-02-13T19:04:37.637+0000] {taskmixin.py:205} WARNING - Dependency <Task(_PythonDecoratedOperator): log_sql_query>, print_the_context already registered for DAG: example_python_operator
[2023-02-13T19:04:37.639+0000] {logging_mixin.py:137} INFO - [2023-02-13T19:04:37.638+0000] {taskmixin.py:205} WARNING - Dependency <Task(_PythonDecoratedOperator): print_the_context>, log_sql_query already registered for DAG: example_python_operator
[2023-02-13T19:04:37.639+0000] {logging_mixin.py:137} INFO - [2023-02-13T19:04:37.639+0000] {taskmixin.py:205} WARNING - Dependency <Task(_PythonDecoratedOperator): log_sql_query>, print_the_context already registered for DAG: example_python_operator
[2023-02-13T19:04:37.648+0000] {processor.py:753} INFO - DAG(s) dict_keys(['example_python_operator']) retrieved from /home/airflow/.local/lib/python3.7/site-packages/airflow/example_dags/example_python_operator.py
[2023-02-13T19:04:37.694+0000] {logging_mixin.py:137} INFO - [2023-02-13T19:04:37.693+0000] {dag.py:2676} INFO - Sync 1 DAGs
[2023-02-13T19:04:37.726+0000] {logging_mixin.py:137} INFO - [2023-02-13T19:04:37.726+0000] {dag.py:3427} INFO - Setting next_dagrun for example_python_operator to None, run_after=None
[2023-02-13T19:04:37.752+0000] {processor.py:175} INFO - Processing /home/airflow/.local/lib/python3.7/site-packages/airflow/example_dags/example_python_operator.py took 0.157 seconds
[2023-02-13T19:09:14.872+0000] {processor.py:153} INFO - Started process (PID=76) to work on /home/airflow/.local/lib/python3.7/site-packages/airflow/example_dags/example_python_operator.py
[2023-02-13T19:09:14.876+0000] {processor.py:743} INFO - Processing file /home/airflow/.local/lib/python3.7/site-packages/airflow/example_dags/example_python_operator.py for tasks to queue
[2023-02-13T19:09:14.879+0000] {logging_mixin.py:137} INFO - [2023-02-13T19:09:14.879+0000] {dagbag.py:538} INFO - Filling up the DagBag from /home/airflow/.local/lib/python3.7/site-packages/airflow/example_dags/example_python_operator.py
[2023-02-13T19:09:14.946+0000] {logging_mixin.py:137} INFO - [2023-02-13T19:09:14.946+0000] {taskmixin.py:205} WARNING - Dependency <Task(_PythonDecoratedOperator): print_the_context>, log_sql_query already registered for DAG: example_python_operator
[2023-02-13T19:09:14.949+0000] {logging_mixin.py:137} INFO - [2023-02-13T19:09:14.949+0000] {taskmixin.py:205} WARNING - Dependency <Task(_PythonDecoratedOperator): log_sql_query>, print_the_context already registered for DAG: example_python_operator
[2023-02-13T19:09:14.953+0000] {logging_mixin.py:137} INFO - [2023-02-13T19:09:14.953+0000] {taskmixin.py:205} WARNING - Dependency <Task(_PythonDecoratedOperator): print_the_context>, log_sql_query already registered for DAG: example_python_operator
[2023-02-13T19:09:14.955+0000] {logging_mixin.py:137} INFO - [2023-02-13T19:09:14.955+0000] {taskmixin.py:205} WARNING - Dependency <Task(_PythonDecoratedOperator): log_sql_query>, print_the_context already registered for DAG: example_python_operator
[2023-02-13T19:09:14.958+0000] {logging_mixin.py:137} INFO - [2023-02-13T19:09:14.958+0000] {taskmixin.py:205} WARNING - Dependency <Task(_PythonDecoratedOperator): print_the_context>, log_sql_query already registered for DAG: example_python_operator
[2023-02-13T19:09:14.961+0000] {logging_mixin.py:137} INFO - [2023-02-13T19:09:14.961+0000] {taskmixin.py:205} WARNING - Dependency <Task(_PythonDecoratedOperator): log_sql_query>, print_the_context already registered for DAG: example_python_operator
[2023-02-13T19:09:14.964+0000] {logging_mixin.py:137} INFO - [2023-02-13T19:09:14.964+0000] {taskmixin.py:205} WARNING - Dependency <Task(_PythonDecoratedOperator): print_the_context>, log_sql_query already registered for DAG: example_python_operator
[2023-02-13T19:09:14.966+0000] {logging_mixin.py:137} INFO - [2023-02-13T19:09:14.966+0000] {taskmixin.py:205} WARNING - Dependency <Task(_PythonDecoratedOperator): log_sql_query>, print_the_context already registered for DAG: example_python_operator
[2023-02-13T19:09:14.987+0000] {processor.py:753} INFO - DAG(s) dict_keys(['example_python_operator']) retrieved from /home/airflow/.local/lib/python3.7/site-packages/airflow/example_dags/example_python_operator.py
[2023-02-13T19:09:15.152+0000] {logging_mixin.py:137} INFO - [2023-02-13T19:09:15.152+0000] {dag.py:2676} INFO - Sync 1 DAGs
[2023-02-13T19:09:15.197+0000] {logging_mixin.py:137} INFO - [2023-02-13T19:09:15.196+0000] {dag.py:3427} INFO - Setting next_dagrun for example_python_operator to None, run_after=None
[2023-02-13T19:09:15.234+0000] {processor.py:175} INFO - Processing /home/airflow/.local/lib/python3.7/site-packages/airflow/example_dags/example_python_operator.py took 0.369 seconds
[2023-02-13T19:09:45.538+0000] {processor.py:153} INFO - Started process (PID=148) to work on /home/airflow/.local/lib/python3.7/site-packages/airflow/example_dags/example_python_operator.py
[2023-02-13T19:09:45.542+0000] {processor.py:743} INFO - Processing file /home/airflow/.local/lib/python3.7/site-packages/airflow/example_dags/example_python_operator.py for tasks to queue
[2023-02-13T19:09:45.545+0000] {logging_mixin.py:137} INFO - [2023-02-13T19:09:45.545+0000] {dagbag.py:538} INFO - Filling up the DagBag from /home/airflow/.local/lib/python3.7/site-packages/airflow/example_dags/example_python_operator.py
[2023-02-13T19:09:45.573+0000] {logging_mixin.py:137} INFO - [2023-02-13T19:09:45.572+0000] {taskmixin.py:205} WARNING - Dependency <Task(_PythonDecoratedOperator): print_the_context>, log_sql_query already registered for DAG: example_python_operator
[2023-02-13T19:09:45.576+0000] {logging_mixin.py:137} INFO - [2023-02-13T19:09:45.576+0000] {taskmixin.py:205} WARNING - Dependency <Task(_PythonDecoratedOperator): log_sql_query>, print_the_context already registered for DAG: example_python_operator
[2023-02-13T19:09:45.578+0000] {logging_mixin.py:137} INFO - [2023-02-13T19:09:45.578+0000] {taskmixin.py:205} WARNING - Dependency <Task(_PythonDecoratedOperator): print_the_context>, log_sql_query already registered for DAG: example_python_operator
[2023-02-13T19:09:45.579+0000] {logging_mixin.py:137} INFO - [2023-02-13T19:09:45.579+0000] {taskmixin.py:205} WARNING - Dependency <Task(_PythonDecoratedOperator): log_sql_query>, print_the_context already registered for DAG: example_python_operator
[2023-02-13T19:09:45.581+0000] {logging_mixin.py:137} INFO - [2023-02-13T19:09:45.581+0000] {taskmixin.py:205} WARNING - Dependency <Task(_PythonDecoratedOperator): print_the_context>, log_sql_query already registered for DAG: example_python_operator
[2023-02-13T19:09:45.582+0000] {logging_mixin.py:137} INFO - [2023-02-13T19:09:45.582+0000] {taskmixin.py:205} WARNING - Dependency <Task(_PythonDecoratedOperator): log_sql_query>, print_the_context already registered for DAG: example_python_operator
[2023-02-13T19:09:45.587+0000] {logging_mixin.py:137} INFO - [2023-02-13T19:09:45.587+0000] {taskmixin.py:205} WARNING - Dependency <Task(_PythonDecoratedOperator): print_the_context>, log_sql_query already registered for DAG: example_python_operator
[2023-02-13T19:09:45.589+0000] {logging_mixin.py:137} INFO - [2023-02-13T19:09:45.588+0000] {taskmixin.py:205} WARNING - Dependency <Task(_PythonDecoratedOperator): log_sql_query>, print_the_context already registered for DAG: example_python_operator
[2023-02-13T19:09:45.602+0000] {processor.py:753} INFO - DAG(s) dict_keys(['example_python_operator']) retrieved from /home/airflow/.local/lib/python3.7/site-packages/airflow/example_dags/example_python_operator.py
[2023-02-13T19:09:45.707+0000] {logging_mixin.py:137} INFO - [2023-02-13T19:09:45.707+0000] {dag.py:2676} INFO - Sync 1 DAGs
[2023-02-13T19:09:45.758+0000] {logging_mixin.py:137} INFO - [2023-02-13T19:09:45.758+0000] {dag.py:3427} INFO - Setting next_dagrun for example_python_operator to None, run_after=None
[2023-02-13T19:09:45.835+0000] {processor.py:175} INFO - Processing /home/airflow/.local/lib/python3.7/site-packages/airflow/example_dags/example_python_operator.py took 0.305 seconds
[2023-02-13T19:10:16.758+0000] {processor.py:153} INFO - Started process (PID=235) to work on /home/airflow/.local/lib/python3.7/site-packages/airflow/example_dags/example_python_operator.py
[2023-02-13T19:10:16.760+0000] {processor.py:743} INFO - Processing file /home/airflow/.local/lib/python3.7/site-packages/airflow/example_dags/example_python_operator.py for tasks to queue
[2023-02-13T19:10:16.762+0000] {logging_mixin.py:137} INFO - [2023-02-13T19:10:16.762+0000] {dagbag.py:538} INFO - Filling up the DagBag from /home/airflow/.local/lib/python3.7/site-packages/airflow/example_dags/example_python_operator.py
[2023-02-13T19:10:16.793+0000] {logging_mixin.py:137} INFO - [2023-02-13T19:10:16.793+0000] {taskmixin.py:205} WARNING - Dependency <Task(_PythonDecoratedOperator): print_the_context>, log_sql_query already registered for DAG: example_python_operator
[2023-02-13T19:10:16.795+0000] {logging_mixin.py:137} INFO - [2023-02-13T19:10:16.794+0000] {taskmixin.py:205} WARNING - Dependency <Task(_PythonDecoratedOperator): log_sql_query>, print_the_context already registered for DAG: example_python_operator
[2023-02-13T19:10:16.798+0000] {logging_mixin.py:137} INFO - [2023-02-13T19:10:16.797+0000] {taskmixin.py:205} WARNING - Dependency <Task(_PythonDecoratedOperator): print_the_context>, log_sql_query already registered for DAG: example_python_operator
[2023-02-13T19:10:16.800+0000] {logging_mixin.py:137} INFO - [2023-02-13T19:10:16.799+0000] {taskmixin.py:205} WARNING - Dependency <Task(_PythonDecoratedOperator): log_sql_query>, print_the_context already registered for DAG: example_python_operator
[2023-02-13T19:10:16.804+0000] {logging_mixin.py:137} INFO - [2023-02-13T19:10:16.804+0000] {taskmixin.py:205} WARNING - Dependency <Task(_PythonDecoratedOperator): print_the_context>, log_sql_query already registered for DAG: example_python_operator
[2023-02-13T19:10:16.806+0000] {logging_mixin.py:137} INFO - [2023-02-13T19:10:16.806+0000] {taskmixin.py:205} WARNING - Dependency <Task(_PythonDecoratedOperator): log_sql_query>, print_the_context already registered for DAG: example_python_operator
[2023-02-13T19:10:16.808+0000] {logging_mixin.py:137} INFO - [2023-02-13T19:10:16.808+0000] {taskmixin.py:205} WARNING - Dependency <Task(_PythonDecoratedOperator): print_the_context>, log_sql_query already registered for DAG: example_python_operator
[2023-02-13T19:10:16.810+0000] {logging_mixin.py:137} INFO - [2023-02-13T19:10:16.810+0000] {taskmixin.py:205} WARNING - Dependency <Task(_PythonDecoratedOperator): log_sql_query>, print_the_context already registered for DAG: example_python_operator
[2023-02-13T19:10:16.821+0000] {processor.py:753} INFO - DAG(s) dict_keys(['example_python_operator']) retrieved from /home/airflow/.local/lib/python3.7/site-packages/airflow/example_dags/example_python_operator.py
[2023-02-13T19:10:16.882+0000] {logging_mixin.py:137} INFO - [2023-02-13T19:10:16.882+0000] {dag.py:2676} INFO - Sync 1 DAGs
[2023-02-13T19:10:16.916+0000] {logging_mixin.py:137} INFO - [2023-02-13T19:10:16.916+0000] {dag.py:3427} INFO - Setting next_dagrun for example_python_operator to None, run_after=None
[2023-02-13T19:10:16.944+0000] {processor.py:175} INFO - Processing /home/airflow/.local/lib/python3.7/site-packages/airflow/example_dags/example_python_operator.py took 0.191 seconds
