[2023-02-13T18:56:42.398+0000] {processor.py:153} INFO - Started process (PID=54) to work on /home/airflow/.local/lib/python3.7/site-packages/airflow/example_dags/example_bash_operator.py
[2023-02-13T18:56:42.402+0000] {processor.py:743} INFO - Processing file /home/airflow/.local/lib/python3.7/site-packages/airflow/example_dags/example_bash_operator.py for tasks to queue
[2023-02-13T18:56:42.405+0000] {logging_mixin.py:137} INFO - [2023-02-13T18:56:42.404+0000] {dagbag.py:538} INFO - Filling up the DagBag from /home/airflow/.local/lib/python3.7/site-packages/airflow/example_dags/example_bash_operator.py
[2023-02-13T18:56:42.474+0000] {processor.py:753} INFO - DAG(s) dict_keys(['example_bash_operator']) retrieved from /home/airflow/.local/lib/python3.7/site-packages/airflow/example_dags/example_bash_operator.py
[2023-02-13T18:56:42.549+0000] {logging_mixin.py:137} INFO - [2023-02-13T18:56:42.549+0000] {dag.py:2676} INFO - Sync 1 DAGs
[2023-02-13T18:56:42.597+0000] {logging_mixin.py:137} INFO - [2023-02-13T18:56:42.597+0000] {dag.py:3427} INFO - Setting next_dagrun for example_bash_operator to 2023-02-12T00:00:00+00:00, run_after=2023-02-13T00:00:00+00:00
[2023-02-13T18:56:42.631+0000] {processor.py:175} INFO - Processing /home/airflow/.local/lib/python3.7/site-packages/airflow/example_dags/example_bash_operator.py took 0.250 seconds
[2023-02-13T18:57:12.841+0000] {processor.py:153} INFO - Started process (PID=125) to work on /home/airflow/.local/lib/python3.7/site-packages/airflow/example_dags/example_bash_operator.py
[2023-02-13T18:57:12.843+0000] {processor.py:743} INFO - Processing file /home/airflow/.local/lib/python3.7/site-packages/airflow/example_dags/example_bash_operator.py for tasks to queue
[2023-02-13T18:57:12.845+0000] {logging_mixin.py:137} INFO - [2023-02-13T18:57:12.845+0000] {dagbag.py:538} INFO - Filling up the DagBag from /home/airflow/.local/lib/python3.7/site-packages/airflow/example_dags/example_bash_operator.py
[2023-02-13T18:57:12.878+0000] {processor.py:753} INFO - DAG(s) dict_keys(['example_bash_operator']) retrieved from /home/airflow/.local/lib/python3.7/site-packages/airflow/example_dags/example_bash_operator.py
[2023-02-13T18:57:12.934+0000] {logging_mixin.py:137} INFO - [2023-02-13T18:57:12.934+0000] {dag.py:2676} INFO - Sync 1 DAGs
[2023-02-13T18:57:12.966+0000] {logging_mixin.py:137} INFO - [2023-02-13T18:57:12.966+0000] {dag.py:3427} INFO - Setting next_dagrun for example_bash_operator to 2023-02-12T00:00:00+00:00, run_after=2023-02-13T00:00:00+00:00
[2023-02-13T18:57:12.989+0000] {processor.py:175} INFO - Processing /home/airflow/.local/lib/python3.7/site-packages/airflow/example_dags/example_bash_operator.py took 0.153 seconds
[2023-02-13T18:57:43.798+0000] {processor.py:153} INFO - Started process (PID=196) to work on /home/airflow/.local/lib/python3.7/site-packages/airflow/example_dags/example_bash_operator.py
[2023-02-13T18:57:43.802+0000] {processor.py:743} INFO - Processing file /home/airflow/.local/lib/python3.7/site-packages/airflow/example_dags/example_bash_operator.py for tasks to queue
[2023-02-13T18:57:43.805+0000] {logging_mixin.py:137} INFO - [2023-02-13T18:57:43.805+0000] {dagbag.py:538} INFO - Filling up the DagBag from /home/airflow/.local/lib/python3.7/site-packages/airflow/example_dags/example_bash_operator.py
[2023-02-13T18:57:43.870+0000] {processor.py:753} INFO - DAG(s) dict_keys(['example_bash_operator']) retrieved from /home/airflow/.local/lib/python3.7/site-packages/airflow/example_dags/example_bash_operator.py
[2023-02-13T18:57:43.965+0000] {logging_mixin.py:137} INFO - [2023-02-13T18:57:43.965+0000] {dag.py:2676} INFO - Sync 1 DAGs
[2023-02-13T18:57:44.004+0000] {logging_mixin.py:137} INFO - [2023-02-13T18:57:44.004+0000] {dag.py:3427} INFO - Setting next_dagrun for example_bash_operator to 2023-02-12T00:00:00+00:00, run_after=2023-02-13T00:00:00+00:00
[2023-02-13T18:57:44.032+0000] {processor.py:175} INFO - Processing /home/airflow/.local/lib/python3.7/site-packages/airflow/example_dags/example_bash_operator.py took 0.241 seconds
[2023-02-13T18:58:14.117+0000] {processor.py:153} INFO - Started process (PID=283) to work on /home/airflow/.local/lib/python3.7/site-packages/airflow/example_dags/example_bash_operator.py
[2023-02-13T18:58:14.119+0000] {processor.py:743} INFO - Processing file /home/airflow/.local/lib/python3.7/site-packages/airflow/example_dags/example_bash_operator.py for tasks to queue
[2023-02-13T18:58:14.121+0000] {logging_mixin.py:137} INFO - [2023-02-13T18:58:14.121+0000] {dagbag.py:538} INFO - Filling up the DagBag from /home/airflow/.local/lib/python3.7/site-packages/airflow/example_dags/example_bash_operator.py
[2023-02-13T18:58:14.148+0000] {processor.py:753} INFO - DAG(s) dict_keys(['example_bash_operator']) retrieved from /home/airflow/.local/lib/python3.7/site-packages/airflow/example_dags/example_bash_operator.py
[2023-02-13T18:58:14.203+0000] {logging_mixin.py:137} INFO - [2023-02-13T18:58:14.203+0000] {dag.py:2676} INFO - Sync 1 DAGs
[2023-02-13T18:58:14.235+0000] {logging_mixin.py:137} INFO - [2023-02-13T18:58:14.235+0000] {dag.py:3427} INFO - Setting next_dagrun for example_bash_operator to 2023-02-12T00:00:00+00:00, run_after=2023-02-13T00:00:00+00:00
[2023-02-13T18:58:14.255+0000] {processor.py:175} INFO - Processing /home/airflow/.local/lib/python3.7/site-packages/airflow/example_dags/example_bash_operator.py took 0.143 seconds
[2023-02-13T18:58:45.106+0000] {processor.py:153} INFO - Started process (PID=354) to work on /home/airflow/.local/lib/python3.7/site-packages/airflow/example_dags/example_bash_operator.py
[2023-02-13T18:58:45.109+0000] {processor.py:743} INFO - Processing file /home/airflow/.local/lib/python3.7/site-packages/airflow/example_dags/example_bash_operator.py for tasks to queue
[2023-02-13T18:58:45.112+0000] {logging_mixin.py:137} INFO - [2023-02-13T18:58:45.112+0000] {dagbag.py:538} INFO - Filling up the DagBag from /home/airflow/.local/lib/python3.7/site-packages/airflow/example_dags/example_bash_operator.py
[2023-02-13T18:58:45.155+0000] {processor.py:753} INFO - DAG(s) dict_keys(['example_bash_operator']) retrieved from /home/airflow/.local/lib/python3.7/site-packages/airflow/example_dags/example_bash_operator.py
[2023-02-13T18:58:45.228+0000] {logging_mixin.py:137} INFO - [2023-02-13T18:58:45.228+0000] {dag.py:2676} INFO - Sync 1 DAGs
[2023-02-13T18:58:45.309+0000] {logging_mixin.py:137} INFO - [2023-02-13T18:58:45.309+0000] {dag.py:3427} INFO - Setting next_dagrun for example_bash_operator to 2023-02-12T00:00:00+00:00, run_after=2023-02-13T00:00:00+00:00
[2023-02-13T18:58:45.356+0000] {processor.py:175} INFO - Processing /home/airflow/.local/lib/python3.7/site-packages/airflow/example_dags/example_bash_operator.py took 0.256 seconds
[2023-02-13T18:59:16.273+0000] {processor.py:153} INFO - Started process (PID=441) to work on /home/airflow/.local/lib/python3.7/site-packages/airflow/example_dags/example_bash_operator.py
[2023-02-13T18:59:16.276+0000] {processor.py:743} INFO - Processing file /home/airflow/.local/lib/python3.7/site-packages/airflow/example_dags/example_bash_operator.py for tasks to queue
[2023-02-13T18:59:16.277+0000] {logging_mixin.py:137} INFO - [2023-02-13T18:59:16.277+0000] {dagbag.py:538} INFO - Filling up the DagBag from /home/airflow/.local/lib/python3.7/site-packages/airflow/example_dags/example_bash_operator.py
[2023-02-13T18:59:16.309+0000] {processor.py:753} INFO - DAG(s) dict_keys(['example_bash_operator']) retrieved from /home/airflow/.local/lib/python3.7/site-packages/airflow/example_dags/example_bash_operator.py
[2023-02-13T18:59:16.377+0000] {logging_mixin.py:137} INFO - [2023-02-13T18:59:16.377+0000] {dag.py:2676} INFO - Sync 1 DAGs
[2023-02-13T18:59:16.411+0000] {logging_mixin.py:137} INFO - [2023-02-13T18:59:16.411+0000] {dag.py:3427} INFO - Setting next_dagrun for example_bash_operator to 2023-02-12T00:00:00+00:00, run_after=2023-02-13T00:00:00+00:00
[2023-02-13T18:59:16.451+0000] {processor.py:175} INFO - Processing /home/airflow/.local/lib/python3.7/site-packages/airflow/example_dags/example_bash_operator.py took 0.183 seconds
[2023-02-13T18:59:47.152+0000] {processor.py:153} INFO - Started process (PID=512) to work on /home/airflow/.local/lib/python3.7/site-packages/airflow/example_dags/example_bash_operator.py
[2023-02-13T18:59:47.155+0000] {processor.py:743} INFO - Processing file /home/airflow/.local/lib/python3.7/site-packages/airflow/example_dags/example_bash_operator.py for tasks to queue
[2023-02-13T18:59:47.156+0000] {logging_mixin.py:137} INFO - [2023-02-13T18:59:47.156+0000] {dagbag.py:538} INFO - Filling up the DagBag from /home/airflow/.local/lib/python3.7/site-packages/airflow/example_dags/example_bash_operator.py
[2023-02-13T18:59:47.183+0000] {processor.py:753} INFO - DAG(s) dict_keys(['example_bash_operator']) retrieved from /home/airflow/.local/lib/python3.7/site-packages/airflow/example_dags/example_bash_operator.py
[2023-02-13T18:59:47.238+0000] {logging_mixin.py:137} INFO - [2023-02-13T18:59:47.238+0000] {dag.py:2676} INFO - Sync 1 DAGs
[2023-02-13T18:59:47.270+0000] {logging_mixin.py:137} INFO - [2023-02-13T18:59:47.270+0000] {dag.py:3427} INFO - Setting next_dagrun for example_bash_operator to 2023-02-12T00:00:00+00:00, run_after=2023-02-13T00:00:00+00:00
[2023-02-13T18:59:47.293+0000] {processor.py:175} INFO - Processing /home/airflow/.local/lib/python3.7/site-packages/airflow/example_dags/example_bash_operator.py took 0.146 seconds
[2023-02-13T19:00:17.894+0000] {processor.py:153} INFO - Started process (PID=599) to work on /home/airflow/.local/lib/python3.7/site-packages/airflow/example_dags/example_bash_operator.py
[2023-02-13T19:00:17.897+0000] {processor.py:743} INFO - Processing file /home/airflow/.local/lib/python3.7/site-packages/airflow/example_dags/example_bash_operator.py for tasks to queue
[2023-02-13T19:00:17.898+0000] {logging_mixin.py:137} INFO - [2023-02-13T19:00:17.898+0000] {dagbag.py:538} INFO - Filling up the DagBag from /home/airflow/.local/lib/python3.7/site-packages/airflow/example_dags/example_bash_operator.py
[2023-02-13T19:00:17.927+0000] {processor.py:753} INFO - DAG(s) dict_keys(['example_bash_operator']) retrieved from /home/airflow/.local/lib/python3.7/site-packages/airflow/example_dags/example_bash_operator.py
[2023-02-13T19:00:17.985+0000] {logging_mixin.py:137} INFO - [2023-02-13T19:00:17.984+0000] {dag.py:2676} INFO - Sync 1 DAGs
[2023-02-13T19:00:18.022+0000] {logging_mixin.py:137} INFO - [2023-02-13T19:00:18.022+0000] {dag.py:3427} INFO - Setting next_dagrun for example_bash_operator to 2023-02-12T00:00:00+00:00, run_after=2023-02-13T00:00:00+00:00
[2023-02-13T19:00:18.046+0000] {processor.py:175} INFO - Processing /home/airflow/.local/lib/python3.7/site-packages/airflow/example_dags/example_bash_operator.py took 0.157 seconds
[2023-02-13T19:00:48.885+0000] {processor.py:153} INFO - Started process (PID=670) to work on /home/airflow/.local/lib/python3.7/site-packages/airflow/example_dags/example_bash_operator.py
[2023-02-13T19:00:48.887+0000] {processor.py:743} INFO - Processing file /home/airflow/.local/lib/python3.7/site-packages/airflow/example_dags/example_bash_operator.py for tasks to queue
[2023-02-13T19:00:48.888+0000] {logging_mixin.py:137} INFO - [2023-02-13T19:00:48.888+0000] {dagbag.py:538} INFO - Filling up the DagBag from /home/airflow/.local/lib/python3.7/site-packages/airflow/example_dags/example_bash_operator.py
[2023-02-13T19:00:48.914+0000] {processor.py:753} INFO - DAG(s) dict_keys(['example_bash_operator']) retrieved from /home/airflow/.local/lib/python3.7/site-packages/airflow/example_dags/example_bash_operator.py
[2023-02-13T19:00:49.024+0000] {logging_mixin.py:137} INFO - [2023-02-13T19:00:49.023+0000] {dag.py:2676} INFO - Sync 1 DAGs
[2023-02-13T19:00:49.092+0000] {logging_mixin.py:137} INFO - [2023-02-13T19:00:49.091+0000] {dag.py:3427} INFO - Setting next_dagrun for example_bash_operator to 2023-02-12T00:00:00+00:00, run_after=2023-02-13T00:00:00+00:00
[2023-02-13T19:00:49.118+0000] {processor.py:175} INFO - Processing /home/airflow/.local/lib/python3.7/site-packages/airflow/example_dags/example_bash_operator.py took 0.238 seconds
[2023-02-13T19:01:19.499+0000] {processor.py:153} INFO - Started process (PID=756) to work on /home/airflow/.local/lib/python3.7/site-packages/airflow/example_dags/example_bash_operator.py
[2023-02-13T19:01:19.503+0000] {processor.py:743} INFO - Processing file /home/airflow/.local/lib/python3.7/site-packages/airflow/example_dags/example_bash_operator.py for tasks to queue
[2023-02-13T19:01:19.505+0000] {logging_mixin.py:137} INFO - [2023-02-13T19:01:19.504+0000] {dagbag.py:538} INFO - Filling up the DagBag from /home/airflow/.local/lib/python3.7/site-packages/airflow/example_dags/example_bash_operator.py
[2023-02-13T19:01:19.536+0000] {processor.py:753} INFO - DAG(s) dict_keys(['example_bash_operator']) retrieved from /home/airflow/.local/lib/python3.7/site-packages/airflow/example_dags/example_bash_operator.py
[2023-02-13T19:01:19.593+0000] {logging_mixin.py:137} INFO - [2023-02-13T19:01:19.593+0000] {dag.py:2676} INFO - Sync 1 DAGs
[2023-02-13T19:01:19.621+0000] {logging_mixin.py:137} INFO - [2023-02-13T19:01:19.621+0000] {dag.py:3427} INFO - Setting next_dagrun for example_bash_operator to 2023-02-12T00:00:00+00:00, run_after=2023-02-13T00:00:00+00:00
[2023-02-13T19:01:19.640+0000] {processor.py:175} INFO - Processing /home/airflow/.local/lib/python3.7/site-packages/airflow/example_dags/example_bash_operator.py took 0.146 seconds
[2023-02-13T19:01:49.806+0000] {processor.py:153} INFO - Started process (PID=827) to work on /home/airflow/.local/lib/python3.7/site-packages/airflow/example_dags/example_bash_operator.py
[2023-02-13T19:01:49.808+0000] {processor.py:743} INFO - Processing file /home/airflow/.local/lib/python3.7/site-packages/airflow/example_dags/example_bash_operator.py for tasks to queue
[2023-02-13T19:01:49.810+0000] {logging_mixin.py:137} INFO - [2023-02-13T19:01:49.810+0000] {dagbag.py:538} INFO - Filling up the DagBag from /home/airflow/.local/lib/python3.7/site-packages/airflow/example_dags/example_bash_operator.py
[2023-02-13T19:01:49.841+0000] {processor.py:753} INFO - DAG(s) dict_keys(['example_bash_operator']) retrieved from /home/airflow/.local/lib/python3.7/site-packages/airflow/example_dags/example_bash_operator.py
[2023-02-13T19:01:49.898+0000] {logging_mixin.py:137} INFO - [2023-02-13T19:01:49.898+0000] {dag.py:2676} INFO - Sync 1 DAGs
[2023-02-13T19:01:49.926+0000] {logging_mixin.py:137} INFO - [2023-02-13T19:01:49.926+0000] {dag.py:3427} INFO - Setting next_dagrun for example_bash_operator to 2023-02-12T00:00:00+00:00, run_after=2023-02-13T00:00:00+00:00
[2023-02-13T19:01:49.947+0000] {processor.py:175} INFO - Processing /home/airflow/.local/lib/python3.7/site-packages/airflow/example_dags/example_bash_operator.py took 0.146 seconds
[2023-02-13T19:02:20.198+0000] {processor.py:153} INFO - Started process (PID=914) to work on /home/airflow/.local/lib/python3.7/site-packages/airflow/example_dags/example_bash_operator.py
[2023-02-13T19:02:20.200+0000] {processor.py:743} INFO - Processing file /home/airflow/.local/lib/python3.7/site-packages/airflow/example_dags/example_bash_operator.py for tasks to queue
[2023-02-13T19:02:20.202+0000] {logging_mixin.py:137} INFO - [2023-02-13T19:02:20.201+0000] {dagbag.py:538} INFO - Filling up the DagBag from /home/airflow/.local/lib/python3.7/site-packages/airflow/example_dags/example_bash_operator.py
[2023-02-13T19:02:20.229+0000] {processor.py:753} INFO - DAG(s) dict_keys(['example_bash_operator']) retrieved from /home/airflow/.local/lib/python3.7/site-packages/airflow/example_dags/example_bash_operator.py
[2023-02-13T19:02:20.284+0000] {logging_mixin.py:137} INFO - [2023-02-13T19:02:20.284+0000] {dag.py:2676} INFO - Sync 1 DAGs
[2023-02-13T19:02:20.316+0000] {logging_mixin.py:137} INFO - [2023-02-13T19:02:20.316+0000] {dag.py:3427} INFO - Setting next_dagrun for example_bash_operator to 2023-02-12T00:00:00+00:00, run_after=2023-02-13T00:00:00+00:00
[2023-02-13T19:02:20.339+0000] {processor.py:175} INFO - Processing /home/airflow/.local/lib/python3.7/site-packages/airflow/example_dags/example_bash_operator.py took 0.147 seconds
[2023-02-13T19:02:50.902+0000] {processor.py:153} INFO - Started process (PID=985) to work on /home/airflow/.local/lib/python3.7/site-packages/airflow/example_dags/example_bash_operator.py
[2023-02-13T19:02:50.905+0000] {processor.py:743} INFO - Processing file /home/airflow/.local/lib/python3.7/site-packages/airflow/example_dags/example_bash_operator.py for tasks to queue
[2023-02-13T19:02:50.907+0000] {logging_mixin.py:137} INFO - [2023-02-13T19:02:50.907+0000] {dagbag.py:538} INFO - Filling up the DagBag from /home/airflow/.local/lib/python3.7/site-packages/airflow/example_dags/example_bash_operator.py
[2023-02-13T19:02:50.940+0000] {processor.py:753} INFO - DAG(s) dict_keys(['example_bash_operator']) retrieved from /home/airflow/.local/lib/python3.7/site-packages/airflow/example_dags/example_bash_operator.py
[2023-02-13T19:02:50.998+0000] {logging_mixin.py:137} INFO - [2023-02-13T19:02:50.998+0000] {dag.py:2676} INFO - Sync 1 DAGs
[2023-02-13T19:02:51.028+0000] {logging_mixin.py:137} INFO - [2023-02-13T19:02:51.028+0000] {dag.py:3427} INFO - Setting next_dagrun for example_bash_operator to 2023-02-12T00:00:00+00:00, run_after=2023-02-13T00:00:00+00:00
[2023-02-13T19:02:51.047+0000] {processor.py:175} INFO - Processing /home/airflow/.local/lib/python3.7/site-packages/airflow/example_dags/example_bash_operator.py took 0.151 seconds
[2023-02-13T19:03:32.769+0000] {processor.py:153} INFO - Started process (PID=1040) to work on /home/airflow/.local/lib/python3.7/site-packages/airflow/example_dags/example_bash_operator.py
[2023-02-13T19:03:32.784+0000] {processor.py:743} INFO - Processing file /home/airflow/.local/lib/python3.7/site-packages/airflow/example_dags/example_bash_operator.py for tasks to queue
[2023-02-13T19:03:32.814+0000] {logging_mixin.py:137} INFO - [2023-02-13T19:03:32.814+0000] {dagbag.py:538} INFO - Filling up the DagBag from /home/airflow/.local/lib/python3.7/site-packages/airflow/example_dags/example_bash_operator.py
[2023-02-13T19:03:33.186+0000] {processor.py:753} INFO - DAG(s) dict_keys(['example_bash_operator']) retrieved from /home/airflow/.local/lib/python3.7/site-packages/airflow/example_dags/example_bash_operator.py
[2023-02-13T19:03:33.309+0000] {logging_mixin.py:137} INFO - [2023-02-13T19:03:33.309+0000] {dag.py:2676} INFO - Sync 1 DAGs
[2023-02-13T19:03:33.407+0000] {logging_mixin.py:137} INFO - [2023-02-13T19:03:33.406+0000] {dag.py:3427} INFO - Setting next_dagrun for example_bash_operator to 2023-02-12T00:00:00+00:00, run_after=2023-02-13T00:00:00+00:00
[2023-02-13T19:03:33.532+0000] {processor.py:175} INFO - Processing /home/airflow/.local/lib/python3.7/site-packages/airflow/example_dags/example_bash_operator.py took 0.854 seconds
[2023-02-13T19:04:03.762+0000] {processor.py:153} INFO - Started process (PID=1126) to work on /home/airflow/.local/lib/python3.7/site-packages/airflow/example_dags/example_bash_operator.py
[2023-02-13T19:04:03.764+0000] {processor.py:743} INFO - Processing file /home/airflow/.local/lib/python3.7/site-packages/airflow/example_dags/example_bash_operator.py for tasks to queue
[2023-02-13T19:04:03.766+0000] {logging_mixin.py:137} INFO - [2023-02-13T19:04:03.766+0000] {dagbag.py:538} INFO - Filling up the DagBag from /home/airflow/.local/lib/python3.7/site-packages/airflow/example_dags/example_bash_operator.py
[2023-02-13T19:04:03.801+0000] {processor.py:753} INFO - DAG(s) dict_keys(['example_bash_operator']) retrieved from /home/airflow/.local/lib/python3.7/site-packages/airflow/example_dags/example_bash_operator.py
[2023-02-13T19:04:03.874+0000] {logging_mixin.py:137} INFO - [2023-02-13T19:04:03.874+0000] {dag.py:2676} INFO - Sync 1 DAGs
[2023-02-13T19:04:03.913+0000] {logging_mixin.py:137} INFO - [2023-02-13T19:04:03.913+0000] {dag.py:3427} INFO - Setting next_dagrun for example_bash_operator to 2023-02-12T00:00:00+00:00, run_after=2023-02-13T00:00:00+00:00
[2023-02-13T19:04:03.942+0000] {processor.py:175} INFO - Processing /home/airflow/.local/lib/python3.7/site-packages/airflow/example_dags/example_bash_operator.py took 0.184 seconds
[2023-02-13T19:04:34.695+0000] {processor.py:153} INFO - Started process (PID=1197) to work on /home/airflow/.local/lib/python3.7/site-packages/airflow/example_dags/example_bash_operator.py
[2023-02-13T19:04:34.697+0000] {processor.py:743} INFO - Processing file /home/airflow/.local/lib/python3.7/site-packages/airflow/example_dags/example_bash_operator.py for tasks to queue
[2023-02-13T19:04:34.699+0000] {logging_mixin.py:137} INFO - [2023-02-13T19:04:34.699+0000] {dagbag.py:538} INFO - Filling up the DagBag from /home/airflow/.local/lib/python3.7/site-packages/airflow/example_dags/example_bash_operator.py
[2023-02-13T19:04:34.728+0000] {processor.py:753} INFO - DAG(s) dict_keys(['example_bash_operator']) retrieved from /home/airflow/.local/lib/python3.7/site-packages/airflow/example_dags/example_bash_operator.py
[2023-02-13T19:04:34.783+0000] {logging_mixin.py:137} INFO - [2023-02-13T19:04:34.783+0000] {dag.py:2676} INFO - Sync 1 DAGs
[2023-02-13T19:04:34.814+0000] {logging_mixin.py:137} INFO - [2023-02-13T19:04:34.814+0000] {dag.py:3427} INFO - Setting next_dagrun for example_bash_operator to 2023-02-12T00:00:00+00:00, run_after=2023-02-13T00:00:00+00:00
[2023-02-13T19:04:34.837+0000] {processor.py:175} INFO - Processing /home/airflow/.local/lib/python3.7/site-packages/airflow/example_dags/example_bash_operator.py took 0.146 seconds
[2023-02-13T19:09:11.770+0000] {processor.py:153} INFO - Started process (PID=55) to work on /home/airflow/.local/lib/python3.7/site-packages/airflow/example_dags/example_bash_operator.py
[2023-02-13T19:09:11.780+0000] {processor.py:743} INFO - Processing file /home/airflow/.local/lib/python3.7/site-packages/airflow/example_dags/example_bash_operator.py for tasks to queue
[2023-02-13T19:09:11.816+0000] {logging_mixin.py:137} INFO - [2023-02-13T19:09:11.815+0000] {dagbag.py:538} INFO - Filling up the DagBag from /home/airflow/.local/lib/python3.7/site-packages/airflow/example_dags/example_bash_operator.py
[2023-02-13T19:09:11.891+0000] {processor.py:753} INFO - DAG(s) dict_keys(['example_bash_operator']) retrieved from /home/airflow/.local/lib/python3.7/site-packages/airflow/example_dags/example_bash_operator.py
[2023-02-13T19:09:11.964+0000] {logging_mixin.py:137} INFO - [2023-02-13T19:09:11.963+0000] {dag.py:2676} INFO - Sync 1 DAGs
[2023-02-13T19:09:12.007+0000] {logging_mixin.py:137} INFO - [2023-02-13T19:09:12.006+0000] {dag.py:3427} INFO - Setting next_dagrun for example_bash_operator to 2023-02-12T00:00:00+00:00, run_after=2023-02-13T00:00:00+00:00
[2023-02-13T19:09:12.045+0000] {processor.py:175} INFO - Processing /home/airflow/.local/lib/python3.7/site-packages/airflow/example_dags/example_bash_operator.py took 0.279 seconds
[2023-02-13T19:09:42.309+0000] {processor.py:153} INFO - Started process (PID=127) to work on /home/airflow/.local/lib/python3.7/site-packages/airflow/example_dags/example_bash_operator.py
[2023-02-13T19:09:42.311+0000] {processor.py:743} INFO - Processing file /home/airflow/.local/lib/python3.7/site-packages/airflow/example_dags/example_bash_operator.py for tasks to queue
[2023-02-13T19:09:42.313+0000] {logging_mixin.py:137} INFO - [2023-02-13T19:09:42.313+0000] {dagbag.py:538} INFO - Filling up the DagBag from /home/airflow/.local/lib/python3.7/site-packages/airflow/example_dags/example_bash_operator.py
[2023-02-13T19:09:42.395+0000] {processor.py:753} INFO - DAG(s) dict_keys(['example_bash_operator']) retrieved from /home/airflow/.local/lib/python3.7/site-packages/airflow/example_dags/example_bash_operator.py
[2023-02-13T19:09:42.461+0000] {logging_mixin.py:137} INFO - [2023-02-13T19:09:42.461+0000] {dag.py:2676} INFO - Sync 1 DAGs
[2023-02-13T19:09:42.498+0000] {logging_mixin.py:137} INFO - [2023-02-13T19:09:42.498+0000] {dag.py:3427} INFO - Setting next_dagrun for example_bash_operator to 2023-02-12T00:00:00+00:00, run_after=2023-02-13T00:00:00+00:00
[2023-02-13T19:09:42.527+0000] {processor.py:175} INFO - Processing /home/airflow/.local/lib/python3.7/site-packages/airflow/example_dags/example_bash_operator.py took 0.223 seconds
[2023-02-13T19:10:12.630+0000] {processor.py:153} INFO - Started process (PID=205) to work on /home/airflow/.local/lib/python3.7/site-packages/airflow/example_dags/example_bash_operator.py
[2023-02-13T19:10:12.636+0000] {processor.py:743} INFO - Processing file /home/airflow/.local/lib/python3.7/site-packages/airflow/example_dags/example_bash_operator.py for tasks to queue
[2023-02-13T19:10:12.640+0000] {logging_mixin.py:137} INFO - [2023-02-13T19:10:12.640+0000] {dagbag.py:538} INFO - Filling up the DagBag from /home/airflow/.local/lib/python3.7/site-packages/airflow/example_dags/example_bash_operator.py
[2023-02-13T19:10:12.677+0000] {processor.py:753} INFO - DAG(s) dict_keys(['example_bash_operator']) retrieved from /home/airflow/.local/lib/python3.7/site-packages/airflow/example_dags/example_bash_operator.py
[2023-02-13T19:10:12.775+0000] {logging_mixin.py:137} INFO - [2023-02-13T19:10:12.774+0000] {dag.py:2676} INFO - Sync 1 DAGs
[2023-02-13T19:10:12.855+0000] {logging_mixin.py:137} INFO - [2023-02-13T19:10:12.855+0000] {dag.py:3427} INFO - Setting next_dagrun for example_bash_operator to 2023-02-12T00:00:00+00:00, run_after=2023-02-13T00:00:00+00:00
[2023-02-13T19:10:12.912+0000] {processor.py:175} INFO - Processing /home/airflow/.local/lib/python3.7/site-packages/airflow/example_dags/example_bash_operator.py took 0.287 seconds
