[2023-02-13T18:56:43.544+0000] {processor.py:153} INFO - Started process (PID=62) to work on /home/airflow/.local/lib/python3.7/site-packages/airflow/example_dags/example_local_kubernetes_executor.py
[2023-02-13T18:56:43.547+0000] {processor.py:743} INFO - Processing file /home/airflow/.local/lib/python3.7/site-packages/airflow/example_dags/example_local_kubernetes_executor.py for tasks to queue
[2023-02-13T18:56:43.550+0000] {logging_mixin.py:137} INFO - [2023-02-13T18:56:43.550+0000] {dagbag.py:538} INFO - Filling up the DagBag from /home/airflow/.local/lib/python3.7/site-packages/airflow/example_dags/example_local_kubernetes_executor.py
[2023-02-13T18:56:43.590+0000] {processor.py:753} INFO - DAG(s) dict_keys(['example_local_kubernetes_executor']) retrieved from /home/airflow/.local/lib/python3.7/site-packages/airflow/example_dags/example_local_kubernetes_executor.py
[2023-02-13T18:56:43.661+0000] {logging_mixin.py:137} INFO - [2023-02-13T18:56:43.661+0000] {dag.py:2676} INFO - Sync 1 DAGs
[2023-02-13T18:56:43.702+0000] {logging_mixin.py:137} INFO - [2023-02-13T18:56:43.702+0000] {dag.py:3427} INFO - Setting next_dagrun for example_local_kubernetes_executor to None, run_after=None
[2023-02-13T18:56:43.731+0000] {processor.py:175} INFO - Processing /home/airflow/.local/lib/python3.7/site-packages/airflow/example_dags/example_local_kubernetes_executor.py took 0.201 seconds
[2023-02-13T18:57:13.794+0000] {processor.py:153} INFO - Started process (PID=133) to work on /home/airflow/.local/lib/python3.7/site-packages/airflow/example_dags/example_local_kubernetes_executor.py
[2023-02-13T18:57:13.797+0000] {processor.py:743} INFO - Processing file /home/airflow/.local/lib/python3.7/site-packages/airflow/example_dags/example_local_kubernetes_executor.py for tasks to queue
[2023-02-13T18:57:13.799+0000] {logging_mixin.py:137} INFO - [2023-02-13T18:57:13.798+0000] {dagbag.py:538} INFO - Filling up the DagBag from /home/airflow/.local/lib/python3.7/site-packages/airflow/example_dags/example_local_kubernetes_executor.py
[2023-02-13T18:57:13.829+0000] {processor.py:753} INFO - DAG(s) dict_keys(['example_local_kubernetes_executor']) retrieved from /home/airflow/.local/lib/python3.7/site-packages/airflow/example_dags/example_local_kubernetes_executor.py
[2023-02-13T18:57:13.881+0000] {logging_mixin.py:137} INFO - [2023-02-13T18:57:13.881+0000] {dag.py:2676} INFO - Sync 1 DAGs
[2023-02-13T18:57:13.910+0000] {logging_mixin.py:137} INFO - [2023-02-13T18:57:13.909+0000] {dag.py:3427} INFO - Setting next_dagrun for example_local_kubernetes_executor to None, run_after=None
[2023-02-13T18:57:13.930+0000] {processor.py:175} INFO - Processing /home/airflow/.local/lib/python3.7/site-packages/airflow/example_dags/example_local_kubernetes_executor.py took 0.141 seconds
[2023-02-13T18:57:44.600+0000] {processor.py:153} INFO - Started process (PID=204) to work on /home/airflow/.local/lib/python3.7/site-packages/airflow/example_dags/example_local_kubernetes_executor.py
[2023-02-13T18:57:44.602+0000] {processor.py:743} INFO - Processing file /home/airflow/.local/lib/python3.7/site-packages/airflow/example_dags/example_local_kubernetes_executor.py for tasks to queue
[2023-02-13T18:57:44.604+0000] {logging_mixin.py:137} INFO - [2023-02-13T18:57:44.604+0000] {dagbag.py:538} INFO - Filling up the DagBag from /home/airflow/.local/lib/python3.7/site-packages/airflow/example_dags/example_local_kubernetes_executor.py
[2023-02-13T18:57:44.642+0000] {processor.py:753} INFO - DAG(s) dict_keys(['example_local_kubernetes_executor']) retrieved from /home/airflow/.local/lib/python3.7/site-packages/airflow/example_dags/example_local_kubernetes_executor.py
[2023-02-13T18:57:44.709+0000] {logging_mixin.py:137} INFO - [2023-02-13T18:57:44.709+0000] {dag.py:2676} INFO - Sync 1 DAGs
[2023-02-13T18:57:44.748+0000] {logging_mixin.py:137} INFO - [2023-02-13T18:57:44.748+0000] {dag.py:3427} INFO - Setting next_dagrun for example_local_kubernetes_executor to None, run_after=None
[2023-02-13T18:57:44.786+0000] {processor.py:175} INFO - Processing /home/airflow/.local/lib/python3.7/site-packages/airflow/example_dags/example_local_kubernetes_executor.py took 0.191 seconds
[2023-02-13T18:58:14.914+0000] {processor.py:153} INFO - Started process (PID=291) to work on /home/airflow/.local/lib/python3.7/site-packages/airflow/example_dags/example_local_kubernetes_executor.py
[2023-02-13T18:58:14.917+0000] {processor.py:743} INFO - Processing file /home/airflow/.local/lib/python3.7/site-packages/airflow/example_dags/example_local_kubernetes_executor.py for tasks to queue
[2023-02-13T18:58:14.920+0000] {logging_mixin.py:137} INFO - [2023-02-13T18:58:14.920+0000] {dagbag.py:538} INFO - Filling up the DagBag from /home/airflow/.local/lib/python3.7/site-packages/airflow/example_dags/example_local_kubernetes_executor.py
[2023-02-13T18:58:14.958+0000] {processor.py:753} INFO - DAG(s) dict_keys(['example_local_kubernetes_executor']) retrieved from /home/airflow/.local/lib/python3.7/site-packages/airflow/example_dags/example_local_kubernetes_executor.py
[2023-02-13T18:58:15.011+0000] {logging_mixin.py:137} INFO - [2023-02-13T18:58:15.010+0000] {dag.py:2676} INFO - Sync 1 DAGs
[2023-02-13T18:58:15.048+0000] {logging_mixin.py:137} INFO - [2023-02-13T18:58:15.048+0000] {dag.py:3427} INFO - Setting next_dagrun for example_local_kubernetes_executor to None, run_after=None
[2023-02-13T18:58:15.068+0000] {processor.py:175} INFO - Processing /home/airflow/.local/lib/python3.7/site-packages/airflow/example_dags/example_local_kubernetes_executor.py took 0.160 seconds
[2023-02-13T18:58:46.423+0000] {processor.py:153} INFO - Started process (PID=362) to work on /home/airflow/.local/lib/python3.7/site-packages/airflow/example_dags/example_local_kubernetes_executor.py
[2023-02-13T18:58:46.426+0000] {processor.py:743} INFO - Processing file /home/airflow/.local/lib/python3.7/site-packages/airflow/example_dags/example_local_kubernetes_executor.py for tasks to queue
[2023-02-13T18:58:46.428+0000] {logging_mixin.py:137} INFO - [2023-02-13T18:58:46.428+0000] {dagbag.py:538} INFO - Filling up the DagBag from /home/airflow/.local/lib/python3.7/site-packages/airflow/example_dags/example_local_kubernetes_executor.py
[2023-02-13T18:58:46.460+0000] {processor.py:753} INFO - DAG(s) dict_keys(['example_local_kubernetes_executor']) retrieved from /home/airflow/.local/lib/python3.7/site-packages/airflow/example_dags/example_local_kubernetes_executor.py
[2023-02-13T18:58:46.506+0000] {logging_mixin.py:137} INFO - [2023-02-13T18:58:46.506+0000] {dag.py:2676} INFO - Sync 1 DAGs
[2023-02-13T18:58:46.535+0000] {logging_mixin.py:137} INFO - [2023-02-13T18:58:46.535+0000] {dag.py:3427} INFO - Setting next_dagrun for example_local_kubernetes_executor to None, run_after=None
[2023-02-13T18:58:46.561+0000] {processor.py:175} INFO - Processing /home/airflow/.local/lib/python3.7/site-packages/airflow/example_dags/example_local_kubernetes_executor.py took 0.143 seconds
[2023-02-13T18:59:17.061+0000] {processor.py:153} INFO - Started process (PID=449) to work on /home/airflow/.local/lib/python3.7/site-packages/airflow/example_dags/example_local_kubernetes_executor.py
[2023-02-13T18:59:17.063+0000] {processor.py:743} INFO - Processing file /home/airflow/.local/lib/python3.7/site-packages/airflow/example_dags/example_local_kubernetes_executor.py for tasks to queue
[2023-02-13T18:59:17.065+0000] {logging_mixin.py:137} INFO - [2023-02-13T18:59:17.065+0000] {dagbag.py:538} INFO - Filling up the DagBag from /home/airflow/.local/lib/python3.7/site-packages/airflow/example_dags/example_local_kubernetes_executor.py
[2023-02-13T18:59:17.103+0000] {processor.py:753} INFO - DAG(s) dict_keys(['example_local_kubernetes_executor']) retrieved from /home/airflow/.local/lib/python3.7/site-packages/airflow/example_dags/example_local_kubernetes_executor.py
[2023-02-13T18:59:17.157+0000] {logging_mixin.py:137} INFO - [2023-02-13T18:59:17.157+0000] {dag.py:2676} INFO - Sync 1 DAGs
[2023-02-13T18:59:17.189+0000] {logging_mixin.py:137} INFO - [2023-02-13T18:59:17.189+0000] {dag.py:3427} INFO - Setting next_dagrun for example_local_kubernetes_executor to None, run_after=None
[2023-02-13T18:59:17.211+0000] {processor.py:175} INFO - Processing /home/airflow/.local/lib/python3.7/site-packages/airflow/example_dags/example_local_kubernetes_executor.py took 0.155 seconds
[2023-02-13T18:59:48.068+0000] {processor.py:153} INFO - Started process (PID=520) to work on /home/airflow/.local/lib/python3.7/site-packages/airflow/example_dags/example_local_kubernetes_executor.py
[2023-02-13T18:59:48.070+0000] {processor.py:743} INFO - Processing file /home/airflow/.local/lib/python3.7/site-packages/airflow/example_dags/example_local_kubernetes_executor.py for tasks to queue
[2023-02-13T18:59:48.072+0000] {logging_mixin.py:137} INFO - [2023-02-13T18:59:48.072+0000] {dagbag.py:538} INFO - Filling up the DagBag from /home/airflow/.local/lib/python3.7/site-packages/airflow/example_dags/example_local_kubernetes_executor.py
[2023-02-13T18:59:48.099+0000] {processor.py:753} INFO - DAG(s) dict_keys(['example_local_kubernetes_executor']) retrieved from /home/airflow/.local/lib/python3.7/site-packages/airflow/example_dags/example_local_kubernetes_executor.py
[2023-02-13T18:59:48.143+0000] {logging_mixin.py:137} INFO - [2023-02-13T18:59:48.143+0000] {dag.py:2676} INFO - Sync 1 DAGs
[2023-02-13T18:59:48.169+0000] {logging_mixin.py:137} INFO - [2023-02-13T18:59:48.169+0000] {dag.py:3427} INFO - Setting next_dagrun for example_local_kubernetes_executor to None, run_after=None
[2023-02-13T18:59:48.193+0000] {processor.py:175} INFO - Processing /home/airflow/.local/lib/python3.7/site-packages/airflow/example_dags/example_local_kubernetes_executor.py took 0.129 seconds
[2023-02-13T19:00:18.729+0000] {processor.py:153} INFO - Started process (PID=607) to work on /home/airflow/.local/lib/python3.7/site-packages/airflow/example_dags/example_local_kubernetes_executor.py
[2023-02-13T19:00:18.732+0000] {processor.py:743} INFO - Processing file /home/airflow/.local/lib/python3.7/site-packages/airflow/example_dags/example_local_kubernetes_executor.py for tasks to queue
[2023-02-13T19:00:18.735+0000] {logging_mixin.py:137} INFO - [2023-02-13T19:00:18.734+0000] {dagbag.py:538} INFO - Filling up the DagBag from /home/airflow/.local/lib/python3.7/site-packages/airflow/example_dags/example_local_kubernetes_executor.py
[2023-02-13T19:00:18.774+0000] {processor.py:753} INFO - DAG(s) dict_keys(['example_local_kubernetes_executor']) retrieved from /home/airflow/.local/lib/python3.7/site-packages/airflow/example_dags/example_local_kubernetes_executor.py
[2023-02-13T19:00:18.845+0000] {logging_mixin.py:137} INFO - [2023-02-13T19:00:18.845+0000] {dag.py:2676} INFO - Sync 1 DAGs
[2023-02-13T19:00:18.895+0000] {logging_mixin.py:137} INFO - [2023-02-13T19:00:18.895+0000] {dag.py:3427} INFO - Setting next_dagrun for example_local_kubernetes_executor to None, run_after=None
[2023-02-13T19:00:18.942+0000] {processor.py:175} INFO - Processing /home/airflow/.local/lib/python3.7/site-packages/airflow/example_dags/example_local_kubernetes_executor.py took 0.219 seconds
[2023-02-13T19:00:49.856+0000] {processor.py:153} INFO - Started process (PID=678) to work on /home/airflow/.local/lib/python3.7/site-packages/airflow/example_dags/example_local_kubernetes_executor.py
[2023-02-13T19:00:49.858+0000] {processor.py:743} INFO - Processing file /home/airflow/.local/lib/python3.7/site-packages/airflow/example_dags/example_local_kubernetes_executor.py for tasks to queue
[2023-02-13T19:00:49.859+0000] {logging_mixin.py:137} INFO - [2023-02-13T19:00:49.859+0000] {dagbag.py:538} INFO - Filling up the DagBag from /home/airflow/.local/lib/python3.7/site-packages/airflow/example_dags/example_local_kubernetes_executor.py
[2023-02-13T19:00:49.886+0000] {processor.py:753} INFO - DAG(s) dict_keys(['example_local_kubernetes_executor']) retrieved from /home/airflow/.local/lib/python3.7/site-packages/airflow/example_dags/example_local_kubernetes_executor.py
[2023-02-13T19:00:49.930+0000] {logging_mixin.py:137} INFO - [2023-02-13T19:00:49.930+0000] {dag.py:2676} INFO - Sync 1 DAGs
[2023-02-13T19:00:49.957+0000] {logging_mixin.py:137} INFO - [2023-02-13T19:00:49.956+0000] {dag.py:3427} INFO - Setting next_dagrun for example_local_kubernetes_executor to None, run_after=None
[2023-02-13T19:00:49.980+0000] {processor.py:175} INFO - Processing /home/airflow/.local/lib/python3.7/site-packages/airflow/example_dags/example_local_kubernetes_executor.py took 0.128 seconds
[2023-02-13T19:01:20.346+0000] {processor.py:153} INFO - Started process (PID=764) to work on /home/airflow/.local/lib/python3.7/site-packages/airflow/example_dags/example_local_kubernetes_executor.py
[2023-02-13T19:01:20.348+0000] {processor.py:743} INFO - Processing file /home/airflow/.local/lib/python3.7/site-packages/airflow/example_dags/example_local_kubernetes_executor.py for tasks to queue
[2023-02-13T19:01:20.350+0000] {logging_mixin.py:137} INFO - [2023-02-13T19:01:20.350+0000] {dagbag.py:538} INFO - Filling up the DagBag from /home/airflow/.local/lib/python3.7/site-packages/airflow/example_dags/example_local_kubernetes_executor.py
[2023-02-13T19:01:20.377+0000] {processor.py:753} INFO - DAG(s) dict_keys(['example_local_kubernetes_executor']) retrieved from /home/airflow/.local/lib/python3.7/site-packages/airflow/example_dags/example_local_kubernetes_executor.py
[2023-02-13T19:01:20.419+0000] {logging_mixin.py:137} INFO - [2023-02-13T19:01:20.419+0000] {dag.py:2676} INFO - Sync 1 DAGs
[2023-02-13T19:01:20.445+0000] {logging_mixin.py:137} INFO - [2023-02-13T19:01:20.445+0000] {dag.py:3427} INFO - Setting next_dagrun for example_local_kubernetes_executor to None, run_after=None
[2023-02-13T19:01:20.469+0000] {processor.py:175} INFO - Processing /home/airflow/.local/lib/python3.7/site-packages/airflow/example_dags/example_local_kubernetes_executor.py took 0.127 seconds
[2023-02-13T19:01:50.650+0000] {processor.py:153} INFO - Started process (PID=835) to work on /home/airflow/.local/lib/python3.7/site-packages/airflow/example_dags/example_local_kubernetes_executor.py
[2023-02-13T19:01:50.652+0000] {processor.py:743} INFO - Processing file /home/airflow/.local/lib/python3.7/site-packages/airflow/example_dags/example_local_kubernetes_executor.py for tasks to queue
[2023-02-13T19:01:50.654+0000] {logging_mixin.py:137} INFO - [2023-02-13T19:01:50.654+0000] {dagbag.py:538} INFO - Filling up the DagBag from /home/airflow/.local/lib/python3.7/site-packages/airflow/example_dags/example_local_kubernetes_executor.py
[2023-02-13T19:01:50.681+0000] {processor.py:753} INFO - DAG(s) dict_keys(['example_local_kubernetes_executor']) retrieved from /home/airflow/.local/lib/python3.7/site-packages/airflow/example_dags/example_local_kubernetes_executor.py
[2023-02-13T19:01:50.724+0000] {logging_mixin.py:137} INFO - [2023-02-13T19:01:50.724+0000] {dag.py:2676} INFO - Sync 1 DAGs
[2023-02-13T19:01:50.751+0000] {logging_mixin.py:137} INFO - [2023-02-13T19:01:50.750+0000] {dag.py:3427} INFO - Setting next_dagrun for example_local_kubernetes_executor to None, run_after=None
[2023-02-13T19:01:50.773+0000] {processor.py:175} INFO - Processing /home/airflow/.local/lib/python3.7/site-packages/airflow/example_dags/example_local_kubernetes_executor.py took 0.127 seconds
[2023-02-13T19:02:21.060+0000] {processor.py:153} INFO - Started process (PID=922) to work on /home/airflow/.local/lib/python3.7/site-packages/airflow/example_dags/example_local_kubernetes_executor.py
[2023-02-13T19:02:21.062+0000] {processor.py:743} INFO - Processing file /home/airflow/.local/lib/python3.7/site-packages/airflow/example_dags/example_local_kubernetes_executor.py for tasks to queue
[2023-02-13T19:02:21.063+0000] {logging_mixin.py:137} INFO - [2023-02-13T19:02:21.063+0000] {dagbag.py:538} INFO - Filling up the DagBag from /home/airflow/.local/lib/python3.7/site-packages/airflow/example_dags/example_local_kubernetes_executor.py
[2023-02-13T19:02:21.090+0000] {processor.py:753} INFO - DAG(s) dict_keys(['example_local_kubernetes_executor']) retrieved from /home/airflow/.local/lib/python3.7/site-packages/airflow/example_dags/example_local_kubernetes_executor.py
[2023-02-13T19:02:21.134+0000] {logging_mixin.py:137} INFO - [2023-02-13T19:02:21.134+0000] {dag.py:2676} INFO - Sync 1 DAGs
[2023-02-13T19:02:21.164+0000] {logging_mixin.py:137} INFO - [2023-02-13T19:02:21.164+0000] {dag.py:3427} INFO - Setting next_dagrun for example_local_kubernetes_executor to None, run_after=None
[2023-02-13T19:02:21.185+0000] {processor.py:175} INFO - Processing /home/airflow/.local/lib/python3.7/site-packages/airflow/example_dags/example_local_kubernetes_executor.py took 0.131 seconds
[2023-02-13T19:02:51.595+0000] {processor.py:153} INFO - Started process (PID=993) to work on /home/airflow/.local/lib/python3.7/site-packages/airflow/example_dags/example_local_kubernetes_executor.py
[2023-02-13T19:02:51.597+0000] {processor.py:743} INFO - Processing file /home/airflow/.local/lib/python3.7/site-packages/airflow/example_dags/example_local_kubernetes_executor.py for tasks to queue
[2023-02-13T19:02:51.599+0000] {logging_mixin.py:137} INFO - [2023-02-13T19:02:51.599+0000] {dagbag.py:538} INFO - Filling up the DagBag from /home/airflow/.local/lib/python3.7/site-packages/airflow/example_dags/example_local_kubernetes_executor.py
[2023-02-13T19:02:51.663+0000] {processor.py:753} INFO - DAG(s) dict_keys(['example_local_kubernetes_executor']) retrieved from /home/airflow/.local/lib/python3.7/site-packages/airflow/example_dags/example_local_kubernetes_executor.py
[2023-02-13T19:02:51.729+0000] {logging_mixin.py:137} INFO - [2023-02-13T19:02:51.729+0000] {dag.py:2676} INFO - Sync 1 DAGs
[2023-02-13T19:02:51.758+0000] {logging_mixin.py:137} INFO - [2023-02-13T19:02:51.758+0000] {dag.py:3427} INFO - Setting next_dagrun for example_local_kubernetes_executor to None, run_after=None
[2023-02-13T19:02:51.778+0000] {processor.py:175} INFO - Processing /home/airflow/.local/lib/python3.7/site-packages/airflow/example_dags/example_local_kubernetes_executor.py took 0.188 seconds
[2023-02-13T19:03:35.184+0000] {processor.py:153} INFO - Started process (PID=1056) to work on /home/airflow/.local/lib/python3.7/site-packages/airflow/example_dags/example_local_kubernetes_executor.py
[2023-02-13T19:03:35.186+0000] {processor.py:743} INFO - Processing file /home/airflow/.local/lib/python3.7/site-packages/airflow/example_dags/example_local_kubernetes_executor.py for tasks to queue
[2023-02-13T19:03:35.189+0000] {logging_mixin.py:137} INFO - [2023-02-13T19:03:35.188+0000] {dagbag.py:538} INFO - Filling up the DagBag from /home/airflow/.local/lib/python3.7/site-packages/airflow/example_dags/example_local_kubernetes_executor.py
[2023-02-13T19:03:35.217+0000] {processor.py:753} INFO - DAG(s) dict_keys(['example_local_kubernetes_executor']) retrieved from /home/airflow/.local/lib/python3.7/site-packages/airflow/example_dags/example_local_kubernetes_executor.py
[2023-02-13T19:03:35.265+0000] {logging_mixin.py:137} INFO - [2023-02-13T19:03:35.265+0000] {dag.py:2676} INFO - Sync 1 DAGs
[2023-02-13T19:03:35.296+0000] {logging_mixin.py:137} INFO - [2023-02-13T19:03:35.296+0000] {dag.py:3427} INFO - Setting next_dagrun for example_local_kubernetes_executor to None, run_after=None
[2023-02-13T19:03:35.322+0000] {processor.py:175} INFO - Processing /home/airflow/.local/lib/python3.7/site-packages/airflow/example_dags/example_local_kubernetes_executor.py took 0.144 seconds
[2023-02-13T19:04:05.677+0000] {processor.py:153} INFO - Started process (PID=1134) to work on /home/airflow/.local/lib/python3.7/site-packages/airflow/example_dags/example_local_kubernetes_executor.py
[2023-02-13T19:04:05.680+0000] {processor.py:743} INFO - Processing file /home/airflow/.local/lib/python3.7/site-packages/airflow/example_dags/example_local_kubernetes_executor.py for tasks to queue
[2023-02-13T19:04:05.683+0000] {logging_mixin.py:137} INFO - [2023-02-13T19:04:05.682+0000] {dagbag.py:538} INFO - Filling up the DagBag from /home/airflow/.local/lib/python3.7/site-packages/airflow/example_dags/example_local_kubernetes_executor.py
[2023-02-13T19:04:05.719+0000] {processor.py:753} INFO - DAG(s) dict_keys(['example_local_kubernetes_executor']) retrieved from /home/airflow/.local/lib/python3.7/site-packages/airflow/example_dags/example_local_kubernetes_executor.py
[2023-02-13T19:04:05.774+0000] {logging_mixin.py:137} INFO - [2023-02-13T19:04:05.774+0000] {dag.py:2676} INFO - Sync 1 DAGs
[2023-02-13T19:04:05.809+0000] {logging_mixin.py:137} INFO - [2023-02-13T19:04:05.809+0000] {dag.py:3427} INFO - Setting next_dagrun for example_local_kubernetes_executor to None, run_after=None
[2023-02-13T19:04:05.834+0000] {processor.py:175} INFO - Processing /home/airflow/.local/lib/python3.7/site-packages/airflow/example_dags/example_local_kubernetes_executor.py took 0.162 seconds
[2023-02-13T19:04:36.422+0000] {processor.py:153} INFO - Started process (PID=1205) to work on /home/airflow/.local/lib/python3.7/site-packages/airflow/example_dags/example_local_kubernetes_executor.py
[2023-02-13T19:04:36.457+0000] {processor.py:743} INFO - Processing file /home/airflow/.local/lib/python3.7/site-packages/airflow/example_dags/example_local_kubernetes_executor.py for tasks to queue
[2023-02-13T19:04:36.459+0000] {logging_mixin.py:137} INFO - [2023-02-13T19:04:36.459+0000] {dagbag.py:538} INFO - Filling up the DagBag from /home/airflow/.local/lib/python3.7/site-packages/airflow/example_dags/example_local_kubernetes_executor.py
[2023-02-13T19:04:36.488+0000] {processor.py:753} INFO - DAG(s) dict_keys(['example_local_kubernetes_executor']) retrieved from /home/airflow/.local/lib/python3.7/site-packages/airflow/example_dags/example_local_kubernetes_executor.py
[2023-02-13T19:04:36.531+0000] {logging_mixin.py:137} INFO - [2023-02-13T19:04:36.531+0000] {dag.py:2676} INFO - Sync 1 DAGs
[2023-02-13T19:04:36.560+0000] {logging_mixin.py:137} INFO - [2023-02-13T19:04:36.560+0000] {dag.py:3427} INFO - Setting next_dagrun for example_local_kubernetes_executor to None, run_after=None
[2023-02-13T19:04:36.580+0000] {processor.py:175} INFO - Processing /home/airflow/.local/lib/python3.7/site-packages/airflow/example_dags/example_local_kubernetes_executor.py took 0.163 seconds
[2023-02-13T19:09:13.051+0000] {processor.py:153} INFO - Started process (PID=63) to work on /home/airflow/.local/lib/python3.7/site-packages/airflow/example_dags/example_local_kubernetes_executor.py
[2023-02-13T19:09:13.055+0000] {processor.py:743} INFO - Processing file /home/airflow/.local/lib/python3.7/site-packages/airflow/example_dags/example_local_kubernetes_executor.py for tasks to queue
[2023-02-13T19:09:13.058+0000] {logging_mixin.py:137} INFO - [2023-02-13T19:09:13.058+0000] {dagbag.py:538} INFO - Filling up the DagBag from /home/airflow/.local/lib/python3.7/site-packages/airflow/example_dags/example_local_kubernetes_executor.py
[2023-02-13T19:09:13.110+0000] {processor.py:753} INFO - DAG(s) dict_keys(['example_local_kubernetes_executor']) retrieved from /home/airflow/.local/lib/python3.7/site-packages/airflow/example_dags/example_local_kubernetes_executor.py
[2023-02-13T19:09:13.175+0000] {logging_mixin.py:137} INFO - [2023-02-13T19:09:13.174+0000] {dag.py:2676} INFO - Sync 1 DAGs
[2023-02-13T19:09:13.218+0000] {logging_mixin.py:137} INFO - [2023-02-13T19:09:13.218+0000] {dag.py:3427} INFO - Setting next_dagrun for example_local_kubernetes_executor to None, run_after=None
[2023-02-13T19:09:13.255+0000] {processor.py:175} INFO - Processing /home/airflow/.local/lib/python3.7/site-packages/airflow/example_dags/example_local_kubernetes_executor.py took 0.209 seconds
[2023-02-13T19:09:43.407+0000] {processor.py:153} INFO - Started process (PID=135) to work on /home/airflow/.local/lib/python3.7/site-packages/airflow/example_dags/example_local_kubernetes_executor.py
[2023-02-13T19:09:43.409+0000] {processor.py:743} INFO - Processing file /home/airflow/.local/lib/python3.7/site-packages/airflow/example_dags/example_local_kubernetes_executor.py for tasks to queue
[2023-02-13T19:09:43.411+0000] {logging_mixin.py:137} INFO - [2023-02-13T19:09:43.411+0000] {dagbag.py:538} INFO - Filling up the DagBag from /home/airflow/.local/lib/python3.7/site-packages/airflow/example_dags/example_local_kubernetes_executor.py
[2023-02-13T19:09:43.447+0000] {processor.py:753} INFO - DAG(s) dict_keys(['example_local_kubernetes_executor']) retrieved from /home/airflow/.local/lib/python3.7/site-packages/airflow/example_dags/example_local_kubernetes_executor.py
[2023-02-13T19:09:43.505+0000] {logging_mixin.py:137} INFO - [2023-02-13T19:09:43.505+0000] {dag.py:2676} INFO - Sync 1 DAGs
[2023-02-13T19:09:43.552+0000] {logging_mixin.py:137} INFO - [2023-02-13T19:09:43.552+0000] {dag.py:3427} INFO - Setting next_dagrun for example_local_kubernetes_executor to None, run_after=None
[2023-02-13T19:09:43.606+0000] {processor.py:175} INFO - Processing /home/airflow/.local/lib/python3.7/site-packages/airflow/example_dags/example_local_kubernetes_executor.py took 0.204 seconds
[2023-02-13T19:10:13.959+0000] {processor.py:153} INFO - Started process (PID=222) to work on /home/airflow/.local/lib/python3.7/site-packages/airflow/example_dags/example_local_kubernetes_executor.py
[2023-02-13T19:10:13.968+0000] {processor.py:743} INFO - Processing file /home/airflow/.local/lib/python3.7/site-packages/airflow/example_dags/example_local_kubernetes_executor.py for tasks to queue
[2023-02-13T19:10:13.976+0000] {logging_mixin.py:137} INFO - [2023-02-13T19:10:13.976+0000] {dagbag.py:538} INFO - Filling up the DagBag from /home/airflow/.local/lib/python3.7/site-packages/airflow/example_dags/example_local_kubernetes_executor.py
[2023-02-13T19:10:14.019+0000] {processor.py:753} INFO - DAG(s) dict_keys(['example_local_kubernetes_executor']) retrieved from /home/airflow/.local/lib/python3.7/site-packages/airflow/example_dags/example_local_kubernetes_executor.py
[2023-02-13T19:10:14.098+0000] {logging_mixin.py:137} INFO - [2023-02-13T19:10:14.098+0000] {dag.py:2676} INFO - Sync 1 DAGs
[2023-02-13T19:10:14.138+0000] {logging_mixin.py:137} INFO - [2023-02-13T19:10:14.138+0000] {dag.py:3427} INFO - Setting next_dagrun for example_local_kubernetes_executor to None, run_after=None
[2023-02-13T19:10:14.168+0000] {processor.py:175} INFO - Processing /home/airflow/.local/lib/python3.7/site-packages/airflow/example_dags/example_local_kubernetes_executor.py took 0.217 seconds
