[2023-02-13T18:56:43.284+0000] {processor.py:153} INFO - Started process (PID=60) to work on /home/airflow/.local/lib/python3.7/site-packages/airflow/example_dags/example_task_group_decorator.py
[2023-02-13T18:56:43.286+0000] {processor.py:743} INFO - Processing file /home/airflow/.local/lib/python3.7/site-packages/airflow/example_dags/example_task_group_decorator.py for tasks to queue
[2023-02-13T18:56:43.288+0000] {logging_mixin.py:137} INFO - [2023-02-13T18:56:43.288+0000] {dagbag.py:538} INFO - Filling up the DagBag from /home/airflow/.local/lib/python3.7/site-packages/airflow/example_dags/example_task_group_decorator.py
[2023-02-13T18:56:43.338+0000] {processor.py:753} INFO - DAG(s) dict_keys(['example_task_group_decorator']) retrieved from /home/airflow/.local/lib/python3.7/site-packages/airflow/example_dags/example_task_group_decorator.py
[2023-02-13T18:56:43.404+0000] {logging_mixin.py:137} INFO - [2023-02-13T18:56:43.404+0000] {dag.py:2676} INFO - Sync 1 DAGs
[2023-02-13T18:56:43.445+0000] {logging_mixin.py:137} INFO - [2023-02-13T18:56:43.445+0000] {dag.py:3427} INFO - Setting next_dagrun for example_task_group_decorator to 2023-02-12T18:56:43.444807+00:00, run_after=2023-02-13T18:56:43.444807+00:00
[2023-02-13T18:56:43.480+0000] {processor.py:175} INFO - Processing /home/airflow/.local/lib/python3.7/site-packages/airflow/example_dags/example_task_group_decorator.py took 0.200 seconds
[2023-02-13T18:57:13.628+0000] {processor.py:153} INFO - Started process (PID=131) to work on /home/airflow/.local/lib/python3.7/site-packages/airflow/example_dags/example_task_group_decorator.py
[2023-02-13T18:57:13.630+0000] {processor.py:743} INFO - Processing file /home/airflow/.local/lib/python3.7/site-packages/airflow/example_dags/example_task_group_decorator.py for tasks to queue
[2023-02-13T18:57:13.632+0000] {logging_mixin.py:137} INFO - [2023-02-13T18:57:13.632+0000] {dagbag.py:538} INFO - Filling up the DagBag from /home/airflow/.local/lib/python3.7/site-packages/airflow/example_dags/example_task_group_decorator.py
[2023-02-13T18:57:13.670+0000] {processor.py:753} INFO - DAG(s) dict_keys(['example_task_group_decorator']) retrieved from /home/airflow/.local/lib/python3.7/site-packages/airflow/example_dags/example_task_group_decorator.py
[2023-02-13T18:57:13.714+0000] {logging_mixin.py:137} INFO - [2023-02-13T18:57:13.714+0000] {dag.py:2676} INFO - Sync 1 DAGs
[2023-02-13T18:57:13.743+0000] {logging_mixin.py:137} INFO - [2023-02-13T18:57:13.743+0000] {dag.py:3427} INFO - Setting next_dagrun for example_task_group_decorator to 2023-02-12T18:57:13.742860+00:00, run_after=2023-02-13T18:57:13.742860+00:00
[2023-02-13T18:57:13.767+0000] {processor.py:175} INFO - Processing /home/airflow/.local/lib/python3.7/site-packages/airflow/example_dags/example_task_group_decorator.py took 0.143 seconds
[2023-02-13T18:57:44.426+0000] {processor.py:153} INFO - Started process (PID=202) to work on /home/airflow/.local/lib/python3.7/site-packages/airflow/example_dags/example_task_group_decorator.py
[2023-02-13T18:57:44.428+0000] {processor.py:743} INFO - Processing file /home/airflow/.local/lib/python3.7/site-packages/airflow/example_dags/example_task_group_decorator.py for tasks to queue
[2023-02-13T18:57:44.430+0000] {logging_mixin.py:137} INFO - [2023-02-13T18:57:44.430+0000] {dagbag.py:538} INFO - Filling up the DagBag from /home/airflow/.local/lib/python3.7/site-packages/airflow/example_dags/example_task_group_decorator.py
[2023-02-13T18:57:44.470+0000] {processor.py:753} INFO - DAG(s) dict_keys(['example_task_group_decorator']) retrieved from /home/airflow/.local/lib/python3.7/site-packages/airflow/example_dags/example_task_group_decorator.py
[2023-02-13T18:57:44.515+0000] {logging_mixin.py:137} INFO - [2023-02-13T18:57:44.515+0000] {dag.py:2676} INFO - Sync 1 DAGs
[2023-02-13T18:57:44.544+0000] {logging_mixin.py:137} INFO - [2023-02-13T18:57:44.543+0000] {dag.py:3427} INFO - Setting next_dagrun for example_task_group_decorator to 2023-02-12T18:57:44.543657+00:00, run_after=2023-02-13T18:57:44.543657+00:00
[2023-02-13T18:57:44.565+0000] {processor.py:175} INFO - Processing /home/airflow/.local/lib/python3.7/site-packages/airflow/example_dags/example_task_group_decorator.py took 0.144 seconds
[2023-02-13T18:58:14.668+0000] {processor.py:153} INFO - Started process (PID=289) to work on /home/airflow/.local/lib/python3.7/site-packages/airflow/example_dags/example_task_group_decorator.py
[2023-02-13T18:58:14.670+0000] {processor.py:743} INFO - Processing file /home/airflow/.local/lib/python3.7/site-packages/airflow/example_dags/example_task_group_decorator.py for tasks to queue
[2023-02-13T18:58:14.671+0000] {logging_mixin.py:137} INFO - [2023-02-13T18:58:14.671+0000] {dagbag.py:538} INFO - Filling up the DagBag from /home/airflow/.local/lib/python3.7/site-packages/airflow/example_dags/example_task_group_decorator.py
[2023-02-13T18:58:14.705+0000] {processor.py:753} INFO - DAG(s) dict_keys(['example_task_group_decorator']) retrieved from /home/airflow/.local/lib/python3.7/site-packages/airflow/example_dags/example_task_group_decorator.py
[2023-02-13T18:58:14.756+0000] {logging_mixin.py:137} INFO - [2023-02-13T18:58:14.756+0000] {dag.py:2676} INFO - Sync 1 DAGs
[2023-02-13T18:58:14.792+0000] {logging_mixin.py:137} INFO - [2023-02-13T18:58:14.792+0000] {dag.py:3427} INFO - Setting next_dagrun for example_task_group_decorator to 2023-02-12T18:58:14.791854+00:00, run_after=2023-02-13T18:58:14.791854+00:00
[2023-02-13T18:58:14.852+0000] {processor.py:175} INFO - Processing /home/airflow/.local/lib/python3.7/site-packages/airflow/example_dags/example_task_group_decorator.py took 0.189 seconds
[2023-02-13T18:58:46.037+0000] {processor.py:153} INFO - Started process (PID=360) to work on /home/airflow/.local/lib/python3.7/site-packages/airflow/example_dags/example_task_group_decorator.py
[2023-02-13T18:58:46.039+0000] {processor.py:743} INFO - Processing file /home/airflow/.local/lib/python3.7/site-packages/airflow/example_dags/example_task_group_decorator.py for tasks to queue
[2023-02-13T18:58:46.041+0000] {logging_mixin.py:137} INFO - [2023-02-13T18:58:46.041+0000] {dagbag.py:538} INFO - Filling up the DagBag from /home/airflow/.local/lib/python3.7/site-packages/airflow/example_dags/example_task_group_decorator.py
[2023-02-13T18:58:46.082+0000] {processor.py:753} INFO - DAG(s) dict_keys(['example_task_group_decorator']) retrieved from /home/airflow/.local/lib/python3.7/site-packages/airflow/example_dags/example_task_group_decorator.py
[2023-02-13T18:58:46.140+0000] {logging_mixin.py:137} INFO - [2023-02-13T18:58:46.139+0000] {dag.py:2676} INFO - Sync 1 DAGs
[2023-02-13T18:58:46.172+0000] {logging_mixin.py:137} INFO - [2023-02-13T18:58:46.172+0000] {dag.py:3427} INFO - Setting next_dagrun for example_task_group_decorator to 2023-02-12T18:58:46.172381+00:00, run_after=2023-02-13T18:58:46.172381+00:00
[2023-02-13T18:58:46.195+0000] {processor.py:175} INFO - Processing /home/airflow/.local/lib/python3.7/site-packages/airflow/example_dags/example_task_group_decorator.py took 0.164 seconds
[2023-02-13T18:59:16.891+0000] {processor.py:153} INFO - Started process (PID=447) to work on /home/airflow/.local/lib/python3.7/site-packages/airflow/example_dags/example_task_group_decorator.py
[2023-02-13T18:59:16.894+0000] {processor.py:743} INFO - Processing file /home/airflow/.local/lib/python3.7/site-packages/airflow/example_dags/example_task_group_decorator.py for tasks to queue
[2023-02-13T18:59:16.895+0000] {logging_mixin.py:137} INFO - [2023-02-13T18:59:16.895+0000] {dagbag.py:538} INFO - Filling up the DagBag from /home/airflow/.local/lib/python3.7/site-packages/airflow/example_dags/example_task_group_decorator.py
[2023-02-13T18:59:16.932+0000] {processor.py:753} INFO - DAG(s) dict_keys(['example_task_group_decorator']) retrieved from /home/airflow/.local/lib/python3.7/site-packages/airflow/example_dags/example_task_group_decorator.py
[2023-02-13T18:59:16.975+0000] {logging_mixin.py:137} INFO - [2023-02-13T18:59:16.975+0000] {dag.py:2676} INFO - Sync 1 DAGs
[2023-02-13T18:59:17.004+0000] {logging_mixin.py:137} INFO - [2023-02-13T18:59:17.003+0000] {dag.py:3427} INFO - Setting next_dagrun for example_task_group_decorator to 2023-02-12T18:59:17.003593+00:00, run_after=2023-02-13T18:59:17.003593+00:00
[2023-02-13T18:59:17.026+0000] {processor.py:175} INFO - Processing /home/airflow/.local/lib/python3.7/site-packages/airflow/example_dags/example_task_group_decorator.py took 0.139 seconds
[2023-02-13T18:59:47.754+0000] {processor.py:153} INFO - Started process (PID=518) to work on /home/airflow/.local/lib/python3.7/site-packages/airflow/example_dags/example_task_group_decorator.py
[2023-02-13T18:59:47.756+0000] {processor.py:743} INFO - Processing file /home/airflow/.local/lib/python3.7/site-packages/airflow/example_dags/example_task_group_decorator.py for tasks to queue
[2023-02-13T18:59:47.757+0000] {logging_mixin.py:137} INFO - [2023-02-13T18:59:47.757+0000] {dagbag.py:538} INFO - Filling up the DagBag from /home/airflow/.local/lib/python3.7/site-packages/airflow/example_dags/example_task_group_decorator.py
[2023-02-13T18:59:47.790+0000] {processor.py:753} INFO - DAG(s) dict_keys(['example_task_group_decorator']) retrieved from /home/airflow/.local/lib/python3.7/site-packages/airflow/example_dags/example_task_group_decorator.py
[2023-02-13T18:59:47.832+0000] {logging_mixin.py:137} INFO - [2023-02-13T18:59:47.832+0000] {dag.py:2676} INFO - Sync 1 DAGs
[2023-02-13T18:59:47.860+0000] {logging_mixin.py:137} INFO - [2023-02-13T18:59:47.860+0000] {dag.py:3427} INFO - Setting next_dagrun for example_task_group_decorator to 2023-02-12T18:59:47.860109+00:00, run_after=2023-02-13T18:59:47.860109+00:00
[2023-02-13T18:59:47.884+0000] {processor.py:175} INFO - Processing /home/airflow/.local/lib/python3.7/site-packages/airflow/example_dags/example_task_group_decorator.py took 0.134 seconds
[2023-02-13T19:00:18.478+0000] {processor.py:153} INFO - Started process (PID=605) to work on /home/airflow/.local/lib/python3.7/site-packages/airflow/example_dags/example_task_group_decorator.py
[2023-02-13T19:00:18.480+0000] {processor.py:743} INFO - Processing file /home/airflow/.local/lib/python3.7/site-packages/airflow/example_dags/example_task_group_decorator.py for tasks to queue
[2023-02-13T19:00:18.482+0000] {logging_mixin.py:137} INFO - [2023-02-13T19:00:18.482+0000] {dagbag.py:538} INFO - Filling up the DagBag from /home/airflow/.local/lib/python3.7/site-packages/airflow/example_dags/example_task_group_decorator.py
[2023-02-13T19:00:18.525+0000] {processor.py:753} INFO - DAG(s) dict_keys(['example_task_group_decorator']) retrieved from /home/airflow/.local/lib/python3.7/site-packages/airflow/example_dags/example_task_group_decorator.py
[2023-02-13T19:00:18.586+0000] {logging_mixin.py:137} INFO - [2023-02-13T19:00:18.585+0000] {dag.py:2676} INFO - Sync 1 DAGs
[2023-02-13T19:00:18.627+0000] {logging_mixin.py:137} INFO - [2023-02-13T19:00:18.627+0000] {dag.py:3427} INFO - Setting next_dagrun for example_task_group_decorator to 2023-02-12T19:00:18.627132+00:00, run_after=2023-02-13T19:00:18.627132+00:00
[2023-02-13T19:00:18.681+0000] {processor.py:175} INFO - Processing /home/airflow/.local/lib/python3.7/site-packages/airflow/example_dags/example_task_group_decorator.py took 0.209 seconds
[2023-02-13T19:00:49.549+0000] {processor.py:153} INFO - Started process (PID=676) to work on /home/airflow/.local/lib/python3.7/site-packages/airflow/example_dags/example_task_group_decorator.py
[2023-02-13T19:00:49.550+0000] {processor.py:743} INFO - Processing file /home/airflow/.local/lib/python3.7/site-packages/airflow/example_dags/example_task_group_decorator.py for tasks to queue
[2023-02-13T19:00:49.552+0000] {logging_mixin.py:137} INFO - [2023-02-13T19:00:49.551+0000] {dagbag.py:538} INFO - Filling up the DagBag from /home/airflow/.local/lib/python3.7/site-packages/airflow/example_dags/example_task_group_decorator.py
[2023-02-13T19:00:49.585+0000] {processor.py:753} INFO - DAG(s) dict_keys(['example_task_group_decorator']) retrieved from /home/airflow/.local/lib/python3.7/site-packages/airflow/example_dags/example_task_group_decorator.py
[2023-02-13T19:00:49.628+0000] {logging_mixin.py:137} INFO - [2023-02-13T19:00:49.628+0000] {dag.py:2676} INFO - Sync 1 DAGs
[2023-02-13T19:00:49.657+0000] {logging_mixin.py:137} INFO - [2023-02-13T19:00:49.657+0000] {dag.py:3427} INFO - Setting next_dagrun for example_task_group_decorator to 2023-02-12T19:00:49.656684+00:00, run_after=2023-02-13T19:00:49.656684+00:00
[2023-02-13T19:00:49.679+0000] {processor.py:175} INFO - Processing /home/airflow/.local/lib/python3.7/site-packages/airflow/example_dags/example_task_group_decorator.py took 0.134 seconds
[2023-02-13T19:01:20.042+0000] {processor.py:153} INFO - Started process (PID=762) to work on /home/airflow/.local/lib/python3.7/site-packages/airflow/example_dags/example_task_group_decorator.py
[2023-02-13T19:01:20.044+0000] {processor.py:743} INFO - Processing file /home/airflow/.local/lib/python3.7/site-packages/airflow/example_dags/example_task_group_decorator.py for tasks to queue
[2023-02-13T19:01:20.045+0000] {logging_mixin.py:137} INFO - [2023-02-13T19:01:20.045+0000] {dagbag.py:538} INFO - Filling up the DagBag from /home/airflow/.local/lib/python3.7/site-packages/airflow/example_dags/example_task_group_decorator.py
[2023-02-13T19:01:20.079+0000] {processor.py:753} INFO - DAG(s) dict_keys(['example_task_group_decorator']) retrieved from /home/airflow/.local/lib/python3.7/site-packages/airflow/example_dags/example_task_group_decorator.py
[2023-02-13T19:01:20.122+0000] {logging_mixin.py:137} INFO - [2023-02-13T19:01:20.122+0000] {dag.py:2676} INFO - Sync 1 DAGs
[2023-02-13T19:01:20.151+0000] {logging_mixin.py:137} INFO - [2023-02-13T19:01:20.151+0000] {dag.py:3427} INFO - Setting next_dagrun for example_task_group_decorator to 2023-02-12T19:01:20.150980+00:00, run_after=2023-02-13T19:01:20.150980+00:00
[2023-02-13T19:01:20.174+0000] {processor.py:175} INFO - Processing /home/airflow/.local/lib/python3.7/site-packages/airflow/example_dags/example_task_group_decorator.py took 0.136 seconds
[2023-02-13T19:01:50.352+0000] {processor.py:153} INFO - Started process (PID=833) to work on /home/airflow/.local/lib/python3.7/site-packages/airflow/example_dags/example_task_group_decorator.py
[2023-02-13T19:01:50.353+0000] {processor.py:743} INFO - Processing file /home/airflow/.local/lib/python3.7/site-packages/airflow/example_dags/example_task_group_decorator.py for tasks to queue
[2023-02-13T19:01:50.355+0000] {logging_mixin.py:137} INFO - [2023-02-13T19:01:50.355+0000] {dagbag.py:538} INFO - Filling up the DagBag from /home/airflow/.local/lib/python3.7/site-packages/airflow/example_dags/example_task_group_decorator.py
[2023-02-13T19:01:50.388+0000] {processor.py:753} INFO - DAG(s) dict_keys(['example_task_group_decorator']) retrieved from /home/airflow/.local/lib/python3.7/site-packages/airflow/example_dags/example_task_group_decorator.py
[2023-02-13T19:01:50.431+0000] {logging_mixin.py:137} INFO - [2023-02-13T19:01:50.431+0000] {dag.py:2676} INFO - Sync 1 DAGs
[2023-02-13T19:01:50.459+0000] {logging_mixin.py:137} INFO - [2023-02-13T19:01:50.459+0000] {dag.py:3427} INFO - Setting next_dagrun for example_task_group_decorator to 2023-02-12T19:01:50.459066+00:00, run_after=2023-02-13T19:01:50.459066+00:00
[2023-02-13T19:01:50.480+0000] {processor.py:175} INFO - Processing /home/airflow/.local/lib/python3.7/site-packages/airflow/example_dags/example_task_group_decorator.py took 0.133 seconds
[2023-02-13T19:02:20.877+0000] {processor.py:153} INFO - Started process (PID=920) to work on /home/airflow/.local/lib/python3.7/site-packages/airflow/example_dags/example_task_group_decorator.py
[2023-02-13T19:02:20.880+0000] {processor.py:743} INFO - Processing file /home/airflow/.local/lib/python3.7/site-packages/airflow/example_dags/example_task_group_decorator.py for tasks to queue
[2023-02-13T19:02:20.881+0000] {logging_mixin.py:137} INFO - [2023-02-13T19:02:20.881+0000] {dagbag.py:538} INFO - Filling up the DagBag from /home/airflow/.local/lib/python3.7/site-packages/airflow/example_dags/example_task_group_decorator.py
[2023-02-13T19:02:20.920+0000] {processor.py:753} INFO - DAG(s) dict_keys(['example_task_group_decorator']) retrieved from /home/airflow/.local/lib/python3.7/site-packages/airflow/example_dags/example_task_group_decorator.py
[2023-02-13T19:02:20.964+0000] {logging_mixin.py:137} INFO - [2023-02-13T19:02:20.964+0000] {dag.py:2676} INFO - Sync 1 DAGs
[2023-02-13T19:02:20.998+0000] {logging_mixin.py:137} INFO - [2023-02-13T19:02:20.997+0000] {dag.py:3427} INFO - Setting next_dagrun for example_task_group_decorator to 2023-02-12T19:02:20.997453+00:00, run_after=2023-02-13T19:02:20.997453+00:00
[2023-02-13T19:02:21.024+0000] {processor.py:175} INFO - Processing /home/airflow/.local/lib/python3.7/site-packages/airflow/example_dags/example_task_group_decorator.py took 0.151 seconds
[2023-02-13T19:02:51.393+0000] {processor.py:153} INFO - Started process (PID=991) to work on /home/airflow/.local/lib/python3.7/site-packages/airflow/example_dags/example_task_group_decorator.py
[2023-02-13T19:02:51.395+0000] {processor.py:743} INFO - Processing file /home/airflow/.local/lib/python3.7/site-packages/airflow/example_dags/example_task_group_decorator.py for tasks to queue
[2023-02-13T19:02:51.397+0000] {logging_mixin.py:137} INFO - [2023-02-13T19:02:51.397+0000] {dagbag.py:538} INFO - Filling up the DagBag from /home/airflow/.local/lib/python3.7/site-packages/airflow/example_dags/example_task_group_decorator.py
[2023-02-13T19:02:51.429+0000] {processor.py:753} INFO - DAG(s) dict_keys(['example_task_group_decorator']) retrieved from /home/airflow/.local/lib/python3.7/site-packages/airflow/example_dags/example_task_group_decorator.py
[2023-02-13T19:02:51.470+0000] {logging_mixin.py:137} INFO - [2023-02-13T19:02:51.470+0000] {dag.py:2676} INFO - Sync 1 DAGs
[2023-02-13T19:02:51.497+0000] {logging_mixin.py:137} INFO - [2023-02-13T19:02:51.496+0000] {dag.py:3427} INFO - Setting next_dagrun for example_task_group_decorator to 2023-02-12T19:02:51.496644+00:00, run_after=2023-02-13T19:02:51.496644+00:00
[2023-02-13T19:02:51.519+0000] {processor.py:175} INFO - Processing /home/airflow/.local/lib/python3.7/site-packages/airflow/example_dags/example_task_group_decorator.py took 0.130 seconds
[2023-02-13T19:03:34.903+0000] {processor.py:153} INFO - Started process (PID=1054) to work on /home/airflow/.local/lib/python3.7/site-packages/airflow/example_dags/example_task_group_decorator.py
[2023-02-13T19:03:34.911+0000] {processor.py:743} INFO - Processing file /home/airflow/.local/lib/python3.7/site-packages/airflow/example_dags/example_task_group_decorator.py for tasks to queue
[2023-02-13T19:03:34.921+0000] {logging_mixin.py:137} INFO - [2023-02-13T19:03:34.920+0000] {dagbag.py:538} INFO - Filling up the DagBag from /home/airflow/.local/lib/python3.7/site-packages/airflow/example_dags/example_task_group_decorator.py
[2023-02-13T19:03:35.024+0000] {processor.py:753} INFO - DAG(s) dict_keys(['example_task_group_decorator']) retrieved from /home/airflow/.local/lib/python3.7/site-packages/airflow/example_dags/example_task_group_decorator.py
[2023-02-13T19:03:35.086+0000] {logging_mixin.py:137} INFO - [2023-02-13T19:03:35.086+0000] {dag.py:2676} INFO - Sync 1 DAGs
[2023-02-13T19:03:35.121+0000] {logging_mixin.py:137} INFO - [2023-02-13T19:03:35.121+0000] {dag.py:3427} INFO - Setting next_dagrun for example_task_group_decorator to 2023-02-12T19:03:35.120948+00:00, run_after=2023-02-13T19:03:35.120948+00:00
[2023-02-13T19:03:35.145+0000] {processor.py:175} INFO - Processing /home/airflow/.local/lib/python3.7/site-packages/airflow/example_dags/example_task_group_decorator.py took 0.251 seconds
[2023-02-13T19:04:05.416+0000] {processor.py:153} INFO - Started process (PID=1132) to work on /home/airflow/.local/lib/python3.7/site-packages/airflow/example_dags/example_task_group_decorator.py
[2023-02-13T19:04:05.419+0000] {processor.py:743} INFO - Processing file /home/airflow/.local/lib/python3.7/site-packages/airflow/example_dags/example_task_group_decorator.py for tasks to queue
[2023-02-13T19:04:05.422+0000] {logging_mixin.py:137} INFO - [2023-02-13T19:04:05.422+0000] {dagbag.py:538} INFO - Filling up the DagBag from /home/airflow/.local/lib/python3.7/site-packages/airflow/example_dags/example_task_group_decorator.py
[2023-02-13T19:04:05.468+0000] {processor.py:753} INFO - DAG(s) dict_keys(['example_task_group_decorator']) retrieved from /home/airflow/.local/lib/python3.7/site-packages/airflow/example_dags/example_task_group_decorator.py
[2023-02-13T19:04:05.532+0000] {logging_mixin.py:137} INFO - [2023-02-13T19:04:05.532+0000] {dag.py:2676} INFO - Sync 1 DAGs
[2023-02-13T19:04:05.590+0000] {logging_mixin.py:137} INFO - [2023-02-13T19:04:05.590+0000] {dag.py:3427} INFO - Setting next_dagrun for example_task_group_decorator to 2023-02-12T19:04:05.589588+00:00, run_after=2023-02-13T19:04:05.589588+00:00
[2023-02-13T19:04:05.631+0000] {processor.py:175} INFO - Processing /home/airflow/.local/lib/python3.7/site-packages/airflow/example_dags/example_task_group_decorator.py took 0.221 seconds
[2023-02-13T19:04:36.245+0000] {processor.py:153} INFO - Started process (PID=1203) to work on /home/airflow/.local/lib/python3.7/site-packages/airflow/example_dags/example_task_group_decorator.py
[2023-02-13T19:04:36.247+0000] {processor.py:743} INFO - Processing file /home/airflow/.local/lib/python3.7/site-packages/airflow/example_dags/example_task_group_decorator.py for tasks to queue
[2023-02-13T19:04:36.249+0000] {logging_mixin.py:137} INFO - [2023-02-13T19:04:36.248+0000] {dagbag.py:538} INFO - Filling up the DagBag from /home/airflow/.local/lib/python3.7/site-packages/airflow/example_dags/example_task_group_decorator.py
[2023-02-13T19:04:36.285+0000] {processor.py:753} INFO - DAG(s) dict_keys(['example_task_group_decorator']) retrieved from /home/airflow/.local/lib/python3.7/site-packages/airflow/example_dags/example_task_group_decorator.py
[2023-02-13T19:04:36.331+0000] {logging_mixin.py:137} INFO - [2023-02-13T19:04:36.331+0000] {dag.py:2676} INFO - Sync 1 DAGs
[2023-02-13T19:04:36.362+0000] {logging_mixin.py:137} INFO - [2023-02-13T19:04:36.362+0000] {dag.py:3427} INFO - Setting next_dagrun for example_task_group_decorator to 2023-02-12T19:04:36.362124+00:00, run_after=2023-02-13T19:04:36.362124+00:00
[2023-02-13T19:04:36.385+0000] {processor.py:175} INFO - Processing /home/airflow/.local/lib/python3.7/site-packages/airflow/example_dags/example_task_group_decorator.py took 0.144 seconds
[2023-02-13T19:09:12.777+0000] {processor.py:153} INFO - Started process (PID=61) to work on /home/airflow/.local/lib/python3.7/site-packages/airflow/example_dags/example_task_group_decorator.py
[2023-02-13T19:09:12.781+0000] {processor.py:743} INFO - Processing file /home/airflow/.local/lib/python3.7/site-packages/airflow/example_dags/example_task_group_decorator.py for tasks to queue
[2023-02-13T19:09:12.784+0000] {logging_mixin.py:137} INFO - [2023-02-13T19:09:12.783+0000] {dagbag.py:538} INFO - Filling up the DagBag from /home/airflow/.local/lib/python3.7/site-packages/airflow/example_dags/example_task_group_decorator.py
[2023-02-13T19:09:12.847+0000] {processor.py:753} INFO - DAG(s) dict_keys(['example_task_group_decorator']) retrieved from /home/airflow/.local/lib/python3.7/site-packages/airflow/example_dags/example_task_group_decorator.py
[2023-02-13T19:09:12.919+0000] {logging_mixin.py:137} INFO - [2023-02-13T19:09:12.919+0000] {dag.py:2676} INFO - Sync 1 DAGs
[2023-02-13T19:09:12.967+0000] {logging_mixin.py:137} INFO - [2023-02-13T19:09:12.967+0000] {dag.py:3427} INFO - Setting next_dagrun for example_task_group_decorator to 2023-02-12T19:09:12.966788+00:00, run_after=2023-02-13T19:09:12.966788+00:00
[2023-02-13T19:09:13.002+0000] {processor.py:175} INFO - Processing /home/airflow/.local/lib/python3.7/site-packages/airflow/example_dags/example_task_group_decorator.py took 0.232 seconds
[2023-02-13T19:09:43.092+0000] {processor.py:153} INFO - Started process (PID=133) to work on /home/airflow/.local/lib/python3.7/site-packages/airflow/example_dags/example_task_group_decorator.py
[2023-02-13T19:09:43.095+0000] {processor.py:743} INFO - Processing file /home/airflow/.local/lib/python3.7/site-packages/airflow/example_dags/example_task_group_decorator.py for tasks to queue
[2023-02-13T19:09:43.097+0000] {logging_mixin.py:137} INFO - [2023-02-13T19:09:43.097+0000] {dagbag.py:538} INFO - Filling up the DagBag from /home/airflow/.local/lib/python3.7/site-packages/airflow/example_dags/example_task_group_decorator.py
[2023-02-13T19:09:43.161+0000] {processor.py:753} INFO - DAG(s) dict_keys(['example_task_group_decorator']) retrieved from /home/airflow/.local/lib/python3.7/site-packages/airflow/example_dags/example_task_group_decorator.py
[2023-02-13T19:09:43.254+0000] {logging_mixin.py:137} INFO - [2023-02-13T19:09:43.254+0000] {dag.py:2676} INFO - Sync 1 DAGs
[2023-02-13T19:09:43.302+0000] {logging_mixin.py:137} INFO - [2023-02-13T19:09:43.302+0000] {dag.py:3427} INFO - Setting next_dagrun for example_task_group_decorator to 2023-02-12T19:09:43.301828+00:00, run_after=2023-02-13T19:09:43.301828+00:00
[2023-02-13T19:09:43.335+0000] {processor.py:175} INFO - Processing /home/airflow/.local/lib/python3.7/site-packages/airflow/example_dags/example_task_group_decorator.py took 0.248 seconds
[2023-02-13T19:10:13.702+0000] {processor.py:153} INFO - Started process (PID=213) to work on /home/airflow/.local/lib/python3.7/site-packages/airflow/example_dags/example_task_group_decorator.py
[2023-02-13T19:10:13.704+0000] {processor.py:743} INFO - Processing file /home/airflow/.local/lib/python3.7/site-packages/airflow/example_dags/example_task_group_decorator.py for tasks to queue
[2023-02-13T19:10:13.706+0000] {logging_mixin.py:137} INFO - [2023-02-13T19:10:13.706+0000] {dagbag.py:538} INFO - Filling up the DagBag from /home/airflow/.local/lib/python3.7/site-packages/airflow/example_dags/example_task_group_decorator.py
[2023-02-13T19:10:13.744+0000] {processor.py:753} INFO - DAG(s) dict_keys(['example_task_group_decorator']) retrieved from /home/airflow/.local/lib/python3.7/site-packages/airflow/example_dags/example_task_group_decorator.py
[2023-02-13T19:10:13.814+0000] {logging_mixin.py:137} INFO - [2023-02-13T19:10:13.814+0000] {dag.py:2676} INFO - Sync 1 DAGs
[2023-02-13T19:10:13.868+0000] {logging_mixin.py:137} INFO - [2023-02-13T19:10:13.868+0000] {dag.py:3427} INFO - Setting next_dagrun for example_task_group_decorator to 2023-02-12T19:10:13.868330+00:00, run_after=2023-02-13T19:10:13.868330+00:00
[2023-02-13T19:10:13.901+0000] {processor.py:175} INFO - Processing /home/airflow/.local/lib/python3.7/site-packages/airflow/example_dags/example_task_group_decorator.py took 0.203 seconds
