[2023-02-13T18:56:44.522+0000] {processor.py:153} INFO - Started process (PID=70) to work on /home/airflow/.local/lib/python3.7/site-packages/airflow/example_dags/example_latest_only.py
[2023-02-13T18:56:44.525+0000] {processor.py:743} INFO - Processing file /home/airflow/.local/lib/python3.7/site-packages/airflow/example_dags/example_latest_only.py for tasks to queue
[2023-02-13T18:56:44.528+0000] {logging_mixin.py:137} INFO - [2023-02-13T18:56:44.527+0000] {dagbag.py:538} INFO - Filling up the DagBag from /home/airflow/.local/lib/python3.7/site-packages/airflow/example_dags/example_latest_only.py
[2023-02-13T18:56:44.552+0000] {processor.py:753} INFO - DAG(s) dict_keys(['latest_only']) retrieved from /home/airflow/.local/lib/python3.7/site-packages/airflow/example_dags/example_latest_only.py
[2023-02-13T18:56:44.606+0000] {logging_mixin.py:137} INFO - [2023-02-13T18:56:44.606+0000] {dag.py:2676} INFO - Sync 1 DAGs
[2023-02-13T18:56:44.647+0000] {logging_mixin.py:137} INFO - [2023-02-13T18:56:44.646+0000] {dag.py:3427} INFO - Setting next_dagrun for latest_only to 2023-02-13T14:56:44.646401+00:00, run_after=2023-02-13T18:56:44.646401+00:00
[2023-02-13T18:56:44.681+0000] {processor.py:175} INFO - Processing /home/airflow/.local/lib/python3.7/site-packages/airflow/example_dags/example_latest_only.py took 0.166 seconds
[2023-02-13T18:57:15.299+0000] {processor.py:153} INFO - Started process (PID=141) to work on /home/airflow/.local/lib/python3.7/site-packages/airflow/example_dags/example_latest_only.py
[2023-02-13T18:57:15.301+0000] {processor.py:743} INFO - Processing file /home/airflow/.local/lib/python3.7/site-packages/airflow/example_dags/example_latest_only.py for tasks to queue
[2023-02-13T18:57:15.304+0000] {logging_mixin.py:137} INFO - [2023-02-13T18:57:15.303+0000] {dagbag.py:538} INFO - Filling up the DagBag from /home/airflow/.local/lib/python3.7/site-packages/airflow/example_dags/example_latest_only.py
[2023-02-13T18:57:15.325+0000] {processor.py:753} INFO - DAG(s) dict_keys(['latest_only']) retrieved from /home/airflow/.local/lib/python3.7/site-packages/airflow/example_dags/example_latest_only.py
[2023-02-13T18:57:15.381+0000] {logging_mixin.py:137} INFO - [2023-02-13T18:57:15.380+0000] {dag.py:2676} INFO - Sync 1 DAGs
[2023-02-13T18:57:15.416+0000] {logging_mixin.py:137} INFO - [2023-02-13T18:57:15.416+0000] {dag.py:3427} INFO - Setting next_dagrun for latest_only to 2023-02-13T14:57:15.415857+00:00, run_after=2023-02-13T18:57:15.415857+00:00
[2023-02-13T18:57:15.445+0000] {processor.py:175} INFO - Processing /home/airflow/.local/lib/python3.7/site-packages/airflow/example_dags/example_latest_only.py took 0.152 seconds
[2023-02-13T18:57:46.395+0000] {processor.py:153} INFO - Started process (PID=221) to work on /home/airflow/.local/lib/python3.7/site-packages/airflow/example_dags/example_latest_only.py
[2023-02-13T18:57:46.398+0000] {processor.py:743} INFO - Processing file /home/airflow/.local/lib/python3.7/site-packages/airflow/example_dags/example_latest_only.py for tasks to queue
[2023-02-13T18:57:46.400+0000] {logging_mixin.py:137} INFO - [2023-02-13T18:57:46.400+0000] {dagbag.py:538} INFO - Filling up the DagBag from /home/airflow/.local/lib/python3.7/site-packages/airflow/example_dags/example_latest_only.py
[2023-02-13T18:57:46.420+0000] {processor.py:753} INFO - DAG(s) dict_keys(['latest_only']) retrieved from /home/airflow/.local/lib/python3.7/site-packages/airflow/example_dags/example_latest_only.py
[2023-02-13T18:57:46.466+0000] {logging_mixin.py:137} INFO - [2023-02-13T18:57:46.465+0000] {dag.py:2676} INFO - Sync 1 DAGs
[2023-02-13T18:57:46.503+0000] {logging_mixin.py:137} INFO - [2023-02-13T18:57:46.503+0000] {dag.py:3427} INFO - Setting next_dagrun for latest_only to 2023-02-13T14:57:46.503458+00:00, run_after=2023-02-13T18:57:46.503458+00:00
[2023-02-13T18:57:46.529+0000] {processor.py:175} INFO - Processing /home/airflow/.local/lib/python3.7/site-packages/airflow/example_dags/example_latest_only.py took 0.138 seconds
[2023-02-13T18:58:17.517+0000] {processor.py:153} INFO - Started process (PID=299) to work on /home/airflow/.local/lib/python3.7/site-packages/airflow/example_dags/example_latest_only.py
[2023-02-13T18:58:17.520+0000] {processor.py:743} INFO - Processing file /home/airflow/.local/lib/python3.7/site-packages/airflow/example_dags/example_latest_only.py for tasks to queue
[2023-02-13T18:58:17.522+0000] {logging_mixin.py:137} INFO - [2023-02-13T18:58:17.522+0000] {dagbag.py:538} INFO - Filling up the DagBag from /home/airflow/.local/lib/python3.7/site-packages/airflow/example_dags/example_latest_only.py
[2023-02-13T18:58:17.540+0000] {processor.py:753} INFO - DAG(s) dict_keys(['latest_only']) retrieved from /home/airflow/.local/lib/python3.7/site-packages/airflow/example_dags/example_latest_only.py
[2023-02-13T18:58:17.582+0000] {logging_mixin.py:137} INFO - [2023-02-13T18:58:17.582+0000] {dag.py:2676} INFO - Sync 1 DAGs
[2023-02-13T18:58:17.611+0000] {logging_mixin.py:137} INFO - [2023-02-13T18:58:17.611+0000] {dag.py:3427} INFO - Setting next_dagrun for latest_only to 2023-02-13T14:58:17.611397+00:00, run_after=2023-02-13T18:58:17.611397+00:00
[2023-02-13T18:58:17.633+0000] {processor.py:175} INFO - Processing /home/airflow/.local/lib/python3.7/site-packages/airflow/example_dags/example_latest_only.py took 0.121 seconds
[2023-02-13T18:58:48.017+0000] {processor.py:153} INFO - Started process (PID=377) to work on /home/airflow/.local/lib/python3.7/site-packages/airflow/example_dags/example_latest_only.py
[2023-02-13T18:58:48.020+0000] {processor.py:743} INFO - Processing file /home/airflow/.local/lib/python3.7/site-packages/airflow/example_dags/example_latest_only.py for tasks to queue
[2023-02-13T18:58:48.022+0000] {logging_mixin.py:137} INFO - [2023-02-13T18:58:48.021+0000] {dagbag.py:538} INFO - Filling up the DagBag from /home/airflow/.local/lib/python3.7/site-packages/airflow/example_dags/example_latest_only.py
[2023-02-13T18:58:48.043+0000] {processor.py:753} INFO - DAG(s) dict_keys(['latest_only']) retrieved from /home/airflow/.local/lib/python3.7/site-packages/airflow/example_dags/example_latest_only.py
[2023-02-13T18:58:48.099+0000] {logging_mixin.py:137} INFO - [2023-02-13T18:58:48.099+0000] {dag.py:2676} INFO - Sync 1 DAGs
[2023-02-13T18:58:48.139+0000] {logging_mixin.py:137} INFO - [2023-02-13T18:58:48.139+0000] {dag.py:3427} INFO - Setting next_dagrun for latest_only to 2023-02-13T14:58:48.138893+00:00, run_after=2023-02-13T18:58:48.138893+00:00
[2023-02-13T18:58:48.168+0000] {processor.py:175} INFO - Processing /home/airflow/.local/lib/python3.7/site-packages/airflow/example_dags/example_latest_only.py took 0.158 seconds
[2023-02-13T18:59:18.626+0000] {processor.py:153} INFO - Started process (PID=457) to work on /home/airflow/.local/lib/python3.7/site-packages/airflow/example_dags/example_latest_only.py
[2023-02-13T18:59:18.629+0000] {processor.py:743} INFO - Processing file /home/airflow/.local/lib/python3.7/site-packages/airflow/example_dags/example_latest_only.py for tasks to queue
[2023-02-13T18:59:18.631+0000] {logging_mixin.py:137} INFO - [2023-02-13T18:59:18.631+0000] {dagbag.py:538} INFO - Filling up the DagBag from /home/airflow/.local/lib/python3.7/site-packages/airflow/example_dags/example_latest_only.py
[2023-02-13T18:59:18.650+0000] {processor.py:753} INFO - DAG(s) dict_keys(['latest_only']) retrieved from /home/airflow/.local/lib/python3.7/site-packages/airflow/example_dags/example_latest_only.py
[2023-02-13T18:59:18.694+0000] {logging_mixin.py:137} INFO - [2023-02-13T18:59:18.694+0000] {dag.py:2676} INFO - Sync 1 DAGs
[2023-02-13T18:59:18.726+0000] {logging_mixin.py:137} INFO - [2023-02-13T18:59:18.725+0000] {dag.py:3427} INFO - Setting next_dagrun for latest_only to 2023-02-13T14:59:18.725630+00:00, run_after=2023-02-13T18:59:18.725630+00:00
[2023-02-13T18:59:18.759+0000] {processor.py:175} INFO - Processing /home/airflow/.local/lib/python3.7/site-packages/airflow/example_dags/example_latest_only.py took 0.138 seconds
[2023-02-13T18:59:49.548+0000] {processor.py:153} INFO - Started process (PID=528) to work on /home/airflow/.local/lib/python3.7/site-packages/airflow/example_dags/example_latest_only.py
[2023-02-13T18:59:49.551+0000] {processor.py:743} INFO - Processing file /home/airflow/.local/lib/python3.7/site-packages/airflow/example_dags/example_latest_only.py for tasks to queue
[2023-02-13T18:59:49.552+0000] {logging_mixin.py:137} INFO - [2023-02-13T18:59:49.552+0000] {dagbag.py:538} INFO - Filling up the DagBag from /home/airflow/.local/lib/python3.7/site-packages/airflow/example_dags/example_latest_only.py
[2023-02-13T18:59:49.570+0000] {processor.py:753} INFO - DAG(s) dict_keys(['latest_only']) retrieved from /home/airflow/.local/lib/python3.7/site-packages/airflow/example_dags/example_latest_only.py
[2023-02-13T18:59:49.614+0000] {logging_mixin.py:137} INFO - [2023-02-13T18:59:49.614+0000] {dag.py:2676} INFO - Sync 1 DAGs
[2023-02-13T18:59:49.648+0000] {logging_mixin.py:137} INFO - [2023-02-13T18:59:49.648+0000] {dag.py:3427} INFO - Setting next_dagrun for latest_only to 2023-02-13T14:59:49.648405+00:00, run_after=2023-02-13T18:59:49.648405+00:00
[2023-02-13T18:59:49.670+0000] {processor.py:175} INFO - Processing /home/airflow/.local/lib/python3.7/site-packages/airflow/example_dags/example_latest_only.py took 0.126 seconds
[2023-02-13T19:00:20.495+0000] {processor.py:153} INFO - Started process (PID=615) to work on /home/airflow/.local/lib/python3.7/site-packages/airflow/example_dags/example_latest_only.py
[2023-02-13T19:00:20.497+0000] {processor.py:743} INFO - Processing file /home/airflow/.local/lib/python3.7/site-packages/airflow/example_dags/example_latest_only.py for tasks to queue
[2023-02-13T19:00:20.499+0000] {logging_mixin.py:137} INFO - [2023-02-13T19:00:20.499+0000] {dagbag.py:538} INFO - Filling up the DagBag from /home/airflow/.local/lib/python3.7/site-packages/airflow/example_dags/example_latest_only.py
[2023-02-13T19:00:20.518+0000] {processor.py:753} INFO - DAG(s) dict_keys(['latest_only']) retrieved from /home/airflow/.local/lib/python3.7/site-packages/airflow/example_dags/example_latest_only.py
[2023-02-13T19:00:20.560+0000] {logging_mixin.py:137} INFO - [2023-02-13T19:00:20.560+0000] {dag.py:2676} INFO - Sync 1 DAGs
[2023-02-13T19:00:20.590+0000] {logging_mixin.py:137} INFO - [2023-02-13T19:00:20.590+0000] {dag.py:3427} INFO - Setting next_dagrun for latest_only to 2023-02-13T15:00:20.588592+00:00, run_after=2023-02-13T19:00:20.588592+00:00
[2023-02-13T19:00:20.612+0000] {processor.py:175} INFO - Processing /home/airflow/.local/lib/python3.7/site-packages/airflow/example_dags/example_latest_only.py took 0.122 seconds
[2023-02-13T19:00:51.347+0000] {processor.py:153} INFO - Started process (PID=686) to work on /home/airflow/.local/lib/python3.7/site-packages/airflow/example_dags/example_latest_only.py
[2023-02-13T19:00:51.349+0000] {processor.py:743} INFO - Processing file /home/airflow/.local/lib/python3.7/site-packages/airflow/example_dags/example_latest_only.py for tasks to queue
[2023-02-13T19:00:51.350+0000] {logging_mixin.py:137} INFO - [2023-02-13T19:00:51.350+0000] {dagbag.py:538} INFO - Filling up the DagBag from /home/airflow/.local/lib/python3.7/site-packages/airflow/example_dags/example_latest_only.py
[2023-02-13T19:00:51.368+0000] {processor.py:753} INFO - DAG(s) dict_keys(['latest_only']) retrieved from /home/airflow/.local/lib/python3.7/site-packages/airflow/example_dags/example_latest_only.py
[2023-02-13T19:00:51.410+0000] {logging_mixin.py:137} INFO - [2023-02-13T19:00:51.409+0000] {dag.py:2676} INFO - Sync 1 DAGs
[2023-02-13T19:00:51.441+0000] {logging_mixin.py:137} INFO - [2023-02-13T19:00:51.441+0000] {dag.py:3427} INFO - Setting next_dagrun for latest_only to 2023-02-13T15:00:51.440713+00:00, run_after=2023-02-13T19:00:51.440713+00:00
[2023-02-13T19:00:51.462+0000] {processor.py:175} INFO - Processing /home/airflow/.local/lib/python3.7/site-packages/airflow/example_dags/example_latest_only.py took 0.119 seconds
[2023-02-13T19:01:21.825+0000] {processor.py:153} INFO - Started process (PID=772) to work on /home/airflow/.local/lib/python3.7/site-packages/airflow/example_dags/example_latest_only.py
[2023-02-13T19:01:21.827+0000] {processor.py:743} INFO - Processing file /home/airflow/.local/lib/python3.7/site-packages/airflow/example_dags/example_latest_only.py for tasks to queue
[2023-02-13T19:01:21.829+0000] {logging_mixin.py:137} INFO - [2023-02-13T19:01:21.829+0000] {dagbag.py:538} INFO - Filling up the DagBag from /home/airflow/.local/lib/python3.7/site-packages/airflow/example_dags/example_latest_only.py
[2023-02-13T19:01:21.847+0000] {processor.py:753} INFO - DAG(s) dict_keys(['latest_only']) retrieved from /home/airflow/.local/lib/python3.7/site-packages/airflow/example_dags/example_latest_only.py
[2023-02-13T19:01:21.889+0000] {logging_mixin.py:137} INFO - [2023-02-13T19:01:21.889+0000] {dag.py:2676} INFO - Sync 1 DAGs
[2023-02-13T19:01:21.924+0000] {logging_mixin.py:137} INFO - [2023-02-13T19:01:21.924+0000] {dag.py:3427} INFO - Setting next_dagrun for latest_only to 2023-02-13T15:01:21.923790+00:00, run_after=2023-02-13T19:01:21.923790+00:00
[2023-02-13T19:01:21.945+0000] {processor.py:175} INFO - Processing /home/airflow/.local/lib/python3.7/site-packages/airflow/example_dags/example_latest_only.py took 0.124 seconds
[2023-02-13T19:01:52.143+0000] {processor.py:153} INFO - Started process (PID=843) to work on /home/airflow/.local/lib/python3.7/site-packages/airflow/example_dags/example_latest_only.py
[2023-02-13T19:01:52.146+0000] {processor.py:743} INFO - Processing file /home/airflow/.local/lib/python3.7/site-packages/airflow/example_dags/example_latest_only.py for tasks to queue
[2023-02-13T19:01:52.148+0000] {logging_mixin.py:137} INFO - [2023-02-13T19:01:52.147+0000] {dagbag.py:538} INFO - Filling up the DagBag from /home/airflow/.local/lib/python3.7/site-packages/airflow/example_dags/example_latest_only.py
[2023-02-13T19:01:52.170+0000] {processor.py:753} INFO - DAG(s) dict_keys(['latest_only']) retrieved from /home/airflow/.local/lib/python3.7/site-packages/airflow/example_dags/example_latest_only.py
[2023-02-13T19:01:52.222+0000] {logging_mixin.py:137} INFO - [2023-02-13T19:01:52.222+0000] {dag.py:2676} INFO - Sync 1 DAGs
[2023-02-13T19:01:52.252+0000] {logging_mixin.py:137} INFO - [2023-02-13T19:01:52.252+0000] {dag.py:3427} INFO - Setting next_dagrun for latest_only to 2023-02-13T15:01:52.252067+00:00, run_after=2023-02-13T19:01:52.252067+00:00
[2023-02-13T19:01:52.274+0000] {processor.py:175} INFO - Processing /home/airflow/.local/lib/python3.7/site-packages/airflow/example_dags/example_latest_only.py took 0.137 seconds
[2023-02-13T19:02:22.597+0000] {processor.py:153} INFO - Started process (PID=930) to work on /home/airflow/.local/lib/python3.7/site-packages/airflow/example_dags/example_latest_only.py
[2023-02-13T19:02:22.600+0000] {processor.py:743} INFO - Processing file /home/airflow/.local/lib/python3.7/site-packages/airflow/example_dags/example_latest_only.py for tasks to queue
[2023-02-13T19:02:22.602+0000] {logging_mixin.py:137} INFO - [2023-02-13T19:02:22.601+0000] {dagbag.py:538} INFO - Filling up the DagBag from /home/airflow/.local/lib/python3.7/site-packages/airflow/example_dags/example_latest_only.py
[2023-02-13T19:02:22.620+0000] {processor.py:753} INFO - DAG(s) dict_keys(['latest_only']) retrieved from /home/airflow/.local/lib/python3.7/site-packages/airflow/example_dags/example_latest_only.py
[2023-02-13T19:02:22.662+0000] {logging_mixin.py:137} INFO - [2023-02-13T19:02:22.662+0000] {dag.py:2676} INFO - Sync 1 DAGs
[2023-02-13T19:02:22.692+0000] {logging_mixin.py:137} INFO - [2023-02-13T19:02:22.691+0000] {dag.py:3427} INFO - Setting next_dagrun for latest_only to 2023-02-13T15:02:22.691645+00:00, run_after=2023-02-13T19:02:22.691645+00:00
[2023-02-13T19:02:22.717+0000] {processor.py:175} INFO - Processing /home/airflow/.local/lib/python3.7/site-packages/airflow/example_dags/example_latest_only.py took 0.124 seconds
[2023-02-13T19:02:53.243+0000] {processor.py:153} INFO - Started process (PID=1001) to work on /home/airflow/.local/lib/python3.7/site-packages/airflow/example_dags/example_latest_only.py
[2023-02-13T19:02:53.246+0000] {processor.py:743} INFO - Processing file /home/airflow/.local/lib/python3.7/site-packages/airflow/example_dags/example_latest_only.py for tasks to queue
[2023-02-13T19:02:53.248+0000] {logging_mixin.py:137} INFO - [2023-02-13T19:02:53.248+0000] {dagbag.py:538} INFO - Filling up the DagBag from /home/airflow/.local/lib/python3.7/site-packages/airflow/example_dags/example_latest_only.py
[2023-02-13T19:02:53.265+0000] {processor.py:753} INFO - DAG(s) dict_keys(['latest_only']) retrieved from /home/airflow/.local/lib/python3.7/site-packages/airflow/example_dags/example_latest_only.py
[2023-02-13T19:02:53.307+0000] {logging_mixin.py:137} INFO - [2023-02-13T19:02:53.306+0000] {dag.py:2676} INFO - Sync 1 DAGs
[2023-02-13T19:02:53.337+0000] {logging_mixin.py:137} INFO - [2023-02-13T19:02:53.337+0000] {dag.py:3427} INFO - Setting next_dagrun for latest_only to 2023-02-13T15:02:53.336972+00:00, run_after=2023-02-13T19:02:53.336972+00:00
[2023-02-13T19:02:53.359+0000] {processor.py:175} INFO - Processing /home/airflow/.local/lib/python3.7/site-packages/airflow/example_dags/example_latest_only.py took 0.120 seconds
[2023-02-13T19:03:35.976+0000] {processor.py:153} INFO - Started process (PID=1071) to work on /home/airflow/.local/lib/python3.7/site-packages/airflow/example_dags/example_latest_only.py
[2023-02-13T19:03:35.979+0000] {processor.py:743} INFO - Processing file /home/airflow/.local/lib/python3.7/site-packages/airflow/example_dags/example_latest_only.py for tasks to queue
[2023-02-13T19:03:35.981+0000] {logging_mixin.py:137} INFO - [2023-02-13T19:03:35.980+0000] {dagbag.py:538} INFO - Filling up the DagBag from /home/airflow/.local/lib/python3.7/site-packages/airflow/example_dags/example_latest_only.py
[2023-02-13T19:03:36.004+0000] {processor.py:753} INFO - DAG(s) dict_keys(['latest_only']) retrieved from /home/airflow/.local/lib/python3.7/site-packages/airflow/example_dags/example_latest_only.py
[2023-02-13T19:03:36.063+0000] {logging_mixin.py:137} INFO - [2023-02-13T19:03:36.063+0000] {dag.py:2676} INFO - Sync 1 DAGs
[2023-02-13T19:03:36.101+0000] {logging_mixin.py:137} INFO - [2023-02-13T19:03:36.101+0000] {dag.py:3427} INFO - Setting next_dagrun for latest_only to 2023-02-13T15:03:36.101090+00:00, run_after=2023-02-13T19:03:36.101090+00:00
[2023-02-13T19:03:36.129+0000] {processor.py:175} INFO - Processing /home/airflow/.local/lib/python3.7/site-packages/airflow/example_dags/example_latest_only.py took 0.157 seconds
[2023-02-13T19:04:06.444+0000] {processor.py:153} INFO - Started process (PID=1142) to work on /home/airflow/.local/lib/python3.7/site-packages/airflow/example_dags/example_latest_only.py
[2023-02-13T19:04:06.447+0000] {processor.py:743} INFO - Processing file /home/airflow/.local/lib/python3.7/site-packages/airflow/example_dags/example_latest_only.py for tasks to queue
[2023-02-13T19:04:06.449+0000] {logging_mixin.py:137} INFO - [2023-02-13T19:04:06.449+0000] {dagbag.py:538} INFO - Filling up the DagBag from /home/airflow/.local/lib/python3.7/site-packages/airflow/example_dags/example_latest_only.py
[2023-02-13T19:04:06.471+0000] {processor.py:753} INFO - DAG(s) dict_keys(['latest_only']) retrieved from /home/airflow/.local/lib/python3.7/site-packages/airflow/example_dags/example_latest_only.py
[2023-02-13T19:04:06.528+0000] {logging_mixin.py:137} INFO - [2023-02-13T19:04:06.528+0000] {dag.py:2676} INFO - Sync 1 DAGs
[2023-02-13T19:04:06.562+0000] {logging_mixin.py:137} INFO - [2023-02-13T19:04:06.562+0000] {dag.py:3427} INFO - Setting next_dagrun for latest_only to 2023-02-13T15:04:06.562233+00:00, run_after=2023-02-13T19:04:06.562233+00:00
[2023-02-13T19:04:06.611+0000] {processor.py:175} INFO - Processing /home/airflow/.local/lib/python3.7/site-packages/airflow/example_dags/example_latest_only.py took 0.172 seconds
[2023-02-13T19:04:37.174+0000] {processor.py:153} INFO - Started process (PID=1220) to work on /home/airflow/.local/lib/python3.7/site-packages/airflow/example_dags/example_latest_only.py
[2023-02-13T19:04:37.186+0000] {processor.py:743} INFO - Processing file /home/airflow/.local/lib/python3.7/site-packages/airflow/example_dags/example_latest_only.py for tasks to queue
[2023-02-13T19:04:37.189+0000] {logging_mixin.py:137} INFO - [2023-02-13T19:04:37.188+0000] {dagbag.py:538} INFO - Filling up the DagBag from /home/airflow/.local/lib/python3.7/site-packages/airflow/example_dags/example_latest_only.py
[2023-02-13T19:04:37.212+0000] {processor.py:753} INFO - DAG(s) dict_keys(['latest_only']) retrieved from /home/airflow/.local/lib/python3.7/site-packages/airflow/example_dags/example_latest_only.py
[2023-02-13T19:04:37.262+0000] {logging_mixin.py:137} INFO - [2023-02-13T19:04:37.262+0000] {dag.py:2676} INFO - Sync 1 DAGs
[2023-02-13T19:04:37.293+0000] {logging_mixin.py:137} INFO - [2023-02-13T19:04:37.293+0000] {dag.py:3427} INFO - Setting next_dagrun for latest_only to 2023-02-13T15:04:37.292992+00:00, run_after=2023-02-13T19:04:37.292992+00:00
[2023-02-13T19:04:37.317+0000] {processor.py:175} INFO - Processing /home/airflow/.local/lib/python3.7/site-packages/airflow/example_dags/example_latest_only.py took 0.149 seconds
[2023-02-13T19:09:14.061+0000] {processor.py:153} INFO - Started process (PID=71) to work on /home/airflow/.local/lib/python3.7/site-packages/airflow/example_dags/example_latest_only.py
[2023-02-13T19:09:14.065+0000] {processor.py:743} INFO - Processing file /home/airflow/.local/lib/python3.7/site-packages/airflow/example_dags/example_latest_only.py for tasks to queue
[2023-02-13T19:09:14.071+0000] {logging_mixin.py:137} INFO - [2023-02-13T19:09:14.070+0000] {dagbag.py:538} INFO - Filling up the DagBag from /home/airflow/.local/lib/python3.7/site-packages/airflow/example_dags/example_latest_only.py
[2023-02-13T19:09:14.106+0000] {processor.py:753} INFO - DAG(s) dict_keys(['latest_only']) retrieved from /home/airflow/.local/lib/python3.7/site-packages/airflow/example_dags/example_latest_only.py
[2023-02-13T19:09:14.166+0000] {logging_mixin.py:137} INFO - [2023-02-13T19:09:14.166+0000] {dag.py:2676} INFO - Sync 1 DAGs
[2023-02-13T19:09:14.222+0000] {logging_mixin.py:137} INFO - [2023-02-13T19:09:14.222+0000] {dag.py:3427} INFO - Setting next_dagrun for latest_only to 2023-02-13T15:09:14.221796+00:00, run_after=2023-02-13T19:09:14.221796+00:00
[2023-02-13T19:09:14.259+0000] {processor.py:175} INFO - Processing /home/airflow/.local/lib/python3.7/site-packages/airflow/example_dags/example_latest_only.py took 0.205 seconds
[2023-02-13T19:09:44.430+0000] {processor.py:153} INFO - Started process (PID=143) to work on /home/airflow/.local/lib/python3.7/site-packages/airflow/example_dags/example_latest_only.py
[2023-02-13T19:09:44.433+0000] {processor.py:743} INFO - Processing file /home/airflow/.local/lib/python3.7/site-packages/airflow/example_dags/example_latest_only.py for tasks to queue
[2023-02-13T19:09:44.435+0000] {logging_mixin.py:137} INFO - [2023-02-13T19:09:44.435+0000] {dagbag.py:538} INFO - Filling up the DagBag from /home/airflow/.local/lib/python3.7/site-packages/airflow/example_dags/example_latest_only.py
[2023-02-13T19:09:44.467+0000] {processor.py:753} INFO - DAG(s) dict_keys(['latest_only']) retrieved from /home/airflow/.local/lib/python3.7/site-packages/airflow/example_dags/example_latest_only.py
[2023-02-13T19:09:44.544+0000] {logging_mixin.py:137} INFO - [2023-02-13T19:09:44.544+0000] {dag.py:2676} INFO - Sync 1 DAGs
[2023-02-13T19:09:44.599+0000] {logging_mixin.py:137} INFO - [2023-02-13T19:09:44.598+0000] {dag.py:3427} INFO - Setting next_dagrun for latest_only to 2023-02-13T15:09:44.598299+00:00, run_after=2023-02-13T19:09:44.598299+00:00
[2023-02-13T19:09:44.644+0000] {processor.py:175} INFO - Processing /home/airflow/.local/lib/python3.7/site-packages/airflow/example_dags/example_latest_only.py took 0.220 seconds
[2023-02-13T19:10:15.130+0000] {processor.py:153} INFO - Started process (PID=230) to work on /home/airflow/.local/lib/python3.7/site-packages/airflow/example_dags/example_latest_only.py
[2023-02-13T19:10:15.133+0000] {processor.py:743} INFO - Processing file /home/airflow/.local/lib/python3.7/site-packages/airflow/example_dags/example_latest_only.py for tasks to queue
[2023-02-13T19:10:15.135+0000] {logging_mixin.py:137} INFO - [2023-02-13T19:10:15.135+0000] {dagbag.py:538} INFO - Filling up the DagBag from /home/airflow/.local/lib/python3.7/site-packages/airflow/example_dags/example_latest_only.py
[2023-02-13T19:10:15.172+0000] {processor.py:753} INFO - DAG(s) dict_keys(['latest_only']) retrieved from /home/airflow/.local/lib/python3.7/site-packages/airflow/example_dags/example_latest_only.py
[2023-02-13T19:10:15.246+0000] {logging_mixin.py:137} INFO - [2023-02-13T19:10:15.245+0000] {dag.py:2676} INFO - Sync 1 DAGs
[2023-02-13T19:10:15.294+0000] {logging_mixin.py:137} INFO - [2023-02-13T19:10:15.294+0000] {dag.py:3427} INFO - Setting next_dagrun for latest_only to 2023-02-13T15:10:15.294029+00:00, run_after=2023-02-13T19:10:15.294029+00:00
[2023-02-13T19:10:15.328+0000] {processor.py:175} INFO - Processing /home/airflow/.local/lib/python3.7/site-packages/airflow/example_dags/example_latest_only.py took 0.205 seconds
