[2023-02-13T18:56:45.892+0000] {processor.py:153} INFO - Started process (PID=80) to work on /home/airflow/.local/lib/python3.7/site-packages/airflow/example_dags/example_nested_branch_dag.py
[2023-02-13T18:56:45.895+0000] {processor.py:743} INFO - Processing file /home/airflow/.local/lib/python3.7/site-packages/airflow/example_dags/example_nested_branch_dag.py for tasks to queue
[2023-02-13T18:56:45.897+0000] {logging_mixin.py:137} INFO - [2023-02-13T18:56:45.897+0000] {dagbag.py:538} INFO - Filling up the DagBag from /home/airflow/.local/lib/python3.7/site-packages/airflow/example_dags/example_nested_branch_dag.py
[2023-02-13T18:56:45.939+0000] {processor.py:753} INFO - DAG(s) dict_keys(['example_nested_branch_dag']) retrieved from /home/airflow/.local/lib/python3.7/site-packages/airflow/example_dags/example_nested_branch_dag.py
[2023-02-13T18:56:45.993+0000] {logging_mixin.py:137} INFO - [2023-02-13T18:56:45.993+0000] {dag.py:2676} INFO - Sync 1 DAGs
[2023-02-13T18:56:46.029+0000] {logging_mixin.py:137} INFO - [2023-02-13T18:56:46.028+0000] {dag.py:3427} INFO - Setting next_dagrun for example_nested_branch_dag to 2023-02-12T00:00:00+00:00, run_after=2023-02-13T00:00:00+00:00
[2023-02-13T18:56:46.053+0000] {processor.py:175} INFO - Processing /home/airflow/.local/lib/python3.7/site-packages/airflow/example_dags/example_nested_branch_dag.py took 0.165 seconds
[2023-02-13T18:57:16.452+0000] {processor.py:153} INFO - Started process (PID=151) to work on /home/airflow/.local/lib/python3.7/site-packages/airflow/example_dags/example_nested_branch_dag.py
[2023-02-13T18:57:16.455+0000] {processor.py:743} INFO - Processing file /home/airflow/.local/lib/python3.7/site-packages/airflow/example_dags/example_nested_branch_dag.py for tasks to queue
[2023-02-13T18:57:16.457+0000] {logging_mixin.py:137} INFO - [2023-02-13T18:57:16.457+0000] {dagbag.py:538} INFO - Filling up the DagBag from /home/airflow/.local/lib/python3.7/site-packages/airflow/example_dags/example_nested_branch_dag.py
[2023-02-13T18:57:16.495+0000] {processor.py:753} INFO - DAG(s) dict_keys(['example_nested_branch_dag']) retrieved from /home/airflow/.local/lib/python3.7/site-packages/airflow/example_dags/example_nested_branch_dag.py
[2023-02-13T18:57:16.551+0000] {logging_mixin.py:137} INFO - [2023-02-13T18:57:16.551+0000] {dag.py:2676} INFO - Sync 1 DAGs
[2023-02-13T18:57:16.590+0000] {logging_mixin.py:137} INFO - [2023-02-13T18:57:16.590+0000] {dag.py:3427} INFO - Setting next_dagrun for example_nested_branch_dag to 2023-02-12T00:00:00+00:00, run_after=2023-02-13T00:00:00+00:00
[2023-02-13T18:57:16.617+0000] {processor.py:175} INFO - Processing /home/airflow/.local/lib/python3.7/site-packages/airflow/example_dags/example_nested_branch_dag.py took 0.170 seconds
[2023-02-13T18:57:47.802+0000] {processor.py:153} INFO - Started process (PID=238) to work on /home/airflow/.local/lib/python3.7/site-packages/airflow/example_dags/example_nested_branch_dag.py
[2023-02-13T18:57:47.804+0000] {processor.py:743} INFO - Processing file /home/airflow/.local/lib/python3.7/site-packages/airflow/example_dags/example_nested_branch_dag.py for tasks to queue
[2023-02-13T18:57:47.807+0000] {logging_mixin.py:137} INFO - [2023-02-13T18:57:47.807+0000] {dagbag.py:538} INFO - Filling up the DagBag from /home/airflow/.local/lib/python3.7/site-packages/airflow/example_dags/example_nested_branch_dag.py
[2023-02-13T18:57:47.847+0000] {processor.py:753} INFO - DAG(s) dict_keys(['example_nested_branch_dag']) retrieved from /home/airflow/.local/lib/python3.7/site-packages/airflow/example_dags/example_nested_branch_dag.py
[2023-02-13T18:57:47.904+0000] {logging_mixin.py:137} INFO - [2023-02-13T18:57:47.903+0000] {dag.py:2676} INFO - Sync 1 DAGs
[2023-02-13T18:57:47.945+0000] {logging_mixin.py:137} INFO - [2023-02-13T18:57:47.944+0000] {dag.py:3427} INFO - Setting next_dagrun for example_nested_branch_dag to 2023-02-12T00:00:00+00:00, run_after=2023-02-13T00:00:00+00:00
[2023-02-13T18:57:47.973+0000] {processor.py:175} INFO - Processing /home/airflow/.local/lib/python3.7/site-packages/airflow/example_dags/example_nested_branch_dag.py took 0.177 seconds
[2023-02-13T18:58:18.668+0000] {processor.py:153} INFO - Started process (PID=309) to work on /home/airflow/.local/lib/python3.7/site-packages/airflow/example_dags/example_nested_branch_dag.py
[2023-02-13T18:58:18.670+0000] {processor.py:743} INFO - Processing file /home/airflow/.local/lib/python3.7/site-packages/airflow/example_dags/example_nested_branch_dag.py for tasks to queue
[2023-02-13T18:58:18.671+0000] {logging_mixin.py:137} INFO - [2023-02-13T18:58:18.671+0000] {dagbag.py:538} INFO - Filling up the DagBag from /home/airflow/.local/lib/python3.7/site-packages/airflow/example_dags/example_nested_branch_dag.py
[2023-02-13T18:58:18.701+0000] {processor.py:753} INFO - DAG(s) dict_keys(['example_nested_branch_dag']) retrieved from /home/airflow/.local/lib/python3.7/site-packages/airflow/example_dags/example_nested_branch_dag.py
[2023-02-13T18:58:18.757+0000] {logging_mixin.py:137} INFO - [2023-02-13T18:58:18.756+0000] {dag.py:2676} INFO - Sync 1 DAGs
[2023-02-13T18:58:18.807+0000] {logging_mixin.py:137} INFO - [2023-02-13T18:58:18.806+0000] {dag.py:3427} INFO - Setting next_dagrun for example_nested_branch_dag to 2023-02-12T00:00:00+00:00, run_after=2023-02-13T00:00:00+00:00
[2023-02-13T18:58:18.843+0000] {processor.py:175} INFO - Processing /home/airflow/.local/lib/python3.7/site-packages/airflow/example_dags/example_nested_branch_dag.py took 0.179 seconds
[2023-02-13T18:58:49.359+0000] {processor.py:153} INFO - Started process (PID=396) to work on /home/airflow/.local/lib/python3.7/site-packages/airflow/example_dags/example_nested_branch_dag.py
[2023-02-13T18:58:49.361+0000] {processor.py:743} INFO - Processing file /home/airflow/.local/lib/python3.7/site-packages/airflow/example_dags/example_nested_branch_dag.py for tasks to queue
[2023-02-13T18:58:49.363+0000] {logging_mixin.py:137} INFO - [2023-02-13T18:58:49.363+0000] {dagbag.py:538} INFO - Filling up the DagBag from /home/airflow/.local/lib/python3.7/site-packages/airflow/example_dags/example_nested_branch_dag.py
[2023-02-13T18:58:49.397+0000] {processor.py:753} INFO - DAG(s) dict_keys(['example_nested_branch_dag']) retrieved from /home/airflow/.local/lib/python3.7/site-packages/airflow/example_dags/example_nested_branch_dag.py
[2023-02-13T18:58:49.452+0000] {logging_mixin.py:137} INFO - [2023-02-13T18:58:49.452+0000] {dag.py:2676} INFO - Sync 1 DAGs
[2023-02-13T18:58:49.491+0000] {logging_mixin.py:137} INFO - [2023-02-13T18:58:49.491+0000] {dag.py:3427} INFO - Setting next_dagrun for example_nested_branch_dag to 2023-02-12T00:00:00+00:00, run_after=2023-02-13T00:00:00+00:00
[2023-02-13T18:58:49.520+0000] {processor.py:175} INFO - Processing /home/airflow/.local/lib/python3.7/site-packages/airflow/example_dags/example_nested_branch_dag.py took 0.165 seconds
[2023-02-13T18:59:19.816+0000] {processor.py:153} INFO - Started process (PID=467) to work on /home/airflow/.local/lib/python3.7/site-packages/airflow/example_dags/example_nested_branch_dag.py
[2023-02-13T18:59:19.819+0000] {processor.py:743} INFO - Processing file /home/airflow/.local/lib/python3.7/site-packages/airflow/example_dags/example_nested_branch_dag.py for tasks to queue
[2023-02-13T18:59:19.821+0000] {logging_mixin.py:137} INFO - [2023-02-13T18:59:19.821+0000] {dagbag.py:538} INFO - Filling up the DagBag from /home/airflow/.local/lib/python3.7/site-packages/airflow/example_dags/example_nested_branch_dag.py
[2023-02-13T18:59:19.858+0000] {processor.py:753} INFO - DAG(s) dict_keys(['example_nested_branch_dag']) retrieved from /home/airflow/.local/lib/python3.7/site-packages/airflow/example_dags/example_nested_branch_dag.py
[2023-02-13T18:59:19.914+0000] {logging_mixin.py:137} INFO - [2023-02-13T18:59:19.914+0000] {dag.py:2676} INFO - Sync 1 DAGs
[2023-02-13T18:59:19.954+0000] {logging_mixin.py:137} INFO - [2023-02-13T18:59:19.953+0000] {dag.py:3427} INFO - Setting next_dagrun for example_nested_branch_dag to 2023-02-12T00:00:00+00:00, run_after=2023-02-13T00:00:00+00:00
[2023-02-13T18:59:19.982+0000] {processor.py:175} INFO - Processing /home/airflow/.local/lib/python3.7/site-packages/airflow/example_dags/example_nested_branch_dag.py took 0.170 seconds
[2023-02-13T18:59:50.523+0000] {processor.py:153} INFO - Started process (PID=545) to work on /home/airflow/.local/lib/python3.7/site-packages/airflow/example_dags/example_nested_branch_dag.py
[2023-02-13T18:59:50.525+0000] {processor.py:743} INFO - Processing file /home/airflow/.local/lib/python3.7/site-packages/airflow/example_dags/example_nested_branch_dag.py for tasks to queue
[2023-02-13T18:59:50.527+0000] {logging_mixin.py:137} INFO - [2023-02-13T18:59:50.527+0000] {dagbag.py:538} INFO - Filling up the DagBag from /home/airflow/.local/lib/python3.7/site-packages/airflow/example_dags/example_nested_branch_dag.py
[2023-02-13T18:59:50.557+0000] {processor.py:753} INFO - DAG(s) dict_keys(['example_nested_branch_dag']) retrieved from /home/airflow/.local/lib/python3.7/site-packages/airflow/example_dags/example_nested_branch_dag.py
[2023-02-13T18:59:50.602+0000] {logging_mixin.py:137} INFO - [2023-02-13T18:59:50.602+0000] {dag.py:2676} INFO - Sync 1 DAGs
[2023-02-13T18:59:50.633+0000] {logging_mixin.py:137} INFO - [2023-02-13T18:59:50.632+0000] {dag.py:3427} INFO - Setting next_dagrun for example_nested_branch_dag to 2023-02-12T00:00:00+00:00, run_after=2023-02-13T00:00:00+00:00
[2023-02-13T18:59:50.656+0000] {processor.py:175} INFO - Processing /home/airflow/.local/lib/python3.7/site-packages/airflow/example_dags/example_nested_branch_dag.py took 0.137 seconds
[2023-02-13T19:00:21.563+0000] {processor.py:153} INFO - Started process (PID=625) to work on /home/airflow/.local/lib/python3.7/site-packages/airflow/example_dags/example_nested_branch_dag.py
[2023-02-13T19:00:21.565+0000] {processor.py:743} INFO - Processing file /home/airflow/.local/lib/python3.7/site-packages/airflow/example_dags/example_nested_branch_dag.py for tasks to queue
[2023-02-13T19:00:21.566+0000] {logging_mixin.py:137} INFO - [2023-02-13T19:00:21.566+0000] {dagbag.py:538} INFO - Filling up the DagBag from /home/airflow/.local/lib/python3.7/site-packages/airflow/example_dags/example_nested_branch_dag.py
[2023-02-13T19:00:21.595+0000] {processor.py:753} INFO - DAG(s) dict_keys(['example_nested_branch_dag']) retrieved from /home/airflow/.local/lib/python3.7/site-packages/airflow/example_dags/example_nested_branch_dag.py
[2023-02-13T19:00:21.636+0000] {logging_mixin.py:137} INFO - [2023-02-13T19:00:21.636+0000] {dag.py:2676} INFO - Sync 1 DAGs
[2023-02-13T19:00:21.668+0000] {logging_mixin.py:137} INFO - [2023-02-13T19:00:21.668+0000] {dag.py:3427} INFO - Setting next_dagrun for example_nested_branch_dag to 2023-02-12T00:00:00+00:00, run_after=2023-02-13T00:00:00+00:00
[2023-02-13T19:00:21.691+0000] {processor.py:175} INFO - Processing /home/airflow/.local/lib/python3.7/site-packages/airflow/example_dags/example_nested_branch_dag.py took 0.132 seconds
[2023-02-13T19:00:52.295+0000] {processor.py:153} INFO - Started process (PID=703) to work on /home/airflow/.local/lib/python3.7/site-packages/airflow/example_dags/example_nested_branch_dag.py
[2023-02-13T19:00:52.296+0000] {processor.py:743} INFO - Processing file /home/airflow/.local/lib/python3.7/site-packages/airflow/example_dags/example_nested_branch_dag.py for tasks to queue
[2023-02-13T19:00:52.298+0000] {logging_mixin.py:137} INFO - [2023-02-13T19:00:52.298+0000] {dagbag.py:538} INFO - Filling up the DagBag from /home/airflow/.local/lib/python3.7/site-packages/airflow/example_dags/example_nested_branch_dag.py
[2023-02-13T19:00:52.327+0000] {processor.py:753} INFO - DAG(s) dict_keys(['example_nested_branch_dag']) retrieved from /home/airflow/.local/lib/python3.7/site-packages/airflow/example_dags/example_nested_branch_dag.py
[2023-02-13T19:00:52.378+0000] {logging_mixin.py:137} INFO - [2023-02-13T19:00:52.378+0000] {dag.py:2676} INFO - Sync 1 DAGs
[2023-02-13T19:00:52.416+0000] {logging_mixin.py:137} INFO - [2023-02-13T19:00:52.416+0000] {dag.py:3427} INFO - Setting next_dagrun for example_nested_branch_dag to 2023-02-12T00:00:00+00:00, run_after=2023-02-13T00:00:00+00:00
[2023-02-13T19:00:52.440+0000] {processor.py:175} INFO - Processing /home/airflow/.local/lib/python3.7/site-packages/airflow/example_dags/example_nested_branch_dag.py took 0.150 seconds
[2023-02-13T19:01:22.698+0000] {processor.py:153} INFO - Started process (PID=782) to work on /home/airflow/.local/lib/python3.7/site-packages/airflow/example_dags/example_nested_branch_dag.py
[2023-02-13T19:01:22.701+0000] {processor.py:743} INFO - Processing file /home/airflow/.local/lib/python3.7/site-packages/airflow/example_dags/example_nested_branch_dag.py for tasks to queue
[2023-02-13T19:01:22.702+0000] {logging_mixin.py:137} INFO - [2023-02-13T19:01:22.702+0000] {dagbag.py:538} INFO - Filling up the DagBag from /home/airflow/.local/lib/python3.7/site-packages/airflow/example_dags/example_nested_branch_dag.py
[2023-02-13T19:01:22.731+0000] {processor.py:753} INFO - DAG(s) dict_keys(['example_nested_branch_dag']) retrieved from /home/airflow/.local/lib/python3.7/site-packages/airflow/example_dags/example_nested_branch_dag.py
[2023-02-13T19:01:22.775+0000] {logging_mixin.py:137} INFO - [2023-02-13T19:01:22.775+0000] {dag.py:2676} INFO - Sync 1 DAGs
[2023-02-13T19:01:22.805+0000] {logging_mixin.py:137} INFO - [2023-02-13T19:01:22.805+0000] {dag.py:3427} INFO - Setting next_dagrun for example_nested_branch_dag to 2023-02-12T00:00:00+00:00, run_after=2023-02-13T00:00:00+00:00
[2023-02-13T19:01:22.826+0000] {processor.py:175} INFO - Processing /home/airflow/.local/lib/python3.7/site-packages/airflow/example_dags/example_nested_branch_dag.py took 0.132 seconds
[2023-02-13T19:01:52.982+0000] {processor.py:153} INFO - Started process (PID=853) to work on /home/airflow/.local/lib/python3.7/site-packages/airflow/example_dags/example_nested_branch_dag.py
[2023-02-13T19:01:52.984+0000] {processor.py:743} INFO - Processing file /home/airflow/.local/lib/python3.7/site-packages/airflow/example_dags/example_nested_branch_dag.py for tasks to queue
[2023-02-13T19:01:52.986+0000] {logging_mixin.py:137} INFO - [2023-02-13T19:01:52.986+0000] {dagbag.py:538} INFO - Filling up the DagBag from /home/airflow/.local/lib/python3.7/site-packages/airflow/example_dags/example_nested_branch_dag.py
[2023-02-13T19:01:53.015+0000] {processor.py:753} INFO - DAG(s) dict_keys(['example_nested_branch_dag']) retrieved from /home/airflow/.local/lib/python3.7/site-packages/airflow/example_dags/example_nested_branch_dag.py
[2023-02-13T19:01:53.059+0000] {logging_mixin.py:137} INFO - [2023-02-13T19:01:53.058+0000] {dag.py:2676} INFO - Sync 1 DAGs
[2023-02-13T19:01:53.125+0000] {logging_mixin.py:137} INFO - [2023-02-13T19:01:53.125+0000] {dag.py:3427} INFO - Setting next_dagrun for example_nested_branch_dag to 2023-02-12T00:00:00+00:00, run_after=2023-02-13T00:00:00+00:00
[2023-02-13T19:01:53.171+0000] {processor.py:175} INFO - Processing /home/airflow/.local/lib/python3.7/site-packages/airflow/example_dags/example_nested_branch_dag.py took 0.193 seconds
[2023-02-13T19:02:23.658+0000] {processor.py:153} INFO - Started process (PID=940) to work on /home/airflow/.local/lib/python3.7/site-packages/airflow/example_dags/example_nested_branch_dag.py
[2023-02-13T19:02:23.660+0000] {processor.py:743} INFO - Processing file /home/airflow/.local/lib/python3.7/site-packages/airflow/example_dags/example_nested_branch_dag.py for tasks to queue
[2023-02-13T19:02:23.662+0000] {logging_mixin.py:137} INFO - [2023-02-13T19:02:23.662+0000] {dagbag.py:538} INFO - Filling up the DagBag from /home/airflow/.local/lib/python3.7/site-packages/airflow/example_dags/example_nested_branch_dag.py
[2023-02-13T19:02:23.691+0000] {processor.py:753} INFO - DAG(s) dict_keys(['example_nested_branch_dag']) retrieved from /home/airflow/.local/lib/python3.7/site-packages/airflow/example_dags/example_nested_branch_dag.py
[2023-02-13T19:02:23.734+0000] {logging_mixin.py:137} INFO - [2023-02-13T19:02:23.734+0000] {dag.py:2676} INFO - Sync 1 DAGs
[2023-02-13T19:02:23.767+0000] {logging_mixin.py:137} INFO - [2023-02-13T19:02:23.767+0000] {dag.py:3427} INFO - Setting next_dagrun for example_nested_branch_dag to 2023-02-12T00:00:00+00:00, run_after=2023-02-13T00:00:00+00:00
[2023-02-13T19:02:23.801+0000] {processor.py:175} INFO - Processing /home/airflow/.local/lib/python3.7/site-packages/airflow/example_dags/example_nested_branch_dag.py took 0.148 seconds
[2023-02-13T19:02:54.093+0000] {processor.py:153} INFO - Started process (PID=1011) to work on /home/airflow/.local/lib/python3.7/site-packages/airflow/example_dags/example_nested_branch_dag.py
[2023-02-13T19:02:54.095+0000] {processor.py:743} INFO - Processing file /home/airflow/.local/lib/python3.7/site-packages/airflow/example_dags/example_nested_branch_dag.py for tasks to queue
[2023-02-13T19:02:54.096+0000] {logging_mixin.py:137} INFO - [2023-02-13T19:02:54.096+0000] {dagbag.py:538} INFO - Filling up the DagBag from /home/airflow/.local/lib/python3.7/site-packages/airflow/example_dags/example_nested_branch_dag.py
[2023-02-13T19:02:54.124+0000] {processor.py:753} INFO - DAG(s) dict_keys(['example_nested_branch_dag']) retrieved from /home/airflow/.local/lib/python3.7/site-packages/airflow/example_dags/example_nested_branch_dag.py
[2023-02-13T19:02:54.170+0000] {logging_mixin.py:137} INFO - [2023-02-13T19:02:54.170+0000] {dag.py:2676} INFO - Sync 1 DAGs
[2023-02-13T19:02:54.207+0000] {logging_mixin.py:137} INFO - [2023-02-13T19:02:54.207+0000] {dag.py:3427} INFO - Setting next_dagrun for example_nested_branch_dag to 2023-02-12T00:00:00+00:00, run_after=2023-02-13T00:00:00+00:00
[2023-02-13T19:02:54.235+0000] {processor.py:175} INFO - Processing /home/airflow/.local/lib/python3.7/site-packages/airflow/example_dags/example_nested_branch_dag.py took 0.146 seconds
[2023-02-13T19:03:36.959+0000] {processor.py:153} INFO - Started process (PID=1081) to work on /home/airflow/.local/lib/python3.7/site-packages/airflow/example_dags/example_nested_branch_dag.py
[2023-02-13T19:03:36.962+0000] {processor.py:743} INFO - Processing file /home/airflow/.local/lib/python3.7/site-packages/airflow/example_dags/example_nested_branch_dag.py for tasks to queue
[2023-02-13T19:03:36.964+0000] {logging_mixin.py:137} INFO - [2023-02-13T19:03:36.964+0000] {dagbag.py:538} INFO - Filling up the DagBag from /home/airflow/.local/lib/python3.7/site-packages/airflow/example_dags/example_nested_branch_dag.py
[2023-02-13T19:03:37.003+0000] {processor.py:753} INFO - DAG(s) dict_keys(['example_nested_branch_dag']) retrieved from /home/airflow/.local/lib/python3.7/site-packages/airflow/example_dags/example_nested_branch_dag.py
[2023-02-13T19:03:37.057+0000] {logging_mixin.py:137} INFO - [2023-02-13T19:03:37.057+0000] {dag.py:2676} INFO - Sync 1 DAGs
[2023-02-13T19:03:37.087+0000] {logging_mixin.py:137} INFO - [2023-02-13T19:03:37.087+0000] {dag.py:3427} INFO - Setting next_dagrun for example_nested_branch_dag to 2023-02-12T00:00:00+00:00, run_after=2023-02-13T00:00:00+00:00
[2023-02-13T19:03:37.108+0000] {processor.py:175} INFO - Processing /home/airflow/.local/lib/python3.7/site-packages/airflow/example_dags/example_nested_branch_dag.py took 0.154 seconds
[2023-02-13T19:04:07.424+0000] {processor.py:153} INFO - Started process (PID=1152) to work on /home/airflow/.local/lib/python3.7/site-packages/airflow/example_dags/example_nested_branch_dag.py
[2023-02-13T19:04:07.428+0000] {processor.py:743} INFO - Processing file /home/airflow/.local/lib/python3.7/site-packages/airflow/example_dags/example_nested_branch_dag.py for tasks to queue
[2023-02-13T19:04:07.446+0000] {logging_mixin.py:137} INFO - [2023-02-13T19:04:07.446+0000] {dagbag.py:538} INFO - Filling up the DagBag from /home/airflow/.local/lib/python3.7/site-packages/airflow/example_dags/example_nested_branch_dag.py
[2023-02-13T19:04:07.520+0000] {processor.py:753} INFO - DAG(s) dict_keys(['example_nested_branch_dag']) retrieved from /home/airflow/.local/lib/python3.7/site-packages/airflow/example_dags/example_nested_branch_dag.py
[2023-02-13T19:04:07.573+0000] {logging_mixin.py:137} INFO - [2023-02-13T19:04:07.573+0000] {dag.py:2676} INFO - Sync 1 DAGs
[2023-02-13T19:04:07.609+0000] {logging_mixin.py:137} INFO - [2023-02-13T19:04:07.609+0000] {dag.py:3427} INFO - Setting next_dagrun for example_nested_branch_dag to 2023-02-12T00:00:00+00:00, run_after=2023-02-13T00:00:00+00:00
[2023-02-13T19:04:07.637+0000] {processor.py:175} INFO - Processing /home/airflow/.local/lib/python3.7/site-packages/airflow/example_dags/example_nested_branch_dag.py took 0.217 seconds
[2023-02-13T19:04:38.106+0000] {processor.py:153} INFO - Started process (PID=1232) to work on /home/airflow/.local/lib/python3.7/site-packages/airflow/example_dags/example_nested_branch_dag.py
[2023-02-13T19:04:38.108+0000] {processor.py:743} INFO - Processing file /home/airflow/.local/lib/python3.7/site-packages/airflow/example_dags/example_nested_branch_dag.py for tasks to queue
[2023-02-13T19:04:38.110+0000] {logging_mixin.py:137} INFO - [2023-02-13T19:04:38.109+0000] {dagbag.py:538} INFO - Filling up the DagBag from /home/airflow/.local/lib/python3.7/site-packages/airflow/example_dags/example_nested_branch_dag.py
[2023-02-13T19:04:38.143+0000] {processor.py:753} INFO - DAG(s) dict_keys(['example_nested_branch_dag']) retrieved from /home/airflow/.local/lib/python3.7/site-packages/airflow/example_dags/example_nested_branch_dag.py
[2023-02-13T19:04:38.194+0000] {logging_mixin.py:137} INFO - [2023-02-13T19:04:38.194+0000] {dag.py:2676} INFO - Sync 1 DAGs
[2023-02-13T19:04:38.250+0000] {logging_mixin.py:137} INFO - [2023-02-13T19:04:38.250+0000] {dag.py:3427} INFO - Setting next_dagrun for example_nested_branch_dag to 2023-02-12T00:00:00+00:00, run_after=2023-02-13T00:00:00+00:00
[2023-02-13T19:04:38.294+0000] {processor.py:175} INFO - Processing /home/airflow/.local/lib/python3.7/site-packages/airflow/example_dags/example_nested_branch_dag.py took 0.193 seconds
[2023-02-13T19:09:15.592+0000] {processor.py:153} INFO - Started process (PID=81) to work on /home/airflow/.local/lib/python3.7/site-packages/airflow/example_dags/example_nested_branch_dag.py
[2023-02-13T19:09:15.595+0000] {processor.py:743} INFO - Processing file /home/airflow/.local/lib/python3.7/site-packages/airflow/example_dags/example_nested_branch_dag.py for tasks to queue
[2023-02-13T19:09:15.598+0000] {logging_mixin.py:137} INFO - [2023-02-13T19:09:15.598+0000] {dagbag.py:538} INFO - Filling up the DagBag from /home/airflow/.local/lib/python3.7/site-packages/airflow/example_dags/example_nested_branch_dag.py
[2023-02-13T19:09:15.645+0000] {processor.py:753} INFO - DAG(s) dict_keys(['example_nested_branch_dag']) retrieved from /home/airflow/.local/lib/python3.7/site-packages/airflow/example_dags/example_nested_branch_dag.py
[2023-02-13T19:09:15.705+0000] {logging_mixin.py:137} INFO - [2023-02-13T19:09:15.705+0000] {dag.py:2676} INFO - Sync 1 DAGs
[2023-02-13T19:09:15.750+0000] {logging_mixin.py:137} INFO - [2023-02-13T19:09:15.750+0000] {dag.py:3427} INFO - Setting next_dagrun for example_nested_branch_dag to 2023-02-12T00:00:00+00:00, run_after=2023-02-13T00:00:00+00:00
[2023-02-13T19:09:15.790+0000] {processor.py:175} INFO - Processing /home/airflow/.local/lib/python3.7/site-packages/airflow/example_dags/example_nested_branch_dag.py took 0.204 seconds
[2023-02-13T19:09:46.211+0000] {processor.py:153} INFO - Started process (PID=153) to work on /home/airflow/.local/lib/python3.7/site-packages/airflow/example_dags/example_nested_branch_dag.py
[2023-02-13T19:09:46.214+0000] {processor.py:743} INFO - Processing file /home/airflow/.local/lib/python3.7/site-packages/airflow/example_dags/example_nested_branch_dag.py for tasks to queue
[2023-02-13T19:09:46.217+0000] {logging_mixin.py:137} INFO - [2023-02-13T19:09:46.217+0000] {dagbag.py:538} INFO - Filling up the DagBag from /home/airflow/.local/lib/python3.7/site-packages/airflow/example_dags/example_nested_branch_dag.py
[2023-02-13T19:09:46.262+0000] {processor.py:753} INFO - DAG(s) dict_keys(['example_nested_branch_dag']) retrieved from /home/airflow/.local/lib/python3.7/site-packages/airflow/example_dags/example_nested_branch_dag.py
[2023-02-13T19:09:46.333+0000] {logging_mixin.py:137} INFO - [2023-02-13T19:09:46.333+0000] {dag.py:2676} INFO - Sync 1 DAGs
[2023-02-13T19:09:46.381+0000] {logging_mixin.py:137} INFO - [2023-02-13T19:09:46.381+0000] {dag.py:3427} INFO - Setting next_dagrun for example_nested_branch_dag to 2023-02-12T00:00:00+00:00, run_after=2023-02-13T00:00:00+00:00
[2023-02-13T19:09:46.426+0000] {processor.py:175} INFO - Processing /home/airflow/.local/lib/python3.7/site-packages/airflow/example_dags/example_nested_branch_dag.py took 0.221 seconds
[2023-02-13T19:10:17.358+0000] {processor.py:153} INFO - Started process (PID=240) to work on /home/airflow/.local/lib/python3.7/site-packages/airflow/example_dags/example_nested_branch_dag.py
[2023-02-13T19:10:17.361+0000] {processor.py:743} INFO - Processing file /home/airflow/.local/lib/python3.7/site-packages/airflow/example_dags/example_nested_branch_dag.py for tasks to queue
[2023-02-13T19:10:17.363+0000] {logging_mixin.py:137} INFO - [2023-02-13T19:10:17.362+0000] {dagbag.py:538} INFO - Filling up the DagBag from /home/airflow/.local/lib/python3.7/site-packages/airflow/example_dags/example_nested_branch_dag.py
[2023-02-13T19:10:17.399+0000] {processor.py:753} INFO - DAG(s) dict_keys(['example_nested_branch_dag']) retrieved from /home/airflow/.local/lib/python3.7/site-packages/airflow/example_dags/example_nested_branch_dag.py
[2023-02-13T19:10:17.452+0000] {logging_mixin.py:137} INFO - [2023-02-13T19:10:17.452+0000] {dag.py:2676} INFO - Sync 1 DAGs
[2023-02-13T19:10:17.491+0000] {logging_mixin.py:137} INFO - [2023-02-13T19:10:17.490+0000] {dag.py:3427} INFO - Setting next_dagrun for example_nested_branch_dag to 2023-02-12T00:00:00+00:00, run_after=2023-02-13T00:00:00+00:00
[2023-02-13T19:10:17.518+0000] {processor.py:175} INFO - Processing /home/airflow/.local/lib/python3.7/site-packages/airflow/example_dags/example_nested_branch_dag.py took 0.164 seconds
