[2023-02-14T12:00:31.446+0000] {processor.py:153} INFO - Started process (PID=37) to work on /opt/airflow/dags/dag_qatoffside.py
[2023-02-14T12:00:31.494+0000] {processor.py:743} INFO - Processing file /opt/airflow/dags/dag_qatoffside.py for tasks to queue
[2023-02-14T12:00:31.517+0000] {logging_mixin.py:137} INFO - [2023-02-14T12:00:31.509+0000] {dagbag.py:538} INFO - Filling up the DagBag from /opt/airflow/dags/dag_qatoffside.py
[2023-02-14T12:00:31.691+0000] {processor.py:753} INFO - DAG(s) dict_keys(['simple']) retrieved from /opt/airflow/dags/dag_qatoffside.py
[2023-02-14T12:00:31.867+0000] {logging_mixin.py:137} INFO - [2023-02-14T12:00:31.867+0000] {dag.py:2676} INFO - Sync 1 DAGs
[2023-02-14T12:00:31.920+0000] {logging_mixin.py:137} INFO - [2023-02-14T12:00:31.920+0000] {dag.py:3427} INFO - Setting next_dagrun for simple to 2023-02-07T00:00:00+00:00, run_after=2023-02-08T00:00:00+00:00
[2023-02-14T12:00:31.957+0000] {processor.py:175} INFO - Processing /opt/airflow/dags/dag_qatoffside.py took 0.525 seconds
[2023-02-14T12:01:02.889+0000] {processor.py:153} INFO - Started process (PID=124) to work on /opt/airflow/dags/dag_qatoffside.py
[2023-02-14T12:01:02.898+0000] {processor.py:743} INFO - Processing file /opt/airflow/dags/dag_qatoffside.py for tasks to queue
[2023-02-14T12:01:02.917+0000] {logging_mixin.py:137} INFO - [2023-02-14T12:01:02.916+0000] {dagbag.py:538} INFO - Filling up the DagBag from /opt/airflow/dags/dag_qatoffside.py
[2023-02-14T12:01:02.956+0000] {processor.py:753} INFO - DAG(s) dict_keys(['simple']) retrieved from /opt/airflow/dags/dag_qatoffside.py
[2023-02-14T12:01:03.023+0000] {logging_mixin.py:137} INFO - [2023-02-14T12:01:03.023+0000] {dag.py:2676} INFO - Sync 1 DAGs
[2023-02-14T12:01:03.055+0000] {logging_mixin.py:137} INFO - [2023-02-14T12:01:03.055+0000] {dag.py:3427} INFO - Setting next_dagrun for simple to 2023-02-07T00:00:00+00:00, run_after=2023-02-08T00:00:00+00:00
[2023-02-14T12:01:03.078+0000] {processor.py:175} INFO - Processing /opt/airflow/dags/dag_qatoffside.py took 0.194 seconds
[2023-02-14T12:01:33.484+0000] {processor.py:153} INFO - Started process (PID=194) to work on /opt/airflow/dags/dag_qatoffside.py
[2023-02-14T12:01:33.487+0000] {processor.py:743} INFO - Processing file /opt/airflow/dags/dag_qatoffside.py for tasks to queue
[2023-02-14T12:01:33.488+0000] {logging_mixin.py:137} INFO - [2023-02-14T12:01:33.488+0000] {dagbag.py:538} INFO - Filling up the DagBag from /opt/airflow/dags/dag_qatoffside.py
[2023-02-14T12:01:33.508+0000] {processor.py:753} INFO - DAG(s) dict_keys(['simple']) retrieved from /opt/airflow/dags/dag_qatoffside.py
[2023-02-14T12:01:33.551+0000] {logging_mixin.py:137} INFO - [2023-02-14T12:01:33.551+0000] {dag.py:2676} INFO - Sync 1 DAGs
[2023-02-14T12:01:33.580+0000] {logging_mixin.py:137} INFO - [2023-02-14T12:01:33.580+0000] {dag.py:3427} INFO - Setting next_dagrun for simple to 2023-02-07T00:00:00+00:00, run_after=2023-02-08T00:00:00+00:00
[2023-02-14T12:01:33.601+0000] {processor.py:175} INFO - Processing /opt/airflow/dags/dag_qatoffside.py took 0.122 seconds
[2023-02-14T12:02:03.903+0000] {processor.py:153} INFO - Started process (PID=281) to work on /opt/airflow/dags/dag_qatoffside.py
[2023-02-14T12:02:03.906+0000] {processor.py:743} INFO - Processing file /opt/airflow/dags/dag_qatoffside.py for tasks to queue
[2023-02-14T12:02:03.908+0000] {logging_mixin.py:137} INFO - [2023-02-14T12:02:03.907+0000] {dagbag.py:538} INFO - Filling up the DagBag from /opt/airflow/dags/dag_qatoffside.py
[2023-02-14T12:02:03.929+0000] {processor.py:753} INFO - DAG(s) dict_keys(['simple']) retrieved from /opt/airflow/dags/dag_qatoffside.py
[2023-02-14T12:02:03.974+0000] {logging_mixin.py:137} INFO - [2023-02-14T12:02:03.974+0000] {dag.py:2676} INFO - Sync 1 DAGs
[2023-02-14T12:02:04.004+0000] {logging_mixin.py:137} INFO - [2023-02-14T12:02:04.004+0000] {dag.py:3427} INFO - Setting next_dagrun for simple to 2023-02-07T00:00:00+00:00, run_after=2023-02-08T00:00:00+00:00
[2023-02-14T12:02:04.033+0000] {processor.py:175} INFO - Processing /opt/airflow/dags/dag_qatoffside.py took 0.136 seconds
[2023-02-14T12:02:34.982+0000] {processor.py:153} INFO - Started process (PID=352) to work on /opt/airflow/dags/dag_qatoffside.py
[2023-02-14T12:02:34.985+0000] {processor.py:743} INFO - Processing file /opt/airflow/dags/dag_qatoffside.py for tasks to queue
[2023-02-14T12:02:34.987+0000] {logging_mixin.py:137} INFO - [2023-02-14T12:02:34.986+0000] {dagbag.py:538} INFO - Filling up the DagBag from /opt/airflow/dags/dag_qatoffside.py
[2023-02-14T12:02:35.011+0000] {processor.py:753} INFO - DAG(s) dict_keys(['simple']) retrieved from /opt/airflow/dags/dag_qatoffside.py
[2023-02-14T12:02:35.054+0000] {logging_mixin.py:137} INFO - [2023-02-14T12:02:35.054+0000] {dag.py:2676} INFO - Sync 1 DAGs
[2023-02-14T12:02:35.084+0000] {logging_mixin.py:137} INFO - [2023-02-14T12:02:35.084+0000] {dag.py:3427} INFO - Setting next_dagrun for simple to 2023-02-07T00:00:00+00:00, run_after=2023-02-08T00:00:00+00:00
[2023-02-14T12:02:35.111+0000] {processor.py:175} INFO - Processing /opt/airflow/dags/dag_qatoffside.py took 0.134 seconds
[2023-02-14T12:03:06.130+0000] {processor.py:153} INFO - Started process (PID=439) to work on /opt/airflow/dags/dag_qatoffside.py
[2023-02-14T12:03:06.133+0000] {processor.py:743} INFO - Processing file /opt/airflow/dags/dag_qatoffside.py for tasks to queue
[2023-02-14T12:03:06.134+0000] {logging_mixin.py:137} INFO - [2023-02-14T12:03:06.134+0000] {dagbag.py:538} INFO - Filling up the DagBag from /opt/airflow/dags/dag_qatoffside.py
[2023-02-14T12:03:06.157+0000] {processor.py:753} INFO - DAG(s) dict_keys(['simple']) retrieved from /opt/airflow/dags/dag_qatoffside.py
[2023-02-14T12:03:06.213+0000] {logging_mixin.py:137} INFO - [2023-02-14T12:03:06.213+0000] {dag.py:2676} INFO - Sync 1 DAGs
[2023-02-14T12:03:06.252+0000] {logging_mixin.py:137} INFO - [2023-02-14T12:03:06.252+0000] {dag.py:3427} INFO - Setting next_dagrun for simple to 2023-02-07T00:00:00+00:00, run_after=2023-02-08T00:00:00+00:00
[2023-02-14T12:03:06.278+0000] {processor.py:175} INFO - Processing /opt/airflow/dags/dag_qatoffside.py took 0.152 seconds
[2023-02-14T12:03:36.913+0000] {processor.py:153} INFO - Started process (PID=510) to work on /opt/airflow/dags/dag_qatoffside.py
[2023-02-14T12:03:36.916+0000] {processor.py:743} INFO - Processing file /opt/airflow/dags/dag_qatoffside.py for tasks to queue
[2023-02-14T12:03:36.918+0000] {logging_mixin.py:137} INFO - [2023-02-14T12:03:36.917+0000] {dagbag.py:538} INFO - Filling up the DagBag from /opt/airflow/dags/dag_qatoffside.py
[2023-02-14T12:03:36.943+0000] {processor.py:753} INFO - DAG(s) dict_keys(['simple']) retrieved from /opt/airflow/dags/dag_qatoffside.py
[2023-02-14T12:03:36.989+0000] {logging_mixin.py:137} INFO - [2023-02-14T12:03:36.989+0000] {dag.py:2676} INFO - Sync 1 DAGs
[2023-02-14T12:03:37.018+0000] {logging_mixin.py:137} INFO - [2023-02-14T12:03:37.018+0000] {dag.py:3427} INFO - Setting next_dagrun for simple to 2023-02-07T00:00:00+00:00, run_after=2023-02-08T00:00:00+00:00
[2023-02-14T12:03:37.038+0000] {processor.py:175} INFO - Processing /opt/airflow/dags/dag_qatoffside.py took 0.130 seconds
[2023-02-14T12:04:07.408+0000] {processor.py:153} INFO - Started process (PID=581) to work on /opt/airflow/dags/dag_qatoffside.py
[2023-02-14T12:04:07.411+0000] {processor.py:743} INFO - Processing file /opt/airflow/dags/dag_qatoffside.py for tasks to queue
[2023-02-14T12:04:07.412+0000] {logging_mixin.py:137} INFO - [2023-02-14T12:04:07.412+0000] {dagbag.py:538} INFO - Filling up the DagBag from /opt/airflow/dags/dag_qatoffside.py
[2023-02-14T12:04:07.436+0000] {processor.py:753} INFO - DAG(s) dict_keys(['simple']) retrieved from /opt/airflow/dags/dag_qatoffside.py
[2023-02-14T12:04:07.478+0000] {logging_mixin.py:137} INFO - [2023-02-14T12:04:07.478+0000] {dag.py:2676} INFO - Sync 1 DAGs
[2023-02-14T12:04:07.507+0000] {logging_mixin.py:137} INFO - [2023-02-14T12:04:07.506+0000] {dag.py:3427} INFO - Setting next_dagrun for simple to 2023-02-07T00:00:00+00:00, run_after=2023-02-08T00:00:00+00:00
[2023-02-14T12:04:07.527+0000] {processor.py:175} INFO - Processing /opt/airflow/dags/dag_qatoffside.py took 0.124 seconds
[2023-02-14T12:04:37.982+0000] {processor.py:153} INFO - Started process (PID=668) to work on /opt/airflow/dags/dag_qatoffside.py
[2023-02-14T12:04:37.985+0000] {processor.py:743} INFO - Processing file /opt/airflow/dags/dag_qatoffside.py for tasks to queue
[2023-02-14T12:04:37.987+0000] {logging_mixin.py:137} INFO - [2023-02-14T12:04:37.987+0000] {dagbag.py:538} INFO - Filling up the DagBag from /opt/airflow/dags/dag_qatoffside.py
[2023-02-14T12:04:38.013+0000] {processor.py:753} INFO - DAG(s) dict_keys(['simple']) retrieved from /opt/airflow/dags/dag_qatoffside.py
[2023-02-14T12:04:38.063+0000] {logging_mixin.py:137} INFO - [2023-02-14T12:04:38.063+0000] {dag.py:2676} INFO - Sync 1 DAGs
[2023-02-14T12:04:38.102+0000] {logging_mixin.py:137} INFO - [2023-02-14T12:04:38.102+0000] {dag.py:3427} INFO - Setting next_dagrun for simple to 2023-02-07T00:00:00+00:00, run_after=2023-02-08T00:00:00+00:00
[2023-02-14T12:04:38.130+0000] {processor.py:175} INFO - Processing /opt/airflow/dags/dag_qatoffside.py took 0.154 seconds
[2023-02-14T12:05:09.091+0000] {processor.py:153} INFO - Started process (PID=739) to work on /opt/airflow/dags/dag_qatoffside.py
[2023-02-14T12:05:09.095+0000] {processor.py:743} INFO - Processing file /opt/airflow/dags/dag_qatoffside.py for tasks to queue
[2023-02-14T12:05:09.099+0000] {logging_mixin.py:137} INFO - [2023-02-14T12:05:09.098+0000] {dagbag.py:538} INFO - Filling up the DagBag from /opt/airflow/dags/dag_qatoffside.py
[2023-02-14T12:05:09.152+0000] {processor.py:753} INFO - DAG(s) dict_keys(['simple']) retrieved from /opt/airflow/dags/dag_qatoffside.py
[2023-02-14T12:05:09.258+0000] {logging_mixin.py:137} INFO - [2023-02-14T12:05:09.258+0000] {dag.py:2676} INFO - Sync 1 DAGs
[2023-02-14T12:05:09.313+0000] {logging_mixin.py:137} INFO - [2023-02-14T12:05:09.313+0000] {dag.py:3427} INFO - Setting next_dagrun for simple to 2023-02-07T00:00:00+00:00, run_after=2023-02-08T00:00:00+00:00
[2023-02-14T12:05:09.357+0000] {processor.py:175} INFO - Processing /opt/airflow/dags/dag_qatoffside.py took 0.275 seconds
[2023-02-14T12:05:40.007+0000] {processor.py:153} INFO - Started process (PID=826) to work on /opt/airflow/dags/dag_qatoffside.py
[2023-02-14T12:05:40.009+0000] {processor.py:743} INFO - Processing file /opt/airflow/dags/dag_qatoffside.py for tasks to queue
[2023-02-14T12:05:40.010+0000] {logging_mixin.py:137} INFO - [2023-02-14T12:05:40.010+0000] {dagbag.py:538} INFO - Filling up the DagBag from /opt/airflow/dags/dag_qatoffside.py
[2023-02-14T12:05:40.032+0000] {processor.py:753} INFO - DAG(s) dict_keys(['simple']) retrieved from /opt/airflow/dags/dag_qatoffside.py
[2023-02-14T12:05:40.074+0000] {logging_mixin.py:137} INFO - [2023-02-14T12:05:40.074+0000] {dag.py:2676} INFO - Sync 1 DAGs
[2023-02-14T12:05:40.106+0000] {logging_mixin.py:137} INFO - [2023-02-14T12:05:40.106+0000] {dag.py:3427} INFO - Setting next_dagrun for simple to 2023-02-07T00:00:00+00:00, run_after=2023-02-08T00:00:00+00:00
[2023-02-14T12:05:40.126+0000] {processor.py:175} INFO - Processing /opt/airflow/dags/dag_qatoffside.py took 0.123 seconds
[2023-02-14T12:06:10.327+0000] {processor.py:153} INFO - Started process (PID=897) to work on /opt/airflow/dags/dag_qatoffside.py
[2023-02-14T12:06:10.329+0000] {processor.py:743} INFO - Processing file /opt/airflow/dags/dag_qatoffside.py for tasks to queue
[2023-02-14T12:06:10.331+0000] {logging_mixin.py:137} INFO - [2023-02-14T12:06:10.331+0000] {dagbag.py:538} INFO - Filling up the DagBag from /opt/airflow/dags/dag_qatoffside.py
[2023-02-14T12:06:10.355+0000] {processor.py:753} INFO - DAG(s) dict_keys(['simple']) retrieved from /opt/airflow/dags/dag_qatoffside.py
[2023-02-14T12:06:10.401+0000] {logging_mixin.py:137} INFO - [2023-02-14T12:06:10.401+0000] {dag.py:2676} INFO - Sync 1 DAGs
[2023-02-14T12:06:10.430+0000] {logging_mixin.py:137} INFO - [2023-02-14T12:06:10.429+0000] {dag.py:3427} INFO - Setting next_dagrun for simple to 2023-02-07T00:00:00+00:00, run_after=2023-02-08T00:00:00+00:00
[2023-02-14T12:06:10.452+0000] {processor.py:175} INFO - Processing /opt/airflow/dags/dag_qatoffside.py took 0.130 seconds
[2023-02-14T12:06:41.354+0000] {processor.py:153} INFO - Started process (PID=984) to work on /opt/airflow/dags/dag_qatoffside.py
[2023-02-14T12:06:41.357+0000] {processor.py:743} INFO - Processing file /opt/airflow/dags/dag_qatoffside.py for tasks to queue
[2023-02-14T12:06:41.359+0000] {logging_mixin.py:137} INFO - [2023-02-14T12:06:41.359+0000] {dagbag.py:538} INFO - Filling up the DagBag from /opt/airflow/dags/dag_qatoffside.py
[2023-02-14T12:06:41.388+0000] {processor.py:753} INFO - DAG(s) dict_keys(['simple']) retrieved from /opt/airflow/dags/dag_qatoffside.py
[2023-02-14T12:06:41.460+0000] {logging_mixin.py:137} INFO - [2023-02-14T12:06:41.460+0000] {dag.py:2676} INFO - Sync 1 DAGs
[2023-02-14T12:06:41.503+0000] {logging_mixin.py:137} INFO - [2023-02-14T12:06:41.503+0000] {dag.py:3427} INFO - Setting next_dagrun for simple to 2023-02-07T00:00:00+00:00, run_after=2023-02-08T00:00:00+00:00
[2023-02-14T12:06:41.530+0000] {processor.py:175} INFO - Processing /opt/airflow/dags/dag_qatoffside.py took 0.183 seconds
[2023-02-14T12:07:11.639+0000] {processor.py:153} INFO - Started process (PID=1056) to work on /opt/airflow/dags/dag_qatoffside.py
[2023-02-14T12:07:11.642+0000] {processor.py:743} INFO - Processing file /opt/airflow/dags/dag_qatoffside.py for tasks to queue
[2023-02-14T12:07:11.644+0000] {logging_mixin.py:137} INFO - [2023-02-14T12:07:11.643+0000] {dagbag.py:538} INFO - Filling up the DagBag from /opt/airflow/dags/dag_qatoffside.py
[2023-02-14T12:07:11.668+0000] {processor.py:753} INFO - DAG(s) dict_keys(['simple']) retrieved from /opt/airflow/dags/dag_qatoffside.py
[2023-02-14T12:07:11.720+0000] {logging_mixin.py:137} INFO - [2023-02-14T12:07:11.720+0000] {dag.py:2676} INFO - Sync 1 DAGs
[2023-02-14T12:07:11.755+0000] {logging_mixin.py:137} INFO - [2023-02-14T12:07:11.754+0000] {dag.py:3427} INFO - Setting next_dagrun for simple to 2023-02-07T00:00:00+00:00, run_after=2023-02-08T00:00:00+00:00
[2023-02-14T12:07:11.779+0000] {processor.py:175} INFO - Processing /opt/airflow/dags/dag_qatoffside.py took 0.146 seconds
[2023-02-14T12:07:41.864+0000] {processor.py:153} INFO - Started process (PID=1143) to work on /opt/airflow/dags/dag_qatoffside.py
[2023-02-14T12:07:41.867+0000] {processor.py:743} INFO - Processing file /opt/airflow/dags/dag_qatoffside.py for tasks to queue
[2023-02-14T12:07:41.868+0000] {logging_mixin.py:137} INFO - [2023-02-14T12:07:41.868+0000] {dagbag.py:538} INFO - Filling up the DagBag from /opt/airflow/dags/dag_qatoffside.py
[2023-02-14T12:07:41.892+0000] {processor.py:753} INFO - DAG(s) dict_keys(['simple']) retrieved from /opt/airflow/dags/dag_qatoffside.py
[2023-02-14T12:07:41.939+0000] {logging_mixin.py:137} INFO - [2023-02-14T12:07:41.939+0000] {dag.py:2676} INFO - Sync 1 DAGs
[2023-02-14T12:07:41.968+0000] {logging_mixin.py:137} INFO - [2023-02-14T12:07:41.967+0000] {dag.py:3427} INFO - Setting next_dagrun for simple to 2023-02-07T00:00:00+00:00, run_after=2023-02-08T00:00:00+00:00
[2023-02-14T12:07:42.009+0000] {processor.py:175} INFO - Processing /opt/airflow/dags/dag_qatoffside.py took 0.152 seconds
[2023-02-14T12:08:12.239+0000] {processor.py:153} INFO - Started process (PID=1214) to work on /opt/airflow/dags/dag_qatoffside.py
[2023-02-14T12:08:12.241+0000] {processor.py:743} INFO - Processing file /opt/airflow/dags/dag_qatoffside.py for tasks to queue
[2023-02-14T12:08:12.243+0000] {logging_mixin.py:137} INFO - [2023-02-14T12:08:12.243+0000] {dagbag.py:538} INFO - Filling up the DagBag from /opt/airflow/dags/dag_qatoffside.py
[2023-02-14T12:08:12.267+0000] {processor.py:753} INFO - DAG(s) dict_keys(['simple']) retrieved from /opt/airflow/dags/dag_qatoffside.py
[2023-02-14T12:08:12.313+0000] {logging_mixin.py:137} INFO - [2023-02-14T12:08:12.313+0000] {dag.py:2676} INFO - Sync 1 DAGs
[2023-02-14T12:08:12.342+0000] {logging_mixin.py:137} INFO - [2023-02-14T12:08:12.342+0000] {dag.py:3427} INFO - Setting next_dagrun for simple to 2023-02-07T00:00:00+00:00, run_after=2023-02-08T00:00:00+00:00
[2023-02-14T12:08:12.364+0000] {processor.py:175} INFO - Processing /opt/airflow/dags/dag_qatoffside.py took 0.130 seconds
[2023-02-14T12:08:42.495+0000] {processor.py:153} INFO - Started process (PID=1301) to work on /opt/airflow/dags/dag_qatoffside.py
[2023-02-14T12:08:42.498+0000] {processor.py:743} INFO - Processing file /opt/airflow/dags/dag_qatoffside.py for tasks to queue
[2023-02-14T12:08:42.500+0000] {logging_mixin.py:137} INFO - [2023-02-14T12:08:42.500+0000] {dagbag.py:538} INFO - Filling up the DagBag from /opt/airflow/dags/dag_qatoffside.py
[2023-02-14T12:08:42.522+0000] {processor.py:753} INFO - DAG(s) dict_keys(['simple']) retrieved from /opt/airflow/dags/dag_qatoffside.py
[2023-02-14T12:08:42.564+0000] {logging_mixin.py:137} INFO - [2023-02-14T12:08:42.564+0000] {dag.py:2676} INFO - Sync 1 DAGs
[2023-02-14T12:08:42.594+0000] {logging_mixin.py:137} INFO - [2023-02-14T12:08:42.594+0000] {dag.py:3427} INFO - Setting next_dagrun for simple to 2023-02-07T00:00:00+00:00, run_after=2023-02-08T00:00:00+00:00
[2023-02-14T12:08:42.647+0000] {processor.py:175} INFO - Processing /opt/airflow/dags/dag_qatoffside.py took 0.155 seconds
[2023-02-14T12:09:13.106+0000] {processor.py:153} INFO - Started process (PID=1372) to work on /opt/airflow/dags/dag_qatoffside.py
[2023-02-14T12:09:13.109+0000] {processor.py:743} INFO - Processing file /opt/airflow/dags/dag_qatoffside.py for tasks to queue
[2023-02-14T12:09:13.110+0000] {logging_mixin.py:137} INFO - [2023-02-14T12:09:13.110+0000] {dagbag.py:538} INFO - Filling up the DagBag from /opt/airflow/dags/dag_qatoffside.py
[2023-02-14T12:09:13.134+0000] {processor.py:753} INFO - DAG(s) dict_keys(['simple']) retrieved from /opt/airflow/dags/dag_qatoffside.py
[2023-02-14T12:09:13.177+0000] {logging_mixin.py:137} INFO - [2023-02-14T12:09:13.177+0000] {dag.py:2676} INFO - Sync 1 DAGs
[2023-02-14T12:09:13.206+0000] {logging_mixin.py:137} INFO - [2023-02-14T12:09:13.205+0000] {dag.py:3427} INFO - Setting next_dagrun for simple to 2023-02-07T00:00:00+00:00, run_after=2023-02-08T00:00:00+00:00
[2023-02-14T12:09:13.225+0000] {processor.py:175} INFO - Processing /opt/airflow/dags/dag_qatoffside.py took 0.124 seconds
[2023-02-14T12:09:44.113+0000] {processor.py:153} INFO - Started process (PID=1452) to work on /opt/airflow/dags/dag_qatoffside.py
[2023-02-14T12:09:44.115+0000] {processor.py:743} INFO - Processing file /opt/airflow/dags/dag_qatoffside.py for tasks to queue
[2023-02-14T12:09:44.117+0000] {logging_mixin.py:137} INFO - [2023-02-14T12:09:44.117+0000] {dagbag.py:538} INFO - Filling up the DagBag from /opt/airflow/dags/dag_qatoffside.py
[2023-02-14T12:09:44.137+0000] {processor.py:753} INFO - DAG(s) dict_keys(['simple']) retrieved from /opt/airflow/dags/dag_qatoffside.py
[2023-02-14T12:09:44.185+0000] {logging_mixin.py:137} INFO - [2023-02-14T12:09:44.185+0000] {dag.py:2676} INFO - Sync 1 DAGs
[2023-02-14T12:09:44.214+0000] {logging_mixin.py:137} INFO - [2023-02-14T12:09:44.213+0000] {dag.py:3427} INFO - Setting next_dagrun for simple to 2023-02-07T00:00:00+00:00, run_after=2023-02-08T00:00:00+00:00
[2023-02-14T12:09:44.237+0000] {processor.py:175} INFO - Processing /opt/airflow/dags/dag_qatoffside.py took 0.131 seconds
[2023-02-14T12:10:14.590+0000] {processor.py:153} INFO - Started process (PID=1530) to work on /opt/airflow/dags/dag_qatoffside.py
[2023-02-14T12:10:14.592+0000] {processor.py:743} INFO - Processing file /opt/airflow/dags/dag_qatoffside.py for tasks to queue
[2023-02-14T12:10:14.594+0000] {logging_mixin.py:137} INFO - [2023-02-14T12:10:14.594+0000] {dagbag.py:538} INFO - Filling up the DagBag from /opt/airflow/dags/dag_qatoffside.py
[2023-02-14T12:10:14.617+0000] {processor.py:753} INFO - DAG(s) dict_keys(['simple']) retrieved from /opt/airflow/dags/dag_qatoffside.py
[2023-02-14T12:10:14.660+0000] {logging_mixin.py:137} INFO - [2023-02-14T12:10:14.660+0000] {dag.py:2676} INFO - Sync 1 DAGs
[2023-02-14T12:10:14.689+0000] {logging_mixin.py:137} INFO - [2023-02-14T12:10:14.689+0000] {dag.py:3427} INFO - Setting next_dagrun for simple to 2023-02-07T00:00:00+00:00, run_after=2023-02-08T00:00:00+00:00
[2023-02-14T12:10:14.711+0000] {processor.py:175} INFO - Processing /opt/airflow/dags/dag_qatoffside.py took 0.128 seconds
[2023-02-14T12:10:45.301+0000] {processor.py:153} INFO - Started process (PID=1601) to work on /opt/airflow/dags/dag_qatoffside.py
[2023-02-14T12:10:45.304+0000] {processor.py:743} INFO - Processing file /opt/airflow/dags/dag_qatoffside.py for tasks to queue
[2023-02-14T12:10:45.307+0000] {logging_mixin.py:137} INFO - [2023-02-14T12:10:45.307+0000] {dagbag.py:538} INFO - Filling up the DagBag from /opt/airflow/dags/dag_qatoffside.py
[2023-02-14T12:10:45.330+0000] {processor.py:753} INFO - DAG(s) dict_keys(['simple']) retrieved from /opt/airflow/dags/dag_qatoffside.py
[2023-02-14T12:10:45.377+0000] {logging_mixin.py:137} INFO - [2023-02-14T12:10:45.377+0000] {dag.py:2676} INFO - Sync 1 DAGs
[2023-02-14T12:10:45.407+0000] {logging_mixin.py:137} INFO - [2023-02-14T12:10:45.407+0000] {dag.py:3427} INFO - Setting next_dagrun for simple to 2023-02-07T00:00:00+00:00, run_after=2023-02-08T00:00:00+00:00
[2023-02-14T12:10:45.426+0000] {processor.py:175} INFO - Processing /opt/airflow/dags/dag_qatoffside.py took 0.130 seconds
[2023-02-14T12:11:16.070+0000] {processor.py:153} INFO - Started process (PID=1688) to work on /opt/airflow/dags/dag_qatoffside.py
[2023-02-14T12:11:16.073+0000] {processor.py:743} INFO - Processing file /opt/airflow/dags/dag_qatoffside.py for tasks to queue
[2023-02-14T12:11:16.075+0000] {logging_mixin.py:137} INFO - [2023-02-14T12:11:16.074+0000] {dagbag.py:538} INFO - Filling up the DagBag from /opt/airflow/dags/dag_qatoffside.py
[2023-02-14T12:11:16.101+0000] {processor.py:753} INFO - DAG(s) dict_keys(['simple']) retrieved from /opt/airflow/dags/dag_qatoffside.py
[2023-02-14T12:11:16.154+0000] {logging_mixin.py:137} INFO - [2023-02-14T12:11:16.154+0000] {dag.py:2676} INFO - Sync 1 DAGs
[2023-02-14T12:11:16.186+0000] {logging_mixin.py:137} INFO - [2023-02-14T12:11:16.186+0000] {dag.py:3427} INFO - Setting next_dagrun for simple to 2023-02-07T00:00:00+00:00, run_after=2023-02-08T00:00:00+00:00
[2023-02-14T12:11:16.207+0000] {processor.py:175} INFO - Processing /opt/airflow/dags/dag_qatoffside.py took 0.144 seconds
