[2022-12-07T13:59:11.996+0000] {processor.py:153} INFO - Started process (PID=60) to work on /home/airflow/.local/lib/python3.7/site-packages/airflow/example_dags/example_task_group_decorator.py
[2022-12-07T13:59:11.999+0000] {processor.py:743} INFO - Processing file /home/airflow/.local/lib/python3.7/site-packages/airflow/example_dags/example_task_group_decorator.py for tasks to queue
[2022-12-07T13:59:12.002+0000] {logging_mixin.py:137} INFO - [2022-12-07T13:59:12.001+0000] {dagbag.py:538} INFO - Filling up the DagBag from /home/airflow/.local/lib/python3.7/site-packages/airflow/example_dags/example_task_group_decorator.py
[2022-12-07T13:59:12.081+0000] {processor.py:753} INFO - DAG(s) dict_keys(['example_task_group_decorator']) retrieved from /home/airflow/.local/lib/python3.7/site-packages/airflow/example_dags/example_task_group_decorator.py
[2022-12-07T13:59:12.176+0000] {logging_mixin.py:137} INFO - [2022-12-07T13:59:12.175+0000] {dag.py:2676} INFO - Sync 1 DAGs
[2022-12-07T13:59:12.221+0000] {logging_mixin.py:137} INFO - [2022-12-07T13:59:12.221+0000] {dag.py:3427} INFO - Setting next_dagrun for example_task_group_decorator to 2022-12-06T13:59:12.220665+00:00, run_after=2022-12-07T13:59:12.220665+00:00
[2022-12-07T13:59:12.253+0000] {processor.py:175} INFO - Processing /home/airflow/.local/lib/python3.7/site-packages/airflow/example_dags/example_task_group_decorator.py took 0.263 seconds
[2022-12-07T13:59:42.800+0000] {processor.py:153} INFO - Started process (PID=130) to work on /home/airflow/.local/lib/python3.7/site-packages/airflow/example_dags/example_task_group_decorator.py
[2022-12-07T13:59:42.803+0000] {processor.py:743} INFO - Processing file /home/airflow/.local/lib/python3.7/site-packages/airflow/example_dags/example_task_group_decorator.py for tasks to queue
[2022-12-07T13:59:42.805+0000] {logging_mixin.py:137} INFO - [2022-12-07T13:59:42.805+0000] {dagbag.py:538} INFO - Filling up the DagBag from /home/airflow/.local/lib/python3.7/site-packages/airflow/example_dags/example_task_group_decorator.py
[2022-12-07T13:59:42.856+0000] {processor.py:753} INFO - DAG(s) dict_keys(['example_task_group_decorator']) retrieved from /home/airflow/.local/lib/python3.7/site-packages/airflow/example_dags/example_task_group_decorator.py
[2022-12-07T13:59:42.915+0000] {logging_mixin.py:137} INFO - [2022-12-07T13:59:42.915+0000] {dag.py:2676} INFO - Sync 1 DAGs
[2022-12-07T13:59:42.956+0000] {logging_mixin.py:137} INFO - [2022-12-07T13:59:42.956+0000] {dag.py:3427} INFO - Setting next_dagrun for example_task_group_decorator to 2022-12-06T13:59:42.956405+00:00, run_after=2022-12-07T13:59:42.956405+00:00
[2022-12-07T13:59:42.985+0000] {processor.py:175} INFO - Processing /home/airflow/.local/lib/python3.7/site-packages/airflow/example_dags/example_task_group_decorator.py took 0.190 seconds
[2022-12-07T14:00:13.346+0000] {processor.py:153} INFO - Started process (PID=200) to work on /home/airflow/.local/lib/python3.7/site-packages/airflow/example_dags/example_task_group_decorator.py
[2022-12-07T14:00:13.350+0000] {processor.py:743} INFO - Processing file /home/airflow/.local/lib/python3.7/site-packages/airflow/example_dags/example_task_group_decorator.py for tasks to queue
[2022-12-07T14:00:13.352+0000] {logging_mixin.py:137} INFO - [2022-12-07T14:00:13.352+0000] {dagbag.py:538} INFO - Filling up the DagBag from /home/airflow/.local/lib/python3.7/site-packages/airflow/example_dags/example_task_group_decorator.py
[2022-12-07T14:00:13.405+0000] {processor.py:753} INFO - DAG(s) dict_keys(['example_task_group_decorator']) retrieved from /home/airflow/.local/lib/python3.7/site-packages/airflow/example_dags/example_task_group_decorator.py
[2022-12-07T14:00:13.474+0000] {logging_mixin.py:137} INFO - [2022-12-07T14:00:13.474+0000] {dag.py:2676} INFO - Sync 1 DAGs
[2022-12-07T14:00:13.520+0000] {logging_mixin.py:137} INFO - [2022-12-07T14:00:13.520+0000] {dag.py:3427} INFO - Setting next_dagrun for example_task_group_decorator to 2022-12-06T14:00:13.520145+00:00, run_after=2022-12-07T14:00:13.520145+00:00
[2022-12-07T14:00:13.552+0000] {processor.py:175} INFO - Processing /home/airflow/.local/lib/python3.7/site-packages/airflow/example_dags/example_task_group_decorator.py took 0.212 seconds
[2022-12-07T14:00:44.701+0000] {processor.py:153} INFO - Started process (PID=286) to work on /home/airflow/.local/lib/python3.7/site-packages/airflow/example_dags/example_task_group_decorator.py
[2022-12-07T14:00:44.704+0000] {processor.py:743} INFO - Processing file /home/airflow/.local/lib/python3.7/site-packages/airflow/example_dags/example_task_group_decorator.py for tasks to queue
[2022-12-07T14:00:44.706+0000] {logging_mixin.py:137} INFO - [2022-12-07T14:00:44.706+0000] {dagbag.py:538} INFO - Filling up the DagBag from /home/airflow/.local/lib/python3.7/site-packages/airflow/example_dags/example_task_group_decorator.py
[2022-12-07T14:00:44.758+0000] {processor.py:753} INFO - DAG(s) dict_keys(['example_task_group_decorator']) retrieved from /home/airflow/.local/lib/python3.7/site-packages/airflow/example_dags/example_task_group_decorator.py
[2022-12-07T14:00:44.822+0000] {logging_mixin.py:137} INFO - [2022-12-07T14:00:44.822+0000] {dag.py:2676} INFO - Sync 1 DAGs
[2022-12-07T14:00:44.870+0000] {logging_mixin.py:137} INFO - [2022-12-07T14:00:44.869+0000] {dag.py:3427} INFO - Setting next_dagrun for example_task_group_decorator to 2022-12-06T14:00:44.869416+00:00, run_after=2022-12-07T14:00:44.869416+00:00
[2022-12-07T14:00:44.907+0000] {processor.py:175} INFO - Processing /home/airflow/.local/lib/python3.7/site-packages/airflow/example_dags/example_task_group_decorator.py took 0.211 seconds
[2022-12-07T14:01:14.964+0000] {processor.py:153} INFO - Started process (PID=356) to work on /home/airflow/.local/lib/python3.7/site-packages/airflow/example_dags/example_task_group_decorator.py
[2022-12-07T14:01:14.966+0000] {processor.py:743} INFO - Processing file /home/airflow/.local/lib/python3.7/site-packages/airflow/example_dags/example_task_group_decorator.py for tasks to queue
[2022-12-07T14:01:14.969+0000] {logging_mixin.py:137} INFO - [2022-12-07T14:01:14.968+0000] {dagbag.py:538} INFO - Filling up the DagBag from /home/airflow/.local/lib/python3.7/site-packages/airflow/example_dags/example_task_group_decorator.py
[2022-12-07T14:01:15.016+0000] {processor.py:753} INFO - DAG(s) dict_keys(['example_task_group_decorator']) retrieved from /home/airflow/.local/lib/python3.7/site-packages/airflow/example_dags/example_task_group_decorator.py
[2022-12-07T14:01:15.081+0000] {logging_mixin.py:137} INFO - [2022-12-07T14:01:15.081+0000] {dag.py:2676} INFO - Sync 1 DAGs
[2022-12-07T14:01:15.124+0000] {logging_mixin.py:137} INFO - [2022-12-07T14:01:15.123+0000] {dag.py:3427} INFO - Setting next_dagrun for example_task_group_decorator to 2022-12-06T14:01:15.123560+00:00, run_after=2022-12-07T14:01:15.123560+00:00
[2022-12-07T14:01:15.156+0000] {processor.py:175} INFO - Processing /home/airflow/.local/lib/python3.7/site-packages/airflow/example_dags/example_task_group_decorator.py took 0.198 seconds
[2022-12-07T14:01:45.834+0000] {processor.py:153} INFO - Started process (PID=426) to work on /home/airflow/.local/lib/python3.7/site-packages/airflow/example_dags/example_task_group_decorator.py
[2022-12-07T14:01:45.837+0000] {processor.py:743} INFO - Processing file /home/airflow/.local/lib/python3.7/site-packages/airflow/example_dags/example_task_group_decorator.py for tasks to queue
[2022-12-07T14:01:45.839+0000] {logging_mixin.py:137} INFO - [2022-12-07T14:01:45.839+0000] {dagbag.py:538} INFO - Filling up the DagBag from /home/airflow/.local/lib/python3.7/site-packages/airflow/example_dags/example_task_group_decorator.py
[2022-12-07T14:01:45.899+0000] {processor.py:753} INFO - DAG(s) dict_keys(['example_task_group_decorator']) retrieved from /home/airflow/.local/lib/python3.7/site-packages/airflow/example_dags/example_task_group_decorator.py
[2022-12-07T14:01:45.973+0000] {logging_mixin.py:137} INFO - [2022-12-07T14:01:45.973+0000] {dag.py:2676} INFO - Sync 1 DAGs
[2022-12-07T14:01:46.018+0000] {logging_mixin.py:137} INFO - [2022-12-07T14:01:46.017+0000] {dag.py:3427} INFO - Setting next_dagrun for example_task_group_decorator to 2022-12-06T14:01:46.017425+00:00, run_after=2022-12-07T14:01:46.017425+00:00
[2022-12-07T14:01:46.054+0000] {processor.py:175} INFO - Processing /home/airflow/.local/lib/python3.7/site-packages/airflow/example_dags/example_task_group_decorator.py took 0.226 seconds
[2022-12-07T14:02:16.707+0000] {processor.py:153} INFO - Started process (PID=496) to work on /home/airflow/.local/lib/python3.7/site-packages/airflow/example_dags/example_task_group_decorator.py
[2022-12-07T14:02:16.710+0000] {processor.py:743} INFO - Processing file /home/airflow/.local/lib/python3.7/site-packages/airflow/example_dags/example_task_group_decorator.py for tasks to queue
[2022-12-07T14:02:16.712+0000] {logging_mixin.py:137} INFO - [2022-12-07T14:02:16.712+0000] {dagbag.py:538} INFO - Filling up the DagBag from /home/airflow/.local/lib/python3.7/site-packages/airflow/example_dags/example_task_group_decorator.py
[2022-12-07T14:02:16.765+0000] {processor.py:753} INFO - DAG(s) dict_keys(['example_task_group_decorator']) retrieved from /home/airflow/.local/lib/python3.7/site-packages/airflow/example_dags/example_task_group_decorator.py
[2022-12-07T14:02:16.831+0000] {logging_mixin.py:137} INFO - [2022-12-07T14:02:16.831+0000] {dag.py:2676} INFO - Sync 1 DAGs
[2022-12-07T14:02:16.875+0000] {logging_mixin.py:137} INFO - [2022-12-07T14:02:16.875+0000] {dag.py:3427} INFO - Setting next_dagrun for example_task_group_decorator to 2022-12-06T14:02:16.874655+00:00, run_after=2022-12-07T14:02:16.874655+00:00
[2022-12-07T14:02:16.906+0000] {processor.py:175} INFO - Processing /home/airflow/.local/lib/python3.7/site-packages/airflow/example_dags/example_task_group_decorator.py took 0.205 seconds
[2022-12-07T14:02:47.858+0000] {processor.py:153} INFO - Started process (PID=583) to work on /home/airflow/.local/lib/python3.7/site-packages/airflow/example_dags/example_task_group_decorator.py
[2022-12-07T14:02:47.861+0000] {processor.py:743} INFO - Processing file /home/airflow/.local/lib/python3.7/site-packages/airflow/example_dags/example_task_group_decorator.py for tasks to queue
[2022-12-07T14:02:47.864+0000] {logging_mixin.py:137} INFO - [2022-12-07T14:02:47.863+0000] {dagbag.py:538} INFO - Filling up the DagBag from /home/airflow/.local/lib/python3.7/site-packages/airflow/example_dags/example_task_group_decorator.py
[2022-12-07T14:02:47.915+0000] {processor.py:753} INFO - DAG(s) dict_keys(['example_task_group_decorator']) retrieved from /home/airflow/.local/lib/python3.7/site-packages/airflow/example_dags/example_task_group_decorator.py
[2022-12-07T14:02:47.982+0000] {logging_mixin.py:137} INFO - [2022-12-07T14:02:47.982+0000] {dag.py:2676} INFO - Sync 1 DAGs
[2022-12-07T14:02:48.024+0000] {logging_mixin.py:137} INFO - [2022-12-07T14:02:48.024+0000] {dag.py:3427} INFO - Setting next_dagrun for example_task_group_decorator to 2022-12-06T14:02:48.023996+00:00, run_after=2022-12-07T14:02:48.023996+00:00
[2022-12-07T14:02:48.058+0000] {processor.py:175} INFO - Processing /home/airflow/.local/lib/python3.7/site-packages/airflow/example_dags/example_task_group_decorator.py took 0.206 seconds
[2022-12-07T14:03:18.374+0000] {processor.py:153} INFO - Started process (PID=653) to work on /home/airflow/.local/lib/python3.7/site-packages/airflow/example_dags/example_task_group_decorator.py
[2022-12-07T14:03:18.377+0000] {processor.py:743} INFO - Processing file /home/airflow/.local/lib/python3.7/site-packages/airflow/example_dags/example_task_group_decorator.py for tasks to queue
[2022-12-07T14:03:18.380+0000] {logging_mixin.py:137} INFO - [2022-12-07T14:03:18.380+0000] {dagbag.py:538} INFO - Filling up the DagBag from /home/airflow/.local/lib/python3.7/site-packages/airflow/example_dags/example_task_group_decorator.py
[2022-12-07T14:03:18.430+0000] {processor.py:753} INFO - DAG(s) dict_keys(['example_task_group_decorator']) retrieved from /home/airflow/.local/lib/python3.7/site-packages/airflow/example_dags/example_task_group_decorator.py
[2022-12-07T14:03:18.493+0000] {logging_mixin.py:137} INFO - [2022-12-07T14:03:18.492+0000] {dag.py:2676} INFO - Sync 1 DAGs
[2022-12-07T14:03:18.535+0000] {logging_mixin.py:137} INFO - [2022-12-07T14:03:18.534+0000] {dag.py:3427} INFO - Setting next_dagrun for example_task_group_decorator to 2022-12-06T14:03:18.534418+00:00, run_after=2022-12-07T14:03:18.534418+00:00
[2022-12-07T14:03:18.569+0000] {processor.py:175} INFO - Processing /home/airflow/.local/lib/python3.7/site-packages/airflow/example_dags/example_task_group_decorator.py took 0.204 seconds
[2022-12-07T14:03:48.828+0000] {processor.py:153} INFO - Started process (PID=723) to work on /home/airflow/.local/lib/python3.7/site-packages/airflow/example_dags/example_task_group_decorator.py
[2022-12-07T14:03:48.830+0000] {processor.py:743} INFO - Processing file /home/airflow/.local/lib/python3.7/site-packages/airflow/example_dags/example_task_group_decorator.py for tasks to queue
[2022-12-07T14:03:48.832+0000] {logging_mixin.py:137} INFO - [2022-12-07T14:03:48.832+0000] {dagbag.py:538} INFO - Filling up the DagBag from /home/airflow/.local/lib/python3.7/site-packages/airflow/example_dags/example_task_group_decorator.py
[2022-12-07T14:03:48.880+0000] {processor.py:753} INFO - DAG(s) dict_keys(['example_task_group_decorator']) retrieved from /home/airflow/.local/lib/python3.7/site-packages/airflow/example_dags/example_task_group_decorator.py
[2022-12-07T14:03:48.941+0000] {logging_mixin.py:137} INFO - [2022-12-07T14:03:48.941+0000] {dag.py:2676} INFO - Sync 1 DAGs
[2022-12-07T14:03:48.983+0000] {logging_mixin.py:137} INFO - [2022-12-07T14:03:48.983+0000] {dag.py:3427} INFO - Setting next_dagrun for example_task_group_decorator to 2022-12-06T14:03:48.982907+00:00, run_after=2022-12-07T14:03:48.982907+00:00
[2022-12-07T14:03:49.014+0000] {processor.py:175} INFO - Processing /home/airflow/.local/lib/python3.7/site-packages/airflow/example_dags/example_task_group_decorator.py took 0.192 seconds
[2022-12-07T14:05:12.370+0000] {processor.py:153} INFO - Started process (PID=52) to work on /home/airflow/.local/lib/python3.7/site-packages/airflow/example_dags/example_task_group_decorator.py
[2022-12-07T14:05:12.374+0000] {processor.py:743} INFO - Processing file /home/airflow/.local/lib/python3.7/site-packages/airflow/example_dags/example_task_group_decorator.py for tasks to queue
[2022-12-07T14:05:12.378+0000] {logging_mixin.py:137} INFO - [2022-12-07T14:05:12.377+0000] {dagbag.py:538} INFO - Filling up the DagBag from /home/airflow/.local/lib/python3.7/site-packages/airflow/example_dags/example_task_group_decorator.py
[2022-12-07T14:05:12.448+0000] {processor.py:753} INFO - DAG(s) dict_keys(['example_task_group_decorator']) retrieved from /home/airflow/.local/lib/python3.7/site-packages/airflow/example_dags/example_task_group_decorator.py
[2022-12-07T14:05:12.506+0000] {logging_mixin.py:137} INFO - [2022-12-07T14:05:12.505+0000] {dag.py:2676} INFO - Sync 1 DAGs
[2022-12-07T14:05:12.576+0000] {logging_mixin.py:137} INFO - [2022-12-07T14:05:12.576+0000] {dag.py:3427} INFO - Setting next_dagrun for example_task_group_decorator to 2022-12-06T14:05:12.575654+00:00, run_after=2022-12-07T14:05:12.575654+00:00
[2022-12-07T14:05:12.620+0000] {processor.py:175} INFO - Processing /home/airflow/.local/lib/python3.7/site-packages/airflow/example_dags/example_task_group_decorator.py took 0.259 seconds
[2022-12-07T14:05:42.862+0000] {processor.py:153} INFO - Started process (PID=130) to work on /home/airflow/.local/lib/python3.7/site-packages/airflow/example_dags/example_task_group_decorator.py
[2022-12-07T14:05:42.866+0000] {processor.py:743} INFO - Processing file /home/airflow/.local/lib/python3.7/site-packages/airflow/example_dags/example_task_group_decorator.py for tasks to queue
[2022-12-07T14:05:42.868+0000] {logging_mixin.py:137} INFO - [2022-12-07T14:05:42.868+0000] {dagbag.py:538} INFO - Filling up the DagBag from /home/airflow/.local/lib/python3.7/site-packages/airflow/example_dags/example_task_group_decorator.py
[2022-12-07T14:05:42.918+0000] {processor.py:753} INFO - DAG(s) dict_keys(['example_task_group_decorator']) retrieved from /home/airflow/.local/lib/python3.7/site-packages/airflow/example_dags/example_task_group_decorator.py
[2022-12-07T14:05:42.986+0000] {logging_mixin.py:137} INFO - [2022-12-07T14:05:42.986+0000] {dag.py:2676} INFO - Sync 1 DAGs
[2022-12-07T14:05:43.026+0000] {logging_mixin.py:137} INFO - [2022-12-07T14:05:43.026+0000] {dag.py:3427} INFO - Setting next_dagrun for example_task_group_decorator to 2022-12-06T14:05:43.025840+00:00, run_after=2022-12-07T14:05:43.025840+00:00
[2022-12-07T14:05:43.055+0000] {processor.py:175} INFO - Processing /home/airflow/.local/lib/python3.7/site-packages/airflow/example_dags/example_task_group_decorator.py took 0.198 seconds
[2022-12-07T14:06:13.794+0000] {processor.py:153} INFO - Started process (PID=200) to work on /home/airflow/.local/lib/python3.7/site-packages/airflow/example_dags/example_task_group_decorator.py
[2022-12-07T14:06:13.796+0000] {processor.py:743} INFO - Processing file /home/airflow/.local/lib/python3.7/site-packages/airflow/example_dags/example_task_group_decorator.py for tasks to queue
[2022-12-07T14:06:13.799+0000] {logging_mixin.py:137} INFO - [2022-12-07T14:06:13.798+0000] {dagbag.py:538} INFO - Filling up the DagBag from /home/airflow/.local/lib/python3.7/site-packages/airflow/example_dags/example_task_group_decorator.py
[2022-12-07T14:06:13.847+0000] {processor.py:753} INFO - DAG(s) dict_keys(['example_task_group_decorator']) retrieved from /home/airflow/.local/lib/python3.7/site-packages/airflow/example_dags/example_task_group_decorator.py
[2022-12-07T14:06:13.907+0000] {logging_mixin.py:137} INFO - [2022-12-07T14:06:13.906+0000] {dag.py:2676} INFO - Sync 1 DAGs
[2022-12-07T14:06:13.947+0000] {logging_mixin.py:137} INFO - [2022-12-07T14:06:13.946+0000] {dag.py:3427} INFO - Setting next_dagrun for example_task_group_decorator to 2022-12-06T14:06:13.946327+00:00, run_after=2022-12-07T14:06:13.946327+00:00
[2022-12-07T14:06:13.986+0000] {processor.py:175} INFO - Processing /home/airflow/.local/lib/python3.7/site-packages/airflow/example_dags/example_task_group_decorator.py took 0.198 seconds
[2022-12-07T14:06:44.034+0000] {processor.py:153} INFO - Started process (PID=270) to work on /home/airflow/.local/lib/python3.7/site-packages/airflow/example_dags/example_task_group_decorator.py
[2022-12-07T14:06:44.037+0000] {processor.py:743} INFO - Processing file /home/airflow/.local/lib/python3.7/site-packages/airflow/example_dags/example_task_group_decorator.py for tasks to queue
[2022-12-07T14:06:44.039+0000] {logging_mixin.py:137} INFO - [2022-12-07T14:06:44.039+0000] {dagbag.py:538} INFO - Filling up the DagBag from /home/airflow/.local/lib/python3.7/site-packages/airflow/example_dags/example_task_group_decorator.py
[2022-12-07T14:06:44.086+0000] {processor.py:753} INFO - DAG(s) dict_keys(['example_task_group_decorator']) retrieved from /home/airflow/.local/lib/python3.7/site-packages/airflow/example_dags/example_task_group_decorator.py
[2022-12-07T14:06:44.149+0000] {logging_mixin.py:137} INFO - [2022-12-07T14:06:44.149+0000] {dag.py:2676} INFO - Sync 1 DAGs
[2022-12-07T14:06:44.191+0000] {logging_mixin.py:137} INFO - [2022-12-07T14:06:44.191+0000] {dag.py:3427} INFO - Setting next_dagrun for example_task_group_decorator to 2022-12-06T14:06:44.190695+00:00, run_after=2022-12-07T14:06:44.190695+00:00
[2022-12-07T14:06:44.221+0000] {processor.py:175} INFO - Processing /home/airflow/.local/lib/python3.7/site-packages/airflow/example_dags/example_task_group_decorator.py took 0.192 seconds
[2022-12-07T14:07:18.435+0000] {processor.py:153} INFO - Started process (PID=356) to work on /home/airflow/.local/lib/python3.7/site-packages/airflow/example_dags/example_task_group_decorator.py
[2022-12-07T14:07:18.439+0000] {processor.py:743} INFO - Processing file /home/airflow/.local/lib/python3.7/site-packages/airflow/example_dags/example_task_group_decorator.py for tasks to queue
[2022-12-07T14:07:18.445+0000] {logging_mixin.py:137} INFO - [2022-12-07T14:07:18.444+0000] {dagbag.py:538} INFO - Filling up the DagBag from /home/airflow/.local/lib/python3.7/site-packages/airflow/example_dags/example_task_group_decorator.py
[2022-12-07T14:07:18.539+0000] {processor.py:753} INFO - DAG(s) dict_keys(['example_task_group_decorator']) retrieved from /home/airflow/.local/lib/python3.7/site-packages/airflow/example_dags/example_task_group_decorator.py
[2022-12-07T14:07:18.647+0000] {logging_mixin.py:137} INFO - [2022-12-07T14:07:18.647+0000] {dag.py:2676} INFO - Sync 1 DAGs
[2022-12-07T14:07:18.702+0000] {logging_mixin.py:137} INFO - [2022-12-07T14:07:18.702+0000] {dag.py:3427} INFO - Setting next_dagrun for example_task_group_decorator to 2022-12-06T14:07:18.701363+00:00, run_after=2022-12-07T14:07:18.701363+00:00
[2022-12-07T14:07:18.745+0000] {processor.py:175} INFO - Processing /home/airflow/.local/lib/python3.7/site-packages/airflow/example_dags/example_task_group_decorator.py took 0.319 seconds
[2022-12-07T14:07:49.336+0000] {processor.py:153} INFO - Started process (PID=426) to work on /home/airflow/.local/lib/python3.7/site-packages/airflow/example_dags/example_task_group_decorator.py
[2022-12-07T14:07:49.339+0000] {processor.py:743} INFO - Processing file /home/airflow/.local/lib/python3.7/site-packages/airflow/example_dags/example_task_group_decorator.py for tasks to queue
[2022-12-07T14:07:49.341+0000] {logging_mixin.py:137} INFO - [2022-12-07T14:07:49.341+0000] {dagbag.py:538} INFO - Filling up the DagBag from /home/airflow/.local/lib/python3.7/site-packages/airflow/example_dags/example_task_group_decorator.py
[2022-12-07T14:07:49.390+0000] {processor.py:753} INFO - DAG(s) dict_keys(['example_task_group_decorator']) retrieved from /home/airflow/.local/lib/python3.7/site-packages/airflow/example_dags/example_task_group_decorator.py
[2022-12-07T14:07:49.451+0000] {logging_mixin.py:137} INFO - [2022-12-07T14:07:49.451+0000] {dag.py:2676} INFO - Sync 1 DAGs
[2022-12-07T14:07:49.490+0000] {logging_mixin.py:137} INFO - [2022-12-07T14:07:49.490+0000] {dag.py:3427} INFO - Setting next_dagrun for example_task_group_decorator to 2022-12-06T14:07:49.489670+00:00, run_after=2022-12-07T14:07:49.489670+00:00
[2022-12-07T14:07:49.519+0000] {processor.py:175} INFO - Processing /home/airflow/.local/lib/python3.7/site-packages/airflow/example_dags/example_task_group_decorator.py took 0.188 seconds
[2022-12-07T14:08:19.811+0000] {processor.py:153} INFO - Started process (PID=496) to work on /home/airflow/.local/lib/python3.7/site-packages/airflow/example_dags/example_task_group_decorator.py
[2022-12-07T14:08:19.813+0000] {processor.py:743} INFO - Processing file /home/airflow/.local/lib/python3.7/site-packages/airflow/example_dags/example_task_group_decorator.py for tasks to queue
[2022-12-07T14:08:19.815+0000] {logging_mixin.py:137} INFO - [2022-12-07T14:08:19.815+0000] {dagbag.py:538} INFO - Filling up the DagBag from /home/airflow/.local/lib/python3.7/site-packages/airflow/example_dags/example_task_group_decorator.py
[2022-12-07T14:08:19.865+0000] {processor.py:753} INFO - DAG(s) dict_keys(['example_task_group_decorator']) retrieved from /home/airflow/.local/lib/python3.7/site-packages/airflow/example_dags/example_task_group_decorator.py
[2022-12-07T14:08:19.927+0000] {logging_mixin.py:137} INFO - [2022-12-07T14:08:19.927+0000] {dag.py:2676} INFO - Sync 1 DAGs
[2022-12-07T14:08:19.971+0000] {logging_mixin.py:137} INFO - [2022-12-07T14:08:19.971+0000] {dag.py:3427} INFO - Setting next_dagrun for example_task_group_decorator to 2022-12-06T14:08:19.971035+00:00, run_after=2022-12-07T14:08:19.971035+00:00
[2022-12-07T14:08:20.003+0000] {processor.py:175} INFO - Processing /home/airflow/.local/lib/python3.7/site-packages/airflow/example_dags/example_task_group_decorator.py took 0.198 seconds
[2022-12-07T14:08:50.230+0000] {processor.py:153} INFO - Started process (PID=566) to work on /home/airflow/.local/lib/python3.7/site-packages/airflow/example_dags/example_task_group_decorator.py
[2022-12-07T14:08:50.232+0000] {processor.py:743} INFO - Processing file /home/airflow/.local/lib/python3.7/site-packages/airflow/example_dags/example_task_group_decorator.py for tasks to queue
[2022-12-07T14:08:50.234+0000] {logging_mixin.py:137} INFO - [2022-12-07T14:08:50.234+0000] {dagbag.py:538} INFO - Filling up the DagBag from /home/airflow/.local/lib/python3.7/site-packages/airflow/example_dags/example_task_group_decorator.py
[2022-12-07T14:08:50.284+0000] {processor.py:753} INFO - DAG(s) dict_keys(['example_task_group_decorator']) retrieved from /home/airflow/.local/lib/python3.7/site-packages/airflow/example_dags/example_task_group_decorator.py
[2022-12-07T14:08:50.346+0000] {logging_mixin.py:137} INFO - [2022-12-07T14:08:50.345+0000] {dag.py:2676} INFO - Sync 1 DAGs
[2022-12-07T14:08:50.386+0000] {logging_mixin.py:137} INFO - [2022-12-07T14:08:50.386+0000] {dag.py:3427} INFO - Setting next_dagrun for example_task_group_decorator to 2022-12-06T14:08:50.386090+00:00, run_after=2022-12-07T14:08:50.386090+00:00
[2022-12-07T14:08:50.416+0000] {processor.py:175} INFO - Processing /home/airflow/.local/lib/python3.7/site-packages/airflow/example_dags/example_task_group_decorator.py took 0.192 seconds
[2022-12-07T14:09:20.687+0000] {processor.py:153} INFO - Started process (PID=652) to work on /home/airflow/.local/lib/python3.7/site-packages/airflow/example_dags/example_task_group_decorator.py
[2022-12-07T14:09:20.691+0000] {processor.py:743} INFO - Processing file /home/airflow/.local/lib/python3.7/site-packages/airflow/example_dags/example_task_group_decorator.py for tasks to queue
[2022-12-07T14:09:20.694+0000] {logging_mixin.py:137} INFO - [2022-12-07T14:09:20.694+0000] {dagbag.py:538} INFO - Filling up the DagBag from /home/airflow/.local/lib/python3.7/site-packages/airflow/example_dags/example_task_group_decorator.py
[2022-12-07T14:09:20.743+0000] {processor.py:753} INFO - DAG(s) dict_keys(['example_task_group_decorator']) retrieved from /home/airflow/.local/lib/python3.7/site-packages/airflow/example_dags/example_task_group_decorator.py
[2022-12-07T14:09:20.807+0000] {logging_mixin.py:137} INFO - [2022-12-07T14:09:20.807+0000] {dag.py:2676} INFO - Sync 1 DAGs
[2022-12-07T14:09:20.848+0000] {logging_mixin.py:137} INFO - [2022-12-07T14:09:20.847+0000] {dag.py:3427} INFO - Setting next_dagrun for example_task_group_decorator to 2022-12-06T14:09:20.847507+00:00, run_after=2022-12-07T14:09:20.847507+00:00
[2022-12-07T14:09:20.878+0000] {processor.py:175} INFO - Processing /home/airflow/.local/lib/python3.7/site-packages/airflow/example_dags/example_task_group_decorator.py took 0.197 seconds
[2022-12-07T14:09:51.108+0000] {processor.py:153} INFO - Started process (PID=722) to work on /home/airflow/.local/lib/python3.7/site-packages/airflow/example_dags/example_task_group_decorator.py
[2022-12-07T14:09:51.113+0000] {processor.py:743} INFO - Processing file /home/airflow/.local/lib/python3.7/site-packages/airflow/example_dags/example_task_group_decorator.py for tasks to queue
[2022-12-07T14:09:51.117+0000] {logging_mixin.py:137} INFO - [2022-12-07T14:09:51.116+0000] {dagbag.py:538} INFO - Filling up the DagBag from /home/airflow/.local/lib/python3.7/site-packages/airflow/example_dags/example_task_group_decorator.py
[2022-12-07T14:09:51.172+0000] {processor.py:753} INFO - DAG(s) dict_keys(['example_task_group_decorator']) retrieved from /home/airflow/.local/lib/python3.7/site-packages/airflow/example_dags/example_task_group_decorator.py
[2022-12-07T14:09:51.267+0000] {logging_mixin.py:137} INFO - [2022-12-07T14:09:51.266+0000] {dag.py:2676} INFO - Sync 1 DAGs
[2022-12-07T14:09:51.308+0000] {logging_mixin.py:137} INFO - [2022-12-07T14:09:51.308+0000] {dag.py:3427} INFO - Setting next_dagrun for example_task_group_decorator to 2022-12-06T14:09:51.308258+00:00, run_after=2022-12-07T14:09:51.308258+00:00
[2022-12-07T14:09:51.341+0000] {processor.py:175} INFO - Processing /home/airflow/.local/lib/python3.7/site-packages/airflow/example_dags/example_task_group_decorator.py took 0.240 seconds
[2022-12-07T14:10:21.664+0000] {processor.py:153} INFO - Started process (PID=792) to work on /home/airflow/.local/lib/python3.7/site-packages/airflow/example_dags/example_task_group_decorator.py
[2022-12-07T14:10:21.666+0000] {processor.py:743} INFO - Processing file /home/airflow/.local/lib/python3.7/site-packages/airflow/example_dags/example_task_group_decorator.py for tasks to queue
[2022-12-07T14:10:21.669+0000] {logging_mixin.py:137} INFO - [2022-12-07T14:10:21.669+0000] {dagbag.py:538} INFO - Filling up the DagBag from /home/airflow/.local/lib/python3.7/site-packages/airflow/example_dags/example_task_group_decorator.py
[2022-12-07T14:10:21.716+0000] {processor.py:753} INFO - DAG(s) dict_keys(['example_task_group_decorator']) retrieved from /home/airflow/.local/lib/python3.7/site-packages/airflow/example_dags/example_task_group_decorator.py
[2022-12-07T14:10:21.776+0000] {logging_mixin.py:137} INFO - [2022-12-07T14:10:21.776+0000] {dag.py:2676} INFO - Sync 1 DAGs
[2022-12-07T14:10:21.814+0000] {logging_mixin.py:137} INFO - [2022-12-07T14:10:21.814+0000] {dag.py:3427} INFO - Setting next_dagrun for example_task_group_decorator to 2022-12-06T14:10:21.814164+00:00, run_after=2022-12-07T14:10:21.814164+00:00
[2022-12-07T14:10:21.850+0000] {processor.py:175} INFO - Processing /home/airflow/.local/lib/python3.7/site-packages/airflow/example_dags/example_task_group_decorator.py took 0.192 seconds
[2022-12-07T14:10:52.233+0000] {processor.py:153} INFO - Started process (PID=872) to work on /home/airflow/.local/lib/python3.7/site-packages/airflow/example_dags/example_task_group_decorator.py
[2022-12-07T14:10:52.241+0000] {processor.py:743} INFO - Processing file /home/airflow/.local/lib/python3.7/site-packages/airflow/example_dags/example_task_group_decorator.py for tasks to queue
[2022-12-07T14:10:52.247+0000] {logging_mixin.py:137} INFO - [2022-12-07T14:10:52.246+0000] {dagbag.py:538} INFO - Filling up the DagBag from /home/airflow/.local/lib/python3.7/site-packages/airflow/example_dags/example_task_group_decorator.py
[2022-12-07T14:10:52.322+0000] {processor.py:753} INFO - DAG(s) dict_keys(['example_task_group_decorator']) retrieved from /home/airflow/.local/lib/python3.7/site-packages/airflow/example_dags/example_task_group_decorator.py
[2022-12-07T14:10:52.411+0000] {logging_mixin.py:137} INFO - [2022-12-07T14:10:52.411+0000] {dag.py:2676} INFO - Sync 1 DAGs
[2022-12-07T14:10:52.458+0000] {logging_mixin.py:137} INFO - [2022-12-07T14:10:52.458+0000] {dag.py:3427} INFO - Setting next_dagrun for example_task_group_decorator to 2022-12-06T14:10:52.457749+00:00, run_after=2022-12-07T14:10:52.457749+00:00
[2022-12-07T14:10:52.491+0000] {processor.py:175} INFO - Processing /home/airflow/.local/lib/python3.7/site-packages/airflow/example_dags/example_task_group_decorator.py took 0.275 seconds
[2022-12-07T14:11:22.741+0000] {processor.py:153} INFO - Started process (PID=949) to work on /home/airflow/.local/lib/python3.7/site-packages/airflow/example_dags/example_task_group_decorator.py
[2022-12-07T14:11:22.743+0000] {processor.py:743} INFO - Processing file /home/airflow/.local/lib/python3.7/site-packages/airflow/example_dags/example_task_group_decorator.py for tasks to queue
[2022-12-07T14:11:22.746+0000] {logging_mixin.py:137} INFO - [2022-12-07T14:11:22.745+0000] {dagbag.py:538} INFO - Filling up the DagBag from /home/airflow/.local/lib/python3.7/site-packages/airflow/example_dags/example_task_group_decorator.py
[2022-12-07T14:11:22.794+0000] {processor.py:753} INFO - DAG(s) dict_keys(['example_task_group_decorator']) retrieved from /home/airflow/.local/lib/python3.7/site-packages/airflow/example_dags/example_task_group_decorator.py
[2022-12-07T14:11:22.868+0000] {logging_mixin.py:137} INFO - [2022-12-07T14:11:22.868+0000] {dag.py:2676} INFO - Sync 1 DAGs
[2022-12-07T14:11:22.908+0000] {logging_mixin.py:137} INFO - [2022-12-07T14:11:22.908+0000] {dag.py:3427} INFO - Setting next_dagrun for example_task_group_decorator to 2022-12-06T14:11:22.907773+00:00, run_after=2022-12-07T14:11:22.907773+00:00
[2022-12-07T14:11:22.938+0000] {processor.py:175} INFO - Processing /home/airflow/.local/lib/python3.7/site-packages/airflow/example_dags/example_task_group_decorator.py took 0.203 seconds
[2022-12-07T14:11:53.303+0000] {processor.py:153} INFO - Started process (PID=1019) to work on /home/airflow/.local/lib/python3.7/site-packages/airflow/example_dags/example_task_group_decorator.py
[2022-12-07T14:11:53.311+0000] {processor.py:743} INFO - Processing file /home/airflow/.local/lib/python3.7/site-packages/airflow/example_dags/example_task_group_decorator.py for tasks to queue
[2022-12-07T14:11:53.314+0000] {logging_mixin.py:137} INFO - [2022-12-07T14:11:53.314+0000] {dagbag.py:538} INFO - Filling up the DagBag from /home/airflow/.local/lib/python3.7/site-packages/airflow/example_dags/example_task_group_decorator.py
[2022-12-07T14:11:53.427+0000] {processor.py:753} INFO - DAG(s) dict_keys(['example_task_group_decorator']) retrieved from /home/airflow/.local/lib/python3.7/site-packages/airflow/example_dags/example_task_group_decorator.py
[2022-12-07T14:11:53.520+0000] {logging_mixin.py:137} INFO - [2022-12-07T14:11:53.520+0000] {dag.py:2676} INFO - Sync 1 DAGs
[2022-12-07T14:11:53.569+0000] {logging_mixin.py:137} INFO - [2022-12-07T14:11:53.568+0000] {dag.py:3427} INFO - Setting next_dagrun for example_task_group_decorator to 2022-12-06T14:11:53.568471+00:00, run_after=2022-12-07T14:11:53.568471+00:00
[2022-12-07T14:11:53.608+0000] {processor.py:175} INFO - Processing /home/airflow/.local/lib/python3.7/site-packages/airflow/example_dags/example_task_group_decorator.py took 0.313 seconds
