[2022-12-07T13:59:11.667+0000] {processor.py:153} INFO - Started process (PID=58) to work on /home/airflow/.local/lib/python3.7/site-packages/airflow/example_dags/example_dag_decorator.py
[2022-12-07T13:59:11.670+0000] {processor.py:743} INFO - Processing file /home/airflow/.local/lib/python3.7/site-packages/airflow/example_dags/example_dag_decorator.py for tasks to queue
[2022-12-07T13:59:11.672+0000] {logging_mixin.py:137} INFO - [2022-12-07T13:59:11.672+0000] {dagbag.py:538} INFO - Filling up the DagBag from /home/airflow/.local/lib/python3.7/site-packages/airflow/example_dags/example_dag_decorator.py
[2022-12-07T13:59:11.704+0000] {logging_mixin.py:137} INFO - [2022-12-07T13:59:11.704+0000] {taskmixin.py:205} WARNING - Dependency <Task(_PythonDecoratedOperator): prepare_email>, send_email already registered for DAG: example_dag_decorator
[2022-12-07T13:59:11.706+0000] {logging_mixin.py:137} INFO - [2022-12-07T13:59:11.706+0000] {taskmixin.py:205} WARNING - Dependency <Task(EmailOperator): send_email>, prepare_email already registered for DAG: example_dag_decorator
[2022-12-07T13:59:11.738+0000] {processor.py:753} INFO - DAG(s) dict_keys(['example_dag_decorator']) retrieved from /home/airflow/.local/lib/python3.7/site-packages/airflow/example_dags/example_dag_decorator.py
[2022-12-07T13:59:11.872+0000] {logging_mixin.py:137} INFO - [2022-12-07T13:59:11.871+0000] {dag.py:2676} INFO - Sync 1 DAGs
[2022-12-07T13:59:11.912+0000] {logging_mixin.py:137} INFO - [2022-12-07T13:59:11.912+0000] {dag.py:3427} INFO - Setting next_dagrun for example_dag_decorator to None, run_after=None
[2022-12-07T13:59:11.944+0000] {processor.py:175} INFO - Processing /home/airflow/.local/lib/python3.7/site-packages/airflow/example_dags/example_dag_decorator.py took 0.283 seconds
[2022-12-07T13:59:42.511+0000] {processor.py:153} INFO - Started process (PID=128) to work on /home/airflow/.local/lib/python3.7/site-packages/airflow/example_dags/example_dag_decorator.py
[2022-12-07T13:59:42.514+0000] {processor.py:743} INFO - Processing file /home/airflow/.local/lib/python3.7/site-packages/airflow/example_dags/example_dag_decorator.py for tasks to queue
[2022-12-07T13:59:42.516+0000] {logging_mixin.py:137} INFO - [2022-12-07T13:59:42.516+0000] {dagbag.py:538} INFO - Filling up the DagBag from /home/airflow/.local/lib/python3.7/site-packages/airflow/example_dags/example_dag_decorator.py
[2022-12-07T13:59:42.547+0000] {logging_mixin.py:137} INFO - [2022-12-07T13:59:42.547+0000] {taskmixin.py:205} WARNING - Dependency <Task(_PythonDecoratedOperator): prepare_email>, send_email already registered for DAG: example_dag_decorator
[2022-12-07T13:59:42.549+0000] {logging_mixin.py:137} INFO - [2022-12-07T13:59:42.549+0000] {taskmixin.py:205} WARNING - Dependency <Task(EmailOperator): send_email>, prepare_email already registered for DAG: example_dag_decorator
[2022-12-07T13:59:42.569+0000] {processor.py:753} INFO - DAG(s) dict_keys(['example_dag_decorator']) retrieved from /home/airflow/.local/lib/python3.7/site-packages/airflow/example_dags/example_dag_decorator.py
[2022-12-07T13:59:42.690+0000] {logging_mixin.py:137} INFO - [2022-12-07T13:59:42.690+0000] {dag.py:2676} INFO - Sync 1 DAGs
[2022-12-07T13:59:42.727+0000] {logging_mixin.py:137} INFO - [2022-12-07T13:59:42.727+0000] {dag.py:3427} INFO - Setting next_dagrun for example_dag_decorator to None, run_after=None
[2022-12-07T13:59:42.757+0000] {processor.py:175} INFO - Processing /home/airflow/.local/lib/python3.7/site-packages/airflow/example_dags/example_dag_decorator.py took 0.252 seconds
[2022-12-07T14:00:13.032+0000] {processor.py:153} INFO - Started process (PID=198) to work on /home/airflow/.local/lib/python3.7/site-packages/airflow/example_dags/example_dag_decorator.py
[2022-12-07T14:00:13.035+0000] {processor.py:743} INFO - Processing file /home/airflow/.local/lib/python3.7/site-packages/airflow/example_dags/example_dag_decorator.py for tasks to queue
[2022-12-07T14:00:13.037+0000] {logging_mixin.py:137} INFO - [2022-12-07T14:00:13.037+0000] {dagbag.py:538} INFO - Filling up the DagBag from /home/airflow/.local/lib/python3.7/site-packages/airflow/example_dags/example_dag_decorator.py
[2022-12-07T14:00:13.068+0000] {logging_mixin.py:137} INFO - [2022-12-07T14:00:13.068+0000] {taskmixin.py:205} WARNING - Dependency <Task(_PythonDecoratedOperator): prepare_email>, send_email already registered for DAG: example_dag_decorator
[2022-12-07T14:00:13.070+0000] {logging_mixin.py:137} INFO - [2022-12-07T14:00:13.070+0000] {taskmixin.py:205} WARNING - Dependency <Task(EmailOperator): send_email>, prepare_email already registered for DAG: example_dag_decorator
[2022-12-07T14:00:13.091+0000] {processor.py:753} INFO - DAG(s) dict_keys(['example_dag_decorator']) retrieved from /home/airflow/.local/lib/python3.7/site-packages/airflow/example_dags/example_dag_decorator.py
[2022-12-07T14:00:13.219+0000] {logging_mixin.py:137} INFO - [2022-12-07T14:00:13.219+0000] {dag.py:2676} INFO - Sync 1 DAGs
[2022-12-07T14:00:13.262+0000] {logging_mixin.py:137} INFO - [2022-12-07T14:00:13.262+0000] {dag.py:3427} INFO - Setting next_dagrun for example_dag_decorator to None, run_after=None
[2022-12-07T14:00:13.297+0000] {processor.py:175} INFO - Processing /home/airflow/.local/lib/python3.7/site-packages/airflow/example_dags/example_dag_decorator.py took 0.271 seconds
[2022-12-07T14:00:44.359+0000] {processor.py:153} INFO - Started process (PID=284) to work on /home/airflow/.local/lib/python3.7/site-packages/airflow/example_dags/example_dag_decorator.py
[2022-12-07T14:00:44.363+0000] {processor.py:743} INFO - Processing file /home/airflow/.local/lib/python3.7/site-packages/airflow/example_dags/example_dag_decorator.py for tasks to queue
[2022-12-07T14:00:44.367+0000] {logging_mixin.py:137} INFO - [2022-12-07T14:00:44.367+0000] {dagbag.py:538} INFO - Filling up the DagBag from /home/airflow/.local/lib/python3.7/site-packages/airflow/example_dags/example_dag_decorator.py
[2022-12-07T14:00:44.416+0000] {logging_mixin.py:137} INFO - [2022-12-07T14:00:44.416+0000] {taskmixin.py:205} WARNING - Dependency <Task(_PythonDecoratedOperator): prepare_email>, send_email already registered for DAG: example_dag_decorator
[2022-12-07T14:00:44.419+0000] {logging_mixin.py:137} INFO - [2022-12-07T14:00:44.418+0000] {taskmixin.py:205} WARNING - Dependency <Task(EmailOperator): send_email>, prepare_email already registered for DAG: example_dag_decorator
[2022-12-07T14:00:44.446+0000] {processor.py:753} INFO - DAG(s) dict_keys(['example_dag_decorator']) retrieved from /home/airflow/.local/lib/python3.7/site-packages/airflow/example_dags/example_dag_decorator.py
[2022-12-07T14:00:44.637+0000] {logging_mixin.py:137} INFO - [2022-12-07T14:00:44.637+0000] {dag.py:2676} INFO - Sync 1 DAGs
[2022-12-07T14:00:44.678+0000] {logging_mixin.py:137} INFO - [2022-12-07T14:00:44.678+0000] {dag.py:3427} INFO - Setting next_dagrun for example_dag_decorator to None, run_after=None
[2022-12-07T14:00:44.713+0000] {processor.py:175} INFO - Processing /home/airflow/.local/lib/python3.7/site-packages/airflow/example_dags/example_dag_decorator.py took 0.363 seconds
[2022-12-07T14:01:14.957+0000] {processor.py:153} INFO - Started process (PID=355) to work on /home/airflow/.local/lib/python3.7/site-packages/airflow/example_dags/example_dag_decorator.py
[2022-12-07T14:01:14.959+0000] {processor.py:743} INFO - Processing file /home/airflow/.local/lib/python3.7/site-packages/airflow/example_dags/example_dag_decorator.py for tasks to queue
[2022-12-07T14:01:14.961+0000] {logging_mixin.py:137} INFO - [2022-12-07T14:01:14.961+0000] {dagbag.py:538} INFO - Filling up the DagBag from /home/airflow/.local/lib/python3.7/site-packages/airflow/example_dags/example_dag_decorator.py
[2022-12-07T14:01:14.991+0000] {logging_mixin.py:137} INFO - [2022-12-07T14:01:14.990+0000] {taskmixin.py:205} WARNING - Dependency <Task(_PythonDecoratedOperator): prepare_email>, send_email already registered for DAG: example_dag_decorator
[2022-12-07T14:01:14.992+0000] {logging_mixin.py:137} INFO - [2022-12-07T14:01:14.992+0000] {taskmixin.py:205} WARNING - Dependency <Task(EmailOperator): send_email>, prepare_email already registered for DAG: example_dag_decorator
[2022-12-07T14:01:15.015+0000] {processor.py:753} INFO - DAG(s) dict_keys(['example_dag_decorator']) retrieved from /home/airflow/.local/lib/python3.7/site-packages/airflow/example_dags/example_dag_decorator.py
[2022-12-07T14:01:15.145+0000] {logging_mixin.py:137} INFO - [2022-12-07T14:01:15.144+0000] {dag.py:2676} INFO - Sync 1 DAGs
[2022-12-07T14:01:15.185+0000] {logging_mixin.py:137} INFO - [2022-12-07T14:01:15.185+0000] {dag.py:3427} INFO - Setting next_dagrun for example_dag_decorator to None, run_after=None
[2022-12-07T14:01:15.228+0000] {processor.py:175} INFO - Processing /home/airflow/.local/lib/python3.7/site-packages/airflow/example_dags/example_dag_decorator.py took 0.276 seconds
[2022-12-07T14:01:45.545+0000] {processor.py:153} INFO - Started process (PID=424) to work on /home/airflow/.local/lib/python3.7/site-packages/airflow/example_dags/example_dag_decorator.py
[2022-12-07T14:01:45.549+0000] {processor.py:743} INFO - Processing file /home/airflow/.local/lib/python3.7/site-packages/airflow/example_dags/example_dag_decorator.py for tasks to queue
[2022-12-07T14:01:45.555+0000] {logging_mixin.py:137} INFO - [2022-12-07T14:01:45.554+0000] {dagbag.py:538} INFO - Filling up the DagBag from /home/airflow/.local/lib/python3.7/site-packages/airflow/example_dags/example_dag_decorator.py
[2022-12-07T14:01:45.592+0000] {logging_mixin.py:137} INFO - [2022-12-07T14:01:45.592+0000] {taskmixin.py:205} WARNING - Dependency <Task(_PythonDecoratedOperator): prepare_email>, send_email already registered for DAG: example_dag_decorator
[2022-12-07T14:01:45.594+0000] {logging_mixin.py:137} INFO - [2022-12-07T14:01:45.594+0000] {taskmixin.py:205} WARNING - Dependency <Task(EmailOperator): send_email>, prepare_email already registered for DAG: example_dag_decorator
[2022-12-07T14:01:45.622+0000] {processor.py:753} INFO - DAG(s) dict_keys(['example_dag_decorator']) retrieved from /home/airflow/.local/lib/python3.7/site-packages/airflow/example_dags/example_dag_decorator.py
[2022-12-07T14:01:45.777+0000] {logging_mixin.py:137} INFO - [2022-12-07T14:01:45.776+0000] {dag.py:2676} INFO - Sync 1 DAGs
[2022-12-07T14:01:45.822+0000] {logging_mixin.py:137} INFO - [2022-12-07T14:01:45.822+0000] {dag.py:3427} INFO - Setting next_dagrun for example_dag_decorator to None, run_after=None
[2022-12-07T14:01:45.860+0000] {processor.py:175} INFO - Processing /home/airflow/.local/lib/python3.7/site-packages/airflow/example_dags/example_dag_decorator.py took 0.324 seconds
[2022-12-07T14:02:16.467+0000] {processor.py:153} INFO - Started process (PID=494) to work on /home/airflow/.local/lib/python3.7/site-packages/airflow/example_dags/example_dag_decorator.py
[2022-12-07T14:02:16.470+0000] {processor.py:743} INFO - Processing file /home/airflow/.local/lib/python3.7/site-packages/airflow/example_dags/example_dag_decorator.py for tasks to queue
[2022-12-07T14:02:16.472+0000] {logging_mixin.py:137} INFO - [2022-12-07T14:02:16.472+0000] {dagbag.py:538} INFO - Filling up the DagBag from /home/airflow/.local/lib/python3.7/site-packages/airflow/example_dags/example_dag_decorator.py
[2022-12-07T14:02:16.501+0000] {logging_mixin.py:137} INFO - [2022-12-07T14:02:16.501+0000] {taskmixin.py:205} WARNING - Dependency <Task(_PythonDecoratedOperator): prepare_email>, send_email already registered for DAG: example_dag_decorator
[2022-12-07T14:02:16.503+0000] {logging_mixin.py:137} INFO - [2022-12-07T14:02:16.503+0000] {taskmixin.py:205} WARNING - Dependency <Task(EmailOperator): send_email>, prepare_email already registered for DAG: example_dag_decorator
[2022-12-07T14:02:16.523+0000] {processor.py:753} INFO - DAG(s) dict_keys(['example_dag_decorator']) retrieved from /home/airflow/.local/lib/python3.7/site-packages/airflow/example_dags/example_dag_decorator.py
[2022-12-07T14:02:16.652+0000] {logging_mixin.py:137} INFO - [2022-12-07T14:02:16.651+0000] {dag.py:2676} INFO - Sync 1 DAGs
[2022-12-07T14:02:16.696+0000] {logging_mixin.py:137} INFO - [2022-12-07T14:02:16.696+0000] {dag.py:3427} INFO - Setting next_dagrun for example_dag_decorator to None, run_after=None
[2022-12-07T14:02:16.732+0000] {processor.py:175} INFO - Processing /home/airflow/.local/lib/python3.7/site-packages/airflow/example_dags/example_dag_decorator.py took 0.270 seconds
[2022-12-07T14:02:47.551+0000] {processor.py:153} INFO - Started process (PID=582) to work on /home/airflow/.local/lib/python3.7/site-packages/airflow/example_dags/example_dag_decorator.py
[2022-12-07T14:02:47.554+0000] {processor.py:743} INFO - Processing file /home/airflow/.local/lib/python3.7/site-packages/airflow/example_dags/example_dag_decorator.py for tasks to queue
[2022-12-07T14:02:47.556+0000] {logging_mixin.py:137} INFO - [2022-12-07T14:02:47.556+0000] {dagbag.py:538} INFO - Filling up the DagBag from /home/airflow/.local/lib/python3.7/site-packages/airflow/example_dags/example_dag_decorator.py
[2022-12-07T14:02:47.588+0000] {logging_mixin.py:137} INFO - [2022-12-07T14:02:47.588+0000] {taskmixin.py:205} WARNING - Dependency <Task(_PythonDecoratedOperator): prepare_email>, send_email already registered for DAG: example_dag_decorator
[2022-12-07T14:02:47.590+0000] {logging_mixin.py:137} INFO - [2022-12-07T14:02:47.590+0000] {taskmixin.py:205} WARNING - Dependency <Task(EmailOperator): send_email>, prepare_email already registered for DAG: example_dag_decorator
[2022-12-07T14:02:47.611+0000] {processor.py:753} INFO - DAG(s) dict_keys(['example_dag_decorator']) retrieved from /home/airflow/.local/lib/python3.7/site-packages/airflow/example_dags/example_dag_decorator.py
[2022-12-07T14:02:47.741+0000] {logging_mixin.py:137} INFO - [2022-12-07T14:02:47.741+0000] {dag.py:2676} INFO - Sync 1 DAGs
[2022-12-07T14:02:47.781+0000] {logging_mixin.py:137} INFO - [2022-12-07T14:02:47.781+0000] {dag.py:3427} INFO - Setting next_dagrun for example_dag_decorator to None, run_after=None
[2022-12-07T14:02:47.814+0000] {processor.py:175} INFO - Processing /home/airflow/.local/lib/python3.7/site-packages/airflow/example_dags/example_dag_decorator.py took 0.268 seconds
[2022-12-07T14:03:18.048+0000] {processor.py:153} INFO - Started process (PID=652) to work on /home/airflow/.local/lib/python3.7/site-packages/airflow/example_dags/example_dag_decorator.py
[2022-12-07T14:03:18.051+0000] {processor.py:743} INFO - Processing file /home/airflow/.local/lib/python3.7/site-packages/airflow/example_dags/example_dag_decorator.py for tasks to queue
[2022-12-07T14:03:18.053+0000] {logging_mixin.py:137} INFO - [2022-12-07T14:03:18.052+0000] {dagbag.py:538} INFO - Filling up the DagBag from /home/airflow/.local/lib/python3.7/site-packages/airflow/example_dags/example_dag_decorator.py
[2022-12-07T14:03:18.082+0000] {logging_mixin.py:137} INFO - [2022-12-07T14:03:18.081+0000] {taskmixin.py:205} WARNING - Dependency <Task(_PythonDecoratedOperator): prepare_email>, send_email already registered for DAG: example_dag_decorator
[2022-12-07T14:03:18.083+0000] {logging_mixin.py:137} INFO - [2022-12-07T14:03:18.083+0000] {taskmixin.py:205} WARNING - Dependency <Task(EmailOperator): send_email>, prepare_email already registered for DAG: example_dag_decorator
[2022-12-07T14:03:18.105+0000] {processor.py:753} INFO - DAG(s) dict_keys(['example_dag_decorator']) retrieved from /home/airflow/.local/lib/python3.7/site-packages/airflow/example_dags/example_dag_decorator.py
[2022-12-07T14:03:18.233+0000] {logging_mixin.py:137} INFO - [2022-12-07T14:03:18.233+0000] {dag.py:2676} INFO - Sync 1 DAGs
[2022-12-07T14:03:18.283+0000] {logging_mixin.py:137} INFO - [2022-12-07T14:03:18.282+0000] {dag.py:3427} INFO - Setting next_dagrun for example_dag_decorator to None, run_after=None
[2022-12-07T14:03:18.323+0000] {processor.py:175} INFO - Processing /home/airflow/.local/lib/python3.7/site-packages/airflow/example_dags/example_dag_decorator.py took 0.281 seconds
[2022-12-07T14:03:48.822+0000] {processor.py:153} INFO - Started process (PID=722) to work on /home/airflow/.local/lib/python3.7/site-packages/airflow/example_dags/example_dag_decorator.py
[2022-12-07T14:03:48.824+0000] {processor.py:743} INFO - Processing file /home/airflow/.local/lib/python3.7/site-packages/airflow/example_dags/example_dag_decorator.py for tasks to queue
[2022-12-07T14:03:48.827+0000] {logging_mixin.py:137} INFO - [2022-12-07T14:03:48.827+0000] {dagbag.py:538} INFO - Filling up the DagBag from /home/airflow/.local/lib/python3.7/site-packages/airflow/example_dags/example_dag_decorator.py
[2022-12-07T14:03:48.857+0000] {logging_mixin.py:137} INFO - [2022-12-07T14:03:48.856+0000] {taskmixin.py:205} WARNING - Dependency <Task(_PythonDecoratedOperator): prepare_email>, send_email already registered for DAG: example_dag_decorator
[2022-12-07T14:03:48.859+0000] {logging_mixin.py:137} INFO - [2022-12-07T14:03:48.858+0000] {taskmixin.py:205} WARNING - Dependency <Task(EmailOperator): send_email>, prepare_email already registered for DAG: example_dag_decorator
[2022-12-07T14:03:48.879+0000] {processor.py:753} INFO - DAG(s) dict_keys(['example_dag_decorator']) retrieved from /home/airflow/.local/lib/python3.7/site-packages/airflow/example_dags/example_dag_decorator.py
[2022-12-07T14:03:49.004+0000] {logging_mixin.py:137} INFO - [2022-12-07T14:03:49.003+0000] {dag.py:2676} INFO - Sync 1 DAGs
[2022-12-07T14:03:49.042+0000] {logging_mixin.py:137} INFO - [2022-12-07T14:03:49.042+0000] {dag.py:3427} INFO - Setting next_dagrun for example_dag_decorator to None, run_after=None
[2022-12-07T14:03:49.074+0000] {processor.py:175} INFO - Processing /home/airflow/.local/lib/python3.7/site-packages/airflow/example_dags/example_dag_decorator.py took 0.258 seconds
[2022-12-07T14:05:12.029+0000] {processor.py:153} INFO - Started process (PID=50) to work on /home/airflow/.local/lib/python3.7/site-packages/airflow/example_dags/example_dag_decorator.py
[2022-12-07T14:05:12.036+0000] {processor.py:743} INFO - Processing file /home/airflow/.local/lib/python3.7/site-packages/airflow/example_dags/example_dag_decorator.py for tasks to queue
[2022-12-07T14:05:12.040+0000] {logging_mixin.py:137} INFO - [2022-12-07T14:05:12.040+0000] {dagbag.py:538} INFO - Filling up the DagBag from /home/airflow/.local/lib/python3.7/site-packages/airflow/example_dags/example_dag_decorator.py
[2022-12-07T14:05:12.102+0000] {logging_mixin.py:137} INFO - [2022-12-07T14:05:12.102+0000] {taskmixin.py:205} WARNING - Dependency <Task(_PythonDecoratedOperator): prepare_email>, send_email already registered for DAG: example_dag_decorator
[2022-12-07T14:05:12.104+0000] {logging_mixin.py:137} INFO - [2022-12-07T14:05:12.104+0000] {taskmixin.py:205} WARNING - Dependency <Task(EmailOperator): send_email>, prepare_email already registered for DAG: example_dag_decorator
[2022-12-07T14:05:12.135+0000] {processor.py:753} INFO - DAG(s) dict_keys(['example_dag_decorator']) retrieved from /home/airflow/.local/lib/python3.7/site-packages/airflow/example_dags/example_dag_decorator.py
[2022-12-07T14:05:12.213+0000] {logging_mixin.py:137} INFO - [2022-12-07T14:05:12.213+0000] {dag.py:2676} INFO - Sync 1 DAGs
[2022-12-07T14:05:12.263+0000] {logging_mixin.py:137} INFO - [2022-12-07T14:05:12.263+0000] {dag.py:3427} INFO - Setting next_dagrun for example_dag_decorator to None, run_after=None
[2022-12-07T14:05:12.301+0000] {processor.py:175} INFO - Processing /home/airflow/.local/lib/python3.7/site-packages/airflow/example_dags/example_dag_decorator.py took 0.278 seconds
[2022-12-07T14:05:42.619+0000] {processor.py:153} INFO - Started process (PID=128) to work on /home/airflow/.local/lib/python3.7/site-packages/airflow/example_dags/example_dag_decorator.py
[2022-12-07T14:05:42.622+0000] {processor.py:743} INFO - Processing file /home/airflow/.local/lib/python3.7/site-packages/airflow/example_dags/example_dag_decorator.py for tasks to queue
[2022-12-07T14:05:42.624+0000] {logging_mixin.py:137} INFO - [2022-12-07T14:05:42.623+0000] {dagbag.py:538} INFO - Filling up the DagBag from /home/airflow/.local/lib/python3.7/site-packages/airflow/example_dags/example_dag_decorator.py
[2022-12-07T14:05:42.654+0000] {logging_mixin.py:137} INFO - [2022-12-07T14:05:42.654+0000] {taskmixin.py:205} WARNING - Dependency <Task(_PythonDecoratedOperator): prepare_email>, send_email already registered for DAG: example_dag_decorator
[2022-12-07T14:05:42.657+0000] {logging_mixin.py:137} INFO - [2022-12-07T14:05:42.657+0000] {taskmixin.py:205} WARNING - Dependency <Task(EmailOperator): send_email>, prepare_email already registered for DAG: example_dag_decorator
[2022-12-07T14:05:42.678+0000] {processor.py:753} INFO - DAG(s) dict_keys(['example_dag_decorator']) retrieved from /home/airflow/.local/lib/python3.7/site-packages/airflow/example_dags/example_dag_decorator.py
[2022-12-07T14:05:42.804+0000] {logging_mixin.py:137} INFO - [2022-12-07T14:05:42.804+0000] {dag.py:2676} INFO - Sync 1 DAGs
[2022-12-07T14:05:42.845+0000] {logging_mixin.py:137} INFO - [2022-12-07T14:05:42.845+0000] {dag.py:3427} INFO - Setting next_dagrun for example_dag_decorator to None, run_after=None
[2022-12-07T14:05:42.881+0000] {processor.py:175} INFO - Processing /home/airflow/.local/lib/python3.7/site-packages/airflow/example_dags/example_dag_decorator.py took 0.269 seconds
[2022-12-07T14:06:13.554+0000] {processor.py:153} INFO - Started process (PID=198) to work on /home/airflow/.local/lib/python3.7/site-packages/airflow/example_dags/example_dag_decorator.py
[2022-12-07T14:06:13.557+0000] {processor.py:743} INFO - Processing file /home/airflow/.local/lib/python3.7/site-packages/airflow/example_dags/example_dag_decorator.py for tasks to queue
[2022-12-07T14:06:13.560+0000] {logging_mixin.py:137} INFO - [2022-12-07T14:06:13.559+0000] {dagbag.py:538} INFO - Filling up the DagBag from /home/airflow/.local/lib/python3.7/site-packages/airflow/example_dags/example_dag_decorator.py
[2022-12-07T14:06:13.589+0000] {logging_mixin.py:137} INFO - [2022-12-07T14:06:13.589+0000] {taskmixin.py:205} WARNING - Dependency <Task(_PythonDecoratedOperator): prepare_email>, send_email already registered for DAG: example_dag_decorator
[2022-12-07T14:06:13.591+0000] {logging_mixin.py:137} INFO - [2022-12-07T14:06:13.591+0000] {taskmixin.py:205} WARNING - Dependency <Task(EmailOperator): send_email>, prepare_email already registered for DAG: example_dag_decorator
[2022-12-07T14:06:13.611+0000] {processor.py:753} INFO - DAG(s) dict_keys(['example_dag_decorator']) retrieved from /home/airflow/.local/lib/python3.7/site-packages/airflow/example_dags/example_dag_decorator.py
[2022-12-07T14:06:13.741+0000] {logging_mixin.py:137} INFO - [2022-12-07T14:06:13.741+0000] {dag.py:2676} INFO - Sync 1 DAGs
[2022-12-07T14:06:13.780+0000] {logging_mixin.py:137} INFO - [2022-12-07T14:06:13.780+0000] {dag.py:3427} INFO - Setting next_dagrun for example_dag_decorator to None, run_after=None
[2022-12-07T14:06:13.811+0000] {processor.py:175} INFO - Processing /home/airflow/.local/lib/python3.7/site-packages/airflow/example_dags/example_dag_decorator.py took 0.263 seconds
[2022-12-07T14:06:44.029+0000] {processor.py:153} INFO - Started process (PID=269) to work on /home/airflow/.local/lib/python3.7/site-packages/airflow/example_dags/example_dag_decorator.py
[2022-12-07T14:06:44.032+0000] {processor.py:743} INFO - Processing file /home/airflow/.local/lib/python3.7/site-packages/airflow/example_dags/example_dag_decorator.py for tasks to queue
[2022-12-07T14:06:44.034+0000] {logging_mixin.py:137} INFO - [2022-12-07T14:06:44.034+0000] {dagbag.py:538} INFO - Filling up the DagBag from /home/airflow/.local/lib/python3.7/site-packages/airflow/example_dags/example_dag_decorator.py
[2022-12-07T14:06:44.064+0000] {logging_mixin.py:137} INFO - [2022-12-07T14:06:44.063+0000] {taskmixin.py:205} WARNING - Dependency <Task(_PythonDecoratedOperator): prepare_email>, send_email already registered for DAG: example_dag_decorator
[2022-12-07T14:06:44.066+0000] {logging_mixin.py:137} INFO - [2022-12-07T14:06:44.065+0000] {taskmixin.py:205} WARNING - Dependency <Task(EmailOperator): send_email>, prepare_email already registered for DAG: example_dag_decorator
[2022-12-07T14:06:44.086+0000] {processor.py:753} INFO - DAG(s) dict_keys(['example_dag_decorator']) retrieved from /home/airflow/.local/lib/python3.7/site-packages/airflow/example_dags/example_dag_decorator.py
[2022-12-07T14:06:44.210+0000] {logging_mixin.py:137} INFO - [2022-12-07T14:06:44.210+0000] {dag.py:2676} INFO - Sync 1 DAGs
[2022-12-07T14:06:44.248+0000] {logging_mixin.py:137} INFO - [2022-12-07T14:06:44.248+0000] {dag.py:3427} INFO - Setting next_dagrun for example_dag_decorator to None, run_after=None
[2022-12-07T14:06:44.278+0000] {processor.py:175} INFO - Processing /home/airflow/.local/lib/python3.7/site-packages/airflow/example_dags/example_dag_decorator.py took 0.256 seconds
[2022-12-07T14:07:17.021+0000] {processor.py:153} INFO - Started process (PID=347) to work on /home/airflow/.local/lib/python3.7/site-packages/airflow/example_dags/example_dag_decorator.py
[2022-12-07T14:07:17.056+0000] {processor.py:743} INFO - Processing file /home/airflow/.local/lib/python3.7/site-packages/airflow/example_dags/example_dag_decorator.py for tasks to queue
[2022-12-07T14:07:17.061+0000] {logging_mixin.py:137} INFO - [2022-12-07T14:07:17.060+0000] {dagbag.py:538} INFO - Filling up the DagBag from /home/airflow/.local/lib/python3.7/site-packages/airflow/example_dags/example_dag_decorator.py
[2022-12-07T14:07:17.187+0000] {logging_mixin.py:137} INFO - [2022-12-07T14:07:17.187+0000] {taskmixin.py:205} WARNING - Dependency <Task(_PythonDecoratedOperator): prepare_email>, send_email already registered for DAG: example_dag_decorator
[2022-12-07T14:07:17.392+0000] {logging_mixin.py:137} INFO - [2022-12-07T14:07:17.392+0000] {taskmixin.py:205} WARNING - Dependency <Task(EmailOperator): send_email>, prepare_email already registered for DAG: example_dag_decorator
[2022-12-07T14:07:17.522+0000] {processor.py:753} INFO - DAG(s) dict_keys(['example_dag_decorator']) retrieved from /home/airflow/.local/lib/python3.7/site-packages/airflow/example_dags/example_dag_decorator.py
[2022-12-07T14:07:18.154+0000] {logging_mixin.py:137} INFO - [2022-12-07T14:07:18.153+0000] {dag.py:2676} INFO - Sync 1 DAGs
[2022-12-07T14:07:18.251+0000] {logging_mixin.py:137} INFO - [2022-12-07T14:07:18.251+0000] {dag.py:3427} INFO - Setting next_dagrun for example_dag_decorator to None, run_after=None
[2022-12-07T14:07:18.364+0000] {processor.py:175} INFO - Processing /home/airflow/.local/lib/python3.7/site-packages/airflow/example_dags/example_dag_decorator.py took 1.372 seconds
[2022-12-07T14:07:49.093+0000] {processor.py:153} INFO - Started process (PID=424) to work on /home/airflow/.local/lib/python3.7/site-packages/airflow/example_dags/example_dag_decorator.py
[2022-12-07T14:07:49.097+0000] {processor.py:743} INFO - Processing file /home/airflow/.local/lib/python3.7/site-packages/airflow/example_dags/example_dag_decorator.py for tasks to queue
[2022-12-07T14:07:49.099+0000] {logging_mixin.py:137} INFO - [2022-12-07T14:07:49.099+0000] {dagbag.py:538} INFO - Filling up the DagBag from /home/airflow/.local/lib/python3.7/site-packages/airflow/example_dags/example_dag_decorator.py
[2022-12-07T14:07:49.130+0000] {logging_mixin.py:137} INFO - [2022-12-07T14:07:49.130+0000] {taskmixin.py:205} WARNING - Dependency <Task(_PythonDecoratedOperator): prepare_email>, send_email already registered for DAG: example_dag_decorator
[2022-12-07T14:07:49.132+0000] {logging_mixin.py:137} INFO - [2022-12-07T14:07:49.132+0000] {taskmixin.py:205} WARNING - Dependency <Task(EmailOperator): send_email>, prepare_email already registered for DAG: example_dag_decorator
[2022-12-07T14:07:49.154+0000] {processor.py:753} INFO - DAG(s) dict_keys(['example_dag_decorator']) retrieved from /home/airflow/.local/lib/python3.7/site-packages/airflow/example_dags/example_dag_decorator.py
[2022-12-07T14:07:49.288+0000] {logging_mixin.py:137} INFO - [2022-12-07T14:07:49.288+0000] {dag.py:2676} INFO - Sync 1 DAGs
[2022-12-07T14:07:49.326+0000] {logging_mixin.py:137} INFO - [2022-12-07T14:07:49.326+0000] {dag.py:3427} INFO - Setting next_dagrun for example_dag_decorator to None, run_after=None
[2022-12-07T14:07:49.357+0000] {processor.py:175} INFO - Processing /home/airflow/.local/lib/python3.7/site-packages/airflow/example_dags/example_dag_decorator.py took 0.270 seconds
[2022-12-07T14:08:19.584+0000] {processor.py:153} INFO - Started process (PID=494) to work on /home/airflow/.local/lib/python3.7/site-packages/airflow/example_dags/example_dag_decorator.py
[2022-12-07T14:08:19.596+0000] {processor.py:743} INFO - Processing file /home/airflow/.local/lib/python3.7/site-packages/airflow/example_dags/example_dag_decorator.py for tasks to queue
[2022-12-07T14:08:19.598+0000] {logging_mixin.py:137} INFO - [2022-12-07T14:08:19.597+0000] {dagbag.py:538} INFO - Filling up the DagBag from /home/airflow/.local/lib/python3.7/site-packages/airflow/example_dags/example_dag_decorator.py
[2022-12-07T14:08:19.626+0000] {logging_mixin.py:137} INFO - [2022-12-07T14:08:19.626+0000] {taskmixin.py:205} WARNING - Dependency <Task(_PythonDecoratedOperator): prepare_email>, send_email already registered for DAG: example_dag_decorator
[2022-12-07T14:08:19.628+0000] {logging_mixin.py:137} INFO - [2022-12-07T14:08:19.628+0000] {taskmixin.py:205} WARNING - Dependency <Task(EmailOperator): send_email>, prepare_email already registered for DAG: example_dag_decorator
[2022-12-07T14:08:19.649+0000] {processor.py:753} INFO - DAG(s) dict_keys(['example_dag_decorator']) retrieved from /home/airflow/.local/lib/python3.7/site-packages/airflow/example_dags/example_dag_decorator.py
[2022-12-07T14:08:19.768+0000] {logging_mixin.py:137} INFO - [2022-12-07T14:08:19.768+0000] {dag.py:2676} INFO - Sync 1 DAGs
[2022-12-07T14:08:19.806+0000] {logging_mixin.py:137} INFO - [2022-12-07T14:08:19.806+0000] {dag.py:3427} INFO - Setting next_dagrun for example_dag_decorator to None, run_after=None
[2022-12-07T14:08:19.836+0000] {processor.py:175} INFO - Processing /home/airflow/.local/lib/python3.7/site-packages/airflow/example_dags/example_dag_decorator.py took 0.257 seconds
[2022-12-07T14:08:49.986+0000] {processor.py:153} INFO - Started process (PID=564) to work on /home/airflow/.local/lib/python3.7/site-packages/airflow/example_dags/example_dag_decorator.py
[2022-12-07T14:08:49.988+0000] {processor.py:743} INFO - Processing file /home/airflow/.local/lib/python3.7/site-packages/airflow/example_dags/example_dag_decorator.py for tasks to queue
[2022-12-07T14:08:49.990+0000] {logging_mixin.py:137} INFO - [2022-12-07T14:08:49.990+0000] {dagbag.py:538} INFO - Filling up the DagBag from /home/airflow/.local/lib/python3.7/site-packages/airflow/example_dags/example_dag_decorator.py
[2022-12-07T14:08:50.019+0000] {logging_mixin.py:137} INFO - [2022-12-07T14:08:50.019+0000] {taskmixin.py:205} WARNING - Dependency <Task(_PythonDecoratedOperator): prepare_email>, send_email already registered for DAG: example_dag_decorator
[2022-12-07T14:08:50.021+0000] {logging_mixin.py:137} INFO - [2022-12-07T14:08:50.020+0000] {taskmixin.py:205} WARNING - Dependency <Task(EmailOperator): send_email>, prepare_email already registered for DAG: example_dag_decorator
[2022-12-07T14:08:50.041+0000] {processor.py:753} INFO - DAG(s) dict_keys(['example_dag_decorator']) retrieved from /home/airflow/.local/lib/python3.7/site-packages/airflow/example_dags/example_dag_decorator.py
[2022-12-07T14:08:50.191+0000] {logging_mixin.py:137} INFO - [2022-12-07T14:08:50.191+0000] {dag.py:2676} INFO - Sync 1 DAGs
[2022-12-07T14:08:50.234+0000] {logging_mixin.py:137} INFO - [2022-12-07T14:08:50.234+0000] {dag.py:3427} INFO - Setting next_dagrun for example_dag_decorator to None, run_after=None
[2022-12-07T14:08:50.267+0000] {processor.py:175} INFO - Processing /home/airflow/.local/lib/python3.7/site-packages/airflow/example_dags/example_dag_decorator.py took 0.287 seconds
[2022-12-07T14:09:20.436+0000] {processor.py:153} INFO - Started process (PID=650) to work on /home/airflow/.local/lib/python3.7/site-packages/airflow/example_dags/example_dag_decorator.py
[2022-12-07T14:09:20.439+0000] {processor.py:743} INFO - Processing file /home/airflow/.local/lib/python3.7/site-packages/airflow/example_dags/example_dag_decorator.py for tasks to queue
[2022-12-07T14:09:20.442+0000] {logging_mixin.py:137} INFO - [2022-12-07T14:09:20.441+0000] {dagbag.py:538} INFO - Filling up the DagBag from /home/airflow/.local/lib/python3.7/site-packages/airflow/example_dags/example_dag_decorator.py
[2022-12-07T14:09:20.475+0000] {logging_mixin.py:137} INFO - [2022-12-07T14:09:20.475+0000] {taskmixin.py:205} WARNING - Dependency <Task(_PythonDecoratedOperator): prepare_email>, send_email already registered for DAG: example_dag_decorator
[2022-12-07T14:09:20.477+0000] {logging_mixin.py:137} INFO - [2022-12-07T14:09:20.477+0000] {taskmixin.py:205} WARNING - Dependency <Task(EmailOperator): send_email>, prepare_email already registered for DAG: example_dag_decorator
[2022-12-07T14:09:20.499+0000] {processor.py:753} INFO - DAG(s) dict_keys(['example_dag_decorator']) retrieved from /home/airflow/.local/lib/python3.7/site-packages/airflow/example_dags/example_dag_decorator.py
[2022-12-07T14:09:20.632+0000] {logging_mixin.py:137} INFO - [2022-12-07T14:09:20.632+0000] {dag.py:2676} INFO - Sync 1 DAGs
[2022-12-07T14:09:20.673+0000] {logging_mixin.py:137} INFO - [2022-12-07T14:09:20.672+0000] {dag.py:3427} INFO - Setting next_dagrun for example_dag_decorator to None, run_after=None
[2022-12-07T14:09:20.711+0000] {processor.py:175} INFO - Processing /home/airflow/.local/lib/python3.7/site-packages/airflow/example_dags/example_dag_decorator.py took 0.282 seconds
[2022-12-07T14:09:50.840+0000] {processor.py:153} INFO - Started process (PID=720) to work on /home/airflow/.local/lib/python3.7/site-packages/airflow/example_dags/example_dag_decorator.py
[2022-12-07T14:09:50.843+0000] {processor.py:743} INFO - Processing file /home/airflow/.local/lib/python3.7/site-packages/airflow/example_dags/example_dag_decorator.py for tasks to queue
[2022-12-07T14:09:50.846+0000] {logging_mixin.py:137} INFO - [2022-12-07T14:09:50.846+0000] {dagbag.py:538} INFO - Filling up the DagBag from /home/airflow/.local/lib/python3.7/site-packages/airflow/example_dags/example_dag_decorator.py
[2022-12-07T14:09:50.875+0000] {logging_mixin.py:137} INFO - [2022-12-07T14:09:50.875+0000] {taskmixin.py:205} WARNING - Dependency <Task(_PythonDecoratedOperator): prepare_email>, send_email already registered for DAG: example_dag_decorator
[2022-12-07T14:09:50.878+0000] {logging_mixin.py:137} INFO - [2022-12-07T14:09:50.878+0000] {taskmixin.py:205} WARNING - Dependency <Task(EmailOperator): send_email>, prepare_email already registered for DAG: example_dag_decorator
[2022-12-07T14:09:50.902+0000] {processor.py:753} INFO - DAG(s) dict_keys(['example_dag_decorator']) retrieved from /home/airflow/.local/lib/python3.7/site-packages/airflow/example_dags/example_dag_decorator.py
[2022-12-07T14:09:51.041+0000] {logging_mixin.py:137} INFO - [2022-12-07T14:09:51.040+0000] {dag.py:2676} INFO - Sync 1 DAGs
[2022-12-07T14:09:51.085+0000] {logging_mixin.py:137} INFO - [2022-12-07T14:09:51.084+0000] {dag.py:3427} INFO - Setting next_dagrun for example_dag_decorator to None, run_after=None
[2022-12-07T14:09:51.131+0000] {processor.py:175} INFO - Processing /home/airflow/.local/lib/python3.7/site-packages/airflow/example_dags/example_dag_decorator.py took 0.297 seconds
[2022-12-07T14:10:21.374+0000] {processor.py:153} INFO - Started process (PID=791) to work on /home/airflow/.local/lib/python3.7/site-packages/airflow/example_dags/example_dag_decorator.py
[2022-12-07T14:10:21.378+0000] {processor.py:743} INFO - Processing file /home/airflow/.local/lib/python3.7/site-packages/airflow/example_dags/example_dag_decorator.py for tasks to queue
[2022-12-07T14:10:21.380+0000] {logging_mixin.py:137} INFO - [2022-12-07T14:10:21.380+0000] {dagbag.py:538} INFO - Filling up the DagBag from /home/airflow/.local/lib/python3.7/site-packages/airflow/example_dags/example_dag_decorator.py
[2022-12-07T14:10:21.409+0000] {logging_mixin.py:137} INFO - [2022-12-07T14:10:21.408+0000] {taskmixin.py:205} WARNING - Dependency <Task(_PythonDecoratedOperator): prepare_email>, send_email already registered for DAG: example_dag_decorator
[2022-12-07T14:10:21.411+0000] {logging_mixin.py:137} INFO - [2022-12-07T14:10:21.410+0000] {taskmixin.py:205} WARNING - Dependency <Task(EmailOperator): send_email>, prepare_email already registered for DAG: example_dag_decorator
[2022-12-07T14:10:21.431+0000] {processor.py:753} INFO - DAG(s) dict_keys(['example_dag_decorator']) retrieved from /home/airflow/.local/lib/python3.7/site-packages/airflow/example_dags/example_dag_decorator.py
[2022-12-07T14:10:21.553+0000] {logging_mixin.py:137} INFO - [2022-12-07T14:10:21.553+0000] {dag.py:2676} INFO - Sync 1 DAGs
[2022-12-07T14:10:21.589+0000] {logging_mixin.py:137} INFO - [2022-12-07T14:10:21.589+0000] {dag.py:3427} INFO - Setting next_dagrun for example_dag_decorator to None, run_after=None
[2022-12-07T14:10:21.622+0000] {processor.py:175} INFO - Processing /home/airflow/.local/lib/python3.7/site-packages/airflow/example_dags/example_dag_decorator.py took 0.253 seconds
[2022-12-07T14:10:51.823+0000] {processor.py:153} INFO - Started process (PID=870) to work on /home/airflow/.local/lib/python3.7/site-packages/airflow/example_dags/example_dag_decorator.py
[2022-12-07T14:10:51.828+0000] {processor.py:743} INFO - Processing file /home/airflow/.local/lib/python3.7/site-packages/airflow/example_dags/example_dag_decorator.py for tasks to queue
[2022-12-07T14:10:51.831+0000] {logging_mixin.py:137} INFO - [2022-12-07T14:10:51.830+0000] {dagbag.py:538} INFO - Filling up the DagBag from /home/airflow/.local/lib/python3.7/site-packages/airflow/example_dags/example_dag_decorator.py
[2022-12-07T14:10:51.868+0000] {logging_mixin.py:137} INFO - [2022-12-07T14:10:51.867+0000] {taskmixin.py:205} WARNING - Dependency <Task(_PythonDecoratedOperator): prepare_email>, send_email already registered for DAG: example_dag_decorator
[2022-12-07T14:10:51.870+0000] {logging_mixin.py:137} INFO - [2022-12-07T14:10:51.870+0000] {taskmixin.py:205} WARNING - Dependency <Task(EmailOperator): send_email>, prepare_email already registered for DAG: example_dag_decorator
[2022-12-07T14:10:51.896+0000] {processor.py:753} INFO - DAG(s) dict_keys(['example_dag_decorator']) retrieved from /home/airflow/.local/lib/python3.7/site-packages/airflow/example_dags/example_dag_decorator.py
[2022-12-07T14:10:52.141+0000] {logging_mixin.py:137} INFO - [2022-12-07T14:10:52.140+0000] {dag.py:2676} INFO - Sync 1 DAGs
[2022-12-07T14:10:52.208+0000] {logging_mixin.py:137} INFO - [2022-12-07T14:10:52.208+0000] {dag.py:3427} INFO - Setting next_dagrun for example_dag_decorator to None, run_after=None
[2022-12-07T14:10:52.282+0000] {processor.py:175} INFO - Processing /home/airflow/.local/lib/python3.7/site-packages/airflow/example_dags/example_dag_decorator.py took 0.465 seconds
[2022-12-07T14:11:22.513+0000] {processor.py:153} INFO - Started process (PID=947) to work on /home/airflow/.local/lib/python3.7/site-packages/airflow/example_dags/example_dag_decorator.py
[2022-12-07T14:11:22.515+0000] {processor.py:743} INFO - Processing file /home/airflow/.local/lib/python3.7/site-packages/airflow/example_dags/example_dag_decorator.py for tasks to queue
[2022-12-07T14:11:22.517+0000] {logging_mixin.py:137} INFO - [2022-12-07T14:11:22.517+0000] {dagbag.py:538} INFO - Filling up the DagBag from /home/airflow/.local/lib/python3.7/site-packages/airflow/example_dags/example_dag_decorator.py
[2022-12-07T14:11:22.546+0000] {logging_mixin.py:137} INFO - [2022-12-07T14:11:22.546+0000] {taskmixin.py:205} WARNING - Dependency <Task(_PythonDecoratedOperator): prepare_email>, send_email already registered for DAG: example_dag_decorator
[2022-12-07T14:11:22.548+0000] {logging_mixin.py:137} INFO - [2022-12-07T14:11:22.548+0000] {taskmixin.py:205} WARNING - Dependency <Task(EmailOperator): send_email>, prepare_email already registered for DAG: example_dag_decorator
[2022-12-07T14:11:22.568+0000] {processor.py:753} INFO - DAG(s) dict_keys(['example_dag_decorator']) retrieved from /home/airflow/.local/lib/python3.7/site-packages/airflow/example_dags/example_dag_decorator.py
[2022-12-07T14:11:22.688+0000] {logging_mixin.py:137} INFO - [2022-12-07T14:11:22.687+0000] {dag.py:2676} INFO - Sync 1 DAGs
[2022-12-07T14:11:22.725+0000] {logging_mixin.py:137} INFO - [2022-12-07T14:11:22.725+0000] {dag.py:3427} INFO - Setting next_dagrun for example_dag_decorator to None, run_after=None
[2022-12-07T14:11:22.757+0000] {processor.py:175} INFO - Processing /home/airflow/.local/lib/python3.7/site-packages/airflow/example_dags/example_dag_decorator.py took 0.250 seconds
[2022-12-07T14:11:53.044+0000] {processor.py:153} INFO - Started process (PID=1017) to work on /home/airflow/.local/lib/python3.7/site-packages/airflow/example_dags/example_dag_decorator.py
[2022-12-07T14:11:53.047+0000] {processor.py:743} INFO - Processing file /home/airflow/.local/lib/python3.7/site-packages/airflow/example_dags/example_dag_decorator.py for tasks to queue
[2022-12-07T14:11:53.049+0000] {logging_mixin.py:137} INFO - [2022-12-07T14:11:53.049+0000] {dagbag.py:538} INFO - Filling up the DagBag from /home/airflow/.local/lib/python3.7/site-packages/airflow/example_dags/example_dag_decorator.py
[2022-12-07T14:11:53.080+0000] {logging_mixin.py:137} INFO - [2022-12-07T14:11:53.080+0000] {taskmixin.py:205} WARNING - Dependency <Task(_PythonDecoratedOperator): prepare_email>, send_email already registered for DAG: example_dag_decorator
[2022-12-07T14:11:53.082+0000] {logging_mixin.py:137} INFO - [2022-12-07T14:11:53.082+0000] {taskmixin.py:205} WARNING - Dependency <Task(EmailOperator): send_email>, prepare_email already registered for DAG: example_dag_decorator
[2022-12-07T14:11:53.104+0000] {processor.py:753} INFO - DAG(s) dict_keys(['example_dag_decorator']) retrieved from /home/airflow/.local/lib/python3.7/site-packages/airflow/example_dags/example_dag_decorator.py
[2022-12-07T14:11:53.243+0000] {logging_mixin.py:137} INFO - [2022-12-07T14:11:53.242+0000] {dag.py:2676} INFO - Sync 1 DAGs
[2022-12-07T14:11:53.284+0000] {logging_mixin.py:137} INFO - [2022-12-07T14:11:53.284+0000] {dag.py:3427} INFO - Setting next_dagrun for example_dag_decorator to None, run_after=None
[2022-12-07T14:11:53.323+0000] {processor.py:175} INFO - Processing /home/airflow/.local/lib/python3.7/site-packages/airflow/example_dags/example_dag_decorator.py took 0.285 seconds
