[2022-12-07T13:59:12.987+0000] {processor.py:153} INFO - Started process (PID=66) to work on /home/airflow/.local/lib/python3.7/site-packages/airflow/example_dags/example_skip_dag.py
[2022-12-07T13:59:12.994+0000] {processor.py:743} INFO - Processing file /home/airflow/.local/lib/python3.7/site-packages/airflow/example_dags/example_skip_dag.py for tasks to queue
[2022-12-07T13:59:12.997+0000] {logging_mixin.py:137} INFO - [2022-12-07T13:59:12.997+0000] {dagbag.py:538} INFO - Filling up the DagBag from /home/airflow/.local/lib/python3.7/site-packages/airflow/example_dags/example_skip_dag.py
[2022-12-07T13:59:13.064+0000] {processor.py:753} INFO - DAG(s) dict_keys(['example_skip_dag']) retrieved from /home/airflow/.local/lib/python3.7/site-packages/airflow/example_dags/example_skip_dag.py
[2022-12-07T13:59:13.139+0000] {logging_mixin.py:137} INFO - [2022-12-07T13:59:13.139+0000] {dag.py:2676} INFO - Sync 1 DAGs
[2022-12-07T13:59:13.199+0000] {logging_mixin.py:137} INFO - [2022-12-07T13:59:13.198+0000] {dag.py:3427} INFO - Setting next_dagrun for example_skip_dag to 2022-12-06T13:59:13.198064+00:00, run_after=2022-12-07T13:59:13.198064+00:00
[2022-12-07T13:59:13.259+0000] {processor.py:175} INFO - Processing /home/airflow/.local/lib/python3.7/site-packages/airflow/example_dags/example_skip_dag.py took 0.299 seconds
[2022-12-07T13:59:43.463+0000] {processor.py:153} INFO - Started process (PID=136) to work on /home/airflow/.local/lib/python3.7/site-packages/airflow/example_dags/example_skip_dag.py
[2022-12-07T13:59:43.466+0000] {processor.py:743} INFO - Processing file /home/airflow/.local/lib/python3.7/site-packages/airflow/example_dags/example_skip_dag.py for tasks to queue
[2022-12-07T13:59:43.470+0000] {logging_mixin.py:137} INFO - [2022-12-07T13:59:43.470+0000] {dagbag.py:538} INFO - Filling up the DagBag from /home/airflow/.local/lib/python3.7/site-packages/airflow/example_dags/example_skip_dag.py
[2022-12-07T13:59:43.501+0000] {processor.py:753} INFO - DAG(s) dict_keys(['example_skip_dag']) retrieved from /home/airflow/.local/lib/python3.7/site-packages/airflow/example_dags/example_skip_dag.py
[2022-12-07T13:59:43.564+0000] {logging_mixin.py:137} INFO - [2022-12-07T13:59:43.564+0000] {dag.py:2676} INFO - Sync 1 DAGs
[2022-12-07T13:59:43.605+0000] {logging_mixin.py:137} INFO - [2022-12-07T13:59:43.604+0000] {dag.py:3427} INFO - Setting next_dagrun for example_skip_dag to 2022-12-06T13:59:43.604278+00:00, run_after=2022-12-07T13:59:43.604278+00:00
[2022-12-07T13:59:43.633+0000] {processor.py:175} INFO - Processing /home/airflow/.local/lib/python3.7/site-packages/airflow/example_dags/example_skip_dag.py took 0.176 seconds
[2022-12-07T14:00:14.137+0000] {processor.py:153} INFO - Started process (PID=206) to work on /home/airflow/.local/lib/python3.7/site-packages/airflow/example_dags/example_skip_dag.py
[2022-12-07T14:00:14.141+0000] {processor.py:743} INFO - Processing file /home/airflow/.local/lib/python3.7/site-packages/airflow/example_dags/example_skip_dag.py for tasks to queue
[2022-12-07T14:00:14.144+0000] {logging_mixin.py:137} INFO - [2022-12-07T14:00:14.143+0000] {dagbag.py:538} INFO - Filling up the DagBag from /home/airflow/.local/lib/python3.7/site-packages/airflow/example_dags/example_skip_dag.py
[2022-12-07T14:00:14.172+0000] {processor.py:753} INFO - DAG(s) dict_keys(['example_skip_dag']) retrieved from /home/airflow/.local/lib/python3.7/site-packages/airflow/example_dags/example_skip_dag.py
[2022-12-07T14:00:14.250+0000] {logging_mixin.py:137} INFO - [2022-12-07T14:00:14.249+0000] {dag.py:2676} INFO - Sync 1 DAGs
[2022-12-07T14:00:14.299+0000] {logging_mixin.py:137} INFO - [2022-12-07T14:00:14.298+0000] {dag.py:3427} INFO - Setting next_dagrun for example_skip_dag to 2022-12-06T14:00:14.298405+00:00, run_after=2022-12-07T14:00:14.298405+00:00
[2022-12-07T14:00:14.336+0000] {processor.py:175} INFO - Processing /home/airflow/.local/lib/python3.7/site-packages/airflow/example_dags/example_skip_dag.py took 0.205 seconds
[2022-12-07T14:00:45.475+0000] {processor.py:153} INFO - Started process (PID=292) to work on /home/airflow/.local/lib/python3.7/site-packages/airflow/example_dags/example_skip_dag.py
[2022-12-07T14:00:45.480+0000] {processor.py:743} INFO - Processing file /home/airflow/.local/lib/python3.7/site-packages/airflow/example_dags/example_skip_dag.py for tasks to queue
[2022-12-07T14:00:45.483+0000] {logging_mixin.py:137} INFO - [2022-12-07T14:00:45.482+0000] {dagbag.py:538} INFO - Filling up the DagBag from /home/airflow/.local/lib/python3.7/site-packages/airflow/example_dags/example_skip_dag.py
[2022-12-07T14:00:45.511+0000] {processor.py:753} INFO - DAG(s) dict_keys(['example_skip_dag']) retrieved from /home/airflow/.local/lib/python3.7/site-packages/airflow/example_dags/example_skip_dag.py
[2022-12-07T14:00:45.574+0000] {logging_mixin.py:137} INFO - [2022-12-07T14:00:45.573+0000] {dag.py:2676} INFO - Sync 1 DAGs
[2022-12-07T14:00:45.614+0000] {logging_mixin.py:137} INFO - [2022-12-07T14:00:45.613+0000] {dag.py:3427} INFO - Setting next_dagrun for example_skip_dag to 2022-12-06T14:00:45.613510+00:00, run_after=2022-12-07T14:00:45.613510+00:00
[2022-12-07T14:00:45.643+0000] {processor.py:175} INFO - Processing /home/airflow/.local/lib/python3.7/site-packages/airflow/example_dags/example_skip_dag.py took 0.174 seconds
[2022-12-07T14:01:16.229+0000] {processor.py:153} INFO - Started process (PID=362) to work on /home/airflow/.local/lib/python3.7/site-packages/airflow/example_dags/example_skip_dag.py
[2022-12-07T14:01:16.247+0000] {processor.py:743} INFO - Processing file /home/airflow/.local/lib/python3.7/site-packages/airflow/example_dags/example_skip_dag.py for tasks to queue
[2022-12-07T14:01:16.254+0000] {logging_mixin.py:137} INFO - [2022-12-07T14:01:16.254+0000] {dagbag.py:538} INFO - Filling up the DagBag from /home/airflow/.local/lib/python3.7/site-packages/airflow/example_dags/example_skip_dag.py
[2022-12-07T14:01:16.313+0000] {processor.py:753} INFO - DAG(s) dict_keys(['example_skip_dag']) retrieved from /home/airflow/.local/lib/python3.7/site-packages/airflow/example_dags/example_skip_dag.py
[2022-12-07T14:01:16.394+0000] {logging_mixin.py:137} INFO - [2022-12-07T14:01:16.393+0000] {dag.py:2676} INFO - Sync 1 DAGs
[2022-12-07T14:01:16.453+0000] {logging_mixin.py:137} INFO - [2022-12-07T14:01:16.453+0000] {dag.py:3427} INFO - Setting next_dagrun for example_skip_dag to 2022-12-06T14:01:16.452660+00:00, run_after=2022-12-07T14:01:16.452660+00:00
[2022-12-07T14:01:16.493+0000] {processor.py:175} INFO - Processing /home/airflow/.local/lib/python3.7/site-packages/airflow/example_dags/example_skip_dag.py took 0.283 seconds
[2022-12-07T14:01:46.654+0000] {processor.py:153} INFO - Started process (PID=432) to work on /home/airflow/.local/lib/python3.7/site-packages/airflow/example_dags/example_skip_dag.py
[2022-12-07T14:01:46.657+0000] {processor.py:743} INFO - Processing file /home/airflow/.local/lib/python3.7/site-packages/airflow/example_dags/example_skip_dag.py for tasks to queue
[2022-12-07T14:01:46.660+0000] {logging_mixin.py:137} INFO - [2022-12-07T14:01:46.659+0000] {dagbag.py:538} INFO - Filling up the DagBag from /home/airflow/.local/lib/python3.7/site-packages/airflow/example_dags/example_skip_dag.py
[2022-12-07T14:01:46.698+0000] {processor.py:753} INFO - DAG(s) dict_keys(['example_skip_dag']) retrieved from /home/airflow/.local/lib/python3.7/site-packages/airflow/example_dags/example_skip_dag.py
[2022-12-07T14:01:46.864+0000] {logging_mixin.py:137} INFO - [2022-12-07T14:01:46.863+0000] {dag.py:2676} INFO - Sync 1 DAGs
[2022-12-07T14:01:46.950+0000] {logging_mixin.py:137} INFO - [2022-12-07T14:01:46.950+0000] {dag.py:3427} INFO - Setting next_dagrun for example_skip_dag to 2022-12-06T14:01:46.949231+00:00, run_after=2022-12-07T14:01:46.949231+00:00
[2022-12-07T14:01:47.019+0000] {processor.py:175} INFO - Processing /home/airflow/.local/lib/python3.7/site-packages/airflow/example_dags/example_skip_dag.py took 0.372 seconds
[2022-12-07T14:02:17.432+0000] {processor.py:153} INFO - Started process (PID=511) to work on /home/airflow/.local/lib/python3.7/site-packages/airflow/example_dags/example_skip_dag.py
[2022-12-07T14:02:17.436+0000] {processor.py:743} INFO - Processing file /home/airflow/.local/lib/python3.7/site-packages/airflow/example_dags/example_skip_dag.py for tasks to queue
[2022-12-07T14:02:17.439+0000] {logging_mixin.py:137} INFO - [2022-12-07T14:02:17.438+0000] {dagbag.py:538} INFO - Filling up the DagBag from /home/airflow/.local/lib/python3.7/site-packages/airflow/example_dags/example_skip_dag.py
[2022-12-07T14:02:17.464+0000] {processor.py:753} INFO - DAG(s) dict_keys(['example_skip_dag']) retrieved from /home/airflow/.local/lib/python3.7/site-packages/airflow/example_dags/example_skip_dag.py
[2022-12-07T14:02:17.528+0000] {logging_mixin.py:137} INFO - [2022-12-07T14:02:17.528+0000] {dag.py:2676} INFO - Sync 1 DAGs
[2022-12-07T14:02:17.573+0000] {logging_mixin.py:137} INFO - [2022-12-07T14:02:17.573+0000] {dag.py:3427} INFO - Setting next_dagrun for example_skip_dag to 2022-12-06T14:02:17.572612+00:00, run_after=2022-12-07T14:02:17.572612+00:00
[2022-12-07T14:02:17.605+0000] {processor.py:175} INFO - Processing /home/airflow/.local/lib/python3.7/site-packages/airflow/example_dags/example_skip_dag.py took 0.179 seconds
[2022-12-07T14:02:48.805+0000] {processor.py:153} INFO - Started process (PID=589) to work on /home/airflow/.local/lib/python3.7/site-packages/airflow/example_dags/example_skip_dag.py
[2022-12-07T14:02:48.808+0000] {processor.py:743} INFO - Processing file /home/airflow/.local/lib/python3.7/site-packages/airflow/example_dags/example_skip_dag.py for tasks to queue
[2022-12-07T14:02:48.811+0000] {logging_mixin.py:137} INFO - [2022-12-07T14:02:48.811+0000] {dagbag.py:538} INFO - Filling up the DagBag from /home/airflow/.local/lib/python3.7/site-packages/airflow/example_dags/example_skip_dag.py
[2022-12-07T14:02:48.838+0000] {processor.py:753} INFO - DAG(s) dict_keys(['example_skip_dag']) retrieved from /home/airflow/.local/lib/python3.7/site-packages/airflow/example_dags/example_skip_dag.py
[2022-12-07T14:02:48.904+0000] {logging_mixin.py:137} INFO - [2022-12-07T14:02:48.903+0000] {dag.py:2676} INFO - Sync 1 DAGs
[2022-12-07T14:02:48.986+0000] {logging_mixin.py:137} INFO - [2022-12-07T14:02:48.986+0000] {dag.py:3427} INFO - Setting next_dagrun for example_skip_dag to 2022-12-06T14:02:48.985784+00:00, run_after=2022-12-07T14:02:48.985784+00:00
[2022-12-07T14:02:49.018+0000] {processor.py:175} INFO - Processing /home/airflow/.local/lib/python3.7/site-packages/airflow/example_dags/example_skip_dag.py took 0.220 seconds
[2022-12-07T14:03:19.089+0000] {processor.py:153} INFO - Started process (PID=660) to work on /home/airflow/.local/lib/python3.7/site-packages/airflow/example_dags/example_skip_dag.py
[2022-12-07T14:03:19.092+0000] {processor.py:743} INFO - Processing file /home/airflow/.local/lib/python3.7/site-packages/airflow/example_dags/example_skip_dag.py for tasks to queue
[2022-12-07T14:03:19.095+0000] {logging_mixin.py:137} INFO - [2022-12-07T14:03:19.095+0000] {dagbag.py:538} INFO - Filling up the DagBag from /home/airflow/.local/lib/python3.7/site-packages/airflow/example_dags/example_skip_dag.py
[2022-12-07T14:03:19.123+0000] {processor.py:753} INFO - DAG(s) dict_keys(['example_skip_dag']) retrieved from /home/airflow/.local/lib/python3.7/site-packages/airflow/example_dags/example_skip_dag.py
[2022-12-07T14:03:19.194+0000] {logging_mixin.py:137} INFO - [2022-12-07T14:03:19.194+0000] {dag.py:2676} INFO - Sync 1 DAGs
[2022-12-07T14:03:19.234+0000] {logging_mixin.py:137} INFO - [2022-12-07T14:03:19.234+0000] {dag.py:3427} INFO - Setting next_dagrun for example_skip_dag to 2022-12-06T14:03:19.233975+00:00, run_after=2022-12-07T14:03:19.233975+00:00
[2022-12-07T14:03:19.265+0000] {processor.py:175} INFO - Processing /home/airflow/.local/lib/python3.7/site-packages/airflow/example_dags/example_skip_dag.py took 0.182 seconds
[2022-12-07T14:03:49.611+0000] {processor.py:153} INFO - Started process (PID=736) to work on /home/airflow/.local/lib/python3.7/site-packages/airflow/example_dags/example_skip_dag.py
[2022-12-07T14:03:49.615+0000] {processor.py:743} INFO - Processing file /home/airflow/.local/lib/python3.7/site-packages/airflow/example_dags/example_skip_dag.py for tasks to queue
[2022-12-07T14:03:49.619+0000] {logging_mixin.py:137} INFO - [2022-12-07T14:03:49.618+0000] {dagbag.py:538} INFO - Filling up the DagBag from /home/airflow/.local/lib/python3.7/site-packages/airflow/example_dags/example_skip_dag.py
[2022-12-07T14:03:49.645+0000] {processor.py:753} INFO - DAG(s) dict_keys(['example_skip_dag']) retrieved from /home/airflow/.local/lib/python3.7/site-packages/airflow/example_dags/example_skip_dag.py
[2022-12-07T14:03:49.707+0000] {logging_mixin.py:137} INFO - [2022-12-07T14:03:49.707+0000] {dag.py:2676} INFO - Sync 1 DAGs
[2022-12-07T14:03:49.749+0000] {logging_mixin.py:137} INFO - [2022-12-07T14:03:49.749+0000] {dag.py:3427} INFO - Setting next_dagrun for example_skip_dag to 2022-12-06T14:03:49.749162+00:00, run_after=2022-12-07T14:03:49.749162+00:00
[2022-12-07T14:03:49.781+0000] {processor.py:175} INFO - Processing /home/airflow/.local/lib/python3.7/site-packages/airflow/example_dags/example_skip_dag.py took 0.176 seconds
[2022-12-07T14:05:13.209+0000] {processor.py:153} INFO - Started process (PID=58) to work on /home/airflow/.local/lib/python3.7/site-packages/airflow/example_dags/example_skip_dag.py
[2022-12-07T14:05:13.213+0000] {processor.py:743} INFO - Processing file /home/airflow/.local/lib/python3.7/site-packages/airflow/example_dags/example_skip_dag.py for tasks to queue
[2022-12-07T14:05:13.217+0000] {logging_mixin.py:137} INFO - [2022-12-07T14:05:13.216+0000] {dagbag.py:538} INFO - Filling up the DagBag from /home/airflow/.local/lib/python3.7/site-packages/airflow/example_dags/example_skip_dag.py
[2022-12-07T14:05:13.245+0000] {processor.py:753} INFO - DAG(s) dict_keys(['example_skip_dag']) retrieved from /home/airflow/.local/lib/python3.7/site-packages/airflow/example_dags/example_skip_dag.py
[2022-12-07T14:05:13.326+0000] {logging_mixin.py:137} INFO - [2022-12-07T14:05:13.326+0000] {dag.py:2676} INFO - Sync 1 DAGs
[2022-12-07T14:05:13.402+0000] {logging_mixin.py:137} INFO - [2022-12-07T14:05:13.401+0000] {dag.py:3427} INFO - Setting next_dagrun for example_skip_dag to 2022-12-06T14:05:13.401381+00:00, run_after=2022-12-07T14:05:13.401381+00:00
[2022-12-07T14:05:13.441+0000] {processor.py:175} INFO - Processing /home/airflow/.local/lib/python3.7/site-packages/airflow/example_dags/example_skip_dag.py took 0.239 seconds
[2022-12-07T14:05:43.559+0000] {processor.py:153} INFO - Started process (PID=136) to work on /home/airflow/.local/lib/python3.7/site-packages/airflow/example_dags/example_skip_dag.py
[2022-12-07T14:05:43.562+0000] {processor.py:743} INFO - Processing file /home/airflow/.local/lib/python3.7/site-packages/airflow/example_dags/example_skip_dag.py for tasks to queue
[2022-12-07T14:05:43.564+0000] {logging_mixin.py:137} INFO - [2022-12-07T14:05:43.564+0000] {dagbag.py:538} INFO - Filling up the DagBag from /home/airflow/.local/lib/python3.7/site-packages/airflow/example_dags/example_skip_dag.py
[2022-12-07T14:05:43.590+0000] {processor.py:753} INFO - DAG(s) dict_keys(['example_skip_dag']) retrieved from /home/airflow/.local/lib/python3.7/site-packages/airflow/example_dags/example_skip_dag.py
[2022-12-07T14:05:43.652+0000] {logging_mixin.py:137} INFO - [2022-12-07T14:05:43.652+0000] {dag.py:2676} INFO - Sync 1 DAGs
[2022-12-07T14:05:43.692+0000] {logging_mixin.py:137} INFO - [2022-12-07T14:05:43.692+0000] {dag.py:3427} INFO - Setting next_dagrun for example_skip_dag to 2022-12-06T14:05:43.692344+00:00, run_after=2022-12-07T14:05:43.692344+00:00
[2022-12-07T14:05:43.722+0000] {processor.py:175} INFO - Processing /home/airflow/.local/lib/python3.7/site-packages/airflow/example_dags/example_skip_dag.py took 0.168 seconds
[2022-12-07T14:06:14.466+0000] {processor.py:153} INFO - Started process (PID=206) to work on /home/airflow/.local/lib/python3.7/site-packages/airflow/example_dags/example_skip_dag.py
[2022-12-07T14:06:14.469+0000] {processor.py:743} INFO - Processing file /home/airflow/.local/lib/python3.7/site-packages/airflow/example_dags/example_skip_dag.py for tasks to queue
[2022-12-07T14:06:14.471+0000] {logging_mixin.py:137} INFO - [2022-12-07T14:06:14.471+0000] {dagbag.py:538} INFO - Filling up the DagBag from /home/airflow/.local/lib/python3.7/site-packages/airflow/example_dags/example_skip_dag.py
[2022-12-07T14:06:14.496+0000] {processor.py:753} INFO - DAG(s) dict_keys(['example_skip_dag']) retrieved from /home/airflow/.local/lib/python3.7/site-packages/airflow/example_dags/example_skip_dag.py
[2022-12-07T14:06:14.557+0000] {logging_mixin.py:137} INFO - [2022-12-07T14:06:14.557+0000] {dag.py:2676} INFO - Sync 1 DAGs
[2022-12-07T14:06:14.596+0000] {logging_mixin.py:137} INFO - [2022-12-07T14:06:14.596+0000] {dag.py:3427} INFO - Setting next_dagrun for example_skip_dag to 2022-12-06T14:06:14.595964+00:00, run_after=2022-12-07T14:06:14.595964+00:00
[2022-12-07T14:06:14.645+0000] {processor.py:175} INFO - Processing /home/airflow/.local/lib/python3.7/site-packages/airflow/example_dags/example_skip_dag.py took 0.185 seconds
[2022-12-07T14:06:44.769+0000] {processor.py:153} INFO - Started process (PID=276) to work on /home/airflow/.local/lib/python3.7/site-packages/airflow/example_dags/example_skip_dag.py
[2022-12-07T14:06:44.772+0000] {processor.py:743} INFO - Processing file /home/airflow/.local/lib/python3.7/site-packages/airflow/example_dags/example_skip_dag.py for tasks to queue
[2022-12-07T14:06:44.774+0000] {logging_mixin.py:137} INFO - [2022-12-07T14:06:44.774+0000] {dagbag.py:538} INFO - Filling up the DagBag from /home/airflow/.local/lib/python3.7/site-packages/airflow/example_dags/example_skip_dag.py
[2022-12-07T14:06:44.799+0000] {processor.py:753} INFO - DAG(s) dict_keys(['example_skip_dag']) retrieved from /home/airflow/.local/lib/python3.7/site-packages/airflow/example_dags/example_skip_dag.py
[2022-12-07T14:06:44.860+0000] {logging_mixin.py:137} INFO - [2022-12-07T14:06:44.860+0000] {dag.py:2676} INFO - Sync 1 DAGs
[2022-12-07T14:06:44.902+0000] {logging_mixin.py:137} INFO - [2022-12-07T14:06:44.902+0000] {dag.py:3427} INFO - Setting next_dagrun for example_skip_dag to 2022-12-06T14:06:44.901937+00:00, run_after=2022-12-07T14:06:44.901937+00:00
[2022-12-07T14:06:44.935+0000] {processor.py:175} INFO - Processing /home/airflow/.local/lib/python3.7/site-packages/airflow/example_dags/example_skip_dag.py took 0.172 seconds
[2022-12-07T14:07:19.438+0000] {processor.py:153} INFO - Started process (PID=362) to work on /home/airflow/.local/lib/python3.7/site-packages/airflow/example_dags/example_skip_dag.py
[2022-12-07T14:07:19.441+0000] {processor.py:743} INFO - Processing file /home/airflow/.local/lib/python3.7/site-packages/airflow/example_dags/example_skip_dag.py for tasks to queue
[2022-12-07T14:07:19.444+0000] {logging_mixin.py:137} INFO - [2022-12-07T14:07:19.444+0000] {dagbag.py:538} INFO - Filling up the DagBag from /home/airflow/.local/lib/python3.7/site-packages/airflow/example_dags/example_skip_dag.py
[2022-12-07T14:07:19.477+0000] {processor.py:753} INFO - DAG(s) dict_keys(['example_skip_dag']) retrieved from /home/airflow/.local/lib/python3.7/site-packages/airflow/example_dags/example_skip_dag.py
[2022-12-07T14:07:19.565+0000] {logging_mixin.py:137} INFO - [2022-12-07T14:07:19.564+0000] {dag.py:2676} INFO - Sync 1 DAGs
[2022-12-07T14:07:19.623+0000] {logging_mixin.py:137} INFO - [2022-12-07T14:07:19.622+0000] {dag.py:3427} INFO - Setting next_dagrun for example_skip_dag to 2022-12-06T14:07:19.622491+00:00, run_after=2022-12-07T14:07:19.622491+00:00
[2022-12-07T14:07:19.677+0000] {processor.py:175} INFO - Processing /home/airflow/.local/lib/python3.7/site-packages/airflow/example_dags/example_skip_dag.py took 0.247 seconds
[2022-12-07T14:07:49.989+0000] {processor.py:153} INFO - Started process (PID=432) to work on /home/airflow/.local/lib/python3.7/site-packages/airflow/example_dags/example_skip_dag.py
[2022-12-07T14:07:49.992+0000] {processor.py:743} INFO - Processing file /home/airflow/.local/lib/python3.7/site-packages/airflow/example_dags/example_skip_dag.py for tasks to queue
[2022-12-07T14:07:49.994+0000] {logging_mixin.py:137} INFO - [2022-12-07T14:07:49.994+0000] {dagbag.py:538} INFO - Filling up the DagBag from /home/airflow/.local/lib/python3.7/site-packages/airflow/example_dags/example_skip_dag.py
[2022-12-07T14:07:50.020+0000] {processor.py:753} INFO - DAG(s) dict_keys(['example_skip_dag']) retrieved from /home/airflow/.local/lib/python3.7/site-packages/airflow/example_dags/example_skip_dag.py
[2022-12-07T14:07:50.096+0000] {logging_mixin.py:137} INFO - [2022-12-07T14:07:50.096+0000] {dag.py:2676} INFO - Sync 1 DAGs
[2022-12-07T14:07:50.137+0000] {logging_mixin.py:137} INFO - [2022-12-07T14:07:50.137+0000] {dag.py:3427} INFO - Setting next_dagrun for example_skip_dag to 2022-12-06T14:07:50.136771+00:00, run_after=2022-12-07T14:07:50.136771+00:00
[2022-12-07T14:07:50.167+0000] {processor.py:175} INFO - Processing /home/airflow/.local/lib/python3.7/site-packages/airflow/example_dags/example_skip_dag.py took 0.184 seconds
[2022-12-07T14:08:20.505+0000] {processor.py:153} INFO - Started process (PID=502) to work on /home/airflow/.local/lib/python3.7/site-packages/airflow/example_dags/example_skip_dag.py
[2022-12-07T14:08:20.509+0000] {processor.py:743} INFO - Processing file /home/airflow/.local/lib/python3.7/site-packages/airflow/example_dags/example_skip_dag.py for tasks to queue
[2022-12-07T14:08:20.512+0000] {logging_mixin.py:137} INFO - [2022-12-07T14:08:20.511+0000] {dagbag.py:538} INFO - Filling up the DagBag from /home/airflow/.local/lib/python3.7/site-packages/airflow/example_dags/example_skip_dag.py
[2022-12-07T14:08:20.538+0000] {processor.py:753} INFO - DAG(s) dict_keys(['example_skip_dag']) retrieved from /home/airflow/.local/lib/python3.7/site-packages/airflow/example_dags/example_skip_dag.py
[2022-12-07T14:08:20.600+0000] {logging_mixin.py:137} INFO - [2022-12-07T14:08:20.599+0000] {dag.py:2676} INFO - Sync 1 DAGs
[2022-12-07T14:08:20.640+0000] {logging_mixin.py:137} INFO - [2022-12-07T14:08:20.640+0000] {dag.py:3427} INFO - Setting next_dagrun for example_skip_dag to 2022-12-06T14:08:20.639949+00:00, run_after=2022-12-07T14:08:20.639949+00:00
[2022-12-07T14:08:20.669+0000] {processor.py:175} INFO - Processing /home/airflow/.local/lib/python3.7/site-packages/airflow/example_dags/example_skip_dag.py took 0.170 seconds
[2022-12-07T14:08:50.900+0000] {processor.py:153} INFO - Started process (PID=579) to work on /home/airflow/.local/lib/python3.7/site-packages/airflow/example_dags/example_skip_dag.py
[2022-12-07T14:08:50.903+0000] {processor.py:743} INFO - Processing file /home/airflow/.local/lib/python3.7/site-packages/airflow/example_dags/example_skip_dag.py for tasks to queue
[2022-12-07T14:08:50.905+0000] {logging_mixin.py:137} INFO - [2022-12-07T14:08:50.905+0000] {dagbag.py:538} INFO - Filling up the DagBag from /home/airflow/.local/lib/python3.7/site-packages/airflow/example_dags/example_skip_dag.py
[2022-12-07T14:08:50.930+0000] {processor.py:753} INFO - DAG(s) dict_keys(['example_skip_dag']) retrieved from /home/airflow/.local/lib/python3.7/site-packages/airflow/example_dags/example_skip_dag.py
[2022-12-07T14:08:50.992+0000] {logging_mixin.py:137} INFO - [2022-12-07T14:08:50.992+0000] {dag.py:2676} INFO - Sync 1 DAGs
[2022-12-07T14:08:51.033+0000] {logging_mixin.py:137} INFO - [2022-12-07T14:08:51.033+0000] {dag.py:3427} INFO - Setting next_dagrun for example_skip_dag to 2022-12-06T14:08:51.032558+00:00, run_after=2022-12-07T14:08:51.032558+00:00
[2022-12-07T14:08:51.065+0000] {processor.py:175} INFO - Processing /home/airflow/.local/lib/python3.7/site-packages/airflow/example_dags/example_skip_dag.py took 0.171 seconds
[2022-12-07T14:09:21.369+0000] {processor.py:153} INFO - Started process (PID=658) to work on /home/airflow/.local/lib/python3.7/site-packages/airflow/example_dags/example_skip_dag.py
[2022-12-07T14:09:21.373+0000] {processor.py:743} INFO - Processing file /home/airflow/.local/lib/python3.7/site-packages/airflow/example_dags/example_skip_dag.py for tasks to queue
[2022-12-07T14:09:21.376+0000] {logging_mixin.py:137} INFO - [2022-12-07T14:09:21.376+0000] {dagbag.py:538} INFO - Filling up the DagBag from /home/airflow/.local/lib/python3.7/site-packages/airflow/example_dags/example_skip_dag.py
[2022-12-07T14:09:21.405+0000] {processor.py:753} INFO - DAG(s) dict_keys(['example_skip_dag']) retrieved from /home/airflow/.local/lib/python3.7/site-packages/airflow/example_dags/example_skip_dag.py
[2022-12-07T14:09:21.463+0000] {logging_mixin.py:137} INFO - [2022-12-07T14:09:21.463+0000] {dag.py:2676} INFO - Sync 1 DAGs
[2022-12-07T14:09:21.504+0000] {logging_mixin.py:137} INFO - [2022-12-07T14:09:21.504+0000] {dag.py:3427} INFO - Setting next_dagrun for example_skip_dag to 2022-12-06T14:09:21.504248+00:00, run_after=2022-12-07T14:09:21.504248+00:00
[2022-12-07T14:09:21.534+0000] {processor.py:175} INFO - Processing /home/airflow/.local/lib/python3.7/site-packages/airflow/example_dags/example_skip_dag.py took 0.170 seconds
[2022-12-07T14:09:51.903+0000] {processor.py:153} INFO - Started process (PID=728) to work on /home/airflow/.local/lib/python3.7/site-packages/airflow/example_dags/example_skip_dag.py
[2022-12-07T14:09:51.906+0000] {processor.py:743} INFO - Processing file /home/airflow/.local/lib/python3.7/site-packages/airflow/example_dags/example_skip_dag.py for tasks to queue
[2022-12-07T14:09:51.909+0000] {logging_mixin.py:137} INFO - [2022-12-07T14:09:51.908+0000] {dagbag.py:538} INFO - Filling up the DagBag from /home/airflow/.local/lib/python3.7/site-packages/airflow/example_dags/example_skip_dag.py
[2022-12-07T14:09:51.936+0000] {processor.py:753} INFO - DAG(s) dict_keys(['example_skip_dag']) retrieved from /home/airflow/.local/lib/python3.7/site-packages/airflow/example_dags/example_skip_dag.py
[2022-12-07T14:09:52.006+0000] {logging_mixin.py:137} INFO - [2022-12-07T14:09:52.006+0000] {dag.py:2676} INFO - Sync 1 DAGs
[2022-12-07T14:09:52.058+0000] {logging_mixin.py:137} INFO - [2022-12-07T14:09:52.058+0000] {dag.py:3427} INFO - Setting next_dagrun for example_skip_dag to 2022-12-06T14:09:52.057679+00:00, run_after=2022-12-07T14:09:52.057679+00:00
[2022-12-07T14:09:52.090+0000] {processor.py:175} INFO - Processing /home/airflow/.local/lib/python3.7/site-packages/airflow/example_dags/example_skip_dag.py took 0.194 seconds
[2022-12-07T14:10:22.372+0000] {processor.py:153} INFO - Started process (PID=798) to work on /home/airflow/.local/lib/python3.7/site-packages/airflow/example_dags/example_skip_dag.py
[2022-12-07T14:10:22.375+0000] {processor.py:743} INFO - Processing file /home/airflow/.local/lib/python3.7/site-packages/airflow/example_dags/example_skip_dag.py for tasks to queue
[2022-12-07T14:10:22.377+0000] {logging_mixin.py:137} INFO - [2022-12-07T14:10:22.377+0000] {dagbag.py:538} INFO - Filling up the DagBag from /home/airflow/.local/lib/python3.7/site-packages/airflow/example_dags/example_skip_dag.py
[2022-12-07T14:10:22.402+0000] {processor.py:753} INFO - DAG(s) dict_keys(['example_skip_dag']) retrieved from /home/airflow/.local/lib/python3.7/site-packages/airflow/example_dags/example_skip_dag.py
[2022-12-07T14:10:22.461+0000] {logging_mixin.py:137} INFO - [2022-12-07T14:10:22.461+0000] {dag.py:2676} INFO - Sync 1 DAGs
[2022-12-07T14:10:22.500+0000] {logging_mixin.py:137} INFO - [2022-12-07T14:10:22.499+0000] {dag.py:3427} INFO - Setting next_dagrun for example_skip_dag to 2022-12-06T14:10:22.499384+00:00, run_after=2022-12-07T14:10:22.499384+00:00
[2022-12-07T14:10:22.529+0000] {processor.py:175} INFO - Processing /home/airflow/.local/lib/python3.7/site-packages/airflow/example_dags/example_skip_dag.py took 0.162 seconds
[2022-12-07T14:10:53.043+0000] {processor.py:153} INFO - Started process (PID=885) to work on /home/airflow/.local/lib/python3.7/site-packages/airflow/example_dags/example_skip_dag.py
[2022-12-07T14:10:53.047+0000] {processor.py:743} INFO - Processing file /home/airflow/.local/lib/python3.7/site-packages/airflow/example_dags/example_skip_dag.py for tasks to queue
[2022-12-07T14:10:53.050+0000] {logging_mixin.py:137} INFO - [2022-12-07T14:10:53.050+0000] {dagbag.py:538} INFO - Filling up the DagBag from /home/airflow/.local/lib/python3.7/site-packages/airflow/example_dags/example_skip_dag.py
[2022-12-07T14:10:53.079+0000] {processor.py:753} INFO - DAG(s) dict_keys(['example_skip_dag']) retrieved from /home/airflow/.local/lib/python3.7/site-packages/airflow/example_dags/example_skip_dag.py
[2022-12-07T14:10:53.168+0000] {logging_mixin.py:137} INFO - [2022-12-07T14:10:53.167+0000] {dag.py:2676} INFO - Sync 1 DAGs
[2022-12-07T14:10:53.218+0000] {logging_mixin.py:137} INFO - [2022-12-07T14:10:53.217+0000] {dag.py:3427} INFO - Setting next_dagrun for example_skip_dag to 2022-12-06T14:10:53.217334+00:00, run_after=2022-12-07T14:10:53.217334+00:00
[2022-12-07T14:10:53.264+0000] {processor.py:175} INFO - Processing /home/airflow/.local/lib/python3.7/site-packages/airflow/example_dags/example_skip_dag.py took 0.227 seconds
[2022-12-07T14:11:23.412+0000] {processor.py:153} INFO - Started process (PID=955) to work on /home/airflow/.local/lib/python3.7/site-packages/airflow/example_dags/example_skip_dag.py
[2022-12-07T14:11:23.415+0000] {processor.py:743} INFO - Processing file /home/airflow/.local/lib/python3.7/site-packages/airflow/example_dags/example_skip_dag.py for tasks to queue
[2022-12-07T14:11:23.417+0000] {logging_mixin.py:137} INFO - [2022-12-07T14:11:23.416+0000] {dagbag.py:538} INFO - Filling up the DagBag from /home/airflow/.local/lib/python3.7/site-packages/airflow/example_dags/example_skip_dag.py
[2022-12-07T14:11:23.441+0000] {processor.py:753} INFO - DAG(s) dict_keys(['example_skip_dag']) retrieved from /home/airflow/.local/lib/python3.7/site-packages/airflow/example_dags/example_skip_dag.py
[2022-12-07T14:11:23.498+0000] {logging_mixin.py:137} INFO - [2022-12-07T14:11:23.498+0000] {dag.py:2676} INFO - Sync 1 DAGs
[2022-12-07T14:11:23.539+0000] {logging_mixin.py:137} INFO - [2022-12-07T14:11:23.539+0000] {dag.py:3427} INFO - Setting next_dagrun for example_skip_dag to 2022-12-06T14:11:23.538682+00:00, run_after=2022-12-07T14:11:23.538682+00:00
[2022-12-07T14:11:23.568+0000] {processor.py:175} INFO - Processing /home/airflow/.local/lib/python3.7/site-packages/airflow/example_dags/example_skip_dag.py took 0.161 seconds
[2022-12-07T14:11:54.188+0000] {processor.py:153} INFO - Started process (PID=1025) to work on /home/airflow/.local/lib/python3.7/site-packages/airflow/example_dags/example_skip_dag.py
[2022-12-07T14:11:54.191+0000] {processor.py:743} INFO - Processing file /home/airflow/.local/lib/python3.7/site-packages/airflow/example_dags/example_skip_dag.py for tasks to queue
[2022-12-07T14:11:54.194+0000] {logging_mixin.py:137} INFO - [2022-12-07T14:11:54.193+0000] {dagbag.py:538} INFO - Filling up the DagBag from /home/airflow/.local/lib/python3.7/site-packages/airflow/example_dags/example_skip_dag.py
[2022-12-07T14:11:54.220+0000] {processor.py:753} INFO - DAG(s) dict_keys(['example_skip_dag']) retrieved from /home/airflow/.local/lib/python3.7/site-packages/airflow/example_dags/example_skip_dag.py
[2022-12-07T14:11:54.284+0000] {logging_mixin.py:137} INFO - [2022-12-07T14:11:54.284+0000] {dag.py:2676} INFO - Sync 1 DAGs
[2022-12-07T14:11:54.331+0000] {logging_mixin.py:137} INFO - [2022-12-07T14:11:54.331+0000] {dag.py:3427} INFO - Setting next_dagrun for example_skip_dag to 2022-12-06T14:11:54.330753+00:00, run_after=2022-12-07T14:11:54.330753+00:00
[2022-12-07T14:11:54.365+0000] {processor.py:175} INFO - Processing /home/airflow/.local/lib/python3.7/site-packages/airflow/example_dags/example_skip_dag.py took 0.184 seconds
