[2022-12-07T13:59:13.860+0000] {processor.py:153} INFO - Started process (PID=70) to work on /home/airflow/.local/lib/python3.7/site-packages/airflow/example_dags/example_latest_only.py
[2022-12-07T13:59:13.869+0000] {processor.py:743} INFO - Processing file /home/airflow/.local/lib/python3.7/site-packages/airflow/example_dags/example_latest_only.py for tasks to queue
[2022-12-07T13:59:13.872+0000] {logging_mixin.py:137} INFO - [2022-12-07T13:59:13.871+0000] {dagbag.py:538} INFO - Filling up the DagBag from /home/airflow/.local/lib/python3.7/site-packages/airflow/example_dags/example_latest_only.py
[2022-12-07T13:59:13.931+0000] {processor.py:753} INFO - DAG(s) dict_keys(['latest_only']) retrieved from /home/airflow/.local/lib/python3.7/site-packages/airflow/example_dags/example_latest_only.py
[2022-12-07T13:59:14.004+0000] {logging_mixin.py:137} INFO - [2022-12-07T13:59:14.003+0000] {dag.py:2676} INFO - Sync 1 DAGs
[2022-12-07T13:59:14.129+0000] {logging_mixin.py:137} INFO - [2022-12-07T13:59:14.129+0000] {dag.py:3427} INFO - Setting next_dagrun for latest_only to 2022-12-07T09:59:14.128787+00:00, run_after=2022-12-07T13:59:14.128787+00:00
[2022-12-07T13:59:14.180+0000] {processor.py:175} INFO - Processing /home/airflow/.local/lib/python3.7/site-packages/airflow/example_dags/example_latest_only.py took 0.335 seconds
[2022-12-07T13:59:44.889+0000] {processor.py:153} INFO - Started process (PID=140) to work on /home/airflow/.local/lib/python3.7/site-packages/airflow/example_dags/example_latest_only.py
[2022-12-07T13:59:44.891+0000] {processor.py:743} INFO - Processing file /home/airflow/.local/lib/python3.7/site-packages/airflow/example_dags/example_latest_only.py for tasks to queue
[2022-12-07T13:59:44.894+0000] {logging_mixin.py:137} INFO - [2022-12-07T13:59:44.893+0000] {dagbag.py:538} INFO - Filling up the DagBag from /home/airflow/.local/lib/python3.7/site-packages/airflow/example_dags/example_latest_only.py
[2022-12-07T13:59:44.920+0000] {processor.py:753} INFO - DAG(s) dict_keys(['latest_only']) retrieved from /home/airflow/.local/lib/python3.7/site-packages/airflow/example_dags/example_latest_only.py
[2022-12-07T13:59:44.977+0000] {logging_mixin.py:137} INFO - [2022-12-07T13:59:44.977+0000] {dag.py:2676} INFO - Sync 1 DAGs
[2022-12-07T13:59:45.017+0000] {logging_mixin.py:137} INFO - [2022-12-07T13:59:45.017+0000] {dag.py:3427} INFO - Setting next_dagrun for latest_only to 2022-12-07T09:59:45.017414+00:00, run_after=2022-12-07T13:59:45.017414+00:00
[2022-12-07T13:59:45.047+0000] {processor.py:175} INFO - Processing /home/airflow/.local/lib/python3.7/site-packages/airflow/example_dags/example_latest_only.py took 0.164 seconds
[2022-12-07T14:00:15.681+0000] {processor.py:153} INFO - Started process (PID=219) to work on /home/airflow/.local/lib/python3.7/site-packages/airflow/example_dags/example_latest_only.py
[2022-12-07T14:00:15.685+0000] {processor.py:743} INFO - Processing file /home/airflow/.local/lib/python3.7/site-packages/airflow/example_dags/example_latest_only.py for tasks to queue
[2022-12-07T14:00:15.688+0000] {logging_mixin.py:137} INFO - [2022-12-07T14:00:15.687+0000] {dagbag.py:538} INFO - Filling up the DagBag from /home/airflow/.local/lib/python3.7/site-packages/airflow/example_dags/example_latest_only.py
[2022-12-07T14:00:15.714+0000] {processor.py:753} INFO - DAG(s) dict_keys(['latest_only']) retrieved from /home/airflow/.local/lib/python3.7/site-packages/airflow/example_dags/example_latest_only.py
[2022-12-07T14:00:15.777+0000] {logging_mixin.py:137} INFO - [2022-12-07T14:00:15.777+0000] {dag.py:2676} INFO - Sync 1 DAGs
[2022-12-07T14:00:15.823+0000] {logging_mixin.py:137} INFO - [2022-12-07T14:00:15.822+0000] {dag.py:3427} INFO - Setting next_dagrun for latest_only to 2022-12-07T10:00:15.822502+00:00, run_after=2022-12-07T14:00:15.822502+00:00
[2022-12-07T14:00:15.856+0000] {processor.py:175} INFO - Processing /home/airflow/.local/lib/python3.7/site-packages/airflow/example_dags/example_latest_only.py took 0.180 seconds
[2022-12-07T14:00:45.905+0000] {processor.py:153} INFO - Started process (PID=296) to work on /home/airflow/.local/lib/python3.7/site-packages/airflow/example_dags/example_latest_only.py
[2022-12-07T14:00:45.909+0000] {processor.py:743} INFO - Processing file /home/airflow/.local/lib/python3.7/site-packages/airflow/example_dags/example_latest_only.py for tasks to queue
[2022-12-07T14:00:45.911+0000] {logging_mixin.py:137} INFO - [2022-12-07T14:00:45.911+0000] {dagbag.py:538} INFO - Filling up the DagBag from /home/airflow/.local/lib/python3.7/site-packages/airflow/example_dags/example_latest_only.py
[2022-12-07T14:00:45.935+0000] {processor.py:753} INFO - DAG(s) dict_keys(['latest_only']) retrieved from /home/airflow/.local/lib/python3.7/site-packages/airflow/example_dags/example_latest_only.py
[2022-12-07T14:00:45.995+0000] {logging_mixin.py:137} INFO - [2022-12-07T14:00:45.994+0000] {dag.py:2676} INFO - Sync 1 DAGs
[2022-12-07T14:00:46.034+0000] {logging_mixin.py:137} INFO - [2022-12-07T14:00:46.034+0000] {dag.py:3427} INFO - Setting next_dagrun for latest_only to 2022-12-07T10:00:46.034335+00:00, run_after=2022-12-07T14:00:46.034335+00:00
[2022-12-07T14:00:46.063+0000] {processor.py:175} INFO - Processing /home/airflow/.local/lib/python3.7/site-packages/airflow/example_dags/example_latest_only.py took 0.164 seconds
[2022-12-07T14:01:16.813+0000] {processor.py:153} INFO - Started process (PID=366) to work on /home/airflow/.local/lib/python3.7/site-packages/airflow/example_dags/example_latest_only.py
[2022-12-07T14:01:16.816+0000] {processor.py:743} INFO - Processing file /home/airflow/.local/lib/python3.7/site-packages/airflow/example_dags/example_latest_only.py for tasks to queue
[2022-12-07T14:01:16.818+0000] {logging_mixin.py:137} INFO - [2022-12-07T14:01:16.818+0000] {dagbag.py:538} INFO - Filling up the DagBag from /home/airflow/.local/lib/python3.7/site-packages/airflow/example_dags/example_latest_only.py
[2022-12-07T14:01:16.843+0000] {processor.py:753} INFO - DAG(s) dict_keys(['latest_only']) retrieved from /home/airflow/.local/lib/python3.7/site-packages/airflow/example_dags/example_latest_only.py
[2022-12-07T14:01:16.906+0000] {logging_mixin.py:137} INFO - [2022-12-07T14:01:16.906+0000] {dag.py:2676} INFO - Sync 1 DAGs
[2022-12-07T14:01:16.949+0000] {logging_mixin.py:137} INFO - [2022-12-07T14:01:16.949+0000] {dag.py:3427} INFO - Setting next_dagrun for latest_only to 2022-12-07T10:01:16.949238+00:00, run_after=2022-12-07T14:01:16.949238+00:00
[2022-12-07T14:01:16.984+0000] {processor.py:175} INFO - Processing /home/airflow/.local/lib/python3.7/site-packages/airflow/example_dags/example_latest_only.py took 0.177 seconds
[2022-12-07T14:01:47.605+0000] {processor.py:153} INFO - Started process (PID=436) to work on /home/airflow/.local/lib/python3.7/site-packages/airflow/example_dags/example_latest_only.py
[2022-12-07T14:01:47.609+0000] {processor.py:743} INFO - Processing file /home/airflow/.local/lib/python3.7/site-packages/airflow/example_dags/example_latest_only.py for tasks to queue
[2022-12-07T14:01:47.612+0000] {logging_mixin.py:137} INFO - [2022-12-07T14:01:47.612+0000] {dagbag.py:538} INFO - Filling up the DagBag from /home/airflow/.local/lib/python3.7/site-packages/airflow/example_dags/example_latest_only.py
[2022-12-07T14:01:47.646+0000] {processor.py:753} INFO - DAG(s) dict_keys(['latest_only']) retrieved from /home/airflow/.local/lib/python3.7/site-packages/airflow/example_dags/example_latest_only.py
[2022-12-07T14:01:47.715+0000] {logging_mixin.py:137} INFO - [2022-12-07T14:01:47.714+0000] {dag.py:2676} INFO - Sync 1 DAGs
[2022-12-07T14:01:47.779+0000] {logging_mixin.py:137} INFO - [2022-12-07T14:01:47.778+0000] {dag.py:3427} INFO - Setting next_dagrun for latest_only to 2022-12-07T10:01:47.778360+00:00, run_after=2022-12-07T14:01:47.778360+00:00
[2022-12-07T14:01:47.835+0000] {processor.py:175} INFO - Processing /home/airflow/.local/lib/python3.7/site-packages/airflow/example_dags/example_latest_only.py took 0.237 seconds
[2022-12-07T14:02:17.956+0000] {processor.py:153} INFO - Started process (PID=515) to work on /home/airflow/.local/lib/python3.7/site-packages/airflow/example_dags/example_latest_only.py
[2022-12-07T14:02:17.961+0000] {processor.py:743} INFO - Processing file /home/airflow/.local/lib/python3.7/site-packages/airflow/example_dags/example_latest_only.py for tasks to queue
[2022-12-07T14:02:17.963+0000] {logging_mixin.py:137} INFO - [2022-12-07T14:02:17.963+0000] {dagbag.py:538} INFO - Filling up the DagBag from /home/airflow/.local/lib/python3.7/site-packages/airflow/example_dags/example_latest_only.py
[2022-12-07T14:02:17.989+0000] {processor.py:753} INFO - DAG(s) dict_keys(['latest_only']) retrieved from /home/airflow/.local/lib/python3.7/site-packages/airflow/example_dags/example_latest_only.py
[2022-12-07T14:02:18.053+0000] {logging_mixin.py:137} INFO - [2022-12-07T14:02:18.052+0000] {dag.py:2676} INFO - Sync 1 DAGs
[2022-12-07T14:02:18.101+0000] {logging_mixin.py:137} INFO - [2022-12-07T14:02:18.101+0000] {dag.py:3427} INFO - Setting next_dagrun for latest_only to 2022-12-07T10:02:18.100951+00:00, run_after=2022-12-07T14:02:18.100951+00:00
[2022-12-07T14:02:18.139+0000] {processor.py:175} INFO - Processing /home/airflow/.local/lib/python3.7/site-packages/airflow/example_dags/example_latest_only.py took 0.190 seconds
[2022-12-07T14:02:49.289+0000] {processor.py:153} INFO - Started process (PID=593) to work on /home/airflow/.local/lib/python3.7/site-packages/airflow/example_dags/example_latest_only.py
[2022-12-07T14:02:49.293+0000] {processor.py:743} INFO - Processing file /home/airflow/.local/lib/python3.7/site-packages/airflow/example_dags/example_latest_only.py for tasks to queue
[2022-12-07T14:02:49.295+0000] {logging_mixin.py:137} INFO - [2022-12-07T14:02:49.295+0000] {dagbag.py:538} INFO - Filling up the DagBag from /home/airflow/.local/lib/python3.7/site-packages/airflow/example_dags/example_latest_only.py
[2022-12-07T14:02:49.325+0000] {processor.py:753} INFO - DAG(s) dict_keys(['latest_only']) retrieved from /home/airflow/.local/lib/python3.7/site-packages/airflow/example_dags/example_latest_only.py
[2022-12-07T14:02:49.393+0000] {logging_mixin.py:137} INFO - [2022-12-07T14:02:49.393+0000] {dag.py:2676} INFO - Sync 1 DAGs
[2022-12-07T14:02:49.435+0000] {logging_mixin.py:137} INFO - [2022-12-07T14:02:49.434+0000] {dag.py:3427} INFO - Setting next_dagrun for latest_only to 2022-12-07T10:02:49.434487+00:00, run_after=2022-12-07T14:02:49.434487+00:00
[2022-12-07T14:02:49.471+0000] {processor.py:175} INFO - Processing /home/airflow/.local/lib/python3.7/site-packages/airflow/example_dags/example_latest_only.py took 0.190 seconds
[2022-12-07T14:03:20.332+0000] {processor.py:153} INFO - Started process (PID=663) to work on /home/airflow/.local/lib/python3.7/site-packages/airflow/example_dags/example_latest_only.py
[2022-12-07T14:03:20.335+0000] {processor.py:743} INFO - Processing file /home/airflow/.local/lib/python3.7/site-packages/airflow/example_dags/example_latest_only.py for tasks to queue
[2022-12-07T14:03:20.338+0000] {logging_mixin.py:137} INFO - [2022-12-07T14:03:20.338+0000] {dagbag.py:538} INFO - Filling up the DagBag from /home/airflow/.local/lib/python3.7/site-packages/airflow/example_dags/example_latest_only.py
[2022-12-07T14:03:20.366+0000] {processor.py:753} INFO - DAG(s) dict_keys(['latest_only']) retrieved from /home/airflow/.local/lib/python3.7/site-packages/airflow/example_dags/example_latest_only.py
[2022-12-07T14:03:20.434+0000] {logging_mixin.py:137} INFO - [2022-12-07T14:03:20.433+0000] {dag.py:2676} INFO - Sync 1 DAGs
[2022-12-07T14:03:20.505+0000] {logging_mixin.py:137} INFO - [2022-12-07T14:03:20.504+0000] {dag.py:3427} INFO - Setting next_dagrun for latest_only to 2022-12-07T10:03:20.504122+00:00, run_after=2022-12-07T14:03:20.504122+00:00
[2022-12-07T14:03:20.561+0000] {processor.py:175} INFO - Processing /home/airflow/.local/lib/python3.7/site-packages/airflow/example_dags/example_latest_only.py took 0.236 seconds
[2022-12-07T14:03:50.990+0000] {processor.py:153} INFO - Started process (PID=742) to work on /home/airflow/.local/lib/python3.7/site-packages/airflow/example_dags/example_latest_only.py
[2022-12-07T14:03:50.994+0000] {processor.py:743} INFO - Processing file /home/airflow/.local/lib/python3.7/site-packages/airflow/example_dags/example_latest_only.py for tasks to queue
[2022-12-07T14:03:50.998+0000] {logging_mixin.py:137} INFO - [2022-12-07T14:03:50.998+0000] {dagbag.py:538} INFO - Filling up the DagBag from /home/airflow/.local/lib/python3.7/site-packages/airflow/example_dags/example_latest_only.py
[2022-12-07T14:03:51.032+0000] {processor.py:753} INFO - DAG(s) dict_keys(['latest_only']) retrieved from /home/airflow/.local/lib/python3.7/site-packages/airflow/example_dags/example_latest_only.py
[2022-12-07T14:03:51.110+0000] {logging_mixin.py:137} INFO - [2022-12-07T14:03:51.110+0000] {dag.py:2676} INFO - Sync 1 DAGs
[2022-12-07T14:03:51.178+0000] {logging_mixin.py:137} INFO - [2022-12-07T14:03:51.178+0000] {dag.py:3427} INFO - Setting next_dagrun for latest_only to 2022-12-07T10:03:51.178270+00:00, run_after=2022-12-07T14:03:51.178270+00:00
[2022-12-07T14:03:51.249+0000] {processor.py:175} INFO - Processing /home/airflow/.local/lib/python3.7/site-packages/airflow/example_dags/example_latest_only.py took 0.268 seconds
[2022-12-07T14:05:13.807+0000] {processor.py:153} INFO - Started process (PID=69) to work on /home/airflow/.local/lib/python3.7/site-packages/airflow/example_dags/example_latest_only.py
[2022-12-07T14:05:13.810+0000] {processor.py:743} INFO - Processing file /home/airflow/.local/lib/python3.7/site-packages/airflow/example_dags/example_latest_only.py for tasks to queue
[2022-12-07T14:05:13.813+0000] {logging_mixin.py:137} INFO - [2022-12-07T14:05:13.813+0000] {dagbag.py:538} INFO - Filling up the DagBag from /home/airflow/.local/lib/python3.7/site-packages/airflow/example_dags/example_latest_only.py
[2022-12-07T14:05:13.842+0000] {processor.py:753} INFO - DAG(s) dict_keys(['latest_only']) retrieved from /home/airflow/.local/lib/python3.7/site-packages/airflow/example_dags/example_latest_only.py
[2022-12-07T14:05:13.917+0000] {logging_mixin.py:137} INFO - [2022-12-07T14:05:13.917+0000] {dag.py:2676} INFO - Sync 1 DAGs
[2022-12-07T14:05:13.973+0000] {logging_mixin.py:137} INFO - [2022-12-07T14:05:13.973+0000] {dag.py:3427} INFO - Setting next_dagrun for latest_only to 2022-12-07T10:05:13.972737+00:00, run_after=2022-12-07T14:05:13.972737+00:00
[2022-12-07T14:05:14.015+0000] {processor.py:175} INFO - Processing /home/airflow/.local/lib/python3.7/site-packages/airflow/example_dags/example_latest_only.py took 0.214 seconds
[2022-12-07T14:05:44.260+0000] {processor.py:153} INFO - Started process (PID=140) to work on /home/airflow/.local/lib/python3.7/site-packages/airflow/example_dags/example_latest_only.py
[2022-12-07T14:05:44.263+0000] {processor.py:743} INFO - Processing file /home/airflow/.local/lib/python3.7/site-packages/airflow/example_dags/example_latest_only.py for tasks to queue
[2022-12-07T14:05:44.266+0000] {logging_mixin.py:137} INFO - [2022-12-07T14:05:44.265+0000] {dagbag.py:538} INFO - Filling up the DagBag from /home/airflow/.local/lib/python3.7/site-packages/airflow/example_dags/example_latest_only.py
[2022-12-07T14:05:44.290+0000] {processor.py:753} INFO - DAG(s) dict_keys(['latest_only']) retrieved from /home/airflow/.local/lib/python3.7/site-packages/airflow/example_dags/example_latest_only.py
[2022-12-07T14:05:44.351+0000] {logging_mixin.py:137} INFO - [2022-12-07T14:05:44.351+0000] {dag.py:2676} INFO - Sync 1 DAGs
[2022-12-07T14:05:44.391+0000] {logging_mixin.py:137} INFO - [2022-12-07T14:05:44.391+0000] {dag.py:3427} INFO - Setting next_dagrun for latest_only to 2022-12-07T10:05:44.390798+00:00, run_after=2022-12-07T14:05:44.390798+00:00
[2022-12-07T14:05:44.421+0000] {processor.py:175} INFO - Processing /home/airflow/.local/lib/python3.7/site-packages/airflow/example_dags/example_latest_only.py took 0.166 seconds
[2022-12-07T14:06:14.948+0000] {processor.py:153} INFO - Started process (PID=210) to work on /home/airflow/.local/lib/python3.7/site-packages/airflow/example_dags/example_latest_only.py
[2022-12-07T14:06:14.951+0000] {processor.py:743} INFO - Processing file /home/airflow/.local/lib/python3.7/site-packages/airflow/example_dags/example_latest_only.py for tasks to queue
[2022-12-07T14:06:14.955+0000] {logging_mixin.py:137} INFO - [2022-12-07T14:06:14.954+0000] {dagbag.py:538} INFO - Filling up the DagBag from /home/airflow/.local/lib/python3.7/site-packages/airflow/example_dags/example_latest_only.py
[2022-12-07T14:06:14.984+0000] {processor.py:753} INFO - DAG(s) dict_keys(['latest_only']) retrieved from /home/airflow/.local/lib/python3.7/site-packages/airflow/example_dags/example_latest_only.py
[2022-12-07T14:06:15.049+0000] {logging_mixin.py:137} INFO - [2022-12-07T14:06:15.049+0000] {dag.py:2676} INFO - Sync 1 DAGs
[2022-12-07T14:06:15.093+0000] {logging_mixin.py:137} INFO - [2022-12-07T14:06:15.093+0000] {dag.py:3427} INFO - Setting next_dagrun for latest_only to 2022-12-07T10:06:15.092949+00:00, run_after=2022-12-07T14:06:15.092949+00:00
[2022-12-07T14:06:15.123+0000] {processor.py:175} INFO - Processing /home/airflow/.local/lib/python3.7/site-packages/airflow/example_dags/example_latest_only.py took 0.181 seconds
[2022-12-07T14:06:45.202+0000] {processor.py:153} INFO - Started process (PID=280) to work on /home/airflow/.local/lib/python3.7/site-packages/airflow/example_dags/example_latest_only.py
[2022-12-07T14:06:45.205+0000] {processor.py:743} INFO - Processing file /home/airflow/.local/lib/python3.7/site-packages/airflow/example_dags/example_latest_only.py for tasks to queue
[2022-12-07T14:06:45.207+0000] {logging_mixin.py:137} INFO - [2022-12-07T14:06:45.207+0000] {dagbag.py:538} INFO - Filling up the DagBag from /home/airflow/.local/lib/python3.7/site-packages/airflow/example_dags/example_latest_only.py
[2022-12-07T14:06:45.231+0000] {processor.py:753} INFO - DAG(s) dict_keys(['latest_only']) retrieved from /home/airflow/.local/lib/python3.7/site-packages/airflow/example_dags/example_latest_only.py
[2022-12-07T14:06:45.290+0000] {logging_mixin.py:137} INFO - [2022-12-07T14:06:45.290+0000] {dag.py:2676} INFO - Sync 1 DAGs
[2022-12-07T14:06:45.333+0000] {logging_mixin.py:137} INFO - [2022-12-07T14:06:45.332+0000] {dag.py:3427} INFO - Setting next_dagrun for latest_only to 2022-12-07T10:06:45.332361+00:00, run_after=2022-12-07T14:06:45.332361+00:00
[2022-12-07T14:06:45.363+0000] {processor.py:175} INFO - Processing /home/airflow/.local/lib/python3.7/site-packages/airflow/example_dags/example_latest_only.py took 0.166 seconds
[2022-12-07T14:07:20.018+0000] {processor.py:153} INFO - Started process (PID=366) to work on /home/airflow/.local/lib/python3.7/site-packages/airflow/example_dags/example_latest_only.py
[2022-12-07T14:07:20.021+0000] {processor.py:743} INFO - Processing file /home/airflow/.local/lib/python3.7/site-packages/airflow/example_dags/example_latest_only.py for tasks to queue
[2022-12-07T14:07:20.025+0000] {logging_mixin.py:137} INFO - [2022-12-07T14:07:20.024+0000] {dagbag.py:538} INFO - Filling up the DagBag from /home/airflow/.local/lib/python3.7/site-packages/airflow/example_dags/example_latest_only.py
[2022-12-07T14:07:20.056+0000] {processor.py:753} INFO - DAG(s) dict_keys(['latest_only']) retrieved from /home/airflow/.local/lib/python3.7/site-packages/airflow/example_dags/example_latest_only.py
[2022-12-07T14:07:20.156+0000] {logging_mixin.py:137} INFO - [2022-12-07T14:07:20.156+0000] {dag.py:2676} INFO - Sync 1 DAGs
[2022-12-07T14:07:20.211+0000] {logging_mixin.py:137} INFO - [2022-12-07T14:07:20.211+0000] {dag.py:3427} INFO - Setting next_dagrun for latest_only to 2022-12-07T10:07:20.210658+00:00, run_after=2022-12-07T14:07:20.210658+00:00
[2022-12-07T14:07:20.249+0000] {processor.py:175} INFO - Processing /home/airflow/.local/lib/python3.7/site-packages/airflow/example_dags/example_latest_only.py took 0.239 seconds
[2022-12-07T14:07:50.471+0000] {processor.py:153} INFO - Started process (PID=436) to work on /home/airflow/.local/lib/python3.7/site-packages/airflow/example_dags/example_latest_only.py
[2022-12-07T14:07:50.475+0000] {processor.py:743} INFO - Processing file /home/airflow/.local/lib/python3.7/site-packages/airflow/example_dags/example_latest_only.py for tasks to queue
[2022-12-07T14:07:50.477+0000] {logging_mixin.py:137} INFO - [2022-12-07T14:07:50.477+0000] {dagbag.py:538} INFO - Filling up the DagBag from /home/airflow/.local/lib/python3.7/site-packages/airflow/example_dags/example_latest_only.py
[2022-12-07T14:07:50.506+0000] {processor.py:753} INFO - DAG(s) dict_keys(['latest_only']) retrieved from /home/airflow/.local/lib/python3.7/site-packages/airflow/example_dags/example_latest_only.py
[2022-12-07T14:07:50.567+0000] {logging_mixin.py:137} INFO - [2022-12-07T14:07:50.567+0000] {dag.py:2676} INFO - Sync 1 DAGs
[2022-12-07T14:07:50.607+0000] {logging_mixin.py:137} INFO - [2022-12-07T14:07:50.607+0000] {dag.py:3427} INFO - Setting next_dagrun for latest_only to 2022-12-07T10:07:50.606957+00:00, run_after=2022-12-07T14:07:50.606957+00:00
[2022-12-07T14:07:50.637+0000] {processor.py:175} INFO - Processing /home/airflow/.local/lib/python3.7/site-packages/airflow/example_dags/example_latest_only.py took 0.181 seconds
[2022-12-07T14:08:20.938+0000] {processor.py:153} INFO - Started process (PID=506) to work on /home/airflow/.local/lib/python3.7/site-packages/airflow/example_dags/example_latest_only.py
[2022-12-07T14:08:20.941+0000] {processor.py:743} INFO - Processing file /home/airflow/.local/lib/python3.7/site-packages/airflow/example_dags/example_latest_only.py for tasks to queue
[2022-12-07T14:08:20.944+0000] {logging_mixin.py:137} INFO - [2022-12-07T14:08:20.944+0000] {dagbag.py:538} INFO - Filling up the DagBag from /home/airflow/.local/lib/python3.7/site-packages/airflow/example_dags/example_latest_only.py
[2022-12-07T14:08:20.969+0000] {processor.py:753} INFO - DAG(s) dict_keys(['latest_only']) retrieved from /home/airflow/.local/lib/python3.7/site-packages/airflow/example_dags/example_latest_only.py
[2022-12-07T14:08:21.034+0000] {logging_mixin.py:137} INFO - [2022-12-07T14:08:21.033+0000] {dag.py:2676} INFO - Sync 1 DAGs
[2022-12-07T14:08:21.073+0000] {logging_mixin.py:137} INFO - [2022-12-07T14:08:21.073+0000] {dag.py:3427} INFO - Setting next_dagrun for latest_only to 2022-12-07T10:08:21.073348+00:00, run_after=2022-12-07T14:08:21.073348+00:00
[2022-12-07T14:08:21.108+0000] {processor.py:175} INFO - Processing /home/airflow/.local/lib/python3.7/site-packages/airflow/example_dags/example_latest_only.py took 0.176 seconds
[2022-12-07T14:08:51.342+0000] {processor.py:153} INFO - Started process (PID=585) to work on /home/airflow/.local/lib/python3.7/site-packages/airflow/example_dags/example_latest_only.py
[2022-12-07T14:08:51.345+0000] {processor.py:743} INFO - Processing file /home/airflow/.local/lib/python3.7/site-packages/airflow/example_dags/example_latest_only.py for tasks to queue
[2022-12-07T14:08:51.347+0000] {logging_mixin.py:137} INFO - [2022-12-07T14:08:51.347+0000] {dagbag.py:538} INFO - Filling up the DagBag from /home/airflow/.local/lib/python3.7/site-packages/airflow/example_dags/example_latest_only.py
[2022-12-07T14:08:51.371+0000] {processor.py:753} INFO - DAG(s) dict_keys(['latest_only']) retrieved from /home/airflow/.local/lib/python3.7/site-packages/airflow/example_dags/example_latest_only.py
[2022-12-07T14:08:51.438+0000] {logging_mixin.py:137} INFO - [2022-12-07T14:08:51.438+0000] {dag.py:2676} INFO - Sync 1 DAGs
[2022-12-07T14:08:51.482+0000] {logging_mixin.py:137} INFO - [2022-12-07T14:08:51.482+0000] {dag.py:3427} INFO - Setting next_dagrun for latest_only to 2022-12-07T10:08:51.481981+00:00, run_after=2022-12-07T14:08:51.481981+00:00
[2022-12-07T14:08:51.519+0000] {processor.py:175} INFO - Processing /home/airflow/.local/lib/python3.7/site-packages/airflow/example_dags/example_latest_only.py took 0.183 seconds
[2022-12-07T14:09:21.810+0000] {processor.py:153} INFO - Started process (PID=662) to work on /home/airflow/.local/lib/python3.7/site-packages/airflow/example_dags/example_latest_only.py
[2022-12-07T14:09:21.813+0000] {processor.py:743} INFO - Processing file /home/airflow/.local/lib/python3.7/site-packages/airflow/example_dags/example_latest_only.py for tasks to queue
[2022-12-07T14:09:21.815+0000] {logging_mixin.py:137} INFO - [2022-12-07T14:09:21.815+0000] {dagbag.py:538} INFO - Filling up the DagBag from /home/airflow/.local/lib/python3.7/site-packages/airflow/example_dags/example_latest_only.py
[2022-12-07T14:09:21.840+0000] {processor.py:753} INFO - DAG(s) dict_keys(['latest_only']) retrieved from /home/airflow/.local/lib/python3.7/site-packages/airflow/example_dags/example_latest_only.py
[2022-12-07T14:09:21.904+0000] {logging_mixin.py:137} INFO - [2022-12-07T14:09:21.904+0000] {dag.py:2676} INFO - Sync 1 DAGs
[2022-12-07T14:09:21.951+0000] {logging_mixin.py:137} INFO - [2022-12-07T14:09:21.950+0000] {dag.py:3427} INFO - Setting next_dagrun for latest_only to 2022-12-07T10:09:21.950491+00:00, run_after=2022-12-07T14:09:21.950491+00:00
[2022-12-07T14:09:21.983+0000] {processor.py:175} INFO - Processing /home/airflow/.local/lib/python3.7/site-packages/airflow/example_dags/example_latest_only.py took 0.178 seconds
[2022-12-07T14:09:52.390+0000] {processor.py:153} INFO - Started process (PID=732) to work on /home/airflow/.local/lib/python3.7/site-packages/airflow/example_dags/example_latest_only.py
[2022-12-07T14:09:52.394+0000] {processor.py:743} INFO - Processing file /home/airflow/.local/lib/python3.7/site-packages/airflow/example_dags/example_latest_only.py for tasks to queue
[2022-12-07T14:09:52.397+0000] {logging_mixin.py:137} INFO - [2022-12-07T14:09:52.397+0000] {dagbag.py:538} INFO - Filling up the DagBag from /home/airflow/.local/lib/python3.7/site-packages/airflow/example_dags/example_latest_only.py
[2022-12-07T14:09:52.423+0000] {processor.py:753} INFO - DAG(s) dict_keys(['latest_only']) retrieved from /home/airflow/.local/lib/python3.7/site-packages/airflow/example_dags/example_latest_only.py
[2022-12-07T14:09:52.488+0000] {logging_mixin.py:137} INFO - [2022-12-07T14:09:52.488+0000] {dag.py:2676} INFO - Sync 1 DAGs
[2022-12-07T14:09:52.531+0000] {logging_mixin.py:137} INFO - [2022-12-07T14:09:52.530+0000] {dag.py:3427} INFO - Setting next_dagrun for latest_only to 2022-12-07T10:09:52.530613+00:00, run_after=2022-12-07T14:09:52.530613+00:00
[2022-12-07T14:09:52.565+0000] {processor.py:175} INFO - Processing /home/airflow/.local/lib/python3.7/site-packages/airflow/example_dags/example_latest_only.py took 0.181 seconds
[2022-12-07T14:10:22.784+0000] {processor.py:153} INFO - Started process (PID=802) to work on /home/airflow/.local/lib/python3.7/site-packages/airflow/example_dags/example_latest_only.py
[2022-12-07T14:10:22.787+0000] {processor.py:743} INFO - Processing file /home/airflow/.local/lib/python3.7/site-packages/airflow/example_dags/example_latest_only.py for tasks to queue
[2022-12-07T14:10:22.789+0000] {logging_mixin.py:137} INFO - [2022-12-07T14:10:22.788+0000] {dagbag.py:538} INFO - Filling up the DagBag from /home/airflow/.local/lib/python3.7/site-packages/airflow/example_dags/example_latest_only.py
[2022-12-07T14:10:22.812+0000] {processor.py:753} INFO - DAG(s) dict_keys(['latest_only']) retrieved from /home/airflow/.local/lib/python3.7/site-packages/airflow/example_dags/example_latest_only.py
[2022-12-07T14:10:22.870+0000] {logging_mixin.py:137} INFO - [2022-12-07T14:10:22.870+0000] {dag.py:2676} INFO - Sync 1 DAGs
[2022-12-07T14:10:22.911+0000] {logging_mixin.py:137} INFO - [2022-12-07T14:10:22.911+0000] {dag.py:3427} INFO - Setting next_dagrun for latest_only to 2022-12-07T10:10:22.911079+00:00, run_after=2022-12-07T14:10:22.911079+00:00
[2022-12-07T14:10:22.943+0000] {processor.py:175} INFO - Processing /home/airflow/.local/lib/python3.7/site-packages/airflow/example_dags/example_latest_only.py took 0.164 seconds
[2022-12-07T14:10:53.593+0000] {processor.py:153} INFO - Started process (PID=889) to work on /home/airflow/.local/lib/python3.7/site-packages/airflow/example_dags/example_latest_only.py
[2022-12-07T14:10:53.596+0000] {processor.py:743} INFO - Processing file /home/airflow/.local/lib/python3.7/site-packages/airflow/example_dags/example_latest_only.py for tasks to queue
[2022-12-07T14:10:53.603+0000] {logging_mixin.py:137} INFO - [2022-12-07T14:10:53.603+0000] {dagbag.py:538} INFO - Filling up the DagBag from /home/airflow/.local/lib/python3.7/site-packages/airflow/example_dags/example_latest_only.py
[2022-12-07T14:10:53.636+0000] {processor.py:753} INFO - DAG(s) dict_keys(['latest_only']) retrieved from /home/airflow/.local/lib/python3.7/site-packages/airflow/example_dags/example_latest_only.py
[2022-12-07T14:10:53.732+0000] {logging_mixin.py:137} INFO - [2022-12-07T14:10:53.732+0000] {dag.py:2676} INFO - Sync 1 DAGs
[2022-12-07T14:10:53.785+0000] {logging_mixin.py:137} INFO - [2022-12-07T14:10:53.785+0000] {dag.py:3427} INFO - Setting next_dagrun for latest_only to 2022-12-07T10:10:53.784868+00:00, run_after=2022-12-07T14:10:53.784868+00:00
[2022-12-07T14:10:53.824+0000] {processor.py:175} INFO - Processing /home/airflow/.local/lib/python3.7/site-packages/airflow/example_dags/example_latest_only.py took 0.238 seconds
[2022-12-07T14:11:24.034+0000] {processor.py:153} INFO - Started process (PID=959) to work on /home/airflow/.local/lib/python3.7/site-packages/airflow/example_dags/example_latest_only.py
[2022-12-07T14:11:24.037+0000] {processor.py:743} INFO - Processing file /home/airflow/.local/lib/python3.7/site-packages/airflow/example_dags/example_latest_only.py for tasks to queue
[2022-12-07T14:11:24.040+0000] {logging_mixin.py:137} INFO - [2022-12-07T14:11:24.040+0000] {dagbag.py:538} INFO - Filling up the DagBag from /home/airflow/.local/lib/python3.7/site-packages/airflow/example_dags/example_latest_only.py
[2022-12-07T14:11:24.065+0000] {processor.py:753} INFO - DAG(s) dict_keys(['latest_only']) retrieved from /home/airflow/.local/lib/python3.7/site-packages/airflow/example_dags/example_latest_only.py
[2022-12-07T14:11:24.127+0000] {logging_mixin.py:137} INFO - [2022-12-07T14:11:24.127+0000] {dag.py:2676} INFO - Sync 1 DAGs
[2022-12-07T14:11:24.168+0000] {logging_mixin.py:137} INFO - [2022-12-07T14:11:24.167+0000] {dag.py:3427} INFO - Setting next_dagrun for latest_only to 2022-12-07T10:11:24.167556+00:00, run_after=2022-12-07T14:11:24.167556+00:00
[2022-12-07T14:11:24.196+0000] {processor.py:175} INFO - Processing /home/airflow/.local/lib/python3.7/site-packages/airflow/example_dags/example_latest_only.py took 0.168 seconds
[2022-12-07T14:11:54.664+0000] {processor.py:153} INFO - Started process (PID=1029) to work on /home/airflow/.local/lib/python3.7/site-packages/airflow/example_dags/example_latest_only.py
[2022-12-07T14:11:54.667+0000] {processor.py:743} INFO - Processing file /home/airflow/.local/lib/python3.7/site-packages/airflow/example_dags/example_latest_only.py for tasks to queue
[2022-12-07T14:11:54.669+0000] {logging_mixin.py:137} INFO - [2022-12-07T14:11:54.669+0000] {dagbag.py:538} INFO - Filling up the DagBag from /home/airflow/.local/lib/python3.7/site-packages/airflow/example_dags/example_latest_only.py
[2022-12-07T14:11:54.695+0000] {processor.py:753} INFO - DAG(s) dict_keys(['latest_only']) retrieved from /home/airflow/.local/lib/python3.7/site-packages/airflow/example_dags/example_latest_only.py
[2022-12-07T14:11:54.762+0000] {logging_mixin.py:137} INFO - [2022-12-07T14:11:54.762+0000] {dag.py:2676} INFO - Sync 1 DAGs
[2022-12-07T14:11:54.806+0000] {logging_mixin.py:137} INFO - [2022-12-07T14:11:54.806+0000] {dag.py:3427} INFO - Setting next_dagrun for latest_only to 2022-12-07T10:11:54.806254+00:00, run_after=2022-12-07T14:11:54.806254+00:00
[2022-12-07T14:11:54.840+0000] {processor.py:175} INFO - Processing /home/airflow/.local/lib/python3.7/site-packages/airflow/example_dags/example_latest_only.py took 0.182 seconds
