[2022-12-07T13:59:17.072+0000] {processor.py:153} INFO - Started process (PID=87) to work on /home/airflow/.local/lib/python3.7/site-packages/airflow/example_dags/example_datasets.py
[2022-12-07T13:59:17.074+0000] {processor.py:743} INFO - Processing file /home/airflow/.local/lib/python3.7/site-packages/airflow/example_dags/example_datasets.py for tasks to queue
[2022-12-07T13:59:17.077+0000] {logging_mixin.py:137} INFO - [2022-12-07T13:59:17.076+0000] {dagbag.py:538} INFO - Filling up the DagBag from /home/airflow/.local/lib/python3.7/site-packages/airflow/example_dags/example_datasets.py
[2022-12-07T13:59:17.111+0000] {processor.py:753} INFO - DAG(s) dict_keys(['dataset_consumes_1_and_2', 'dataset_consumes_1_never_scheduled', 'dataset_consumes_1', 'dataset_produces_2', 'dataset_consumes_unknown_never_scheduled', 'dataset_produces_1']) retrieved from /home/airflow/.local/lib/python3.7/site-packages/airflow/example_dags/example_datasets.py
[2022-12-07T13:59:17.331+0000] {logging_mixin.py:137} INFO - [2022-12-07T13:59:17.330+0000] {dag.py:2676} INFO - Sync 6 DAGs
[2022-12-07T13:59:17.386+0000] {logging_mixin.py:137} INFO - [2022-12-07T13:59:17.386+0000] {dag.py:3427} INFO - Setting next_dagrun for dataset_consumes_1 to None, run_after=None
[2022-12-07T13:59:17.394+0000] {logging_mixin.py:137} INFO - [2022-12-07T13:59:17.394+0000] {dag.py:3427} INFO - Setting next_dagrun for dataset_consumes_1_and_2 to None, run_after=None
[2022-12-07T13:59:17.400+0000] {logging_mixin.py:137} INFO - [2022-12-07T13:59:17.399+0000] {dag.py:3427} INFO - Setting next_dagrun for dataset_consumes_1_never_scheduled to None, run_after=None
[2022-12-07T13:59:17.404+0000] {logging_mixin.py:137} INFO - [2022-12-07T13:59:17.403+0000] {dag.py:3427} INFO - Setting next_dagrun for dataset_consumes_unknown_never_scheduled to None, run_after=None
[2022-12-07T13:59:17.411+0000] {logging_mixin.py:137} INFO - [2022-12-07T13:59:17.410+0000] {dag.py:3427} INFO - Setting next_dagrun for dataset_produces_1 to 2022-12-06T00:00:00+00:00, run_after=2022-12-07T00:00:00+00:00
[2022-12-07T13:59:17.415+0000] {logging_mixin.py:137} INFO - [2022-12-07T13:59:17.415+0000] {dag.py:3427} INFO - Setting next_dagrun for dataset_produces_2 to None, run_after=None
[2022-12-07T13:59:17.484+0000] {processor.py:175} INFO - Processing /home/airflow/.local/lib/python3.7/site-packages/airflow/example_dags/example_datasets.py took 0.418 seconds
[2022-12-07T13:59:47.847+0000] {processor.py:153} INFO - Started process (PID=163) to work on /home/airflow/.local/lib/python3.7/site-packages/airflow/example_dags/example_datasets.py
[2022-12-07T13:59:47.850+0000] {processor.py:743} INFO - Processing file /home/airflow/.local/lib/python3.7/site-packages/airflow/example_dags/example_datasets.py for tasks to queue
[2022-12-07T13:59:47.852+0000] {logging_mixin.py:137} INFO - [2022-12-07T13:59:47.852+0000] {dagbag.py:538} INFO - Filling up the DagBag from /home/airflow/.local/lib/python3.7/site-packages/airflow/example_dags/example_datasets.py
[2022-12-07T13:59:47.884+0000] {processor.py:753} INFO - DAG(s) dict_keys(['dataset_produces_1', 'dataset_consumes_1_never_scheduled', 'dataset_consumes_unknown_never_scheduled', 'dataset_consumes_1', 'dataset_consumes_1_and_2', 'dataset_produces_2']) retrieved from /home/airflow/.local/lib/python3.7/site-packages/airflow/example_dags/example_datasets.py
[2022-12-07T13:59:47.977+0000] {logging_mixin.py:137} INFO - [2022-12-07T13:59:47.977+0000] {dag.py:2676} INFO - Sync 6 DAGs
[2022-12-07T13:59:48.025+0000] {logging_mixin.py:137} INFO - [2022-12-07T13:59:48.025+0000] {dag.py:3427} INFO - Setting next_dagrun for dataset_consumes_1 to None, run_after=None
[2022-12-07T13:59:48.034+0000] {logging_mixin.py:137} INFO - [2022-12-07T13:59:48.034+0000] {dag.py:3427} INFO - Setting next_dagrun for dataset_consumes_1_and_2 to None, run_after=None
[2022-12-07T13:59:48.038+0000] {logging_mixin.py:137} INFO - [2022-12-07T13:59:48.038+0000] {dag.py:3427} INFO - Setting next_dagrun for dataset_consumes_1_never_scheduled to None, run_after=None
[2022-12-07T13:59:48.041+0000] {logging_mixin.py:137} INFO - [2022-12-07T13:59:48.041+0000] {dag.py:3427} INFO - Setting next_dagrun for dataset_consumes_unknown_never_scheduled to None, run_after=None
[2022-12-07T13:59:48.049+0000] {logging_mixin.py:137} INFO - [2022-12-07T13:59:48.049+0000] {dag.py:3427} INFO - Setting next_dagrun for dataset_produces_1 to 2022-12-06T00:00:00+00:00, run_after=2022-12-07T00:00:00+00:00
[2022-12-07T13:59:48.053+0000] {logging_mixin.py:137} INFO - [2022-12-07T13:59:48.053+0000] {dag.py:3427} INFO - Setting next_dagrun for dataset_produces_2 to None, run_after=None
[2022-12-07T13:59:48.109+0000] {processor.py:175} INFO - Processing /home/airflow/.local/lib/python3.7/site-packages/airflow/example_dags/example_datasets.py took 0.268 seconds
[2022-12-07T14:00:18.786+0000] {processor.py:153} INFO - Started process (PID=243) to work on /home/airflow/.local/lib/python3.7/site-packages/airflow/example_dags/example_datasets.py
[2022-12-07T14:00:18.790+0000] {processor.py:743} INFO - Processing file /home/airflow/.local/lib/python3.7/site-packages/airflow/example_dags/example_datasets.py for tasks to queue
[2022-12-07T14:00:18.793+0000] {logging_mixin.py:137} INFO - [2022-12-07T14:00:18.793+0000] {dagbag.py:538} INFO - Filling up the DagBag from /home/airflow/.local/lib/python3.7/site-packages/airflow/example_dags/example_datasets.py
[2022-12-07T14:00:18.828+0000] {processor.py:753} INFO - DAG(s) dict_keys(['dataset_consumes_unknown_never_scheduled', 'dataset_consumes_1_never_scheduled', 'dataset_produces_1', 'dataset_produces_2', 'dataset_consumes_1_and_2', 'dataset_consumes_1']) retrieved from /home/airflow/.local/lib/python3.7/site-packages/airflow/example_dags/example_datasets.py
[2022-12-07T14:00:18.932+0000] {logging_mixin.py:137} INFO - [2022-12-07T14:00:18.932+0000] {dag.py:2676} INFO - Sync 6 DAGs
[2022-12-07T14:00:18.975+0000] {logging_mixin.py:137} INFO - [2022-12-07T14:00:18.975+0000] {dag.py:3427} INFO - Setting next_dagrun for dataset_consumes_1 to None, run_after=None
[2022-12-07T14:00:18.982+0000] {logging_mixin.py:137} INFO - [2022-12-07T14:00:18.981+0000] {dag.py:3427} INFO - Setting next_dagrun for dataset_consumes_1_and_2 to None, run_after=None
[2022-12-07T14:00:18.985+0000] {logging_mixin.py:137} INFO - [2022-12-07T14:00:18.985+0000] {dag.py:3427} INFO - Setting next_dagrun for dataset_consumes_1_never_scheduled to None, run_after=None
[2022-12-07T14:00:18.988+0000] {logging_mixin.py:137} INFO - [2022-12-07T14:00:18.988+0000] {dag.py:3427} INFO - Setting next_dagrun for dataset_consumes_unknown_never_scheduled to None, run_after=None
[2022-12-07T14:00:18.993+0000] {logging_mixin.py:137} INFO - [2022-12-07T14:00:18.993+0000] {dag.py:3427} INFO - Setting next_dagrun for dataset_produces_1 to 2022-12-06T00:00:00+00:00, run_after=2022-12-07T00:00:00+00:00
[2022-12-07T14:00:18.996+0000] {logging_mixin.py:137} INFO - [2022-12-07T14:00:18.996+0000] {dag.py:3427} INFO - Setting next_dagrun for dataset_produces_2 to None, run_after=None
[2022-12-07T14:00:19.050+0000] {processor.py:175} INFO - Processing /home/airflow/.local/lib/python3.7/site-packages/airflow/example_dags/example_datasets.py took 0.270 seconds
[2022-12-07T14:00:49.365+0000] {processor.py:153} INFO - Started process (PID=313) to work on /home/airflow/.local/lib/python3.7/site-packages/airflow/example_dags/example_datasets.py
[2022-12-07T14:00:49.368+0000] {processor.py:743} INFO - Processing file /home/airflow/.local/lib/python3.7/site-packages/airflow/example_dags/example_datasets.py for tasks to queue
[2022-12-07T14:00:49.370+0000] {logging_mixin.py:137} INFO - [2022-12-07T14:00:49.370+0000] {dagbag.py:538} INFO - Filling up the DagBag from /home/airflow/.local/lib/python3.7/site-packages/airflow/example_dags/example_datasets.py
[2022-12-07T14:00:49.398+0000] {processor.py:753} INFO - DAG(s) dict_keys(['dataset_consumes_1_never_scheduled', 'dataset_consumes_1', 'dataset_produces_1', 'dataset_consumes_unknown_never_scheduled', 'dataset_consumes_1_and_2', 'dataset_produces_2']) retrieved from /home/airflow/.local/lib/python3.7/site-packages/airflow/example_dags/example_datasets.py
[2022-12-07T14:00:49.479+0000] {logging_mixin.py:137} INFO - [2022-12-07T14:00:49.479+0000] {dag.py:2676} INFO - Sync 6 DAGs
[2022-12-07T14:00:49.520+0000] {logging_mixin.py:137} INFO - [2022-12-07T14:00:49.520+0000] {dag.py:3427} INFO - Setting next_dagrun for dataset_consumes_1 to None, run_after=None
[2022-12-07T14:00:49.526+0000] {logging_mixin.py:137} INFO - [2022-12-07T14:00:49.526+0000] {dag.py:3427} INFO - Setting next_dagrun for dataset_consumes_1_and_2 to None, run_after=None
[2022-12-07T14:00:49.529+0000] {logging_mixin.py:137} INFO - [2022-12-07T14:00:49.529+0000] {dag.py:3427} INFO - Setting next_dagrun for dataset_consumes_1_never_scheduled to None, run_after=None
[2022-12-07T14:00:49.532+0000] {logging_mixin.py:137} INFO - [2022-12-07T14:00:49.532+0000] {dag.py:3427} INFO - Setting next_dagrun for dataset_consumes_unknown_never_scheduled to None, run_after=None
[2022-12-07T14:00:49.537+0000] {logging_mixin.py:137} INFO - [2022-12-07T14:00:49.537+0000] {dag.py:3427} INFO - Setting next_dagrun for dataset_produces_1 to 2022-12-06T00:00:00+00:00, run_after=2022-12-07T00:00:00+00:00
[2022-12-07T14:00:49.540+0000] {logging_mixin.py:137} INFO - [2022-12-07T14:00:49.540+0000] {dag.py:3427} INFO - Setting next_dagrun for dataset_produces_2 to None, run_after=None
[2022-12-07T14:00:49.592+0000] {processor.py:175} INFO - Processing /home/airflow/.local/lib/python3.7/site-packages/airflow/example_dags/example_datasets.py took 0.233 seconds
[2022-12-07T14:01:20.109+0000] {processor.py:153} INFO - Started process (PID=383) to work on /home/airflow/.local/lib/python3.7/site-packages/airflow/example_dags/example_datasets.py
[2022-12-07T14:01:20.112+0000] {processor.py:743} INFO - Processing file /home/airflow/.local/lib/python3.7/site-packages/airflow/example_dags/example_datasets.py for tasks to queue
[2022-12-07T14:01:20.114+0000] {logging_mixin.py:137} INFO - [2022-12-07T14:01:20.114+0000] {dagbag.py:538} INFO - Filling up the DagBag from /home/airflow/.local/lib/python3.7/site-packages/airflow/example_dags/example_datasets.py
[2022-12-07T14:01:20.146+0000] {processor.py:753} INFO - DAG(s) dict_keys(['dataset_consumes_unknown_never_scheduled', 'dataset_consumes_1_never_scheduled', 'dataset_produces_1', 'dataset_produces_2', 'dataset_consumes_1', 'dataset_consumes_1_and_2']) retrieved from /home/airflow/.local/lib/python3.7/site-packages/airflow/example_dags/example_datasets.py
[2022-12-07T14:01:20.231+0000] {logging_mixin.py:137} INFO - [2022-12-07T14:01:20.230+0000] {dag.py:2676} INFO - Sync 6 DAGs
[2022-12-07T14:01:20.276+0000] {logging_mixin.py:137} INFO - [2022-12-07T14:01:20.276+0000] {dag.py:3427} INFO - Setting next_dagrun for dataset_consumes_1 to None, run_after=None
[2022-12-07T14:01:20.287+0000] {logging_mixin.py:137} INFO - [2022-12-07T14:01:20.287+0000] {dag.py:3427} INFO - Setting next_dagrun for dataset_consumes_1_and_2 to None, run_after=None
[2022-12-07T14:01:20.291+0000] {logging_mixin.py:137} INFO - [2022-12-07T14:01:20.291+0000] {dag.py:3427} INFO - Setting next_dagrun for dataset_consumes_1_never_scheduled to None, run_after=None
[2022-12-07T14:01:20.294+0000] {logging_mixin.py:137} INFO - [2022-12-07T14:01:20.294+0000] {dag.py:3427} INFO - Setting next_dagrun for dataset_consumes_unknown_never_scheduled to None, run_after=None
[2022-12-07T14:01:20.300+0000] {logging_mixin.py:137} INFO - [2022-12-07T14:01:20.299+0000] {dag.py:3427} INFO - Setting next_dagrun for dataset_produces_1 to 2022-12-06T00:00:00+00:00, run_after=2022-12-07T00:00:00+00:00
[2022-12-07T14:01:20.302+0000] {logging_mixin.py:137} INFO - [2022-12-07T14:01:20.302+0000] {dag.py:3427} INFO - Setting next_dagrun for dataset_produces_2 to None, run_after=None
[2022-12-07T14:01:20.354+0000] {processor.py:175} INFO - Processing /home/airflow/.local/lib/python3.7/site-packages/airflow/example_dags/example_datasets.py took 0.251 seconds
[2022-12-07T14:01:51.096+0000] {processor.py:153} INFO - Started process (PID=462) to work on /home/airflow/.local/lib/python3.7/site-packages/airflow/example_dags/example_datasets.py
[2022-12-07T14:01:51.100+0000] {processor.py:743} INFO - Processing file /home/airflow/.local/lib/python3.7/site-packages/airflow/example_dags/example_datasets.py for tasks to queue
[2022-12-07T14:01:51.103+0000] {logging_mixin.py:137} INFO - [2022-12-07T14:01:51.103+0000] {dagbag.py:538} INFO - Filling up the DagBag from /home/airflow/.local/lib/python3.7/site-packages/airflow/example_dags/example_datasets.py
[2022-12-07T14:01:51.140+0000] {processor.py:753} INFO - DAG(s) dict_keys(['dataset_produces_1', 'dataset_produces_2', 'dataset_consumes_unknown_never_scheduled', 'dataset_consumes_1_and_2', 'dataset_consumes_1', 'dataset_consumes_1_never_scheduled']) retrieved from /home/airflow/.local/lib/python3.7/site-packages/airflow/example_dags/example_datasets.py
[2022-12-07T14:01:51.258+0000] {logging_mixin.py:137} INFO - [2022-12-07T14:01:51.258+0000] {dag.py:2676} INFO - Sync 6 DAGs
[2022-12-07T14:01:51.307+0000] {logging_mixin.py:137} INFO - [2022-12-07T14:01:51.307+0000] {dag.py:3427} INFO - Setting next_dagrun for dataset_consumes_1 to None, run_after=None
[2022-12-07T14:01:51.318+0000] {logging_mixin.py:137} INFO - [2022-12-07T14:01:51.318+0000] {dag.py:3427} INFO - Setting next_dagrun for dataset_consumes_1_and_2 to None, run_after=None
[2022-12-07T14:01:51.325+0000] {logging_mixin.py:137} INFO - [2022-12-07T14:01:51.324+0000] {dag.py:3427} INFO - Setting next_dagrun for dataset_consumes_1_never_scheduled to None, run_after=None
[2022-12-07T14:01:51.331+0000] {logging_mixin.py:137} INFO - [2022-12-07T14:01:51.331+0000] {dag.py:3427} INFO - Setting next_dagrun for dataset_consumes_unknown_never_scheduled to None, run_after=None
[2022-12-07T14:01:51.342+0000] {logging_mixin.py:137} INFO - [2022-12-07T14:01:51.342+0000] {dag.py:3427} INFO - Setting next_dagrun for dataset_produces_1 to 2022-12-06T00:00:00+00:00, run_after=2022-12-07T00:00:00+00:00
[2022-12-07T14:01:51.347+0000] {logging_mixin.py:137} INFO - [2022-12-07T14:01:51.347+0000] {dag.py:3427} INFO - Setting next_dagrun for dataset_produces_2 to None, run_after=None
[2022-12-07T14:01:51.453+0000] {processor.py:175} INFO - Processing /home/airflow/.local/lib/python3.7/site-packages/airflow/example_dags/example_datasets.py took 0.367 seconds
[2022-12-07T14:02:22.108+0000] {processor.py:153} INFO - Started process (PID=539) to work on /home/airflow/.local/lib/python3.7/site-packages/airflow/example_dags/example_datasets.py
[2022-12-07T14:02:22.110+0000] {processor.py:743} INFO - Processing file /home/airflow/.local/lib/python3.7/site-packages/airflow/example_dags/example_datasets.py for tasks to queue
[2022-12-07T14:02:22.112+0000] {logging_mixin.py:137} INFO - [2022-12-07T14:02:22.112+0000] {dagbag.py:538} INFO - Filling up the DagBag from /home/airflow/.local/lib/python3.7/site-packages/airflow/example_dags/example_datasets.py
[2022-12-07T14:02:22.141+0000] {processor.py:753} INFO - DAG(s) dict_keys(['dataset_produces_1', 'dataset_consumes_unknown_never_scheduled', 'dataset_consumes_1', 'dataset_produces_2', 'dataset_consumes_1_never_scheduled', 'dataset_consumes_1_and_2']) retrieved from /home/airflow/.local/lib/python3.7/site-packages/airflow/example_dags/example_datasets.py
[2022-12-07T14:02:22.226+0000] {logging_mixin.py:137} INFO - [2022-12-07T14:02:22.225+0000] {dag.py:2676} INFO - Sync 6 DAGs
[2022-12-07T14:02:22.266+0000] {logging_mixin.py:137} INFO - [2022-12-07T14:02:22.266+0000] {dag.py:3427} INFO - Setting next_dagrun for dataset_consumes_1 to None, run_after=None
[2022-12-07T14:02:22.273+0000] {logging_mixin.py:137} INFO - [2022-12-07T14:02:22.273+0000] {dag.py:3427} INFO - Setting next_dagrun for dataset_consumes_1_and_2 to None, run_after=None
[2022-12-07T14:02:22.276+0000] {logging_mixin.py:137} INFO - [2022-12-07T14:02:22.276+0000] {dag.py:3427} INFO - Setting next_dagrun for dataset_consumes_1_never_scheduled to None, run_after=None
[2022-12-07T14:02:22.278+0000] {logging_mixin.py:137} INFO - [2022-12-07T14:02:22.278+0000] {dag.py:3427} INFO - Setting next_dagrun for dataset_consumes_unknown_never_scheduled to None, run_after=None
[2022-12-07T14:02:22.284+0000] {logging_mixin.py:137} INFO - [2022-12-07T14:02:22.284+0000] {dag.py:3427} INFO - Setting next_dagrun for dataset_produces_1 to 2022-12-06T00:00:00+00:00, run_after=2022-12-07T00:00:00+00:00
[2022-12-07T14:02:22.288+0000] {logging_mixin.py:137} INFO - [2022-12-07T14:02:22.288+0000] {dag.py:3427} INFO - Setting next_dagrun for dataset_produces_2 to None, run_after=None
[2022-12-07T14:02:22.342+0000] {processor.py:175} INFO - Processing /home/airflow/.local/lib/python3.7/site-packages/airflow/example_dags/example_datasets.py took 0.239 seconds
[2022-12-07T14:02:52.608+0000] {processor.py:153} INFO - Started process (PID=610) to work on /home/airflow/.local/lib/python3.7/site-packages/airflow/example_dags/example_datasets.py
[2022-12-07T14:02:52.610+0000] {processor.py:743} INFO - Processing file /home/airflow/.local/lib/python3.7/site-packages/airflow/example_dags/example_datasets.py for tasks to queue
[2022-12-07T14:02:52.612+0000] {logging_mixin.py:137} INFO - [2022-12-07T14:02:52.612+0000] {dagbag.py:538} INFO - Filling up the DagBag from /home/airflow/.local/lib/python3.7/site-packages/airflow/example_dags/example_datasets.py
[2022-12-07T14:02:52.654+0000] {processor.py:753} INFO - DAG(s) dict_keys(['dataset_consumes_1', 'dataset_produces_2', 'dataset_produces_1', 'dataset_consumes_1_and_2', 'dataset_consumes_1_never_scheduled', 'dataset_consumes_unknown_never_scheduled']) retrieved from /home/airflow/.local/lib/python3.7/site-packages/airflow/example_dags/example_datasets.py
[2022-12-07T14:02:52.762+0000] {logging_mixin.py:137} INFO - [2022-12-07T14:02:52.762+0000] {dag.py:2676} INFO - Sync 6 DAGs
[2022-12-07T14:02:52.806+0000] {logging_mixin.py:137} INFO - [2022-12-07T14:02:52.806+0000] {dag.py:3427} INFO - Setting next_dagrun for dataset_consumes_1 to None, run_after=None
[2022-12-07T14:02:52.813+0000] {logging_mixin.py:137} INFO - [2022-12-07T14:02:52.813+0000] {dag.py:3427} INFO - Setting next_dagrun for dataset_consumes_1_and_2 to None, run_after=None
[2022-12-07T14:02:52.816+0000] {logging_mixin.py:137} INFO - [2022-12-07T14:02:52.816+0000] {dag.py:3427} INFO - Setting next_dagrun for dataset_consumes_1_never_scheduled to None, run_after=None
[2022-12-07T14:02:52.820+0000] {logging_mixin.py:137} INFO - [2022-12-07T14:02:52.819+0000] {dag.py:3427} INFO - Setting next_dagrun for dataset_consumes_unknown_never_scheduled to None, run_after=None
[2022-12-07T14:02:52.825+0000] {logging_mixin.py:137} INFO - [2022-12-07T14:02:52.825+0000] {dag.py:3427} INFO - Setting next_dagrun for dataset_produces_1 to 2022-12-06T00:00:00+00:00, run_after=2022-12-07T00:00:00+00:00
[2022-12-07T14:02:52.829+0000] {logging_mixin.py:137} INFO - [2022-12-07T14:02:52.828+0000] {dag.py:3427} INFO - Setting next_dagrun for dataset_produces_2 to None, run_after=None
[2022-12-07T14:02:52.894+0000] {processor.py:175} INFO - Processing /home/airflow/.local/lib/python3.7/site-packages/airflow/example_dags/example_datasets.py took 0.293 seconds
[2022-12-07T14:03:23.494+0000] {processor.py:153} INFO - Started process (PID=687) to work on /home/airflow/.local/lib/python3.7/site-packages/airflow/example_dags/example_datasets.py
[2022-12-07T14:03:23.497+0000] {processor.py:743} INFO - Processing file /home/airflow/.local/lib/python3.7/site-packages/airflow/example_dags/example_datasets.py for tasks to queue
[2022-12-07T14:03:23.499+0000] {logging_mixin.py:137} INFO - [2022-12-07T14:03:23.499+0000] {dagbag.py:538} INFO - Filling up the DagBag from /home/airflow/.local/lib/python3.7/site-packages/airflow/example_dags/example_datasets.py
[2022-12-07T14:03:23.528+0000] {processor.py:753} INFO - DAG(s) dict_keys(['dataset_consumes_1', 'dataset_produces_2', 'dataset_consumes_1_and_2', 'dataset_consumes_1_never_scheduled', 'dataset_consumes_unknown_never_scheduled', 'dataset_produces_1']) retrieved from /home/airflow/.local/lib/python3.7/site-packages/airflow/example_dags/example_datasets.py
[2022-12-07T14:03:23.615+0000] {logging_mixin.py:137} INFO - [2022-12-07T14:03:23.614+0000] {dag.py:2676} INFO - Sync 6 DAGs
[2022-12-07T14:03:23.659+0000] {logging_mixin.py:137} INFO - [2022-12-07T14:03:23.659+0000] {dag.py:3427} INFO - Setting next_dagrun for dataset_consumes_1 to None, run_after=None
[2022-12-07T14:03:23.667+0000] {logging_mixin.py:137} INFO - [2022-12-07T14:03:23.667+0000] {dag.py:3427} INFO - Setting next_dagrun for dataset_consumes_1_and_2 to None, run_after=None
[2022-12-07T14:03:23.672+0000] {logging_mixin.py:137} INFO - [2022-12-07T14:03:23.672+0000] {dag.py:3427} INFO - Setting next_dagrun for dataset_consumes_1_never_scheduled to None, run_after=None
[2022-12-07T14:03:23.676+0000] {logging_mixin.py:137} INFO - [2022-12-07T14:03:23.676+0000] {dag.py:3427} INFO - Setting next_dagrun for dataset_consumes_unknown_never_scheduled to None, run_after=None
[2022-12-07T14:03:23.682+0000] {logging_mixin.py:137} INFO - [2022-12-07T14:03:23.682+0000] {dag.py:3427} INFO - Setting next_dagrun for dataset_produces_1 to 2022-12-06T00:00:00+00:00, run_after=2022-12-07T00:00:00+00:00
[2022-12-07T14:03:23.686+0000] {logging_mixin.py:137} INFO - [2022-12-07T14:03:23.686+0000] {dag.py:3427} INFO - Setting next_dagrun for dataset_produces_2 to None, run_after=None
[2022-12-07T14:03:23.749+0000] {processor.py:175} INFO - Processing /home/airflow/.local/lib/python3.7/site-packages/airflow/example_dags/example_datasets.py took 0.260 seconds
[2022-12-07T14:05:16.194+0000] {processor.py:153} INFO - Started process (PID=86) to work on /home/airflow/.local/lib/python3.7/site-packages/airflow/example_dags/example_datasets.py
[2022-12-07T14:05:16.199+0000] {processor.py:743} INFO - Processing file /home/airflow/.local/lib/python3.7/site-packages/airflow/example_dags/example_datasets.py for tasks to queue
[2022-12-07T14:05:16.203+0000] {logging_mixin.py:137} INFO - [2022-12-07T14:05:16.203+0000] {dagbag.py:538} INFO - Filling up the DagBag from /home/airflow/.local/lib/python3.7/site-packages/airflow/example_dags/example_datasets.py
[2022-12-07T14:05:16.235+0000] {processor.py:753} INFO - DAG(s) dict_keys(['dataset_consumes_1_and_2', 'dataset_consumes_unknown_never_scheduled', 'dataset_produces_1', 'dataset_produces_2', 'dataset_consumes_1', 'dataset_consumes_1_never_scheduled']) retrieved from /home/airflow/.local/lib/python3.7/site-packages/airflow/example_dags/example_datasets.py
[2022-12-07T14:05:16.304+0000] {logging_mixin.py:137} INFO - [2022-12-07T14:05:16.304+0000] {dag.py:2676} INFO - Sync 6 DAGs
[2022-12-07T14:05:16.358+0000] {logging_mixin.py:137} INFO - [2022-12-07T14:05:16.357+0000] {dag.py:3427} INFO - Setting next_dagrun for dataset_consumes_1 to None, run_after=None
[2022-12-07T14:05:16.365+0000] {logging_mixin.py:137} INFO - [2022-12-07T14:05:16.365+0000] {dag.py:3427} INFO - Setting next_dagrun for dataset_consumes_1_and_2 to None, run_after=None
[2022-12-07T14:05:16.368+0000] {logging_mixin.py:137} INFO - [2022-12-07T14:05:16.368+0000] {dag.py:3427} INFO - Setting next_dagrun for dataset_consumes_1_never_scheduled to None, run_after=None
[2022-12-07T14:05:16.372+0000] {logging_mixin.py:137} INFO - [2022-12-07T14:05:16.372+0000] {dag.py:3427} INFO - Setting next_dagrun for dataset_consumes_unknown_never_scheduled to None, run_after=None
[2022-12-07T14:05:16.379+0000] {logging_mixin.py:137} INFO - [2022-12-07T14:05:16.378+0000] {dag.py:3427} INFO - Setting next_dagrun for dataset_produces_1 to 2022-12-06T00:00:00+00:00, run_after=2022-12-07T00:00:00+00:00
[2022-12-07T14:05:16.383+0000] {logging_mixin.py:137} INFO - [2022-12-07T14:05:16.382+0000] {dag.py:3427} INFO - Setting next_dagrun for dataset_produces_2 to None, run_after=None
[2022-12-07T14:05:16.439+0000] {processor.py:175} INFO - Processing /home/airflow/.local/lib/python3.7/site-packages/airflow/example_dags/example_datasets.py took 0.258 seconds
[2022-12-07T14:05:47.067+0000] {processor.py:153} INFO - Started process (PID=157) to work on /home/airflow/.local/lib/python3.7/site-packages/airflow/example_dags/example_datasets.py
[2022-12-07T14:05:47.071+0000] {processor.py:743} INFO - Processing file /home/airflow/.local/lib/python3.7/site-packages/airflow/example_dags/example_datasets.py for tasks to queue
[2022-12-07T14:05:47.076+0000] {logging_mixin.py:137} INFO - [2022-12-07T14:05:47.075+0000] {dagbag.py:538} INFO - Filling up the DagBag from /home/airflow/.local/lib/python3.7/site-packages/airflow/example_dags/example_datasets.py
[2022-12-07T14:05:47.110+0000] {processor.py:753} INFO - DAG(s) dict_keys(['dataset_produces_1', 'dataset_consumes_1_and_2', 'dataset_consumes_1', 'dataset_consumes_1_never_scheduled', 'dataset_consumes_unknown_never_scheduled', 'dataset_produces_2']) retrieved from /home/airflow/.local/lib/python3.7/site-packages/airflow/example_dags/example_datasets.py
[2022-12-07T14:05:47.296+0000] {logging_mixin.py:137} INFO - [2022-12-07T14:05:47.296+0000] {dag.py:2676} INFO - Sync 6 DAGs
[2022-12-07T14:05:47.344+0000] {logging_mixin.py:137} INFO - [2022-12-07T14:05:47.344+0000] {dag.py:3427} INFO - Setting next_dagrun for dataset_consumes_1 to None, run_after=None
[2022-12-07T14:05:47.354+0000] {logging_mixin.py:137} INFO - [2022-12-07T14:05:47.354+0000] {dag.py:3427} INFO - Setting next_dagrun for dataset_consumes_1_and_2 to None, run_after=None
[2022-12-07T14:05:47.359+0000] {logging_mixin.py:137} INFO - [2022-12-07T14:05:47.359+0000] {dag.py:3427} INFO - Setting next_dagrun for dataset_consumes_1_never_scheduled to None, run_after=None
[2022-12-07T14:05:47.364+0000] {logging_mixin.py:137} INFO - [2022-12-07T14:05:47.363+0000] {dag.py:3427} INFO - Setting next_dagrun for dataset_consumes_unknown_never_scheduled to None, run_after=None
[2022-12-07T14:05:47.373+0000] {logging_mixin.py:137} INFO - [2022-12-07T14:05:47.373+0000] {dag.py:3427} INFO - Setting next_dagrun for dataset_produces_1 to 2022-12-06T00:00:00+00:00, run_after=2022-12-07T00:00:00+00:00
[2022-12-07T14:05:47.378+0000] {logging_mixin.py:137} INFO - [2022-12-07T14:05:47.377+0000] {dag.py:3427} INFO - Setting next_dagrun for dataset_produces_2 to None, run_after=None
[2022-12-07T14:05:47.453+0000] {processor.py:175} INFO - Processing /home/airflow/.local/lib/python3.7/site-packages/airflow/example_dags/example_datasets.py took 0.392 seconds
[2022-12-07T14:06:18.138+0000] {processor.py:153} INFO - Started process (PID=227) to work on /home/airflow/.local/lib/python3.7/site-packages/airflow/example_dags/example_datasets.py
[2022-12-07T14:06:18.142+0000] {processor.py:743} INFO - Processing file /home/airflow/.local/lib/python3.7/site-packages/airflow/example_dags/example_datasets.py for tasks to queue
[2022-12-07T14:06:18.146+0000] {logging_mixin.py:137} INFO - [2022-12-07T14:06:18.146+0000] {dagbag.py:538} INFO - Filling up the DagBag from /home/airflow/.local/lib/python3.7/site-packages/airflow/example_dags/example_datasets.py
[2022-12-07T14:06:18.183+0000] {processor.py:753} INFO - DAG(s) dict_keys(['dataset_consumes_1_never_scheduled', 'dataset_produces_1', 'dataset_consumes_unknown_never_scheduled', 'dataset_consumes_1_and_2', 'dataset_consumes_1', 'dataset_produces_2']) retrieved from /home/airflow/.local/lib/python3.7/site-packages/airflow/example_dags/example_datasets.py
[2022-12-07T14:06:18.293+0000] {logging_mixin.py:137} INFO - [2022-12-07T14:06:18.293+0000] {dag.py:2676} INFO - Sync 6 DAGs
[2022-12-07T14:06:18.349+0000] {logging_mixin.py:137} INFO - [2022-12-07T14:06:18.349+0000] {dag.py:3427} INFO - Setting next_dagrun for dataset_consumes_1 to None, run_after=None
[2022-12-07T14:06:18.359+0000] {logging_mixin.py:137} INFO - [2022-12-07T14:06:18.358+0000] {dag.py:3427} INFO - Setting next_dagrun for dataset_consumes_1_and_2 to None, run_after=None
[2022-12-07T14:06:18.364+0000] {logging_mixin.py:137} INFO - [2022-12-07T14:06:18.364+0000] {dag.py:3427} INFO - Setting next_dagrun for dataset_consumes_1_never_scheduled to None, run_after=None
[2022-12-07T14:06:18.370+0000] {logging_mixin.py:137} INFO - [2022-12-07T14:06:18.369+0000] {dag.py:3427} INFO - Setting next_dagrun for dataset_consumes_unknown_never_scheduled to None, run_after=None
[2022-12-07T14:06:18.377+0000] {logging_mixin.py:137} INFO - [2022-12-07T14:06:18.377+0000] {dag.py:3427} INFO - Setting next_dagrun for dataset_produces_1 to 2022-12-06T00:00:00+00:00, run_after=2022-12-07T00:00:00+00:00
[2022-12-07T14:06:18.384+0000] {logging_mixin.py:137} INFO - [2022-12-07T14:06:18.384+0000] {dag.py:3427} INFO - Setting next_dagrun for dataset_produces_2 to None, run_after=None
[2022-12-07T14:06:18.455+0000] {processor.py:175} INFO - Processing /home/airflow/.local/lib/python3.7/site-packages/airflow/example_dags/example_datasets.py took 0.325 seconds
[2022-12-07T14:06:49.129+0000] {processor.py:153} INFO - Started process (PID=313) to work on /home/airflow/.local/lib/python3.7/site-packages/airflow/example_dags/example_datasets.py
[2022-12-07T14:06:49.133+0000] {processor.py:743} INFO - Processing file /home/airflow/.local/lib/python3.7/site-packages/airflow/example_dags/example_datasets.py for tasks to queue
[2022-12-07T14:06:49.136+0000] {logging_mixin.py:137} INFO - [2022-12-07T14:06:49.136+0000] {dagbag.py:538} INFO - Filling up the DagBag from /home/airflow/.local/lib/python3.7/site-packages/airflow/example_dags/example_datasets.py
[2022-12-07T14:06:49.167+0000] {processor.py:753} INFO - DAG(s) dict_keys(['dataset_produces_2', 'dataset_consumes_1', 'dataset_produces_1', 'dataset_consumes_unknown_never_scheduled', 'dataset_consumes_1_and_2', 'dataset_consumes_1_never_scheduled']) retrieved from /home/airflow/.local/lib/python3.7/site-packages/airflow/example_dags/example_datasets.py
[2022-12-07T14:06:49.258+0000] {logging_mixin.py:137} INFO - [2022-12-07T14:06:49.257+0000] {dag.py:2676} INFO - Sync 6 DAGs
[2022-12-07T14:06:49.303+0000] {logging_mixin.py:137} INFO - [2022-12-07T14:06:49.303+0000] {dag.py:3427} INFO - Setting next_dagrun for dataset_consumes_1 to None, run_after=None
[2022-12-07T14:06:49.310+0000] {logging_mixin.py:137} INFO - [2022-12-07T14:06:49.310+0000] {dag.py:3427} INFO - Setting next_dagrun for dataset_consumes_1_and_2 to None, run_after=None
[2022-12-07T14:06:49.313+0000] {logging_mixin.py:137} INFO - [2022-12-07T14:06:49.313+0000] {dag.py:3427} INFO - Setting next_dagrun for dataset_consumes_1_never_scheduled to None, run_after=None
[2022-12-07T14:06:49.316+0000] {logging_mixin.py:137} INFO - [2022-12-07T14:06:49.316+0000] {dag.py:3427} INFO - Setting next_dagrun for dataset_consumes_unknown_never_scheduled to None, run_after=None
[2022-12-07T14:06:49.322+0000] {logging_mixin.py:137} INFO - [2022-12-07T14:06:49.321+0000] {dag.py:3427} INFO - Setting next_dagrun for dataset_produces_1 to 2022-12-06T00:00:00+00:00, run_after=2022-12-07T00:00:00+00:00
[2022-12-07T14:06:49.325+0000] {logging_mixin.py:137} INFO - [2022-12-07T14:06:49.325+0000] {dag.py:3427} INFO - Setting next_dagrun for dataset_produces_2 to None, run_after=None
[2022-12-07T14:06:49.378+0000] {processor.py:175} INFO - Processing /home/airflow/.local/lib/python3.7/site-packages/airflow/example_dags/example_datasets.py took 0.255 seconds
[2022-12-07T14:07:22.298+0000] {processor.py:153} INFO - Started process (PID=383) to work on /home/airflow/.local/lib/python3.7/site-packages/airflow/example_dags/example_datasets.py
[2022-12-07T14:07:22.302+0000] {processor.py:743} INFO - Processing file /home/airflow/.local/lib/python3.7/site-packages/airflow/example_dags/example_datasets.py for tasks to queue
[2022-12-07T14:07:22.304+0000] {logging_mixin.py:137} INFO - [2022-12-07T14:07:22.304+0000] {dagbag.py:538} INFO - Filling up the DagBag from /home/airflow/.local/lib/python3.7/site-packages/airflow/example_dags/example_datasets.py
[2022-12-07T14:07:22.334+0000] {processor.py:753} INFO - DAG(s) dict_keys(['dataset_consumes_1', 'dataset_consumes_1_never_scheduled', 'dataset_consumes_1_and_2', 'dataset_produces_1', 'dataset_produces_2', 'dataset_consumes_unknown_never_scheduled']) retrieved from /home/airflow/.local/lib/python3.7/site-packages/airflow/example_dags/example_datasets.py
[2022-12-07T14:07:22.561+0000] {logging_mixin.py:137} INFO - [2022-12-07T14:07:22.561+0000] {dag.py:2676} INFO - Sync 6 DAGs
[2022-12-07T14:07:22.627+0000] {logging_mixin.py:137} INFO - [2022-12-07T14:07:22.626+0000] {dag.py:3427} INFO - Setting next_dagrun for dataset_consumes_1 to None, run_after=None
[2022-12-07T14:07:22.635+0000] {logging_mixin.py:137} INFO - [2022-12-07T14:07:22.635+0000] {dag.py:3427} INFO - Setting next_dagrun for dataset_consumes_1_and_2 to None, run_after=None
[2022-12-07T14:07:22.641+0000] {logging_mixin.py:137} INFO - [2022-12-07T14:07:22.641+0000] {dag.py:3427} INFO - Setting next_dagrun for dataset_consumes_1_never_scheduled to None, run_after=None
[2022-12-07T14:07:22.645+0000] {logging_mixin.py:137} INFO - [2022-12-07T14:07:22.645+0000] {dag.py:3427} INFO - Setting next_dagrun for dataset_consumes_unknown_never_scheduled to None, run_after=None
[2022-12-07T14:07:22.654+0000] {logging_mixin.py:137} INFO - [2022-12-07T14:07:22.654+0000] {dag.py:3427} INFO - Setting next_dagrun for dataset_produces_1 to 2022-12-06T00:00:00+00:00, run_after=2022-12-07T00:00:00+00:00
[2022-12-07T14:07:22.658+0000] {logging_mixin.py:137} INFO - [2022-12-07T14:07:22.658+0000] {dag.py:3427} INFO - Setting next_dagrun for dataset_produces_2 to None, run_after=None
[2022-12-07T14:07:22.732+0000] {processor.py:175} INFO - Processing /home/airflow/.local/lib/python3.7/site-packages/airflow/example_dags/example_datasets.py took 0.440 seconds
[2022-12-07T14:07:52.840+0000] {processor.py:153} INFO - Started process (PID=453) to work on /home/airflow/.local/lib/python3.7/site-packages/airflow/example_dags/example_datasets.py
[2022-12-07T14:07:52.843+0000] {processor.py:743} INFO - Processing file /home/airflow/.local/lib/python3.7/site-packages/airflow/example_dags/example_datasets.py for tasks to queue
[2022-12-07T14:07:52.846+0000] {logging_mixin.py:137} INFO - [2022-12-07T14:07:52.846+0000] {dagbag.py:538} INFO - Filling up the DagBag from /home/airflow/.local/lib/python3.7/site-packages/airflow/example_dags/example_datasets.py
[2022-12-07T14:07:52.873+0000] {processor.py:753} INFO - DAG(s) dict_keys(['dataset_consumes_1_never_scheduled', 'dataset_produces_2', 'dataset_consumes_unknown_never_scheduled', 'dataset_consumes_1_and_2', 'dataset_consumes_1', 'dataset_produces_1']) retrieved from /home/airflow/.local/lib/python3.7/site-packages/airflow/example_dags/example_datasets.py
[2022-12-07T14:07:52.955+0000] {logging_mixin.py:137} INFO - [2022-12-07T14:07:52.955+0000] {dag.py:2676} INFO - Sync 6 DAGs
[2022-12-07T14:07:52.996+0000] {logging_mixin.py:137} INFO - [2022-12-07T14:07:52.995+0000] {dag.py:3427} INFO - Setting next_dagrun for dataset_consumes_1 to None, run_after=None
[2022-12-07T14:07:53.002+0000] {logging_mixin.py:137} INFO - [2022-12-07T14:07:53.002+0000] {dag.py:3427} INFO - Setting next_dagrun for dataset_consumes_1_and_2 to None, run_after=None
[2022-12-07T14:07:53.005+0000] {logging_mixin.py:137} INFO - [2022-12-07T14:07:53.005+0000] {dag.py:3427} INFO - Setting next_dagrun for dataset_consumes_1_never_scheduled to None, run_after=None
[2022-12-07T14:07:53.007+0000] {logging_mixin.py:137} INFO - [2022-12-07T14:07:53.007+0000] {dag.py:3427} INFO - Setting next_dagrun for dataset_consumes_unknown_never_scheduled to None, run_after=None
[2022-12-07T14:07:53.012+0000] {logging_mixin.py:137} INFO - [2022-12-07T14:07:53.012+0000] {dag.py:3427} INFO - Setting next_dagrun for dataset_produces_1 to 2022-12-06T00:00:00+00:00, run_after=2022-12-07T00:00:00+00:00
[2022-12-07T14:07:53.015+0000] {logging_mixin.py:137} INFO - [2022-12-07T14:07:53.015+0000] {dag.py:3427} INFO - Setting next_dagrun for dataset_produces_2 to None, run_after=None
[2022-12-07T14:07:53.065+0000] {processor.py:175} INFO - Processing /home/airflow/.local/lib/python3.7/site-packages/airflow/example_dags/example_datasets.py took 0.230 seconds
[2022-12-07T14:08:23.235+0000] {processor.py:153} INFO - Started process (PID=523) to work on /home/airflow/.local/lib/python3.7/site-packages/airflow/example_dags/example_datasets.py
[2022-12-07T14:08:23.238+0000] {processor.py:743} INFO - Processing file /home/airflow/.local/lib/python3.7/site-packages/airflow/example_dags/example_datasets.py for tasks to queue
[2022-12-07T14:08:23.240+0000] {logging_mixin.py:137} INFO - [2022-12-07T14:08:23.240+0000] {dagbag.py:538} INFO - Filling up the DagBag from /home/airflow/.local/lib/python3.7/site-packages/airflow/example_dags/example_datasets.py
[2022-12-07T14:08:23.270+0000] {processor.py:753} INFO - DAG(s) dict_keys(['dataset_produces_1', 'dataset_consumes_1_and_2', 'dataset_consumes_unknown_never_scheduled', 'dataset_consumes_1_never_scheduled', 'dataset_consumes_1', 'dataset_produces_2']) retrieved from /home/airflow/.local/lib/python3.7/site-packages/airflow/example_dags/example_datasets.py
[2022-12-07T14:08:23.354+0000] {logging_mixin.py:137} INFO - [2022-12-07T14:08:23.354+0000] {dag.py:2676} INFO - Sync 6 DAGs
[2022-12-07T14:08:23.409+0000] {logging_mixin.py:137} INFO - [2022-12-07T14:08:23.409+0000] {dag.py:3427} INFO - Setting next_dagrun for dataset_consumes_1 to None, run_after=None
[2022-12-07T14:08:23.418+0000] {logging_mixin.py:137} INFO - [2022-12-07T14:08:23.418+0000] {dag.py:3427} INFO - Setting next_dagrun for dataset_consumes_1_and_2 to None, run_after=None
[2022-12-07T14:08:23.422+0000] {logging_mixin.py:137} INFO - [2022-12-07T14:08:23.421+0000] {dag.py:3427} INFO - Setting next_dagrun for dataset_consumes_1_never_scheduled to None, run_after=None
[2022-12-07T14:08:23.425+0000] {logging_mixin.py:137} INFO - [2022-12-07T14:08:23.424+0000] {dag.py:3427} INFO - Setting next_dagrun for dataset_consumes_unknown_never_scheduled to None, run_after=None
[2022-12-07T14:08:23.430+0000] {logging_mixin.py:137} INFO - [2022-12-07T14:08:23.430+0000] {dag.py:3427} INFO - Setting next_dagrun for dataset_produces_1 to 2022-12-06T00:00:00+00:00, run_after=2022-12-07T00:00:00+00:00
[2022-12-07T14:08:23.433+0000] {logging_mixin.py:137} INFO - [2022-12-07T14:08:23.433+0000] {dag.py:3427} INFO - Setting next_dagrun for dataset_produces_2 to None, run_after=None
[2022-12-07T14:08:23.489+0000] {processor.py:175} INFO - Processing /home/airflow/.local/lib/python3.7/site-packages/airflow/example_dags/example_datasets.py took 0.260 seconds
[2022-12-07T14:08:54.364+0000] {processor.py:153} INFO - Started process (PID=609) to work on /home/airflow/.local/lib/python3.7/site-packages/airflow/example_dags/example_datasets.py
[2022-12-07T14:08:54.366+0000] {processor.py:743} INFO - Processing file /home/airflow/.local/lib/python3.7/site-packages/airflow/example_dags/example_datasets.py for tasks to queue
[2022-12-07T14:08:54.368+0000] {logging_mixin.py:137} INFO - [2022-12-07T14:08:54.368+0000] {dagbag.py:538} INFO - Filling up the DagBag from /home/airflow/.local/lib/python3.7/site-packages/airflow/example_dags/example_datasets.py
[2022-12-07T14:08:54.395+0000] {processor.py:753} INFO - DAG(s) dict_keys(['dataset_consumes_1', 'dataset_consumes_1_never_scheduled', 'dataset_consumes_1_and_2', 'dataset_produces_1', 'dataset_produces_2', 'dataset_consumes_unknown_never_scheduled']) retrieved from /home/airflow/.local/lib/python3.7/site-packages/airflow/example_dags/example_datasets.py
[2022-12-07T14:08:54.477+0000] {logging_mixin.py:137} INFO - [2022-12-07T14:08:54.476+0000] {dag.py:2676} INFO - Sync 6 DAGs
[2022-12-07T14:08:54.521+0000] {logging_mixin.py:137} INFO - [2022-12-07T14:08:54.521+0000] {dag.py:3427} INFO - Setting next_dagrun for dataset_consumes_1 to None, run_after=None
[2022-12-07T14:08:54.528+0000] {logging_mixin.py:137} INFO - [2022-12-07T14:08:54.528+0000] {dag.py:3427} INFO - Setting next_dagrun for dataset_consumes_1_and_2 to None, run_after=None
[2022-12-07T14:08:54.531+0000] {logging_mixin.py:137} INFO - [2022-12-07T14:08:54.531+0000] {dag.py:3427} INFO - Setting next_dagrun for dataset_consumes_1_never_scheduled to None, run_after=None
[2022-12-07T14:08:54.534+0000] {logging_mixin.py:137} INFO - [2022-12-07T14:08:54.533+0000] {dag.py:3427} INFO - Setting next_dagrun for dataset_consumes_unknown_never_scheduled to None, run_after=None
[2022-12-07T14:08:54.539+0000] {logging_mixin.py:137} INFO - [2022-12-07T14:08:54.539+0000] {dag.py:3427} INFO - Setting next_dagrun for dataset_produces_1 to 2022-12-06T00:00:00+00:00, run_after=2022-12-07T00:00:00+00:00
[2022-12-07T14:08:54.542+0000] {logging_mixin.py:137} INFO - [2022-12-07T14:08:54.541+0000] {dag.py:3427} INFO - Setting next_dagrun for dataset_produces_2 to None, run_after=None
[2022-12-07T14:08:54.596+0000] {processor.py:175} INFO - Processing /home/airflow/.local/lib/python3.7/site-packages/airflow/example_dags/example_datasets.py took 0.238 seconds
[2022-12-07T14:09:24.777+0000] {processor.py:153} INFO - Started process (PID=679) to work on /home/airflow/.local/lib/python3.7/site-packages/airflow/example_dags/example_datasets.py
[2022-12-07T14:09:24.780+0000] {processor.py:743} INFO - Processing file /home/airflow/.local/lib/python3.7/site-packages/airflow/example_dags/example_datasets.py for tasks to queue
[2022-12-07T14:09:24.782+0000] {logging_mixin.py:137} INFO - [2022-12-07T14:09:24.782+0000] {dagbag.py:538} INFO - Filling up the DagBag from /home/airflow/.local/lib/python3.7/site-packages/airflow/example_dags/example_datasets.py
[2022-12-07T14:09:24.811+0000] {processor.py:753} INFO - DAG(s) dict_keys(['dataset_consumes_1_and_2', 'dataset_consumes_1', 'dataset_consumes_1_never_scheduled', 'dataset_produces_1', 'dataset_consumes_unknown_never_scheduled', 'dataset_produces_2']) retrieved from /home/airflow/.local/lib/python3.7/site-packages/airflow/example_dags/example_datasets.py
[2022-12-07T14:09:24.896+0000] {logging_mixin.py:137} INFO - [2022-12-07T14:09:24.896+0000] {dag.py:2676} INFO - Sync 6 DAGs
[2022-12-07T14:09:24.937+0000] {logging_mixin.py:137} INFO - [2022-12-07T14:09:24.937+0000] {dag.py:3427} INFO - Setting next_dagrun for dataset_consumes_1 to None, run_after=None
[2022-12-07T14:09:24.944+0000] {logging_mixin.py:137} INFO - [2022-12-07T14:09:24.943+0000] {dag.py:3427} INFO - Setting next_dagrun for dataset_consumes_1_and_2 to None, run_after=None
[2022-12-07T14:09:24.947+0000] {logging_mixin.py:137} INFO - [2022-12-07T14:09:24.947+0000] {dag.py:3427} INFO - Setting next_dagrun for dataset_consumes_1_never_scheduled to None, run_after=None
[2022-12-07T14:09:24.950+0000] {logging_mixin.py:137} INFO - [2022-12-07T14:09:24.949+0000] {dag.py:3427} INFO - Setting next_dagrun for dataset_consumes_unknown_never_scheduled to None, run_after=None
[2022-12-07T14:09:24.955+0000] {logging_mixin.py:137} INFO - [2022-12-07T14:09:24.954+0000] {dag.py:3427} INFO - Setting next_dagrun for dataset_produces_1 to 2022-12-06T00:00:00+00:00, run_after=2022-12-07T00:00:00+00:00
[2022-12-07T14:09:24.958+0000] {logging_mixin.py:137} INFO - [2022-12-07T14:09:24.958+0000] {dag.py:3427} INFO - Setting next_dagrun for dataset_produces_2 to None, run_after=None
[2022-12-07T14:09:25.014+0000] {processor.py:175} INFO - Processing /home/airflow/.local/lib/python3.7/site-packages/airflow/example_dags/example_datasets.py took 0.243 seconds
[2022-12-07T14:09:55.261+0000] {processor.py:153} INFO - Started process (PID=749) to work on /home/airflow/.local/lib/python3.7/site-packages/airflow/example_dags/example_datasets.py
[2022-12-07T14:09:55.264+0000] {processor.py:743} INFO - Processing file /home/airflow/.local/lib/python3.7/site-packages/airflow/example_dags/example_datasets.py for tasks to queue
[2022-12-07T14:09:55.266+0000] {logging_mixin.py:137} INFO - [2022-12-07T14:09:55.266+0000] {dagbag.py:538} INFO - Filling up the DagBag from /home/airflow/.local/lib/python3.7/site-packages/airflow/example_dags/example_datasets.py
[2022-12-07T14:09:55.295+0000] {processor.py:753} INFO - DAG(s) dict_keys(['dataset_consumes_1', 'dataset_produces_2', 'dataset_consumes_1_and_2', 'dataset_consumes_1_never_scheduled', 'dataset_consumes_unknown_never_scheduled', 'dataset_produces_1']) retrieved from /home/airflow/.local/lib/python3.7/site-packages/airflow/example_dags/example_datasets.py
[2022-12-07T14:09:55.380+0000] {logging_mixin.py:137} INFO - [2022-12-07T14:09:55.380+0000] {dag.py:2676} INFO - Sync 6 DAGs
[2022-12-07T14:09:55.421+0000] {logging_mixin.py:137} INFO - [2022-12-07T14:09:55.421+0000] {dag.py:3427} INFO - Setting next_dagrun for dataset_consumes_1 to None, run_after=None
[2022-12-07T14:09:55.428+0000] {logging_mixin.py:137} INFO - [2022-12-07T14:09:55.427+0000] {dag.py:3427} INFO - Setting next_dagrun for dataset_consumes_1_and_2 to None, run_after=None
[2022-12-07T14:09:55.431+0000] {logging_mixin.py:137} INFO - [2022-12-07T14:09:55.431+0000] {dag.py:3427} INFO - Setting next_dagrun for dataset_consumes_1_never_scheduled to None, run_after=None
[2022-12-07T14:09:55.434+0000] {logging_mixin.py:137} INFO - [2022-12-07T14:09:55.434+0000] {dag.py:3427} INFO - Setting next_dagrun for dataset_consumes_unknown_never_scheduled to None, run_after=None
[2022-12-07T14:09:55.439+0000] {logging_mixin.py:137} INFO - [2022-12-07T14:09:55.439+0000] {dag.py:3427} INFO - Setting next_dagrun for dataset_produces_1 to 2022-12-06T00:00:00+00:00, run_after=2022-12-07T00:00:00+00:00
[2022-12-07T14:09:55.442+0000] {logging_mixin.py:137} INFO - [2022-12-07T14:09:55.442+0000] {dag.py:3427} INFO - Setting next_dagrun for dataset_produces_2 to None, run_after=None
[2022-12-07T14:09:55.496+0000] {processor.py:175} INFO - Processing /home/airflow/.local/lib/python3.7/site-packages/airflow/example_dags/example_datasets.py took 0.240 seconds
[2022-12-07T14:10:25.777+0000] {processor.py:153} INFO - Started process (PID=835) to work on /home/airflow/.local/lib/python3.7/site-packages/airflow/example_dags/example_datasets.py
[2022-12-07T14:10:25.780+0000] {processor.py:743} INFO - Processing file /home/airflow/.local/lib/python3.7/site-packages/airflow/example_dags/example_datasets.py for tasks to queue
[2022-12-07T14:10:25.782+0000] {logging_mixin.py:137} INFO - [2022-12-07T14:10:25.781+0000] {dagbag.py:538} INFO - Filling up the DagBag from /home/airflow/.local/lib/python3.7/site-packages/airflow/example_dags/example_datasets.py
[2022-12-07T14:10:25.808+0000] {processor.py:753} INFO - DAG(s) dict_keys(['dataset_produces_2', 'dataset_consumes_1_and_2', 'dataset_consumes_1_never_scheduled', 'dataset_consumes_1', 'dataset_consumes_unknown_never_scheduled', 'dataset_produces_1']) retrieved from /home/airflow/.local/lib/python3.7/site-packages/airflow/example_dags/example_datasets.py
[2022-12-07T14:10:25.893+0000] {logging_mixin.py:137} INFO - [2022-12-07T14:10:25.892+0000] {dag.py:2676} INFO - Sync 6 DAGs
[2022-12-07T14:10:25.935+0000] {logging_mixin.py:137} INFO - [2022-12-07T14:10:25.935+0000] {dag.py:3427} INFO - Setting next_dagrun for dataset_consumes_1 to None, run_after=None
[2022-12-07T14:10:25.942+0000] {logging_mixin.py:137} INFO - [2022-12-07T14:10:25.942+0000] {dag.py:3427} INFO - Setting next_dagrun for dataset_consumes_1_and_2 to None, run_after=None
[2022-12-07T14:10:25.946+0000] {logging_mixin.py:137} INFO - [2022-12-07T14:10:25.946+0000] {dag.py:3427} INFO - Setting next_dagrun for dataset_consumes_1_never_scheduled to None, run_after=None
[2022-12-07T14:10:25.950+0000] {logging_mixin.py:137} INFO - [2022-12-07T14:10:25.950+0000] {dag.py:3427} INFO - Setting next_dagrun for dataset_consumes_unknown_never_scheduled to None, run_after=None
[2022-12-07T14:10:25.957+0000] {logging_mixin.py:137} INFO - [2022-12-07T14:10:25.957+0000] {dag.py:3427} INFO - Setting next_dagrun for dataset_produces_1 to 2022-12-06T00:00:00+00:00, run_after=2022-12-07T00:00:00+00:00
[2022-12-07T14:10:25.960+0000] {logging_mixin.py:137} INFO - [2022-12-07T14:10:25.960+0000] {dag.py:3427} INFO - Setting next_dagrun for dataset_produces_2 to None, run_after=None
[2022-12-07T14:10:26.039+0000] {processor.py:175} INFO - Processing /home/airflow/.local/lib/python3.7/site-packages/airflow/example_dags/example_datasets.py took 0.269 seconds
[2022-12-07T14:10:56.839+0000] {processor.py:153} INFO - Started process (PID=906) to work on /home/airflow/.local/lib/python3.7/site-packages/airflow/example_dags/example_datasets.py
[2022-12-07T14:10:56.842+0000] {processor.py:743} INFO - Processing file /home/airflow/.local/lib/python3.7/site-packages/airflow/example_dags/example_datasets.py for tasks to queue
[2022-12-07T14:10:56.844+0000] {logging_mixin.py:137} INFO - [2022-12-07T14:10:56.844+0000] {dagbag.py:538} INFO - Filling up the DagBag from /home/airflow/.local/lib/python3.7/site-packages/airflow/example_dags/example_datasets.py
[2022-12-07T14:10:56.873+0000] {processor.py:753} INFO - DAG(s) dict_keys(['dataset_consumes_1_and_2', 'dataset_produces_2', 'dataset_consumes_1', 'dataset_consumes_1_never_scheduled', 'dataset_produces_1', 'dataset_consumes_unknown_never_scheduled']) retrieved from /home/airflow/.local/lib/python3.7/site-packages/airflow/example_dags/example_datasets.py
[2022-12-07T14:10:56.962+0000] {logging_mixin.py:137} INFO - [2022-12-07T14:10:56.962+0000] {dag.py:2676} INFO - Sync 6 DAGs
[2022-12-07T14:10:57.005+0000] {logging_mixin.py:137} INFO - [2022-12-07T14:10:57.005+0000] {dag.py:3427} INFO - Setting next_dagrun for dataset_consumes_1 to None, run_after=None
[2022-12-07T14:10:57.013+0000] {logging_mixin.py:137} INFO - [2022-12-07T14:10:57.012+0000] {dag.py:3427} INFO - Setting next_dagrun for dataset_consumes_1_and_2 to None, run_after=None
[2022-12-07T14:10:57.017+0000] {logging_mixin.py:137} INFO - [2022-12-07T14:10:57.017+0000] {dag.py:3427} INFO - Setting next_dagrun for dataset_consumes_1_never_scheduled to None, run_after=None
[2022-12-07T14:10:57.021+0000] {logging_mixin.py:137} INFO - [2022-12-07T14:10:57.021+0000] {dag.py:3427} INFO - Setting next_dagrun for dataset_consumes_unknown_never_scheduled to None, run_after=None
[2022-12-07T14:10:57.027+0000] {logging_mixin.py:137} INFO - [2022-12-07T14:10:57.027+0000] {dag.py:3427} INFO - Setting next_dagrun for dataset_produces_1 to 2022-12-06T00:00:00+00:00, run_after=2022-12-07T00:00:00+00:00
[2022-12-07T14:10:57.031+0000] {logging_mixin.py:137} INFO - [2022-12-07T14:10:57.031+0000] {dag.py:3427} INFO - Setting next_dagrun for dataset_produces_2 to None, run_after=None
[2022-12-07T14:10:57.093+0000] {processor.py:175} INFO - Processing /home/airflow/.local/lib/python3.7/site-packages/airflow/example_dags/example_datasets.py took 0.261 seconds
[2022-12-07T14:11:27.251+0000] {processor.py:153} INFO - Started process (PID=976) to work on /home/airflow/.local/lib/python3.7/site-packages/airflow/example_dags/example_datasets.py
[2022-12-07T14:11:27.253+0000] {processor.py:743} INFO - Processing file /home/airflow/.local/lib/python3.7/site-packages/airflow/example_dags/example_datasets.py for tasks to queue
[2022-12-07T14:11:27.255+0000] {logging_mixin.py:137} INFO - [2022-12-07T14:11:27.255+0000] {dagbag.py:538} INFO - Filling up the DagBag from /home/airflow/.local/lib/python3.7/site-packages/airflow/example_dags/example_datasets.py
[2022-12-07T14:11:27.283+0000] {processor.py:753} INFO - DAG(s) dict_keys(['dataset_consumes_unknown_never_scheduled', 'dataset_produces_2', 'dataset_consumes_1_and_2', 'dataset_consumes_1', 'dataset_consumes_1_never_scheduled', 'dataset_produces_1']) retrieved from /home/airflow/.local/lib/python3.7/site-packages/airflow/example_dags/example_datasets.py
[2022-12-07T14:11:27.364+0000] {logging_mixin.py:137} INFO - [2022-12-07T14:11:27.364+0000] {dag.py:2676} INFO - Sync 6 DAGs
[2022-12-07T14:11:27.407+0000] {logging_mixin.py:137} INFO - [2022-12-07T14:11:27.407+0000] {dag.py:3427} INFO - Setting next_dagrun for dataset_consumes_1 to None, run_after=None
[2022-12-07T14:11:27.413+0000] {logging_mixin.py:137} INFO - [2022-12-07T14:11:27.413+0000] {dag.py:3427} INFO - Setting next_dagrun for dataset_consumes_1_and_2 to None, run_after=None
[2022-12-07T14:11:27.417+0000] {logging_mixin.py:137} INFO - [2022-12-07T14:11:27.416+0000] {dag.py:3427} INFO - Setting next_dagrun for dataset_consumes_1_never_scheduled to None, run_after=None
[2022-12-07T14:11:27.420+0000] {logging_mixin.py:137} INFO - [2022-12-07T14:11:27.419+0000] {dag.py:3427} INFO - Setting next_dagrun for dataset_consumes_unknown_never_scheduled to None, run_after=None
[2022-12-07T14:11:27.425+0000] {logging_mixin.py:137} INFO - [2022-12-07T14:11:27.425+0000] {dag.py:3427} INFO - Setting next_dagrun for dataset_produces_1 to 2022-12-06T00:00:00+00:00, run_after=2022-12-07T00:00:00+00:00
[2022-12-07T14:11:27.428+0000] {logging_mixin.py:137} INFO - [2022-12-07T14:11:27.428+0000] {dag.py:3427} INFO - Setting next_dagrun for dataset_produces_2 to None, run_after=None
[2022-12-07T14:11:27.485+0000] {processor.py:175} INFO - Processing /home/airflow/.local/lib/python3.7/site-packages/airflow/example_dags/example_datasets.py took 0.239 seconds
