[2022-12-07T13:59:15.344+0000] {processor.py:153} INFO - Started process (PID=77) to work on /home/airflow/.local/lib/python3.7/site-packages/airflow/example_dags/example_short_circuit_operator.py
[2022-12-07T13:59:15.348+0000] {processor.py:743} INFO - Processing file /home/airflow/.local/lib/python3.7/site-packages/airflow/example_dags/example_short_circuit_operator.py for tasks to queue
[2022-12-07T13:59:15.351+0000] {logging_mixin.py:137} INFO - [2022-12-07T13:59:15.351+0000] {dagbag.py:538} INFO - Filling up the DagBag from /home/airflow/.local/lib/python3.7/site-packages/airflow/example_dags/example_short_circuit_operator.py
[2022-12-07T13:59:15.418+0000] {processor.py:753} INFO - DAG(s) dict_keys(['example_short_circuit_operator']) retrieved from /home/airflow/.local/lib/python3.7/site-packages/airflow/example_dags/example_short_circuit_operator.py
[2022-12-07T13:59:15.484+0000] {logging_mixin.py:137} INFO - [2022-12-07T13:59:15.484+0000] {dag.py:2676} INFO - Sync 1 DAGs
[2022-12-07T13:59:15.526+0000] {logging_mixin.py:137} INFO - [2022-12-07T13:59:15.526+0000] {dag.py:3427} INFO - Setting next_dagrun for example_short_circuit_operator to 2022-12-06T13:59:15.526187+00:00, run_after=2022-12-07T13:59:15.526187+00:00
[2022-12-07T13:59:15.561+0000] {processor.py:175} INFO - Processing /home/airflow/.local/lib/python3.7/site-packages/airflow/example_dags/example_short_circuit_operator.py took 0.224 seconds
[2022-12-07T13:59:45.729+0000] {processor.py:153} INFO - Started process (PID=147) to work on /home/airflow/.local/lib/python3.7/site-packages/airflow/example_dags/example_short_circuit_operator.py
[2022-12-07T13:59:45.732+0000] {processor.py:743} INFO - Processing file /home/airflow/.local/lib/python3.7/site-packages/airflow/example_dags/example_short_circuit_operator.py for tasks to queue
[2022-12-07T13:59:45.734+0000] {logging_mixin.py:137} INFO - [2022-12-07T13:59:45.733+0000] {dagbag.py:538} INFO - Filling up the DagBag from /home/airflow/.local/lib/python3.7/site-packages/airflow/example_dags/example_short_circuit_operator.py
[2022-12-07T13:59:45.765+0000] {processor.py:753} INFO - DAG(s) dict_keys(['example_short_circuit_operator']) retrieved from /home/airflow/.local/lib/python3.7/site-packages/airflow/example_dags/example_short_circuit_operator.py
[2022-12-07T13:59:45.825+0000] {logging_mixin.py:137} INFO - [2022-12-07T13:59:45.825+0000] {dag.py:2676} INFO - Sync 1 DAGs
[2022-12-07T13:59:45.866+0000] {logging_mixin.py:137} INFO - [2022-12-07T13:59:45.866+0000] {dag.py:3427} INFO - Setting next_dagrun for example_short_circuit_operator to 2022-12-06T13:59:45.866156+00:00, run_after=2022-12-07T13:59:45.866156+00:00
[2022-12-07T13:59:45.895+0000] {processor.py:175} INFO - Processing /home/airflow/.local/lib/python3.7/site-packages/airflow/example_dags/example_short_circuit_operator.py took 0.171 seconds
[2022-12-07T14:00:16.635+0000] {processor.py:153} INFO - Started process (PID=233) to work on /home/airflow/.local/lib/python3.7/site-packages/airflow/example_dags/example_short_circuit_operator.py
[2022-12-07T14:00:16.639+0000] {processor.py:743} INFO - Processing file /home/airflow/.local/lib/python3.7/site-packages/airflow/example_dags/example_short_circuit_operator.py for tasks to queue
[2022-12-07T14:00:16.642+0000] {logging_mixin.py:137} INFO - [2022-12-07T14:00:16.641+0000] {dagbag.py:538} INFO - Filling up the DagBag from /home/airflow/.local/lib/python3.7/site-packages/airflow/example_dags/example_short_circuit_operator.py
[2022-12-07T14:00:16.674+0000] {processor.py:753} INFO - DAG(s) dict_keys(['example_short_circuit_operator']) retrieved from /home/airflow/.local/lib/python3.7/site-packages/airflow/example_dags/example_short_circuit_operator.py
[2022-12-07T14:00:16.744+0000] {logging_mixin.py:137} INFO - [2022-12-07T14:00:16.743+0000] {dag.py:2676} INFO - Sync 1 DAGs
[2022-12-07T14:00:16.795+0000] {logging_mixin.py:137} INFO - [2022-12-07T14:00:16.795+0000] {dag.py:3427} INFO - Setting next_dagrun for example_short_circuit_operator to 2022-12-06T14:00:16.794509+00:00, run_after=2022-12-07T14:00:16.794509+00:00
[2022-12-07T14:00:16.839+0000] {processor.py:175} INFO - Processing /home/airflow/.local/lib/python3.7/site-packages/airflow/example_dags/example_short_circuit_operator.py took 0.210 seconds
[2022-12-07T14:00:47.081+0000] {processor.py:153} INFO - Started process (PID=303) to work on /home/airflow/.local/lib/python3.7/site-packages/airflow/example_dags/example_short_circuit_operator.py
[2022-12-07T14:00:47.083+0000] {processor.py:743} INFO - Processing file /home/airflow/.local/lib/python3.7/site-packages/airflow/example_dags/example_short_circuit_operator.py for tasks to queue
[2022-12-07T14:00:47.085+0000] {logging_mixin.py:137} INFO - [2022-12-07T14:00:47.085+0000] {dagbag.py:538} INFO - Filling up the DagBag from /home/airflow/.local/lib/python3.7/site-packages/airflow/example_dags/example_short_circuit_operator.py
[2022-12-07T14:00:47.115+0000] {processor.py:753} INFO - DAG(s) dict_keys(['example_short_circuit_operator']) retrieved from /home/airflow/.local/lib/python3.7/site-packages/airflow/example_dags/example_short_circuit_operator.py
[2022-12-07T14:00:47.179+0000] {logging_mixin.py:137} INFO - [2022-12-07T14:00:47.179+0000] {dag.py:2676} INFO - Sync 1 DAGs
[2022-12-07T14:00:47.220+0000] {logging_mixin.py:137} INFO - [2022-12-07T14:00:47.220+0000] {dag.py:3427} INFO - Setting next_dagrun for example_short_circuit_operator to 2022-12-06T14:00:47.220176+00:00, run_after=2022-12-07T14:00:47.220176+00:00
[2022-12-07T14:00:47.251+0000] {processor.py:175} INFO - Processing /home/airflow/.local/lib/python3.7/site-packages/airflow/example_dags/example_short_circuit_operator.py took 0.176 seconds
[2022-12-07T14:01:17.717+0000] {processor.py:153} INFO - Started process (PID=373) to work on /home/airflow/.local/lib/python3.7/site-packages/airflow/example_dags/example_short_circuit_operator.py
[2022-12-07T14:01:17.720+0000] {processor.py:743} INFO - Processing file /home/airflow/.local/lib/python3.7/site-packages/airflow/example_dags/example_short_circuit_operator.py for tasks to queue
[2022-12-07T14:01:17.722+0000] {logging_mixin.py:137} INFO - [2022-12-07T14:01:17.722+0000] {dagbag.py:538} INFO - Filling up the DagBag from /home/airflow/.local/lib/python3.7/site-packages/airflow/example_dags/example_short_circuit_operator.py
[2022-12-07T14:01:17.755+0000] {processor.py:753} INFO - DAG(s) dict_keys(['example_short_circuit_operator']) retrieved from /home/airflow/.local/lib/python3.7/site-packages/airflow/example_dags/example_short_circuit_operator.py
[2022-12-07T14:01:17.820+0000] {logging_mixin.py:137} INFO - [2022-12-07T14:01:17.820+0000] {dag.py:2676} INFO - Sync 1 DAGs
[2022-12-07T14:01:17.864+0000] {logging_mixin.py:137} INFO - [2022-12-07T14:01:17.864+0000] {dag.py:3427} INFO - Setting next_dagrun for example_short_circuit_operator to 2022-12-06T14:01:17.863998+00:00, run_after=2022-12-07T14:01:17.863998+00:00
[2022-12-07T14:01:17.898+0000] {processor.py:175} INFO - Processing /home/airflow/.local/lib/python3.7/site-packages/airflow/example_dags/example_short_circuit_operator.py took 0.187 seconds
[2022-12-07T14:01:48.456+0000] {processor.py:153} INFO - Started process (PID=443) to work on /home/airflow/.local/lib/python3.7/site-packages/airflow/example_dags/example_short_circuit_operator.py
[2022-12-07T14:01:48.461+0000] {processor.py:743} INFO - Processing file /home/airflow/.local/lib/python3.7/site-packages/airflow/example_dags/example_short_circuit_operator.py for tasks to queue
[2022-12-07T14:01:48.465+0000] {logging_mixin.py:137} INFO - [2022-12-07T14:01:48.464+0000] {dagbag.py:538} INFO - Filling up the DagBag from /home/airflow/.local/lib/python3.7/site-packages/airflow/example_dags/example_short_circuit_operator.py
[2022-12-07T14:01:48.508+0000] {processor.py:753} INFO - DAG(s) dict_keys(['example_short_circuit_operator']) retrieved from /home/airflow/.local/lib/python3.7/site-packages/airflow/example_dags/example_short_circuit_operator.py
[2022-12-07T14:01:48.612+0000] {logging_mixin.py:137} INFO - [2022-12-07T14:01:48.612+0000] {dag.py:2676} INFO - Sync 1 DAGs
[2022-12-07T14:01:48.674+0000] {logging_mixin.py:137} INFO - [2022-12-07T14:01:48.674+0000] {dag.py:3427} INFO - Setting next_dagrun for example_short_circuit_operator to 2022-12-06T14:01:48.673872+00:00, run_after=2022-12-07T14:01:48.673872+00:00
[2022-12-07T14:01:48.717+0000] {processor.py:175} INFO - Processing /home/airflow/.local/lib/python3.7/site-packages/airflow/example_dags/example_short_circuit_operator.py took 0.271 seconds
[2022-12-07T14:02:18.986+0000] {processor.py:153} INFO - Started process (PID=529) to work on /home/airflow/.local/lib/python3.7/site-packages/airflow/example_dags/example_short_circuit_operator.py
[2022-12-07T14:02:18.989+0000] {processor.py:743} INFO - Processing file /home/airflow/.local/lib/python3.7/site-packages/airflow/example_dags/example_short_circuit_operator.py for tasks to queue
[2022-12-07T14:02:18.992+0000] {logging_mixin.py:137} INFO - [2022-12-07T14:02:18.991+0000] {dagbag.py:538} INFO - Filling up the DagBag from /home/airflow/.local/lib/python3.7/site-packages/airflow/example_dags/example_short_circuit_operator.py
[2022-12-07T14:02:19.023+0000] {processor.py:753} INFO - DAG(s) dict_keys(['example_short_circuit_operator']) retrieved from /home/airflow/.local/lib/python3.7/site-packages/airflow/example_dags/example_short_circuit_operator.py
[2022-12-07T14:02:19.091+0000] {logging_mixin.py:137} INFO - [2022-12-07T14:02:19.091+0000] {dag.py:2676} INFO - Sync 1 DAGs
[2022-12-07T14:02:19.132+0000] {logging_mixin.py:137} INFO - [2022-12-07T14:02:19.132+0000] {dag.py:3427} INFO - Setting next_dagrun for example_short_circuit_operator to 2022-12-06T14:02:19.131811+00:00, run_after=2022-12-07T14:02:19.131811+00:00
[2022-12-07T14:02:19.163+0000] {processor.py:175} INFO - Processing /home/airflow/.local/lib/python3.7/site-packages/airflow/example_dags/example_short_circuit_operator.py took 0.183 seconds
[2022-12-07T14:02:50.230+0000] {processor.py:153} INFO - Started process (PID=600) to work on /home/airflow/.local/lib/python3.7/site-packages/airflow/example_dags/example_short_circuit_operator.py
[2022-12-07T14:02:50.233+0000] {processor.py:743} INFO - Processing file /home/airflow/.local/lib/python3.7/site-packages/airflow/example_dags/example_short_circuit_operator.py for tasks to queue
[2022-12-07T14:02:50.235+0000] {logging_mixin.py:137} INFO - [2022-12-07T14:02:50.235+0000] {dagbag.py:538} INFO - Filling up the DagBag from /home/airflow/.local/lib/python3.7/site-packages/airflow/example_dags/example_short_circuit_operator.py
[2022-12-07T14:02:50.272+0000] {processor.py:753} INFO - DAG(s) dict_keys(['example_short_circuit_operator']) retrieved from /home/airflow/.local/lib/python3.7/site-packages/airflow/example_dags/example_short_circuit_operator.py
[2022-12-07T14:02:50.341+0000] {logging_mixin.py:137} INFO - [2022-12-07T14:02:50.340+0000] {dag.py:2676} INFO - Sync 1 DAGs
[2022-12-07T14:02:50.382+0000] {logging_mixin.py:137} INFO - [2022-12-07T14:02:50.381+0000] {dag.py:3427} INFO - Setting next_dagrun for example_short_circuit_operator to 2022-12-06T14:02:50.381598+00:00, run_after=2022-12-07T14:02:50.381598+00:00
[2022-12-07T14:02:50.413+0000] {processor.py:175} INFO - Processing /home/airflow/.local/lib/python3.7/site-packages/airflow/example_dags/example_short_circuit_operator.py took 0.189 seconds
[2022-12-07T14:03:21.399+0000] {processor.py:153} INFO - Started process (PID=670) to work on /home/airflow/.local/lib/python3.7/site-packages/airflow/example_dags/example_short_circuit_operator.py
[2022-12-07T14:03:21.402+0000] {processor.py:743} INFO - Processing file /home/airflow/.local/lib/python3.7/site-packages/airflow/example_dags/example_short_circuit_operator.py for tasks to queue
[2022-12-07T14:03:21.405+0000] {logging_mixin.py:137} INFO - [2022-12-07T14:03:21.405+0000] {dagbag.py:538} INFO - Filling up the DagBag from /home/airflow/.local/lib/python3.7/site-packages/airflow/example_dags/example_short_circuit_operator.py
[2022-12-07T14:03:21.436+0000] {processor.py:753} INFO - DAG(s) dict_keys(['example_short_circuit_operator']) retrieved from /home/airflow/.local/lib/python3.7/site-packages/airflow/example_dags/example_short_circuit_operator.py
[2022-12-07T14:03:21.499+0000] {logging_mixin.py:137} INFO - [2022-12-07T14:03:21.499+0000] {dag.py:2676} INFO - Sync 1 DAGs
[2022-12-07T14:03:21.541+0000] {logging_mixin.py:137} INFO - [2022-12-07T14:03:21.541+0000] {dag.py:3427} INFO - Setting next_dagrun for example_short_circuit_operator to 2022-12-06T14:03:21.540987+00:00, run_after=2022-12-07T14:03:21.540987+00:00
[2022-12-07T14:03:21.576+0000] {processor.py:175} INFO - Processing /home/airflow/.local/lib/python3.7/site-packages/airflow/example_dags/example_short_circuit_operator.py took 0.182 seconds
[2022-12-07T14:05:14.793+0000] {processor.py:153} INFO - Started process (PID=76) to work on /home/airflow/.local/lib/python3.7/site-packages/airflow/example_dags/example_short_circuit_operator.py
[2022-12-07T14:05:14.800+0000] {processor.py:743} INFO - Processing file /home/airflow/.local/lib/python3.7/site-packages/airflow/example_dags/example_short_circuit_operator.py for tasks to queue
[2022-12-07T14:05:14.806+0000] {logging_mixin.py:137} INFO - [2022-12-07T14:05:14.805+0000] {dagbag.py:538} INFO - Filling up the DagBag from /home/airflow/.local/lib/python3.7/site-packages/airflow/example_dags/example_short_circuit_operator.py
[2022-12-07T14:05:14.844+0000] {processor.py:753} INFO - DAG(s) dict_keys(['example_short_circuit_operator']) retrieved from /home/airflow/.local/lib/python3.7/site-packages/airflow/example_dags/example_short_circuit_operator.py
[2022-12-07T14:05:14.896+0000] {logging_mixin.py:137} INFO - [2022-12-07T14:05:14.896+0000] {dag.py:2676} INFO - Sync 1 DAGs
[2022-12-07T14:05:14.954+0000] {logging_mixin.py:137} INFO - [2022-12-07T14:05:14.953+0000] {dag.py:3427} INFO - Setting next_dagrun for example_short_circuit_operator to 2022-12-06T14:05:14.953450+00:00, run_after=2022-12-07T14:05:14.953450+00:00
[2022-12-07T14:05:14.988+0000] {processor.py:175} INFO - Processing /home/airflow/.local/lib/python3.7/site-packages/airflow/example_dags/example_short_circuit_operator.py took 0.202 seconds
[2022-12-07T14:05:45.290+0000] {processor.py:153} INFO - Started process (PID=147) to work on /home/airflow/.local/lib/python3.7/site-packages/airflow/example_dags/example_short_circuit_operator.py
[2022-12-07T14:05:45.297+0000] {processor.py:743} INFO - Processing file /home/airflow/.local/lib/python3.7/site-packages/airflow/example_dags/example_short_circuit_operator.py for tasks to queue
[2022-12-07T14:05:45.309+0000] {logging_mixin.py:137} INFO - [2022-12-07T14:05:45.309+0000] {dagbag.py:538} INFO - Filling up the DagBag from /home/airflow/.local/lib/python3.7/site-packages/airflow/example_dags/example_short_circuit_operator.py
[2022-12-07T14:05:45.387+0000] {processor.py:753} INFO - DAG(s) dict_keys(['example_short_circuit_operator']) retrieved from /home/airflow/.local/lib/python3.7/site-packages/airflow/example_dags/example_short_circuit_operator.py
[2022-12-07T14:05:45.511+0000] {logging_mixin.py:137} INFO - [2022-12-07T14:05:45.510+0000] {dag.py:2676} INFO - Sync 1 DAGs
[2022-12-07T14:05:45.585+0000] {logging_mixin.py:137} INFO - [2022-12-07T14:05:45.585+0000] {dag.py:3427} INFO - Setting next_dagrun for example_short_circuit_operator to 2022-12-06T14:05:45.585146+00:00, run_after=2022-12-07T14:05:45.585146+00:00
[2022-12-07T14:05:45.645+0000] {processor.py:175} INFO - Processing /home/airflow/.local/lib/python3.7/site-packages/airflow/example_dags/example_short_circuit_operator.py took 0.366 seconds
[2022-12-07T14:06:15.817+0000] {processor.py:153} INFO - Started process (PID=217) to work on /home/airflow/.local/lib/python3.7/site-packages/airflow/example_dags/example_short_circuit_operator.py
[2022-12-07T14:06:15.820+0000] {processor.py:743} INFO - Processing file /home/airflow/.local/lib/python3.7/site-packages/airflow/example_dags/example_short_circuit_operator.py for tasks to queue
[2022-12-07T14:06:15.822+0000] {logging_mixin.py:137} INFO - [2022-12-07T14:06:15.822+0000] {dagbag.py:538} INFO - Filling up the DagBag from /home/airflow/.local/lib/python3.7/site-packages/airflow/example_dags/example_short_circuit_operator.py
[2022-12-07T14:06:15.851+0000] {processor.py:753} INFO - DAG(s) dict_keys(['example_short_circuit_operator']) retrieved from /home/airflow/.local/lib/python3.7/site-packages/airflow/example_dags/example_short_circuit_operator.py
[2022-12-07T14:06:15.913+0000] {logging_mixin.py:137} INFO - [2022-12-07T14:06:15.913+0000] {dag.py:2676} INFO - Sync 1 DAGs
[2022-12-07T14:06:15.954+0000] {logging_mixin.py:137} INFO - [2022-12-07T14:06:15.954+0000] {dag.py:3427} INFO - Setting next_dagrun for example_short_circuit_operator to 2022-12-06T14:06:15.954244+00:00, run_after=2022-12-07T14:06:15.954244+00:00
[2022-12-07T14:06:15.983+0000] {processor.py:175} INFO - Processing /home/airflow/.local/lib/python3.7/site-packages/airflow/example_dags/example_short_circuit_operator.py took 0.173 seconds
[2022-12-07T14:06:46.113+0000] {processor.py:153} INFO - Started process (PID=296) to work on /home/airflow/.local/lib/python3.7/site-packages/airflow/example_dags/example_short_circuit_operator.py
[2022-12-07T14:06:46.117+0000] {processor.py:743} INFO - Processing file /home/airflow/.local/lib/python3.7/site-packages/airflow/example_dags/example_short_circuit_operator.py for tasks to queue
[2022-12-07T14:06:46.121+0000] {logging_mixin.py:137} INFO - [2022-12-07T14:06:46.120+0000] {dagbag.py:538} INFO - Filling up the DagBag from /home/airflow/.local/lib/python3.7/site-packages/airflow/example_dags/example_short_circuit_operator.py
[2022-12-07T14:06:46.155+0000] {processor.py:753} INFO - DAG(s) dict_keys(['example_short_circuit_operator']) retrieved from /home/airflow/.local/lib/python3.7/site-packages/airflow/example_dags/example_short_circuit_operator.py
[2022-12-07T14:06:46.227+0000] {logging_mixin.py:137} INFO - [2022-12-07T14:06:46.227+0000] {dag.py:2676} INFO - Sync 1 DAGs
[2022-12-07T14:06:46.272+0000] {logging_mixin.py:137} INFO - [2022-12-07T14:06:46.272+0000] {dag.py:3427} INFO - Setting next_dagrun for example_short_circuit_operator to 2022-12-06T14:06:46.271673+00:00, run_after=2022-12-07T14:06:46.271673+00:00
[2022-12-07T14:06:46.308+0000] {processor.py:175} INFO - Processing /home/airflow/.local/lib/python3.7/site-packages/airflow/example_dags/example_short_circuit_operator.py took 0.203 seconds
[2022-12-07T14:07:21.068+0000] {processor.py:153} INFO - Started process (PID=373) to work on /home/airflow/.local/lib/python3.7/site-packages/airflow/example_dags/example_short_circuit_operator.py
[2022-12-07T14:07:21.072+0000] {processor.py:743} INFO - Processing file /home/airflow/.local/lib/python3.7/site-packages/airflow/example_dags/example_short_circuit_operator.py for tasks to queue
[2022-12-07T14:07:21.076+0000] {logging_mixin.py:137} INFO - [2022-12-07T14:07:21.076+0000] {dagbag.py:538} INFO - Filling up the DagBag from /home/airflow/.local/lib/python3.7/site-packages/airflow/example_dags/example_short_circuit_operator.py
[2022-12-07T14:07:21.108+0000] {processor.py:753} INFO - DAG(s) dict_keys(['example_short_circuit_operator']) retrieved from /home/airflow/.local/lib/python3.7/site-packages/airflow/example_dags/example_short_circuit_operator.py
[2022-12-07T14:07:21.204+0000] {logging_mixin.py:137} INFO - [2022-12-07T14:07:21.203+0000] {dag.py:2676} INFO - Sync 1 DAGs
[2022-12-07T14:07:21.272+0000] {logging_mixin.py:137} INFO - [2022-12-07T14:07:21.272+0000] {dag.py:3427} INFO - Setting next_dagrun for example_short_circuit_operator to 2022-12-06T14:07:21.272078+00:00, run_after=2022-12-07T14:07:21.272078+00:00
[2022-12-07T14:07:21.312+0000] {processor.py:175} INFO - Processing /home/airflow/.local/lib/python3.7/site-packages/airflow/example_dags/example_short_circuit_operator.py took 0.252 seconds
[2022-12-07T14:07:51.554+0000] {processor.py:153} INFO - Started process (PID=443) to work on /home/airflow/.local/lib/python3.7/site-packages/airflow/example_dags/example_short_circuit_operator.py
[2022-12-07T14:07:51.557+0000] {processor.py:743} INFO - Processing file /home/airflow/.local/lib/python3.7/site-packages/airflow/example_dags/example_short_circuit_operator.py for tasks to queue
[2022-12-07T14:07:51.559+0000] {logging_mixin.py:137} INFO - [2022-12-07T14:07:51.559+0000] {dagbag.py:538} INFO - Filling up the DagBag from /home/airflow/.local/lib/python3.7/site-packages/airflow/example_dags/example_short_circuit_operator.py
[2022-12-07T14:07:51.587+0000] {processor.py:753} INFO - DAG(s) dict_keys(['example_short_circuit_operator']) retrieved from /home/airflow/.local/lib/python3.7/site-packages/airflow/example_dags/example_short_circuit_operator.py
[2022-12-07T14:07:51.648+0000] {logging_mixin.py:137} INFO - [2022-12-07T14:07:51.648+0000] {dag.py:2676} INFO - Sync 1 DAGs
[2022-12-07T14:07:51.688+0000] {logging_mixin.py:137} INFO - [2022-12-07T14:07:51.688+0000] {dag.py:3427} INFO - Setting next_dagrun for example_short_circuit_operator to 2022-12-06T14:07:51.688315+00:00, run_after=2022-12-07T14:07:51.688315+00:00
[2022-12-07T14:07:51.719+0000] {processor.py:175} INFO - Processing /home/airflow/.local/lib/python3.7/site-packages/airflow/example_dags/example_short_circuit_operator.py took 0.171 seconds
[2022-12-07T14:08:21.854+0000] {processor.py:153} INFO - Started process (PID=513) to work on /home/airflow/.local/lib/python3.7/site-packages/airflow/example_dags/example_short_circuit_operator.py
[2022-12-07T14:08:21.856+0000] {processor.py:743} INFO - Processing file /home/airflow/.local/lib/python3.7/site-packages/airflow/example_dags/example_short_circuit_operator.py for tasks to queue
[2022-12-07T14:08:21.859+0000] {logging_mixin.py:137} INFO - [2022-12-07T14:08:21.859+0000] {dagbag.py:538} INFO - Filling up the DagBag from /home/airflow/.local/lib/python3.7/site-packages/airflow/example_dags/example_short_circuit_operator.py
[2022-12-07T14:08:21.888+0000] {processor.py:753} INFO - DAG(s) dict_keys(['example_short_circuit_operator']) retrieved from /home/airflow/.local/lib/python3.7/site-packages/airflow/example_dags/example_short_circuit_operator.py
[2022-12-07T14:08:21.951+0000] {logging_mixin.py:137} INFO - [2022-12-07T14:08:21.951+0000] {dag.py:2676} INFO - Sync 1 DAGs
[2022-12-07T14:08:21.992+0000] {logging_mixin.py:137} INFO - [2022-12-07T14:08:21.992+0000] {dag.py:3427} INFO - Setting next_dagrun for example_short_circuit_operator to 2022-12-06T14:08:21.992253+00:00, run_after=2022-12-07T14:08:21.992253+00:00
[2022-12-07T14:08:22.024+0000] {processor.py:175} INFO - Processing /home/airflow/.local/lib/python3.7/site-packages/airflow/example_dags/example_short_circuit_operator.py took 0.178 seconds
[2022-12-07T14:08:52.176+0000] {processor.py:153} INFO - Started process (PID=599) to work on /home/airflow/.local/lib/python3.7/site-packages/airflow/example_dags/example_short_circuit_operator.py
[2022-12-07T14:08:52.179+0000] {processor.py:743} INFO - Processing file /home/airflow/.local/lib/python3.7/site-packages/airflow/example_dags/example_short_circuit_operator.py for tasks to queue
[2022-12-07T14:08:52.182+0000] {logging_mixin.py:137} INFO - [2022-12-07T14:08:52.182+0000] {dagbag.py:538} INFO - Filling up the DagBag from /home/airflow/.local/lib/python3.7/site-packages/airflow/example_dags/example_short_circuit_operator.py
[2022-12-07T14:08:52.213+0000] {processor.py:753} INFO - DAG(s) dict_keys(['example_short_circuit_operator']) retrieved from /home/airflow/.local/lib/python3.7/site-packages/airflow/example_dags/example_short_circuit_operator.py
[2022-12-07T14:08:52.316+0000] {logging_mixin.py:137} INFO - [2022-12-07T14:08:52.316+0000] {dag.py:2676} INFO - Sync 1 DAGs
[2022-12-07T14:08:52.367+0000] {logging_mixin.py:137} INFO - [2022-12-07T14:08:52.366+0000] {dag.py:3427} INFO - Setting next_dagrun for example_short_circuit_operator to 2022-12-06T14:08:52.366550+00:00, run_after=2022-12-07T14:08:52.366550+00:00
[2022-12-07T14:08:52.404+0000] {processor.py:175} INFO - Processing /home/airflow/.local/lib/python3.7/site-packages/airflow/example_dags/example_short_circuit_operator.py took 0.234 seconds
[2022-12-07T14:09:22.632+0000] {processor.py:153} INFO - Started process (PID=669) to work on /home/airflow/.local/lib/python3.7/site-packages/airflow/example_dags/example_short_circuit_operator.py
[2022-12-07T14:09:22.635+0000] {processor.py:743} INFO - Processing file /home/airflow/.local/lib/python3.7/site-packages/airflow/example_dags/example_short_circuit_operator.py for tasks to queue
[2022-12-07T14:09:22.638+0000] {logging_mixin.py:137} INFO - [2022-12-07T14:09:22.638+0000] {dagbag.py:538} INFO - Filling up the DagBag from /home/airflow/.local/lib/python3.7/site-packages/airflow/example_dags/example_short_circuit_operator.py
[2022-12-07T14:09:22.667+0000] {processor.py:753} INFO - DAG(s) dict_keys(['example_short_circuit_operator']) retrieved from /home/airflow/.local/lib/python3.7/site-packages/airflow/example_dags/example_short_circuit_operator.py
[2022-12-07T14:09:22.740+0000] {logging_mixin.py:137} INFO - [2022-12-07T14:09:22.739+0000] {dag.py:2676} INFO - Sync 1 DAGs
[2022-12-07T14:09:22.794+0000] {logging_mixin.py:137} INFO - [2022-12-07T14:09:22.794+0000] {dag.py:3427} INFO - Setting next_dagrun for example_short_circuit_operator to 2022-12-06T14:09:22.794202+00:00, run_after=2022-12-07T14:09:22.794202+00:00
[2022-12-07T14:09:22.837+0000] {processor.py:175} INFO - Processing /home/airflow/.local/lib/python3.7/site-packages/airflow/example_dags/example_short_circuit_operator.py took 0.238 seconds
[2022-12-07T14:09:53.162+0000] {processor.py:153} INFO - Started process (PID=739) to work on /home/airflow/.local/lib/python3.7/site-packages/airflow/example_dags/example_short_circuit_operator.py
[2022-12-07T14:09:53.165+0000] {processor.py:743} INFO - Processing file /home/airflow/.local/lib/python3.7/site-packages/airflow/example_dags/example_short_circuit_operator.py for tasks to queue
[2022-12-07T14:09:53.167+0000] {logging_mixin.py:137} INFO - [2022-12-07T14:09:53.166+0000] {dagbag.py:538} INFO - Filling up the DagBag from /home/airflow/.local/lib/python3.7/site-packages/airflow/example_dags/example_short_circuit_operator.py
[2022-12-07T14:09:53.194+0000] {processor.py:753} INFO - DAG(s) dict_keys(['example_short_circuit_operator']) retrieved from /home/airflow/.local/lib/python3.7/site-packages/airflow/example_dags/example_short_circuit_operator.py
[2022-12-07T14:09:53.256+0000] {logging_mixin.py:137} INFO - [2022-12-07T14:09:53.256+0000] {dag.py:2676} INFO - Sync 1 DAGs
[2022-12-07T14:09:53.296+0000] {logging_mixin.py:137} INFO - [2022-12-07T14:09:53.296+0000] {dag.py:3427} INFO - Setting next_dagrun for example_short_circuit_operator to 2022-12-06T14:09:53.296083+00:00, run_after=2022-12-07T14:09:53.296083+00:00
[2022-12-07T14:09:53.325+0000] {processor.py:175} INFO - Processing /home/airflow/.local/lib/python3.7/site-packages/airflow/example_dags/example_short_circuit_operator.py took 0.170 seconds
[2022-12-07T14:10:23.598+0000] {processor.py:153} INFO - Started process (PID=809) to work on /home/airflow/.local/lib/python3.7/site-packages/airflow/example_dags/example_short_circuit_operator.py
[2022-12-07T14:10:23.601+0000] {processor.py:743} INFO - Processing file /home/airflow/.local/lib/python3.7/site-packages/airflow/example_dags/example_short_circuit_operator.py for tasks to queue
[2022-12-07T14:10:23.603+0000] {logging_mixin.py:137} INFO - [2022-12-07T14:10:23.603+0000] {dagbag.py:538} INFO - Filling up the DagBag from /home/airflow/.local/lib/python3.7/site-packages/airflow/example_dags/example_short_circuit_operator.py
[2022-12-07T14:10:23.648+0000] {processor.py:753} INFO - DAG(s) dict_keys(['example_short_circuit_operator']) retrieved from /home/airflow/.local/lib/python3.7/site-packages/airflow/example_dags/example_short_circuit_operator.py
[2022-12-07T14:10:23.724+0000] {logging_mixin.py:137} INFO - [2022-12-07T14:10:23.724+0000] {dag.py:2676} INFO - Sync 1 DAGs
[2022-12-07T14:10:23.766+0000] {logging_mixin.py:137} INFO - [2022-12-07T14:10:23.765+0000] {dag.py:3427} INFO - Setting next_dagrun for example_short_circuit_operator to 2022-12-06T14:10:23.765462+00:00, run_after=2022-12-07T14:10:23.765462+00:00
[2022-12-07T14:10:23.807+0000] {processor.py:175} INFO - Processing /home/airflow/.local/lib/python3.7/site-packages/airflow/example_dags/example_short_circuit_operator.py took 0.215 seconds
[2022-12-07T14:10:54.552+0000] {processor.py:153} INFO - Started process (PID=896) to work on /home/airflow/.local/lib/python3.7/site-packages/airflow/example_dags/example_short_circuit_operator.py
[2022-12-07T14:10:54.560+0000] {processor.py:743} INFO - Processing file /home/airflow/.local/lib/python3.7/site-packages/airflow/example_dags/example_short_circuit_operator.py for tasks to queue
[2022-12-07T14:10:54.562+0000] {logging_mixin.py:137} INFO - [2022-12-07T14:10:54.562+0000] {dagbag.py:538} INFO - Filling up the DagBag from /home/airflow/.local/lib/python3.7/site-packages/airflow/example_dags/example_short_circuit_operator.py
[2022-12-07T14:10:54.592+0000] {processor.py:753} INFO - DAG(s) dict_keys(['example_short_circuit_operator']) retrieved from /home/airflow/.local/lib/python3.7/site-packages/airflow/example_dags/example_short_circuit_operator.py
[2022-12-07T14:10:54.664+0000] {logging_mixin.py:137} INFO - [2022-12-07T14:10:54.664+0000] {dag.py:2676} INFO - Sync 1 DAGs
[2022-12-07T14:10:54.709+0000] {logging_mixin.py:137} INFO - [2022-12-07T14:10:54.709+0000] {dag.py:3427} INFO - Setting next_dagrun for example_short_circuit_operator to 2022-12-06T14:10:54.709193+00:00, run_after=2022-12-07T14:10:54.709193+00:00
[2022-12-07T14:10:54.741+0000] {processor.py:175} INFO - Processing /home/airflow/.local/lib/python3.7/site-packages/airflow/example_dags/example_short_circuit_operator.py took 0.195 seconds
[2022-12-07T14:11:24.898+0000] {processor.py:153} INFO - Started process (PID=966) to work on /home/airflow/.local/lib/python3.7/site-packages/airflow/example_dags/example_short_circuit_operator.py
[2022-12-07T14:11:24.901+0000] {processor.py:743} INFO - Processing file /home/airflow/.local/lib/python3.7/site-packages/airflow/example_dags/example_short_circuit_operator.py for tasks to queue
[2022-12-07T14:11:24.903+0000] {logging_mixin.py:137} INFO - [2022-12-07T14:11:24.902+0000] {dagbag.py:538} INFO - Filling up the DagBag from /home/airflow/.local/lib/python3.7/site-packages/airflow/example_dags/example_short_circuit_operator.py
[2022-12-07T14:11:24.930+0000] {processor.py:753} INFO - DAG(s) dict_keys(['example_short_circuit_operator']) retrieved from /home/airflow/.local/lib/python3.7/site-packages/airflow/example_dags/example_short_circuit_operator.py
[2022-12-07T14:11:24.991+0000] {logging_mixin.py:137} INFO - [2022-12-07T14:11:24.991+0000] {dag.py:2676} INFO - Sync 1 DAGs
[2022-12-07T14:11:25.031+0000] {logging_mixin.py:137} INFO - [2022-12-07T14:11:25.031+0000] {dag.py:3427} INFO - Setting next_dagrun for example_short_circuit_operator to 2022-12-06T14:11:25.031353+00:00, run_after=2022-12-07T14:11:25.031353+00:00
[2022-12-07T14:11:25.064+0000] {processor.py:175} INFO - Processing /home/airflow/.local/lib/python3.7/site-packages/airflow/example_dags/example_short_circuit_operator.py took 0.171 seconds
[2022-12-07T14:11:55.321+0000] {processor.py:153} INFO - Started process (PID=1035) to work on /home/airflow/.local/lib/python3.7/site-packages/airflow/example_dags/example_short_circuit_operator.py
[2022-12-07T14:11:55.324+0000] {processor.py:743} INFO - Processing file /home/airflow/.local/lib/python3.7/site-packages/airflow/example_dags/example_short_circuit_operator.py for tasks to queue
[2022-12-07T14:11:55.326+0000] {logging_mixin.py:137} INFO - [2022-12-07T14:11:55.325+0000] {dagbag.py:538} INFO - Filling up the DagBag from /home/airflow/.local/lib/python3.7/site-packages/airflow/example_dags/example_short_circuit_operator.py
[2022-12-07T14:11:55.355+0000] {processor.py:753} INFO - DAG(s) dict_keys(['example_short_circuit_operator']) retrieved from /home/airflow/.local/lib/python3.7/site-packages/airflow/example_dags/example_short_circuit_operator.py
[2022-12-07T14:11:55.420+0000] {logging_mixin.py:137} INFO - [2022-12-07T14:11:55.420+0000] {dag.py:2676} INFO - Sync 1 DAGs
[2022-12-07T14:11:55.462+0000] {logging_mixin.py:137} INFO - [2022-12-07T14:11:55.462+0000] {dag.py:3427} INFO - Setting next_dagrun for example_short_circuit_operator to 2022-12-06T14:11:55.461625+00:00, run_after=2022-12-07T14:11:55.461625+00:00
[2022-12-07T14:11:55.493+0000] {processor.py:175} INFO - Processing /home/airflow/.local/lib/python3.7/site-packages/airflow/example_dags/example_short_circuit_operator.py took 0.178 seconds
