[2022-12-07T13:59:16.921+0000] {processor.py:153} INFO - Started process (PID=86) to work on /home/airflow/.local/lib/python3.7/site-packages/airflow/example_dags/example_branch_python_dop_operator_3.py
[2022-12-07T13:59:16.924+0000] {processor.py:743} INFO - Processing file /home/airflow/.local/lib/python3.7/site-packages/airflow/example_dags/example_branch_python_dop_operator_3.py for tasks to queue
[2022-12-07T13:59:16.927+0000] {logging_mixin.py:137} INFO - [2022-12-07T13:59:16.927+0000] {dagbag.py:538} INFO - Filling up the DagBag from /home/airflow/.local/lib/python3.7/site-packages/airflow/example_dags/example_branch_python_dop_operator_3.py
[2022-12-07T13:59:16.976+0000] {processor.py:753} INFO - DAG(s) dict_keys(['example_branch_dop_operator_v3']) retrieved from /home/airflow/.local/lib/python3.7/site-packages/airflow/example_dags/example_branch_python_dop_operator_3.py
[2022-12-07T13:59:17.054+0000] {logging_mixin.py:137} INFO - [2022-12-07T13:59:17.054+0000] {dag.py:2676} INFO - Sync 1 DAGs
[2022-12-07T13:59:17.105+0000] {logging_mixin.py:137} INFO - [2022-12-07T13:59:17.105+0000] {dag.py:3427} INFO - Setting next_dagrun for example_branch_dop_operator_v3 to 2022-12-07T13:58:00+00:00, run_after=2022-12-07T13:59:00+00:00
[2022-12-07T13:59:17.140+0000] {processor.py:175} INFO - Processing /home/airflow/.local/lib/python3.7/site-packages/airflow/example_dags/example_branch_python_dop_operator_3.py took 0.224 seconds
[2022-12-07T13:59:47.840+0000] {processor.py:153} INFO - Started process (PID=158) to work on /home/airflow/.local/lib/python3.7/site-packages/airflow/example_dags/example_branch_python_dop_operator_3.py
[2022-12-07T13:59:47.843+0000] {processor.py:743} INFO - Processing file /home/airflow/.local/lib/python3.7/site-packages/airflow/example_dags/example_branch_python_dop_operator_3.py for tasks to queue
[2022-12-07T13:59:47.845+0000] {logging_mixin.py:137} INFO - [2022-12-07T13:59:47.845+0000] {dagbag.py:538} INFO - Filling up the DagBag from /home/airflow/.local/lib/python3.7/site-packages/airflow/example_dags/example_branch_python_dop_operator_3.py
[2022-12-07T13:59:47.887+0000] {processor.py:753} INFO - DAG(s) dict_keys(['example_branch_dop_operator_v3']) retrieved from /home/airflow/.local/lib/python3.7/site-packages/airflow/example_dags/example_branch_python_dop_operator_3.py
[2022-12-07T13:59:47.952+0000] {logging_mixin.py:137} INFO - [2022-12-07T13:59:47.952+0000] {dag.py:2676} INFO - Sync 1 DAGs
[2022-12-07T13:59:48.006+0000] {logging_mixin.py:137} INFO - [2022-12-07T13:59:48.005+0000] {dag.py:3427} INFO - Setting next_dagrun for example_branch_dop_operator_v3 to 2022-12-07T13:58:00+00:00, run_after=2022-12-07T13:59:00+00:00
[2022-12-07T13:59:48.042+0000] {processor.py:175} INFO - Processing /home/airflow/.local/lib/python3.7/site-packages/airflow/example_dags/example_branch_python_dop_operator_3.py took 0.208 seconds
[2022-12-07T14:00:18.602+0000] {processor.py:153} INFO - Started process (PID=242) to work on /home/airflow/.local/lib/python3.7/site-packages/airflow/example_dags/example_branch_python_dop_operator_3.py
[2022-12-07T14:00:18.605+0000] {processor.py:743} INFO - Processing file /home/airflow/.local/lib/python3.7/site-packages/airflow/example_dags/example_branch_python_dop_operator_3.py for tasks to queue
[2022-12-07T14:00:18.607+0000] {logging_mixin.py:137} INFO - [2022-12-07T14:00:18.607+0000] {dagbag.py:538} INFO - Filling up the DagBag from /home/airflow/.local/lib/python3.7/site-packages/airflow/example_dags/example_branch_python_dop_operator_3.py
[2022-12-07T14:00:18.647+0000] {processor.py:753} INFO - DAG(s) dict_keys(['example_branch_dop_operator_v3']) retrieved from /home/airflow/.local/lib/python3.7/site-packages/airflow/example_dags/example_branch_python_dop_operator_3.py
[2022-12-07T14:00:18.708+0000] {logging_mixin.py:137} INFO - [2022-12-07T14:00:18.708+0000] {dag.py:2676} INFO - Sync 1 DAGs
[2022-12-07T14:00:18.758+0000] {logging_mixin.py:137} INFO - [2022-12-07T14:00:18.758+0000] {dag.py:3427} INFO - Setting next_dagrun for example_branch_dop_operator_v3 to 2022-12-07T13:59:00+00:00, run_after=2022-12-07T14:00:00+00:00
[2022-12-07T14:00:18.796+0000] {processor.py:175} INFO - Processing /home/airflow/.local/lib/python3.7/site-packages/airflow/example_dags/example_branch_python_dop_operator_3.py took 0.200 seconds
[2022-12-07T14:00:49.349+0000] {processor.py:153} INFO - Started process (PID=312) to work on /home/airflow/.local/lib/python3.7/site-packages/airflow/example_dags/example_branch_python_dop_operator_3.py
[2022-12-07T14:00:49.351+0000] {processor.py:743} INFO - Processing file /home/airflow/.local/lib/python3.7/site-packages/airflow/example_dags/example_branch_python_dop_operator_3.py for tasks to queue
[2022-12-07T14:00:49.353+0000] {logging_mixin.py:137} INFO - [2022-12-07T14:00:49.353+0000] {dagbag.py:538} INFO - Filling up the DagBag from /home/airflow/.local/lib/python3.7/site-packages/airflow/example_dags/example_branch_python_dop_operator_3.py
[2022-12-07T14:00:49.394+0000] {processor.py:753} INFO - DAG(s) dict_keys(['example_branch_dop_operator_v3']) retrieved from /home/airflow/.local/lib/python3.7/site-packages/airflow/example_dags/example_branch_python_dop_operator_3.py
[2022-12-07T14:00:49.452+0000] {logging_mixin.py:137} INFO - [2022-12-07T14:00:49.452+0000] {dag.py:2676} INFO - Sync 1 DAGs
[2022-12-07T14:00:49.498+0000] {logging_mixin.py:137} INFO - [2022-12-07T14:00:49.497+0000] {dag.py:3427} INFO - Setting next_dagrun for example_branch_dop_operator_v3 to 2022-12-07T13:59:00+00:00, run_after=2022-12-07T14:00:00+00:00
[2022-12-07T14:00:49.528+0000] {processor.py:175} INFO - Processing /home/airflow/.local/lib/python3.7/site-packages/airflow/example_dags/example_branch_python_dop_operator_3.py took 0.184 seconds
[2022-12-07T14:01:19.905+0000] {processor.py:153} INFO - Started process (PID=382) to work on /home/airflow/.local/lib/python3.7/site-packages/airflow/example_dags/example_branch_python_dop_operator_3.py
[2022-12-07T14:01:19.908+0000] {processor.py:743} INFO - Processing file /home/airflow/.local/lib/python3.7/site-packages/airflow/example_dags/example_branch_python_dop_operator_3.py for tasks to queue
[2022-12-07T14:01:19.910+0000] {logging_mixin.py:137} INFO - [2022-12-07T14:01:19.910+0000] {dagbag.py:538} INFO - Filling up the DagBag from /home/airflow/.local/lib/python3.7/site-packages/airflow/example_dags/example_branch_python_dop_operator_3.py
[2022-12-07T14:01:19.951+0000] {processor.py:753} INFO - DAG(s) dict_keys(['example_branch_dop_operator_v3']) retrieved from /home/airflow/.local/lib/python3.7/site-packages/airflow/example_dags/example_branch_python_dop_operator_3.py
[2022-12-07T14:01:20.012+0000] {logging_mixin.py:137} INFO - [2022-12-07T14:01:20.012+0000] {dag.py:2676} INFO - Sync 1 DAGs
[2022-12-07T14:01:20.073+0000] {logging_mixin.py:137} INFO - [2022-12-07T14:01:20.072+0000] {dag.py:3427} INFO - Setting next_dagrun for example_branch_dop_operator_v3 to 2022-12-07T14:00:00+00:00, run_after=2022-12-07T14:01:00+00:00
[2022-12-07T14:01:20.106+0000] {processor.py:175} INFO - Processing /home/airflow/.local/lib/python3.7/site-packages/airflow/example_dags/example_branch_python_dop_operator_3.py took 0.206 seconds
[2022-12-07T14:01:50.844+0000] {processor.py:153} INFO - Started process (PID=461) to work on /home/airflow/.local/lib/python3.7/site-packages/airflow/example_dags/example_branch_python_dop_operator_3.py
[2022-12-07T14:01:50.847+0000] {processor.py:743} INFO - Processing file /home/airflow/.local/lib/python3.7/site-packages/airflow/example_dags/example_branch_python_dop_operator_3.py for tasks to queue
[2022-12-07T14:01:50.849+0000] {logging_mixin.py:137} INFO - [2022-12-07T14:01:50.849+0000] {dagbag.py:538} INFO - Filling up the DagBag from /home/airflow/.local/lib/python3.7/site-packages/airflow/example_dags/example_branch_python_dop_operator_3.py
[2022-12-07T14:01:50.891+0000] {processor.py:753} INFO - DAG(s) dict_keys(['example_branch_dop_operator_v3']) retrieved from /home/airflow/.local/lib/python3.7/site-packages/airflow/example_dags/example_branch_python_dop_operator_3.py
[2022-12-07T14:01:50.954+0000] {logging_mixin.py:137} INFO - [2022-12-07T14:01:50.954+0000] {dag.py:2676} INFO - Sync 1 DAGs
[2022-12-07T14:01:51.010+0000] {logging_mixin.py:137} INFO - [2022-12-07T14:01:51.009+0000] {dag.py:3427} INFO - Setting next_dagrun for example_branch_dop_operator_v3 to 2022-12-07T14:00:00+00:00, run_after=2022-12-07T14:01:00+00:00
[2022-12-07T14:01:51.045+0000] {processor.py:175} INFO - Processing /home/airflow/.local/lib/python3.7/site-packages/airflow/example_dags/example_branch_python_dop_operator_3.py took 0.208 seconds
[2022-12-07T14:02:21.096+0000] {processor.py:153} INFO - Started process (PID=538) to work on /home/airflow/.local/lib/python3.7/site-packages/airflow/example_dags/example_branch_python_dop_operator_3.py
[2022-12-07T14:02:21.100+0000] {processor.py:743} INFO - Processing file /home/airflow/.local/lib/python3.7/site-packages/airflow/example_dags/example_branch_python_dop_operator_3.py for tasks to queue
[2022-12-07T14:02:21.103+0000] {logging_mixin.py:137} INFO - [2022-12-07T14:02:21.103+0000] {dagbag.py:538} INFO - Filling up the DagBag from /home/airflow/.local/lib/python3.7/site-packages/airflow/example_dags/example_branch_python_dop_operator_3.py
[2022-12-07T14:02:21.146+0000] {processor.py:753} INFO - DAG(s) dict_keys(['example_branch_dop_operator_v3']) retrieved from /home/airflow/.local/lib/python3.7/site-packages/airflow/example_dags/example_branch_python_dop_operator_3.py
[2022-12-07T14:02:21.211+0000] {logging_mixin.py:137} INFO - [2022-12-07T14:02:21.210+0000] {dag.py:2676} INFO - Sync 1 DAGs
[2022-12-07T14:02:21.257+0000] {logging_mixin.py:137} INFO - [2022-12-07T14:02:21.257+0000] {dag.py:3427} INFO - Setting next_dagrun for example_branch_dop_operator_v3 to 2022-12-07T14:01:00+00:00, run_after=2022-12-07T14:02:00+00:00
[2022-12-07T14:02:21.290+0000] {processor.py:175} INFO - Processing /home/airflow/.local/lib/python3.7/site-packages/airflow/example_dags/example_branch_python_dop_operator_3.py took 0.199 seconds
[2022-12-07T14:02:51.400+0000] {processor.py:153} INFO - Started process (PID=609) to work on /home/airflow/.local/lib/python3.7/site-packages/airflow/example_dags/example_branch_python_dop_operator_3.py
[2022-12-07T14:02:51.403+0000] {processor.py:743} INFO - Processing file /home/airflow/.local/lib/python3.7/site-packages/airflow/example_dags/example_branch_python_dop_operator_3.py for tasks to queue
[2022-12-07T14:02:51.406+0000] {logging_mixin.py:137} INFO - [2022-12-07T14:02:51.405+0000] {dagbag.py:538} INFO - Filling up the DagBag from /home/airflow/.local/lib/python3.7/site-packages/airflow/example_dags/example_branch_python_dop_operator_3.py
[2022-12-07T14:02:51.453+0000] {processor.py:753} INFO - DAG(s) dict_keys(['example_branch_dop_operator_v3']) retrieved from /home/airflow/.local/lib/python3.7/site-packages/airflow/example_dags/example_branch_python_dop_operator_3.py
[2022-12-07T14:02:51.526+0000] {logging_mixin.py:137} INFO - [2022-12-07T14:02:51.526+0000] {dag.py:2676} INFO - Sync 1 DAGs
[2022-12-07T14:02:51.584+0000] {logging_mixin.py:137} INFO - [2022-12-07T14:02:51.583+0000] {dag.py:3427} INFO - Setting next_dagrun for example_branch_dop_operator_v3 to 2022-12-07T14:01:00+00:00, run_after=2022-12-07T14:02:00+00:00
[2022-12-07T14:02:51.620+0000] {processor.py:175} INFO - Processing /home/airflow/.local/lib/python3.7/site-packages/airflow/example_dags/example_branch_python_dop_operator_3.py took 0.228 seconds
[2022-12-07T14:03:22.307+0000] {processor.py:153} INFO - Started process (PID=679) to work on /home/airflow/.local/lib/python3.7/site-packages/airflow/example_dags/example_branch_python_dop_operator_3.py
[2022-12-07T14:03:22.310+0000] {processor.py:743} INFO - Processing file /home/airflow/.local/lib/python3.7/site-packages/airflow/example_dags/example_branch_python_dop_operator_3.py for tasks to queue
[2022-12-07T14:03:22.312+0000] {logging_mixin.py:137} INFO - [2022-12-07T14:03:22.312+0000] {dagbag.py:538} INFO - Filling up the DagBag from /home/airflow/.local/lib/python3.7/site-packages/airflow/example_dags/example_branch_python_dop_operator_3.py
[2022-12-07T14:03:22.358+0000] {processor.py:753} INFO - DAG(s) dict_keys(['example_branch_dop_operator_v3']) retrieved from /home/airflow/.local/lib/python3.7/site-packages/airflow/example_dags/example_branch_python_dop_operator_3.py
[2022-12-07T14:03:22.429+0000] {logging_mixin.py:137} INFO - [2022-12-07T14:03:22.428+0000] {dag.py:2676} INFO - Sync 1 DAGs
[2022-12-07T14:03:22.479+0000] {logging_mixin.py:137} INFO - [2022-12-07T14:03:22.479+0000] {dag.py:3427} INFO - Setting next_dagrun for example_branch_dop_operator_v3 to 2022-12-07T14:02:00+00:00, run_after=2022-12-07T14:03:00+00:00
[2022-12-07T14:03:22.509+0000] {processor.py:175} INFO - Processing /home/airflow/.local/lib/python3.7/site-packages/airflow/example_dags/example_branch_python_dop_operator_3.py took 0.208 seconds
[2022-12-07T14:05:16.051+0000] {processor.py:153} INFO - Started process (PID=85) to work on /home/airflow/.local/lib/python3.7/site-packages/airflow/example_dags/example_branch_python_dop_operator_3.py
[2022-12-07T14:05:16.055+0000] {processor.py:743} INFO - Processing file /home/airflow/.local/lib/python3.7/site-packages/airflow/example_dags/example_branch_python_dop_operator_3.py for tasks to queue
[2022-12-07T14:05:16.058+0000] {logging_mixin.py:137} INFO - [2022-12-07T14:05:16.058+0000] {dagbag.py:538} INFO - Filling up the DagBag from /home/airflow/.local/lib/python3.7/site-packages/airflow/example_dags/example_branch_python_dop_operator_3.py
[2022-12-07T14:05:16.105+0000] {processor.py:753} INFO - DAG(s) dict_keys(['example_branch_dop_operator_v3']) retrieved from /home/airflow/.local/lib/python3.7/site-packages/airflow/example_dags/example_branch_python_dop_operator_3.py
[2022-12-07T14:05:16.180+0000] {logging_mixin.py:137} INFO - [2022-12-07T14:05:16.179+0000] {dag.py:2676} INFO - Sync 1 DAGs
[2022-12-07T14:05:16.250+0000] {logging_mixin.py:137} INFO - [2022-12-07T14:05:16.250+0000] {dag.py:3427} INFO - Setting next_dagrun for example_branch_dop_operator_v3 to 2022-12-07T14:04:00+00:00, run_after=2022-12-07T14:05:00+00:00
[2022-12-07T14:05:16.300+0000] {processor.py:175} INFO - Processing /home/airflow/.local/lib/python3.7/site-packages/airflow/example_dags/example_branch_python_dop_operator_3.py took 0.257 seconds
[2022-12-07T14:05:46.765+0000] {processor.py:153} INFO - Started process (PID=156) to work on /home/airflow/.local/lib/python3.7/site-packages/airflow/example_dags/example_branch_python_dop_operator_3.py
[2022-12-07T14:05:46.787+0000] {processor.py:743} INFO - Processing file /home/airflow/.local/lib/python3.7/site-packages/airflow/example_dags/example_branch_python_dop_operator_3.py for tasks to queue
[2022-12-07T14:05:46.792+0000] {logging_mixin.py:137} INFO - [2022-12-07T14:05:46.792+0000] {dagbag.py:538} INFO - Filling up the DagBag from /home/airflow/.local/lib/python3.7/site-packages/airflow/example_dags/example_branch_python_dop_operator_3.py
[2022-12-07T14:05:46.901+0000] {processor.py:753} INFO - DAG(s) dict_keys(['example_branch_dop_operator_v3']) retrieved from /home/airflow/.local/lib/python3.7/site-packages/airflow/example_dags/example_branch_python_dop_operator_3.py
[2022-12-07T14:05:46.993+0000] {logging_mixin.py:137} INFO - [2022-12-07T14:05:46.993+0000] {dag.py:2676} INFO - Sync 1 DAGs
[2022-12-07T14:05:47.046+0000] {logging_mixin.py:137} INFO - [2022-12-07T14:05:47.045+0000] {dag.py:3427} INFO - Setting next_dagrun for example_branch_dop_operator_v3 to 2022-12-07T14:04:00+00:00, run_after=2022-12-07T14:05:00+00:00
[2022-12-07T14:05:47.085+0000] {processor.py:175} INFO - Processing /home/airflow/.local/lib/python3.7/site-packages/airflow/example_dags/example_branch_python_dop_operator_3.py took 0.329 seconds
[2022-12-07T14:06:18.109+0000] {processor.py:153} INFO - Started process (PID=226) to work on /home/airflow/.local/lib/python3.7/site-packages/airflow/example_dags/example_branch_python_dop_operator_3.py
[2022-12-07T14:06:18.114+0000] {processor.py:743} INFO - Processing file /home/airflow/.local/lib/python3.7/site-packages/airflow/example_dags/example_branch_python_dop_operator_3.py for tasks to queue
[2022-12-07T14:06:18.117+0000] {logging_mixin.py:137} INFO - [2022-12-07T14:06:18.116+0000] {dagbag.py:538} INFO - Filling up the DagBag from /home/airflow/.local/lib/python3.7/site-packages/airflow/example_dags/example_branch_python_dop_operator_3.py
[2022-12-07T14:06:18.173+0000] {processor.py:753} INFO - DAG(s) dict_keys(['example_branch_dop_operator_v3']) retrieved from /home/airflow/.local/lib/python3.7/site-packages/airflow/example_dags/example_branch_python_dop_operator_3.py
[2022-12-07T14:06:18.245+0000] {logging_mixin.py:137} INFO - [2022-12-07T14:06:18.245+0000] {dag.py:2676} INFO - Sync 1 DAGs
[2022-12-07T14:06:18.310+0000] {logging_mixin.py:137} INFO - [2022-12-07T14:06:18.309+0000] {dag.py:3427} INFO - Setting next_dagrun for example_branch_dop_operator_v3 to 2022-12-07T14:05:00+00:00, run_after=2022-12-07T14:06:00+00:00
[2022-12-07T14:06:18.355+0000] {processor.py:175} INFO - Processing /home/airflow/.local/lib/python3.7/site-packages/airflow/example_dags/example_branch_python_dop_operator_3.py took 0.253 seconds
[2022-12-07T14:06:49.087+0000] {processor.py:153} INFO - Started process (PID=312) to work on /home/airflow/.local/lib/python3.7/site-packages/airflow/example_dags/example_branch_python_dop_operator_3.py
[2022-12-07T14:06:49.091+0000] {processor.py:743} INFO - Processing file /home/airflow/.local/lib/python3.7/site-packages/airflow/example_dags/example_branch_python_dop_operator_3.py for tasks to queue
[2022-12-07T14:06:49.094+0000] {logging_mixin.py:137} INFO - [2022-12-07T14:06:49.094+0000] {dagbag.py:538} INFO - Filling up the DagBag from /home/airflow/.local/lib/python3.7/site-packages/airflow/example_dags/example_branch_python_dop_operator_3.py
[2022-12-07T14:06:49.141+0000] {processor.py:753} INFO - DAG(s) dict_keys(['example_branch_dop_operator_v3']) retrieved from /home/airflow/.local/lib/python3.7/site-packages/airflow/example_dags/example_branch_python_dop_operator_3.py
[2022-12-07T14:06:49.204+0000] {logging_mixin.py:137} INFO - [2022-12-07T14:06:49.204+0000] {dag.py:2676} INFO - Sync 1 DAGs
[2022-12-07T14:06:49.256+0000] {logging_mixin.py:137} INFO - [2022-12-07T14:06:49.255+0000] {dag.py:3427} INFO - Setting next_dagrun for example_branch_dop_operator_v3 to 2022-12-07T14:05:00+00:00, run_after=2022-12-07T14:06:00+00:00
[2022-12-07T14:06:49.285+0000] {processor.py:175} INFO - Processing /home/airflow/.local/lib/python3.7/site-packages/airflow/example_dags/example_branch_python_dop_operator_3.py took 0.205 seconds
[2022-12-07T14:07:22.197+0000] {processor.py:153} INFO - Started process (PID=382) to work on /home/airflow/.local/lib/python3.7/site-packages/airflow/example_dags/example_branch_python_dop_operator_3.py
[2022-12-07T14:07:22.200+0000] {processor.py:743} INFO - Processing file /home/airflow/.local/lib/python3.7/site-packages/airflow/example_dags/example_branch_python_dop_operator_3.py for tasks to queue
[2022-12-07T14:07:22.202+0000] {logging_mixin.py:137} INFO - [2022-12-07T14:07:22.202+0000] {dagbag.py:538} INFO - Filling up the DagBag from /home/airflow/.local/lib/python3.7/site-packages/airflow/example_dags/example_branch_python_dop_operator_3.py
[2022-12-07T14:07:22.242+0000] {processor.py:753} INFO - DAG(s) dict_keys(['example_branch_dop_operator_v3']) retrieved from /home/airflow/.local/lib/python3.7/site-packages/airflow/example_dags/example_branch_python_dop_operator_3.py
[2022-12-07T14:07:22.309+0000] {logging_mixin.py:137} INFO - [2022-12-07T14:07:22.309+0000] {dag.py:2676} INFO - Sync 1 DAGs
[2022-12-07T14:07:22.413+0000] {logging_mixin.py:137} INFO - [2022-12-07T14:07:22.413+0000] {dag.py:3427} INFO - Setting next_dagrun for example_branch_dop_operator_v3 to 2022-12-07T14:06:00+00:00, run_after=2022-12-07T14:07:00+00:00
[2022-12-07T14:07:22.534+0000] {processor.py:175} INFO - Processing /home/airflow/.local/lib/python3.7/site-packages/airflow/example_dags/example_branch_python_dop_operator_3.py took 0.342 seconds
[2022-12-07T14:07:52.621+0000] {processor.py:153} INFO - Started process (PID=452) to work on /home/airflow/.local/lib/python3.7/site-packages/airflow/example_dags/example_branch_python_dop_operator_3.py
[2022-12-07T14:07:52.625+0000] {processor.py:743} INFO - Processing file /home/airflow/.local/lib/python3.7/site-packages/airflow/example_dags/example_branch_python_dop_operator_3.py for tasks to queue
[2022-12-07T14:07:52.627+0000] {logging_mixin.py:137} INFO - [2022-12-07T14:07:52.627+0000] {dagbag.py:538} INFO - Filling up the DagBag from /home/airflow/.local/lib/python3.7/site-packages/airflow/example_dags/example_branch_python_dop_operator_3.py
[2022-12-07T14:07:52.665+0000] {processor.py:753} INFO - DAG(s) dict_keys(['example_branch_dop_operator_v3']) retrieved from /home/airflow/.local/lib/python3.7/site-packages/airflow/example_dags/example_branch_python_dop_operator_3.py
[2022-12-07T14:07:52.725+0000] {logging_mixin.py:137} INFO - [2022-12-07T14:07:52.725+0000] {dag.py:2676} INFO - Sync 1 DAGs
[2022-12-07T14:07:52.770+0000] {logging_mixin.py:137} INFO - [2022-12-07T14:07:52.770+0000] {dag.py:3427} INFO - Setting next_dagrun for example_branch_dop_operator_v3 to 2022-12-07T14:06:00+00:00, run_after=2022-12-07T14:07:00+00:00
[2022-12-07T14:07:52.799+0000] {processor.py:175} INFO - Processing /home/airflow/.local/lib/python3.7/site-packages/airflow/example_dags/example_branch_python_dop_operator_3.py took 0.184 seconds
[2022-12-07T14:08:23.001+0000] {processor.py:153} INFO - Started process (PID=522) to work on /home/airflow/.local/lib/python3.7/site-packages/airflow/example_dags/example_branch_python_dop_operator_3.py
[2022-12-07T14:08:23.005+0000] {processor.py:743} INFO - Processing file /home/airflow/.local/lib/python3.7/site-packages/airflow/example_dags/example_branch_python_dop_operator_3.py for tasks to queue
[2022-12-07T14:08:23.007+0000] {logging_mixin.py:137} INFO - [2022-12-07T14:08:23.007+0000] {dagbag.py:538} INFO - Filling up the DagBag from /home/airflow/.local/lib/python3.7/site-packages/airflow/example_dags/example_branch_python_dop_operator_3.py
[2022-12-07T14:08:23.049+0000] {processor.py:753} INFO - DAG(s) dict_keys(['example_branch_dop_operator_v3']) retrieved from /home/airflow/.local/lib/python3.7/site-packages/airflow/example_dags/example_branch_python_dop_operator_3.py
[2022-12-07T14:08:23.111+0000] {logging_mixin.py:137} INFO - [2022-12-07T14:08:23.111+0000] {dag.py:2676} INFO - Sync 1 DAGs
[2022-12-07T14:08:23.159+0000] {logging_mixin.py:137} INFO - [2022-12-07T14:08:23.158+0000] {dag.py:3427} INFO - Setting next_dagrun for example_branch_dop_operator_v3 to 2022-12-07T14:07:00+00:00, run_after=2022-12-07T14:08:00+00:00
[2022-12-07T14:08:23.191+0000] {processor.py:175} INFO - Processing /home/airflow/.local/lib/python3.7/site-packages/airflow/example_dags/example_branch_python_dop_operator_3.py took 0.195 seconds
[2022-12-07T14:08:53.260+0000] {processor.py:153} INFO - Started process (PID=608) to work on /home/airflow/.local/lib/python3.7/site-packages/airflow/example_dags/example_branch_python_dop_operator_3.py
[2022-12-07T14:08:53.263+0000] {processor.py:743} INFO - Processing file /home/airflow/.local/lib/python3.7/site-packages/airflow/example_dags/example_branch_python_dop_operator_3.py for tasks to queue
[2022-12-07T14:08:53.266+0000] {logging_mixin.py:137} INFO - [2022-12-07T14:08:53.266+0000] {dagbag.py:538} INFO - Filling up the DagBag from /home/airflow/.local/lib/python3.7/site-packages/airflow/example_dags/example_branch_python_dop_operator_3.py
[2022-12-07T14:08:53.307+0000] {processor.py:753} INFO - DAG(s) dict_keys(['example_branch_dop_operator_v3']) retrieved from /home/airflow/.local/lib/python3.7/site-packages/airflow/example_dags/example_branch_python_dop_operator_3.py
[2022-12-07T14:08:53.366+0000] {logging_mixin.py:137} INFO - [2022-12-07T14:08:53.366+0000] {dag.py:2676} INFO - Sync 1 DAGs
[2022-12-07T14:08:53.413+0000] {logging_mixin.py:137} INFO - [2022-12-07T14:08:53.413+0000] {dag.py:3427} INFO - Setting next_dagrun for example_branch_dop_operator_v3 to 2022-12-07T14:07:00+00:00, run_after=2022-12-07T14:08:00+00:00
[2022-12-07T14:08:53.442+0000] {processor.py:175} INFO - Processing /home/airflow/.local/lib/python3.7/site-packages/airflow/example_dags/example_branch_python_dop_operator_3.py took 0.188 seconds
[2022-12-07T14:09:23.680+0000] {processor.py:153} INFO - Started process (PID=678) to work on /home/airflow/.local/lib/python3.7/site-packages/airflow/example_dags/example_branch_python_dop_operator_3.py
[2022-12-07T14:09:23.683+0000] {processor.py:743} INFO - Processing file /home/airflow/.local/lib/python3.7/site-packages/airflow/example_dags/example_branch_python_dop_operator_3.py for tasks to queue
[2022-12-07T14:09:23.685+0000] {logging_mixin.py:137} INFO - [2022-12-07T14:09:23.685+0000] {dagbag.py:538} INFO - Filling up the DagBag from /home/airflow/.local/lib/python3.7/site-packages/airflow/example_dags/example_branch_python_dop_operator_3.py
[2022-12-07T14:09:23.724+0000] {processor.py:753} INFO - DAG(s) dict_keys(['example_branch_dop_operator_v3']) retrieved from /home/airflow/.local/lib/python3.7/site-packages/airflow/example_dags/example_branch_python_dop_operator_3.py
[2022-12-07T14:09:23.784+0000] {logging_mixin.py:137} INFO - [2022-12-07T14:09:23.783+0000] {dag.py:2676} INFO - Sync 1 DAGs
[2022-12-07T14:09:23.832+0000] {logging_mixin.py:137} INFO - [2022-12-07T14:09:23.832+0000] {dag.py:3427} INFO - Setting next_dagrun for example_branch_dop_operator_v3 to 2022-12-07T14:08:00+00:00, run_after=2022-12-07T14:09:00+00:00
[2022-12-07T14:09:23.861+0000] {processor.py:175} INFO - Processing /home/airflow/.local/lib/python3.7/site-packages/airflow/example_dags/example_branch_python_dop_operator_3.py took 0.187 seconds
[2022-12-07T14:09:54.156+0000] {processor.py:153} INFO - Started process (PID=748) to work on /home/airflow/.local/lib/python3.7/site-packages/airflow/example_dags/example_branch_python_dop_operator_3.py
[2022-12-07T14:09:54.159+0000] {processor.py:743} INFO - Processing file /home/airflow/.local/lib/python3.7/site-packages/airflow/example_dags/example_branch_python_dop_operator_3.py for tasks to queue
[2022-12-07T14:09:54.161+0000] {logging_mixin.py:137} INFO - [2022-12-07T14:09:54.161+0000] {dagbag.py:538} INFO - Filling up the DagBag from /home/airflow/.local/lib/python3.7/site-packages/airflow/example_dags/example_branch_python_dop_operator_3.py
[2022-12-07T14:09:54.200+0000] {processor.py:753} INFO - DAG(s) dict_keys(['example_branch_dop_operator_v3']) retrieved from /home/airflow/.local/lib/python3.7/site-packages/airflow/example_dags/example_branch_python_dop_operator_3.py
[2022-12-07T14:09:54.261+0000] {logging_mixin.py:137} INFO - [2022-12-07T14:09:54.261+0000] {dag.py:2676} INFO - Sync 1 DAGs
[2022-12-07T14:09:54.306+0000] {logging_mixin.py:137} INFO - [2022-12-07T14:09:54.306+0000] {dag.py:3427} INFO - Setting next_dagrun for example_branch_dop_operator_v3 to 2022-12-07T14:08:00+00:00, run_after=2022-12-07T14:09:00+00:00
[2022-12-07T14:09:54.335+0000] {processor.py:175} INFO - Processing /home/airflow/.local/lib/python3.7/site-packages/airflow/example_dags/example_branch_python_dop_operator_3.py took 0.185 seconds
[2022-12-07T14:10:24.627+0000] {processor.py:153} INFO - Started process (PID=827) to work on /home/airflow/.local/lib/python3.7/site-packages/airflow/example_dags/example_branch_python_dop_operator_3.py
[2022-12-07T14:10:24.630+0000] {processor.py:743} INFO - Processing file /home/airflow/.local/lib/python3.7/site-packages/airflow/example_dags/example_branch_python_dop_operator_3.py for tasks to queue
[2022-12-07T14:10:24.633+0000] {logging_mixin.py:137} INFO - [2022-12-07T14:10:24.633+0000] {dagbag.py:538} INFO - Filling up the DagBag from /home/airflow/.local/lib/python3.7/site-packages/airflow/example_dags/example_branch_python_dop_operator_3.py
[2022-12-07T14:10:24.674+0000] {processor.py:753} INFO - DAG(s) dict_keys(['example_branch_dop_operator_v3']) retrieved from /home/airflow/.local/lib/python3.7/site-packages/airflow/example_dags/example_branch_python_dop_operator_3.py
[2022-12-07T14:10:24.736+0000] {logging_mixin.py:137} INFO - [2022-12-07T14:10:24.736+0000] {dag.py:2676} INFO - Sync 1 DAGs
[2022-12-07T14:10:24.785+0000] {logging_mixin.py:137} INFO - [2022-12-07T14:10:24.784+0000] {dag.py:3427} INFO - Setting next_dagrun for example_branch_dop_operator_v3 to 2022-12-07T14:09:00+00:00, run_after=2022-12-07T14:10:00+00:00
[2022-12-07T14:10:24.818+0000] {processor.py:175} INFO - Processing /home/airflow/.local/lib/python3.7/site-packages/airflow/example_dags/example_branch_python_dop_operator_3.py took 0.196 seconds
[2022-12-07T14:10:55.714+0000] {processor.py:153} INFO - Started process (PID=905) to work on /home/airflow/.local/lib/python3.7/site-packages/airflow/example_dags/example_branch_python_dop_operator_3.py
[2022-12-07T14:10:55.718+0000] {processor.py:743} INFO - Processing file /home/airflow/.local/lib/python3.7/site-packages/airflow/example_dags/example_branch_python_dop_operator_3.py for tasks to queue
[2022-12-07T14:10:55.720+0000] {logging_mixin.py:137} INFO - [2022-12-07T14:10:55.720+0000] {dagbag.py:538} INFO - Filling up the DagBag from /home/airflow/.local/lib/python3.7/site-packages/airflow/example_dags/example_branch_python_dop_operator_3.py
[2022-12-07T14:10:55.768+0000] {processor.py:753} INFO - DAG(s) dict_keys(['example_branch_dop_operator_v3']) retrieved from /home/airflow/.local/lib/python3.7/site-packages/airflow/example_dags/example_branch_python_dop_operator_3.py
[2022-12-07T14:10:55.837+0000] {logging_mixin.py:137} INFO - [2022-12-07T14:10:55.836+0000] {dag.py:2676} INFO - Sync 1 DAGs
[2022-12-07T14:10:55.887+0000] {logging_mixin.py:137} INFO - [2022-12-07T14:10:55.887+0000] {dag.py:3427} INFO - Setting next_dagrun for example_branch_dop_operator_v3 to 2022-12-07T14:09:00+00:00, run_after=2022-12-07T14:10:00+00:00
[2022-12-07T14:10:55.919+0000] {processor.py:175} INFO - Processing /home/airflow/.local/lib/python3.7/site-packages/airflow/example_dags/example_branch_python_dop_operator_3.py took 0.214 seconds
[2022-12-07T14:11:26.208+0000] {processor.py:153} INFO - Started process (PID=975) to work on /home/airflow/.local/lib/python3.7/site-packages/airflow/example_dags/example_branch_python_dop_operator_3.py
[2022-12-07T14:11:26.212+0000] {processor.py:743} INFO - Processing file /home/airflow/.local/lib/python3.7/site-packages/airflow/example_dags/example_branch_python_dop_operator_3.py for tasks to queue
[2022-12-07T14:11:26.215+0000] {logging_mixin.py:137} INFO - [2022-12-07T14:11:26.215+0000] {dagbag.py:538} INFO - Filling up the DagBag from /home/airflow/.local/lib/python3.7/site-packages/airflow/example_dags/example_branch_python_dop_operator_3.py
[2022-12-07T14:11:26.255+0000] {processor.py:753} INFO - DAG(s) dict_keys(['example_branch_dop_operator_v3']) retrieved from /home/airflow/.local/lib/python3.7/site-packages/airflow/example_dags/example_branch_python_dop_operator_3.py
[2022-12-07T14:11:26.315+0000] {logging_mixin.py:137} INFO - [2022-12-07T14:11:26.315+0000] {dag.py:2676} INFO - Sync 1 DAGs
[2022-12-07T14:11:26.361+0000] {logging_mixin.py:137} INFO - [2022-12-07T14:11:26.361+0000] {dag.py:3427} INFO - Setting next_dagrun for example_branch_dop_operator_v3 to 2022-12-07T14:10:00+00:00, run_after=2022-12-07T14:11:00+00:00
[2022-12-07T14:11:26.390+0000] {processor.py:175} INFO - Processing /home/airflow/.local/lib/python3.7/site-packages/airflow/example_dags/example_branch_python_dop_operator_3.py took 0.187 seconds
[2022-12-07T14:11:56.885+0000] {processor.py:153} INFO - Started process (PID=1045) to work on /home/airflow/.local/lib/python3.7/site-packages/airflow/example_dags/example_branch_python_dop_operator_3.py
[2022-12-07T14:11:56.892+0000] {processor.py:743} INFO - Processing file /home/airflow/.local/lib/python3.7/site-packages/airflow/example_dags/example_branch_python_dop_operator_3.py for tasks to queue
[2022-12-07T14:11:56.897+0000] {logging_mixin.py:137} INFO - [2022-12-07T14:11:56.896+0000] {dagbag.py:538} INFO - Filling up the DagBag from /home/airflow/.local/lib/python3.7/site-packages/airflow/example_dags/example_branch_python_dop_operator_3.py
[2022-12-07T14:11:56.974+0000] {processor.py:753} INFO - DAG(s) dict_keys(['example_branch_dop_operator_v3']) retrieved from /home/airflow/.local/lib/python3.7/site-packages/airflow/example_dags/example_branch_python_dop_operator_3.py
[2022-12-07T14:11:57.135+0000] {logging_mixin.py:137} INFO - [2022-12-07T14:11:57.135+0000] {dag.py:2676} INFO - Sync 1 DAGs
[2022-12-07T14:11:57.205+0000] {logging_mixin.py:137} INFO - [2022-12-07T14:11:57.204+0000] {dag.py:3427} INFO - Setting next_dagrun for example_branch_dop_operator_v3 to 2022-12-07T14:10:00+00:00, run_after=2022-12-07T14:11:00+00:00
[2022-12-07T14:11:57.244+0000] {processor.py:175} INFO - Processing /home/airflow/.local/lib/python3.7/site-packages/airflow/example_dags/example_branch_python_dop_operator_3.py took 0.367 seconds
