[2022-12-07T13:59:11.368+0000] {processor.py:153} INFO - Started process (PID=56) to work on /home/airflow/.local/lib/python3.7/site-packages/airflow/example_dags/example_subdag_operator.py
[2022-12-07T13:59:11.371+0000] {processor.py:743} INFO - Processing file /home/airflow/.local/lib/python3.7/site-packages/airflow/example_dags/example_subdag_operator.py for tasks to queue
[2022-12-07T13:59:11.375+0000] {logging_mixin.py:137} INFO - [2022-12-07T13:59:11.374+0000] {dagbag.py:538} INFO - Filling up the DagBag from /home/airflow/.local/lib/python3.7/site-packages/airflow/example_dags/example_subdag_operator.py
[2022-12-07T13:59:11.441+0000] {processor.py:753} INFO - DAG(s) dict_keys(['example_subdag_operator.section-1', 'example_subdag_operator.section-2', 'example_subdag_operator']) retrieved from /home/airflow/.local/lib/python3.7/site-packages/airflow/example_dags/example_subdag_operator.py
[2022-12-07T13:59:11.498+0000] {logging_mixin.py:137} INFO - [2022-12-07T13:59:11.497+0000] {dag.py:2676} INFO - Sync 3 DAGs
[2022-12-07T13:59:11.542+0000] {logging_mixin.py:137} INFO - [2022-12-07T13:59:11.542+0000] {dag.py:3427} INFO - Setting next_dagrun for example_subdag_operator to 2022-01-01T00:00:00+00:00, run_after=2022-01-01T00:00:00+00:00
[2022-12-07T13:59:11.549+0000] {logging_mixin.py:137} INFO - [2022-12-07T13:59:11.549+0000] {dag.py:3427} INFO - Setting next_dagrun for example_subdag_operator.section-1 to None, run_after=None
[2022-12-07T13:59:11.553+0000] {logging_mixin.py:137} INFO - [2022-12-07T13:59:11.552+0000] {dag.py:3427} INFO - Setting next_dagrun for example_subdag_operator.section-2 to None, run_after=None
[2022-12-07T13:59:11.568+0000] {logging_mixin.py:137} INFO - [2022-12-07T13:59:11.567+0000] {dag.py:2676} INFO - Sync 2 DAGs
[2022-12-07T13:59:11.583+0000] {logging_mixin.py:137} INFO - [2022-12-07T13:59:11.583+0000] {dag.py:3427} INFO - Setting next_dagrun for example_subdag_operator.section-1 to None, run_after=None
[2022-12-07T13:59:11.585+0000] {logging_mixin.py:137} INFO - [2022-12-07T13:59:11.585+0000] {dag.py:3427} INFO - Setting next_dagrun for example_subdag_operator.section-2 to None, run_after=None
[2022-12-07T13:59:11.616+0000] {processor.py:175} INFO - Processing /home/airflow/.local/lib/python3.7/site-packages/airflow/example_dags/example_subdag_operator.py took 0.255 seconds
[2022-12-07T13:59:42.259+0000] {processor.py:153} INFO - Started process (PID=126) to work on /home/airflow/.local/lib/python3.7/site-packages/airflow/example_dags/example_subdag_operator.py
[2022-12-07T13:59:42.262+0000] {processor.py:743} INFO - Processing file /home/airflow/.local/lib/python3.7/site-packages/airflow/example_dags/example_subdag_operator.py for tasks to queue
[2022-12-07T13:59:42.264+0000] {logging_mixin.py:137} INFO - [2022-12-07T13:59:42.264+0000] {dagbag.py:538} INFO - Filling up the DagBag from /home/airflow/.local/lib/python3.7/site-packages/airflow/example_dags/example_subdag_operator.py
[2022-12-07T13:59:42.320+0000] {processor.py:753} INFO - DAG(s) dict_keys(['example_subdag_operator.section-1', 'example_subdag_operator.section-2', 'example_subdag_operator']) retrieved from /home/airflow/.local/lib/python3.7/site-packages/airflow/example_dags/example_subdag_operator.py
[2022-12-07T13:59:42.368+0000] {logging_mixin.py:137} INFO - [2022-12-07T13:59:42.368+0000] {dag.py:2676} INFO - Sync 3 DAGs
[2022-12-07T13:59:42.409+0000] {logging_mixin.py:137} INFO - [2022-12-07T13:59:42.408+0000] {dag.py:3427} INFO - Setting next_dagrun for example_subdag_operator to 2022-01-01T00:00:00+00:00, run_after=2022-01-01T00:00:00+00:00
[2022-12-07T13:59:42.415+0000] {logging_mixin.py:137} INFO - [2022-12-07T13:59:42.415+0000] {dag.py:3427} INFO - Setting next_dagrun for example_subdag_operator.section-1 to None, run_after=None
[2022-12-07T13:59:42.418+0000] {logging_mixin.py:137} INFO - [2022-12-07T13:59:42.418+0000] {dag.py:3427} INFO - Setting next_dagrun for example_subdag_operator.section-2 to None, run_after=None
[2022-12-07T13:59:42.430+0000] {logging_mixin.py:137} INFO - [2022-12-07T13:59:42.430+0000] {dag.py:2676} INFO - Sync 2 DAGs
[2022-12-07T13:59:42.443+0000] {logging_mixin.py:137} INFO - [2022-12-07T13:59:42.443+0000] {dag.py:3427} INFO - Setting next_dagrun for example_subdag_operator.section-1 to None, run_after=None
[2022-12-07T13:59:42.445+0000] {logging_mixin.py:137} INFO - [2022-12-07T13:59:42.445+0000] {dag.py:3427} INFO - Setting next_dagrun for example_subdag_operator.section-2 to None, run_after=None
[2022-12-07T13:59:42.464+0000] {processor.py:175} INFO - Processing /home/airflow/.local/lib/python3.7/site-packages/airflow/example_dags/example_subdag_operator.py took 0.211 seconds
[2022-12-07T14:00:12.777+0000] {processor.py:153} INFO - Started process (PID=196) to work on /home/airflow/.local/lib/python3.7/site-packages/airflow/example_dags/example_subdag_operator.py
[2022-12-07T14:00:12.780+0000] {processor.py:743} INFO - Processing file /home/airflow/.local/lib/python3.7/site-packages/airflow/example_dags/example_subdag_operator.py for tasks to queue
[2022-12-07T14:00:12.782+0000] {logging_mixin.py:137} INFO - [2022-12-07T14:00:12.782+0000] {dagbag.py:538} INFO - Filling up the DagBag from /home/airflow/.local/lib/python3.7/site-packages/airflow/example_dags/example_subdag_operator.py
[2022-12-07T14:00:12.837+0000] {processor.py:753} INFO - DAG(s) dict_keys(['example_subdag_operator.section-1', 'example_subdag_operator.section-2', 'example_subdag_operator']) retrieved from /home/airflow/.local/lib/python3.7/site-packages/airflow/example_dags/example_subdag_operator.py
[2022-12-07T14:00:12.888+0000] {logging_mixin.py:137} INFO - [2022-12-07T14:00:12.888+0000] {dag.py:2676} INFO - Sync 3 DAGs
[2022-12-07T14:00:12.929+0000] {logging_mixin.py:137} INFO - [2022-12-07T14:00:12.928+0000] {dag.py:3427} INFO - Setting next_dagrun for example_subdag_operator to 2022-01-01T00:00:00+00:00, run_after=2022-01-01T00:00:00+00:00
[2022-12-07T14:00:12.935+0000] {logging_mixin.py:137} INFO - [2022-12-07T14:00:12.935+0000] {dag.py:3427} INFO - Setting next_dagrun for example_subdag_operator.section-1 to None, run_after=None
[2022-12-07T14:00:12.938+0000] {logging_mixin.py:137} INFO - [2022-12-07T14:00:12.938+0000] {dag.py:3427} INFO - Setting next_dagrun for example_subdag_operator.section-2 to None, run_after=None
[2022-12-07T14:00:12.951+0000] {logging_mixin.py:137} INFO - [2022-12-07T14:00:12.951+0000] {dag.py:2676} INFO - Sync 2 DAGs
[2022-12-07T14:00:12.961+0000] {logging_mixin.py:137} INFO - [2022-12-07T14:00:12.960+0000] {dag.py:3427} INFO - Setting next_dagrun for example_subdag_operator.section-1 to None, run_after=None
[2022-12-07T14:00:12.962+0000] {logging_mixin.py:137} INFO - [2022-12-07T14:00:12.962+0000] {dag.py:3427} INFO - Setting next_dagrun for example_subdag_operator.section-2 to None, run_after=None
[2022-12-07T14:00:12.980+0000] {processor.py:175} INFO - Processing /home/airflow/.local/lib/python3.7/site-packages/airflow/example_dags/example_subdag_operator.py took 0.209 seconds
[2022-12-07T14:00:43.990+0000] {processor.py:153} INFO - Started process (PID=282) to work on /home/airflow/.local/lib/python3.7/site-packages/airflow/example_dags/example_subdag_operator.py
[2022-12-07T14:00:43.994+0000] {processor.py:743} INFO - Processing file /home/airflow/.local/lib/python3.7/site-packages/airflow/example_dags/example_subdag_operator.py for tasks to queue
[2022-12-07T14:00:43.999+0000] {logging_mixin.py:137} INFO - [2022-12-07T14:00:43.999+0000] {dagbag.py:538} INFO - Filling up the DagBag from /home/airflow/.local/lib/python3.7/site-packages/airflow/example_dags/example_subdag_operator.py
[2022-12-07T14:00:44.090+0000] {processor.py:753} INFO - DAG(s) dict_keys(['example_subdag_operator.section-1', 'example_subdag_operator.section-2', 'example_subdag_operator']) retrieved from /home/airflow/.local/lib/python3.7/site-packages/airflow/example_dags/example_subdag_operator.py
[2022-12-07T14:00:44.163+0000] {logging_mixin.py:137} INFO - [2022-12-07T14:00:44.163+0000] {dag.py:2676} INFO - Sync 3 DAGs
[2022-12-07T14:00:44.212+0000] {logging_mixin.py:137} INFO - [2022-12-07T14:00:44.212+0000] {dag.py:3427} INFO - Setting next_dagrun for example_subdag_operator to 2022-01-01T00:00:00+00:00, run_after=2022-01-01T00:00:00+00:00
[2022-12-07T14:00:44.223+0000] {logging_mixin.py:137} INFO - [2022-12-07T14:00:44.223+0000] {dag.py:3427} INFO - Setting next_dagrun for example_subdag_operator.section-1 to None, run_after=None
[2022-12-07T14:00:44.228+0000] {logging_mixin.py:137} INFO - [2022-12-07T14:00:44.228+0000] {dag.py:3427} INFO - Setting next_dagrun for example_subdag_operator.section-2 to None, run_after=None
[2022-12-07T14:00:44.244+0000] {logging_mixin.py:137} INFO - [2022-12-07T14:00:44.243+0000] {dag.py:2676} INFO - Sync 2 DAGs
[2022-12-07T14:00:44.260+0000] {logging_mixin.py:137} INFO - [2022-12-07T14:00:44.259+0000] {dag.py:3427} INFO - Setting next_dagrun for example_subdag_operator.section-1 to None, run_after=None
[2022-12-07T14:00:44.262+0000] {logging_mixin.py:137} INFO - [2022-12-07T14:00:44.262+0000] {dag.py:3427} INFO - Setting next_dagrun for example_subdag_operator.section-2 to None, run_after=None
[2022-12-07T14:00:44.289+0000] {processor.py:175} INFO - Processing /home/airflow/.local/lib/python3.7/site-packages/airflow/example_dags/example_subdag_operator.py took 0.309 seconds
[2022-12-07T14:01:14.441+0000] {processor.py:153} INFO - Started process (PID=352) to work on /home/airflow/.local/lib/python3.7/site-packages/airflow/example_dags/example_subdag_operator.py
[2022-12-07T14:01:14.444+0000] {processor.py:743} INFO - Processing file /home/airflow/.local/lib/python3.7/site-packages/airflow/example_dags/example_subdag_operator.py for tasks to queue
[2022-12-07T14:01:14.446+0000] {logging_mixin.py:137} INFO - [2022-12-07T14:01:14.446+0000] {dagbag.py:538} INFO - Filling up the DagBag from /home/airflow/.local/lib/python3.7/site-packages/airflow/example_dags/example_subdag_operator.py
[2022-12-07T14:01:14.522+0000] {processor.py:753} INFO - DAG(s) dict_keys(['example_subdag_operator.section-1', 'example_subdag_operator.section-2', 'example_subdag_operator']) retrieved from /home/airflow/.local/lib/python3.7/site-packages/airflow/example_dags/example_subdag_operator.py
[2022-12-07T14:01:14.585+0000] {logging_mixin.py:137} INFO - [2022-12-07T14:01:14.585+0000] {dag.py:2676} INFO - Sync 3 DAGs
[2022-12-07T14:01:14.627+0000] {logging_mixin.py:137} INFO - [2022-12-07T14:01:14.627+0000] {dag.py:3427} INFO - Setting next_dagrun for example_subdag_operator to 2022-01-01T00:00:00+00:00, run_after=2022-01-01T00:00:00+00:00
[2022-12-07T14:01:14.647+0000] {logging_mixin.py:137} INFO - [2022-12-07T14:01:14.647+0000] {dag.py:3427} INFO - Setting next_dagrun for example_subdag_operator.section-1 to None, run_after=None
[2022-12-07T14:01:14.650+0000] {logging_mixin.py:137} INFO - [2022-12-07T14:01:14.650+0000] {dag.py:3427} INFO - Setting next_dagrun for example_subdag_operator.section-2 to None, run_after=None
[2022-12-07T14:01:14.663+0000] {logging_mixin.py:137} INFO - [2022-12-07T14:01:14.662+0000] {dag.py:2676} INFO - Sync 2 DAGs
[2022-12-07T14:01:14.673+0000] {logging_mixin.py:137} INFO - [2022-12-07T14:01:14.673+0000] {dag.py:3427} INFO - Setting next_dagrun for example_subdag_operator.section-1 to None, run_after=None
[2022-12-07T14:01:14.675+0000] {logging_mixin.py:137} INFO - [2022-12-07T14:01:14.675+0000] {dag.py:3427} INFO - Setting next_dagrun for example_subdag_operator.section-2 to None, run_after=None
[2022-12-07T14:01:14.692+0000] {processor.py:175} INFO - Processing /home/airflow/.local/lib/python3.7/site-packages/airflow/example_dags/example_subdag_operator.py took 0.258 seconds
[2022-12-07T14:01:44.978+0000] {processor.py:153} INFO - Started process (PID=422) to work on /home/airflow/.local/lib/python3.7/site-packages/airflow/example_dags/example_subdag_operator.py
[2022-12-07T14:01:44.980+0000] {processor.py:743} INFO - Processing file /home/airflow/.local/lib/python3.7/site-packages/airflow/example_dags/example_subdag_operator.py for tasks to queue
[2022-12-07T14:01:44.982+0000] {logging_mixin.py:137} INFO - [2022-12-07T14:01:44.982+0000] {dagbag.py:538} INFO - Filling up the DagBag from /home/airflow/.local/lib/python3.7/site-packages/airflow/example_dags/example_subdag_operator.py
[2022-12-07T14:01:45.045+0000] {processor.py:753} INFO - DAG(s) dict_keys(['example_subdag_operator.section-1', 'example_subdag_operator.section-2', 'example_subdag_operator']) retrieved from /home/airflow/.local/lib/python3.7/site-packages/airflow/example_dags/example_subdag_operator.py
[2022-12-07T14:01:45.115+0000] {logging_mixin.py:137} INFO - [2022-12-07T14:01:45.115+0000] {dag.py:2676} INFO - Sync 3 DAGs
[2022-12-07T14:01:45.160+0000] {logging_mixin.py:137} INFO - [2022-12-07T14:01:45.160+0000] {dag.py:3427} INFO - Setting next_dagrun for example_subdag_operator to 2022-01-01T00:00:00+00:00, run_after=2022-01-01T00:00:00+00:00
[2022-12-07T14:01:45.167+0000] {logging_mixin.py:137} INFO - [2022-12-07T14:01:45.167+0000] {dag.py:3427} INFO - Setting next_dagrun for example_subdag_operator.section-1 to None, run_after=None
[2022-12-07T14:01:45.170+0000] {logging_mixin.py:137} INFO - [2022-12-07T14:01:45.170+0000] {dag.py:3427} INFO - Setting next_dagrun for example_subdag_operator.section-2 to None, run_after=None
[2022-12-07T14:01:45.185+0000] {logging_mixin.py:137} INFO - [2022-12-07T14:01:45.184+0000] {dag.py:2676} INFO - Sync 2 DAGs
[2022-12-07T14:01:45.194+0000] {logging_mixin.py:137} INFO - [2022-12-07T14:01:45.194+0000] {dag.py:3427} INFO - Setting next_dagrun for example_subdag_operator.section-1 to None, run_after=None
[2022-12-07T14:01:45.196+0000] {logging_mixin.py:137} INFO - [2022-12-07T14:01:45.196+0000] {dag.py:3427} INFO - Setting next_dagrun for example_subdag_operator.section-2 to None, run_after=None
[2022-12-07T14:01:45.216+0000] {processor.py:175} INFO - Processing /home/airflow/.local/lib/python3.7/site-packages/airflow/example_dags/example_subdag_operator.py took 0.244 seconds
[2022-12-07T14:02:15.975+0000] {processor.py:153} INFO - Started process (PID=492) to work on /home/airflow/.local/lib/python3.7/site-packages/airflow/example_dags/example_subdag_operator.py
[2022-12-07T14:02:15.977+0000] {processor.py:743} INFO - Processing file /home/airflow/.local/lib/python3.7/site-packages/airflow/example_dags/example_subdag_operator.py for tasks to queue
[2022-12-07T14:02:15.979+0000] {logging_mixin.py:137} INFO - [2022-12-07T14:02:15.979+0000] {dagbag.py:538} INFO - Filling up the DagBag from /home/airflow/.local/lib/python3.7/site-packages/airflow/example_dags/example_subdag_operator.py
[2022-12-07T14:02:16.033+0000] {processor.py:753} INFO - DAG(s) dict_keys(['example_subdag_operator.section-1', 'example_subdag_operator.section-2', 'example_subdag_operator']) retrieved from /home/airflow/.local/lib/python3.7/site-packages/airflow/example_dags/example_subdag_operator.py
[2022-12-07T14:02:16.081+0000] {logging_mixin.py:137} INFO - [2022-12-07T14:02:16.081+0000] {dag.py:2676} INFO - Sync 3 DAGs
[2022-12-07T14:02:16.125+0000] {logging_mixin.py:137} INFO - [2022-12-07T14:02:16.125+0000] {dag.py:3427} INFO - Setting next_dagrun for example_subdag_operator to 2022-01-01T00:00:00+00:00, run_after=2022-01-01T00:00:00+00:00
[2022-12-07T14:02:16.132+0000] {logging_mixin.py:137} INFO - [2022-12-07T14:02:16.132+0000] {dag.py:3427} INFO - Setting next_dagrun for example_subdag_operator.section-1 to None, run_after=None
[2022-12-07T14:02:16.136+0000] {logging_mixin.py:137} INFO - [2022-12-07T14:02:16.135+0000] {dag.py:3427} INFO - Setting next_dagrun for example_subdag_operator.section-2 to None, run_after=None
[2022-12-07T14:02:16.149+0000] {logging_mixin.py:137} INFO - [2022-12-07T14:02:16.148+0000] {dag.py:2676} INFO - Sync 2 DAGs
[2022-12-07T14:02:16.158+0000] {logging_mixin.py:137} INFO - [2022-12-07T14:02:16.158+0000] {dag.py:3427} INFO - Setting next_dagrun for example_subdag_operator.section-1 to None, run_after=None
[2022-12-07T14:02:16.160+0000] {logging_mixin.py:137} INFO - [2022-12-07T14:02:16.160+0000] {dag.py:3427} INFO - Setting next_dagrun for example_subdag_operator.section-2 to None, run_after=None
[2022-12-07T14:02:16.180+0000] {processor.py:175} INFO - Processing /home/airflow/.local/lib/python3.7/site-packages/airflow/example_dags/example_subdag_operator.py took 0.210 seconds
[2022-12-07T14:02:47.026+0000] {processor.py:153} INFO - Started process (PID=579) to work on /home/airflow/.local/lib/python3.7/site-packages/airflow/example_dags/example_subdag_operator.py
[2022-12-07T14:02:47.030+0000] {processor.py:743} INFO - Processing file /home/airflow/.local/lib/python3.7/site-packages/airflow/example_dags/example_subdag_operator.py for tasks to queue
[2022-12-07T14:02:47.032+0000] {logging_mixin.py:137} INFO - [2022-12-07T14:02:47.032+0000] {dagbag.py:538} INFO - Filling up the DagBag from /home/airflow/.local/lib/python3.7/site-packages/airflow/example_dags/example_subdag_operator.py
[2022-12-07T14:02:47.091+0000] {processor.py:753} INFO - DAG(s) dict_keys(['example_subdag_operator.section-1', 'example_subdag_operator.section-2', 'example_subdag_operator']) retrieved from /home/airflow/.local/lib/python3.7/site-packages/airflow/example_dags/example_subdag_operator.py
[2022-12-07T14:02:47.148+0000] {logging_mixin.py:137} INFO - [2022-12-07T14:02:47.148+0000] {dag.py:2676} INFO - Sync 3 DAGs
[2022-12-07T14:02:47.194+0000] {logging_mixin.py:137} INFO - [2022-12-07T14:02:47.193+0000] {dag.py:3427} INFO - Setting next_dagrun for example_subdag_operator to 2022-01-01T00:00:00+00:00, run_after=2022-01-01T00:00:00+00:00
[2022-12-07T14:02:47.201+0000] {logging_mixin.py:137} INFO - [2022-12-07T14:02:47.200+0000] {dag.py:3427} INFO - Setting next_dagrun for example_subdag_operator.section-1 to None, run_after=None
[2022-12-07T14:02:47.205+0000] {logging_mixin.py:137} INFO - [2022-12-07T14:02:47.205+0000] {dag.py:3427} INFO - Setting next_dagrun for example_subdag_operator.section-2 to None, run_after=None
[2022-12-07T14:02:47.219+0000] {logging_mixin.py:137} INFO - [2022-12-07T14:02:47.219+0000] {dag.py:2676} INFO - Sync 2 DAGs
[2022-12-07T14:02:47.230+0000] {logging_mixin.py:137} INFO - [2022-12-07T14:02:47.230+0000] {dag.py:3427} INFO - Setting next_dagrun for example_subdag_operator.section-1 to None, run_after=None
[2022-12-07T14:02:47.232+0000] {logging_mixin.py:137} INFO - [2022-12-07T14:02:47.232+0000] {dag.py:3427} INFO - Setting next_dagrun for example_subdag_operator.section-2 to None, run_after=None
[2022-12-07T14:02:47.250+0000] {processor.py:175} INFO - Processing /home/airflow/.local/lib/python3.7/site-packages/airflow/example_dags/example_subdag_operator.py took 0.230 seconds
[2022-12-07T14:03:17.510+0000] {processor.py:153} INFO - Started process (PID=649) to work on /home/airflow/.local/lib/python3.7/site-packages/airflow/example_dags/example_subdag_operator.py
[2022-12-07T14:03:17.513+0000] {processor.py:743} INFO - Processing file /home/airflow/.local/lib/python3.7/site-packages/airflow/example_dags/example_subdag_operator.py for tasks to queue
[2022-12-07T14:03:17.515+0000] {logging_mixin.py:137} INFO - [2022-12-07T14:03:17.515+0000] {dagbag.py:538} INFO - Filling up the DagBag from /home/airflow/.local/lib/python3.7/site-packages/airflow/example_dags/example_subdag_operator.py
[2022-12-07T14:03:17.569+0000] {processor.py:753} INFO - DAG(s) dict_keys(['example_subdag_operator.section-1', 'example_subdag_operator.section-2', 'example_subdag_operator']) retrieved from /home/airflow/.local/lib/python3.7/site-packages/airflow/example_dags/example_subdag_operator.py
[2022-12-07T14:03:17.618+0000] {logging_mixin.py:137} INFO - [2022-12-07T14:03:17.618+0000] {dag.py:2676} INFO - Sync 3 DAGs
[2022-12-07T14:03:17.660+0000] {logging_mixin.py:137} INFO - [2022-12-07T14:03:17.660+0000] {dag.py:3427} INFO - Setting next_dagrun for example_subdag_operator to 2022-01-01T00:00:00+00:00, run_after=2022-01-01T00:00:00+00:00
[2022-12-07T14:03:17.666+0000] {logging_mixin.py:137} INFO - [2022-12-07T14:03:17.666+0000] {dag.py:3427} INFO - Setting next_dagrun for example_subdag_operator.section-1 to None, run_after=None
[2022-12-07T14:03:17.669+0000] {logging_mixin.py:137} INFO - [2022-12-07T14:03:17.669+0000] {dag.py:3427} INFO - Setting next_dagrun for example_subdag_operator.section-2 to None, run_after=None
[2022-12-07T14:03:17.683+0000] {logging_mixin.py:137} INFO - [2022-12-07T14:03:17.682+0000] {dag.py:2676} INFO - Sync 2 DAGs
[2022-12-07T14:03:17.695+0000] {logging_mixin.py:137} INFO - [2022-12-07T14:03:17.695+0000] {dag.py:3427} INFO - Setting next_dagrun for example_subdag_operator.section-1 to None, run_after=None
[2022-12-07T14:03:17.697+0000] {logging_mixin.py:137} INFO - [2022-12-07T14:03:17.697+0000] {dag.py:3427} INFO - Setting next_dagrun for example_subdag_operator.section-2 to None, run_after=None
[2022-12-07T14:03:17.716+0000] {processor.py:175} INFO - Processing /home/airflow/.local/lib/python3.7/site-packages/airflow/example_dags/example_subdag_operator.py took 0.211 seconds
[2022-12-07T14:03:48.338+0000] {processor.py:153} INFO - Started process (PID=719) to work on /home/airflow/.local/lib/python3.7/site-packages/airflow/example_dags/example_subdag_operator.py
[2022-12-07T14:03:48.341+0000] {processor.py:743} INFO - Processing file /home/airflow/.local/lib/python3.7/site-packages/airflow/example_dags/example_subdag_operator.py for tasks to queue
[2022-12-07T14:03:48.344+0000] {logging_mixin.py:137} INFO - [2022-12-07T14:03:48.343+0000] {dagbag.py:538} INFO - Filling up the DagBag from /home/airflow/.local/lib/python3.7/site-packages/airflow/example_dags/example_subdag_operator.py
[2022-12-07T14:03:48.396+0000] {processor.py:753} INFO - DAG(s) dict_keys(['example_subdag_operator.section-1', 'example_subdag_operator.section-2', 'example_subdag_operator']) retrieved from /home/airflow/.local/lib/python3.7/site-packages/airflow/example_dags/example_subdag_operator.py
[2022-12-07T14:03:48.445+0000] {logging_mixin.py:137} INFO - [2022-12-07T14:03:48.445+0000] {dag.py:2676} INFO - Sync 3 DAGs
[2022-12-07T14:03:48.487+0000] {logging_mixin.py:137} INFO - [2022-12-07T14:03:48.487+0000] {dag.py:3427} INFO - Setting next_dagrun for example_subdag_operator to 2022-01-01T00:00:00+00:00, run_after=2022-01-01T00:00:00+00:00
[2022-12-07T14:03:48.494+0000] {logging_mixin.py:137} INFO - [2022-12-07T14:03:48.494+0000] {dag.py:3427} INFO - Setting next_dagrun for example_subdag_operator.section-1 to None, run_after=None
[2022-12-07T14:03:48.497+0000] {logging_mixin.py:137} INFO - [2022-12-07T14:03:48.497+0000] {dag.py:3427} INFO - Setting next_dagrun for example_subdag_operator.section-2 to None, run_after=None
[2022-12-07T14:03:48.509+0000] {logging_mixin.py:137} INFO - [2022-12-07T14:03:48.509+0000] {dag.py:2676} INFO - Sync 2 DAGs
[2022-12-07T14:03:48.532+0000] {logging_mixin.py:137} INFO - [2022-12-07T14:03:48.532+0000] {dag.py:3427} INFO - Setting next_dagrun for example_subdag_operator.section-1 to None, run_after=None
[2022-12-07T14:03:48.534+0000] {logging_mixin.py:137} INFO - [2022-12-07T14:03:48.534+0000] {dag.py:3427} INFO - Setting next_dagrun for example_subdag_operator.section-2 to None, run_after=None
[2022-12-07T14:03:48.553+0000] {processor.py:175} INFO - Processing /home/airflow/.local/lib/python3.7/site-packages/airflow/example_dags/example_subdag_operator.py took 0.221 seconds
[2022-12-07T14:05:11.686+0000] {processor.py:153} INFO - Started process (PID=46) to work on /home/airflow/.local/lib/python3.7/site-packages/airflow/example_dags/example_subdag_operator.py
[2022-12-07T14:05:11.690+0000] {processor.py:743} INFO - Processing file /home/airflow/.local/lib/python3.7/site-packages/airflow/example_dags/example_subdag_operator.py for tasks to queue
[2022-12-07T14:05:11.693+0000] {logging_mixin.py:137} INFO - [2022-12-07T14:05:11.692+0000] {dagbag.py:538} INFO - Filling up the DagBag from /home/airflow/.local/lib/python3.7/site-packages/airflow/example_dags/example_subdag_operator.py
[2022-12-07T14:05:11.801+0000] {processor.py:753} INFO - DAG(s) dict_keys(['example_subdag_operator.section-1', 'example_subdag_operator.section-2', 'example_subdag_operator']) retrieved from /home/airflow/.local/lib/python3.7/site-packages/airflow/example_dags/example_subdag_operator.py
[2022-12-07T14:05:11.837+0000] {logging_mixin.py:137} INFO - [2022-12-07T14:05:11.837+0000] {dag.py:2676} INFO - Sync 3 DAGs
[2022-12-07T14:05:11.894+0000] {logging_mixin.py:137} INFO - [2022-12-07T14:05:11.894+0000] {dag.py:3427} INFO - Setting next_dagrun for example_subdag_operator to 2022-01-01T00:00:00+00:00, run_after=2022-01-01T00:00:00+00:00
[2022-12-07T14:05:11.906+0000] {logging_mixin.py:137} INFO - [2022-12-07T14:05:11.906+0000] {dag.py:3427} INFO - Setting next_dagrun for example_subdag_operator.section-1 to None, run_after=None
[2022-12-07T14:05:11.910+0000] {logging_mixin.py:137} INFO - [2022-12-07T14:05:11.910+0000] {dag.py:3427} INFO - Setting next_dagrun for example_subdag_operator.section-2 to None, run_after=None
[2022-12-07T14:05:11.929+0000] {logging_mixin.py:137} INFO - [2022-12-07T14:05:11.929+0000] {dag.py:2676} INFO - Sync 2 DAGs
[2022-12-07T14:05:11.943+0000] {logging_mixin.py:137} INFO - [2022-12-07T14:05:11.943+0000] {dag.py:3427} INFO - Setting next_dagrun for example_subdag_operator.section-1 to None, run_after=None
[2022-12-07T14:05:11.946+0000] {logging_mixin.py:137} INFO - [2022-12-07T14:05:11.945+0000] {dag.py:3427} INFO - Setting next_dagrun for example_subdag_operator.section-2 to None, run_after=None
[2022-12-07T14:05:12.001+0000] {processor.py:175} INFO - Processing /home/airflow/.local/lib/python3.7/site-packages/airflow/example_dags/example_subdag_operator.py took 0.325 seconds
[2022-12-07T14:05:42.127+0000] {processor.py:153} INFO - Started process (PID=126) to work on /home/airflow/.local/lib/python3.7/site-packages/airflow/example_dags/example_subdag_operator.py
[2022-12-07T14:05:42.130+0000] {processor.py:743} INFO - Processing file /home/airflow/.local/lib/python3.7/site-packages/airflow/example_dags/example_subdag_operator.py for tasks to queue
[2022-12-07T14:05:42.134+0000] {logging_mixin.py:137} INFO - [2022-12-07T14:05:42.133+0000] {dagbag.py:538} INFO - Filling up the DagBag from /home/airflow/.local/lib/python3.7/site-packages/airflow/example_dags/example_subdag_operator.py
[2022-12-07T14:05:42.191+0000] {processor.py:753} INFO - DAG(s) dict_keys(['example_subdag_operator.section-1', 'example_subdag_operator.section-2', 'example_subdag_operator']) retrieved from /home/airflow/.local/lib/python3.7/site-packages/airflow/example_dags/example_subdag_operator.py
[2022-12-07T14:05:42.244+0000] {logging_mixin.py:137} INFO - [2022-12-07T14:05:42.244+0000] {dag.py:2676} INFO - Sync 3 DAGs
[2022-12-07T14:05:42.289+0000] {logging_mixin.py:137} INFO - [2022-12-07T14:05:42.289+0000] {dag.py:3427} INFO - Setting next_dagrun for example_subdag_operator to 2022-01-01T00:00:00+00:00, run_after=2022-01-01T00:00:00+00:00
[2022-12-07T14:05:42.297+0000] {logging_mixin.py:137} INFO - [2022-12-07T14:05:42.297+0000] {dag.py:3427} INFO - Setting next_dagrun for example_subdag_operator.section-1 to None, run_after=None
[2022-12-07T14:05:42.301+0000] {logging_mixin.py:137} INFO - [2022-12-07T14:05:42.301+0000] {dag.py:3427} INFO - Setting next_dagrun for example_subdag_operator.section-2 to None, run_after=None
[2022-12-07T14:05:42.313+0000] {logging_mixin.py:137} INFO - [2022-12-07T14:05:42.313+0000] {dag.py:2676} INFO - Sync 2 DAGs
[2022-12-07T14:05:42.323+0000] {logging_mixin.py:137} INFO - [2022-12-07T14:05:42.323+0000] {dag.py:3427} INFO - Setting next_dagrun for example_subdag_operator.section-1 to None, run_after=None
[2022-12-07T14:05:42.324+0000] {logging_mixin.py:137} INFO - [2022-12-07T14:05:42.324+0000] {dag.py:3427} INFO - Setting next_dagrun for example_subdag_operator.section-2 to None, run_after=None
[2022-12-07T14:05:42.342+0000] {processor.py:175} INFO - Processing /home/airflow/.local/lib/python3.7/site-packages/airflow/example_dags/example_subdag_operator.py took 0.221 seconds
[2022-12-07T14:06:13.053+0000] {processor.py:153} INFO - Started process (PID=196) to work on /home/airflow/.local/lib/python3.7/site-packages/airflow/example_dags/example_subdag_operator.py
[2022-12-07T14:06:13.056+0000] {processor.py:743} INFO - Processing file /home/airflow/.local/lib/python3.7/site-packages/airflow/example_dags/example_subdag_operator.py for tasks to queue
[2022-12-07T14:06:13.058+0000] {logging_mixin.py:137} INFO - [2022-12-07T14:06:13.058+0000] {dagbag.py:538} INFO - Filling up the DagBag from /home/airflow/.local/lib/python3.7/site-packages/airflow/example_dags/example_subdag_operator.py
[2022-12-07T14:06:13.111+0000] {processor.py:753} INFO - DAG(s) dict_keys(['example_subdag_operator.section-1', 'example_subdag_operator.section-2', 'example_subdag_operator']) retrieved from /home/airflow/.local/lib/python3.7/site-packages/airflow/example_dags/example_subdag_operator.py
[2022-12-07T14:06:13.158+0000] {logging_mixin.py:137} INFO - [2022-12-07T14:06:13.158+0000] {dag.py:2676} INFO - Sync 3 DAGs
[2022-12-07T14:06:13.197+0000] {logging_mixin.py:137} INFO - [2022-12-07T14:06:13.196+0000] {dag.py:3427} INFO - Setting next_dagrun for example_subdag_operator to 2022-01-01T00:00:00+00:00, run_after=2022-01-01T00:00:00+00:00
[2022-12-07T14:06:13.203+0000] {logging_mixin.py:137} INFO - [2022-12-07T14:06:13.203+0000] {dag.py:3427} INFO - Setting next_dagrun for example_subdag_operator.section-1 to None, run_after=None
[2022-12-07T14:06:13.206+0000] {logging_mixin.py:137} INFO - [2022-12-07T14:06:13.205+0000] {dag.py:3427} INFO - Setting next_dagrun for example_subdag_operator.section-2 to None, run_after=None
[2022-12-07T14:06:13.217+0000] {logging_mixin.py:137} INFO - [2022-12-07T14:06:13.217+0000] {dag.py:2676} INFO - Sync 2 DAGs
[2022-12-07T14:06:13.225+0000] {logging_mixin.py:137} INFO - [2022-12-07T14:06:13.225+0000] {dag.py:3427} INFO - Setting next_dagrun for example_subdag_operator.section-1 to None, run_after=None
[2022-12-07T14:06:13.227+0000] {logging_mixin.py:137} INFO - [2022-12-07T14:06:13.227+0000] {dag.py:3427} INFO - Setting next_dagrun for example_subdag_operator.section-2 to None, run_after=None
[2022-12-07T14:06:13.244+0000] {processor.py:175} INFO - Processing /home/airflow/.local/lib/python3.7/site-packages/airflow/example_dags/example_subdag_operator.py took 0.195 seconds
[2022-12-07T14:06:43.337+0000] {processor.py:153} INFO - Started process (PID=266) to work on /home/airflow/.local/lib/python3.7/site-packages/airflow/example_dags/example_subdag_operator.py
[2022-12-07T14:06:43.339+0000] {processor.py:743} INFO - Processing file /home/airflow/.local/lib/python3.7/site-packages/airflow/example_dags/example_subdag_operator.py for tasks to queue
[2022-12-07T14:06:43.342+0000] {logging_mixin.py:137} INFO - [2022-12-07T14:06:43.342+0000] {dagbag.py:538} INFO - Filling up the DagBag from /home/airflow/.local/lib/python3.7/site-packages/airflow/example_dags/example_subdag_operator.py
[2022-12-07T14:06:43.396+0000] {processor.py:753} INFO - DAG(s) dict_keys(['example_subdag_operator.section-1', 'example_subdag_operator.section-2', 'example_subdag_operator']) retrieved from /home/airflow/.local/lib/python3.7/site-packages/airflow/example_dags/example_subdag_operator.py
[2022-12-07T14:06:43.444+0000] {logging_mixin.py:137} INFO - [2022-12-07T14:06:43.444+0000] {dag.py:2676} INFO - Sync 3 DAGs
[2022-12-07T14:06:43.486+0000] {logging_mixin.py:137} INFO - [2022-12-07T14:06:43.486+0000] {dag.py:3427} INFO - Setting next_dagrun for example_subdag_operator to 2022-01-01T00:00:00+00:00, run_after=2022-01-01T00:00:00+00:00
[2022-12-07T14:06:43.495+0000] {logging_mixin.py:137} INFO - [2022-12-07T14:06:43.495+0000] {dag.py:3427} INFO - Setting next_dagrun for example_subdag_operator.section-1 to None, run_after=None
[2022-12-07T14:06:43.498+0000] {logging_mixin.py:137} INFO - [2022-12-07T14:06:43.498+0000] {dag.py:3427} INFO - Setting next_dagrun for example_subdag_operator.section-2 to None, run_after=None
[2022-12-07T14:06:43.511+0000] {logging_mixin.py:137} INFO - [2022-12-07T14:06:43.510+0000] {dag.py:2676} INFO - Sync 2 DAGs
[2022-12-07T14:06:43.520+0000] {logging_mixin.py:137} INFO - [2022-12-07T14:06:43.520+0000] {dag.py:3427} INFO - Setting next_dagrun for example_subdag_operator.section-1 to None, run_after=None
[2022-12-07T14:06:43.522+0000] {logging_mixin.py:137} INFO - [2022-12-07T14:06:43.522+0000] {dag.py:3427} INFO - Setting next_dagrun for example_subdag_operator.section-2 to None, run_after=None
[2022-12-07T14:06:43.539+0000] {processor.py:175} INFO - Processing /home/airflow/.local/lib/python3.7/site-packages/airflow/example_dags/example_subdag_operator.py took 0.208 seconds
[2022-12-07T14:07:16.270+0000] {processor.py:153} INFO - Started process (PID=345) to work on /home/airflow/.local/lib/python3.7/site-packages/airflow/example_dags/example_subdag_operator.py
[2022-12-07T14:07:16.290+0000] {processor.py:743} INFO - Processing file /home/airflow/.local/lib/python3.7/site-packages/airflow/example_dags/example_subdag_operator.py for tasks to queue
[2022-12-07T14:07:16.298+0000] {logging_mixin.py:137} INFO - [2022-12-07T14:07:16.297+0000] {dagbag.py:538} INFO - Filling up the DagBag from /home/airflow/.local/lib/python3.7/site-packages/airflow/example_dags/example_subdag_operator.py
[2022-12-07T14:07:16.436+0000] {processor.py:753} INFO - DAG(s) dict_keys(['example_subdag_operator.section-1', 'example_subdag_operator.section-2', 'example_subdag_operator']) retrieved from /home/airflow/.local/lib/python3.7/site-packages/airflow/example_dags/example_subdag_operator.py
[2022-12-07T14:07:16.660+0000] {logging_mixin.py:137} INFO - [2022-12-07T14:07:16.659+0000] {dag.py:2676} INFO - Sync 3 DAGs
[2022-12-07T14:07:16.763+0000] {logging_mixin.py:137} INFO - [2022-12-07T14:07:16.762+0000] {dag.py:3427} INFO - Setting next_dagrun for example_subdag_operator to 2022-01-01T00:00:00+00:00, run_after=2022-01-01T00:00:00+00:00
[2022-12-07T14:07:16.770+0000] {logging_mixin.py:137} INFO - [2022-12-07T14:07:16.770+0000] {dag.py:3427} INFO - Setting next_dagrun for example_subdag_operator.section-1 to None, run_after=None
[2022-12-07T14:07:16.774+0000] {logging_mixin.py:137} INFO - [2022-12-07T14:07:16.773+0000] {dag.py:3427} INFO - Setting next_dagrun for example_subdag_operator.section-2 to None, run_after=None
[2022-12-07T14:07:16.792+0000] {logging_mixin.py:137} INFO - [2022-12-07T14:07:16.792+0000] {dag.py:2676} INFO - Sync 2 DAGs
[2022-12-07T14:07:16.817+0000] {logging_mixin.py:137} INFO - [2022-12-07T14:07:16.817+0000] {dag.py:3427} INFO - Setting next_dagrun for example_subdag_operator.section-1 to None, run_after=None
[2022-12-07T14:07:16.820+0000] {logging_mixin.py:137} INFO - [2022-12-07T14:07:16.819+0000] {dag.py:3427} INFO - Setting next_dagrun for example_subdag_operator.section-2 to None, run_after=None
[2022-12-07T14:07:16.862+0000] {processor.py:175} INFO - Processing /home/airflow/.local/lib/python3.7/site-packages/airflow/example_dags/example_subdag_operator.py took 0.605 seconds
[2022-12-07T14:07:47.831+0000] {processor.py:153} INFO - Started process (PID=422) to work on /home/airflow/.local/lib/python3.7/site-packages/airflow/example_dags/example_subdag_operator.py
[2022-12-07T14:07:47.839+0000] {processor.py:743} INFO - Processing file /home/airflow/.local/lib/python3.7/site-packages/airflow/example_dags/example_subdag_operator.py for tasks to queue
[2022-12-07T14:07:47.841+0000] {logging_mixin.py:137} INFO - [2022-12-07T14:07:47.841+0000] {dagbag.py:538} INFO - Filling up the DagBag from /home/airflow/.local/lib/python3.7/site-packages/airflow/example_dags/example_subdag_operator.py
[2022-12-07T14:07:47.895+0000] {processor.py:753} INFO - DAG(s) dict_keys(['example_subdag_operator.section-1', 'example_subdag_operator.section-2', 'example_subdag_operator']) retrieved from /home/airflow/.local/lib/python3.7/site-packages/airflow/example_dags/example_subdag_operator.py
[2022-12-07T14:07:47.947+0000] {logging_mixin.py:137} INFO - [2022-12-07T14:07:47.947+0000] {dag.py:2676} INFO - Sync 3 DAGs
[2022-12-07T14:07:47.987+0000] {logging_mixin.py:137} INFO - [2022-12-07T14:07:47.987+0000] {dag.py:3427} INFO - Setting next_dagrun for example_subdag_operator to 2022-01-01T00:00:00+00:00, run_after=2022-01-01T00:00:00+00:00
[2022-12-07T14:07:47.997+0000] {logging_mixin.py:137} INFO - [2022-12-07T14:07:47.996+0000] {dag.py:3427} INFO - Setting next_dagrun for example_subdag_operator.section-1 to None, run_after=None
[2022-12-07T14:07:47.999+0000] {logging_mixin.py:137} INFO - [2022-12-07T14:07:47.999+0000] {dag.py:3427} INFO - Setting next_dagrun for example_subdag_operator.section-2 to None, run_after=None
[2022-12-07T14:07:48.013+0000] {logging_mixin.py:137} INFO - [2022-12-07T14:07:48.013+0000] {dag.py:2676} INFO - Sync 2 DAGs
[2022-12-07T14:07:48.023+0000] {logging_mixin.py:137} INFO - [2022-12-07T14:07:48.022+0000] {dag.py:3427} INFO - Setting next_dagrun for example_subdag_operator.section-1 to None, run_after=None
[2022-12-07T14:07:48.025+0000] {logging_mixin.py:137} INFO - [2022-12-07T14:07:48.025+0000] {dag.py:3427} INFO - Setting next_dagrun for example_subdag_operator.section-2 to None, run_after=None
[2022-12-07T14:07:48.044+0000] {processor.py:175} INFO - Processing /home/airflow/.local/lib/python3.7/site-packages/airflow/example_dags/example_subdag_operator.py took 0.218 seconds
[2022-12-07T14:08:18.373+0000] {processor.py:153} INFO - Started process (PID=492) to work on /home/airflow/.local/lib/python3.7/site-packages/airflow/example_dags/example_subdag_operator.py
[2022-12-07T14:08:18.375+0000] {processor.py:743} INFO - Processing file /home/airflow/.local/lib/python3.7/site-packages/airflow/example_dags/example_subdag_operator.py for tasks to queue
[2022-12-07T14:08:18.377+0000] {logging_mixin.py:137} INFO - [2022-12-07T14:08:18.377+0000] {dagbag.py:538} INFO - Filling up the DagBag from /home/airflow/.local/lib/python3.7/site-packages/airflow/example_dags/example_subdag_operator.py
[2022-12-07T14:08:18.431+0000] {processor.py:753} INFO - DAG(s) dict_keys(['example_subdag_operator.section-1', 'example_subdag_operator.section-2', 'example_subdag_operator']) retrieved from /home/airflow/.local/lib/python3.7/site-packages/airflow/example_dags/example_subdag_operator.py
[2022-12-07T14:08:18.478+0000] {logging_mixin.py:137} INFO - [2022-12-07T14:08:18.477+0000] {dag.py:2676} INFO - Sync 3 DAGs
[2022-12-07T14:08:18.516+0000] {logging_mixin.py:137} INFO - [2022-12-07T14:08:18.516+0000] {dag.py:3427} INFO - Setting next_dagrun for example_subdag_operator to 2022-01-01T00:00:00+00:00, run_after=2022-01-01T00:00:00+00:00
[2022-12-07T14:08:18.523+0000] {logging_mixin.py:137} INFO - [2022-12-07T14:08:18.523+0000] {dag.py:3427} INFO - Setting next_dagrun for example_subdag_operator.section-1 to None, run_after=None
[2022-12-07T14:08:18.526+0000] {logging_mixin.py:137} INFO - [2022-12-07T14:08:18.526+0000] {dag.py:3427} INFO - Setting next_dagrun for example_subdag_operator.section-2 to None, run_after=None
[2022-12-07T14:08:18.538+0000] {logging_mixin.py:137} INFO - [2022-12-07T14:08:18.538+0000] {dag.py:2676} INFO - Sync 2 DAGs
[2022-12-07T14:08:18.547+0000] {logging_mixin.py:137} INFO - [2022-12-07T14:08:18.547+0000] {dag.py:3427} INFO - Setting next_dagrun for example_subdag_operator.section-1 to None, run_after=None
[2022-12-07T14:08:18.549+0000] {logging_mixin.py:137} INFO - [2022-12-07T14:08:18.549+0000] {dag.py:3427} INFO - Setting next_dagrun for example_subdag_operator.section-2 to None, run_after=None
[2022-12-07T14:08:18.565+0000] {processor.py:175} INFO - Processing /home/airflow/.local/lib/python3.7/site-packages/airflow/example_dags/example_subdag_operator.py took 0.198 seconds
[2022-12-07T14:08:48.737+0000] {processor.py:153} INFO - Started process (PID=562) to work on /home/airflow/.local/lib/python3.7/site-packages/airflow/example_dags/example_subdag_operator.py
[2022-12-07T14:08:48.739+0000] {processor.py:743} INFO - Processing file /home/airflow/.local/lib/python3.7/site-packages/airflow/example_dags/example_subdag_operator.py for tasks to queue
[2022-12-07T14:08:48.742+0000] {logging_mixin.py:137} INFO - [2022-12-07T14:08:48.741+0000] {dagbag.py:538} INFO - Filling up the DagBag from /home/airflow/.local/lib/python3.7/site-packages/airflow/example_dags/example_subdag_operator.py
[2022-12-07T14:08:48.797+0000] {processor.py:753} INFO - DAG(s) dict_keys(['example_subdag_operator.section-1', 'example_subdag_operator.section-2', 'example_subdag_operator']) retrieved from /home/airflow/.local/lib/python3.7/site-packages/airflow/example_dags/example_subdag_operator.py
[2022-12-07T14:08:48.849+0000] {logging_mixin.py:137} INFO - [2022-12-07T14:08:48.848+0000] {dag.py:2676} INFO - Sync 3 DAGs
[2022-12-07T14:08:48.893+0000] {logging_mixin.py:137} INFO - [2022-12-07T14:08:48.893+0000] {dag.py:3427} INFO - Setting next_dagrun for example_subdag_operator to 2022-01-01T00:00:00+00:00, run_after=2022-01-01T00:00:00+00:00
[2022-12-07T14:08:48.900+0000] {logging_mixin.py:137} INFO - [2022-12-07T14:08:48.900+0000] {dag.py:3427} INFO - Setting next_dagrun for example_subdag_operator.section-1 to None, run_after=None
[2022-12-07T14:08:48.904+0000] {logging_mixin.py:137} INFO - [2022-12-07T14:08:48.904+0000] {dag.py:3427} INFO - Setting next_dagrun for example_subdag_operator.section-2 to None, run_after=None
[2022-12-07T14:08:48.919+0000] {logging_mixin.py:137} INFO - [2022-12-07T14:08:48.919+0000] {dag.py:2676} INFO - Sync 2 DAGs
[2022-12-07T14:08:48.928+0000] {logging_mixin.py:137} INFO - [2022-12-07T14:08:48.927+0000] {dag.py:3427} INFO - Setting next_dagrun for example_subdag_operator.section-1 to None, run_after=None
[2022-12-07T14:08:48.929+0000] {logging_mixin.py:137} INFO - [2022-12-07T14:08:48.929+0000] {dag.py:3427} INFO - Setting next_dagrun for example_subdag_operator.section-2 to None, run_after=None
[2022-12-07T14:08:48.946+0000] {processor.py:175} INFO - Processing /home/airflow/.local/lib/python3.7/site-packages/airflow/example_dags/example_subdag_operator.py took 0.217 seconds
[2022-12-07T14:09:19.180+0000] {processor.py:153} INFO - Started process (PID=648) to work on /home/airflow/.local/lib/python3.7/site-packages/airflow/example_dags/example_subdag_operator.py
[2022-12-07T14:09:19.183+0000] {processor.py:743} INFO - Processing file /home/airflow/.local/lib/python3.7/site-packages/airflow/example_dags/example_subdag_operator.py for tasks to queue
[2022-12-07T14:09:19.185+0000] {logging_mixin.py:137} INFO - [2022-12-07T14:09:19.185+0000] {dagbag.py:538} INFO - Filling up the DagBag from /home/airflow/.local/lib/python3.7/site-packages/airflow/example_dags/example_subdag_operator.py
[2022-12-07T14:09:19.241+0000] {processor.py:753} INFO - DAG(s) dict_keys(['example_subdag_operator.section-1', 'example_subdag_operator.section-2', 'example_subdag_operator']) retrieved from /home/airflow/.local/lib/python3.7/site-packages/airflow/example_dags/example_subdag_operator.py
[2022-12-07T14:09:19.291+0000] {logging_mixin.py:137} INFO - [2022-12-07T14:09:19.291+0000] {dag.py:2676} INFO - Sync 3 DAGs
[2022-12-07T14:09:19.334+0000] {logging_mixin.py:137} INFO - [2022-12-07T14:09:19.333+0000] {dag.py:3427} INFO - Setting next_dagrun for example_subdag_operator to 2022-01-01T00:00:00+00:00, run_after=2022-01-01T00:00:00+00:00
[2022-12-07T14:09:19.340+0000] {logging_mixin.py:137} INFO - [2022-12-07T14:09:19.340+0000] {dag.py:3427} INFO - Setting next_dagrun for example_subdag_operator.section-1 to None, run_after=None
[2022-12-07T14:09:19.343+0000] {logging_mixin.py:137} INFO - [2022-12-07T14:09:19.343+0000] {dag.py:3427} INFO - Setting next_dagrun for example_subdag_operator.section-2 to None, run_after=None
[2022-12-07T14:09:19.356+0000] {logging_mixin.py:137} INFO - [2022-12-07T14:09:19.355+0000] {dag.py:2676} INFO - Sync 2 DAGs
[2022-12-07T14:09:19.365+0000] {logging_mixin.py:137} INFO - [2022-12-07T14:09:19.365+0000] {dag.py:3427} INFO - Setting next_dagrun for example_subdag_operator.section-1 to None, run_after=None
[2022-12-07T14:09:19.366+0000] {logging_mixin.py:137} INFO - [2022-12-07T14:09:19.366+0000] {dag.py:3427} INFO - Setting next_dagrun for example_subdag_operator.section-2 to None, run_after=None
[2022-12-07T14:09:19.384+0000] {processor.py:175} INFO - Processing /home/airflow/.local/lib/python3.7/site-packages/airflow/example_dags/example_subdag_operator.py took 0.210 seconds
[2022-12-07T14:09:49.594+0000] {processor.py:153} INFO - Started process (PID=718) to work on /home/airflow/.local/lib/python3.7/site-packages/airflow/example_dags/example_subdag_operator.py
[2022-12-07T14:09:49.597+0000] {processor.py:743} INFO - Processing file /home/airflow/.local/lib/python3.7/site-packages/airflow/example_dags/example_subdag_operator.py for tasks to queue
[2022-12-07T14:09:49.599+0000] {logging_mixin.py:137} INFO - [2022-12-07T14:09:49.599+0000] {dagbag.py:538} INFO - Filling up the DagBag from /home/airflow/.local/lib/python3.7/site-packages/airflow/example_dags/example_subdag_operator.py
[2022-12-07T14:09:49.654+0000] {processor.py:753} INFO - DAG(s) dict_keys(['example_subdag_operator.section-1', 'example_subdag_operator.section-2', 'example_subdag_operator']) retrieved from /home/airflow/.local/lib/python3.7/site-packages/airflow/example_dags/example_subdag_operator.py
[2022-12-07T14:09:49.704+0000] {logging_mixin.py:137} INFO - [2022-12-07T14:09:49.704+0000] {dag.py:2676} INFO - Sync 3 DAGs
[2022-12-07T14:09:49.745+0000] {logging_mixin.py:137} INFO - [2022-12-07T14:09:49.745+0000] {dag.py:3427} INFO - Setting next_dagrun for example_subdag_operator to 2022-01-01T00:00:00+00:00, run_after=2022-01-01T00:00:00+00:00
[2022-12-07T14:09:49.752+0000] {logging_mixin.py:137} INFO - [2022-12-07T14:09:49.752+0000] {dag.py:3427} INFO - Setting next_dagrun for example_subdag_operator.section-1 to None, run_after=None
[2022-12-07T14:09:49.755+0000] {logging_mixin.py:137} INFO - [2022-12-07T14:09:49.755+0000] {dag.py:3427} INFO - Setting next_dagrun for example_subdag_operator.section-2 to None, run_after=None
[2022-12-07T14:09:49.769+0000] {logging_mixin.py:137} INFO - [2022-12-07T14:09:49.769+0000] {dag.py:2676} INFO - Sync 2 DAGs
[2022-12-07T14:09:49.779+0000] {logging_mixin.py:137} INFO - [2022-12-07T14:09:49.778+0000] {dag.py:3427} INFO - Setting next_dagrun for example_subdag_operator.section-1 to None, run_after=None
[2022-12-07T14:09:49.780+0000] {logging_mixin.py:137} INFO - [2022-12-07T14:09:49.780+0000] {dag.py:3427} INFO - Setting next_dagrun for example_subdag_operator.section-2 to None, run_after=None
[2022-12-07T14:09:49.801+0000] {processor.py:175} INFO - Processing /home/airflow/.local/lib/python3.7/site-packages/airflow/example_dags/example_subdag_operator.py took 0.214 seconds
[2022-12-07T14:10:19.893+0000] {processor.py:153} INFO - Started process (PID=788) to work on /home/airflow/.local/lib/python3.7/site-packages/airflow/example_dags/example_subdag_operator.py
[2022-12-07T14:10:19.898+0000] {processor.py:743} INFO - Processing file /home/airflow/.local/lib/python3.7/site-packages/airflow/example_dags/example_subdag_operator.py for tasks to queue
[2022-12-07T14:10:19.900+0000] {logging_mixin.py:137} INFO - [2022-12-07T14:10:19.900+0000] {dagbag.py:538} INFO - Filling up the DagBag from /home/airflow/.local/lib/python3.7/site-packages/airflow/example_dags/example_subdag_operator.py
[2022-12-07T14:10:19.952+0000] {processor.py:753} INFO - DAG(s) dict_keys(['example_subdag_operator.section-1', 'example_subdag_operator.section-2', 'example_subdag_operator']) retrieved from /home/airflow/.local/lib/python3.7/site-packages/airflow/example_dags/example_subdag_operator.py
[2022-12-07T14:10:20.000+0000] {logging_mixin.py:137} INFO - [2022-12-07T14:10:20.000+0000] {dag.py:2676} INFO - Sync 3 DAGs
[2022-12-07T14:10:20.038+0000] {logging_mixin.py:137} INFO - [2022-12-07T14:10:20.038+0000] {dag.py:3427} INFO - Setting next_dagrun for example_subdag_operator to 2022-01-01T00:00:00+00:00, run_after=2022-01-01T00:00:00+00:00
[2022-12-07T14:10:20.046+0000] {logging_mixin.py:137} INFO - [2022-12-07T14:10:20.046+0000] {dag.py:3427} INFO - Setting next_dagrun for example_subdag_operator.section-1 to None, run_after=None
[2022-12-07T14:10:20.050+0000] {logging_mixin.py:137} INFO - [2022-12-07T14:10:20.050+0000] {dag.py:3427} INFO - Setting next_dagrun for example_subdag_operator.section-2 to None, run_after=None
[2022-12-07T14:10:20.067+0000] {logging_mixin.py:137} INFO - [2022-12-07T14:10:20.067+0000] {dag.py:2676} INFO - Sync 2 DAGs
[2022-12-07T14:10:20.079+0000] {logging_mixin.py:137} INFO - [2022-12-07T14:10:20.078+0000] {dag.py:3427} INFO - Setting next_dagrun for example_subdag_operator.section-1 to None, run_after=None
[2022-12-07T14:10:20.081+0000] {logging_mixin.py:137} INFO - [2022-12-07T14:10:20.081+0000] {dag.py:3427} INFO - Setting next_dagrun for example_subdag_operator.section-2 to None, run_after=None
[2022-12-07T14:10:20.101+0000] {processor.py:175} INFO - Processing /home/airflow/.local/lib/python3.7/site-packages/airflow/example_dags/example_subdag_operator.py took 0.214 seconds
[2022-12-07T14:10:50.505+0000] {processor.py:153} INFO - Started process (PID=866) to work on /home/airflow/.local/lib/python3.7/site-packages/airflow/example_dags/example_subdag_operator.py
[2022-12-07T14:10:50.509+0000] {processor.py:743} INFO - Processing file /home/airflow/.local/lib/python3.7/site-packages/airflow/example_dags/example_subdag_operator.py for tasks to queue
[2022-12-07T14:10:50.512+0000] {logging_mixin.py:137} INFO - [2022-12-07T14:10:50.512+0000] {dagbag.py:538} INFO - Filling up the DagBag from /home/airflow/.local/lib/python3.7/site-packages/airflow/example_dags/example_subdag_operator.py
[2022-12-07T14:10:50.578+0000] {processor.py:753} INFO - DAG(s) dict_keys(['example_subdag_operator.section-1', 'example_subdag_operator.section-2', 'example_subdag_operator']) retrieved from /home/airflow/.local/lib/python3.7/site-packages/airflow/example_dags/example_subdag_operator.py
[2022-12-07T14:10:50.637+0000] {logging_mixin.py:137} INFO - [2022-12-07T14:10:50.637+0000] {dag.py:2676} INFO - Sync 3 DAGs
[2022-12-07T14:10:50.688+0000] {logging_mixin.py:137} INFO - [2022-12-07T14:10:50.688+0000] {dag.py:3427} INFO - Setting next_dagrun for example_subdag_operator to 2022-01-01T00:00:00+00:00, run_after=2022-01-01T00:00:00+00:00
[2022-12-07T14:10:50.698+0000] {logging_mixin.py:137} INFO - [2022-12-07T14:10:50.697+0000] {dag.py:3427} INFO - Setting next_dagrun for example_subdag_operator.section-1 to None, run_after=None
[2022-12-07T14:10:50.702+0000] {logging_mixin.py:137} INFO - [2022-12-07T14:10:50.702+0000] {dag.py:3427} INFO - Setting next_dagrun for example_subdag_operator.section-2 to None, run_after=None
[2022-12-07T14:10:50.721+0000] {logging_mixin.py:137} INFO - [2022-12-07T14:10:50.721+0000] {dag.py:2676} INFO - Sync 2 DAGs
[2022-12-07T14:10:50.735+0000] {logging_mixin.py:137} INFO - [2022-12-07T14:10:50.735+0000] {dag.py:3427} INFO - Setting next_dagrun for example_subdag_operator.section-1 to None, run_after=None
[2022-12-07T14:10:50.738+0000] {logging_mixin.py:137} INFO - [2022-12-07T14:10:50.738+0000] {dag.py:3427} INFO - Setting next_dagrun for example_subdag_operator.section-2 to None, run_after=None
[2022-12-07T14:10:50.771+0000] {processor.py:175} INFO - Processing /home/airflow/.local/lib/python3.7/site-packages/airflow/example_dags/example_subdag_operator.py took 0.273 seconds
[2022-12-07T14:11:21.492+0000] {processor.py:153} INFO - Started process (PID=945) to work on /home/airflow/.local/lib/python3.7/site-packages/airflow/example_dags/example_subdag_operator.py
[2022-12-07T14:11:21.496+0000] {processor.py:743} INFO - Processing file /home/airflow/.local/lib/python3.7/site-packages/airflow/example_dags/example_subdag_operator.py for tasks to queue
[2022-12-07T14:11:21.498+0000] {logging_mixin.py:137} INFO - [2022-12-07T14:11:21.498+0000] {dagbag.py:538} INFO - Filling up the DagBag from /home/airflow/.local/lib/python3.7/site-packages/airflow/example_dags/example_subdag_operator.py
[2022-12-07T14:11:21.551+0000] {processor.py:753} INFO - DAG(s) dict_keys(['example_subdag_operator.section-1', 'example_subdag_operator.section-2', 'example_subdag_operator']) retrieved from /home/airflow/.local/lib/python3.7/site-packages/airflow/example_dags/example_subdag_operator.py
[2022-12-07T14:11:21.598+0000] {logging_mixin.py:137} INFO - [2022-12-07T14:11:21.598+0000] {dag.py:2676} INFO - Sync 3 DAGs
[2022-12-07T14:11:21.640+0000] {logging_mixin.py:137} INFO - [2022-12-07T14:11:21.640+0000] {dag.py:3427} INFO - Setting next_dagrun for example_subdag_operator to 2022-01-01T00:00:00+00:00, run_after=2022-01-01T00:00:00+00:00
[2022-12-07T14:11:21.646+0000] {logging_mixin.py:137} INFO - [2022-12-07T14:11:21.646+0000] {dag.py:3427} INFO - Setting next_dagrun for example_subdag_operator.section-1 to None, run_after=None
[2022-12-07T14:11:21.650+0000] {logging_mixin.py:137} INFO - [2022-12-07T14:11:21.649+0000] {dag.py:3427} INFO - Setting next_dagrun for example_subdag_operator.section-2 to None, run_after=None
[2022-12-07T14:11:21.663+0000] {logging_mixin.py:137} INFO - [2022-12-07T14:11:21.662+0000] {dag.py:2676} INFO - Sync 2 DAGs
[2022-12-07T14:11:21.672+0000] {logging_mixin.py:137} INFO - [2022-12-07T14:11:21.672+0000] {dag.py:3427} INFO - Setting next_dagrun for example_subdag_operator.section-1 to None, run_after=None
[2022-12-07T14:11:21.674+0000] {logging_mixin.py:137} INFO - [2022-12-07T14:11:21.674+0000] {dag.py:3427} INFO - Setting next_dagrun for example_subdag_operator.section-2 to None, run_after=None
[2022-12-07T14:11:21.691+0000] {processor.py:175} INFO - Processing /home/airflow/.local/lib/python3.7/site-packages/airflow/example_dags/example_subdag_operator.py took 0.204 seconds
[2022-12-07T14:11:51.883+0000] {processor.py:153} INFO - Started process (PID=1015) to work on /home/airflow/.local/lib/python3.7/site-packages/airflow/example_dags/example_subdag_operator.py
[2022-12-07T14:11:51.886+0000] {processor.py:743} INFO - Processing file /home/airflow/.local/lib/python3.7/site-packages/airflow/example_dags/example_subdag_operator.py for tasks to queue
[2022-12-07T14:11:51.888+0000] {logging_mixin.py:137} INFO - [2022-12-07T14:11:51.888+0000] {dagbag.py:538} INFO - Filling up the DagBag from /home/airflow/.local/lib/python3.7/site-packages/airflow/example_dags/example_subdag_operator.py
[2022-12-07T14:11:51.940+0000] {processor.py:753} INFO - DAG(s) dict_keys(['example_subdag_operator.section-1', 'example_subdag_operator.section-2', 'example_subdag_operator']) retrieved from /home/airflow/.local/lib/python3.7/site-packages/airflow/example_dags/example_subdag_operator.py
[2022-12-07T14:11:51.989+0000] {logging_mixin.py:137} INFO - [2022-12-07T14:11:51.988+0000] {dag.py:2676} INFO - Sync 3 DAGs
[2022-12-07T14:11:52.028+0000] {logging_mixin.py:137} INFO - [2022-12-07T14:11:52.028+0000] {dag.py:3427} INFO - Setting next_dagrun for example_subdag_operator to 2022-01-01T00:00:00+00:00, run_after=2022-01-01T00:00:00+00:00
[2022-12-07T14:11:52.034+0000] {logging_mixin.py:137} INFO - [2022-12-07T14:11:52.034+0000] {dag.py:3427} INFO - Setting next_dagrun for example_subdag_operator.section-1 to None, run_after=None
[2022-12-07T14:11:52.037+0000] {logging_mixin.py:137} INFO - [2022-12-07T14:11:52.037+0000] {dag.py:3427} INFO - Setting next_dagrun for example_subdag_operator.section-2 to None, run_after=None
[2022-12-07T14:11:52.048+0000] {logging_mixin.py:137} INFO - [2022-12-07T14:11:52.048+0000] {dag.py:2676} INFO - Sync 2 DAGs
[2022-12-07T14:11:52.057+0000] {logging_mixin.py:137} INFO - [2022-12-07T14:11:52.057+0000] {dag.py:3427} INFO - Setting next_dagrun for example_subdag_operator.section-1 to None, run_after=None
[2022-12-07T14:11:52.059+0000] {logging_mixin.py:137} INFO - [2022-12-07T14:11:52.059+0000] {dag.py:3427} INFO - Setting next_dagrun for example_subdag_operator.section-2 to None, run_after=None
[2022-12-07T14:11:52.075+0000] {processor.py:175} INFO - Processing /home/airflow/.local/lib/python3.7/site-packages/airflow/example_dags/example_subdag_operator.py took 0.197 seconds
