[2022-12-07T13:59:14.670+0000] {processor.py:153} INFO - Started process (PID=74) to work on /home/airflow/.local/lib/python3.7/site-packages/airflow/example_dags/example_branch_operator.py
[2022-12-07T13:59:14.673+0000] {processor.py:743} INFO - Processing file /home/airflow/.local/lib/python3.7/site-packages/airflow/example_dags/example_branch_operator.py for tasks to queue
[2022-12-07T13:59:14.675+0000] {logging_mixin.py:137} INFO - [2022-12-07T13:59:14.675+0000] {dagbag.py:538} INFO - Filling up the DagBag from /home/airflow/.local/lib/python3.7/site-packages/airflow/example_dags/example_branch_operator.py
[2022-12-07T13:59:14.714+0000] {processor.py:753} INFO - DAG(s) dict_keys(['example_branch_operator']) retrieved from /home/airflow/.local/lib/python3.7/site-packages/airflow/example_dags/example_branch_operator.py
[2022-12-07T13:59:14.839+0000] {logging_mixin.py:137} INFO - [2022-12-07T13:59:14.839+0000] {dag.py:2676} INFO - Sync 1 DAGs
[2022-12-07T13:59:14.894+0000] {logging_mixin.py:137} INFO - [2022-12-07T13:59:14.894+0000] {dag.py:3427} INFO - Setting next_dagrun for example_branch_operator to 2022-12-06T00:00:00+00:00, run_after=2022-12-07T00:00:00+00:00
[2022-12-07T13:59:14.950+0000] {processor.py:175} INFO - Processing /home/airflow/.local/lib/python3.7/site-packages/airflow/example_dags/example_branch_operator.py took 0.286 seconds
[2022-12-07T13:59:45.301+0000] {processor.py:153} INFO - Started process (PID=144) to work on /home/airflow/.local/lib/python3.7/site-packages/airflow/example_dags/example_branch_operator.py
[2022-12-07T13:59:45.304+0000] {processor.py:743} INFO - Processing file /home/airflow/.local/lib/python3.7/site-packages/airflow/example_dags/example_branch_operator.py for tasks to queue
[2022-12-07T13:59:45.306+0000] {logging_mixin.py:137} INFO - [2022-12-07T13:59:45.306+0000] {dagbag.py:538} INFO - Filling up the DagBag from /home/airflow/.local/lib/python3.7/site-packages/airflow/example_dags/example_branch_operator.py
[2022-12-07T13:59:45.339+0000] {processor.py:753} INFO - DAG(s) dict_keys(['example_branch_operator']) retrieved from /home/airflow/.local/lib/python3.7/site-packages/airflow/example_dags/example_branch_operator.py
[2022-12-07T13:59:45.398+0000] {logging_mixin.py:137} INFO - [2022-12-07T13:59:45.398+0000] {dag.py:2676} INFO - Sync 1 DAGs
[2022-12-07T13:59:45.440+0000] {logging_mixin.py:137} INFO - [2022-12-07T13:59:45.440+0000] {dag.py:3427} INFO - Setting next_dagrun for example_branch_operator to 2022-12-06T00:00:00+00:00, run_after=2022-12-07T00:00:00+00:00
[2022-12-07T13:59:45.469+0000] {processor.py:175} INFO - Processing /home/airflow/.local/lib/python3.7/site-packages/airflow/example_dags/example_branch_operator.py took 0.173 seconds
[2022-12-07T14:00:16.228+0000] {processor.py:153} INFO - Started process (PID=230) to work on /home/airflow/.local/lib/python3.7/site-packages/airflow/example_dags/example_branch_operator.py
[2022-12-07T14:00:16.232+0000] {processor.py:743} INFO - Processing file /home/airflow/.local/lib/python3.7/site-packages/airflow/example_dags/example_branch_operator.py for tasks to queue
[2022-12-07T14:00:16.234+0000] {logging_mixin.py:137} INFO - [2022-12-07T14:00:16.234+0000] {dagbag.py:538} INFO - Filling up the DagBag from /home/airflow/.local/lib/python3.7/site-packages/airflow/example_dags/example_branch_operator.py
[2022-12-07T14:00:16.274+0000] {processor.py:753} INFO - DAG(s) dict_keys(['example_branch_operator']) retrieved from /home/airflow/.local/lib/python3.7/site-packages/airflow/example_dags/example_branch_operator.py
[2022-12-07T14:00:16.348+0000] {logging_mixin.py:137} INFO - [2022-12-07T14:00:16.348+0000] {dag.py:2676} INFO - Sync 1 DAGs
[2022-12-07T14:00:16.396+0000] {logging_mixin.py:137} INFO - [2022-12-07T14:00:16.396+0000] {dag.py:3427} INFO - Setting next_dagrun for example_branch_operator to 2022-12-06T00:00:00+00:00, run_after=2022-12-07T00:00:00+00:00
[2022-12-07T14:00:16.502+0000] {processor.py:175} INFO - Processing /home/airflow/.local/lib/python3.7/site-packages/airflow/example_dags/example_branch_operator.py took 0.285 seconds
[2022-12-07T14:00:46.621+0000] {processor.py:153} INFO - Started process (PID=300) to work on /home/airflow/.local/lib/python3.7/site-packages/airflow/example_dags/example_branch_operator.py
[2022-12-07T14:00:46.624+0000] {processor.py:743} INFO - Processing file /home/airflow/.local/lib/python3.7/site-packages/airflow/example_dags/example_branch_operator.py for tasks to queue
[2022-12-07T14:00:46.626+0000] {logging_mixin.py:137} INFO - [2022-12-07T14:00:46.625+0000] {dagbag.py:538} INFO - Filling up the DagBag from /home/airflow/.local/lib/python3.7/site-packages/airflow/example_dags/example_branch_operator.py
[2022-12-07T14:00:46.656+0000] {processor.py:753} INFO - DAG(s) dict_keys(['example_branch_operator']) retrieved from /home/airflow/.local/lib/python3.7/site-packages/airflow/example_dags/example_branch_operator.py
[2022-12-07T14:00:46.719+0000] {logging_mixin.py:137} INFO - [2022-12-07T14:00:46.719+0000] {dag.py:2676} INFO - Sync 1 DAGs
[2022-12-07T14:00:46.759+0000] {logging_mixin.py:137} INFO - [2022-12-07T14:00:46.759+0000] {dag.py:3427} INFO - Setting next_dagrun for example_branch_operator to 2022-12-06T00:00:00+00:00, run_after=2022-12-07T00:00:00+00:00
[2022-12-07T14:00:46.801+0000] {processor.py:175} INFO - Processing /home/airflow/.local/lib/python3.7/site-packages/airflow/example_dags/example_branch_operator.py took 0.186 seconds
[2022-12-07T14:01:17.266+0000] {processor.py:153} INFO - Started process (PID=370) to work on /home/airflow/.local/lib/python3.7/site-packages/airflow/example_dags/example_branch_operator.py
[2022-12-07T14:01:17.269+0000] {processor.py:743} INFO - Processing file /home/airflow/.local/lib/python3.7/site-packages/airflow/example_dags/example_branch_operator.py for tasks to queue
[2022-12-07T14:01:17.272+0000] {logging_mixin.py:137} INFO - [2022-12-07T14:01:17.272+0000] {dagbag.py:538} INFO - Filling up the DagBag from /home/airflow/.local/lib/python3.7/site-packages/airflow/example_dags/example_branch_operator.py
[2022-12-07T14:01:17.315+0000] {processor.py:753} INFO - DAG(s) dict_keys(['example_branch_operator']) retrieved from /home/airflow/.local/lib/python3.7/site-packages/airflow/example_dags/example_branch_operator.py
[2022-12-07T14:01:17.389+0000] {logging_mixin.py:137} INFO - [2022-12-07T14:01:17.388+0000] {dag.py:2676} INFO - Sync 1 DAGs
[2022-12-07T14:01:17.443+0000] {logging_mixin.py:137} INFO - [2022-12-07T14:01:17.443+0000] {dag.py:3427} INFO - Setting next_dagrun for example_branch_operator to 2022-12-06T00:00:00+00:00, run_after=2022-12-07T00:00:00+00:00
[2022-12-07T14:01:17.480+0000] {processor.py:175} INFO - Processing /home/airflow/.local/lib/python3.7/site-packages/airflow/example_dags/example_branch_operator.py took 0.219 seconds
[2022-12-07T14:01:48.129+0000] {processor.py:153} INFO - Started process (PID=440) to work on /home/airflow/.local/lib/python3.7/site-packages/airflow/example_dags/example_branch_operator.py
[2022-12-07T14:01:48.132+0000] {processor.py:743} INFO - Processing file /home/airflow/.local/lib/python3.7/site-packages/airflow/example_dags/example_branch_operator.py for tasks to queue
[2022-12-07T14:01:48.135+0000] {logging_mixin.py:137} INFO - [2022-12-07T14:01:48.134+0000] {dagbag.py:538} INFO - Filling up the DagBag from /home/airflow/.local/lib/python3.7/site-packages/airflow/example_dags/example_branch_operator.py
[2022-12-07T14:01:48.165+0000] {processor.py:753} INFO - DAG(s) dict_keys(['example_branch_operator']) retrieved from /home/airflow/.local/lib/python3.7/site-packages/airflow/example_dags/example_branch_operator.py
[2022-12-07T14:01:48.235+0000] {logging_mixin.py:137} INFO - [2022-12-07T14:01:48.235+0000] {dag.py:2676} INFO - Sync 1 DAGs
[2022-12-07T14:01:48.284+0000] {logging_mixin.py:137} INFO - [2022-12-07T14:01:48.284+0000] {dag.py:3427} INFO - Setting next_dagrun for example_branch_operator to 2022-12-06T00:00:00+00:00, run_after=2022-12-07T00:00:00+00:00
[2022-12-07T14:01:48.320+0000] {processor.py:175} INFO - Processing /home/airflow/.local/lib/python3.7/site-packages/airflow/example_dags/example_branch_operator.py took 0.197 seconds
[2022-12-07T14:02:18.479+0000] {processor.py:153} INFO - Started process (PID=526) to work on /home/airflow/.local/lib/python3.7/site-packages/airflow/example_dags/example_branch_operator.py
[2022-12-07T14:02:18.482+0000] {processor.py:743} INFO - Processing file /home/airflow/.local/lib/python3.7/site-packages/airflow/example_dags/example_branch_operator.py for tasks to queue
[2022-12-07T14:02:18.484+0000] {logging_mixin.py:137} INFO - [2022-12-07T14:02:18.483+0000] {dagbag.py:538} INFO - Filling up the DagBag from /home/airflow/.local/lib/python3.7/site-packages/airflow/example_dags/example_branch_operator.py
[2022-12-07T14:02:18.513+0000] {processor.py:753} INFO - DAG(s) dict_keys(['example_branch_operator']) retrieved from /home/airflow/.local/lib/python3.7/site-packages/airflow/example_dags/example_branch_operator.py
[2022-12-07T14:02:18.578+0000] {logging_mixin.py:137} INFO - [2022-12-07T14:02:18.578+0000] {dag.py:2676} INFO - Sync 1 DAGs
[2022-12-07T14:02:18.621+0000] {logging_mixin.py:137} INFO - [2022-12-07T14:02:18.621+0000] {dag.py:3427} INFO - Setting next_dagrun for example_branch_operator to 2022-12-06T00:00:00+00:00, run_after=2022-12-07T00:00:00+00:00
[2022-12-07T14:02:18.652+0000] {processor.py:175} INFO - Processing /home/airflow/.local/lib/python3.7/site-packages/airflow/example_dags/example_branch_operator.py took 0.178 seconds
[2022-12-07T14:02:49.747+0000] {processor.py:153} INFO - Started process (PID=597) to work on /home/airflow/.local/lib/python3.7/site-packages/airflow/example_dags/example_branch_operator.py
[2022-12-07T14:02:49.749+0000] {processor.py:743} INFO - Processing file /home/airflow/.local/lib/python3.7/site-packages/airflow/example_dags/example_branch_operator.py for tasks to queue
[2022-12-07T14:02:49.751+0000] {logging_mixin.py:137} INFO - [2022-12-07T14:02:49.751+0000] {dagbag.py:538} INFO - Filling up the DagBag from /home/airflow/.local/lib/python3.7/site-packages/airflow/example_dags/example_branch_operator.py
[2022-12-07T14:02:49.780+0000] {processor.py:753} INFO - DAG(s) dict_keys(['example_branch_operator']) retrieved from /home/airflow/.local/lib/python3.7/site-packages/airflow/example_dags/example_branch_operator.py
[2022-12-07T14:02:49.842+0000] {logging_mixin.py:137} INFO - [2022-12-07T14:02:49.842+0000] {dag.py:2676} INFO - Sync 1 DAGs
[2022-12-07T14:02:49.884+0000] {logging_mixin.py:137} INFO - [2022-12-07T14:02:49.884+0000] {dag.py:3427} INFO - Setting next_dagrun for example_branch_operator to 2022-12-06T00:00:00+00:00, run_after=2022-12-07T00:00:00+00:00
[2022-12-07T14:02:49.916+0000] {processor.py:175} INFO - Processing /home/airflow/.local/lib/python3.7/site-packages/airflow/example_dags/example_branch_operator.py took 0.174 seconds
[2022-12-07T14:03:20.940+0000] {processor.py:153} INFO - Started process (PID=667) to work on /home/airflow/.local/lib/python3.7/site-packages/airflow/example_dags/example_branch_operator.py
[2022-12-07T14:03:20.943+0000] {processor.py:743} INFO - Processing file /home/airflow/.local/lib/python3.7/site-packages/airflow/example_dags/example_branch_operator.py for tasks to queue
[2022-12-07T14:03:20.946+0000] {logging_mixin.py:137} INFO - [2022-12-07T14:03:20.945+0000] {dagbag.py:538} INFO - Filling up the DagBag from /home/airflow/.local/lib/python3.7/site-packages/airflow/example_dags/example_branch_operator.py
[2022-12-07T14:03:20.985+0000] {processor.py:753} INFO - DAG(s) dict_keys(['example_branch_operator']) retrieved from /home/airflow/.local/lib/python3.7/site-packages/airflow/example_dags/example_branch_operator.py
[2022-12-07T14:03:21.057+0000] {logging_mixin.py:137} INFO - [2022-12-07T14:03:21.057+0000] {dag.py:2676} INFO - Sync 1 DAGs
[2022-12-07T14:03:21.111+0000] {logging_mixin.py:137} INFO - [2022-12-07T14:03:21.110+0000] {dag.py:3427} INFO - Setting next_dagrun for example_branch_operator to 2022-12-06T00:00:00+00:00, run_after=2022-12-07T00:00:00+00:00
[2022-12-07T14:03:21.152+0000] {processor.py:175} INFO - Processing /home/airflow/.local/lib/python3.7/site-packages/airflow/example_dags/example_branch_operator.py took 0.219 seconds
[2022-12-07T14:05:14.356+0000] {processor.py:153} INFO - Started process (PID=73) to work on /home/airflow/.local/lib/python3.7/site-packages/airflow/example_dags/example_branch_operator.py
[2022-12-07T14:05:14.359+0000] {processor.py:743} INFO - Processing file /home/airflow/.local/lib/python3.7/site-packages/airflow/example_dags/example_branch_operator.py for tasks to queue
[2022-12-07T14:05:14.363+0000] {logging_mixin.py:137} INFO - [2022-12-07T14:05:14.363+0000] {dagbag.py:538} INFO - Filling up the DagBag from /home/airflow/.local/lib/python3.7/site-packages/airflow/example_dags/example_branch_operator.py
[2022-12-07T14:05:14.408+0000] {processor.py:753} INFO - DAG(s) dict_keys(['example_branch_operator']) retrieved from /home/airflow/.local/lib/python3.7/site-packages/airflow/example_dags/example_branch_operator.py
[2022-12-07T14:05:14.483+0000] {logging_mixin.py:137} INFO - [2022-12-07T14:05:14.483+0000] {dag.py:2676} INFO - Sync 1 DAGs
[2022-12-07T14:05:14.543+0000] {logging_mixin.py:137} INFO - [2022-12-07T14:05:14.542+0000] {dag.py:3427} INFO - Setting next_dagrun for example_branch_operator to 2022-12-06T00:00:00+00:00, run_after=2022-12-07T00:00:00+00:00
[2022-12-07T14:05:14.582+0000] {processor.py:175} INFO - Processing /home/airflow/.local/lib/python3.7/site-packages/airflow/example_dags/example_branch_operator.py took 0.233 seconds
[2022-12-07T14:05:44.747+0000] {processor.py:153} INFO - Started process (PID=144) to work on /home/airflow/.local/lib/python3.7/site-packages/airflow/example_dags/example_branch_operator.py
[2022-12-07T14:05:44.751+0000] {processor.py:743} INFO - Processing file /home/airflow/.local/lib/python3.7/site-packages/airflow/example_dags/example_branch_operator.py for tasks to queue
[2022-12-07T14:05:44.754+0000] {logging_mixin.py:137} INFO - [2022-12-07T14:05:44.754+0000] {dagbag.py:538} INFO - Filling up the DagBag from /home/airflow/.local/lib/python3.7/site-packages/airflow/example_dags/example_branch_operator.py
[2022-12-07T14:05:44.790+0000] {processor.py:753} INFO - DAG(s) dict_keys(['example_branch_operator']) retrieved from /home/airflow/.local/lib/python3.7/site-packages/airflow/example_dags/example_branch_operator.py
[2022-12-07T14:05:44.862+0000] {logging_mixin.py:137} INFO - [2022-12-07T14:05:44.861+0000] {dag.py:2676} INFO - Sync 1 DAGs
[2022-12-07T14:05:44.906+0000] {logging_mixin.py:137} INFO - [2022-12-07T14:05:44.906+0000] {dag.py:3427} INFO - Setting next_dagrun for example_branch_operator to 2022-12-06T00:00:00+00:00, run_after=2022-12-07T00:00:00+00:00
[2022-12-07T14:05:44.937+0000] {processor.py:175} INFO - Processing /home/airflow/.local/lib/python3.7/site-packages/airflow/example_dags/example_branch_operator.py took 0.197 seconds
[2022-12-07T14:06:15.444+0000] {processor.py:153} INFO - Started process (PID=214) to work on /home/airflow/.local/lib/python3.7/site-packages/airflow/example_dags/example_branch_operator.py
[2022-12-07T14:06:15.447+0000] {processor.py:743} INFO - Processing file /home/airflow/.local/lib/python3.7/site-packages/airflow/example_dags/example_branch_operator.py for tasks to queue
[2022-12-07T14:06:15.449+0000] {logging_mixin.py:137} INFO - [2022-12-07T14:06:15.449+0000] {dagbag.py:538} INFO - Filling up the DagBag from /home/airflow/.local/lib/python3.7/site-packages/airflow/example_dags/example_branch_operator.py
[2022-12-07T14:06:15.481+0000] {processor.py:753} INFO - DAG(s) dict_keys(['example_branch_operator']) retrieved from /home/airflow/.local/lib/python3.7/site-packages/airflow/example_dags/example_branch_operator.py
[2022-12-07T14:06:15.560+0000] {logging_mixin.py:137} INFO - [2022-12-07T14:06:15.560+0000] {dag.py:2676} INFO - Sync 1 DAGs
[2022-12-07T14:06:15.606+0000] {logging_mixin.py:137} INFO - [2022-12-07T14:06:15.606+0000] {dag.py:3427} INFO - Setting next_dagrun for example_branch_operator to 2022-12-06T00:00:00+00:00, run_after=2022-12-07T00:00:00+00:00
[2022-12-07T14:06:15.638+0000] {processor.py:175} INFO - Processing /home/airflow/.local/lib/python3.7/site-packages/airflow/example_dags/example_branch_operator.py took 0.202 seconds
[2022-12-07T14:06:45.807+0000] {processor.py:153} INFO - Started process (PID=291) to work on /home/airflow/.local/lib/python3.7/site-packages/airflow/example_dags/example_branch_operator.py
[2022-12-07T14:06:45.810+0000] {processor.py:743} INFO - Processing file /home/airflow/.local/lib/python3.7/site-packages/airflow/example_dags/example_branch_operator.py for tasks to queue
[2022-12-07T14:06:45.812+0000] {logging_mixin.py:137} INFO - [2022-12-07T14:06:45.812+0000] {dagbag.py:538} INFO - Filling up the DagBag from /home/airflow/.local/lib/python3.7/site-packages/airflow/example_dags/example_branch_operator.py
[2022-12-07T14:06:45.845+0000] {processor.py:753} INFO - DAG(s) dict_keys(['example_branch_operator']) retrieved from /home/airflow/.local/lib/python3.7/site-packages/airflow/example_dags/example_branch_operator.py
[2022-12-07T14:06:45.917+0000] {logging_mixin.py:137} INFO - [2022-12-07T14:06:45.917+0000] {dag.py:2676} INFO - Sync 1 DAGs
[2022-12-07T14:06:45.969+0000] {logging_mixin.py:137} INFO - [2022-12-07T14:06:45.968+0000] {dag.py:3427} INFO - Setting next_dagrun for example_branch_operator to 2022-12-06T00:00:00+00:00, run_after=2022-12-07T00:00:00+00:00
[2022-12-07T14:06:46.003+0000] {processor.py:175} INFO - Processing /home/airflow/.local/lib/python3.7/site-packages/airflow/example_dags/example_branch_operator.py took 0.201 seconds
[2022-12-07T14:07:20.600+0000] {processor.py:153} INFO - Started process (PID=370) to work on /home/airflow/.local/lib/python3.7/site-packages/airflow/example_dags/example_branch_operator.py
[2022-12-07T14:07:20.603+0000] {processor.py:743} INFO - Processing file /home/airflow/.local/lib/python3.7/site-packages/airflow/example_dags/example_branch_operator.py for tasks to queue
[2022-12-07T14:07:20.607+0000] {logging_mixin.py:137} INFO - [2022-12-07T14:07:20.607+0000] {dagbag.py:538} INFO - Filling up the DagBag from /home/airflow/.local/lib/python3.7/site-packages/airflow/example_dags/example_branch_operator.py
[2022-12-07T14:07:20.652+0000] {processor.py:753} INFO - DAG(s) dict_keys(['example_branch_operator']) retrieved from /home/airflow/.local/lib/python3.7/site-packages/airflow/example_dags/example_branch_operator.py
[2022-12-07T14:07:20.744+0000] {logging_mixin.py:137} INFO - [2022-12-07T14:07:20.744+0000] {dag.py:2676} INFO - Sync 1 DAGs
[2022-12-07T14:07:20.807+0000] {logging_mixin.py:137} INFO - [2022-12-07T14:07:20.806+0000] {dag.py:3427} INFO - Setting next_dagrun for example_branch_operator to 2022-12-06T00:00:00+00:00, run_after=2022-12-07T00:00:00+00:00
[2022-12-07T14:07:20.850+0000] {processor.py:175} INFO - Processing /home/airflow/.local/lib/python3.7/site-packages/airflow/example_dags/example_branch_operator.py took 0.258 seconds
[2022-12-07T14:07:50.896+0000] {processor.py:153} INFO - Started process (PID=440) to work on /home/airflow/.local/lib/python3.7/site-packages/airflow/example_dags/example_branch_operator.py
[2022-12-07T14:07:50.899+0000] {processor.py:743} INFO - Processing file /home/airflow/.local/lib/python3.7/site-packages/airflow/example_dags/example_branch_operator.py for tasks to queue
[2022-12-07T14:07:50.901+0000] {logging_mixin.py:137} INFO - [2022-12-07T14:07:50.901+0000] {dagbag.py:538} INFO - Filling up the DagBag from /home/airflow/.local/lib/python3.7/site-packages/airflow/example_dags/example_branch_operator.py
[2022-12-07T14:07:50.929+0000] {processor.py:753} INFO - DAG(s) dict_keys(['example_branch_operator']) retrieved from /home/airflow/.local/lib/python3.7/site-packages/airflow/example_dags/example_branch_operator.py
[2022-12-07T14:07:50.990+0000] {logging_mixin.py:137} INFO - [2022-12-07T14:07:50.990+0000] {dag.py:2676} INFO - Sync 1 DAGs
[2022-12-07T14:07:51.031+0000] {logging_mixin.py:137} INFO - [2022-12-07T14:07:51.031+0000] {dag.py:3427} INFO - Setting next_dagrun for example_branch_operator to 2022-12-06T00:00:00+00:00, run_after=2022-12-07T00:00:00+00:00
[2022-12-07T14:07:51.060+0000] {processor.py:175} INFO - Processing /home/airflow/.local/lib/python3.7/site-packages/airflow/example_dags/example_branch_operator.py took 0.170 seconds
[2022-12-07T14:08:21.407+0000] {processor.py:153} INFO - Started process (PID=510) to work on /home/airflow/.local/lib/python3.7/site-packages/airflow/example_dags/example_branch_operator.py
[2022-12-07T14:08:21.410+0000] {processor.py:743} INFO - Processing file /home/airflow/.local/lib/python3.7/site-packages/airflow/example_dags/example_branch_operator.py for tasks to queue
[2022-12-07T14:08:21.412+0000] {logging_mixin.py:137} INFO - [2022-12-07T14:08:21.412+0000] {dagbag.py:538} INFO - Filling up the DagBag from /home/airflow/.local/lib/python3.7/site-packages/airflow/example_dags/example_branch_operator.py
[2022-12-07T14:08:21.441+0000] {processor.py:753} INFO - DAG(s) dict_keys(['example_branch_operator']) retrieved from /home/airflow/.local/lib/python3.7/site-packages/airflow/example_dags/example_branch_operator.py
[2022-12-07T14:08:21.506+0000] {logging_mixin.py:137} INFO - [2022-12-07T14:08:21.506+0000] {dag.py:2676} INFO - Sync 1 DAGs
[2022-12-07T14:08:21.551+0000] {logging_mixin.py:137} INFO - [2022-12-07T14:08:21.550+0000] {dag.py:3427} INFO - Setting next_dagrun for example_branch_operator to 2022-12-06T00:00:00+00:00, run_after=2022-12-07T00:00:00+00:00
[2022-12-07T14:08:21.580+0000] {processor.py:175} INFO - Processing /home/airflow/.local/lib/python3.7/site-packages/airflow/example_dags/example_branch_operator.py took 0.180 seconds
[2022-12-07T14:08:51.810+0000] {processor.py:153} INFO - Started process (PID=589) to work on /home/airflow/.local/lib/python3.7/site-packages/airflow/example_dags/example_branch_operator.py
[2022-12-07T14:08:51.814+0000] {processor.py:743} INFO - Processing file /home/airflow/.local/lib/python3.7/site-packages/airflow/example_dags/example_branch_operator.py for tasks to queue
[2022-12-07T14:08:51.816+0000] {logging_mixin.py:137} INFO - [2022-12-07T14:08:51.816+0000] {dagbag.py:538} INFO - Filling up the DagBag from /home/airflow/.local/lib/python3.7/site-packages/airflow/example_dags/example_branch_operator.py
[2022-12-07T14:08:51.848+0000] {processor.py:753} INFO - DAG(s) dict_keys(['example_branch_operator']) retrieved from /home/airflow/.local/lib/python3.7/site-packages/airflow/example_dags/example_branch_operator.py
[2022-12-07T14:08:51.915+0000] {logging_mixin.py:137} INFO - [2022-12-07T14:08:51.915+0000] {dag.py:2676} INFO - Sync 1 DAGs
[2022-12-07T14:08:51.960+0000] {logging_mixin.py:137} INFO - [2022-12-07T14:08:51.960+0000] {dag.py:3427} INFO - Setting next_dagrun for example_branch_operator to 2022-12-06T00:00:00+00:00, run_after=2022-12-07T00:00:00+00:00
[2022-12-07T14:08:51.990+0000] {processor.py:175} INFO - Processing /home/airflow/.local/lib/python3.7/site-packages/airflow/example_dags/example_branch_operator.py took 0.187 seconds
[2022-12-07T14:09:22.261+0000] {processor.py:153} INFO - Started process (PID=666) to work on /home/airflow/.local/lib/python3.7/site-packages/airflow/example_dags/example_branch_operator.py
[2022-12-07T14:09:22.264+0000] {processor.py:743} INFO - Processing file /home/airflow/.local/lib/python3.7/site-packages/airflow/example_dags/example_branch_operator.py for tasks to queue
[2022-12-07T14:09:22.266+0000] {logging_mixin.py:137} INFO - [2022-12-07T14:09:22.266+0000] {dagbag.py:538} INFO - Filling up the DagBag from /home/airflow/.local/lib/python3.7/site-packages/airflow/example_dags/example_branch_operator.py
[2022-12-07T14:09:22.296+0000] {processor.py:753} INFO - DAG(s) dict_keys(['example_branch_operator']) retrieved from /home/airflow/.local/lib/python3.7/site-packages/airflow/example_dags/example_branch_operator.py
[2022-12-07T14:09:22.359+0000] {logging_mixin.py:137} INFO - [2022-12-07T14:09:22.359+0000] {dag.py:2676} INFO - Sync 1 DAGs
[2022-12-07T14:09:22.403+0000] {logging_mixin.py:137} INFO - [2022-12-07T14:09:22.403+0000] {dag.py:3427} INFO - Setting next_dagrun for example_branch_operator to 2022-12-06T00:00:00+00:00, run_after=2022-12-07T00:00:00+00:00
[2022-12-07T14:09:22.433+0000] {processor.py:175} INFO - Processing /home/airflow/.local/lib/python3.7/site-packages/airflow/example_dags/example_branch_operator.py took 0.179 seconds
[2022-12-07T14:09:52.842+0000] {processor.py:153} INFO - Started process (PID=736) to work on /home/airflow/.local/lib/python3.7/site-packages/airflow/example_dags/example_branch_operator.py
[2022-12-07T14:09:52.845+0000] {processor.py:743} INFO - Processing file /home/airflow/.local/lib/python3.7/site-packages/airflow/example_dags/example_branch_operator.py for tasks to queue
[2022-12-07T14:09:52.848+0000] {logging_mixin.py:137} INFO - [2022-12-07T14:09:52.848+0000] {dagbag.py:538} INFO - Filling up the DagBag from /home/airflow/.local/lib/python3.7/site-packages/airflow/example_dags/example_branch_operator.py
[2022-12-07T14:09:52.877+0000] {processor.py:753} INFO - DAG(s) dict_keys(['example_branch_operator']) retrieved from /home/airflow/.local/lib/python3.7/site-packages/airflow/example_dags/example_branch_operator.py
[2022-12-07T14:09:52.939+0000] {logging_mixin.py:137} INFO - [2022-12-07T14:09:52.939+0000] {dag.py:2676} INFO - Sync 1 DAGs
[2022-12-07T14:09:52.983+0000] {logging_mixin.py:137} INFO - [2022-12-07T14:09:52.982+0000] {dag.py:3427} INFO - Setting next_dagrun for example_branch_operator to 2022-12-06T00:00:00+00:00, run_after=2022-12-07T00:00:00+00:00
[2022-12-07T14:09:53.012+0000] {processor.py:175} INFO - Processing /home/airflow/.local/lib/python3.7/site-packages/airflow/example_dags/example_branch_operator.py took 0.176 seconds
[2022-12-07T14:10:23.210+0000] {processor.py:153} INFO - Started process (PID=806) to work on /home/airflow/.local/lib/python3.7/site-packages/airflow/example_dags/example_branch_operator.py
[2022-12-07T14:10:23.213+0000] {processor.py:743} INFO - Processing file /home/airflow/.local/lib/python3.7/site-packages/airflow/example_dags/example_branch_operator.py for tasks to queue
[2022-12-07T14:10:23.215+0000] {logging_mixin.py:137} INFO - [2022-12-07T14:10:23.215+0000] {dagbag.py:538} INFO - Filling up the DagBag from /home/airflow/.local/lib/python3.7/site-packages/airflow/example_dags/example_branch_operator.py
[2022-12-07T14:10:23.244+0000] {processor.py:753} INFO - DAG(s) dict_keys(['example_branch_operator']) retrieved from /home/airflow/.local/lib/python3.7/site-packages/airflow/example_dags/example_branch_operator.py
[2022-12-07T14:10:23.307+0000] {logging_mixin.py:137} INFO - [2022-12-07T14:10:23.306+0000] {dag.py:2676} INFO - Sync 1 DAGs
[2022-12-07T14:10:23.349+0000] {logging_mixin.py:137} INFO - [2022-12-07T14:10:23.348+0000] {dag.py:3427} INFO - Setting next_dagrun for example_branch_operator to 2022-12-06T00:00:00+00:00, run_after=2022-12-07T00:00:00+00:00
[2022-12-07T14:10:23.379+0000] {processor.py:175} INFO - Processing /home/airflow/.local/lib/python3.7/site-packages/airflow/example_dags/example_branch_operator.py took 0.175 seconds
[2022-12-07T14:10:54.173+0000] {processor.py:153} INFO - Started process (PID=893) to work on /home/airflow/.local/lib/python3.7/site-packages/airflow/example_dags/example_branch_operator.py
[2022-12-07T14:10:54.176+0000] {processor.py:743} INFO - Processing file /home/airflow/.local/lib/python3.7/site-packages/airflow/example_dags/example_branch_operator.py for tasks to queue
[2022-12-07T14:10:54.180+0000] {logging_mixin.py:137} INFO - [2022-12-07T14:10:54.179+0000] {dagbag.py:538} INFO - Filling up the DagBag from /home/airflow/.local/lib/python3.7/site-packages/airflow/example_dags/example_branch_operator.py
[2022-12-07T14:10:54.213+0000] {processor.py:753} INFO - DAG(s) dict_keys(['example_branch_operator']) retrieved from /home/airflow/.local/lib/python3.7/site-packages/airflow/example_dags/example_branch_operator.py
[2022-12-07T14:10:54.283+0000] {logging_mixin.py:137} INFO - [2022-12-07T14:10:54.283+0000] {dag.py:2676} INFO - Sync 1 DAGs
[2022-12-07T14:10:54.335+0000] {logging_mixin.py:137} INFO - [2022-12-07T14:10:54.335+0000] {dag.py:3427} INFO - Setting next_dagrun for example_branch_operator to 2022-12-06T00:00:00+00:00, run_after=2022-12-07T00:00:00+00:00
[2022-12-07T14:10:54.370+0000] {processor.py:175} INFO - Processing /home/airflow/.local/lib/python3.7/site-packages/airflow/example_dags/example_branch_operator.py took 0.203 seconds
[2022-12-07T14:11:24.456+0000] {processor.py:153} INFO - Started process (PID=963) to work on /home/airflow/.local/lib/python3.7/site-packages/airflow/example_dags/example_branch_operator.py
[2022-12-07T14:11:24.458+0000] {processor.py:743} INFO - Processing file /home/airflow/.local/lib/python3.7/site-packages/airflow/example_dags/example_branch_operator.py for tasks to queue
[2022-12-07T14:11:24.461+0000] {logging_mixin.py:137} INFO - [2022-12-07T14:11:24.460+0000] {dagbag.py:538} INFO - Filling up the DagBag from /home/airflow/.local/lib/python3.7/site-packages/airflow/example_dags/example_branch_operator.py
[2022-12-07T14:11:24.489+0000] {processor.py:753} INFO - DAG(s) dict_keys(['example_branch_operator']) retrieved from /home/airflow/.local/lib/python3.7/site-packages/airflow/example_dags/example_branch_operator.py
[2022-12-07T14:11:24.549+0000] {logging_mixin.py:137} INFO - [2022-12-07T14:11:24.549+0000] {dag.py:2676} INFO - Sync 1 DAGs
[2022-12-07T14:11:24.592+0000] {logging_mixin.py:137} INFO - [2022-12-07T14:11:24.592+0000] {dag.py:3427} INFO - Setting next_dagrun for example_branch_operator to 2022-12-06T00:00:00+00:00, run_after=2022-12-07T00:00:00+00:00
[2022-12-07T14:11:24.622+0000] {processor.py:175} INFO - Processing /home/airflow/.local/lib/python3.7/site-packages/airflow/example_dags/example_branch_operator.py took 0.172 seconds
[2022-12-07T14:11:55.107+0000] {processor.py:153} INFO - Started process (PID=1033) to work on /home/airflow/.local/lib/python3.7/site-packages/airflow/example_dags/example_branch_operator.py
[2022-12-07T14:11:55.110+0000] {processor.py:743} INFO - Processing file /home/airflow/.local/lib/python3.7/site-packages/airflow/example_dags/example_branch_operator.py for tasks to queue
[2022-12-07T14:11:55.112+0000] {logging_mixin.py:137} INFO - [2022-12-07T14:11:55.112+0000] {dagbag.py:538} INFO - Filling up the DagBag from /home/airflow/.local/lib/python3.7/site-packages/airflow/example_dags/example_branch_operator.py
[2022-12-07T14:11:55.141+0000] {processor.py:753} INFO - DAG(s) dict_keys(['example_branch_operator']) retrieved from /home/airflow/.local/lib/python3.7/site-packages/airflow/example_dags/example_branch_operator.py
[2022-12-07T14:11:55.203+0000] {logging_mixin.py:137} INFO - [2022-12-07T14:11:55.203+0000] {dag.py:2676} INFO - Sync 1 DAGs
[2022-12-07T14:11:55.247+0000] {logging_mixin.py:137} INFO - [2022-12-07T14:11:55.247+0000] {dag.py:3427} INFO - Setting next_dagrun for example_branch_operator to 2022-12-06T00:00:00+00:00, run_after=2022-12-07T00:00:00+00:00
[2022-12-07T14:11:55.277+0000] {processor.py:175} INFO - Processing /home/airflow/.local/lib/python3.7/site-packages/airflow/example_dags/example_branch_operator.py took 0.175 seconds
