[2022-12-07T13:59:15.022+0000] {processor.py:153} INFO - Started process (PID=76) to work on /home/airflow/.local/lib/python3.7/site-packages/airflow/example_dags/example_xcomargs.py
[2022-12-07T13:59:15.028+0000] {processor.py:743} INFO - Processing file /home/airflow/.local/lib/python3.7/site-packages/airflow/example_dags/example_xcomargs.py for tasks to queue
[2022-12-07T13:59:15.035+0000] {logging_mixin.py:137} INFO - [2022-12-07T13:59:15.035+0000] {dagbag.py:538} INFO - Filling up the DagBag from /home/airflow/.local/lib/python3.7/site-packages/airflow/example_dags/example_xcomargs.py
[2022-12-07T13:59:15.151+0000] {processor.py:753} INFO - DAG(s) dict_keys(['example_xcom_args_with_operators', 'example_xcom_args']) retrieved from /home/airflow/.local/lib/python3.7/site-packages/airflow/example_dags/example_xcomargs.py
[2022-12-07T13:59:15.304+0000] {logging_mixin.py:137} INFO - [2022-12-07T13:59:15.303+0000] {dag.py:2676} INFO - Sync 2 DAGs
[2022-12-07T13:59:15.371+0000] {logging_mixin.py:137} INFO - [2022-12-07T13:59:15.371+0000] {dag.py:3427} INFO - Setting next_dagrun for example_xcom_args to None, run_after=None
[2022-12-07T13:59:15.381+0000] {logging_mixin.py:137} INFO - [2022-12-07T13:59:15.380+0000] {dag.py:3427} INFO - Setting next_dagrun for example_xcom_args_with_operators to None, run_after=None
[2022-12-07T13:59:15.416+0000] {processor.py:175} INFO - Processing /home/airflow/.local/lib/python3.7/site-packages/airflow/example_dags/example_xcomargs.py took 0.413 seconds
[2022-12-07T13:59:45.510+0000] {processor.py:153} INFO - Started process (PID=146) to work on /home/airflow/.local/lib/python3.7/site-packages/airflow/example_dags/example_xcomargs.py
[2022-12-07T13:59:45.513+0000] {processor.py:743} INFO - Processing file /home/airflow/.local/lib/python3.7/site-packages/airflow/example_dags/example_xcomargs.py for tasks to queue
[2022-12-07T13:59:45.515+0000] {logging_mixin.py:137} INFO - [2022-12-07T13:59:45.515+0000] {dagbag.py:538} INFO - Filling up the DagBag from /home/airflow/.local/lib/python3.7/site-packages/airflow/example_dags/example_xcomargs.py
[2022-12-07T13:59:45.560+0000] {processor.py:753} INFO - DAG(s) dict_keys(['example_xcom_args', 'example_xcom_args_with_operators']) retrieved from /home/airflow/.local/lib/python3.7/site-packages/airflow/example_dags/example_xcomargs.py
[2022-12-07T13:59:45.623+0000] {logging_mixin.py:137} INFO - [2022-12-07T13:59:45.622+0000] {dag.py:2676} INFO - Sync 2 DAGs
[2022-12-07T13:59:45.661+0000] {logging_mixin.py:137} INFO - [2022-12-07T13:59:45.661+0000] {dag.py:3427} INFO - Setting next_dagrun for example_xcom_args to None, run_after=None
[2022-12-07T13:59:45.667+0000] {logging_mixin.py:137} INFO - [2022-12-07T13:59:45.667+0000] {dag.py:3427} INFO - Setting next_dagrun for example_xcom_args_with_operators to None, run_after=None
[2022-12-07T13:59:45.691+0000] {processor.py:175} INFO - Processing /home/airflow/.local/lib/python3.7/site-packages/airflow/example_dags/example_xcomargs.py took 0.186 seconds
[2022-12-07T14:00:16.562+0000] {processor.py:153} INFO - Started process (PID=232) to work on /home/airflow/.local/lib/python3.7/site-packages/airflow/example_dags/example_xcomargs.py
[2022-12-07T14:00:16.574+0000] {processor.py:743} INFO - Processing file /home/airflow/.local/lib/python3.7/site-packages/airflow/example_dags/example_xcomargs.py for tasks to queue
[2022-12-07T14:00:16.577+0000] {logging_mixin.py:137} INFO - [2022-12-07T14:00:16.576+0000] {dagbag.py:538} INFO - Filling up the DagBag from /home/airflow/.local/lib/python3.7/site-packages/airflow/example_dags/example_xcomargs.py
[2022-12-07T14:00:16.622+0000] {processor.py:753} INFO - DAG(s) dict_keys(['example_xcom_args_with_operators', 'example_xcom_args']) retrieved from /home/airflow/.local/lib/python3.7/site-packages/airflow/example_dags/example_xcomargs.py
[2022-12-07T14:00:16.693+0000] {logging_mixin.py:137} INFO - [2022-12-07T14:00:16.693+0000] {dag.py:2676} INFO - Sync 2 DAGs
[2022-12-07T14:00:16.736+0000] {logging_mixin.py:137} INFO - [2022-12-07T14:00:16.736+0000] {dag.py:3427} INFO - Setting next_dagrun for example_xcom_args to None, run_after=None
[2022-12-07T14:00:16.747+0000] {logging_mixin.py:137} INFO - [2022-12-07T14:00:16.747+0000] {dag.py:3427} INFO - Setting next_dagrun for example_xcom_args_with_operators to None, run_after=None
[2022-12-07T14:00:16.781+0000] {processor.py:175} INFO - Processing /home/airflow/.local/lib/python3.7/site-packages/airflow/example_dags/example_xcomargs.py took 0.225 seconds
[2022-12-07T14:00:46.847+0000] {processor.py:153} INFO - Started process (PID=302) to work on /home/airflow/.local/lib/python3.7/site-packages/airflow/example_dags/example_xcomargs.py
[2022-12-07T14:00:46.850+0000] {processor.py:743} INFO - Processing file /home/airflow/.local/lib/python3.7/site-packages/airflow/example_dags/example_xcomargs.py for tasks to queue
[2022-12-07T14:00:46.852+0000] {logging_mixin.py:137} INFO - [2022-12-07T14:00:46.852+0000] {dagbag.py:538} INFO - Filling up the DagBag from /home/airflow/.local/lib/python3.7/site-packages/airflow/example_dags/example_xcomargs.py
[2022-12-07T14:00:46.899+0000] {processor.py:753} INFO - DAG(s) dict_keys(['example_xcom_args', 'example_xcom_args_with_operators']) retrieved from /home/airflow/.local/lib/python3.7/site-packages/airflow/example_dags/example_xcomargs.py
[2022-12-07T14:00:46.966+0000] {logging_mixin.py:137} INFO - [2022-12-07T14:00:46.965+0000] {dag.py:2676} INFO - Sync 2 DAGs
[2022-12-07T14:00:47.006+0000] {logging_mixin.py:137} INFO - [2022-12-07T14:00:47.005+0000] {dag.py:3427} INFO - Setting next_dagrun for example_xcom_args to None, run_after=None
[2022-12-07T14:00:47.012+0000] {logging_mixin.py:137} INFO - [2022-12-07T14:00:47.012+0000] {dag.py:3427} INFO - Setting next_dagrun for example_xcom_args_with_operators to None, run_after=None
[2022-12-07T14:00:47.039+0000] {processor.py:175} INFO - Processing /home/airflow/.local/lib/python3.7/site-packages/airflow/example_dags/example_xcomargs.py took 0.197 seconds
[2022-12-07T14:01:17.527+0000] {processor.py:153} INFO - Started process (PID=372) to work on /home/airflow/.local/lib/python3.7/site-packages/airflow/example_dags/example_xcomargs.py
[2022-12-07T14:01:17.530+0000] {processor.py:743} INFO - Processing file /home/airflow/.local/lib/python3.7/site-packages/airflow/example_dags/example_xcomargs.py for tasks to queue
[2022-12-07T14:01:17.533+0000] {logging_mixin.py:137} INFO - [2022-12-07T14:01:17.533+0000] {dagbag.py:538} INFO - Filling up the DagBag from /home/airflow/.local/lib/python3.7/site-packages/airflow/example_dags/example_xcomargs.py
[2022-12-07T14:01:17.577+0000] {processor.py:753} INFO - DAG(s) dict_keys(['example_xcom_args', 'example_xcom_args_with_operators']) retrieved from /home/airflow/.local/lib/python3.7/site-packages/airflow/example_dags/example_xcomargs.py
[2022-12-07T14:01:17.657+0000] {logging_mixin.py:137} INFO - [2022-12-07T14:01:17.656+0000] {dag.py:2676} INFO - Sync 2 DAGs
[2022-12-07T14:01:17.706+0000] {logging_mixin.py:137} INFO - [2022-12-07T14:01:17.705+0000] {dag.py:3427} INFO - Setting next_dagrun for example_xcom_args to None, run_after=None
[2022-12-07T14:01:17.713+0000] {logging_mixin.py:137} INFO - [2022-12-07T14:01:17.713+0000] {dag.py:3427} INFO - Setting next_dagrun for example_xcom_args_with_operators to None, run_after=None
[2022-12-07T14:01:17.745+0000] {processor.py:175} INFO - Processing /home/airflow/.local/lib/python3.7/site-packages/airflow/example_dags/example_xcomargs.py took 0.224 seconds
[2022-12-07T14:01:48.370+0000] {processor.py:153} INFO - Started process (PID=442) to work on /home/airflow/.local/lib/python3.7/site-packages/airflow/example_dags/example_xcomargs.py
[2022-12-07T14:01:48.373+0000] {processor.py:743} INFO - Processing file /home/airflow/.local/lib/python3.7/site-packages/airflow/example_dags/example_xcomargs.py for tasks to queue
[2022-12-07T14:01:48.376+0000] {logging_mixin.py:137} INFO - [2022-12-07T14:01:48.375+0000] {dagbag.py:538} INFO - Filling up the DagBag from /home/airflow/.local/lib/python3.7/site-packages/airflow/example_dags/example_xcomargs.py
[2022-12-07T14:01:48.443+0000] {processor.py:753} INFO - DAG(s) dict_keys(['example_xcom_args', 'example_xcom_args_with_operators']) retrieved from /home/airflow/.local/lib/python3.7/site-packages/airflow/example_dags/example_xcomargs.py
[2022-12-07T14:01:48.557+0000] {logging_mixin.py:137} INFO - [2022-12-07T14:01:48.557+0000] {dag.py:2676} INFO - Sync 2 DAGs
[2022-12-07T14:01:48.627+0000] {logging_mixin.py:137} INFO - [2022-12-07T14:01:48.627+0000] {dag.py:3427} INFO - Setting next_dagrun for example_xcom_args to None, run_after=None
[2022-12-07T14:01:48.641+0000] {logging_mixin.py:137} INFO - [2022-12-07T14:01:48.641+0000] {dag.py:3427} INFO - Setting next_dagrun for example_xcom_args_with_operators to None, run_after=None
[2022-12-07T14:01:48.677+0000] {processor.py:175} INFO - Processing /home/airflow/.local/lib/python3.7/site-packages/airflow/example_dags/example_xcomargs.py took 0.314 seconds
[2022-12-07T14:02:18.744+0000] {processor.py:153} INFO - Started process (PID=528) to work on /home/airflow/.local/lib/python3.7/site-packages/airflow/example_dags/example_xcomargs.py
[2022-12-07T14:02:18.748+0000] {processor.py:743} INFO - Processing file /home/airflow/.local/lib/python3.7/site-packages/airflow/example_dags/example_xcomargs.py for tasks to queue
[2022-12-07T14:02:18.750+0000] {logging_mixin.py:137} INFO - [2022-12-07T14:02:18.750+0000] {dagbag.py:538} INFO - Filling up the DagBag from /home/airflow/.local/lib/python3.7/site-packages/airflow/example_dags/example_xcomargs.py
[2022-12-07T14:02:18.791+0000] {processor.py:753} INFO - DAG(s) dict_keys(['example_xcom_args_with_operators', 'example_xcom_args']) retrieved from /home/airflow/.local/lib/python3.7/site-packages/airflow/example_dags/example_xcomargs.py
[2022-12-07T14:02:18.860+0000] {logging_mixin.py:137} INFO - [2022-12-07T14:02:18.860+0000] {dag.py:2676} INFO - Sync 2 DAGs
[2022-12-07T14:02:18.904+0000] {logging_mixin.py:137} INFO - [2022-12-07T14:02:18.904+0000] {dag.py:3427} INFO - Setting next_dagrun for example_xcom_args to None, run_after=None
[2022-12-07T14:02:18.911+0000] {logging_mixin.py:137} INFO - [2022-12-07T14:02:18.911+0000] {dag.py:3427} INFO - Setting next_dagrun for example_xcom_args_with_operators to None, run_after=None
[2022-12-07T14:02:18.939+0000] {processor.py:175} INFO - Processing /home/airflow/.local/lib/python3.7/site-packages/airflow/example_dags/example_xcomargs.py took 0.201 seconds
[2022-12-07T14:02:49.961+0000] {processor.py:153} INFO - Started process (PID=599) to work on /home/airflow/.local/lib/python3.7/site-packages/airflow/example_dags/example_xcomargs.py
[2022-12-07T14:02:49.964+0000] {processor.py:743} INFO - Processing file /home/airflow/.local/lib/python3.7/site-packages/airflow/example_dags/example_xcomargs.py for tasks to queue
[2022-12-07T14:02:49.966+0000] {logging_mixin.py:137} INFO - [2022-12-07T14:02:49.966+0000] {dagbag.py:538} INFO - Filling up the DagBag from /home/airflow/.local/lib/python3.7/site-packages/airflow/example_dags/example_xcomargs.py
[2022-12-07T14:02:50.007+0000] {processor.py:753} INFO - DAG(s) dict_keys(['example_xcom_args', 'example_xcom_args_with_operators']) retrieved from /home/airflow/.local/lib/python3.7/site-packages/airflow/example_dags/example_xcomargs.py
[2022-12-07T14:02:50.115+0000] {logging_mixin.py:137} INFO - [2022-12-07T14:02:50.115+0000] {dag.py:2676} INFO - Sync 2 DAGs
[2022-12-07T14:02:50.167+0000] {logging_mixin.py:137} INFO - [2022-12-07T14:02:50.167+0000] {dag.py:3427} INFO - Setting next_dagrun for example_xcom_args to None, run_after=None
[2022-12-07T14:02:50.175+0000] {logging_mixin.py:137} INFO - [2022-12-07T14:02:50.175+0000] {dag.py:3427} INFO - Setting next_dagrun for example_xcom_args_with_operators to None, run_after=None
[2022-12-07T14:02:50.210+0000] {processor.py:175} INFO - Processing /home/airflow/.local/lib/python3.7/site-packages/airflow/example_dags/example_xcomargs.py took 0.255 seconds
[2022-12-07T14:03:21.202+0000] {processor.py:153} INFO - Started process (PID=669) to work on /home/airflow/.local/lib/python3.7/site-packages/airflow/example_dags/example_xcomargs.py
[2022-12-07T14:03:21.204+0000] {processor.py:743} INFO - Processing file /home/airflow/.local/lib/python3.7/site-packages/airflow/example_dags/example_xcomargs.py for tasks to queue
[2022-12-07T14:03:21.208+0000] {logging_mixin.py:137} INFO - [2022-12-07T14:03:21.207+0000] {dagbag.py:538} INFO - Filling up the DagBag from /home/airflow/.local/lib/python3.7/site-packages/airflow/example_dags/example_xcomargs.py
[2022-12-07T14:03:21.248+0000] {processor.py:753} INFO - DAG(s) dict_keys(['example_xcom_args', 'example_xcom_args_with_operators']) retrieved from /home/airflow/.local/lib/python3.7/site-packages/airflow/example_dags/example_xcomargs.py
[2022-12-07T14:03:21.317+0000] {logging_mixin.py:137} INFO - [2022-12-07T14:03:21.316+0000] {dag.py:2676} INFO - Sync 2 DAGs
[2022-12-07T14:03:21.361+0000] {logging_mixin.py:137} INFO - [2022-12-07T14:03:21.361+0000] {dag.py:3427} INFO - Setting next_dagrun for example_xcom_args to None, run_after=None
[2022-12-07T14:03:21.368+0000] {logging_mixin.py:137} INFO - [2022-12-07T14:03:21.367+0000] {dag.py:3427} INFO - Setting next_dagrun for example_xcom_args_with_operators to None, run_after=None
[2022-12-07T14:03:21.395+0000] {processor.py:175} INFO - Processing /home/airflow/.local/lib/python3.7/site-packages/airflow/example_dags/example_xcomargs.py took 0.200 seconds
[2022-12-07T14:05:14.633+0000] {processor.py:153} INFO - Started process (PID=75) to work on /home/airflow/.local/lib/python3.7/site-packages/airflow/example_dags/example_xcomargs.py
[2022-12-07T14:05:14.644+0000] {processor.py:743} INFO - Processing file /home/airflow/.local/lib/python3.7/site-packages/airflow/example_dags/example_xcomargs.py for tasks to queue
[2022-12-07T14:05:14.665+0000] {logging_mixin.py:137} INFO - [2022-12-07T14:05:14.664+0000] {dagbag.py:538} INFO - Filling up the DagBag from /home/airflow/.local/lib/python3.7/site-packages/airflow/example_dags/example_xcomargs.py
[2022-12-07T14:05:14.725+0000] {processor.py:753} INFO - DAG(s) dict_keys(['example_xcom_args', 'example_xcom_args_with_operators']) retrieved from /home/airflow/.local/lib/python3.7/site-packages/airflow/example_dags/example_xcomargs.py
[2022-12-07T14:05:14.780+0000] {logging_mixin.py:137} INFO - [2022-12-07T14:05:14.780+0000] {dag.py:2676} INFO - Sync 2 DAGs
[2022-12-07T14:05:14.844+0000] {logging_mixin.py:137} INFO - [2022-12-07T14:05:14.844+0000] {dag.py:3427} INFO - Setting next_dagrun for example_xcom_args to None, run_after=None
[2022-12-07T14:05:14.853+0000] {logging_mixin.py:137} INFO - [2022-12-07T14:05:14.853+0000] {dag.py:3427} INFO - Setting next_dagrun for example_xcom_args_with_operators to None, run_after=None
[2022-12-07T14:05:14.886+0000] {processor.py:175} INFO - Processing /home/airflow/.local/lib/python3.7/site-packages/airflow/example_dags/example_xcomargs.py took 0.259 seconds
[2022-12-07T14:05:44.990+0000] {processor.py:153} INFO - Started process (PID=146) to work on /home/airflow/.local/lib/python3.7/site-packages/airflow/example_dags/example_xcomargs.py
[2022-12-07T14:05:44.993+0000] {processor.py:743} INFO - Processing file /home/airflow/.local/lib/python3.7/site-packages/airflow/example_dags/example_xcomargs.py for tasks to queue
[2022-12-07T14:05:44.995+0000] {logging_mixin.py:137} INFO - [2022-12-07T14:05:44.995+0000] {dagbag.py:538} INFO - Filling up the DagBag from /home/airflow/.local/lib/python3.7/site-packages/airflow/example_dags/example_xcomargs.py
[2022-12-07T14:05:45.038+0000] {processor.py:753} INFO - DAG(s) dict_keys(['example_xcom_args', 'example_xcom_args_with_operators']) retrieved from /home/airflow/.local/lib/python3.7/site-packages/airflow/example_dags/example_xcomargs.py
[2022-12-07T14:05:45.113+0000] {logging_mixin.py:137} INFO - [2022-12-07T14:05:45.113+0000] {dag.py:2676} INFO - Sync 2 DAGs
[2022-12-07T14:05:45.155+0000] {logging_mixin.py:137} INFO - [2022-12-07T14:05:45.155+0000] {dag.py:3427} INFO - Setting next_dagrun for example_xcom_args to None, run_after=None
[2022-12-07T14:05:45.162+0000] {logging_mixin.py:137} INFO - [2022-12-07T14:05:45.162+0000] {dag.py:3427} INFO - Setting next_dagrun for example_xcom_args_with_operators to None, run_after=None
[2022-12-07T14:05:45.203+0000] {processor.py:175} INFO - Processing /home/airflow/.local/lib/python3.7/site-packages/airflow/example_dags/example_xcomargs.py took 0.220 seconds
[2022-12-07T14:06:15.687+0000] {processor.py:153} INFO - Started process (PID=216) to work on /home/airflow/.local/lib/python3.7/site-packages/airflow/example_dags/example_xcomargs.py
[2022-12-07T14:06:15.691+0000] {processor.py:743} INFO - Processing file /home/airflow/.local/lib/python3.7/site-packages/airflow/example_dags/example_xcomargs.py for tasks to queue
[2022-12-07T14:06:15.694+0000] {logging_mixin.py:137} INFO - [2022-12-07T14:06:15.694+0000] {dagbag.py:538} INFO - Filling up the DagBag from /home/airflow/.local/lib/python3.7/site-packages/airflow/example_dags/example_xcomargs.py
[2022-12-07T14:06:15.737+0000] {processor.py:753} INFO - DAG(s) dict_keys(['example_xcom_args_with_operators', 'example_xcom_args']) retrieved from /home/airflow/.local/lib/python3.7/site-packages/airflow/example_dags/example_xcomargs.py
[2022-12-07T14:06:15.810+0000] {logging_mixin.py:137} INFO - [2022-12-07T14:06:15.810+0000] {dag.py:2676} INFO - Sync 2 DAGs
[2022-12-07T14:06:15.853+0000] {logging_mixin.py:137} INFO - [2022-12-07T14:06:15.853+0000] {dag.py:3427} INFO - Setting next_dagrun for example_xcom_args to None, run_after=None
[2022-12-07T14:06:15.860+0000] {logging_mixin.py:137} INFO - [2022-12-07T14:06:15.860+0000] {dag.py:3427} INFO - Setting next_dagrun for example_xcom_args_with_operators to None, run_after=None
[2022-12-07T14:06:15.886+0000] {processor.py:175} INFO - Processing /home/airflow/.local/lib/python3.7/site-packages/airflow/example_dags/example_xcomargs.py took 0.205 seconds
[2022-12-07T14:06:46.052+0000] {processor.py:153} INFO - Started process (PID=293) to work on /home/airflow/.local/lib/python3.7/site-packages/airflow/example_dags/example_xcomargs.py
[2022-12-07T14:06:46.055+0000] {processor.py:743} INFO - Processing file /home/airflow/.local/lib/python3.7/site-packages/airflow/example_dags/example_xcomargs.py for tasks to queue
[2022-12-07T14:06:46.058+0000] {logging_mixin.py:137} INFO - [2022-12-07T14:06:46.057+0000] {dagbag.py:538} INFO - Filling up the DagBag from /home/airflow/.local/lib/python3.7/site-packages/airflow/example_dags/example_xcomargs.py
[2022-12-07T14:06:46.114+0000] {processor.py:753} INFO - DAG(s) dict_keys(['example_xcom_args_with_operators', 'example_xcom_args']) retrieved from /home/airflow/.local/lib/python3.7/site-packages/airflow/example_dags/example_xcomargs.py
[2022-12-07T14:06:46.195+0000] {logging_mixin.py:137} INFO - [2022-12-07T14:06:46.195+0000] {dag.py:2676} INFO - Sync 2 DAGs
[2022-12-07T14:06:46.240+0000] {logging_mixin.py:137} INFO - [2022-12-07T14:06:46.240+0000] {dag.py:3427} INFO - Setting next_dagrun for example_xcom_args to None, run_after=None
[2022-12-07T14:06:46.248+0000] {logging_mixin.py:137} INFO - [2022-12-07T14:06:46.248+0000] {dag.py:3427} INFO - Setting next_dagrun for example_xcom_args_with_operators to None, run_after=None
[2022-12-07T14:06:46.279+0000] {processor.py:175} INFO - Processing /home/airflow/.local/lib/python3.7/site-packages/airflow/example_dags/example_xcomargs.py took 0.234 seconds
[2022-12-07T14:07:20.906+0000] {processor.py:153} INFO - Started process (PID=372) to work on /home/airflow/.local/lib/python3.7/site-packages/airflow/example_dags/example_xcomargs.py
[2022-12-07T14:07:20.910+0000] {processor.py:743} INFO - Processing file /home/airflow/.local/lib/python3.7/site-packages/airflow/example_dags/example_xcomargs.py for tasks to queue
[2022-12-07T14:07:20.913+0000] {logging_mixin.py:137} INFO - [2022-12-07T14:07:20.913+0000] {dagbag.py:538} INFO - Filling up the DagBag from /home/airflow/.local/lib/python3.7/site-packages/airflow/example_dags/example_xcomargs.py
[2022-12-07T14:07:20.968+0000] {processor.py:753} INFO - DAG(s) dict_keys(['example_xcom_args', 'example_xcom_args_with_operators']) retrieved from /home/airflow/.local/lib/python3.7/site-packages/airflow/example_dags/example_xcomargs.py
[2022-12-07T14:07:21.052+0000] {logging_mixin.py:137} INFO - [2022-12-07T14:07:21.052+0000] {dag.py:2676} INFO - Sync 2 DAGs
[2022-12-07T14:07:21.107+0000] {logging_mixin.py:137} INFO - [2022-12-07T14:07:21.107+0000] {dag.py:3427} INFO - Setting next_dagrun for example_xcom_args to None, run_after=None
[2022-12-07T14:07:21.115+0000] {logging_mixin.py:137} INFO - [2022-12-07T14:07:21.115+0000] {dag.py:3427} INFO - Setting next_dagrun for example_xcom_args_with_operators to None, run_after=None
[2022-12-07T14:07:21.152+0000] {processor.py:175} INFO - Processing /home/airflow/.local/lib/python3.7/site-packages/airflow/example_dags/example_xcomargs.py took 0.253 seconds
[2022-12-07T14:07:51.335+0000] {processor.py:153} INFO - Started process (PID=442) to work on /home/airflow/.local/lib/python3.7/site-packages/airflow/example_dags/example_xcomargs.py
[2022-12-07T14:07:51.338+0000] {processor.py:743} INFO - Processing file /home/airflow/.local/lib/python3.7/site-packages/airflow/example_dags/example_xcomargs.py for tasks to queue
[2022-12-07T14:07:51.340+0000] {logging_mixin.py:137} INFO - [2022-12-07T14:07:51.340+0000] {dagbag.py:538} INFO - Filling up the DagBag from /home/airflow/.local/lib/python3.7/site-packages/airflow/example_dags/example_xcomargs.py
[2022-12-07T14:07:51.379+0000] {processor.py:753} INFO - DAG(s) dict_keys(['example_xcom_args_with_operators', 'example_xcom_args']) retrieved from /home/airflow/.local/lib/python3.7/site-packages/airflow/example_dags/example_xcomargs.py
[2022-12-07T14:07:51.443+0000] {logging_mixin.py:137} INFO - [2022-12-07T14:07:51.443+0000] {dag.py:2676} INFO - Sync 2 DAGs
[2022-12-07T14:07:51.482+0000] {logging_mixin.py:137} INFO - [2022-12-07T14:07:51.482+0000] {dag.py:3427} INFO - Setting next_dagrun for example_xcom_args to None, run_after=None
[2022-12-07T14:07:51.489+0000] {logging_mixin.py:137} INFO - [2022-12-07T14:07:51.489+0000] {dag.py:3427} INFO - Setting next_dagrun for example_xcom_args_with_operators to None, run_after=None
[2022-12-07T14:07:51.513+0000] {processor.py:175} INFO - Processing /home/airflow/.local/lib/python3.7/site-packages/airflow/example_dags/example_xcomargs.py took 0.184 seconds
[2022-12-07T14:08:21.624+0000] {processor.py:153} INFO - Started process (PID=512) to work on /home/airflow/.local/lib/python3.7/site-packages/airflow/example_dags/example_xcomargs.py
[2022-12-07T14:08:21.627+0000] {processor.py:743} INFO - Processing file /home/airflow/.local/lib/python3.7/site-packages/airflow/example_dags/example_xcomargs.py for tasks to queue
[2022-12-07T14:08:21.629+0000] {logging_mixin.py:137} INFO - [2022-12-07T14:08:21.629+0000] {dagbag.py:538} INFO - Filling up the DagBag from /home/airflow/.local/lib/python3.7/site-packages/airflow/example_dags/example_xcomargs.py
[2022-12-07T14:08:21.669+0000] {processor.py:753} INFO - DAG(s) dict_keys(['example_xcom_args_with_operators', 'example_xcom_args']) retrieved from /home/airflow/.local/lib/python3.7/site-packages/airflow/example_dags/example_xcomargs.py
[2022-12-07T14:08:21.736+0000] {logging_mixin.py:137} INFO - [2022-12-07T14:08:21.736+0000] {dag.py:2676} INFO - Sync 2 DAGs
[2022-12-07T14:08:21.776+0000] {logging_mixin.py:137} INFO - [2022-12-07T14:08:21.776+0000] {dag.py:3427} INFO - Setting next_dagrun for example_xcom_args to None, run_after=None
[2022-12-07T14:08:21.785+0000] {logging_mixin.py:137} INFO - [2022-12-07T14:08:21.784+0000] {dag.py:3427} INFO - Setting next_dagrun for example_xcom_args_with_operators to None, run_after=None
[2022-12-07T14:08:21.810+0000] {processor.py:175} INFO - Processing /home/airflow/.local/lib/python3.7/site-packages/airflow/example_dags/example_xcomargs.py took 0.193 seconds
[2022-12-07T14:08:52.036+0000] {processor.py:153} INFO - Started process (PID=598) to work on /home/airflow/.local/lib/python3.7/site-packages/airflow/example_dags/example_xcomargs.py
[2022-12-07T14:08:52.041+0000] {processor.py:743} INFO - Processing file /home/airflow/.local/lib/python3.7/site-packages/airflow/example_dags/example_xcomargs.py for tasks to queue
[2022-12-07T14:08:52.043+0000] {logging_mixin.py:137} INFO - [2022-12-07T14:08:52.043+0000] {dagbag.py:538} INFO - Filling up the DagBag from /home/airflow/.local/lib/python3.7/site-packages/airflow/example_dags/example_xcomargs.py
[2022-12-07T14:08:52.114+0000] {processor.py:753} INFO - DAG(s) dict_keys(['example_xcom_args', 'example_xcom_args_with_operators']) retrieved from /home/airflow/.local/lib/python3.7/site-packages/airflow/example_dags/example_xcomargs.py
[2022-12-07T14:08:52.188+0000] {logging_mixin.py:137} INFO - [2022-12-07T14:08:52.188+0000] {dag.py:2676} INFO - Sync 2 DAGs
[2022-12-07T14:08:52.252+0000] {logging_mixin.py:137} INFO - [2022-12-07T14:08:52.252+0000] {dag.py:3427} INFO - Setting next_dagrun for example_xcom_args to None, run_after=None
[2022-12-07T14:08:52.262+0000] {logging_mixin.py:137} INFO - [2022-12-07T14:08:52.261+0000] {dag.py:3427} INFO - Setting next_dagrun for example_xcom_args_with_operators to None, run_after=None
[2022-12-07T14:08:52.301+0000] {processor.py:175} INFO - Processing /home/airflow/.local/lib/python3.7/site-packages/airflow/example_dags/example_xcomargs.py took 0.271 seconds
[2022-12-07T14:09:22.478+0000] {processor.py:153} INFO - Started process (PID=668) to work on /home/airflow/.local/lib/python3.7/site-packages/airflow/example_dags/example_xcomargs.py
[2022-12-07T14:09:22.481+0000] {processor.py:743} INFO - Processing file /home/airflow/.local/lib/python3.7/site-packages/airflow/example_dags/example_xcomargs.py for tasks to queue
[2022-12-07T14:09:22.483+0000] {logging_mixin.py:137} INFO - [2022-12-07T14:09:22.483+0000] {dagbag.py:538} INFO - Filling up the DagBag from /home/airflow/.local/lib/python3.7/site-packages/airflow/example_dags/example_xcomargs.py
[2022-12-07T14:09:22.523+0000] {processor.py:753} INFO - DAG(s) dict_keys(['example_xcom_args', 'example_xcom_args_with_operators']) retrieved from /home/airflow/.local/lib/python3.7/site-packages/airflow/example_dags/example_xcomargs.py
[2022-12-07T14:09:22.630+0000] {logging_mixin.py:137} INFO - [2022-12-07T14:09:22.630+0000] {dag.py:2676} INFO - Sync 2 DAGs
[2022-12-07T14:09:22.673+0000] {logging_mixin.py:137} INFO - [2022-12-07T14:09:22.673+0000] {dag.py:3427} INFO - Setting next_dagrun for example_xcom_args to None, run_after=None
[2022-12-07T14:09:22.680+0000] {logging_mixin.py:137} INFO - [2022-12-07T14:09:22.680+0000] {dag.py:3427} INFO - Setting next_dagrun for example_xcom_args_with_operators to None, run_after=None
[2022-12-07T14:09:22.713+0000] {processor.py:175} INFO - Processing /home/airflow/.local/lib/python3.7/site-packages/airflow/example_dags/example_xcomargs.py took 0.241 seconds
[2022-12-07T14:09:53.055+0000] {processor.py:153} INFO - Started process (PID=738) to work on /home/airflow/.local/lib/python3.7/site-packages/airflow/example_dags/example_xcomargs.py
[2022-12-07T14:09:53.058+0000] {processor.py:743} INFO - Processing file /home/airflow/.local/lib/python3.7/site-packages/airflow/example_dags/example_xcomargs.py for tasks to queue
[2022-12-07T14:09:53.060+0000] {logging_mixin.py:137} INFO - [2022-12-07T14:09:53.060+0000] {dagbag.py:538} INFO - Filling up the DagBag from /home/airflow/.local/lib/python3.7/site-packages/airflow/example_dags/example_xcomargs.py
[2022-12-07T14:09:53.099+0000] {processor.py:753} INFO - DAG(s) dict_keys(['example_xcom_args', 'example_xcom_args_with_operators']) retrieved from /home/airflow/.local/lib/python3.7/site-packages/airflow/example_dags/example_xcomargs.py
[2022-12-07T14:09:53.165+0000] {logging_mixin.py:137} INFO - [2022-12-07T14:09:53.165+0000] {dag.py:2676} INFO - Sync 2 DAGs
[2022-12-07T14:09:53.206+0000] {logging_mixin.py:137} INFO - [2022-12-07T14:09:53.206+0000] {dag.py:3427} INFO - Setting next_dagrun for example_xcom_args to None, run_after=None
[2022-12-07T14:09:53.212+0000] {logging_mixin.py:137} INFO - [2022-12-07T14:09:53.212+0000] {dag.py:3427} INFO - Setting next_dagrun for example_xcom_args_with_operators to None, run_after=None
[2022-12-07T14:09:53.237+0000] {processor.py:175} INFO - Processing /home/airflow/.local/lib/python3.7/site-packages/airflow/example_dags/example_xcomargs.py took 0.189 seconds
[2022-12-07T14:10:23.423+0000] {processor.py:153} INFO - Started process (PID=808) to work on /home/airflow/.local/lib/python3.7/site-packages/airflow/example_dags/example_xcomargs.py
[2022-12-07T14:10:23.426+0000] {processor.py:743} INFO - Processing file /home/airflow/.local/lib/python3.7/site-packages/airflow/example_dags/example_xcomargs.py for tasks to queue
[2022-12-07T14:10:23.428+0000] {logging_mixin.py:137} INFO - [2022-12-07T14:10:23.428+0000] {dagbag.py:538} INFO - Filling up the DagBag from /home/airflow/.local/lib/python3.7/site-packages/airflow/example_dags/example_xcomargs.py
[2022-12-07T14:10:23.467+0000] {processor.py:753} INFO - DAG(s) dict_keys(['example_xcom_args', 'example_xcom_args_with_operators']) retrieved from /home/airflow/.local/lib/python3.7/site-packages/airflow/example_dags/example_xcomargs.py
[2022-12-07T14:10:23.530+0000] {logging_mixin.py:137} INFO - [2022-12-07T14:10:23.530+0000] {dag.py:2676} INFO - Sync 2 DAGs
[2022-12-07T14:10:23.573+0000] {logging_mixin.py:137} INFO - [2022-12-07T14:10:23.572+0000] {dag.py:3427} INFO - Setting next_dagrun for example_xcom_args to None, run_after=None
[2022-12-07T14:10:23.579+0000] {logging_mixin.py:137} INFO - [2022-12-07T14:10:23.578+0000] {dag.py:3427} INFO - Setting next_dagrun for example_xcom_args_with_operators to None, run_after=None
[2022-12-07T14:10:23.606+0000] {processor.py:175} INFO - Processing /home/airflow/.local/lib/python3.7/site-packages/airflow/example_dags/example_xcomargs.py took 0.189 seconds
[2022-12-07T14:10:54.422+0000] {processor.py:153} INFO - Started process (PID=895) to work on /home/airflow/.local/lib/python3.7/site-packages/airflow/example_dags/example_xcomargs.py
[2022-12-07T14:10:54.426+0000] {processor.py:743} INFO - Processing file /home/airflow/.local/lib/python3.7/site-packages/airflow/example_dags/example_xcomargs.py for tasks to queue
[2022-12-07T14:10:54.429+0000] {logging_mixin.py:137} INFO - [2022-12-07T14:10:54.429+0000] {dagbag.py:538} INFO - Filling up the DagBag from /home/airflow/.local/lib/python3.7/site-packages/airflow/example_dags/example_xcomargs.py
[2022-12-07T14:10:54.473+0000] {processor.py:753} INFO - DAG(s) dict_keys(['example_xcom_args_with_operators', 'example_xcom_args']) retrieved from /home/airflow/.local/lib/python3.7/site-packages/airflow/example_dags/example_xcomargs.py
[2022-12-07T14:10:54.547+0000] {logging_mixin.py:137} INFO - [2022-12-07T14:10:54.547+0000] {dag.py:2676} INFO - Sync 2 DAGs
[2022-12-07T14:10:54.602+0000] {logging_mixin.py:137} INFO - [2022-12-07T14:10:54.602+0000] {dag.py:3427} INFO - Setting next_dagrun for example_xcom_args to None, run_after=None
[2022-12-07T14:10:54.610+0000] {logging_mixin.py:137} INFO - [2022-12-07T14:10:54.609+0000] {dag.py:3427} INFO - Setting next_dagrun for example_xcom_args_with_operators to None, run_after=None
[2022-12-07T14:10:54.640+0000] {processor.py:175} INFO - Processing /home/airflow/.local/lib/python3.7/site-packages/airflow/example_dags/example_xcomargs.py took 0.225 seconds
[2022-12-07T14:11:24.892+0000] {processor.py:153} INFO - Started process (PID=965) to work on /home/airflow/.local/lib/python3.7/site-packages/airflow/example_dags/example_xcomargs.py
[2022-12-07T14:11:24.895+0000] {processor.py:743} INFO - Processing file /home/airflow/.local/lib/python3.7/site-packages/airflow/example_dags/example_xcomargs.py for tasks to queue
[2022-12-07T14:11:24.897+0000] {logging_mixin.py:137} INFO - [2022-12-07T14:11:24.896+0000] {dagbag.py:538} INFO - Filling up the DagBag from /home/airflow/.local/lib/python3.7/site-packages/airflow/example_dags/example_xcomargs.py
[2022-12-07T14:11:24.935+0000] {processor.py:753} INFO - DAG(s) dict_keys(['example_xcom_args', 'example_xcom_args_with_operators']) retrieved from /home/airflow/.local/lib/python3.7/site-packages/airflow/example_dags/example_xcomargs.py
[2022-12-07T14:11:25.000+0000] {logging_mixin.py:137} INFO - [2022-12-07T14:11:24.999+0000] {dag.py:2676} INFO - Sync 2 DAGs
[2022-12-07T14:11:25.038+0000] {logging_mixin.py:137} INFO - [2022-12-07T14:11:25.038+0000] {dag.py:3427} INFO - Setting next_dagrun for example_xcom_args to None, run_after=None
[2022-12-07T14:11:25.047+0000] {logging_mixin.py:137} INFO - [2022-12-07T14:11:25.047+0000] {dag.py:3427} INFO - Setting next_dagrun for example_xcom_args_with_operators to None, run_after=None
[2022-12-07T14:11:25.077+0000] {processor.py:175} INFO - Processing /home/airflow/.local/lib/python3.7/site-packages/airflow/example_dags/example_xcomargs.py took 0.190 seconds
[2022-12-07T14:11:55.416+0000] {processor.py:153} INFO - Started process (PID=1036) to work on /home/airflow/.local/lib/python3.7/site-packages/airflow/example_dags/example_xcomargs.py
[2022-12-07T14:11:55.419+0000] {processor.py:743} INFO - Processing file /home/airflow/.local/lib/python3.7/site-packages/airflow/example_dags/example_xcomargs.py for tasks to queue
[2022-12-07T14:11:55.422+0000] {logging_mixin.py:137} INFO - [2022-12-07T14:11:55.422+0000] {dagbag.py:538} INFO - Filling up the DagBag from /home/airflow/.local/lib/python3.7/site-packages/airflow/example_dags/example_xcomargs.py
[2022-12-07T14:11:55.464+0000] {processor.py:753} INFO - DAG(s) dict_keys(['example_xcom_args', 'example_xcom_args_with_operators']) retrieved from /home/airflow/.local/lib/python3.7/site-packages/airflow/example_dags/example_xcomargs.py
[2022-12-07T14:11:55.535+0000] {logging_mixin.py:137} INFO - [2022-12-07T14:11:55.535+0000] {dag.py:2676} INFO - Sync 2 DAGs
[2022-12-07T14:11:55.575+0000] {logging_mixin.py:137} INFO - [2022-12-07T14:11:55.575+0000] {dag.py:3427} INFO - Setting next_dagrun for example_xcom_args to None, run_after=None
[2022-12-07T14:11:55.582+0000] {logging_mixin.py:137} INFO - [2022-12-07T14:11:55.582+0000] {dag.py:3427} INFO - Setting next_dagrun for example_xcom_args_with_operators to None, run_after=None
[2022-12-07T14:11:55.614+0000] {processor.py:175} INFO - Processing /home/airflow/.local/lib/python3.7/site-packages/airflow/example_dags/example_xcomargs.py took 0.204 seconds
