[2022-12-07T13:59:14.401+0000] {processor.py:153} INFO - Started process (PID=73) to work on /home/airflow/.local/lib/python3.7/site-packages/airflow/example_dags/example_latest_only_with_trigger.py
[2022-12-07T13:59:14.404+0000] {processor.py:743} INFO - Processing file /home/airflow/.local/lib/python3.7/site-packages/airflow/example_dags/example_latest_only_with_trigger.py for tasks to queue
[2022-12-07T13:59:14.406+0000] {logging_mixin.py:137} INFO - [2022-12-07T13:59:14.406+0000] {dagbag.py:538} INFO - Filling up the DagBag from /home/airflow/.local/lib/python3.7/site-packages/airflow/example_dags/example_latest_only_with_trigger.py
[2022-12-07T13:59:14.495+0000] {processor.py:753} INFO - DAG(s) dict_keys(['latest_only_with_trigger']) retrieved from /home/airflow/.local/lib/python3.7/site-packages/airflow/example_dags/example_latest_only_with_trigger.py
[2022-12-07T13:59:14.640+0000] {logging_mixin.py:137} INFO - [2022-12-07T13:59:14.640+0000] {dag.py:2676} INFO - Sync 1 DAGs
[2022-12-07T13:59:14.683+0000] {logging_mixin.py:137} INFO - [2022-12-07T13:59:14.683+0000] {dag.py:3427} INFO - Setting next_dagrun for latest_only_with_trigger to 2022-12-07T09:59:14.682761+00:00, run_after=2022-12-07T13:59:14.682761+00:00
[2022-12-07T13:59:14.720+0000] {processor.py:175} INFO - Processing /home/airflow/.local/lib/python3.7/site-packages/airflow/example_dags/example_latest_only_with_trigger.py took 0.323 seconds
[2022-12-07T13:59:45.127+0000] {processor.py:153} INFO - Started process (PID=143) to work on /home/airflow/.local/lib/python3.7/site-packages/airflow/example_dags/example_latest_only_with_trigger.py
[2022-12-07T13:59:45.129+0000] {processor.py:743} INFO - Processing file /home/airflow/.local/lib/python3.7/site-packages/airflow/example_dags/example_latest_only_with_trigger.py for tasks to queue
[2022-12-07T13:59:45.131+0000] {logging_mixin.py:137} INFO - [2022-12-07T13:59:45.131+0000] {dagbag.py:538} INFO - Filling up the DagBag from /home/airflow/.local/lib/python3.7/site-packages/airflow/example_dags/example_latest_only_with_trigger.py
[2022-12-07T13:59:45.159+0000] {processor.py:753} INFO - DAG(s) dict_keys(['latest_only_with_trigger']) retrieved from /home/airflow/.local/lib/python3.7/site-packages/airflow/example_dags/example_latest_only_with_trigger.py
[2022-12-07T13:59:45.219+0000] {logging_mixin.py:137} INFO - [2022-12-07T13:59:45.218+0000] {dag.py:2676} INFO - Sync 1 DAGs
[2022-12-07T13:59:45.259+0000] {logging_mixin.py:137} INFO - [2022-12-07T13:59:45.259+0000] {dag.py:3427} INFO - Setting next_dagrun for latest_only_with_trigger to 2022-12-07T09:59:45.258781+00:00, run_after=2022-12-07T13:59:45.258781+00:00
[2022-12-07T13:59:45.289+0000] {processor.py:175} INFO - Processing /home/airflow/.local/lib/python3.7/site-packages/airflow/example_dags/example_latest_only_with_trigger.py took 0.168 seconds
[2022-12-07T14:00:15.942+0000] {processor.py:153} INFO - Started process (PID=222) to work on /home/airflow/.local/lib/python3.7/site-packages/airflow/example_dags/example_latest_only_with_trigger.py
[2022-12-07T14:00:15.945+0000] {processor.py:743} INFO - Processing file /home/airflow/.local/lib/python3.7/site-packages/airflow/example_dags/example_latest_only_with_trigger.py for tasks to queue
[2022-12-07T14:00:15.948+0000] {logging_mixin.py:137} INFO - [2022-12-07T14:00:15.947+0000] {dagbag.py:538} INFO - Filling up the DagBag from /home/airflow/.local/lib/python3.7/site-packages/airflow/example_dags/example_latest_only_with_trigger.py
[2022-12-07T14:00:15.975+0000] {processor.py:753} INFO - DAG(s) dict_keys(['latest_only_with_trigger']) retrieved from /home/airflow/.local/lib/python3.7/site-packages/airflow/example_dags/example_latest_only_with_trigger.py
[2022-12-07T14:00:16.044+0000] {logging_mixin.py:137} INFO - [2022-12-07T14:00:16.044+0000] {dag.py:2676} INFO - Sync 1 DAGs
[2022-12-07T14:00:16.095+0000] {logging_mixin.py:137} INFO - [2022-12-07T14:00:16.095+0000] {dag.py:3427} INFO - Setting next_dagrun for latest_only_with_trigger to 2022-12-07T10:00:16.094552+00:00, run_after=2022-12-07T14:00:16.094552+00:00
[2022-12-07T14:00:16.177+0000] {processor.py:175} INFO - Processing /home/airflow/.local/lib/python3.7/site-packages/airflow/example_dags/example_latest_only_with_trigger.py took 0.240 seconds
[2022-12-07T14:00:46.426+0000] {processor.py:153} INFO - Started process (PID=299) to work on /home/airflow/.local/lib/python3.7/site-packages/airflow/example_dags/example_latest_only_with_trigger.py
[2022-12-07T14:00:46.429+0000] {processor.py:743} INFO - Processing file /home/airflow/.local/lib/python3.7/site-packages/airflow/example_dags/example_latest_only_with_trigger.py for tasks to queue
[2022-12-07T14:00:46.431+0000] {logging_mixin.py:137} INFO - [2022-12-07T14:00:46.431+0000] {dagbag.py:538} INFO - Filling up the DagBag from /home/airflow/.local/lib/python3.7/site-packages/airflow/example_dags/example_latest_only_with_trigger.py
[2022-12-07T14:00:46.456+0000] {processor.py:753} INFO - DAG(s) dict_keys(['latest_only_with_trigger']) retrieved from /home/airflow/.local/lib/python3.7/site-packages/airflow/example_dags/example_latest_only_with_trigger.py
[2022-12-07T14:00:46.514+0000] {logging_mixin.py:137} INFO - [2022-12-07T14:00:46.514+0000] {dag.py:2676} INFO - Sync 1 DAGs
[2022-12-07T14:00:46.553+0000] {logging_mixin.py:137} INFO - [2022-12-07T14:00:46.553+0000] {dag.py:3427} INFO - Setting next_dagrun for latest_only_with_trigger to 2022-12-07T10:00:46.553277+00:00, run_after=2022-12-07T14:00:46.553277+00:00
[2022-12-07T14:00:46.581+0000] {processor.py:175} INFO - Processing /home/airflow/.local/lib/python3.7/site-packages/airflow/example_dags/example_latest_only_with_trigger.py took 0.161 seconds
[2022-12-07T14:01:17.203+0000] {processor.py:153} INFO - Started process (PID=369) to work on /home/airflow/.local/lib/python3.7/site-packages/airflow/example_dags/example_latest_only_with_trigger.py
[2022-12-07T14:01:17.206+0000] {processor.py:743} INFO - Processing file /home/airflow/.local/lib/python3.7/site-packages/airflow/example_dags/example_latest_only_with_trigger.py for tasks to queue
[2022-12-07T14:01:17.209+0000] {logging_mixin.py:137} INFO - [2022-12-07T14:01:17.208+0000] {dagbag.py:538} INFO - Filling up the DagBag from /home/airflow/.local/lib/python3.7/site-packages/airflow/example_dags/example_latest_only_with_trigger.py
[2022-12-07T14:01:17.236+0000] {processor.py:753} INFO - DAG(s) dict_keys(['latest_only_with_trigger']) retrieved from /home/airflow/.local/lib/python3.7/site-packages/airflow/example_dags/example_latest_only_with_trigger.py
[2022-12-07T14:01:17.310+0000] {logging_mixin.py:137} INFO - [2022-12-07T14:01:17.310+0000] {dag.py:2676} INFO - Sync 1 DAGs
[2022-12-07T14:01:17.358+0000] {logging_mixin.py:137} INFO - [2022-12-07T14:01:17.357+0000] {dag.py:3427} INFO - Setting next_dagrun for latest_only_with_trigger to 2022-12-07T10:01:17.357515+00:00, run_after=2022-12-07T14:01:17.357515+00:00
[2022-12-07T14:01:17.397+0000] {processor.py:175} INFO - Processing /home/airflow/.local/lib/python3.7/site-packages/airflow/example_dags/example_latest_only_with_trigger.py took 0.200 seconds
[2022-12-07T14:01:47.918+0000] {processor.py:153} INFO - Started process (PID=439) to work on /home/airflow/.local/lib/python3.7/site-packages/airflow/example_dags/example_latest_only_with_trigger.py
[2022-12-07T14:01:47.921+0000] {processor.py:743} INFO - Processing file /home/airflow/.local/lib/python3.7/site-packages/airflow/example_dags/example_latest_only_with_trigger.py for tasks to queue
[2022-12-07T14:01:47.924+0000] {logging_mixin.py:137} INFO - [2022-12-07T14:01:47.924+0000] {dagbag.py:538} INFO - Filling up the DagBag from /home/airflow/.local/lib/python3.7/site-packages/airflow/example_dags/example_latest_only_with_trigger.py
[2022-12-07T14:01:47.953+0000] {processor.py:753} INFO - DAG(s) dict_keys(['latest_only_with_trigger']) retrieved from /home/airflow/.local/lib/python3.7/site-packages/airflow/example_dags/example_latest_only_with_trigger.py
[2022-12-07T14:01:48.021+0000] {logging_mixin.py:137} INFO - [2022-12-07T14:01:48.021+0000] {dag.py:2676} INFO - Sync 1 DAGs
[2022-12-07T14:01:48.068+0000] {logging_mixin.py:137} INFO - [2022-12-07T14:01:48.067+0000] {dag.py:3427} INFO - Setting next_dagrun for latest_only_with_trigger to 2022-12-07T10:01:48.067405+00:00, run_after=2022-12-07T14:01:48.067405+00:00
[2022-12-07T14:01:48.102+0000] {processor.py:175} INFO - Processing /home/airflow/.local/lib/python3.7/site-packages/airflow/example_dags/example_latest_only_with_trigger.py took 0.190 seconds
[2022-12-07T14:02:18.229+0000] {processor.py:153} INFO - Started process (PID=518) to work on /home/airflow/.local/lib/python3.7/site-packages/airflow/example_dags/example_latest_only_with_trigger.py
[2022-12-07T14:02:18.232+0000] {processor.py:743} INFO - Processing file /home/airflow/.local/lib/python3.7/site-packages/airflow/example_dags/example_latest_only_with_trigger.py for tasks to queue
[2022-12-07T14:02:18.235+0000] {logging_mixin.py:137} INFO - [2022-12-07T14:02:18.235+0000] {dagbag.py:538} INFO - Filling up the DagBag from /home/airflow/.local/lib/python3.7/site-packages/airflow/example_dags/example_latest_only_with_trigger.py
[2022-12-07T14:02:18.273+0000] {processor.py:753} INFO - DAG(s) dict_keys(['latest_only_with_trigger']) retrieved from /home/airflow/.local/lib/python3.7/site-packages/airflow/example_dags/example_latest_only_with_trigger.py
[2022-12-07T14:02:18.352+0000] {logging_mixin.py:137} INFO - [2022-12-07T14:02:18.352+0000] {dag.py:2676} INFO - Sync 1 DAGs
[2022-12-07T14:02:18.403+0000] {logging_mixin.py:137} INFO - [2022-12-07T14:02:18.403+0000] {dag.py:3427} INFO - Setting next_dagrun for latest_only_with_trigger to 2022-12-07T10:02:18.402873+00:00, run_after=2022-12-07T14:02:18.402873+00:00
[2022-12-07T14:02:18.436+0000] {processor.py:175} INFO - Processing /home/airflow/.local/lib/python3.7/site-packages/airflow/example_dags/example_latest_only_with_trigger.py took 0.213 seconds
[2022-12-07T14:02:49.720+0000] {processor.py:153} INFO - Started process (PID=596) to work on /home/airflow/.local/lib/python3.7/site-packages/airflow/example_dags/example_latest_only_with_trigger.py
[2022-12-07T14:02:49.722+0000] {processor.py:743} INFO - Processing file /home/airflow/.local/lib/python3.7/site-packages/airflow/example_dags/example_latest_only_with_trigger.py for tasks to queue
[2022-12-07T14:02:49.724+0000] {logging_mixin.py:137} INFO - [2022-12-07T14:02:49.724+0000] {dagbag.py:538} INFO - Filling up the DagBag from /home/airflow/.local/lib/python3.7/site-packages/airflow/example_dags/example_latest_only_with_trigger.py
[2022-12-07T14:02:49.748+0000] {processor.py:753} INFO - DAG(s) dict_keys(['latest_only_with_trigger']) retrieved from /home/airflow/.local/lib/python3.7/site-packages/airflow/example_dags/example_latest_only_with_trigger.py
[2022-12-07T14:02:49.806+0000] {logging_mixin.py:137} INFO - [2022-12-07T14:02:49.806+0000] {dag.py:2676} INFO - Sync 1 DAGs
[2022-12-07T14:02:49.847+0000] {logging_mixin.py:137} INFO - [2022-12-07T14:02:49.847+0000] {dag.py:3427} INFO - Setting next_dagrun for latest_only_with_trigger to 2022-12-07T10:02:49.846817+00:00, run_after=2022-12-07T14:02:49.846817+00:00
[2022-12-07T14:02:49.876+0000] {processor.py:175} INFO - Processing /home/airflow/.local/lib/python3.7/site-packages/airflow/example_dags/example_latest_only_with_trigger.py took 0.162 seconds
[2022-12-07T14:03:20.899+0000] {processor.py:153} INFO - Started process (PID=666) to work on /home/airflow/.local/lib/python3.7/site-packages/airflow/example_dags/example_latest_only_with_trigger.py
[2022-12-07T14:03:20.903+0000] {processor.py:743} INFO - Processing file /home/airflow/.local/lib/python3.7/site-packages/airflow/example_dags/example_latest_only_with_trigger.py for tasks to queue
[2022-12-07T14:03:20.906+0000] {logging_mixin.py:137} INFO - [2022-12-07T14:03:20.905+0000] {dagbag.py:538} INFO - Filling up the DagBag from /home/airflow/.local/lib/python3.7/site-packages/airflow/example_dags/example_latest_only_with_trigger.py
[2022-12-07T14:03:20.939+0000] {processor.py:753} INFO - DAG(s) dict_keys(['latest_only_with_trigger']) retrieved from /home/airflow/.local/lib/python3.7/site-packages/airflow/example_dags/example_latest_only_with_trigger.py
[2022-12-07T14:03:21.015+0000] {logging_mixin.py:137} INFO - [2022-12-07T14:03:21.015+0000] {dag.py:2676} INFO - Sync 1 DAGs
[2022-12-07T14:03:21.059+0000] {logging_mixin.py:137} INFO - [2022-12-07T14:03:21.058+0000] {dag.py:3427} INFO - Setting next_dagrun for latest_only_with_trigger to 2022-12-07T10:03:21.058382+00:00, run_after=2022-12-07T14:03:21.058382+00:00
[2022-12-07T14:03:21.096+0000] {processor.py:175} INFO - Processing /home/airflow/.local/lib/python3.7/site-packages/airflow/example_dags/example_latest_only_with_trigger.py took 0.204 seconds
[2022-12-07T14:05:14.170+0000] {processor.py:153} INFO - Started process (PID=72) to work on /home/airflow/.local/lib/python3.7/site-packages/airflow/example_dags/example_latest_only_with_trigger.py
[2022-12-07T14:05:14.175+0000] {processor.py:743} INFO - Processing file /home/airflow/.local/lib/python3.7/site-packages/airflow/example_dags/example_latest_only_with_trigger.py for tasks to queue
[2022-12-07T14:05:14.179+0000] {logging_mixin.py:137} INFO - [2022-12-07T14:05:14.178+0000] {dagbag.py:538} INFO - Filling up the DagBag from /home/airflow/.local/lib/python3.7/site-packages/airflow/example_dags/example_latest_only_with_trigger.py
[2022-12-07T14:05:14.218+0000] {processor.py:753} INFO - DAG(s) dict_keys(['latest_only_with_trigger']) retrieved from /home/airflow/.local/lib/python3.7/site-packages/airflow/example_dags/example_latest_only_with_trigger.py
[2022-12-07T14:05:14.278+0000] {logging_mixin.py:137} INFO - [2022-12-07T14:05:14.278+0000] {dag.py:2676} INFO - Sync 1 DAGs
[2022-12-07T14:05:14.346+0000] {logging_mixin.py:137} INFO - [2022-12-07T14:05:14.346+0000] {dag.py:3427} INFO - Setting next_dagrun for latest_only_with_trigger to 2022-12-07T10:05:14.345597+00:00, run_after=2022-12-07T14:05:14.345597+00:00
[2022-12-07T14:05:14.390+0000] {processor.py:175} INFO - Processing /home/airflow/.local/lib/python3.7/site-packages/airflow/example_dags/example_latest_only_with_trigger.py took 0.228 seconds
[2022-12-07T14:05:44.485+0000] {processor.py:153} INFO - Started process (PID=143) to work on /home/airflow/.local/lib/python3.7/site-packages/airflow/example_dags/example_latest_only_with_trigger.py
[2022-12-07T14:05:44.488+0000] {processor.py:743} INFO - Processing file /home/airflow/.local/lib/python3.7/site-packages/airflow/example_dags/example_latest_only_with_trigger.py for tasks to queue
[2022-12-07T14:05:44.490+0000] {logging_mixin.py:137} INFO - [2022-12-07T14:05:44.490+0000] {dagbag.py:538} INFO - Filling up the DagBag from /home/airflow/.local/lib/python3.7/site-packages/airflow/example_dags/example_latest_only_with_trigger.py
[2022-12-07T14:05:44.516+0000] {processor.py:753} INFO - DAG(s) dict_keys(['latest_only_with_trigger']) retrieved from /home/airflow/.local/lib/python3.7/site-packages/airflow/example_dags/example_latest_only_with_trigger.py
[2022-12-07T14:05:44.577+0000] {logging_mixin.py:137} INFO - [2022-12-07T14:05:44.577+0000] {dag.py:2676} INFO - Sync 1 DAGs
[2022-12-07T14:05:44.645+0000] {logging_mixin.py:137} INFO - [2022-12-07T14:05:44.645+0000] {dag.py:3427} INFO - Setting next_dagrun for latest_only_with_trigger to 2022-12-07T10:05:44.644924+00:00, run_after=2022-12-07T14:05:44.644924+00:00
[2022-12-07T14:05:44.706+0000] {processor.py:175} INFO - Processing /home/airflow/.local/lib/python3.7/site-packages/airflow/example_dags/example_latest_only_with_trigger.py took 0.227 seconds
[2022-12-07T14:06:15.254+0000] {processor.py:153} INFO - Started process (PID=213) to work on /home/airflow/.local/lib/python3.7/site-packages/airflow/example_dags/example_latest_only_with_trigger.py
[2022-12-07T14:06:15.284+0000] {processor.py:743} INFO - Processing file /home/airflow/.local/lib/python3.7/site-packages/airflow/example_dags/example_latest_only_with_trigger.py for tasks to queue
[2022-12-07T14:06:15.305+0000] {logging_mixin.py:137} INFO - [2022-12-07T14:06:15.304+0000] {dagbag.py:538} INFO - Filling up the DagBag from /home/airflow/.local/lib/python3.7/site-packages/airflow/example_dags/example_latest_only_with_trigger.py
[2022-12-07T14:06:15.341+0000] {processor.py:753} INFO - DAG(s) dict_keys(['latest_only_with_trigger']) retrieved from /home/airflow/.local/lib/python3.7/site-packages/airflow/example_dags/example_latest_only_with_trigger.py
[2022-12-07T14:06:15.413+0000] {logging_mixin.py:137} INFO - [2022-12-07T14:06:15.413+0000] {dag.py:2676} INFO - Sync 1 DAGs
[2022-12-07T14:06:15.463+0000] {logging_mixin.py:137} INFO - [2022-12-07T14:06:15.463+0000] {dag.py:3427} INFO - Setting next_dagrun for latest_only_with_trigger to 2022-12-07T10:06:15.462711+00:00, run_after=2022-12-07T14:06:15.462711+00:00
[2022-12-07T14:06:15.497+0000] {processor.py:175} INFO - Processing /home/airflow/.local/lib/python3.7/site-packages/airflow/example_dags/example_latest_only_with_trigger.py took 0.249 seconds
[2022-12-07T14:06:45.566+0000] {processor.py:153} INFO - Started process (PID=283) to work on /home/airflow/.local/lib/python3.7/site-packages/airflow/example_dags/example_latest_only_with_trigger.py
[2022-12-07T14:06:45.568+0000] {processor.py:743} INFO - Processing file /home/airflow/.local/lib/python3.7/site-packages/airflow/example_dags/example_latest_only_with_trigger.py for tasks to queue
[2022-12-07T14:06:45.571+0000] {logging_mixin.py:137} INFO - [2022-12-07T14:06:45.571+0000] {dagbag.py:538} INFO - Filling up the DagBag from /home/airflow/.local/lib/python3.7/site-packages/airflow/example_dags/example_latest_only_with_trigger.py
[2022-12-07T14:06:45.597+0000] {processor.py:753} INFO - DAG(s) dict_keys(['latest_only_with_trigger']) retrieved from /home/airflow/.local/lib/python3.7/site-packages/airflow/example_dags/example_latest_only_with_trigger.py
[2022-12-07T14:06:45.664+0000] {logging_mixin.py:137} INFO - [2022-12-07T14:06:45.664+0000] {dag.py:2676} INFO - Sync 1 DAGs
[2022-12-07T14:06:45.709+0000] {logging_mixin.py:137} INFO - [2022-12-07T14:06:45.709+0000] {dag.py:3427} INFO - Setting next_dagrun for latest_only_with_trigger to 2022-12-07T10:06:45.708911+00:00, run_after=2022-12-07T14:06:45.708911+00:00
[2022-12-07T14:06:45.765+0000] {processor.py:175} INFO - Processing /home/airflow/.local/lib/python3.7/site-packages/airflow/example_dags/example_latest_only_with_trigger.py took 0.206 seconds
[2022-12-07T14:07:20.451+0000] {processor.py:153} INFO - Started process (PID=369) to work on /home/airflow/.local/lib/python3.7/site-packages/airflow/example_dags/example_latest_only_with_trigger.py
[2022-12-07T14:07:20.460+0000] {processor.py:743} INFO - Processing file /home/airflow/.local/lib/python3.7/site-packages/airflow/example_dags/example_latest_only_with_trigger.py for tasks to queue
[2022-12-07T14:07:20.464+0000] {logging_mixin.py:137} INFO - [2022-12-07T14:07:20.463+0000] {dagbag.py:538} INFO - Filling up the DagBag from /home/airflow/.local/lib/python3.7/site-packages/airflow/example_dags/example_latest_only_with_trigger.py
[2022-12-07T14:07:20.496+0000] {processor.py:753} INFO - DAG(s) dict_keys(['latest_only_with_trigger']) retrieved from /home/airflow/.local/lib/python3.7/site-packages/airflow/example_dags/example_latest_only_with_trigger.py
[2022-12-07T14:07:20.575+0000] {logging_mixin.py:137} INFO - [2022-12-07T14:07:20.575+0000] {dag.py:2676} INFO - Sync 1 DAGs
[2022-12-07T14:07:20.638+0000] {logging_mixin.py:137} INFO - [2022-12-07T14:07:20.638+0000] {dag.py:3427} INFO - Setting next_dagrun for latest_only_with_trigger to 2022-12-07T10:07:20.637619+00:00, run_after=2022-12-07T14:07:20.637619+00:00
[2022-12-07T14:07:20.680+0000] {processor.py:175} INFO - Processing /home/airflow/.local/lib/python3.7/site-packages/airflow/example_dags/example_latest_only_with_trigger.py took 0.236 seconds
[2022-12-07T14:07:50.773+0000] {processor.py:153} INFO - Started process (PID=439) to work on /home/airflow/.local/lib/python3.7/site-packages/airflow/example_dags/example_latest_only_with_trigger.py
[2022-12-07T14:07:50.776+0000] {processor.py:743} INFO - Processing file /home/airflow/.local/lib/python3.7/site-packages/airflow/example_dags/example_latest_only_with_trigger.py for tasks to queue
[2022-12-07T14:07:50.779+0000] {logging_mixin.py:137} INFO - [2022-12-07T14:07:50.778+0000] {dagbag.py:538} INFO - Filling up the DagBag from /home/airflow/.local/lib/python3.7/site-packages/airflow/example_dags/example_latest_only_with_trigger.py
[2022-12-07T14:07:50.804+0000] {processor.py:753} INFO - DAG(s) dict_keys(['latest_only_with_trigger']) retrieved from /home/airflow/.local/lib/python3.7/site-packages/airflow/example_dags/example_latest_only_with_trigger.py
[2022-12-07T14:07:50.863+0000] {logging_mixin.py:137} INFO - [2022-12-07T14:07:50.863+0000] {dag.py:2676} INFO - Sync 1 DAGs
[2022-12-07T14:07:50.904+0000] {logging_mixin.py:137} INFO - [2022-12-07T14:07:50.904+0000] {dag.py:3427} INFO - Setting next_dagrun for latest_only_with_trigger to 2022-12-07T10:07:50.904030+00:00, run_after=2022-12-07T14:07:50.904030+00:00
[2022-12-07T14:07:50.934+0000] {processor.py:175} INFO - Processing /home/airflow/.local/lib/python3.7/site-packages/airflow/example_dags/example_latest_only_with_trigger.py took 0.167 seconds
[2022-12-07T14:08:21.275+0000] {processor.py:153} INFO - Started process (PID=509) to work on /home/airflow/.local/lib/python3.7/site-packages/airflow/example_dags/example_latest_only_with_trigger.py
[2022-12-07T14:08:21.278+0000] {processor.py:743} INFO - Processing file /home/airflow/.local/lib/python3.7/site-packages/airflow/example_dags/example_latest_only_with_trigger.py for tasks to queue
[2022-12-07T14:08:21.282+0000] {logging_mixin.py:137} INFO - [2022-12-07T14:08:21.282+0000] {dagbag.py:538} INFO - Filling up the DagBag from /home/airflow/.local/lib/python3.7/site-packages/airflow/example_dags/example_latest_only_with_trigger.py
[2022-12-07T14:08:21.310+0000] {processor.py:753} INFO - DAG(s) dict_keys(['latest_only_with_trigger']) retrieved from /home/airflow/.local/lib/python3.7/site-packages/airflow/example_dags/example_latest_only_with_trigger.py
[2022-12-07T14:08:21.380+0000] {logging_mixin.py:137} INFO - [2022-12-07T14:08:21.380+0000] {dag.py:2676} INFO - Sync 1 DAGs
[2022-12-07T14:08:21.423+0000] {logging_mixin.py:137} INFO - [2022-12-07T14:08:21.423+0000] {dag.py:3427} INFO - Setting next_dagrun for latest_only_with_trigger to 2022-12-07T10:08:21.422644+00:00, run_after=2022-12-07T14:08:21.422644+00:00
[2022-12-07T14:08:21.453+0000] {processor.py:175} INFO - Processing /home/airflow/.local/lib/python3.7/site-packages/airflow/example_dags/example_latest_only_with_trigger.py took 0.184 seconds
[2022-12-07T14:08:51.677+0000] {processor.py:153} INFO - Started process (PID=588) to work on /home/airflow/.local/lib/python3.7/site-packages/airflow/example_dags/example_latest_only_with_trigger.py
[2022-12-07T14:08:51.681+0000] {processor.py:743} INFO - Processing file /home/airflow/.local/lib/python3.7/site-packages/airflow/example_dags/example_latest_only_with_trigger.py for tasks to queue
[2022-12-07T14:08:51.683+0000] {logging_mixin.py:137} INFO - [2022-12-07T14:08:51.683+0000] {dagbag.py:538} INFO - Filling up the DagBag from /home/airflow/.local/lib/python3.7/site-packages/airflow/example_dags/example_latest_only_with_trigger.py
[2022-12-07T14:08:51.712+0000] {processor.py:753} INFO - DAG(s) dict_keys(['latest_only_with_trigger']) retrieved from /home/airflow/.local/lib/python3.7/site-packages/airflow/example_dags/example_latest_only_with_trigger.py
[2022-12-07T14:08:51.774+0000] {logging_mixin.py:137} INFO - [2022-12-07T14:08:51.774+0000] {dag.py:2676} INFO - Sync 1 DAGs
[2022-12-07T14:08:51.818+0000] {logging_mixin.py:137} INFO - [2022-12-07T14:08:51.818+0000] {dag.py:3427} INFO - Setting next_dagrun for latest_only_with_trigger to 2022-12-07T10:08:51.818287+00:00, run_after=2022-12-07T14:08:51.818287+00:00
[2022-12-07T14:08:51.852+0000] {processor.py:175} INFO - Processing /home/airflow/.local/lib/python3.7/site-packages/airflow/example_dags/example_latest_only_with_trigger.py took 0.184 seconds
[2022-12-07T14:09:22.117+0000] {processor.py:153} INFO - Started process (PID=665) to work on /home/airflow/.local/lib/python3.7/site-packages/airflow/example_dags/example_latest_only_with_trigger.py
[2022-12-07T14:09:22.120+0000] {processor.py:743} INFO - Processing file /home/airflow/.local/lib/python3.7/site-packages/airflow/example_dags/example_latest_only_with_trigger.py for tasks to queue
[2022-12-07T14:09:22.124+0000] {logging_mixin.py:137} INFO - [2022-12-07T14:09:22.124+0000] {dagbag.py:538} INFO - Filling up the DagBag from /home/airflow/.local/lib/python3.7/site-packages/airflow/example_dags/example_latest_only_with_trigger.py
[2022-12-07T14:09:22.149+0000] {processor.py:753} INFO - DAG(s) dict_keys(['latest_only_with_trigger']) retrieved from /home/airflow/.local/lib/python3.7/site-packages/airflow/example_dags/example_latest_only_with_trigger.py
[2022-12-07T14:09:22.211+0000] {logging_mixin.py:137} INFO - [2022-12-07T14:09:22.211+0000] {dag.py:2676} INFO - Sync 1 DAGs
[2022-12-07T14:09:22.256+0000] {logging_mixin.py:137} INFO - [2022-12-07T14:09:22.256+0000] {dag.py:3427} INFO - Setting next_dagrun for latest_only_with_trigger to 2022-12-07T10:09:22.256311+00:00, run_after=2022-12-07T14:09:22.256311+00:00
[2022-12-07T14:09:22.287+0000] {processor.py:175} INFO - Processing /home/airflow/.local/lib/python3.7/site-packages/airflow/example_dags/example_latest_only_with_trigger.py took 0.176 seconds
[2022-12-07T14:09:52.717+0000] {processor.py:153} INFO - Started process (PID=735) to work on /home/airflow/.local/lib/python3.7/site-packages/airflow/example_dags/example_latest_only_with_trigger.py
[2022-12-07T14:09:52.720+0000] {processor.py:743} INFO - Processing file /home/airflow/.local/lib/python3.7/site-packages/airflow/example_dags/example_latest_only_with_trigger.py for tasks to queue
[2022-12-07T14:09:52.722+0000] {logging_mixin.py:137} INFO - [2022-12-07T14:09:52.722+0000] {dagbag.py:538} INFO - Filling up the DagBag from /home/airflow/.local/lib/python3.7/site-packages/airflow/example_dags/example_latest_only_with_trigger.py
[2022-12-07T14:09:52.746+0000] {processor.py:753} INFO - DAG(s) dict_keys(['latest_only_with_trigger']) retrieved from /home/airflow/.local/lib/python3.7/site-packages/airflow/example_dags/example_latest_only_with_trigger.py
[2022-12-07T14:09:52.806+0000] {logging_mixin.py:137} INFO - [2022-12-07T14:09:52.806+0000] {dag.py:2676} INFO - Sync 1 DAGs
[2022-12-07T14:09:52.849+0000] {logging_mixin.py:137} INFO - [2022-12-07T14:09:52.849+0000] {dag.py:3427} INFO - Setting next_dagrun for latest_only_with_trigger to 2022-12-07T10:09:52.848863+00:00, run_after=2022-12-07T14:09:52.848863+00:00
[2022-12-07T14:09:52.878+0000] {processor.py:175} INFO - Processing /home/airflow/.local/lib/python3.7/site-packages/airflow/example_dags/example_latest_only_with_trigger.py took 0.166 seconds
[2022-12-07T14:10:23.172+0000] {processor.py:153} INFO - Started process (PID=805) to work on /home/airflow/.local/lib/python3.7/site-packages/airflow/example_dags/example_latest_only_with_trigger.py
[2022-12-07T14:10:23.175+0000] {processor.py:743} INFO - Processing file /home/airflow/.local/lib/python3.7/site-packages/airflow/example_dags/example_latest_only_with_trigger.py for tasks to queue
[2022-12-07T14:10:23.177+0000] {logging_mixin.py:137} INFO - [2022-12-07T14:10:23.177+0000] {dagbag.py:538} INFO - Filling up the DagBag from /home/airflow/.local/lib/python3.7/site-packages/airflow/example_dags/example_latest_only_with_trigger.py
[2022-12-07T14:10:23.201+0000] {processor.py:753} INFO - DAG(s) dict_keys(['latest_only_with_trigger']) retrieved from /home/airflow/.local/lib/python3.7/site-packages/airflow/example_dags/example_latest_only_with_trigger.py
[2022-12-07T14:10:23.259+0000] {logging_mixin.py:137} INFO - [2022-12-07T14:10:23.259+0000] {dag.py:2676} INFO - Sync 1 DAGs
[2022-12-07T14:10:23.298+0000] {logging_mixin.py:137} INFO - [2022-12-07T14:10:23.298+0000] {dag.py:3427} INFO - Setting next_dagrun for latest_only_with_trigger to 2022-12-07T10:10:23.297743+00:00, run_after=2022-12-07T14:10:23.297743+00:00
[2022-12-07T14:10:23.327+0000] {processor.py:175} INFO - Processing /home/airflow/.local/lib/python3.7/site-packages/airflow/example_dags/example_latest_only_with_trigger.py took 0.160 seconds
[2022-12-07T14:10:54.037+0000] {processor.py:153} INFO - Started process (PID=892) to work on /home/airflow/.local/lib/python3.7/site-packages/airflow/example_dags/example_latest_only_with_trigger.py
[2022-12-07T14:10:54.042+0000] {processor.py:743} INFO - Processing file /home/airflow/.local/lib/python3.7/site-packages/airflow/example_dags/example_latest_only_with_trigger.py for tasks to queue
[2022-12-07T14:10:54.045+0000] {logging_mixin.py:137} INFO - [2022-12-07T14:10:54.044+0000] {dagbag.py:538} INFO - Filling up the DagBag from /home/airflow/.local/lib/python3.7/site-packages/airflow/example_dags/example_latest_only_with_trigger.py
[2022-12-07T14:10:54.073+0000] {processor.py:753} INFO - DAG(s) dict_keys(['latest_only_with_trigger']) retrieved from /home/airflow/.local/lib/python3.7/site-packages/airflow/example_dags/example_latest_only_with_trigger.py
[2022-12-07T14:10:54.145+0000] {logging_mixin.py:137} INFO - [2022-12-07T14:10:54.145+0000] {dag.py:2676} INFO - Sync 1 DAGs
[2022-12-07T14:10:54.190+0000] {logging_mixin.py:137} INFO - [2022-12-07T14:10:54.190+0000] {dag.py:3427} INFO - Setting next_dagrun for latest_only_with_trigger to 2022-12-07T10:10:54.190318+00:00, run_after=2022-12-07T14:10:54.190318+00:00
[2022-12-07T14:10:54.228+0000] {processor.py:175} INFO - Processing /home/airflow/.local/lib/python3.7/site-packages/airflow/example_dags/example_latest_only_with_trigger.py took 0.198 seconds
[2022-12-07T14:11:24.449+0000] {processor.py:153} INFO - Started process (PID=962) to work on /home/airflow/.local/lib/python3.7/site-packages/airflow/example_dags/example_latest_only_with_trigger.py
[2022-12-07T14:11:24.452+0000] {processor.py:743} INFO - Processing file /home/airflow/.local/lib/python3.7/site-packages/airflow/example_dags/example_latest_only_with_trigger.py for tasks to queue
[2022-12-07T14:11:24.454+0000] {logging_mixin.py:137} INFO - [2022-12-07T14:11:24.454+0000] {dagbag.py:538} INFO - Filling up the DagBag from /home/airflow/.local/lib/python3.7/site-packages/airflow/example_dags/example_latest_only_with_trigger.py
[2022-12-07T14:11:24.479+0000] {processor.py:753} INFO - DAG(s) dict_keys(['latest_only_with_trigger']) retrieved from /home/airflow/.local/lib/python3.7/site-packages/airflow/example_dags/example_latest_only_with_trigger.py
[2022-12-07T14:11:24.538+0000] {logging_mixin.py:137} INFO - [2022-12-07T14:11:24.538+0000] {dag.py:2676} INFO - Sync 1 DAGs
[2022-12-07T14:11:24.578+0000] {logging_mixin.py:137} INFO - [2022-12-07T14:11:24.578+0000] {dag.py:3427} INFO - Setting next_dagrun for latest_only_with_trigger to 2022-12-07T10:11:24.578175+00:00, run_after=2022-12-07T14:11:24.578175+00:00
[2022-12-07T14:11:24.608+0000] {processor.py:175} INFO - Processing /home/airflow/.local/lib/python3.7/site-packages/airflow/example_dags/example_latest_only_with_trigger.py took 0.165 seconds
[2022-12-07T14:11:54.957+0000] {processor.py:153} INFO - Started process (PID=1032) to work on /home/airflow/.local/lib/python3.7/site-packages/airflow/example_dags/example_latest_only_with_trigger.py
[2022-12-07T14:11:54.960+0000] {processor.py:743} INFO - Processing file /home/airflow/.local/lib/python3.7/site-packages/airflow/example_dags/example_latest_only_with_trigger.py for tasks to queue
[2022-12-07T14:11:54.962+0000] {logging_mixin.py:137} INFO - [2022-12-07T14:11:54.962+0000] {dagbag.py:538} INFO - Filling up the DagBag from /home/airflow/.local/lib/python3.7/site-packages/airflow/example_dags/example_latest_only_with_trigger.py
[2022-12-07T14:11:54.988+0000] {processor.py:753} INFO - DAG(s) dict_keys(['latest_only_with_trigger']) retrieved from /home/airflow/.local/lib/python3.7/site-packages/airflow/example_dags/example_latest_only_with_trigger.py
[2022-12-07T14:11:55.049+0000] {logging_mixin.py:137} INFO - [2022-12-07T14:11:55.049+0000] {dag.py:2676} INFO - Sync 1 DAGs
[2022-12-07T14:11:55.092+0000] {logging_mixin.py:137} INFO - [2022-12-07T14:11:55.092+0000] {dag.py:3427} INFO - Setting next_dagrun for latest_only_with_trigger to 2022-12-07T10:11:55.092197+00:00, run_after=2022-12-07T14:11:55.092197+00:00
[2022-12-07T14:11:55.123+0000] {processor.py:175} INFO - Processing /home/airflow/.local/lib/python3.7/site-packages/airflow/example_dags/example_latest_only_with_trigger.py took 0.172 seconds
