[2022-12-07T13:59:15.982+0000] {processor.py:153} INFO - Started process (PID=81) to work on /home/airflow/.local/lib/python3.7/site-packages/airflow/example_dags/example_task_group.py
[2022-12-07T13:59:15.984+0000] {processor.py:743} INFO - Processing file /home/airflow/.local/lib/python3.7/site-packages/airflow/example_dags/example_task_group.py for tasks to queue
[2022-12-07T13:59:15.987+0000] {logging_mixin.py:137} INFO - [2022-12-07T13:59:15.987+0000] {dagbag.py:538} INFO - Filling up the DagBag from /home/airflow/.local/lib/python3.7/site-packages/airflow/example_dags/example_task_group.py
[2022-12-07T13:59:16.022+0000] {processor.py:753} INFO - DAG(s) dict_keys(['example_task_group']) retrieved from /home/airflow/.local/lib/python3.7/site-packages/airflow/example_dags/example_task_group.py
[2022-12-07T13:59:16.095+0000] {logging_mixin.py:137} INFO - [2022-12-07T13:59:16.095+0000] {dag.py:2676} INFO - Sync 1 DAGs
[2022-12-07T13:59:16.184+0000] {logging_mixin.py:137} INFO - [2022-12-07T13:59:16.184+0000] {dag.py:3427} INFO - Setting next_dagrun for example_task_group to 2022-12-06T13:59:16.183224+00:00, run_after=2022-12-07T13:59:16.183224+00:00
[2022-12-07T13:59:16.272+0000] {processor.py:175} INFO - Processing /home/airflow/.local/lib/python3.7/site-packages/airflow/example_dags/example_task_group.py took 0.296 seconds
[2022-12-07T13:59:47.150+0000] {processor.py:153} INFO - Started process (PID=151) to work on /home/airflow/.local/lib/python3.7/site-packages/airflow/example_dags/example_task_group.py
[2022-12-07T13:59:47.152+0000] {processor.py:743} INFO - Processing file /home/airflow/.local/lib/python3.7/site-packages/airflow/example_dags/example_task_group.py for tasks to queue
[2022-12-07T13:59:47.154+0000] {logging_mixin.py:137} INFO - [2022-12-07T13:59:47.154+0000] {dagbag.py:538} INFO - Filling up the DagBag from /home/airflow/.local/lib/python3.7/site-packages/airflow/example_dags/example_task_group.py
[2022-12-07T13:59:47.181+0000] {processor.py:753} INFO - DAG(s) dict_keys(['example_task_group']) retrieved from /home/airflow/.local/lib/python3.7/site-packages/airflow/example_dags/example_task_group.py
[2022-12-07T13:59:47.239+0000] {logging_mixin.py:137} INFO - [2022-12-07T13:59:47.239+0000] {dag.py:2676} INFO - Sync 1 DAGs
[2022-12-07T13:59:47.281+0000] {logging_mixin.py:137} INFO - [2022-12-07T13:59:47.281+0000] {dag.py:3427} INFO - Setting next_dagrun for example_task_group to 2022-12-06T13:59:47.281133+00:00, run_after=2022-12-07T13:59:47.281133+00:00
[2022-12-07T13:59:47.310+0000] {processor.py:175} INFO - Processing /home/airflow/.local/lib/python3.7/site-packages/airflow/example_dags/example_task_group.py took 0.165 seconds
[2022-12-07T14:00:18.141+0000] {processor.py:153} INFO - Started process (PID=237) to work on /home/airflow/.local/lib/python3.7/site-packages/airflow/example_dags/example_task_group.py
[2022-12-07T14:00:18.144+0000] {processor.py:743} INFO - Processing file /home/airflow/.local/lib/python3.7/site-packages/airflow/example_dags/example_task_group.py for tasks to queue
[2022-12-07T14:00:18.146+0000] {logging_mixin.py:137} INFO - [2022-12-07T14:00:18.145+0000] {dagbag.py:538} INFO - Filling up the DagBag from /home/airflow/.local/lib/python3.7/site-packages/airflow/example_dags/example_task_group.py
[2022-12-07T14:00:18.174+0000] {processor.py:753} INFO - DAG(s) dict_keys(['example_task_group']) retrieved from /home/airflow/.local/lib/python3.7/site-packages/airflow/example_dags/example_task_group.py
[2022-12-07T14:00:18.234+0000] {logging_mixin.py:137} INFO - [2022-12-07T14:00:18.234+0000] {dag.py:2676} INFO - Sync 1 DAGs
[2022-12-07T14:00:18.276+0000] {logging_mixin.py:137} INFO - [2022-12-07T14:00:18.276+0000] {dag.py:3427} INFO - Setting next_dagrun for example_task_group to 2022-12-06T14:00:18.276303+00:00, run_after=2022-12-07T14:00:18.276303+00:00
[2022-12-07T14:00:18.308+0000] {processor.py:175} INFO - Processing /home/airflow/.local/lib/python3.7/site-packages/airflow/example_dags/example_task_group.py took 0.173 seconds
[2022-12-07T14:00:48.585+0000] {processor.py:153} INFO - Started process (PID=307) to work on /home/airflow/.local/lib/python3.7/site-packages/airflow/example_dags/example_task_group.py
[2022-12-07T14:00:48.589+0000] {processor.py:743} INFO - Processing file /home/airflow/.local/lib/python3.7/site-packages/airflow/example_dags/example_task_group.py for tasks to queue
[2022-12-07T14:00:48.592+0000] {logging_mixin.py:137} INFO - [2022-12-07T14:00:48.591+0000] {dagbag.py:538} INFO - Filling up the DagBag from /home/airflow/.local/lib/python3.7/site-packages/airflow/example_dags/example_task_group.py
[2022-12-07T14:00:48.625+0000] {processor.py:753} INFO - DAG(s) dict_keys(['example_task_group']) retrieved from /home/airflow/.local/lib/python3.7/site-packages/airflow/example_dags/example_task_group.py
[2022-12-07T14:00:48.688+0000] {logging_mixin.py:137} INFO - [2022-12-07T14:00:48.687+0000] {dag.py:2676} INFO - Sync 1 DAGs
[2022-12-07T14:00:48.733+0000] {logging_mixin.py:137} INFO - [2022-12-07T14:00:48.733+0000] {dag.py:3427} INFO - Setting next_dagrun for example_task_group to 2022-12-06T14:00:48.733282+00:00, run_after=2022-12-07T14:00:48.733282+00:00
[2022-12-07T14:00:48.766+0000] {processor.py:175} INFO - Processing /home/airflow/.local/lib/python3.7/site-packages/airflow/example_dags/example_task_group.py took 0.187 seconds
[2022-12-07T14:01:19.246+0000] {processor.py:153} INFO - Started process (PID=377) to work on /home/airflow/.local/lib/python3.7/site-packages/airflow/example_dags/example_task_group.py
[2022-12-07T14:01:19.250+0000] {processor.py:743} INFO - Processing file /home/airflow/.local/lib/python3.7/site-packages/airflow/example_dags/example_task_group.py for tasks to queue
[2022-12-07T14:01:19.254+0000] {logging_mixin.py:137} INFO - [2022-12-07T14:01:19.254+0000] {dagbag.py:538} INFO - Filling up the DagBag from /home/airflow/.local/lib/python3.7/site-packages/airflow/example_dags/example_task_group.py
[2022-12-07T14:01:19.285+0000] {processor.py:753} INFO - DAG(s) dict_keys(['example_task_group']) retrieved from /home/airflow/.local/lib/python3.7/site-packages/airflow/example_dags/example_task_group.py
[2022-12-07T14:01:19.347+0000] {logging_mixin.py:137} INFO - [2022-12-07T14:01:19.347+0000] {dag.py:2676} INFO - Sync 1 DAGs
[2022-12-07T14:01:19.387+0000] {logging_mixin.py:137} INFO - [2022-12-07T14:01:19.386+0000] {dag.py:3427} INFO - Setting next_dagrun for example_task_group to 2022-12-06T14:01:19.386473+00:00, run_after=2022-12-07T14:01:19.386473+00:00
[2022-12-07T14:01:19.417+0000] {processor.py:175} INFO - Processing /home/airflow/.local/lib/python3.7/site-packages/airflow/example_dags/example_task_group.py took 0.178 seconds
[2022-12-07T14:01:50.105+0000] {processor.py:153} INFO - Started process (PID=454) to work on /home/airflow/.local/lib/python3.7/site-packages/airflow/example_dags/example_task_group.py
[2022-12-07T14:01:50.108+0000] {processor.py:743} INFO - Processing file /home/airflow/.local/lib/python3.7/site-packages/airflow/example_dags/example_task_group.py for tasks to queue
[2022-12-07T14:01:50.111+0000] {logging_mixin.py:137} INFO - [2022-12-07T14:01:50.110+0000] {dagbag.py:538} INFO - Filling up the DagBag from /home/airflow/.local/lib/python3.7/site-packages/airflow/example_dags/example_task_group.py
[2022-12-07T14:01:50.146+0000] {processor.py:753} INFO - DAG(s) dict_keys(['example_task_group']) retrieved from /home/airflow/.local/lib/python3.7/site-packages/airflow/example_dags/example_task_group.py
[2022-12-07T14:01:50.213+0000] {logging_mixin.py:137} INFO - [2022-12-07T14:01:50.213+0000] {dag.py:2676} INFO - Sync 1 DAGs
[2022-12-07T14:01:50.264+0000] {logging_mixin.py:137} INFO - [2022-12-07T14:01:50.264+0000] {dag.py:3427} INFO - Setting next_dagrun for example_task_group to 2022-12-06T14:01:50.263258+00:00, run_after=2022-12-07T14:01:50.263258+00:00
[2022-12-07T14:01:50.300+0000] {processor.py:175} INFO - Processing /home/airflow/.local/lib/python3.7/site-packages/airflow/example_dags/example_task_group.py took 0.203 seconds
[2022-12-07T14:02:20.451+0000] {processor.py:153} INFO - Started process (PID=533) to work on /home/airflow/.local/lib/python3.7/site-packages/airflow/example_dags/example_task_group.py
[2022-12-07T14:02:20.455+0000] {processor.py:743} INFO - Processing file /home/airflow/.local/lib/python3.7/site-packages/airflow/example_dags/example_task_group.py for tasks to queue
[2022-12-07T14:02:20.457+0000] {logging_mixin.py:137} INFO - [2022-12-07T14:02:20.457+0000] {dagbag.py:538} INFO - Filling up the DagBag from /home/airflow/.local/lib/python3.7/site-packages/airflow/example_dags/example_task_group.py
[2022-12-07T14:02:20.486+0000] {processor.py:753} INFO - DAG(s) dict_keys(['example_task_group']) retrieved from /home/airflow/.local/lib/python3.7/site-packages/airflow/example_dags/example_task_group.py
[2022-12-07T14:02:20.547+0000] {logging_mixin.py:137} INFO - [2022-12-07T14:02:20.547+0000] {dag.py:2676} INFO - Sync 1 DAGs
[2022-12-07T14:02:20.589+0000] {logging_mixin.py:137} INFO - [2022-12-07T14:02:20.589+0000] {dag.py:3427} INFO - Setting next_dagrun for example_task_group to 2022-12-06T14:02:20.589082+00:00, run_after=2022-12-07T14:02:20.589082+00:00
[2022-12-07T14:02:20.619+0000] {processor.py:175} INFO - Processing /home/airflow/.local/lib/python3.7/site-packages/airflow/example_dags/example_task_group.py took 0.173 seconds
[2022-12-07T14:02:50.697+0000] {processor.py:153} INFO - Started process (PID=604) to work on /home/airflow/.local/lib/python3.7/site-packages/airflow/example_dags/example_task_group.py
[2022-12-07T14:02:50.699+0000] {processor.py:743} INFO - Processing file /home/airflow/.local/lib/python3.7/site-packages/airflow/example_dags/example_task_group.py for tasks to queue
[2022-12-07T14:02:50.702+0000] {logging_mixin.py:137} INFO - [2022-12-07T14:02:50.701+0000] {dagbag.py:538} INFO - Filling up the DagBag from /home/airflow/.local/lib/python3.7/site-packages/airflow/example_dags/example_task_group.py
[2022-12-07T14:02:50.730+0000] {processor.py:753} INFO - DAG(s) dict_keys(['example_task_group']) retrieved from /home/airflow/.local/lib/python3.7/site-packages/airflow/example_dags/example_task_group.py
[2022-12-07T14:02:50.791+0000] {logging_mixin.py:137} INFO - [2022-12-07T14:02:50.791+0000] {dag.py:2676} INFO - Sync 1 DAGs
[2022-12-07T14:02:50.832+0000] {logging_mixin.py:137} INFO - [2022-12-07T14:02:50.831+0000] {dag.py:3427} INFO - Setting next_dagrun for example_task_group to 2022-12-06T14:02:50.831597+00:00, run_after=2022-12-07T14:02:50.831597+00:00
[2022-12-07T14:02:50.883+0000] {processor.py:175} INFO - Processing /home/airflow/.local/lib/python3.7/site-packages/airflow/example_dags/example_task_group.py took 0.192 seconds
[2022-12-07T14:03:21.832+0000] {processor.py:153} INFO - Started process (PID=674) to work on /home/airflow/.local/lib/python3.7/site-packages/airflow/example_dags/example_task_group.py
[2022-12-07T14:03:21.835+0000] {processor.py:743} INFO - Processing file /home/airflow/.local/lib/python3.7/site-packages/airflow/example_dags/example_task_group.py for tasks to queue
[2022-12-07T14:03:21.838+0000] {logging_mixin.py:137} INFO - [2022-12-07T14:03:21.837+0000] {dagbag.py:538} INFO - Filling up the DagBag from /home/airflow/.local/lib/python3.7/site-packages/airflow/example_dags/example_task_group.py
[2022-12-07T14:03:21.866+0000] {processor.py:753} INFO - DAG(s) dict_keys(['example_task_group']) retrieved from /home/airflow/.local/lib/python3.7/site-packages/airflow/example_dags/example_task_group.py
[2022-12-07T14:03:21.928+0000] {logging_mixin.py:137} INFO - [2022-12-07T14:03:21.928+0000] {dag.py:2676} INFO - Sync 1 DAGs
[2022-12-07T14:03:21.968+0000] {logging_mixin.py:137} INFO - [2022-12-07T14:03:21.968+0000] {dag.py:3427} INFO - Setting next_dagrun for example_task_group to 2022-12-06T14:03:21.967708+00:00, run_after=2022-12-07T14:03:21.967708+00:00
[2022-12-07T14:03:21.998+0000] {processor.py:175} INFO - Processing /home/airflow/.local/lib/python3.7/site-packages/airflow/example_dags/example_task_group.py took 0.172 seconds
[2022-12-07T14:05:15.324+0000] {processor.py:153} INFO - Started process (PID=80) to work on /home/airflow/.local/lib/python3.7/site-packages/airflow/example_dags/example_task_group.py
[2022-12-07T14:05:15.329+0000] {processor.py:743} INFO - Processing file /home/airflow/.local/lib/python3.7/site-packages/airflow/example_dags/example_task_group.py for tasks to queue
[2022-12-07T14:05:15.333+0000] {logging_mixin.py:137} INFO - [2022-12-07T14:05:15.333+0000] {dagbag.py:538} INFO - Filling up the DagBag from /home/airflow/.local/lib/python3.7/site-packages/airflow/example_dags/example_task_group.py
[2022-12-07T14:05:15.367+0000] {processor.py:753} INFO - DAG(s) dict_keys(['example_task_group']) retrieved from /home/airflow/.local/lib/python3.7/site-packages/airflow/example_dags/example_task_group.py
[2022-12-07T14:05:15.424+0000] {logging_mixin.py:137} INFO - [2022-12-07T14:05:15.424+0000] {dag.py:2676} INFO - Sync 1 DAGs
[2022-12-07T14:05:15.486+0000] {logging_mixin.py:137} INFO - [2022-12-07T14:05:15.486+0000] {dag.py:3427} INFO - Setting next_dagrun for example_task_group to 2022-12-06T14:05:15.485943+00:00, run_after=2022-12-07T14:05:15.485943+00:00
[2022-12-07T14:05:15.542+0000] {processor.py:175} INFO - Processing /home/airflow/.local/lib/python3.7/site-packages/airflow/example_dags/example_task_group.py took 0.226 seconds
[2022-12-07T14:05:46.024+0000] {processor.py:153} INFO - Started process (PID=151) to work on /home/airflow/.local/lib/python3.7/site-packages/airflow/example_dags/example_task_group.py
[2022-12-07T14:05:46.029+0000] {processor.py:743} INFO - Processing file /home/airflow/.local/lib/python3.7/site-packages/airflow/example_dags/example_task_group.py for tasks to queue
[2022-12-07T14:05:46.036+0000] {logging_mixin.py:137} INFO - [2022-12-07T14:05:46.036+0000] {dagbag.py:538} INFO - Filling up the DagBag from /home/airflow/.local/lib/python3.7/site-packages/airflow/example_dags/example_task_group.py
[2022-12-07T14:05:46.116+0000] {processor.py:753} INFO - DAG(s) dict_keys(['example_task_group']) retrieved from /home/airflow/.local/lib/python3.7/site-packages/airflow/example_dags/example_task_group.py
[2022-12-07T14:05:46.276+0000] {logging_mixin.py:137} INFO - [2022-12-07T14:05:46.276+0000] {dag.py:2676} INFO - Sync 1 DAGs
[2022-12-07T14:05:46.347+0000] {logging_mixin.py:137} INFO - [2022-12-07T14:05:46.346+0000] {dag.py:3427} INFO - Setting next_dagrun for example_task_group to 2022-12-06T14:05:46.346479+00:00, run_after=2022-12-07T14:05:46.346479+00:00
[2022-12-07T14:05:46.403+0000] {processor.py:175} INFO - Processing /home/airflow/.local/lib/python3.7/site-packages/airflow/example_dags/example_task_group.py took 0.388 seconds
[2022-12-07T14:06:17.288+0000] {processor.py:153} INFO - Started process (PID=221) to work on /home/airflow/.local/lib/python3.7/site-packages/airflow/example_dags/example_task_group.py
[2022-12-07T14:06:17.293+0000] {processor.py:743} INFO - Processing file /home/airflow/.local/lib/python3.7/site-packages/airflow/example_dags/example_task_group.py for tasks to queue
[2022-12-07T14:06:17.299+0000] {logging_mixin.py:137} INFO - [2022-12-07T14:06:17.298+0000] {dagbag.py:538} INFO - Filling up the DagBag from /home/airflow/.local/lib/python3.7/site-packages/airflow/example_dags/example_task_group.py
[2022-12-07T14:06:17.343+0000] {processor.py:753} INFO - DAG(s) dict_keys(['example_task_group']) retrieved from /home/airflow/.local/lib/python3.7/site-packages/airflow/example_dags/example_task_group.py
[2022-12-07T14:06:17.412+0000] {logging_mixin.py:137} INFO - [2022-12-07T14:06:17.411+0000] {dag.py:2676} INFO - Sync 1 DAGs
[2022-12-07T14:06:17.452+0000] {logging_mixin.py:137} INFO - [2022-12-07T14:06:17.452+0000] {dag.py:3427} INFO - Setting next_dagrun for example_task_group to 2022-12-06T14:06:17.452058+00:00, run_after=2022-12-07T14:06:17.452058+00:00
[2022-12-07T14:06:17.488+0000] {processor.py:175} INFO - Processing /home/airflow/.local/lib/python3.7/site-packages/airflow/example_dags/example_task_group.py took 0.208 seconds
[2022-12-07T14:06:47.633+0000] {processor.py:153} INFO - Started process (PID=307) to work on /home/airflow/.local/lib/python3.7/site-packages/airflow/example_dags/example_task_group.py
[2022-12-07T14:06:47.636+0000] {processor.py:743} INFO - Processing file /home/airflow/.local/lib/python3.7/site-packages/airflow/example_dags/example_task_group.py for tasks to queue
[2022-12-07T14:06:47.639+0000] {logging_mixin.py:137} INFO - [2022-12-07T14:06:47.639+0000] {dagbag.py:538} INFO - Filling up the DagBag from /home/airflow/.local/lib/python3.7/site-packages/airflow/example_dags/example_task_group.py
[2022-12-07T14:06:47.668+0000] {processor.py:753} INFO - DAG(s) dict_keys(['example_task_group']) retrieved from /home/airflow/.local/lib/python3.7/site-packages/airflow/example_dags/example_task_group.py
[2022-12-07T14:06:47.730+0000] {logging_mixin.py:137} INFO - [2022-12-07T14:06:47.729+0000] {dag.py:2676} INFO - Sync 1 DAGs
[2022-12-07T14:06:47.772+0000] {logging_mixin.py:137} INFO - [2022-12-07T14:06:47.771+0000] {dag.py:3427} INFO - Setting next_dagrun for example_task_group to 2022-12-06T14:06:47.771386+00:00, run_after=2022-12-07T14:06:47.771386+00:00
[2022-12-07T14:06:47.808+0000] {processor.py:175} INFO - Processing /home/airflow/.local/lib/python3.7/site-packages/airflow/example_dags/example_task_group.py took 0.181 seconds
[2022-12-07T14:07:21.612+0000] {processor.py:153} INFO - Started process (PID=377) to work on /home/airflow/.local/lib/python3.7/site-packages/airflow/example_dags/example_task_group.py
[2022-12-07T14:07:21.615+0000] {processor.py:743} INFO - Processing file /home/airflow/.local/lib/python3.7/site-packages/airflow/example_dags/example_task_group.py for tasks to queue
[2022-12-07T14:07:21.617+0000] {logging_mixin.py:137} INFO - [2022-12-07T14:07:21.617+0000] {dagbag.py:538} INFO - Filling up the DagBag from /home/airflow/.local/lib/python3.7/site-packages/airflow/example_dags/example_task_group.py
[2022-12-07T14:07:21.645+0000] {processor.py:753} INFO - DAG(s) dict_keys(['example_task_group']) retrieved from /home/airflow/.local/lib/python3.7/site-packages/airflow/example_dags/example_task_group.py
[2022-12-07T14:07:21.709+0000] {logging_mixin.py:137} INFO - [2022-12-07T14:07:21.708+0000] {dag.py:2676} INFO - Sync 1 DAGs
[2022-12-07T14:07:21.752+0000] {logging_mixin.py:137} INFO - [2022-12-07T14:07:21.752+0000] {dag.py:3427} INFO - Setting next_dagrun for example_task_group to 2022-12-06T14:07:21.751971+00:00, run_after=2022-12-07T14:07:21.751971+00:00
[2022-12-07T14:07:21.781+0000] {processor.py:175} INFO - Processing /home/airflow/.local/lib/python3.7/site-packages/airflow/example_dags/example_task_group.py took 0.175 seconds
[2022-12-07T14:07:51.981+0000] {processor.py:153} INFO - Started process (PID=447) to work on /home/airflow/.local/lib/python3.7/site-packages/airflow/example_dags/example_task_group.py
[2022-12-07T14:07:51.984+0000] {processor.py:743} INFO - Processing file /home/airflow/.local/lib/python3.7/site-packages/airflow/example_dags/example_task_group.py for tasks to queue
[2022-12-07T14:07:51.987+0000] {logging_mixin.py:137} INFO - [2022-12-07T14:07:51.987+0000] {dagbag.py:538} INFO - Filling up the DagBag from /home/airflow/.local/lib/python3.7/site-packages/airflow/example_dags/example_task_group.py
[2022-12-07T14:07:52.018+0000] {processor.py:753} INFO - DAG(s) dict_keys(['example_task_group']) retrieved from /home/airflow/.local/lib/python3.7/site-packages/airflow/example_dags/example_task_group.py
[2022-12-07T14:07:52.085+0000] {logging_mixin.py:137} INFO - [2022-12-07T14:07:52.085+0000] {dag.py:2676} INFO - Sync 1 DAGs
[2022-12-07T14:07:52.126+0000] {logging_mixin.py:137} INFO - [2022-12-07T14:07:52.125+0000] {dag.py:3427} INFO - Setting next_dagrun for example_task_group to 2022-12-06T14:07:52.125399+00:00, run_after=2022-12-07T14:07:52.125399+00:00
[2022-12-07T14:07:52.159+0000] {processor.py:175} INFO - Processing /home/airflow/.local/lib/python3.7/site-packages/airflow/example_dags/example_task_group.py took 0.185 seconds
[2022-12-07T14:08:22.282+0000] {processor.py:153} INFO - Started process (PID=517) to work on /home/airflow/.local/lib/python3.7/site-packages/airflow/example_dags/example_task_group.py
[2022-12-07T14:08:22.286+0000] {processor.py:743} INFO - Processing file /home/airflow/.local/lib/python3.7/site-packages/airflow/example_dags/example_task_group.py for tasks to queue
[2022-12-07T14:08:22.289+0000] {logging_mixin.py:137} INFO - [2022-12-07T14:08:22.289+0000] {dagbag.py:538} INFO - Filling up the DagBag from /home/airflow/.local/lib/python3.7/site-packages/airflow/example_dags/example_task_group.py
[2022-12-07T14:08:22.318+0000] {processor.py:753} INFO - DAG(s) dict_keys(['example_task_group']) retrieved from /home/airflow/.local/lib/python3.7/site-packages/airflow/example_dags/example_task_group.py
[2022-12-07T14:08:22.383+0000] {logging_mixin.py:137} INFO - [2022-12-07T14:08:22.382+0000] {dag.py:2676} INFO - Sync 1 DAGs
[2022-12-07T14:08:22.423+0000] {logging_mixin.py:137} INFO - [2022-12-07T14:08:22.423+0000] {dag.py:3427} INFO - Setting next_dagrun for example_task_group to 2022-12-06T14:08:22.423344+00:00, run_after=2022-12-07T14:08:22.423344+00:00
[2022-12-07T14:08:22.456+0000] {processor.py:175} INFO - Processing /home/airflow/.local/lib/python3.7/site-packages/airflow/example_dags/example_task_group.py took 0.182 seconds
[2022-12-07T14:08:52.679+0000] {processor.py:153} INFO - Started process (PID=603) to work on /home/airflow/.local/lib/python3.7/site-packages/airflow/example_dags/example_task_group.py
[2022-12-07T14:08:52.682+0000] {processor.py:743} INFO - Processing file /home/airflow/.local/lib/python3.7/site-packages/airflow/example_dags/example_task_group.py for tasks to queue
[2022-12-07T14:08:52.684+0000] {logging_mixin.py:137} INFO - [2022-12-07T14:08:52.684+0000] {dagbag.py:538} INFO - Filling up the DagBag from /home/airflow/.local/lib/python3.7/site-packages/airflow/example_dags/example_task_group.py
[2022-12-07T14:08:52.712+0000] {processor.py:753} INFO - DAG(s) dict_keys(['example_task_group']) retrieved from /home/airflow/.local/lib/python3.7/site-packages/airflow/example_dags/example_task_group.py
[2022-12-07T14:08:52.772+0000] {logging_mixin.py:137} INFO - [2022-12-07T14:08:52.772+0000] {dag.py:2676} INFO - Sync 1 DAGs
[2022-12-07T14:08:52.818+0000] {logging_mixin.py:137} INFO - [2022-12-07T14:08:52.818+0000] {dag.py:3427} INFO - Setting next_dagrun for example_task_group to 2022-12-06T14:08:52.817805+00:00, run_after=2022-12-07T14:08:52.817805+00:00
[2022-12-07T14:08:52.851+0000] {processor.py:175} INFO - Processing /home/airflow/.local/lib/python3.7/site-packages/airflow/example_dags/example_task_group.py took 0.178 seconds
[2022-12-07T14:09:23.107+0000] {processor.py:153} INFO - Started process (PID=673) to work on /home/airflow/.local/lib/python3.7/site-packages/airflow/example_dags/example_task_group.py
[2022-12-07T14:09:23.111+0000] {processor.py:743} INFO - Processing file /home/airflow/.local/lib/python3.7/site-packages/airflow/example_dags/example_task_group.py for tasks to queue
[2022-12-07T14:09:23.113+0000] {logging_mixin.py:137} INFO - [2022-12-07T14:09:23.113+0000] {dagbag.py:538} INFO - Filling up the DagBag from /home/airflow/.local/lib/python3.7/site-packages/airflow/example_dags/example_task_group.py
[2022-12-07T14:09:23.142+0000] {processor.py:753} INFO - DAG(s) dict_keys(['example_task_group']) retrieved from /home/airflow/.local/lib/python3.7/site-packages/airflow/example_dags/example_task_group.py
[2022-12-07T14:09:23.205+0000] {logging_mixin.py:137} INFO - [2022-12-07T14:09:23.205+0000] {dag.py:2676} INFO - Sync 1 DAGs
[2022-12-07T14:09:23.250+0000] {logging_mixin.py:137} INFO - [2022-12-07T14:09:23.250+0000] {dag.py:3427} INFO - Setting next_dagrun for example_task_group to 2022-12-06T14:09:23.249924+00:00, run_after=2022-12-07T14:09:23.249924+00:00
[2022-12-07T14:09:23.280+0000] {processor.py:175} INFO - Processing /home/airflow/.local/lib/python3.7/site-packages/airflow/example_dags/example_task_group.py took 0.178 seconds
[2022-12-07T14:09:53.587+0000] {processor.py:153} INFO - Started process (PID=743) to work on /home/airflow/.local/lib/python3.7/site-packages/airflow/example_dags/example_task_group.py
[2022-12-07T14:09:53.590+0000] {processor.py:743} INFO - Processing file /home/airflow/.local/lib/python3.7/site-packages/airflow/example_dags/example_task_group.py for tasks to queue
[2022-12-07T14:09:53.593+0000] {logging_mixin.py:137} INFO - [2022-12-07T14:09:53.593+0000] {dagbag.py:538} INFO - Filling up the DagBag from /home/airflow/.local/lib/python3.7/site-packages/airflow/example_dags/example_task_group.py
[2022-12-07T14:09:53.621+0000] {processor.py:753} INFO - DAG(s) dict_keys(['example_task_group']) retrieved from /home/airflow/.local/lib/python3.7/site-packages/airflow/example_dags/example_task_group.py
[2022-12-07T14:09:53.685+0000] {logging_mixin.py:137} INFO - [2022-12-07T14:09:53.685+0000] {dag.py:2676} INFO - Sync 1 DAGs
[2022-12-07T14:09:53.730+0000] {logging_mixin.py:137} INFO - [2022-12-07T14:09:53.730+0000] {dag.py:3427} INFO - Setting next_dagrun for example_task_group to 2022-12-06T14:09:53.729714+00:00, run_after=2022-12-07T14:09:53.729714+00:00
[2022-12-07T14:09:53.761+0000] {processor.py:175} INFO - Processing /home/airflow/.local/lib/python3.7/site-packages/airflow/example_dags/example_task_group.py took 0.180 seconds
[2022-12-07T14:10:24.089+0000] {processor.py:153} INFO - Started process (PID=820) to work on /home/airflow/.local/lib/python3.7/site-packages/airflow/example_dags/example_task_group.py
[2022-12-07T14:10:24.092+0000] {processor.py:743} INFO - Processing file /home/airflow/.local/lib/python3.7/site-packages/airflow/example_dags/example_task_group.py for tasks to queue
[2022-12-07T14:10:24.095+0000] {logging_mixin.py:137} INFO - [2022-12-07T14:10:24.094+0000] {dagbag.py:538} INFO - Filling up the DagBag from /home/airflow/.local/lib/python3.7/site-packages/airflow/example_dags/example_task_group.py
[2022-12-07T14:10:24.123+0000] {processor.py:753} INFO - DAG(s) dict_keys(['example_task_group']) retrieved from /home/airflow/.local/lib/python3.7/site-packages/airflow/example_dags/example_task_group.py
[2022-12-07T14:10:24.187+0000] {logging_mixin.py:137} INFO - [2022-12-07T14:10:24.187+0000] {dag.py:2676} INFO - Sync 1 DAGs
[2022-12-07T14:10:24.228+0000] {logging_mixin.py:137} INFO - [2022-12-07T14:10:24.228+0000] {dag.py:3427} INFO - Setting next_dagrun for example_task_group to 2022-12-06T14:10:24.227754+00:00, run_after=2022-12-07T14:10:24.227754+00:00
[2022-12-07T14:10:24.260+0000] {processor.py:175} INFO - Processing /home/airflow/.local/lib/python3.7/site-packages/airflow/example_dags/example_task_group.py took 0.176 seconds
[2022-12-07T14:10:55.060+0000] {processor.py:153} INFO - Started process (PID=900) to work on /home/airflow/.local/lib/python3.7/site-packages/airflow/example_dags/example_task_group.py
[2022-12-07T14:10:55.064+0000] {processor.py:743} INFO - Processing file /home/airflow/.local/lib/python3.7/site-packages/airflow/example_dags/example_task_group.py for tasks to queue
[2022-12-07T14:10:55.068+0000] {logging_mixin.py:137} INFO - [2022-12-07T14:10:55.068+0000] {dagbag.py:538} INFO - Filling up the DagBag from /home/airflow/.local/lib/python3.7/site-packages/airflow/example_dags/example_task_group.py
[2022-12-07T14:10:55.100+0000] {processor.py:753} INFO - DAG(s) dict_keys(['example_task_group']) retrieved from /home/airflow/.local/lib/python3.7/site-packages/airflow/example_dags/example_task_group.py
[2022-12-07T14:10:55.165+0000] {logging_mixin.py:137} INFO - [2022-12-07T14:10:55.165+0000] {dag.py:2676} INFO - Sync 1 DAGs
[2022-12-07T14:10:55.218+0000] {logging_mixin.py:137} INFO - [2022-12-07T14:10:55.215+0000] {dag.py:3427} INFO - Setting next_dagrun for example_task_group to 2022-12-06T14:10:55.215476+00:00, run_after=2022-12-07T14:10:55.215476+00:00
[2022-12-07T14:10:55.269+0000] {processor.py:175} INFO - Processing /home/airflow/.local/lib/python3.7/site-packages/airflow/example_dags/example_task_group.py took 0.216 seconds
[2022-12-07T14:11:25.541+0000] {processor.py:153} INFO - Started process (PID=970) to work on /home/airflow/.local/lib/python3.7/site-packages/airflow/example_dags/example_task_group.py
[2022-12-07T14:11:25.544+0000] {processor.py:743} INFO - Processing file /home/airflow/.local/lib/python3.7/site-packages/airflow/example_dags/example_task_group.py for tasks to queue
[2022-12-07T14:11:25.547+0000] {logging_mixin.py:137} INFO - [2022-12-07T14:11:25.547+0000] {dagbag.py:538} INFO - Filling up the DagBag from /home/airflow/.local/lib/python3.7/site-packages/airflow/example_dags/example_task_group.py
[2022-12-07T14:11:25.574+0000] {processor.py:753} INFO - DAG(s) dict_keys(['example_task_group']) retrieved from /home/airflow/.local/lib/python3.7/site-packages/airflow/example_dags/example_task_group.py
[2022-12-07T14:11:25.632+0000] {logging_mixin.py:137} INFO - [2022-12-07T14:11:25.632+0000] {dag.py:2676} INFO - Sync 1 DAGs
[2022-12-07T14:11:25.673+0000] {logging_mixin.py:137} INFO - [2022-12-07T14:11:25.672+0000] {dag.py:3427} INFO - Setting next_dagrun for example_task_group to 2022-12-06T14:11:25.672519+00:00, run_after=2022-12-07T14:11:25.672519+00:00
[2022-12-07T14:11:25.703+0000] {processor.py:175} INFO - Processing /home/airflow/.local/lib/python3.7/site-packages/airflow/example_dags/example_task_group.py took 0.168 seconds
[2022-12-07T14:11:55.881+0000] {processor.py:153} INFO - Started process (PID=1040) to work on /home/airflow/.local/lib/python3.7/site-packages/airflow/example_dags/example_task_group.py
[2022-12-07T14:11:55.884+0000] {processor.py:743} INFO - Processing file /home/airflow/.local/lib/python3.7/site-packages/airflow/example_dags/example_task_group.py for tasks to queue
[2022-12-07T14:11:55.886+0000] {logging_mixin.py:137} INFO - [2022-12-07T14:11:55.886+0000] {dagbag.py:538} INFO - Filling up the DagBag from /home/airflow/.local/lib/python3.7/site-packages/airflow/example_dags/example_task_group.py
[2022-12-07T14:11:55.915+0000] {processor.py:753} INFO - DAG(s) dict_keys(['example_task_group']) retrieved from /home/airflow/.local/lib/python3.7/site-packages/airflow/example_dags/example_task_group.py
[2022-12-07T14:11:55.990+0000] {logging_mixin.py:137} INFO - [2022-12-07T14:11:55.989+0000] {dag.py:2676} INFO - Sync 1 DAGs
[2022-12-07T14:11:56.036+0000] {logging_mixin.py:137} INFO - [2022-12-07T14:11:56.035+0000] {dag.py:3427} INFO - Setting next_dagrun for example_task_group to 2022-12-06T14:11:56.035605+00:00, run_after=2022-12-07T14:11:56.035605+00:00
[2022-12-07T14:11:56.067+0000] {processor.py:175} INFO - Processing /home/airflow/.local/lib/python3.7/site-packages/airflow/example_dags/example_task_group.py took 0.192 seconds
