[2023-02-16T10:57:11.808+0000] {taskinstance.py:1087} INFO - Dependencies all met for <TaskInstance: abcd.CONNECTION_SUCCESS manual__2023-02-16T10:57:08.997860+00:00 [queued]>
[2023-02-16T10:57:11.827+0000] {taskinstance.py:1087} INFO - Dependencies all met for <TaskInstance: abcd.CONNECTION_SUCCESS manual__2023-02-16T10:57:08.997860+00:00 [queued]>
[2023-02-16T10:57:11.829+0000] {taskinstance.py:1283} INFO - 
--------------------------------------------------------------------------------
[2023-02-16T10:57:11.830+0000] {taskinstance.py:1284} INFO - Starting attempt 1 of 2
[2023-02-16T10:57:11.832+0000] {taskinstance.py:1285} INFO - 
--------------------------------------------------------------------------------
[2023-02-16T10:57:11.856+0000] {taskinstance.py:1304} INFO - Executing <Task(PythonOperator): CONNECTION_SUCCESS> on 2023-02-16 10:57:08.997860+00:00
[2023-02-16T10:57:11.865+0000] {standard_task_runner.py:55} INFO - Started process 329 to run task
[2023-02-16T10:57:11.871+0000] {standard_task_runner.py:82} INFO - Running: ['***', 'tasks', 'run', 'abcd', 'CONNECTION_SUCCESS', 'manual__2023-02-16T10:57:08.997860+00:00', '--job-id', '111', '--raw', '--subdir', 'DAGS_FOLDER/dag_scrape_specific.py', '--cfg-path', '/tmp/tmpyykt5hl3']
[2023-02-16T10:57:11.873+0000] {standard_task_runner.py:83} INFO - Job 111: Subtask CONNECTION_SUCCESS
[2023-02-16T10:57:12.001+0000] {task_command.py:389} INFO - Running <TaskInstance: abcd.CONNECTION_SUCCESS manual__2023-02-16T10:57:08.997860+00:00 [running]> on host 55b685598511
[2023-02-16T10:57:12.127+0000] {taskinstance.py:1513} INFO - Exporting the following env vars:
AIRFLOW_CTX_DAG_EMAIL=test@test.com
AIRFLOW_CTX_DAG_OWNER=test
AIRFLOW_CTX_DAG_ID=abcd
AIRFLOW_CTX_TASK_ID=CONNECTION_SUCCESS
AIRFLOW_CTX_EXECUTION_DATE=2023-02-16T10:57:08.997860+00:00
AIRFLOW_CTX_TRY_NUMBER=1
AIRFLOW_CTX_DAG_RUN_ID=manual__2023-02-16T10:57:08.997860+00:00
[2023-02-16T10:57:12.130+0000] {logging_mixin.py:137} INFO - This is my Database : QAT_OFFSIDE
[2023-02-16T10:57:12.132+0000] {logging_mixin.py:137} INFO - 
 This my Schema : PUBLIC
[2023-02-16T10:57:12.133+0000] {logging_mixin.py:137} INFO - 
 Conection SUCCESS !!!! 
[2023-02-16T10:57:12.135+0000] {python.py:177} INFO - Done. Returned value was: None
[2023-02-16T10:57:12.155+0000] {taskinstance.py:1327} INFO - Marking task as SUCCESS. dag_id=abcd, task_id=CONNECTION_SUCCESS, execution_date=20230216T105708, start_date=20230216T105711, end_date=20230216T105712
[2023-02-16T10:57:12.204+0000] {local_task_job.py:159} INFO - Task exited with return code 0
