[2023-02-17T08:22:32.837+0000] {taskinstance.py:1087} INFO - Dependencies all met for <TaskInstance: dag_scrape_from_wiki.EXTRACTING_DATA manual__2023-02-17T08:22:26.707038+00:00 [queued]>
[2023-02-17T08:22:32.871+0000] {taskinstance.py:1087} INFO - Dependencies all met for <TaskInstance: dag_scrape_from_wiki.EXTRACTING_DATA manual__2023-02-17T08:22:26.707038+00:00 [queued]>
[2023-02-17T08:22:32.874+0000] {taskinstance.py:1283} INFO - 
--------------------------------------------------------------------------------
[2023-02-17T08:22:32.877+0000] {taskinstance.py:1284} INFO - Starting attempt 1 of 2
[2023-02-17T08:22:32.879+0000] {taskinstance.py:1285} INFO - 
--------------------------------------------------------------------------------
[2023-02-17T08:22:32.919+0000] {taskinstance.py:1304} INFO - Executing <Task(PythonOperator): EXTRACTING_DATA> on 2023-02-17 08:22:26.707038+00:00
[2023-02-17T08:22:32.946+0000] {standard_task_runner.py:55} INFO - Started process 250 to run task
[2023-02-17T08:22:32.953+0000] {standard_task_runner.py:82} INFO - Running: ['***', 'tasks', 'run', 'dag_scrape_from_wiki', 'EXTRACTING_DATA', 'manual__2023-02-17T08:22:26.707038+00:00', '--job-id', '135', '--raw', '--subdir', 'DAGS_FOLDER/dag_scrape_specific.py', '--cfg-path', '/tmp/tmpvk0oj59s']
[2023-02-17T08:22:32.958+0000] {standard_task_runner.py:83} INFO - Job 135: Subtask EXTRACTING_DATA
[2023-02-17T08:22:33.442+0000] {task_command.py:389} INFO - Running <TaskInstance: dag_scrape_from_wiki.EXTRACTING_DATA manual__2023-02-17T08:22:26.707038+00:00 [running]> on host 55b685598511
[2023-02-17T08:22:33.562+0000] {taskinstance.py:1513} INFO - Exporting the following env vars:
AIRFLOW_CTX_DAG_EMAIL=test@test.com
AIRFLOW_CTX_DAG_OWNER=test
AIRFLOW_CTX_DAG_ID=dag_scrape_from_wiki
AIRFLOW_CTX_TASK_ID=EXTRACTING_DATA
AIRFLOW_CTX_EXECUTION_DATE=2023-02-17T08:22:26.707038+00:00
AIRFLOW_CTX_TRY_NUMBER=1
AIRFLOW_CTX_DAG_RUN_ID=manual__2023-02-17T08:22:26.707038+00:00
[2023-02-17T08:22:41.375+0000] {connection.py:285} INFO - Snowflake Connector for Python Version: 3.0.0, Python Version: 3.7.15, Platform: Linux-5.15.49-linuxkit-x86_64-with-debian-11.5
[2023-02-17T08:22:41.378+0000] {connection.py:975} INFO - This connection is in OCSP Fail Open Mode. TLS Certificates would be checked for validity and revocation status. Any other Certificate Revocation related exceptions or OCSP Responder failures would be disregarded in favor of connectivity.
[2023-02-17T08:22:41.380+0000] {connection.py:992} INFO - Setting use_openssl_only mode to False
[2023-02-17T08:22:42.096+0000] {cursor.py:727} INFO - query: [select current_database(), current_schema();]
[2023-02-17T08:22:42.235+0000] {cursor.py:740} INFO - query execution done
[2023-02-17T08:22:42.238+0000] {cursor.py:879} INFO - Number of results in first chunk: 1
[2023-02-17T08:22:42.241+0000] {cursor.py:727} INFO - query: [ROLLBACK]
[2023-02-17T08:22:42.366+0000] {cursor.py:740} INFO - query execution done
[2023-02-17T08:22:42.368+0000] {cursor.py:879} INFO - Number of results in first chunk: 1
[2023-02-17T08:22:42.372+0000] {connection.py:285} INFO - Snowflake Connector for Python Version: 3.0.0, Python Version: 3.7.15, Platform: Linux-5.15.49-linuxkit-x86_64-with-debian-11.5
[2023-02-17T08:22:42.374+0000] {connection.py:975} INFO - This connection is in OCSP Fail Open Mode. TLS Certificates would be checked for validity and revocation status. Any other Certificate Revocation related exceptions or OCSP Responder failures would be disregarded in favor of connectivity.
[2023-02-17T08:22:42.933+0000] {cursor.py:727} INFO - query: [ROLLBACK]
[2023-02-17T08:22:43.049+0000] {cursor.py:740} INFO - query execution done
[2023-02-17T08:22:43.051+0000] {cursor.py:879} INFO - Number of results in first chunk: 1
[2023-02-17T08:22:43.053+0000] {cursor.py:727} INFO - query: [DESC TABLE /* sqlalchemy:_has_object */ test_wiki_dag]
[2023-02-17T08:22:43.227+0000] {cursor.py:740} INFO - query execution done
[2023-02-17T08:22:43.260+0000] {cursor.py:727} INFO - query: [ROLLBACK]
[2023-02-17T08:22:43.406+0000] {cursor.py:740} INFO - query execution done
[2023-02-17T08:22:43.409+0000] {cursor.py:879} INFO - Number of results in first chunk: 1
[2023-02-17T08:22:43.410+0000] {cursor.py:727} INFO - query: [ROLLBACK]
[2023-02-17T08:22:43.533+0000] {cursor.py:740} INFO - query execution done
[2023-02-17T08:22:43.535+0000] {cursor.py:879} INFO - Number of results in first chunk: 1
[2023-02-17T08:22:43.538+0000] {cursor.py:727} INFO - query: [CREATE TABLE test_wiki_dag ( "Award_Description" TEXT, "Winner" TEXT )]
[2023-02-17T08:22:43.825+0000] {cursor.py:740} INFO - query execution done
[2023-02-17T08:22:43.827+0000] {cursor.py:879} INFO - Number of results in first chunk: 1
[2023-02-17T08:22:43.829+0000] {cursor.py:727} INFO - query: [COMMIT]
[2023-02-17T08:22:43.953+0000] {cursor.py:740} INFO - query execution done
[2023-02-17T08:22:43.954+0000] {cursor.py:879} INFO - Number of results in first chunk: 1
[2023-02-17T08:22:43.956+0000] {cursor.py:727} INFO - query: [ROLLBACK]
[2023-02-17T08:22:44.105+0000] {cursor.py:740} INFO - query execution done
[2023-02-17T08:22:44.107+0000] {cursor.py:879} INFO - Number of results in first chunk: 1
[2023-02-17T08:22:44.110+0000] {cursor.py:727} INFO - query: [INSERT INTO test_wiki_dag ("Award_Description", "Winner") VALUES ('Golden Ball',...]
[2023-02-17T08:22:45.180+0000] {cursor.py:740} INFO - query execution done
[2023-02-17T08:22:45.183+0000] {cursor.py:727} INFO - query: [COMMIT]
[2023-02-17T08:22:45.451+0000] {cursor.py:740} INFO - query execution done
[2023-02-17T08:22:45.452+0000] {cursor.py:879} INFO - Number of results in first chunk: 1
[2023-02-17T08:22:45.453+0000] {cursor.py:727} INFO - query: [ROLLBACK]
[2023-02-17T08:22:45.593+0000] {cursor.py:740} INFO - query execution done
[2023-02-17T08:22:45.596+0000] {cursor.py:879} INFO - Number of results in first chunk: 1
[2023-02-17T08:22:45.598+0000] {cursor.py:727} INFO - query: [ROLLBACK]
[2023-02-17T08:22:45.709+0000] {cursor.py:740} INFO - query execution done
[2023-02-17T08:22:45.711+0000] {cursor.py:879} INFO - Number of results in first chunk: 1
[2023-02-17T08:22:45.712+0000] {connection.py:581} INFO - closed
[2023-02-17T08:22:45.797+0000] {connection.py:584} INFO - No async queries seem to be running, deleting session
[2023-02-17T08:22:45.954+0000] {connection.py:581} INFO - closed
[2023-02-17T08:22:46.037+0000] {connection.py:584} INFO - No async queries seem to be running, deleting session
[2023-02-17T08:22:46.202+0000] {python.py:177} INFO - Done. Returned value was: None
[2023-02-17T08:22:46.217+0000] {taskinstance.py:1327} INFO - Marking task as SUCCESS. dag_id=dag_scrape_from_wiki, task_id=EXTRACTING_DATA, execution_date=20230217T082226, start_date=20230217T082232, end_date=20230217T082246
[2023-02-17T08:22:46.289+0000] {local_task_job.py:159} INFO - Task exited with return code 0
[2023-02-17T08:22:46.312+0000] {taskinstance.py:2582} INFO - 0 downstream tasks scheduled from follow-on schedule check
